<?xml version="1.0" encoding="UTF-8"?>
<!-- Generated by org.testng.reporters.JUnitReportReporter -->
<testsuite hostname="BNPLYY2" failures="0" tests="1" name="Samsung_Galaxy_M51.Test9F" time="86.918" errors="0" timestamp="14 Feb 2022 11:14:36 GMT">
  <testcase classname="Samsung_Galaxy_M51.Test9F" name="frontPictureCapture" time="86.918"/>
</testsuite>
