<?xml version="1.0" encoding="UTF-8"?>
<!-- Generated by org.testng.reporters.JUnitReportReporter -->
<testsuite hostname="BNPLYY2" failures="0" tests="1" name="Samsung_Galaxy_M51.Test8" time="150.900" errors="0" timestamp="15 Feb 2022 06:03:03 GMT">
  <testcase classname="Samsung_Galaxy_M51.Test8" name="recordAudio" time="150.900"/>
</testsuite>
