<?xml version="1.0" encoding="UTF-8"?>
<!-- Generated by org.testng.reporters.JUnitReportReporter -->
<testsuite hostname="BNPLYY2" failures="0" tests="1" name="Samsung_Galaxy_M51.Test3" time="134.157" errors="0" timestamp="14 Feb 2022 10:37:27 GMT">
  <testcase classname="Samsung_Galaxy_M51.Test3" name="Format" time="134.157"/>
</testsuite>
