<?xml version="1.0" encoding="UTF-8"?>
<!-- Generated by org.testng.reporters.JUnitReportReporter -->
<testsuite hostname="BNPLYY2" failures="0" tests="1" name="Samsung_Galaxy_M51.Test0" time="28.426" errors="0" timestamp="21 Feb 2022 10:35:37 GMT">
  <testcase classname="Samsung_Galaxy_M51.Test0" name="start" time="28.426"/>
</testsuite>
