<?xml version="1.0" encoding="UTF-8"?>
<!-- Generated by org.testng.reporters.JUnitReportReporter -->
<testsuite hostname="SD-APPS-090" name="Realme_9_Pro_5G.Test3" tests="1" failures="0" timestamp="10 Jan 2023 12:42:15 GMT" time="298.209" errors="0">
  <testcase name="Format" time="298.209" classname="Realme_9_Pro_5G.Test3"/>
</testsuite>
