<?xml version="1.0" encoding="UTF-8"?>
<!-- Generated by org.testng.reporters.JUnitReportReporter -->
<testsuite hostname="SD-APPS-090" name="Realme_9_Pro_5G.Test0" tests="1" failures="0" timestamp="10 Jan 2023 12:42:15 GMT" time="546.924" errors="0">
  <testcase name="start" time="546.924" classname="Realme_9_Pro_5G.Test0"/>
</testsuite>
