<?xml version="1.0" encoding="UTF-8"?>
<!-- Generated by org.testng.reporters.JUnitReportReporter -->
<testsuite hostname="BNPLYY2" name="BlackView_Tab6_Kids.Test0" tests="1" failures="0" timestamp="1 Feb 2023 05:52:28 GMT" time="1014.564" errors="0">
  <testcase name="start" time="1014.564" classname="BlackView_Tab6_Kids.Test0"/>
</testsuite>
