<?xml version="1.0" encoding="UTF-8"?>
<!-- Generated by org.testng.reporters.JUnitReportReporter -->
<testsuite hostname="BNPLYY2" name="BlackView_Tab10.Test10F_Int" tests="1" failures="0" timestamp="24 Jan 2023 11:53:53 GMT" time="1153.903" errors="0">
  <testcase name="rearVideoRec" time="1153.903" classname="BlackView_Tab10.Test10F_Int"/>
</testsuite>
