<?xml version="1.0" encoding="UTF-8"?>
<!-- Generated by org.testng.reporters.JUnitReportReporter -->
<testsuite hostname="RPG-USB-APPS-383" name="Xiaomi_Redmi_10A_220233L2I.Test9F" tests="1" failures="0" timestamp="10 Jan 2023 16:31:38 GMT" time="2661.743" errors="0">
  <testcase name="frontPictureCapture" time="2661.743" classname="Xiaomi_Redmi_10A_220233L2I.Test9F"/>
</testsuite>
