<?xml version="1.0" encoding="UTF-8"?>
<!-- Generated by org.testng.reporters.JUnitReportReporter -->
<testsuite hostname="RPG-USB-APPS-383" name="Xiaomi_Redmi_10A_220233L2I.Test8" tests="1" failures="0" timestamp="10 Jan 2023 16:31:38 GMT" time="57.764" errors="0">
  <testcase name="recordAudio" time="57.764" classname="Xiaomi_Redmi_10A_220233L2I.Test8"/>
</testsuite>
