<?xml version="1.0" encoding="UTF-8"?>
<!-- Generated by org.testng.reporters.JUnitReportReporter -->
<testsuite hostname="RPG-USB-APPS-383" name="Xiaomi_Redmi_10A_220233L2I.Test10F" tests="1" failures="1" timestamp="10 Jan 2023 16:31:38 GMT" time="1294.413" errors="0">
  <testcase name="frontVideoRec" time="1294.413" classname="Xiaomi_Redmi_10A_220233L2I.Test10F">
    <failure type="org.openqa.selenium.NoSuchSessionException" message="The session identified by efceb38b-6a56-4a35-a1d7-8ceb04569732 is not known
Build info: version: &#039;3.141.59&#039;, revision: &#039;e82be7d358&#039;, time: &#039;2018-11-14T08:17:03&#039;
System info: host: &#039;RPG-USB-APPS-38&#039;, ip: &#039;10.65.145.50&#039;, os.name: &#039;Windows 10&#039;, os.arch: &#039;amd64&#039;, os.version: &#039;10.0&#039;, java.version: &#039;1.8.0_202&#039;
Driver info: io.appium.java_client.android.AndroidDriver
Capabilities {automationName: UiAutomator2, databaseEnabled: false, desired: {automationName: UiAutomator2, deviceName: Redmi 10A, newCommandTimeout: 1200, platformName: android, platformVersion: 11, udid: 6HHYPV7TKRDQCQ8H}, deviceApiLevel: 30, deviceManufacturer: Xiaomi, deviceModel: 220233L2I, deviceName: 6HHYPV7TKRDQCQ8H, deviceScreenDensity: 320, deviceScreenSize: 720x1600, deviceUDID: 6HHYPV7TKRDQCQ8H, javascriptEnabled: true, locationContextEnabled: false, networkConnectionEnabled: true, newCommandTimeout: 1200, pixelRatio: 2, platform: LINUX, platformName: Android, platformVersion: 11, statBarHeight: 55, takesScreenshot: true, udid: 6HHYPV7TKRDQCQ8H, viewportRect: {height: 1394, left: 0, top: 55, width: 720}, warnings: {}, webStorageEnabled: false}
Session ID: 267d579b-d417-4240-ba7b-f8f8531c59a0
*** Element info: {Using=xpath, value=//*[@resource-id=&#039;com.android.camera:id/v9_camera_picker_horizontal&#039;]}">
      <![CDATA[org.openqa.selenium.NoSuchSessionException: The session identified by efceb38b-6a56-4a35-a1d7-8ceb04569732 is not known
Build info: version: '3.141.59', revision: 'e82be7d358', time: '2018-11-14T08:17:03'
System info: host: 'RPG-USB-APPS-38', ip: '10.65.145.50', os.name: 'Windows 10', os.arch: 'amd64', os.version: '10.0', java.version: '1.8.0_202'
Driver info: io.appium.java_client.android.AndroidDriver
Capabilities {automationName: UiAutomator2, databaseEnabled: false, desired: {automationName: UiAutomator2, deviceName: Redmi 10A, newCommandTimeout: 1200, platformName: android, platformVersion: 11, udid: 6HHYPV7TKRDQCQ8H}, deviceApiLevel: 30, deviceManufacturer: Xiaomi, deviceModel: 220233L2I, deviceName: 6HHYPV7TKRDQCQ8H, deviceScreenDensity: 320, deviceScreenSize: 720x1600, deviceUDID: 6HHYPV7TKRDQCQ8H, javascriptEnabled: true, locationContextEnabled: false, networkConnectionEnabled: true, newCommandTimeout: 1200, pixelRatio: 2, platform: LINUX, platformName: Android, platformVersion: 11, statBarHeight: 55, takesScreenshot: true, udid: 6HHYPV7TKRDQCQ8H, viewportRect: {height: 1394, left: 0, top: 55, width: 720}, warnings: {}, webStorageEnabled: false}
Session ID: 267d579b-d417-4240-ba7b-f8f8531c59a0
*** Element info: {Using=xpath, value=//*[@resource-id='com.android.camera:id/v9_camera_picker_horizontal']}
	at sun.reflect.NativeConstructorAccessorImpl.newInstance0(Native Method)
	at sun.reflect.NativeConstructorAccessorImpl.newInstance(NativeConstructorAccessorImpl.java:62)
	at sun.reflect.DelegatingConstructorAccessorImpl.newInstance(DelegatingConstructorAccessorImpl.java:45)
	at java.lang.reflect.Constructor.newInstance(Constructor.java:423)
	at org.openqa.selenium.remote.http.W3CHttpResponseCodec.createException(W3CHttpResponseCodec.java:187)
	at org.openqa.selenium.remote.http.W3CHttpResponseCodec.decode(W3CHttpResponseCodec.java:122)
	at org.openqa.selenium.remote.http.W3CHttpResponseCodec.decode(W3CHttpResponseCodec.java:49)
	at org.openqa.selenium.remote.HttpCommandExecutor.execute(HttpCommandExecutor.java:158)
	at io.appium.java_client.remote.AppiumCommandExecutor.execute(AppiumCommandExecutor.java:239)
	at org.openqa.selenium.remote.RemoteWebDriver.execute(RemoteWebDriver.java:552)
	at io.appium.java_client.DefaultGenericMobileDriver.execute(DefaultGenericMobileDriver.java:42)
	at io.appium.java_client.AppiumDriver.execute(AppiumDriver.java:1)
	at io.appium.java_client.android.AndroidDriver.execute(AndroidDriver.java:1)
	at org.openqa.selenium.remote.RemoteWebDriver.findElement(RemoteWebDriver.java:323)
	at io.appium.java_client.DefaultGenericMobileDriver.findElement(DefaultGenericMobileDriver.java:62)
	at io.appium.java_client.AppiumDriver.findElement(AppiumDriver.java:1)
	at io.appium.java_client.android.AndroidDriver.findElement(AndroidDriver.java:1)
	at org.openqa.selenium.remote.RemoteWebDriver.findElementByXPath(RemoteWebDriver.java:428)
	at io.appium.java_client.DefaultGenericMobileDriver.findElementByXPath(DefaultGenericMobileDriver.java:152)
	at io.appium.java_client.AppiumDriver.findElementByXPath(AppiumDriver.java:1)
	at io.appium.java_client.android.AndroidDriver.findElementByXPath(AndroidDriver.java:1)
	at org.openqa.selenium.By$ByXPath.findElement(By.java:353)
	at org.openqa.selenium.remote.RemoteWebDriver.findElement(RemoteWebDriver.java:315)
	at io.appium.java_client.DefaultGenericMobileDriver.findElement(DefaultGenericMobileDriver.java:58)
	at io.appium.java_client.AppiumDriver.findElement(AppiumDriver.java:1)
	at io.appium.java_client.android.AndroidDriver.findElement(AndroidDriver.java:1)
	at Xiaomi_Redmi_10A_220233L2I.Test10F.frontVideoRec(Test10F.java:371)
	at sun.reflect.NativeMethodAccessorImpl.invoke0(Native Method)
	at sun.reflect.NativeMethodAccessorImpl.invoke(NativeMethodAccessorImpl.java:62)
	at sun.reflect.DelegatingMethodAccessorImpl.invoke(DelegatingMethodAccessorImpl.java:43)
	at java.lang.reflect.Method.invoke(Method.java:498)
	at org.testng.internal.MethodInvocationHelper.invokeMethod(MethodInvocationHelper.java:80)
	at org.testng.internal.Invoker.invokeMethod(Invoker.java:673)
	at org.testng.internal.Invoker.invokeTestMethod(Invoker.java:842)
	at org.testng.internal.Invoker.invokeTestMethods(Invoker.java:1166)
	at org.testng.internal.TestMethodWorker.invokeTestMethods(TestMethodWorker.java:125)
	at org.testng.internal.TestMethodWorker.run(TestMethodWorker.java:109)
	at org.testng.TestRunner.runWorkers(TestRunner.java:1178)
	at org.testng.TestRunner.privateRun(TestRunner.java:757)
	at org.testng.TestRunner.run(TestRunner.java:608)
	at org.testng.SuiteRunner.runTest(SuiteRunner.java:334)
	at org.testng.SuiteRunner.runSequentially(SuiteRunner.java:329)
	at org.testng.SuiteRunner.privateRun(SuiteRunner.java:291)
	at org.testng.SuiteRunner.run(SuiteRunner.java:240)
	at org.testng.SuiteRunnerWorker.runSuite(SuiteRunnerWorker.java:52)
	at org.testng.SuiteRunnerWorker.run(SuiteRunnerWorker.java:86)
	at org.testng.TestNG.runSuitesSequentially(TestNG.java:1158)
	at org.testng.TestNG.runSuitesSequentially(TestNG.java:1154)
	at org.testng.TestNG.runSuitesLocally(TestNG.java:1083)
	at org.testng.TestNG.run(TestNG.java:999)
	at org.apache.maven.surefire.testng.TestNGExecutor.run(TestNGExecutor.java:284)
	at org.apache.maven.surefire.testng.TestNGXmlTestSuite.execute(TestNGXmlTestSuite.java:75)
	at org.apache.maven.surefire.testng.TestNGProvider.invoke(TestNGProvider.java:119)
	at org.apache.maven.surefire.booter.ForkedBooter.runSuitesInProcess(ForkedBooter.java:428)
	at org.apache.maven.surefire.booter.ForkedBooter.execute(ForkedBooter.java:162)
	at org.apache.maven.surefire.booter.ForkedBooter.run(ForkedBooter.java:562)
	at org.apache.maven.surefire.booter.ForkedBooter.main(ForkedBooter.java:548)
]]>
    </failure>
  </testcase>
</testsuite>
