<?xml version="1.0" encoding="UTF-8"?>
<!-- Generated by org.testng.reporters.JUnitReportReporter -->
<testsuite hostname="SD-APPS-201" name="Realme_C31_RMX3501.Test0_Int" tests="1" failures="0" timestamp="16 Feb 2023 15:57:23 GMT" time="184.298" errors="0">
  <testcase name="start" time="184.298" classname="Realme_C31_RMX3501.Test0_Int"/>
</testsuite>
