<?xml version="1.0" encoding="UTF-8"?>
<!-- Generated by org.testng.reporters.JUnitReportReporter -->
<testsuite hostname="SD-APPS-201" name="Realme_C31_RMX3501.Test10F_Int" tests="1" failures="0" timestamp="16 Feb 2023 15:57:23 GMT" time="2315.229" errors="0">
  <testcase name="frontVideoRec" time="2315.229" classname="Realme_C31_RMX3501.Test10F_Int"/>
</testsuite>
