<?xml version="1.0" encoding="UTF-8"?>
<!-- Generated by org.testng.reporters.JUnitReportReporter -->
<testsuite hostname="SD-APPS-090" name="TecnoSpark_8C_KG5K.Test9F" tests="1" failures="0" timestamp="2 Jan 2023 09:53:31 GMT" time="1933.888" errors="0">
  <testcase name="FrontPictureCapture" time="1933.888" classname="TecnoSpark_8C_KG5K.Test9F"/>
</testsuite>
