<?xml version="1.0" encoding="UTF-8"?>
<!-- Generated by org.testng.reporters.JUnitReportReporter -->
<testsuite hostname="SD-APPS-090" name="TecnoSpark_8C_KG5K.Test10F" tests="1" failures="0" timestamp="2 Jan 2023 09:53:31 GMT" time="2187.842" errors="0">
  <testcase name="frontVideoRec" time="2187.842" classname="TecnoSpark_8C_KG5K.Test10F"/>
</testsuite>
