<?xml version="1.0" encoding="UTF-8"?>
<!-- Generated by org.testng.reporters.JUnitReportReporter -->
<testsuite hostname="BNPLYY2" name="AlldoCube_Smile_X.Test9F_Int" tests="1" failures="0" timestamp="13 Mar 2023 09:24:33 GMT" time="377.626" errors="0">
  <testcase name="RearPictureCapture" time="377.626" classname="AlldoCube_Smile_X.Test9F_Int"/>
</testsuite>
