<?xml version="1.0" encoding="UTF-8"?>
<!-- Generated by org.testng.reporters.JUnitReportReporter -->
<testsuite hostname="SD-APPS-201" name="Motorola_Moto_E40_XT21593.Test10F_Int" tests="1" failures="0" timestamp="20 Mar 2023 08:43:42 GMT" time="1773.871" errors="0">
  <testcase name="rearVideoRec" time="1773.871" classname="Motorola_Moto_E40_XT21593.Test10F_Int"/>
</testsuite>
