<?xml version="1.0" encoding="UTF-8"?>
<!-- Generated by org.testng.reporters.JUnitReportReporter -->
<testsuite hostname="SD-APPS-201" name="Motorola_Moto_E40_XT21593.Test0_Int" tests="1" failures="0" timestamp="20 Mar 2023 08:43:42 GMT" time="1150.207" errors="0">
  <testcase name="start" time="1150.207" classname="Motorola_Moto_E40_XT21593.Test0_Int"/>
</testsuite>
