<?xml version="1.0" encoding="UTF-8"?>
<!-- Generated by org.testng.reporters.JUnitReportReporter -->
<testsuite hostname="SD-APPS-201" name="Motorola_Moto_E40_XT21593.Test18_Int" tests="1" failures="0" timestamp="20 Mar 2023 08:43:42 GMT" time="798.844" errors="0">
  <testcase name="CopyPaste" time="798.844" classname="Motorola_Moto_E40_XT21593.Test18_Int"/>
</testsuite>
