<?xml version="1.0" encoding="UTF-8"?>
<!-- Generated by org.testng.reporters.JUnitReportReporter -->
<testsuite hostname="SD-APPS-090" name="Asus_Zenfone_8_Flip.Test10F" tests="1" failures="0" timestamp="13 Jan 2023 08:39:46 GMT" time="2850.805" errors="0">
  <testcase name="frontVideoRec" time="2850.805" classname="Asus_Zenfone_8_Flip.Test10F"/>
</testsuite>
