<?xml version="1.0" encoding="UTF-8"?>
<!-- Generated by org.testng.reporters.JUnitReportReporter -->
<testsuite hostname="SD-APPS-090" name="Asus_Zenfone_8_Flip.Test18" tests="1" failures="0" timestamp="13 Jan 2023 08:39:46 GMT" time="1036.218" errors="0">
  <testcase name="CopyPaste" time="1036.218" classname="Asus_Zenfone_8_Flip.Test18"/>
</testsuite>
