<?xml version="1.0" encoding="UTF-8"?>
<!-- Generated by org.testng.reporters.JUnitReportReporter -->
<testsuite hostname="5CG01821WY" name="Nokia_G10.Test9F" tests="1" failures="0" timestamp="18 Jul 2023 07:12:07 GMT" time="476.219" errors="0">
  <testcase name="FrontPictureCapture" time="476.219" classname="Nokia_G10.Test9F"/>
</testsuite>
