<?xml version="1.0" encoding="UTF-8"?>
<!-- Generated by org.testng.reporters.JUnitReportReporter -->
<testsuite hostname="SD-APPS-201" name="BLU_G71_Plus.Test10F" tests="1" failures="0" timestamp="16 Mar 2023 09:53:15 GMT" time="2262.575" errors="0">
  <testcase name="frontVideoRec" time="2262.575" classname="BLU_G71_Plus.Test10F"/>
</testsuite>
