<?xml version="1.0" encoding="UTF-8"?>
<!-- Generated by org.testng.reporters.JUnitReportReporter -->
<testsuite hostname="SD-APPS-201" name="BLU_G71_Plus.Test3" tests="1" failures="0" timestamp="16 Mar 2023 09:53:15 GMT" time="199.804" errors="0">
  <testcase name="Format" time="199.804" classname="BLU_G71_Plus.Test3"/>
</testsuite>
