<?xml version="1.0" encoding="UTF-8"?>
<!-- Generated by org.testng.reporters.JUnitReportReporter -->
<testsuite hostname="SD-APPS-090" name="ZTE_Axon30_5G_ZTE_A2322G.Test10F" tests="1" failures="0" timestamp="15 Dec 2022 17:14:59 GMT" time="1566.763" errors="0">
  <testcase name="frontVideoRec" time="1566.763" classname="ZTE_Axon30_5G_ZTE_A2322G.Test10F"/>
</testsuite>
