<?xml version="1.0" encoding="UTF-8"?>
<!-- Generated by org.testng.reporters.JUnitReportReporter -->
<testsuite hostname="SD-APPS-090" name="ZTE_Axon30_5G_ZTE_A2322G.Test10" tests="1" failures="0" timestamp="15 Dec 2022 17:14:59 GMT" time="2218.200" errors="0">
  <testcase name="rearVideoRec" time="2218.200" classname="ZTE_Axon30_5G_ZTE_A2322G.Test10"/>
</testsuite>
