<?xml version="1.0" encoding="UTF-8"?>
<!-- Generated by org.testng.reporters.JUnitReportReporter -->
<testsuite hostname="SD-APPS-090" name="Doogee_S89.Test8_Int" tests="1" failures="0" timestamp="24 Feb 2023 13:49:23 GMT" time="604.981" errors="0">
  <testcase name="recordAudio" time="604.981" classname="Doogee_S89.Test8_Int"/>
</testsuite>
