<?xml version="1.0" encoding="UTF-8"?>
<!-- Generated by org.testng.reporters.JUnitReportReporter -->
<testsuite hostname="SD-APPS-090" name="Doogee_S89.Test3_Int" tests="1" failures="0" timestamp="24 Feb 2023 13:49:23 GMT" time="534.430" errors="0">
  <testcase name="Format" time="534.430" classname="Doogee_S89.Test3_Int"/>
</testsuite>
