<?xml version="1.0" encoding="UTF-8"?>
<!-- Generated by org.testng.reporters.JUnitReportReporter -->
<testsuite hostname="SD-APPS-090" name="Micromax_IN_2b_E7544.Test9F" tests="1" failures="0" timestamp="22 Feb 2023 10:13:39 GMT" time="1621.185" errors="0">
  <testcase name="FrontPictureCapture" time="1621.185" classname="Micromax_IN_2b_E7544.Test9F"/>
</testsuite>
