<?xml version="1.0" encoding="UTF-8"?>
<!-- Generated by org.testng.reporters.JUnitReportReporter -->
<testsuite hostname="SD-APPS-200" name="Samsung_Galaxy_M33_SMM336BVDS.Test0" tests="1" failures="0" timestamp="13 Jan 2023 11:16:10 GMT" time="1004.960" errors="0">
  <testcase name="start" time="1004.960" classname="Samsung_Galaxy_M33_SMM336BVDS.Test0"/>
</testsuite>
