<?xml version="1.0" encoding="UTF-8"?>
<!-- Generated by org.testng.reporters.JUnitReportReporter -->
<testsuite hostname="5CG2148T4G" name="Infinix_Note10_Pro.Test3_Int" tests="1" failures="0" timestamp="23 Jan 2023 14:20:52 GMT" time="108.042" errors="0">
  <testcase name="Format" time="108.042" classname="Infinix_Note10_Pro.Test3_Int"/>
</testsuite>
