<?xml version="1.0" encoding="UTF-8"?>
<!-- Generated by org.testng.reporters.JUnitReportReporter -->
<testsuite hostname="FJVQ4M2" name="Moto_G60.Test9F" tests="1" failures="0" timestamp="4 Oct 2022 10:31:16 GMT" time="1094.080" errors="0">
  <testcase name="frontPictureCapture" time="1094.080" classname="Moto_G60.Test9F"/>
</testsuite>
