<?xml version="1.0" encoding="UTF-8"?>
<!-- Generated by org.testng.reporters.JUnitReportReporter -->
<testsuite hostname="BNPLYY2" name="BlackView_Tab6.Test8_Int" tests="1" failures="0" timestamp="30 Jan 2023 08:56:59 GMT" time="223.695" errors="0">
  <testcase name="recordAudio" time="223.695" classname="BlackView_Tab6.Test8_Int"/>
</testsuite>
