<?xml version="1.0" encoding="UTF-8"?>
<!-- Generated by org.testng.reporters.JUnitReportReporter -->
<testsuite hostname="SD-APPS-200" name="Samsung_Galaxy_M52.Test8" tests="1" failures="0" timestamp="11 Jan 2023 09:07:28 GMT" time="605.274" errors="0">
  <testcase name="recordAudio" time="605.274" classname="Samsung_Galaxy_M52.Test8"/>
</testsuite>
