<?xml version="1.0" encoding="UTF-8"?>
<!-- Generated by org.testng.reporters.JUnitReportReporter -->
<testsuite hostname="SD-APPS-200" name="Samsung_Galaxy_M52.Test0" tests="1" failures="0" timestamp="11 Jan 2023 09:07:28 GMT" time="960.717" errors="0">
  <testcase name="start" time="960.717" classname="Samsung_Galaxy_M52.Test0"/>
</testsuite>
