<?xml version="1.0" encoding="UTF-8"?>
<!-- Generated by org.testng.reporters.JUnitReportReporter -->
<testsuite hostname="SD-APPS-200" name="Samsung_Galaxy_M52.Test10F" tests="1" failures="0" timestamp="11 Jan 2023 09:07:28 GMT" time="1989.677" errors="0">
  <testcase name="rearVideoRec" time="1989.677" classname="Samsung_Galaxy_M52.Test10F"/>
</testsuite>
