<?xml version="1.0" encoding="UTF-8"?>
<!-- Generated by org.testng.reporters.JUnitReportReporter -->
<testsuite hostname="SD-APPS-200" name="Samsung_Galaxy_M52.Test9" tests="1" failures="0" timestamp="11 Jan 2023 09:07:28 GMT" time="2783.892" errors="0">
  <testcase name="RearPictureCapture" time="2783.892" classname="Samsung_Galaxy_M52.Test9"/>
</testsuite>
