<?xml version="1.0" encoding="UTF-8"?>
<!-- Generated by org.testng.reporters.JUnitReportReporter -->
<testsuite hostname="SD-APPS-090" name="Oukitel_C25.Test9_Int" tests="1" failures="0" timestamp="20 Feb 2023 09:48:24 GMT" time="2668.945" errors="0">
  <testcase name="RearPictureCapture" time="2668.945" classname="Oukitel_C25.Test9_Int"/>
</testsuite>
