<?xml version="1.0" encoding="UTF-8"?>
<!-- Generated by org.testng.reporters.JUnitReportReporter -->
<testsuite hostname="SD-APPS-090" name="Oukitel_C25.Test10_Int" tests="1" failures="0" timestamp="20 Feb 2023 09:48:24 GMT" time="2372.994" errors="0">
  <testcase name="rearVideoRec" time="2372.994" classname="Oukitel_C25.Test10_Int"/>
</testsuite>
