<?xml version="1.0" encoding="UTF-8"?>
<!-- Generated by org.testng.reporters.JUnitReportReporter -->
<testsuite hostname="SD-APPS-090" name="Oukitel_C25.Test10F_Int" tests="1" failures="0" timestamp="20 Feb 2023 09:48:24 GMT" time="2251.461" errors="0">
  <testcase name="frontVideoRec" time="2251.461" classname="Oukitel_C25.Test10F_Int"/>
</testsuite>
