<?xml version="1.0" encoding="UTF-8"?>
<!-- Generated by org.testng.reporters.JUnitReportReporter -->
<testsuite hostname="SD-APPS-090" name="Realme_8s_5G_RMX3381.Test0" tests="1" failures="0" timestamp="12 Jan 2023 05:28:28 GMT" time="1112.638" errors="0">
  <testcase name="start" time="1112.638" classname="Realme_8s_5G_RMX3381.Test0"/>
</testsuite>
