<?xml version="1.0" encoding="UTF-8"?>
<!-- Generated by org.testng.reporters.JUnitReportReporter -->
<testsuite hostname="SD-APPS-090" name="Realme_8s_5G_RMX3381.Test8" tests="1" failures="0" timestamp="12 Jan 2023 05:28:28 GMT" time="38.309" errors="0">
  <testcase name="recordAudio" time="38.309" classname="Realme_8s_5G_RMX3381.Test8"/>
</testsuite>
