<?xml version="1.0" encoding="UTF-8"?>
<!-- Generated by org.testng.reporters.JUnitReportReporter -->
<testsuite hostname="BNPLYY2" name="Samsung_GalaxyA22.Test10F" tests="1" failures="0" timestamp="14 Oct 2022 14:31:15 GMT" time="808.535" errors="0">
  <testcase name="rearVideoRec" time="808.535" classname="Samsung_GalaxyA22.Test10F"/>
</testsuite>
