<?xml version="1.0" encoding="UTF-8"?>
<!-- Generated by org.testng.reporters.JUnitReportReporter -->
<testsuite hostname="SD-APPS-090" name="Lava_X2_LE000Z93P.Test0_Int" tests="1" failures="0" timestamp="15 Mar 2023 08:18:52 GMT" time="239.495" errors="0">
  <testcase name="start" time="239.495" classname="Lava_X2_LE000Z93P.Test0_Int"/>
</testsuite>
