<?xml version="1.0" encoding="UTF-8"?>
<!-- Generated by org.testng.reporters.JUnitReportReporter -->
<testsuite hostname="SD-APPS-090" name="Lava_X2_LE000Z93P.Test9F_Int" tests="1" failures="0" timestamp="15 Mar 2023 08:18:52 GMT" time="2869.002" errors="0">
  <testcase name="FrontPictureCapture" time="2869.002" classname="Lava_X2_LE000Z93P.Test9F_Int"/>
</testsuite>
