<?xml version="1.0" encoding="UTF-8"?>
<!-- Generated by org.testng.reporters.JUnitReportReporter -->
<testsuite hostname="5CG01821WY" name="Nokia_5_3.Test3" tests="1" failures="0" timestamp="18 Jul 2023 04:52:40 GMT" time="456.899" errors="0">
  <testcase name="Format" time="456.899" classname="Nokia_5_3.Test3"/>
</testsuite>
