<?xml version="1.0" encoding="UTF-8"?>
<!-- Generated by org.testng.reporters.JUnitReportReporter -->
<testsuite hostname="SD-APPS-201" name="BLU_G91_Pro.Test9_Int" tests="1" failures="0" timestamp="10 Mar 2023 16:18:43 GMT" time="2516.715" errors="0">
  <testcase name="RearPictureCapture" time="2516.715" classname="BLU_G91_Pro.Test9_Int"/>
</testsuite>
