<?xml version="1.0" encoding="UTF-8"?>
<!-- Generated by org.testng.reporters.JUnitReportReporter -->
<testsuite hostname="SD-APPS-201" name="BLU_G91_Pro.Test18_Int" tests="1" failures="0" timestamp="10 Mar 2023 16:18:43 GMT" time="777.487" errors="0">
  <testcase name="CopyPaste" time="777.487" classname="BLU_G91_Pro.Test18_Int"/>
</testsuite>
