<?xml version="1.0" encoding="UTF-8"?>
<!-- Generated by org.testng.reporters.JUnitReportReporter -->
<testsuite hostname="SD-APPS-201" name="BLU_G91_Pro.Test8_Int" tests="1" failures="0" timestamp="10 Mar 2023 16:18:43 GMT" time="571.881" errors="0">
  <testcase name="recordAudio" time="571.881" classname="BLU_G91_Pro.Test8_Int"/>
</testsuite>
