<?xml version="1.0" encoding="UTF-8"?>
<!-- Generated by org.testng.reporters.JUnitReportReporter -->
<testsuite hostname="SD-APPS-201" name="BLU_G91_Pro.Test0_Int" tests="1" failures="0" timestamp="10 Mar 2023 16:18:43 GMT" time="232.256" errors="0">
  <testcase name="start" time="232.256" classname="BLU_G91_Pro.Test0_Int"/>
</testsuite>
