<?xml version="1.0" encoding="UTF-8"?>
<!-- Generated by org.testng.reporters.JUnitReportReporter -->
<testsuite hostname="SD-APPS-201" name="BLU_G91_Pro.Test10F_Int" tests="1" failures="0" timestamp="10 Mar 2023 16:18:43 GMT" time="3012.822" errors="0">
  <testcase name="rearVideoRec" time="3012.822" classname="BLU_G91_Pro.Test10F_Int"/>
</testsuite>
