<?xml version="1.0" encoding="UTF-8"?>
<!-- Generated by org.testng.reporters.JUnitReportReporter -->
<testsuite hostname="SD-APPS-090" name="Samsung_Galaxy_Quantum2.Test8" tests="1" failures="0" timestamp="14 Oct 2022 11:54:26 GMT" time="623.451" errors="0">
  <testcase name="recordAudio" time="623.451" classname="Samsung_Galaxy_Quantum2.Test8"/>
</testsuite>
