<?xml version="1.0" encoding="UTF-8"?>
<!-- Generated by org.testng.reporters.JUnitReportReporter -->
<testsuite hostname="SD-APPS-090" name="Samsung_Galaxy_Quantum2.Test0" tests="1" failures="0" timestamp="14 Oct 2022 11:54:26 GMT" time="1006.250" errors="0">
  <testcase name="start" time="1006.250" classname="Samsung_Galaxy_Quantum2.Test0"/>
</testsuite>
