<?xml version="1.0" encoding="UTF-8"?>
<!-- Generated by org.testng.reporters.JUnitReportReporter -->
<testsuite hostname="SD-APPS-090" name="Samsung_Galaxy_Quantum2.Test9F" tests="1" failures="0" timestamp="14 Oct 2022 11:54:26 GMT" time="1248.824" errors="0">
  <testcase name="frontPictureCapture" time="1248.824" classname="Samsung_Galaxy_Quantum2.Test9F"/>
</testsuite>
