<?xml version="1.0" encoding="UTF-8"?>
<!-- Generated by org.testng.reporters.JUnitReportReporter -->
<testsuite hostname="SD-APPS-090" name="Samsung_Galaxy_Quantum2.Test10F" tests="1" failures="0" timestamp="14 Oct 2022 11:54:26 GMT" time="2085.709" errors="0">
  <testcase name="rearVideoRec" time="2085.709" classname="Samsung_Galaxy_Quantum2.Test10F"/>
</testsuite>
