<?xml version="1.0" encoding="UTF-8"?>
<!-- Generated by org.testng.reporters.JUnitReportReporter -->
<testsuite hostname="SD-APPS-090" name="Oukitel_K9_Pro.Test18_Int" tests="1" failures="0" timestamp="24 Feb 2023 14:02:17 GMT" time="795.701" errors="0">
  <testcase name="CopyPaste" time="795.701" classname="Oukitel_K9_Pro.Test18_Int"/>
</testsuite>
