<?xml version="1.0" encoding="UTF-8"?>
<!-- Generated by org.testng.reporters.JUnitReportReporter -->
<testsuite hostname="SD-APPS-090" name="Oukitel_K9_Pro.Test3_Int" tests="1" failures="0" timestamp="24 Feb 2023 14:02:17 GMT" time="457.624" errors="0">
  <testcase name="Format" time="457.624" classname="Oukitel_K9_Pro.Test3_Int"/>
</testsuite>
