<?xml version="1.0" encoding="UTF-8"?>
<testsuite xmlns:xsi="http://www.w3.org/2001/XMLSchema-instance" xsi:noNamespaceSchemaLocation="https://maven.apache.org/surefire/maven-surefire-plugin/xsd/surefire-test-report-3.0.xsd" version="3.0" name="TestSuite" time="1,472.743" tests="2" errors="0" skipped="0" failures="0">
  <properties>
    <property name="sun.desktop" value="windows"/>
    <property name="awt.toolkit" value="sun.awt.windows.WToolkit"/>
    <property name="fileName" value="testngMain_Int.xml"/>
    <property name="java.specification.version" value="1.8"/>
    <property name="file.encoding.pkg" value="sun.io"/>
    <property name="totalPictureCountRear" value="6"/>
    <property name="sun.cpu.isalist" value="amd64"/>
    <property name="totalPictureCountFront" value="6"/>
    <property name="sun.jnu.encoding" value="Cp1252"/>
    <property name="java.class.path" value="C:\Users\7336135\Android11\eclipse-workspace\Realme_Pad_Mini_RMP2106\target\test-classes;C:\Users\7336135\Android11\eclipse-workspace\Realme_Pad_Mini_RMP2106\target\classes;C:\Users\7336135\.m2\repository\org\seleniumhq\selenium\selenium-java\3.141.59\selenium-java-3.141.59.jar;C:\Users\7336135\.m2\repository\org\seleniumhq\selenium\selenium-api\3.141.59\selenium-api-3.141.59.jar;C:\Users\7336135\.m2\repository\org\seleniumhq\selenium\selenium-chrome-driver\3.141.59\selenium-chrome-driver-3.141.59.jar;C:\Users\7336135\.m2\repository\org\seleniumhq\selenium\selenium-edge-driver\3.141.59\selenium-edge-driver-3.141.59.jar;C:\Users\7336135\.m2\repository\org\seleniumhq\selenium\selenium-firefox-driver\3.141.59\selenium-firefox-driver-3.141.59.jar;C:\Users\7336135\.m2\repository\org\seleniumhq\selenium\selenium-ie-driver\3.141.59\selenium-ie-driver-3.141.59.jar;C:\Users\7336135\.m2\repository\org\seleniumhq\selenium\selenium-opera-driver\3.141.59\selenium-opera-driver-3.141.59.jar;C:\Users\7336135\.m2\repository\org\seleniumhq\selenium\selenium-remote-driver\3.141.59\selenium-remote-driver-3.141.59.jar;C:\Users\7336135\.m2\repository\org\seleniumhq\selenium\selenium-safari-driver\3.141.59\selenium-safari-driver-3.141.59.jar;C:\Users\7336135\.m2\repository\org\seleniumhq\selenium\selenium-support\3.141.59\selenium-support-3.141.59.jar;C:\Users\7336135\.m2\repository\net\bytebuddy\byte-buddy\1.8.15\byte-buddy-1.8.15.jar;C:\Users\7336135\.m2\repository\org\apache\commons\commons-exec\1.3\commons-exec-1.3.jar;C:\Users\7336135\.m2\repository\com\google\guava\guava\25.0-jre\guava-25.0-jre.jar;C:\Users\7336135\.m2\repository\com\google\code\findbugs\jsr305\1.3.9\jsr305-1.3.9.jar;C:\Users\7336135\.m2\repository\org\checkerframework\checker-compat-qual\2.0.0\checker-compat-qual-2.0.0.jar;C:\Users\7336135\.m2\repository\com\google\errorprone\error_prone_annotations\2.1.3\error_prone_annotations-2.1.3.jar;C:\Users\7336135\.m2\repository\com\google\j2objc\j2objc-annotations\1.1\j2objc-annotations-1.1.jar;C:\Users\7336135\.m2\repository\org\codehaus\mojo\animal-sniffer-annotations\1.14\animal-sniffer-annotations-1.14.jar;C:\Users\7336135\.m2\repository\com\squareup\okhttp3\okhttp\3.11.0\okhttp-3.11.0.jar;C:\Users\7336135\.m2\repository\com\squareup\okio\okio\1.14.0\okio-1.14.0.jar;C:\Users\7336135\.m2\repository\org\seleniumhq\selenium\selenium-android-driver\2.39.0\selenium-android-driver-2.39.0.jar;C:\Users\7336135\.m2\repository\io\appium\java-client\7.0.0\java-client-7.0.0.jar;C:\Users\7336135\.m2\repository\com\google\code\gson\gson\2.8.5\gson-2.8.5.jar;C:\Users\7336135\.m2\repository\org\apache\httpcomponents\httpclient\4.5.6\httpclient-4.5.6.jar;C:\Users\7336135\.m2\repository\org\apache\httpcomponents\httpcore\4.4.10\httpcore-4.4.10.jar;C:\Users\7336135\.m2\repository\commons-logging\commons-logging\1.2\commons-logging-1.2.jar;C:\Users\7336135\.m2\repository\commons-codec\commons-codec\1.10\commons-codec-1.10.jar;C:\Users\7336135\.m2\repository\cglib\cglib\3.2.8\cglib-3.2.8.jar;C:\Users\7336135\.m2\repository\org\ow2\asm\asm\6.2.1\asm-6.2.1.jar;C:\Users\7336135\.m2\repository\org\apache\ant\ant\1.10.3\ant-1.10.3.jar;C:\Users\7336135\.m2\repository\org\apache\ant\ant-launcher\1.10.3\ant-launcher-1.10.3.jar;C:\Users\7336135\.m2\repository\commons-validator\commons-validator\1.6\commons-validator-1.6.jar;C:\Users\7336135\.m2\repository\commons-beanutils\commons-beanutils\1.9.2\commons-beanutils-1.9.2.jar;C:\Users\7336135\.m2\repository\commons-digester\commons-digester\1.8.1\commons-digester-1.8.1.jar;C:\Users\7336135\.m2\repository\commons-collections\commons-collections\3.2.2\commons-collections-3.2.2.jar;C:\Users\7336135\.m2\repository\org\apache\commons\commons-lang3\3.8\commons-lang3-3.8.jar;C:\Users\7336135\.m2\repository\commons-io\commons-io\2.6\commons-io-2.6.jar;C:\Users\7336135\.m2\repository\org\springframework\spring-context\5.1.0.RELEASE\spring-context-5.1.0.RELEASE.jar;C:\Users\7336135\.m2\repository\org\springframework\spring-aop\5.1.0.RELEASE\spring-aop-5.1.0.RELEASE.jar;C:\Users\7336135\.m2\repository\org\springframework\spring-beans\5.1.0.RELEASE\spring-beans-5.1.0.RELEASE.jar;C:\Users\7336135\.m2\repository\org\springframework\spring-core\5.1.0.RELEASE\spring-core-5.1.0.RELEASE.jar;C:\Users\7336135\.m2\repository\org\springframework\spring-jcl\5.1.0.RELEASE\spring-jcl-5.1.0.RELEASE.jar;C:\Users\7336135\.m2\repository\org\springframework\spring-expression\5.1.0.RELEASE\spring-expression-5.1.0.RELEASE.jar;C:\Users\7336135\.m2\repository\org\aspectj\aspectjweaver\1.9.1\aspectjweaver-1.9.1.jar;C:\Users\7336135\.m2\repository\org\slf4j\slf4j-api\1.7.25\slf4j-api-1.7.25.jar;C:\Users\7336135\.m2\repository\org\testng\testng\6.1.1\testng-6.1.1.jar;C:\Users\7336135\.m2\repository\junit\junit\3.8.1\junit-3.8.1.jar;C:\Users\7336135\.m2\repository\org\beanshell\bsh\2.0b4\bsh-2.0b4.jar;C:\Users\7336135\.m2\repository\com\beust\jcommander\1.12\jcommander-1.12.jar;C:\Users\7336135\.m2\repository\org\yaml\snakeyaml\1.6\snakeyaml-1.6.jar;"/>
    <property name="java.vm.vendor" value="Oracle Corporation"/>
    <property name="sun.arch.data.model" value="64"/>
    <property name="user.variant" value=""/>
    <property name="java.vendor.url" value="http://java.oracle.com/"/>
    <property name="user.timezone" value="Asia/Calcutta"/>
    <property name="os.name" value="Windows 10"/>
    <property name="java.vm.specification.version" value="1.8"/>
    <property name="sun.java.launcher" value="SUN_STANDARD"/>
    <property name="user.country" value="US"/>
    <property name="sun.boot.library.path" value="C:\Program Files\Java\jdk1.8.0_202\jre\bin"/>
    <property name="recordingDurationRear1" value="180"/>
    <property name="recordingDurationRear2" value="180"/>
    <property name="sun.java.command" value="C:\Users\7336135\AppData\Local\Temp\surefire2136307114673170093\surefirebooter8954923527610963604.jar C:\Users\7336135\AppData\Local\Temp\surefire2136307114673170093 2023-03-23T14-01-50_235-jvmRun1 surefire5996085983614065951tmp surefire_06428151956091006919tmp"/>
    <property name="recordingDurationfront1" value="180"/>
    <property name="surefire.test.class.path" value="C:\Users\7336135\Android11\eclipse-workspace\Realme_Pad_Mini_RMP2106\target\test-classes;C:\Users\7336135\Android11\eclipse-workspace\Realme_Pad_Mini_RMP2106\target\classes;C:\Users\7336135\.m2\repository\org\seleniumhq\selenium\selenium-java\3.141.59\selenium-java-3.141.59.jar;C:\Users\7336135\.m2\repository\org\seleniumhq\selenium\selenium-api\3.141.59\selenium-api-3.141.59.jar;C:\Users\7336135\.m2\repository\org\seleniumhq\selenium\selenium-chrome-driver\3.141.59\selenium-chrome-driver-3.141.59.jar;C:\Users\7336135\.m2\repository\org\seleniumhq\selenium\selenium-edge-driver\3.141.59\selenium-edge-driver-3.141.59.jar;C:\Users\7336135\.m2\repository\org\seleniumhq\selenium\selenium-firefox-driver\3.141.59\selenium-firefox-driver-3.141.59.jar;C:\Users\7336135\.m2\repository\org\seleniumhq\selenium\selenium-ie-driver\3.141.59\selenium-ie-driver-3.141.59.jar;C:\Users\7336135\.m2\repository\org\seleniumhq\selenium\selenium-opera-driver\3.141.59\selenium-opera-driver-3.141.59.jar;C:\Users\7336135\.m2\repository\org\seleniumhq\selenium\selenium-remote-driver\3.141.59\selenium-remote-driver-3.141.59.jar;C:\Users\7336135\.m2\repository\org\seleniumhq\selenium\selenium-safari-driver\3.141.59\selenium-safari-driver-3.141.59.jar;C:\Users\7336135\.m2\repository\org\seleniumhq\selenium\selenium-support\3.141.59\selenium-support-3.141.59.jar;C:\Users\7336135\.m2\repository\net\bytebuddy\byte-buddy\1.8.15\byte-buddy-1.8.15.jar;C:\Users\7336135\.m2\repository\org\apache\commons\commons-exec\1.3\commons-exec-1.3.jar;C:\Users\7336135\.m2\repository\com\google\guava\guava\25.0-jre\guava-25.0-jre.jar;C:\Users\7336135\.m2\repository\com\google\code\findbugs\jsr305\1.3.9\jsr305-1.3.9.jar;C:\Users\7336135\.m2\repository\org\checkerframework\checker-compat-qual\2.0.0\checker-compat-qual-2.0.0.jar;C:\Users\7336135\.m2\repository\com\google\errorprone\error_prone_annotations\2.1.3\error_prone_annotations-2.1.3.jar;C:\Users\7336135\.m2\repository\com\google\j2objc\j2objc-annotations\1.1\j2objc-annotations-1.1.jar;C:\Users\7336135\.m2\repository\org\codehaus\mojo\animal-sniffer-annotations\1.14\animal-sniffer-annotations-1.14.jar;C:\Users\7336135\.m2\repository\com\squareup\okhttp3\okhttp\3.11.0\okhttp-3.11.0.jar;C:\Users\7336135\.m2\repository\com\squareup\okio\okio\1.14.0\okio-1.14.0.jar;C:\Users\7336135\.m2\repository\org\seleniumhq\selenium\selenium-android-driver\2.39.0\selenium-android-driver-2.39.0.jar;C:\Users\7336135\.m2\repository\io\appium\java-client\7.0.0\java-client-7.0.0.jar;C:\Users\7336135\.m2\repository\com\google\code\gson\gson\2.8.5\gson-2.8.5.jar;C:\Users\7336135\.m2\repository\org\apache\httpcomponents\httpclient\4.5.6\httpclient-4.5.6.jar;C:\Users\7336135\.m2\repository\org\apache\httpcomponents\httpcore\4.4.10\httpcore-4.4.10.jar;C:\Users\7336135\.m2\repository\commons-logging\commons-logging\1.2\commons-logging-1.2.jar;C:\Users\7336135\.m2\repository\commons-codec\commons-codec\1.10\commons-codec-1.10.jar;C:\Users\7336135\.m2\repository\cglib\cglib\3.2.8\cglib-3.2.8.jar;C:\Users\7336135\.m2\repository\org\ow2\asm\asm\6.2.1\asm-6.2.1.jar;C:\Users\7336135\.m2\repository\org\apache\ant\ant\1.10.3\ant-1.10.3.jar;C:\Users\7336135\.m2\repository\org\apache\ant\ant-launcher\1.10.3\ant-launcher-1.10.3.jar;C:\Users\7336135\.m2\repository\commons-validator\commons-validator\1.6\commons-validator-1.6.jar;C:\Users\7336135\.m2\repository\commons-beanutils\commons-beanutils\1.9.2\commons-beanutils-1.9.2.jar;C:\Users\7336135\.m2\repository\commons-digester\commons-digester\1.8.1\commons-digester-1.8.1.jar;C:\Users\7336135\.m2\repository\commons-collections\commons-collections\3.2.2\commons-collections-3.2.2.jar;C:\Users\7336135\.m2\repository\org\apache\commons\commons-lang3\3.8\commons-lang3-3.8.jar;C:\Users\7336135\.m2\repository\commons-io\commons-io\2.6\commons-io-2.6.jar;C:\Users\7336135\.m2\repository\org\springframework\spring-context\5.1.0.RELEASE\spring-context-5.1.0.RELEASE.jar;C:\Users\7336135\.m2\repository\org\springframework\spring-aop\5.1.0.RELEASE\spring-aop-5.1.0.RELEASE.jar;C:\Users\7336135\.m2\repository\org\springframework\spring-beans\5.1.0.RELEASE\spring-beans-5.1.0.RELEASE.jar;C:\Users\7336135\.m2\repository\org\springframework\spring-core\5.1.0.RELEASE\spring-core-5.1.0.RELEASE.jar;C:\Users\7336135\.m2\repository\org\springframework\spring-jcl\5.1.0.RELEASE\spring-jcl-5.1.0.RELEASE.jar;C:\Users\7336135\.m2\repository\org\springframework\spring-expression\5.1.0.RELEASE\spring-expression-5.1.0.RELEASE.jar;C:\Users\7336135\.m2\repository\org\aspectj\aspectjweaver\1.9.1\aspectjweaver-1.9.1.jar;C:\Users\7336135\.m2\repository\org\slf4j\slf4j-api\1.7.25\slf4j-api-1.7.25.jar;C:\Users\7336135\.m2\repository\org\testng\testng\6.1.1\testng-6.1.1.jar;C:\Users\7336135\.m2\repository\junit\junit\3.8.1\junit-3.8.1.jar;C:\Users\7336135\.m2\repository\org\beanshell\bsh\2.0b4\bsh-2.0b4.jar;C:\Users\7336135\.m2\repository\com\beust\jcommander\1.12\jcommander-1.12.jar;C:\Users\7336135\.m2\repository\org\yaml\snakeyaml\1.6\snakeyaml-1.6.jar;"/>
    <property name="sun.cpu.endian" value="little"/>
    <property name="user.home" value="C:\Users\7336135"/>
    <property name="recordingDurationfront2" value="180"/>
    <property name="user.language" value="en"/>
    <property name="java.specification.vendor" value="Oracle Corporation"/>
    <property name="java.home" value="C:\Program Files\Java\jdk1.8.0_202\jre"/>
    <property name="file.separator" value="\"/>
    <property name="basedir" value="C:\Users\7336135\Android11\eclipse-workspace\Realme_Pad_Mini_RMP2106"/>
    <property name="line.separator" value="&#10;"/>
    <property name="java.vm.specification.vendor" value="Oracle Corporation"/>
    <property name="java.specification.name" value="Java Platform API Specification"/>
    <property name="mountUnmountCycle" value="1"/>
    <property name="java.awt.graphicsenv" value="sun.awt.Win32GraphicsEnvironment"/>
    <property name="surefire.real.class.path" value="C:\Users\7336135\AppData\Local\Temp\surefire2136307114673170093\surefirebooter8954923527610963604.jar"/>
    <property name="recordingDurationRear" value="180"/>
    <property name="sun.boot.class.path" value="C:\Program Files\Java\jdk1.8.0_202\jre\lib\resources.jar;C:\Program Files\Java\jdk1.8.0_202\jre\lib\rt.jar;C:\Program Files\Java\jdk1.8.0_202\jre\lib\sunrsasign.jar;C:\Program Files\Java\jdk1.8.0_202\jre\lib\jsse.jar;C:\Program Files\Java\jdk1.8.0_202\jre\lib\jce.jar;C:\Program Files\Java\jdk1.8.0_202\jre\lib\charsets.jar;C:\Program Files\Java\jdk1.8.0_202\jre\lib\jfr.jar;C:\Program Files\Java\jdk1.8.0_202\jre\classes"/>
    <property name="user.script" value=""/>
    <property name="sun.management.compiler" value="HotSpot 64-Bit Tiered Compilers"/>
    <property name="java.runtime.version" value="1.8.0_202-b08"/>
    <property name="totalPictureCountFront3" value="6"/>
    <property name="user.name" value="7336135"/>
    <property name="totalPictureCountFront2" value="6"/>
    <property name="totalPictureCountFront1" value="6"/>
    <property name="totalPictureCountRear5" value="6"/>
    <property name="path.separator" value=";"/>
    <property name="recordingDurationfront" value="180"/>
    <property name="totalPictureCountRear3" value="6"/>
    <property name="totalPictureCountRear4" value="6"/>
    <property name="totalPictureCountRear1" value="6"/>
    <property name="os.version" value="10.0"/>
    <property name="totalPictureCountRear2" value="6"/>
    <property name="java.endorsed.dirs" value="C:\Program Files\Java\jdk1.8.0_202\jre\lib\endorsed"/>
    <property name="java.runtime.name" value="Java(TM) SE Runtime Environment"/>
    <property name="file.encoding" value="Cp1252"/>
    <property name="java.vm.name" value="Java HotSpot(TM) 64-Bit Server VM"/>
    <property name="localRepository" value="C:\Users\7336135\.m2\repository"/>
    <property name="java.vendor.url.bug" value="http://bugreport.sun.com/bugreport/"/>
    <property name="java.io.tmpdir" value="C:\Users\7336135\AppData\Local\Temp\"/>
    <property name="java.version" value="1.8.0_202"/>
    <property name="user.dir" value="C:\Users\7336135\Android11\eclipse-workspace\Realme_Pad_Mini_RMP2106"/>
    <property name="os.arch" value="amd64"/>
    <property name="java.vm.specification.name" value="Java Virtual Machine Specification"/>
    <property name="java.util.logging.SimpleFormatter.format" value="%1$tY-%1$tm-%1$td %1$tH:%1$tM:%1$tS %4$-6s %2$s %5$s%6$s%n"/>
    <property name="java.awt.printerjob" value="sun.awt.windows.WPrinterJob"/>
    <property name="Tolerance_Level" value="75"/>
    <property name="sun.os.patch.level" value=""/>
    <property name="java.library.path" value="C:\Program Files\Java\jdk1.8.0_202\jre\bin;C:\WINDOWS\Sun\Java\bin;C:\WINDOWS\system32;C:\WINDOWS;C:\Program Files (x86)\Common Files\Oracle\Java\javapath;C:\WINDOWS\system32;C:\WINDOWS;C:\WINDOWS\System32\Wbem;C:\WINDOWS\System32\WindowsPowerShell\v1.0\;C:\WINDOWS\System32\OpenSSH\;C:\Program Files (x86)\Webex\Plugins;C:\Program Files (x86)\Box\Box Edit\;C:\WINDOWS\system32\config\systemprofile\AppData\Local\Microsoft\WindowsApps;C:\Program Files\Symantec Corporation\Information Centric Tagging CLI;C:\ant\apache-ant-1.9.15\bin;C:\Android\Android-sdk\bin;C:\Program Files\Java\jdk1.8.0_202\bin;C:\Users\7336135\android-sdks\tools\;C:\Users\7336135\android-sdks\platform-tools\;C:\Android\Android-Sdk\tools\;C:\Android\Android-Sdk\platform-tools\;C:\Program Files\Symantec Corporation\Infor;C:\Program Files (x86)\Sennheiser\SenncomSDK\;C:\WINDOWS\system32;C:\WINDOWS;C:\WINDOWS\System32\Wbem;C:\WINDOWS\System32\WindowsPowerShell\v1.0\;C:\WINDOWS\System32\OpenSSH\;C:\Users\7336135\Maven\apache-maven-3.8.4\bin;C:\Program Files\dotnet\;C:\Program Files\Git\cmd;C:\Python\Scripts\;C:\Python\;C:\Users\7336135\AppData\Local\Microsoft\WindowsApps;;C:\Program Files\JetBrains\PyCharm 2022.3.2\bin;;C:\Program Files\JetBrains\PyCharm Community Edition 2022.3.3\bin;;."/>
    <property name="java.vendor" value="Oracle Corporation"/>
    <property name="java.vm.info" value="mixed mode"/>
    <property name="java.vm.version" value="25.202-b08"/>
    <property name="totalPictureCountFront5" value="6"/>
    <property name="totalPictureCountFront4" value="6"/>
    <property name="sun.io.unicode.encoding" value="UnicodeLittle"/>
    <property name="java.ext.dirs" value="C:\Program Files\Java\jdk1.8.0_202\jre\lib\ext;C:\WINDOWS\Sun\Java\lib\ext"/>
    <property name="java.class.version" value="52.0"/>
  </properties>
  <testcase name="RearPictureCapture" classname="Realme_Pad_Mini_RMP2106.Test9_Int" time="747.426">
    <system-out><![CDATA[Test: Start
===================================================================================================================================================================================================================================================================================================================================================================================================================================================================================================================================================================================================================================================================================================================================
Test9_Int Scenario is follows:
1.Launch camera application,  start rear camera Image capture for all host resolutions
2.Move rear camera  captured image files from camera folder to Test9_Int folder
Setting up the appium desired capabilities
===================================================================================================================================================================================================================================================================================================================================================================================================================================================================================================================================================================================================================================================================================================================================
Launch home screen
Clearing Recent Apps
Launch Camera application for rear camera Image capture
Test9_Int_Bcam_res: 6 resolutions supported
IF Change to uSD card notification pop-up exists select Cancel Option
change to SD card element not found : org.openqa.selenium.NoSuchElementException: An element could not be located on the page using the given search parameters.
For documentation on this error, please visit: https://www.seleniumhq.org/exceptions/no_such_element.html
Build info: version: '3.141.59', revision: 'e82be7d358', time: '2018-11-14T08:17:03'
System info: host: 'BNPLYY2', ip: '10.113.89.123', os.name: 'Windows 10', os.arch: 'amd64', os.version: '10.0', java.version: '1.8.0_202'
Driver info: io.appium.java_client.android.AndroidDriver
Capabilities {automationName: UiAutomator2, databaseEnabled: false, desired: {automationName: UiAutomator2, deviceName: realme Pad mini, newCommandTimeout: 1200, platformName: android, platformVersion: 11, udid: 12E230531000112}, deviceApiLevel: 30, deviceManufacturer: realme, deviceModel: RMP2106, deviceName: 12E230531000112, deviceScreenDensity: 213, deviceScreenSize: 800x1340, deviceUDID: 12E230531000112, javascriptEnabled: true, locationContextEnabled: false, networkConnectionEnabled: true, newCommandTimeout: 1200, pixelRatio: 1.3312501, platform: LINUX, platformName: Android, platformVersion: 11, statBarHeight: 45, takesScreenshot: true, udid: 12E230531000112, viewportRect: {height: 1244, left: 0, top: 45, width: 800}, warnings: {}, webStorageEnabled: false}
Session ID: ee539c79-7306-495a-8ec6-100f83517e53
*** Element info: {Using=-android uiautomator, value=new UiSelector().text("Agree")}
If allow location pop exists select Dont allow option
Location access pop-up  element not found : org.openqa.selenium.NoSuchElementException: An element could not be located on the page using the given search parameters.
For documentation on this error, please visit: https://www.seleniumhq.org/exceptions/no_such_element.html
Build info: version: '3.141.59', revision: 'e82be7d358', time: '2018-11-14T08:17:03'
System info: host: 'BNPLYY2', ip: '10.113.89.123', os.name: 'Windows 10', os.arch: 'amd64', os.version: '10.0', java.version: '1.8.0_202'
Driver info: io.appium.java_client.android.AndroidDriver
Capabilities {automationName: UiAutomator2, databaseEnabled: false, desired: {automationName: UiAutomator2, deviceName: realme Pad mini, newCommandTimeout: 1200, platformName: android, platformVersion: 11, udid: 12E230531000112}, deviceApiLevel: 30, deviceManufacturer: realme, deviceModel: RMP2106, deviceName: 12E230531000112, deviceScreenDensity: 213, deviceScreenSize: 800x1340, deviceUDID: 12E230531000112, javascriptEnabled: true, locationContextEnabled: false, networkConnectionEnabled: true, newCommandTimeout: 1200, pixelRatio: 1.3312501, platform: LINUX, platformName: Android, platformVersion: 11, statBarHeight: 45, takesScreenshot: true, udid: 12E230531000112, viewportRect: {height: 1244, left: 0, top: 45, width: 800}, warnings: {}, webStorageEnabled: false}
Session ID: ee539c79-7306-495a-8ec6-100f83517e53
*** Element info: {Using=-android uiautomator, value=new UiSelector().text("DON’T ALLOW")}
If start capture pop exists select Start capture option
Start capture  element not found : org.openqa.selenium.NoSuchElementException: An element could not be located on the page using the given search parameters.
For documentation on this error, please visit: https://www.seleniumhq.org/exceptions/no_such_element.html
Build info: version: '3.141.59', revision: 'e82be7d358', time: '2018-11-14T08:17:03'
System info: host: 'BNPLYY2', ip: '10.113.89.123', os.name: 'Windows 10', os.arch: 'amd64', os.version: '10.0', java.version: '1.8.0_202'
Driver info: io.appium.java_client.android.AndroidDriver
Capabilities {automationName: UiAutomator2, databaseEnabled: false, desired: {automationName: UiAutomator2, deviceName: realme Pad mini, newCommandTimeout: 1200, platformName: android, platformVersion: 11, udid: 12E230531000112}, deviceApiLevel: 30, deviceManufacturer: realme, deviceModel: RMP2106, deviceName: 12E230531000112, deviceScreenDensity: 213, deviceScreenSize: 800x1340, deviceUDID: 12E230531000112, javascriptEnabled: true, locationContextEnabled: false, networkConnectionEnabled: true, newCommandTimeout: 1200, pixelRatio: 1.3312501, platform: LINUX, platformName: Android, platformVersion: 11, statBarHeight: 45, takesScreenshot: true, udid: 12E230531000112, viewportRect: {height: 1244, left: 0, top: 45, width: 800}, warnings: {}, webStorageEnabled: false}
Session ID: ee539c79-7306-495a-8ec6-100f83517e53
*** Element info: {Using=-android uiautomator, value=new UiSelector().text("START CAPTURE")}
Switch to rear Camera Mode if current Exiting camera is Front camera Mode
Currently camera is already in rear camera mode no need to switch
Select settings option
Select Picture size(Back camera) option to select resolution
Select Rear camera first image resolution: (4:3) 8.0 megapixels
totalPictureCountRear = 6 Images to be captured
captureing first Resolution image 0
captureing first Resolution image 1
captureing first Resolution image 2
captureing first Resolution image 3
captureing first Resolution image 4
captureing first Resolution image 5
Select settings option
Select Picture size(Back camera) option to select resolution
Select Rear camera second resolution: (4:3) 4.0 megapixels
totalPictureCountRear1 = 6 Imgaes to be captured
captureing Second  Resolution image 0
captureing Second  Resolution image 1
captureing Second  Resolution image 2
captureing Second  Resolution image 3
captureing Second  Resolution image 4
captureing Second  Resolution image 5
Select settings option
Select Picture size(Back camera) option to select resolution
Select Rear camera third resolution: (4:3) 1.9 megapixels
totalPictureCountRear2 = 6 Imgaes to be captured
captureing third  Resolution image 0
captureing third  Resolution image 1
captureing third  Resolution image 2
captureing third  Resolution image 3
captureing third  Resolution image 4
captureing third  Resolution image 5
Select settings option
Select Picture size(Back camera) option to select resolution
Select Rear camera fourth resolution: (16:9) 6.0 megapixels
totalPictureCountRear3 = 6 Imgaes to be captured
captureing fourth  Resolution image 0
captureing fourth  Resolution image 1
captureing fourth  Resolution image 2
captureing fourth  Resolution image 3
captureing fourth  Resolution image 4
captureing fourth  Resolution image 5
Select settings option
Select Picture size(Back camera) option to select resolution
Select Rear camera fifth resolution: (16:9) 2.4 megapixels
totalPictureCountRear4 = 6 Imgaes to be captured
captureing fifth  Resolution image 0
captureing fifth  Resolution image 1
captureing fifth  Resolution image 2
captureing fifth  Resolution image 3
captureing fifth  Resolution image 4
captureing fifth  Resolution image 5
Select settings option
Select Picture size(Back camera) option to select resolution
Select Rear camera sixth resolution: (16:9) 2.1 megapixels
totalPictureCountRear5 = 6 Imgaes to be captured
captureing sixth  Resolution image 0
captureing sixth  Resolution image 1
captureing sixth  Resolution image 2
captureing sixth  Resolution image 3
captureing sixth  Resolution image 4
captureing sixth  Resolution image 5
Total Count value:36 images to be Captured 
Launch file manager application and verify recorded video present in Internal storage
Swipe up to select Internal storage
Select Internal storage
switch to grid view mode to select DCIM folder
Select DCIM Folder
Select camera folder
switch to list view mode
Click More options
Click select all
Test9_Int_Bcam_image: 36 selected images Captured succesfull
Interger value:36
Tolerance_Level = 75

Pass: Test9_Int pass for rear Image capture
Test9_Int_Bcam_image: 36  images Captured succesfull
===================================================================================================================================================================================================================================================================================================================================================================================================================================================================================================================================================================================================================================================================================================================================
calling DataMoveOperation()
launch file manager application select Internal storage-->DCIM folder-->Camera folder-->Select all rear camera images create Test9_Int folder and cut paste all videos in Test9_Int folder
Swipe up to select Internal storage
Select Internal storage
Click More options
Select add new folder option
Name folder as Test9_Int
Select DCIM Folder
Select camera folder
Click More options
Click select all option
Click More options
Select Move to option
Select Internal storage
Select Test9_Int folder
Click move here
Pass: Test9_Int Pass for data move operation successfully
===================================================================================================================================================================================================================================================================================================================================================================================================================================================================================================================================================================================================================================================================================================================================
Final Message: Pass Test9_Int Pass for Rear camera image capture  successfully
Test: End
===================================================================================================================================================================================================================================================================================================================================================================================================================================================================================================================================================================================================================================================================================================================================
]]></system-out>
    <system-err><![CDATA[2023-03-23 14:01:59 INFO   io.appium.java_client.remote.AppiumCommandExecutor$1 lambda$0 Detected dialect: W3C
2023-03-23 14:02:12 INFO   io.appium.java_client.remote.AppiumCommandExecutor$1 lambda$0 Detected dialect: W3C
]]></system-err>
  </testcase>
  <testcase name="RearPictureCapture" classname="Realme_Pad_Mini_RMP2106.Test9F_Int" time="709.139">
    <system-out><![CDATA[Test: Start
===================================================================================================================================================================================================================================================================================================================================================================================================================================================================================================================================================================================================================================================================================================================================
Test9F_Int Scenario is as follows:
1.Launch camera application, start Front camera image picture capture for all Host front resolutions
2.Move captured front images from camera folder to Test9F_Int folder
Setting up the appium desired capabilities
===================================================================================================================================================================================================================================================================================================================================================================================================================================================================================================================================================================================================================================================================================================================================
Launch home screen
Clearing Recent Apps
Launch Camera application for front camera Image capture
Test9F_Int_Fcam_res: 6 resolutions supported
Switch to front Camera Mode if current Exiting camera is rear camera Mode
Select settings option
Select Picture size(Front camera) option to select resolution
Select front camera front image resolution: (4:3) 5.0 megapixels
totalPictureCountFront = 6
Captureing first resolution image 0
Captureing first resolution image 1
Captureing first resolution image 2
Captureing first resolution image 3
Captureing first resolution image 4
Captureing first resolution image 5
Select settings option
Select Picture size(Front camera) option to select resolution
Select front camera second image resolution: (4:3) 1.9 megapixels
totalPictureCountFront1 = 6
Captureing second resolution image 0
Captureing second resolution image 1
Captureing second resolution image 2
Captureing second resolution image 3
Captureing second resolution image 4
Captureing second resolution image 5
Select settings option
Select Picture size(Front camera) option to select resolution
Select front camera third image resolution: (4:3) 1.6 megapixels
totalPictureCountFront2 = 6
Captureing third resolution image 0
Captureing third resolution image 1
Captureing third resolution image 2
Captureing third resolution image 3
Captureing third resolution image 4
Captureing third resolution image 5
Select settings option
Select Picture size(Front camera) option to select resolution
Select front camera fourth image resolution: (16:9) 3.8 megapixels
totalPictureCountFront3 = 6
Captureing fourth resolution image 0
Captureing fourth resolution image 1
Captureing fourth resolution image 2
Captureing fourth resolution image 3
Captureing fourth resolution image 4
Captureing fourth resolution image 5
Select settings option
Select Picture size(Front camera) option to select resolution
Select front camera fifth image resolution: (16:9) 2.1 megapixels
totalPictureCountFront4 = 6
Captureing fifth resolution image 0
Captureing fifth resolution image 1
Captureing fifth resolution image 2
Captureing fifth resolution image 3
Captureing fifth resolution image 4
Captureing fifth resolution image 5
Select settings option
Select Picture size(Front camera) option to select resolution
Select front camera sixth image resolution: (16:9) 0.9 megapixels
totalPictureCountFront5 = 6
Captureing sixth resolution image 0
Captureing sixth resolution image 1
Captureing sixth resolution image 2
Captureing sixth resolution image 3
Captureing sixth resolution image 4
Captureing sixth resolution image 5
Switch to back camera mode
Total Count value:36 images to be Captured 
Launch file manager application and verify captured images present in uSD Card
Swipe up to select Internal storage
Select Internal storage
switch to grid view mode to select DCIM folder
Select DCIM Folder
Select camera folder
switch to list view mode
Click More options
Click select all
Total Image
Test9F_Int_Fcam_image: 36 selected images Captured succesfull
Actual Value:36 selected
Interger value:36
Tolerance_Level = 75

Pass: Test9F_Int pass for front Image capture
Test9F_Int_Fcam_image: 36  images Captured succesfull
===================================================================================================================================================================================================================================================================================================================================================================================================================================================================================================================================================================================================================================================================================================================================
calling DataMoveOperation()
Re-launch file manager application and select Internal storage for data move operation, select all front camera images files present in camera folder and move to Test9F_Int folder
Swipe up to select Internal storage
Select Internal storage
Click More options
Select add new folder option
Name folder as Test9F_Int
Select DCIM Folder
Select camera folder
Click More options
Click select all option
Click More options
Select Move to option
Select Internal storage
Select Test9F_Int folder
Click move here
Pass: Test9F_Int Pass for data move operation successfully
===================================================================================================================================================================================================================================================================================================================================================================================================================================================================================================================================================================================================================================================================================================================================
Final Message: Pass Test9F_Int Pass for front Camera image capture
Test: End
===================================================================================================================================================================================================================================================================================================================================================================================================================================================================================================================================================================================================================================================================================================================================
]]></system-out>
    <system-err><![CDATA[2023-03-23 14:14:34 INFO   io.appium.java_client.remote.AppiumCommandExecutor$1 lambda$0 Detected dialect: W3C
2023-03-23 14:14:47 INFO   io.appium.java_client.remote.AppiumCommandExecutor$1 lambda$0 Detected dialect: W3C
]]></system-err>
  </testcase>
</testsuite>