<?xml version="1.0" encoding="UTF-8"?>
<!-- Generated by org.testng.reporters.JUnitReportReporter -->
<testsuite hostname="SD-APPS-090" name="Samsung_Galaxy_F23_5G.Test10" tests="1" failures="0" timestamp="11 Nov 2022 14:26:10 GMT" time="2411.474" errors="0">
  <testcase name="rearVideoRec" time="2411.474" classname="Samsung_Galaxy_F23_5G.Test10"/>
</testsuite>
