<?xml version="1.0" encoding="UTF-8"?>
<testsuite xmlns:xsi="http://www.w3.org/2001/XMLSchema-instance" xsi:noNamespaceSchemaLocation="https://maven.apache.org/surefire/maven-surefire-plugin/xsd/surefire-test-report-3.0.xsd" version="3.0" name="TestSuite" time="14,148.272" tests="8" errors="0" skipped="0" failures="2">
  <properties>
    <property name="sun.desktop" value="windows"/>
    <property name="awt.toolkit" value="sun.awt.windows.WToolkit"/>
    <property name="fileName" value="testngMain_Int.xml"/>
    <property name="recordingDurationFront_Int" value="580"/>
    <property name="java.specification.version" value="1.8"/>
    <property name="file.encoding.pkg" value="sun.io"/>
    <property name="sun.cpu.isalist" value="amd64"/>
    <property name="sun.jnu.encoding" value="Cp1252"/>
    <property name="java.class.path" value="C:\Users\sandisk\eclipse-workspace\Doogee_S89\target\test-classes;C:\Users\sandisk\eclipse-workspace\Doogee_S89\target\classes;C:\Users\sandisk\.m2\repository\org\seleniumhq\selenium\selenium-java\3.141.59\selenium-java-3.141.59.jar;C:\Users\sandisk\.m2\repository\org\seleniumhq\selenium\selenium-api\3.141.59\selenium-api-3.141.59.jar;C:\Users\sandisk\.m2\repository\org\seleniumhq\selenium\selenium-chrome-driver\3.141.59\selenium-chrome-driver-3.141.59.jar;C:\Users\sandisk\.m2\repository\org\seleniumhq\selenium\selenium-edge-driver\3.141.59\selenium-edge-driver-3.141.59.jar;C:\Users\sandisk\.m2\repository\org\seleniumhq\selenium\selenium-firefox-driver\3.141.59\selenium-firefox-driver-3.141.59.jar;C:\Users\sandisk\.m2\repository\org\seleniumhq\selenium\selenium-ie-driver\3.141.59\selenium-ie-driver-3.141.59.jar;C:\Users\sandisk\.m2\repository\org\seleniumhq\selenium\selenium-opera-driver\3.141.59\selenium-opera-driver-3.141.59.jar;C:\Users\sandisk\.m2\repository\org\seleniumhq\selenium\selenium-remote-driver\3.141.59\selenium-remote-driver-3.141.59.jar;C:\Users\sandisk\.m2\repository\org\seleniumhq\selenium\selenium-safari-driver\3.141.59\selenium-safari-driver-3.141.59.jar;C:\Users\sandisk\.m2\repository\org\seleniumhq\selenium\selenium-support\3.141.59\selenium-support-3.141.59.jar;C:\Users\sandisk\.m2\repository\net\bytebuddy\byte-buddy\1.8.15\byte-buddy-1.8.15.jar;C:\Users\sandisk\.m2\repository\org\apache\commons\commons-exec\1.3\commons-exec-1.3.jar;C:\Users\sandisk\.m2\repository\com\google\guava\guava\25.0-jre\guava-25.0-jre.jar;C:\Users\sandisk\.m2\repository\com\google\code\findbugs\jsr305\1.3.9\jsr305-1.3.9.jar;C:\Users\sandisk\.m2\repository\org\checkerframework\checker-compat-qual\2.0.0\checker-compat-qual-2.0.0.jar;C:\Users\sandisk\.m2\repository\com\google\errorprone\error_prone_annotations\2.1.3\error_prone_annotations-2.1.3.jar;C:\Users\sandisk\.m2\repository\com\google\j2objc\j2objc-annotations\1.1\j2objc-annotations-1.1.jar;C:\Users\sandisk\.m2\repository\org\codehaus\mojo\animal-sniffer-annotations\1.14\animal-sniffer-annotations-1.14.jar;C:\Users\sandisk\.m2\repository\com\squareup\okhttp3\okhttp\3.11.0\okhttp-3.11.0.jar;C:\Users\sandisk\.m2\repository\com\squareup\okio\okio\1.14.0\okio-1.14.0.jar;C:\Users\sandisk\.m2\repository\org\seleniumhq\selenium\selenium-android-driver\2.39.0\selenium-android-driver-2.39.0.jar;C:\Users\sandisk\.m2\repository\io\appium\java-client\7.0.0\java-client-7.0.0.jar;C:\Users\sandisk\.m2\repository\com\google\code\gson\gson\2.8.5\gson-2.8.5.jar;C:\Users\sandisk\.m2\repository\org\apache\httpcomponents\httpclient\4.5.6\httpclient-4.5.6.jar;C:\Users\sandisk\.m2\repository\org\apache\httpcomponents\httpcore\4.4.10\httpcore-4.4.10.jar;C:\Users\sandisk\.m2\repository\commons-logging\commons-logging\1.2\commons-logging-1.2.jar;C:\Users\sandisk\.m2\repository\commons-codec\commons-codec\1.10\commons-codec-1.10.jar;C:\Users\sandisk\.m2\repository\cglib\cglib\3.2.8\cglib-3.2.8.jar;C:\Users\sandisk\.m2\repository\org\ow2\asm\asm\6.2.1\asm-6.2.1.jar;C:\Users\sandisk\.m2\repository\org\apache\ant\ant\1.10.3\ant-1.10.3.jar;C:\Users\sandisk\.m2\repository\org\apache\ant\ant-launcher\1.10.3\ant-launcher-1.10.3.jar;C:\Users\sandisk\.m2\repository\commons-validator\commons-validator\1.6\commons-validator-1.6.jar;C:\Users\sandisk\.m2\repository\commons-beanutils\commons-beanutils\1.9.2\commons-beanutils-1.9.2.jar;C:\Users\sandisk\.m2\repository\commons-digester\commons-digester\1.8.1\commons-digester-1.8.1.jar;C:\Users\sandisk\.m2\repository\commons-collections\commons-collections\3.2.2\commons-collections-3.2.2.jar;C:\Users\sandisk\.m2\repository\org\apache\commons\commons-lang3\3.8\commons-lang3-3.8.jar;C:\Users\sandisk\.m2\repository\commons-io\commons-io\2.6\commons-io-2.6.jar;C:\Users\sandisk\.m2\repository\org\springframework\spring-context\5.1.0.RELEASE\spring-context-5.1.0.RELEASE.jar;C:\Users\sandisk\.m2\repository\org\springframework\spring-aop\5.1.0.RELEASE\spring-aop-5.1.0.RELEASE.jar;C:\Users\sandisk\.m2\repository\org\springframework\spring-beans\5.1.0.RELEASE\spring-beans-5.1.0.RELEASE.jar;C:\Users\sandisk\.m2\repository\org\springframework\spring-core\5.1.0.RELEASE\spring-core-5.1.0.RELEASE.jar;C:\Users\sandisk\.m2\repository\org\springframework\spring-jcl\5.1.0.RELEASE\spring-jcl-5.1.0.RELEASE.jar;C:\Users\sandisk\.m2\repository\org\springframework\spring-expression\5.1.0.RELEASE\spring-expression-5.1.0.RELEASE.jar;C:\Users\sandisk\.m2\repository\org\aspectj\aspectjweaver\1.9.1\aspectjweaver-1.9.1.jar;C:\Users\sandisk\.m2\repository\org\slf4j\slf4j-api\1.7.25\slf4j-api-1.7.25.jar;C:\Users\sandisk\.m2\repository\org\testng\testng\6.1.1\testng-6.1.1.jar;C:\Users\sandisk\.m2\repository\junit\junit\3.8.1\junit-3.8.1.jar;C:\Users\sandisk\.m2\repository\org\beanshell\bsh\2.0b4\bsh-2.0b4.jar;C:\Users\sandisk\.m2\repository\com\beust\jcommander\1.12\jcommander-1.12.jar;C:\Users\sandisk\.m2\repository\org\yaml\snakeyaml\1.6\snakeyaml-1.6.jar;"/>
    <property name="recordingDurationRear_Int" value="580"/>
    <property name="java.vm.vendor" value="Oracle Corporation"/>
    <property name="sun.arch.data.model" value="64"/>
    <property name="user.variant" value=""/>
    <property name="java.vendor.url" value="http://java.oracle.com/"/>
    <property name="user.timezone" value="Asia/Calcutta"/>
    <property name="os.name" value="Windows 10"/>
    <property name="java.vm.specification.version" value="1.8"/>
    <property name="sun.java.launcher" value="SUN_STANDARD"/>
    <property name="user.country" value="IN"/>
    <property name="sun.boot.library.path" value="C:\Program Files\Java\jdk1.8.0_202\jre\bin"/>
    <property name="sun.java.command" value="C:\Users\sandisk\AppData\Local\Temp\surefire4957364523016475007\surefirebooter9050588587906117399.jar C:\Users\sandisk\AppData\Local\Temp\surefire4957364523016475007 2023-02-24T15-23-33_184-jvmRun1 surefire6792724649570137737tmp surefire_03792234407518283163tmp"/>
    <property name="totalPictureCountRear_Int" value="50"/>
    <property name="surefire.test.class.path" value="C:\Users\sandisk\eclipse-workspace\Doogee_S89\target\test-classes;C:\Users\sandisk\eclipse-workspace\Doogee_S89\target\classes;C:\Users\sandisk\.m2\repository\org\seleniumhq\selenium\selenium-java\3.141.59\selenium-java-3.141.59.jar;C:\Users\sandisk\.m2\repository\org\seleniumhq\selenium\selenium-api\3.141.59\selenium-api-3.141.59.jar;C:\Users\sandisk\.m2\repository\org\seleniumhq\selenium\selenium-chrome-driver\3.141.59\selenium-chrome-driver-3.141.59.jar;C:\Users\sandisk\.m2\repository\org\seleniumhq\selenium\selenium-edge-driver\3.141.59\selenium-edge-driver-3.141.59.jar;C:\Users\sandisk\.m2\repository\org\seleniumhq\selenium\selenium-firefox-driver\3.141.59\selenium-firefox-driver-3.141.59.jar;C:\Users\sandisk\.m2\repository\org\seleniumhq\selenium\selenium-ie-driver\3.141.59\selenium-ie-driver-3.141.59.jar;C:\Users\sandisk\.m2\repository\org\seleniumhq\selenium\selenium-opera-driver\3.141.59\selenium-opera-driver-3.141.59.jar;C:\Users\sandisk\.m2\repository\org\seleniumhq\selenium\selenium-remote-driver\3.141.59\selenium-remote-driver-3.141.59.jar;C:\Users\sandisk\.m2\repository\org\seleniumhq\selenium\selenium-safari-driver\3.141.59\selenium-safari-driver-3.141.59.jar;C:\Users\sandisk\.m2\repository\org\seleniumhq\selenium\selenium-support\3.141.59\selenium-support-3.141.59.jar;C:\Users\sandisk\.m2\repository\net\bytebuddy\byte-buddy\1.8.15\byte-buddy-1.8.15.jar;C:\Users\sandisk\.m2\repository\org\apache\commons\commons-exec\1.3\commons-exec-1.3.jar;C:\Users\sandisk\.m2\repository\com\google\guava\guava\25.0-jre\guava-25.0-jre.jar;C:\Users\sandisk\.m2\repository\com\google\code\findbugs\jsr305\1.3.9\jsr305-1.3.9.jar;C:\Users\sandisk\.m2\repository\org\checkerframework\checker-compat-qual\2.0.0\checker-compat-qual-2.0.0.jar;C:\Users\sandisk\.m2\repository\com\google\errorprone\error_prone_annotations\2.1.3\error_prone_annotations-2.1.3.jar;C:\Users\sandisk\.m2\repository\com\google\j2objc\j2objc-annotations\1.1\j2objc-annotations-1.1.jar;C:\Users\sandisk\.m2\repository\org\codehaus\mojo\animal-sniffer-annotations\1.14\animal-sniffer-annotations-1.14.jar;C:\Users\sandisk\.m2\repository\com\squareup\okhttp3\okhttp\3.11.0\okhttp-3.11.0.jar;C:\Users\sandisk\.m2\repository\com\squareup\okio\okio\1.14.0\okio-1.14.0.jar;C:\Users\sandisk\.m2\repository\org\seleniumhq\selenium\selenium-android-driver\2.39.0\selenium-android-driver-2.39.0.jar;C:\Users\sandisk\.m2\repository\io\appium\java-client\7.0.0\java-client-7.0.0.jar;C:\Users\sandisk\.m2\repository\com\google\code\gson\gson\2.8.5\gson-2.8.5.jar;C:\Users\sandisk\.m2\repository\org\apache\httpcomponents\httpclient\4.5.6\httpclient-4.5.6.jar;C:\Users\sandisk\.m2\repository\org\apache\httpcomponents\httpcore\4.4.10\httpcore-4.4.10.jar;C:\Users\sandisk\.m2\repository\commons-logging\commons-logging\1.2\commons-logging-1.2.jar;C:\Users\sandisk\.m2\repository\commons-codec\commons-codec\1.10\commons-codec-1.10.jar;C:\Users\sandisk\.m2\repository\cglib\cglib\3.2.8\cglib-3.2.8.jar;C:\Users\sandisk\.m2\repository\org\ow2\asm\asm\6.2.1\asm-6.2.1.jar;C:\Users\sandisk\.m2\repository\org\apache\ant\ant\1.10.3\ant-1.10.3.jar;C:\Users\sandisk\.m2\repository\org\apache\ant\ant-launcher\1.10.3\ant-launcher-1.10.3.jar;C:\Users\sandisk\.m2\repository\commons-validator\commons-validator\1.6\commons-validator-1.6.jar;C:\Users\sandisk\.m2\repository\commons-beanutils\commons-beanutils\1.9.2\commons-beanutils-1.9.2.jar;C:\Users\sandisk\.m2\repository\commons-digester\commons-digester\1.8.1\commons-digester-1.8.1.jar;C:\Users\sandisk\.m2\repository\commons-collections\commons-collections\3.2.2\commons-collections-3.2.2.jar;C:\Users\sandisk\.m2\repository\org\apache\commons\commons-lang3\3.8\commons-lang3-3.8.jar;C:\Users\sandisk\.m2\repository\commons-io\commons-io\2.6\commons-io-2.6.jar;C:\Users\sandisk\.m2\repository\org\springframework\spring-context\5.1.0.RELEASE\spring-context-5.1.0.RELEASE.jar;C:\Users\sandisk\.m2\repository\org\springframework\spring-aop\5.1.0.RELEASE\spring-aop-5.1.0.RELEASE.jar;C:\Users\sandisk\.m2\repository\org\springframework\spring-beans\5.1.0.RELEASE\spring-beans-5.1.0.RELEASE.jar;C:\Users\sandisk\.m2\repository\org\springframework\spring-core\5.1.0.RELEASE\spring-core-5.1.0.RELEASE.jar;C:\Users\sandisk\.m2\repository\org\springframework\spring-jcl\5.1.0.RELEASE\spring-jcl-5.1.0.RELEASE.jar;C:\Users\sandisk\.m2\repository\org\springframework\spring-expression\5.1.0.RELEASE\spring-expression-5.1.0.RELEASE.jar;C:\Users\sandisk\.m2\repository\org\aspectj\aspectjweaver\1.9.1\aspectjweaver-1.9.1.jar;C:\Users\sandisk\.m2\repository\org\slf4j\slf4j-api\1.7.25\slf4j-api-1.7.25.jar;C:\Users\sandisk\.m2\repository\org\testng\testng\6.1.1\testng-6.1.1.jar;C:\Users\sandisk\.m2\repository\junit\junit\3.8.1\junit-3.8.1.jar;C:\Users\sandisk\.m2\repository\org\beanshell\bsh\2.0b4\bsh-2.0b4.jar;C:\Users\sandisk\.m2\repository\com\beust\jcommander\1.12\jcommander-1.12.jar;C:\Users\sandisk\.m2\repository\org\yaml\snakeyaml\1.6\snakeyaml-1.6.jar;"/>
    <property name="sun.cpu.endian" value="little"/>
    <property name="user.home" value="C:\Users\sandisk"/>
    <property name="user.language" value="en"/>
    <property name="java.specification.vendor" value="Oracle Corporation"/>
    <property name="java.home" value="C:\Program Files\Java\jdk1.8.0_202\jre"/>
    <property name="file.separator" value="\"/>
    <property name="basedir" value="C:\Users\sandisk\eclipse-workspace\Doogee_S89"/>
    <property name="line.separator" value="&#10;"/>
    <property name="java.vm.specification.vendor" value="Oracle Corporation"/>
    <property name="java.specification.name" value="Java Platform API Specification"/>
    <property name="mountUnmountCycle" value="1"/>
    <property name="java.awt.graphicsenv" value="sun.awt.Win32GraphicsEnvironment"/>
    <property name="recordingDurationRear_Int3" value="580"/>
    <property name="surefire.real.class.path" value="C:\Users\sandisk\AppData\Local\Temp\surefire4957364523016475007\surefirebooter9050588587906117399.jar"/>
    <property name="recordingDurationRear_Int2" value="580"/>
    <property name="recordingDurationRear_Int1" value="580"/>
    <property name="sun.boot.class.path" value="C:\Program Files\Java\jdk1.8.0_202\jre\lib\resources.jar;C:\Program Files\Java\jdk1.8.0_202\jre\lib\rt.jar;C:\Program Files\Java\jdk1.8.0_202\jre\lib\sunrsasign.jar;C:\Program Files\Java\jdk1.8.0_202\jre\lib\jsse.jar;C:\Program Files\Java\jdk1.8.0_202\jre\lib\jce.jar;C:\Program Files\Java\jdk1.8.0_202\jre\lib\charsets.jar;C:\Program Files\Java\jdk1.8.0_202\jre\lib\jfr.jar;C:\Program Files\Java\jdk1.8.0_202\jre\classes"/>
    <property name="user.script" value=""/>
    <property name="sun.management.compiler" value="HotSpot 64-Bit Tiered Compilers"/>
    <property name="java.runtime.version" value="1.8.0_202-b08"/>
    <property name="user.name" value="sandisk"/>
    <property name="totalPictureCountRear_Int5" value="50"/>
    <property name="totalPictureCountRear_Int3" value="50"/>
    <property name="path.separator" value=";"/>
    <property name="totalPictureCountRear_Int4" value="50"/>
    <property name="totalPictureCountRear_Int1" value="50"/>
    <property name="totalPictureCountRear_Int2" value="50"/>
    <property name="os.version" value="10.0"/>
    <property name="java.endorsed.dirs" value="C:\Program Files\Java\jdk1.8.0_202\jre\lib\endorsed"/>
    <property name="java.runtime.name" value="Java(TM) SE Runtime Environment"/>
    <property name="recordingDurationFront_Int2" value="580"/>
    <property name="file.encoding" value="Cp1252"/>
    <property name="recordingDurationFront_Int3" value="580"/>
    <property name="recordingDurationFront_Int1" value="580"/>
    <property name="java.vm.name" value="Java HotSpot(TM) 64-Bit Server VM"/>
    <property name="localRepository" value="C:\Users\sandisk\.m2\repository"/>
    <property name="java.vendor.url.bug" value="http://bugreport.sun.com/bugreport/"/>
    <property name="java.io.tmpdir" value="C:\Users\sandisk\AppData\Local\Temp\"/>
    <property name="totalPictureCountFront_Int1" value="50"/>
    <property name="java.version" value="1.8.0_202"/>
    <property name="totalPictureCountFront_Int3" value="50"/>
    <property name="user.dir" value="C:\Users\sandisk\eclipse-workspace\Doogee_S89"/>
    <property name="os.arch" value="amd64"/>
    <property name="totalPictureCountFront_Int2" value="50"/>
    <property name="java.vm.specification.name" value="Java Virtual Machine Specification"/>
    <property name="java.util.logging.SimpleFormatter.format" value="%1$tY-%1$tm-%1$td %1$tH:%1$tM:%1$tS %4$-6s %2$s %5$s%6$s%n"/>
    <property name="java.awt.printerjob" value="sun.awt.windows.WPrinterJob"/>
    <property name="Tolerance_Level" value="75"/>
    <property name="sun.os.patch.level" value=""/>
    <property name="totalPictureCountFront_Int" value="50"/>
    <property name="java.library.path" value="C:\Program Files\Java\jdk1.8.0_202\jre\bin;C:\Windows\Sun\Java\bin;C:\Windows\system32;C:\Windows;C:\Program Files (x86)\Common Files\Oracle\Java\javapath;C:\Windows\system32;C:\Windows;C:\Windows\System32\Wbem;C:\Windows\System32\WindowsPowerShell\v1.0\;C:\Windows\System32\OpenSSH\;C:\Users\sandisk\Maven\apache-maven-3.8.4\bin;C:\Ant\apache-ant-1.9.15\bin;C:\Program Files\Java\jdk1.8.0_202\bin;C:\Users\sandisk\AppData\Local\Android\Sdk;C:\Users\sandisk\android-sdks\platform-tools;C:\Android\Android-sdk\bin;C:\Android\Android-sdk\tools;C:\Android\Android-sdk\platform-tools;C:\Python37\Scripts\;C:\Python37\;C:\Users\sandisk\AppData\Local\Microsoft\WindowsApps;;."/>
    <property name="java.vendor" value="Oracle Corporation"/>
    <property name="java.vm.info" value="mixed mode"/>
    <property name="java.vm.version" value="25.202-b08"/>
    <property name="totalPictureCountFront_Int5" value="50"/>
    <property name="sun.io.unicode.encoding" value="UnicodeLittle"/>
    <property name="totalPictureCountFront_Int4" value="50"/>
    <property name="java.ext.dirs" value="C:\Program Files\Java\jdk1.8.0_202\jre\lib\ext;C:\Windows\Sun\Java\lib\ext"/>
    <property name="java.class.version" value="52.0"/>
  </properties>
  <testcase name="start" classname="Doogee_S89.Test0_Int" time="1,609.395">
    <system-out><![CDATA[Test: Start
===================================================================================================================================================================================================================================================================================================================================================================================================================================================================================================================================================================================================================================================================================================================================
 Test0_Int Scenario is as follows 
Unlock phone, clear recent apps, clear internal memory
Call Image() and Capture Rear camera 25 images for default resolution in uSD card and Verify the data capture
Call Video() and record Rear camera video of first 2 resloutions for 2 minutes of duration in uSD Card and verify the same
Call Format() and format uSD card with data and verify the same
Setting up the appium desired capabilities
===================================================================================================================================================================================================================================================================================================================================================================================================================================================================================================================================================================================================================================================================================================================================
Clearing Recent Apps
Pass: No recent apps found
Formatting uSD as Internal mount
Launch Settings Application
Scrolling till battery and device care is visible
Clicking on storage
Clicking on this device
Clicking on SD card
Clicking on files
Clicking on more options
Select storage settings
Select format as Internal options
Accept move content  pop-up
Pass: Format as Internal Mount scenario completed Successfull
Launch File Manager Application and clear internal memory
Select  Internal storage
Select More options
click on Select all
Select  Delete permanently
Select More options
Select  Delete permanently
Select  Delete
Pass: Test0_Int Clearing phone internal memory is successfull
===================================================================================================================================================================================================================================================================================================================================================================================================================================================================================================================================================================================================================================================================================================================================
Clearing Recent Apps
Pass: No recent apps found
Launch Camera Application for Rear camera picture capture
IF Change to uSD card notification pop-up exists select Cancel Option
change to SD card element not found : org.openqa.selenium.NoSuchElementException: An element could not be located on the page using the given search parameters.
For documentation on this error, please visit: https://www.seleniumhq.org/exceptions/no_such_element.html
Build info: version: '3.141.59', revision: 'e82be7d358', time: '2018-11-14T08:17:03'
System info: host: 'SD-APPS-090', ip: '10.65.148.57', os.name: 'Windows 10', os.arch: 'amd64', os.version: '10.0', java.version: '1.8.0_202'
Driver info: io.appium.java_client.android.AndroidDriver
Capabilities {automationName: UiAutomator2, databaseEnabled: false, desired: {automationName: UiAutomator2, deviceName: S89, newCommandTimeout: 1200, platformName: android, platformVersion: 11, udid: S890000000000000127}, deviceApiLevel: 31, deviceManufacturer: DOOGEE, deviceModel: S89, deviceName: S890000000000000127, deviceScreenDensity: 480, deviceScreenSize: 1080x2340, deviceUDID: S890000000000000127, javascriptEnabled: true, locationContextEnabled: false, networkConnectionEnabled: true, newCommandTimeout: 1200, pixelRatio: 3, platform: LINUX, platformName: Android, platformVersion: 12, statBarHeight: 90, takesScreenshot: true, udid: S890000000000000127, viewportRect: {height: 2112, left: 0, top: 90, width: 1080}, warnings: {}, webStorageEnabled: false}
Session ID: 25e756fe-73bf-48cc-bc37-fcdff8a05cae
*** Element info: {Using=-android uiautomator, value=new UiSelector().text("DENY")}
if Location permisson Pop Exists Select Cancel Option
Location permission access pop-up  not found : org.openqa.selenium.NoSuchElementException: An element could not be located on the page using the given search parameters.
For documentation on this error, please visit: https://www.seleniumhq.org/exceptions/no_such_element.html
Build info: version: '3.141.59', revision: 'e82be7d358', time: '2018-11-14T08:17:03'
System info: host: 'SD-APPS-090', ip: '10.65.148.57', os.name: 'Windows 10', os.arch: 'amd64', os.version: '10.0', java.version: '1.8.0_202'
Driver info: io.appium.java_client.android.AndroidDriver
Capabilities {automationName: UiAutomator2, databaseEnabled: false, desired: {automationName: UiAutomator2, deviceName: S89, newCommandTimeout: 1200, platformName: android, platformVersion: 11, udid: S890000000000000127}, deviceApiLevel: 31, deviceManufacturer: DOOGEE, deviceModel: S89, deviceName: S890000000000000127, deviceScreenDensity: 480, deviceScreenSize: 1080x2340, deviceUDID: S890000000000000127, javascriptEnabled: true, locationContextEnabled: false, networkConnectionEnabled: true, newCommandTimeout: 1200, pixelRatio: 3, platform: LINUX, platformName: Android, platformVersion: 12, statBarHeight: 90, takesScreenshot: true, udid: S890000000000000127, viewportRect: {height: 2112, left: 0, top: 90, width: 1080}, warnings: {}, webStorageEnabled: false}
Session ID: 25e756fe-73bf-48cc-bc37-fcdff8a05cae
*** Element info: {Using=-android uiautomator, value=new UiSelector().text("START CAPTURE")}
Switch to rear Camera Mode if current Exiting camera is Front camera Mode
Capture Image of Default Resolution
Captureing default resolition image 0
Captureing default resolition image 1
Captureing default resolition image 2
Captureing default resolition image 3
Captureing default resolition image 4
Captureing default resolition image 5
Captureing default resolition image 6
Captureing default resolition image 7
Captureing default resolition image 8
Captureing default resolition image 9
Captureing default resolition image 10
Captureing default resolition image 11
Captureing default resolition image 12
Captureing default resolition image 13
Captureing default resolition image 14
Captureing default resolition image 15
Captureing default resolition image 16
Captureing default resolition image 17
Captureing default resolition image 18
Captureing default resolition image 19
Captureing default resolition image 20
Captureing default resolition image 21
Captureing default resolition image 22
Captureing default resolition image 23
Captureing default resolition image 24
Pass:Total Number Of Image captured 25 is successfull
===================================================================================================================================================================================================================================================================================================================================================================================================================================================================================================================================================================================================================================================================================================================================
Launch File Manager application to verify  Image capture
Select browe
swipe and search for Internal storage
Select  Internal storage
Select DCIM Folder
Select Camera Folder
Select more
click on Select 
Pass: Total Number Of Image captured 25 is successfull
Calling video() for rear video recording in USD card and verifying data capture.
===================================================================================================================================================================================================================================================================================================================================================================================================================================================================================================================================================================================================================================================================================================================================
re-launch camera application for rear camera video recording
IF Change to uSD card notification pop-up exists select Cancel Option
change to SD card element not found : org.openqa.selenium.NoSuchElementException: An element could not be located on the page using the given search parameters.
For documentation on this error, please visit: https://www.seleniumhq.org/exceptions/no_such_element.html
Build info: version: '3.141.59', revision: 'e82be7d358', time: '2018-11-14T08:17:03'
System info: host: 'SD-APPS-090', ip: '10.65.148.57', os.name: 'Windows 10', os.arch: 'amd64', os.version: '10.0', java.version: '1.8.0_202'
Driver info: io.appium.java_client.android.AndroidDriver
Capabilities {automationName: UiAutomator2, databaseEnabled: false, desired: {automationName: UiAutomator2, deviceName: S89, newCommandTimeout: 1200, platformName: android, platformVersion: 11, udid: S890000000000000127}, deviceApiLevel: 31, deviceManufacturer: DOOGEE, deviceModel: S89, deviceName: S890000000000000127, deviceScreenDensity: 480, deviceScreenSize: 1080x2340, deviceUDID: S890000000000000127, javascriptEnabled: true, locationContextEnabled: false, networkConnectionEnabled: true, newCommandTimeout: 1200, pixelRatio: 3, platform: LINUX, platformName: Android, platformVersion: 12, statBarHeight: 90, takesScreenshot: true, udid: S890000000000000127, viewportRect: {height: 2112, left: 0, top: 90, width: 1080}, warnings: {}, webStorageEnabled: false}
Session ID: 25e756fe-73bf-48cc-bc37-fcdff8a05cae
*** Element info: {Using=-android uiautomator, value=new UiSelector().text("DENY")}
if Location permisson Pop Exists Select Cancel Option
Location permission access pop-up  not found : org.openqa.selenium.NoSuchElementException: An element could not be located on the page using the given search parameters.
For documentation on this error, please visit: https://www.seleniumhq.org/exceptions/no_such_element.html
Build info: version: '3.141.59', revision: 'e82be7d358', time: '2018-11-14T08:17:03'
System info: host: 'SD-APPS-090', ip: '10.65.148.57', os.name: 'Windows 10', os.arch: 'amd64', os.version: '10.0', java.version: '1.8.0_202'
Driver info: io.appium.java_client.android.AndroidDriver
Capabilities {automationName: UiAutomator2, databaseEnabled: false, desired: {automationName: UiAutomator2, deviceName: S89, newCommandTimeout: 1200, platformName: android, platformVersion: 11, udid: S890000000000000127}, deviceApiLevel: 31, deviceManufacturer: DOOGEE, deviceModel: S89, deviceName: S890000000000000127, deviceScreenDensity: 480, deviceScreenSize: 1080x2340, deviceUDID: S890000000000000127, javascriptEnabled: true, locationContextEnabled: false, networkConnectionEnabled: true, newCommandTimeout: 1200, pixelRatio: 3, platform: LINUX, platformName: Android, platformVersion: 12, statBarHeight: 90, takesScreenshot: true, udid: S890000000000000127, viewportRect: {height: 2112, left: 0, top: 90, width: 1080}, warnings: {}, webStorageEnabled: false}
Session ID: 25e756fe-73bf-48cc-bc37-fcdff8a05cae
*** Element info: {Using=-android uiautomator, value=new UiSelector().text("START CAPTURE")}
Switch to video recording mode
Select settings option
Select Video size option
Select first highest rear camera video resolution: 1920x1080
Start video recording
Recording Video for 2Minutes of Duration
Stop video recording
Select settings option
Select Video size option
Select second highest rear camera video resolution: 1280x720
Start video recording
Recording Video for 2Minutes of Duration
Stop video recording
Switch to back to photo mode
Pass: Rear camera video recording is successfull
===================================================================================================================================================================================================================================================================================================================================================================================================================================================================================================================================================================================================================================================================================================================================
Verifying Captured Videos
Launch Home screen and Clear recent Apps
Launch File Manager Application to verify captured videos
Click On browse
swipe and search for internal storage
Click On internal storage
Select DCIM Folder
Select Camera Folder
Select moreoptions
Pass: 2 Videos recorded Successfully
Pass: A total of 27 files present in uSD card before Format
calling FormatAsExternal() for format with data scenario
===================================================================================================================================================================================================================================================================================================================================================================================================================================================================================================================================================================================================================================================================================================================================
Formatting Phone as External MOunt
Launch Settings Application
Scrolling till battery and device care is visible
Clicking on storage
Clicking on this device
Clicking on SD card
Clicking on more options
Select Format as portable option
Fomratting Phone as External mount
Pass: Fomrat as External Mount is successfull
===================================================================================================================================================================================================================================================================================================================================================================================================================================================================================================================================================================================================================================================================================================================================
calling FormatAsInternal() for format with data scenario
Formatting uSD card as internal mount
Launch Settings Application
Scrolling till battery and device care is visible
Clicking on storage
Clicking on this device
Clicking on SD card
Clicking on files
Clicking on more options
Select storage settings
Fomrat Phone as Internal mount
Accept format SD Card pop-up
click on movecontent
click on done
Pass:Format as Internal Mount completed Successfull
===================================================================================================================================================================================================================================================================================================================================================================================================================================================================================================================================================================================================================================================================================================================================
Launch File Manager Application
select browse option
swipe and search for internal storage
Click On internal storage
Click on camera Folder
Pass: Images and videos are not present in the DCIM folder, CARD format is successfully completed 
Final Message: Pass Test0_Int Pass for format Operation
Test: End
===================================================================================================================================================================================================================================================================================================================================================================================================================================================================================================================================================================================================================================================================================================================================
]]></system-out>
    <system-err><![CDATA[2023-02-24 15:23:53 INFO   io.appium.java_client.remote.AppiumCommandExecutor$1 lambda$0 Detected dialect: W3C
2023-02-24 15:24:06 INFO   io.appium.java_client.remote.AppiumCommandExecutor$1 lambda$0 Detected dialect: W3C
org.openqa.selenium.InvalidSelectorException: Could not parse selector expression `new UiSelector().content-desc("Clear all")`: UiSelector has no `content-desc` method
For documentation on this error, please visit: https://www.seleniumhq.org/exceptions/invalid_selector_exception.html
Build info: version: '3.141.59', revision: 'e82be7d358', time: '2018-11-14T08:17:03'
System info: host: 'SD-APPS-090', ip: '10.65.148.57', os.name: 'Windows 10', os.arch: 'amd64', os.version: '10.0', java.version: '1.8.0_202'
Driver info: io.appium.java_client.android.AndroidDriver
Capabilities {automationName: UiAutomator2, databaseEnabled: false, desired: {automationName: UiAutomator2, deviceName: S89, newCommandTimeout: 1200, platformName: android, platformVersion: 11, udid: S890000000000000127}, deviceApiLevel: 31, deviceManufacturer: DOOGEE, deviceModel: S89, deviceName: S890000000000000127, deviceScreenDensity: 480, deviceScreenSize: 1080x2340, deviceUDID: S890000000000000127, javascriptEnabled: true, locationContextEnabled: false, networkConnectionEnabled: true, newCommandTimeout: 1200, pixelRatio: 3, platform: LINUX, platformName: Android, platformVersion: 12, statBarHeight: 90, takesScreenshot: true, udid: S890000000000000127, viewportRect: {height: 2112, left: 0, top: 90, width: 1080}, warnings: {}, webStorageEnabled: false}
Session ID: 25e756fe-73bf-48cc-bc37-fcdff8a05cae
*** Element info: {Using=-android uiautomator, value=new UiSelector().content-desc("Clear all")}
	at sun.reflect.NativeConstructorAccessorImpl.newInstance0(Native Method)
	at sun.reflect.NativeConstructorAccessorImpl.newInstance(NativeConstructorAccessorImpl.java:62)
	at sun.reflect.DelegatingConstructorAccessorImpl.newInstance(DelegatingConstructorAccessorImpl.java:45)
	at java.lang.reflect.Constructor.newInstance(Constructor.java:423)
	at org.openqa.selenium.remote.http.W3CHttpResponseCodec.createException(W3CHttpResponseCodec.java:187)
	at org.openqa.selenium.remote.http.W3CHttpResponseCodec.decode(W3CHttpResponseCodec.java:122)
	at org.openqa.selenium.remote.http.W3CHttpResponseCodec.decode(W3CHttpResponseCodec.java:49)
	at org.openqa.selenium.remote.HttpCommandExecutor.execute(HttpCommandExecutor.java:158)
	at io.appium.java_client.remote.AppiumCommandExecutor.execute(AppiumCommandExecutor.java:239)
	at org.openqa.selenium.remote.RemoteWebDriver.execute(RemoteWebDriver.java:552)
	at io.appium.java_client.DefaultGenericMobileDriver.execute(DefaultGenericMobileDriver.java:42)
	at io.appium.java_client.AppiumDriver.execute(AppiumDriver.java:1)
	at io.appium.java_client.android.AndroidDriver.execute(AndroidDriver.java:1)
	at org.openqa.selenium.remote.RemoteWebDriver.findElement(RemoteWebDriver.java:323)
	at io.appium.java_client.DefaultGenericMobileDriver.findElement(DefaultGenericMobileDriver.java:62)
	at io.appium.java_client.AppiumDriver.findElement(AppiumDriver.java:1)
	at io.appium.java_client.android.AndroidDriver.findElement(AndroidDriver.java:1)
	at io.appium.java_client.FindsByAndroidUIAutomator.findElementByAndroidUIAutomator(FindsByAndroidUIAutomator.java:38)
	at Doogee_S89.Test0_Int.start(Test0_Int.java:116)
	at sun.reflect.NativeMethodAccessorImpl.invoke0(Native Method)
	at sun.reflect.NativeMethodAccessorImpl.invoke(NativeMethodAccessorImpl.java:62)
	at sun.reflect.DelegatingMethodAccessorImpl.invoke(DelegatingMethodAccessorImpl.java:43)
	at java.lang.reflect.Method.invoke(Method.java:498)
	at org.testng.internal.MethodInvocationHelper.invokeMethod(MethodInvocationHelper.java:80)
	at org.testng.internal.Invoker.invokeMethod(Invoker.java:673)
	at org.testng.internal.Invoker.invokeTestMethod(Invoker.java:842)
	at org.testng.internal.Invoker.invokeTestMethods(Invoker.java:1166)
	at org.testng.internal.TestMethodWorker.invokeTestMethods(TestMethodWorker.java:125)
	at org.testng.internal.TestMethodWorker.run(TestMethodWorker.java:109)
	at org.testng.TestRunner.runWorkers(TestRunner.java:1178)
	at org.testng.TestRunner.privateRun(TestRunner.java:757)
	at org.testng.TestRunner.run(TestRunner.java:608)
	at org.testng.SuiteRunner.runTest(SuiteRunner.java:334)
	at org.testng.SuiteRunner.runSequentially(SuiteRunner.java:329)
	at org.testng.SuiteRunner.privateRun(SuiteRunner.java:291)
	at org.testng.SuiteRunner.run(SuiteRunner.java:240)
	at org.testng.SuiteRunnerWorker.runSuite(SuiteRunnerWorker.java:52)
	at org.testng.SuiteRunnerWorker.run(SuiteRunnerWorker.java:86)
	at org.testng.TestNG.runSuitesSequentially(TestNG.java:1158)
	at org.testng.TestNG.runSuitesSequentially(TestNG.java:1154)
	at org.testng.TestNG.runSuitesLocally(TestNG.java:1083)
	at org.testng.TestNG.run(TestNG.java:999)
	at org.apache.maven.surefire.testng.TestNGExecutor.run(TestNGExecutor.java:284)
	at org.apache.maven.surefire.testng.TestNGXmlTestSuite.execute(TestNGXmlTestSuite.java:75)
	at org.apache.maven.surefire.testng.TestNGProvider.invoke(TestNGProvider.java:119)
	at org.apache.maven.surefire.booter.ForkedBooter.runSuitesInProcess(ForkedBooter.java:428)
	at org.apache.maven.surefire.booter.ForkedBooter.execute(ForkedBooter.java:162)
	at org.apache.maven.surefire.booter.ForkedBooter.run(ForkedBooter.java:562)
	at org.apache.maven.surefire.booter.ForkedBooter.main(ForkedBooter.java:548)
org.openqa.selenium.InvalidSelectorException: Could not parse selector expression `new UiSelector().content-desc("Clear all")`: UiSelector has no `content-desc` method
For documentation on this error, please visit: https://www.seleniumhq.org/exceptions/invalid_selector_exception.html
Build info: version: '3.141.59', revision: 'e82be7d358', time: '2018-11-14T08:17:03'
System info: host: 'SD-APPS-090', ip: '10.65.148.57', os.name: 'Windows 10', os.arch: 'amd64', os.version: '10.0', java.version: '1.8.0_202'
Driver info: io.appium.java_client.android.AndroidDriver
Capabilities {automationName: UiAutomator2, databaseEnabled: false, desired: {automationName: UiAutomator2, deviceName: S89, newCommandTimeout: 1200, platformName: android, platformVersion: 11, udid: S890000000000000127}, deviceApiLevel: 31, deviceManufacturer: DOOGEE, deviceModel: S89, deviceName: S890000000000000127, deviceScreenDensity: 480, deviceScreenSize: 1080x2340, deviceUDID: S890000000000000127, javascriptEnabled: true, locationContextEnabled: false, networkConnectionEnabled: true, newCommandTimeout: 1200, pixelRatio: 3, platform: LINUX, platformName: Android, platformVersion: 12, statBarHeight: 90, takesScreenshot: true, udid: S890000000000000127, viewportRect: {height: 2112, left: 0, top: 90, width: 1080}, warnings: {}, webStorageEnabled: false}
Session ID: 25e756fe-73bf-48cc-bc37-fcdff8a05cae
*** Element info: {Using=-android uiautomator, value=new UiSelector().content-desc("Clear all")}
	at sun.reflect.NativeConstructorAccessorImpl.newInstance0(Native Method)
	at sun.reflect.NativeConstructorAccessorImpl.newInstance(NativeConstructorAccessorImpl.java:62)
	at sun.reflect.DelegatingConstructorAccessorImpl.newInstance(DelegatingConstructorAccessorImpl.java:45)
	at java.lang.reflect.Constructor.newInstance(Constructor.java:423)
	at org.openqa.selenium.remote.http.W3CHttpResponseCodec.createException(W3CHttpResponseCodec.java:187)
	at org.openqa.selenium.remote.http.W3CHttpResponseCodec.decode(W3CHttpResponseCodec.java:122)
	at org.openqa.selenium.remote.http.W3CHttpResponseCodec.decode(W3CHttpResponseCodec.java:49)
	at org.openqa.selenium.remote.HttpCommandExecutor.execute(HttpCommandExecutor.java:158)
	at io.appium.java_client.remote.AppiumCommandExecutor.execute(AppiumCommandExecutor.java:239)
	at org.openqa.selenium.remote.RemoteWebDriver.execute(RemoteWebDriver.java:552)
	at io.appium.java_client.DefaultGenericMobileDriver.execute(DefaultGenericMobileDriver.java:42)
	at io.appium.java_client.AppiumDriver.execute(AppiumDriver.java:1)
	at io.appium.java_client.android.AndroidDriver.execute(AndroidDriver.java:1)
	at org.openqa.selenium.remote.RemoteWebDriver.findElement(RemoteWebDriver.java:323)
	at io.appium.java_client.DefaultGenericMobileDriver.findElement(DefaultGenericMobileDriver.java:62)
	at io.appium.java_client.AppiumDriver.findElement(AppiumDriver.java:1)
	at io.appium.java_client.android.AndroidDriver.findElement(AndroidDriver.java:1)
	at io.appium.java_client.FindsByAndroidUIAutomator.findElementByAndroidUIAutomator(FindsByAndroidUIAutomator.java:38)
	at Doogee_S89.Test0_Int.Images(Test0_Int.java:407)
	at Doogee_S89.Test0_Int.start(Test0_Int.java:201)
	at sun.reflect.NativeMethodAccessorImpl.invoke0(Native Method)
	at sun.reflect.NativeMethodAccessorImpl.invoke(NativeMethodAccessorImpl.java:62)
	at sun.reflect.DelegatingMethodAccessorImpl.invoke(DelegatingMethodAccessorImpl.java:43)
	at java.lang.reflect.Method.invoke(Method.java:498)
	at org.testng.internal.MethodInvocationHelper.invokeMethod(MethodInvocationHelper.java:80)
	at org.testng.internal.Invoker.invokeMethod(Invoker.java:673)
	at org.testng.internal.Invoker.invokeTestMethod(Invoker.java:842)
	at org.testng.internal.Invoker.invokeTestMethods(Invoker.java:1166)
	at org.testng.internal.TestMethodWorker.invokeTestMethods(TestMethodWorker.java:125)
	at org.testng.internal.TestMethodWorker.run(TestMethodWorker.java:109)
	at org.testng.TestRunner.runWorkers(TestRunner.java:1178)
	at org.testng.TestRunner.privateRun(TestRunner.java:757)
	at org.testng.TestRunner.run(TestRunner.java:608)
	at org.testng.SuiteRunner.runTest(SuiteRunner.java:334)
	at org.testng.SuiteRunner.runSequentially(SuiteRunner.java:329)
	at org.testng.SuiteRunner.privateRun(SuiteRunner.java:291)
	at org.testng.SuiteRunner.run(SuiteRunner.java:240)
	at org.testng.SuiteRunnerWorker.runSuite(SuiteRunnerWorker.java:52)
	at org.testng.SuiteRunnerWorker.run(SuiteRunnerWorker.java:86)
	at org.testng.TestNG.runSuitesSequentially(TestNG.java:1158)
	at org.testng.TestNG.runSuitesSequentially(TestNG.java:1154)
	at org.testng.TestNG.runSuitesLocally(TestNG.java:1083)
	at org.testng.TestNG.run(TestNG.java:999)
	at org.apache.maven.surefire.testng.TestNGExecutor.run(TestNGExecutor.java:284)
	at org.apache.maven.surefire.testng.TestNGXmlTestSuite.execute(TestNGXmlTestSuite.java:75)
	at org.apache.maven.surefire.testng.TestNGProvider.invoke(TestNGProvider.java:119)
	at org.apache.maven.surefire.booter.ForkedBooter.runSuitesInProcess(ForkedBooter.java:428)
	at org.apache.maven.surefire.booter.ForkedBooter.execute(ForkedBooter.java:162)
	at org.apache.maven.surefire.booter.ForkedBooter.run(ForkedBooter.java:562)
	at org.apache.maven.surefire.booter.ForkedBooter.main(ForkedBooter.java:548)
org.openqa.selenium.NoSuchElementException: An element could not be located on the page using the given search parameters.
For documentation on this error, please visit: https://www.seleniumhq.org/exceptions/no_such_element.html
Build info: version: '3.141.59', revision: 'e82be7d358', time: '2018-11-14T08:17:03'
System info: host: 'SD-APPS-090', ip: '10.65.148.57', os.name: 'Windows 10', os.arch: 'amd64', os.version: '10.0', java.version: '1.8.0_202'
Driver info: io.appium.java_client.android.AndroidDriver
Capabilities {automationName: UiAutomator2, databaseEnabled: false, desired: {automationName: UiAutomator2, deviceName: S89, newCommandTimeout: 1200, platformName: android, platformVersion: 11, udid: S890000000000000127}, deviceApiLevel: 31, deviceManufacturer: DOOGEE, deviceModel: S89, deviceName: S890000000000000127, deviceScreenDensity: 480, deviceScreenSize: 1080x2340, deviceUDID: S890000000000000127, javascriptEnabled: true, locationContextEnabled: false, networkConnectionEnabled: true, newCommandTimeout: 1200, pixelRatio: 3, platform: LINUX, platformName: Android, platformVersion: 12, statBarHeight: 90, takesScreenshot: true, udid: S890000000000000127, viewportRect: {height: 2112, left: 0, top: 90, width: 1080}, warnings: {}, webStorageEnabled: false}
Session ID: 25e756fe-73bf-48cc-bc37-fcdff8a05cae
*** Element info: {Using=-android uiautomator, value=new UiSelector().text("Camera")}
	at sun.reflect.NativeConstructorAccessorImpl.newInstance0(Native Method)
	at sun.reflect.NativeConstructorAccessorImpl.newInstance(NativeConstructorAccessorImpl.java:62)
	at sun.reflect.DelegatingConstructorAccessorImpl.newInstance(DelegatingConstructorAccessorImpl.java:45)
	at java.lang.reflect.Constructor.newInstance(Constructor.java:423)
	at org.openqa.selenium.remote.http.W3CHttpResponseCodec.createException(W3CHttpResponseCodec.java:187)
	at org.openqa.selenium.remote.http.W3CHttpResponseCodec.decode(W3CHttpResponseCodec.java:122)
	at org.openqa.selenium.remote.http.W3CHttpResponseCodec.decode(W3CHttpResponseCodec.java:49)
	at org.openqa.selenium.remote.HttpCommandExecutor.execute(HttpCommandExecutor.java:158)
	at io.appium.java_client.remote.AppiumCommandExecutor.execute(AppiumCommandExecutor.java:239)
	at org.openqa.selenium.remote.RemoteWebDriver.execute(RemoteWebDriver.java:552)
	at io.appium.java_client.DefaultGenericMobileDriver.execute(DefaultGenericMobileDriver.java:42)
	at io.appium.java_client.AppiumDriver.execute(AppiumDriver.java:1)
	at io.appium.java_client.android.AndroidDriver.execute(AndroidDriver.java:1)
	at org.openqa.selenium.remote.RemoteWebDriver.findElement(RemoteWebDriver.java:323)
	at io.appium.java_client.DefaultGenericMobileDriver.findElement(DefaultGenericMobileDriver.java:62)
	at io.appium.java_client.AppiumDriver.findElement(AppiumDriver.java:1)
	at io.appium.java_client.android.AndroidDriver.findElement(AndroidDriver.java:1)
	at io.appium.java_client.FindsByAndroidUIAutomator.findElementByAndroidUIAutomator(FindsByAndroidUIAutomator.java:38)
	at Doogee_S89.Test0_Int.FormatASInternal(Test0_Int.java:905)
	at Doogee_S89.Test0_Int.Video(Test0_Int.java:763)
	at Doogee_S89.Test0_Int.Images(Test0_Int.java:546)
	at Doogee_S89.Test0_Int.start(Test0_Int.java:201)
	at sun.reflect.NativeMethodAccessorImpl.invoke0(Native Method)
	at sun.reflect.NativeMethodAccessorImpl.invoke(NativeMethodAccessorImpl.java:62)
	at sun.reflect.DelegatingMethodAccessorImpl.invoke(DelegatingMethodAccessorImpl.java:43)
	at java.lang.reflect.Method.invoke(Method.java:498)
	at org.testng.internal.MethodInvocationHelper.invokeMethod(MethodInvocationHelper.java:80)
	at org.testng.internal.Invoker.invokeMethod(Invoker.java:673)
	at org.testng.internal.Invoker.invokeTestMethod(Invoker.java:842)
	at org.testng.internal.Invoker.invokeTestMethods(Invoker.java:1166)
	at org.testng.internal.TestMethodWorker.invokeTestMethods(TestMethodWorker.java:125)
	at org.testng.internal.TestMethodWorker.run(TestMethodWorker.java:109)
	at org.testng.TestRunner.runWorkers(TestRunner.java:1178)
	at org.testng.TestRunner.privateRun(TestRunner.java:757)
	at org.testng.TestRunner.run(TestRunner.java:608)
	at org.testng.SuiteRunner.runTest(SuiteRunner.java:334)
	at org.testng.SuiteRunner.runSequentially(SuiteRunner.java:329)
	at org.testng.SuiteRunner.privateRun(SuiteRunner.java:291)
	at org.testng.SuiteRunner.run(SuiteRunner.java:240)
	at org.testng.SuiteRunnerWorker.runSuite(SuiteRunnerWorker.java:52)
	at org.testng.SuiteRunnerWorker.run(SuiteRunnerWorker.java:86)
	at org.testng.TestNG.runSuitesSequentially(TestNG.java:1158)
	at org.testng.TestNG.runSuitesSequentially(TestNG.java:1154)
	at org.testng.TestNG.runSuitesLocally(TestNG.java:1083)
	at org.testng.TestNG.run(TestNG.java:999)
	at org.apache.maven.surefire.testng.TestNGExecutor.run(TestNGExecutor.java:284)
	at org.apache.maven.surefire.testng.TestNGXmlTestSuite.execute(TestNGXmlTestSuite.java:75)
	at org.apache.maven.surefire.testng.TestNGProvider.invoke(TestNGProvider.java:119)
	at org.apache.maven.surefire.booter.ForkedBooter.runSuitesInProcess(ForkedBooter.java:428)
	at org.apache.maven.surefire.booter.ForkedBooter.execute(ForkedBooter.java:162)
	at org.apache.maven.surefire.booter.ForkedBooter.run(ForkedBooter.java:562)
	at org.apache.maven.surefire.booter.ForkedBooter.main(ForkedBooter.java:548)
]]></system-err>
  </testcase>
  <testcase name="Format" classname="Doogee_S89.Test3_Int" time="534.492">
    <system-out><![CDATA[Test: Start
===================================================================================================================================================================================================================================================================================================================================================================================================================================================================================================================================================================================================================================================================================================================================
Test3_Int Scenario is as follows
1.Mount,Unmount uSD Card and Format uSD card as Internal mount for specified number of times
Setting up the appium desired capabilities
===================================================================================================================================================================================================================================================================================================================================================================================================================================================================================================================================================================================================================================================================================================================================
Clearing Recent Apps
Pass: No recent apps found
Number of Unmount,mount and Format cycles = 1
Scrolling till battery and device care is visible
Clicking on storage
Clicking on this device
Clicking on SD card
Clicking on more options
Select Format as portable option
If format as portable option exists? call formatAsExternal()
Phone current status is internal mount, performing external mount
Calling FormatAsExternal() to format as SD as external mount
Format Phone as External MOunt
Launch Settings Application
Scrolling till battery and device care is visible
Clicking on storage
Clicking on this device
Clicking on SD card
Clicking on more options
Select Format as portable option
Fomratting Phone as External mount
Calling FormatAsInternal()
Formatting uSD card as internal mount
Launch Settings Application
Scrolling till battery and device care is visible
Clicking on storage
Clicking on this device
Clicking on SD card
Clicking on files
Clicking on more options
Select storage settings
Select format as Internal options
Accept move content  pop-up
Pass:Format as Internal Mount completed Successfull
Launch file manager
select internal storage
Click on DCIM Folder
Pass: Test3_Int format as internal mount is Successfull
Final Message: Pass Test3_Int Pass for internal mount is successfull
Test: End
===================================================================================================================================================================================================================================================================================================================================================================================================================================================================================================================================================================================================================================================================================================================================
===================================================================================================================================================================================================================================================================================================================================================================================================================================================================================================================================================================================================================================================================================================================================
===================================================================================================================================================================================================================================================================================================================================================================================================================================================================================================================================================================================================================================================================================================================================
]]></system-out>
    <system-err><![CDATA[2023-02-24 15:50:57 INFO   io.appium.java_client.remote.AppiumCommandExecutor$1 lambda$0 Detected dialect: W3C
2023-02-24 15:51:09 INFO   io.appium.java_client.remote.AppiumCommandExecutor$1 lambda$0 Detected dialect: W3C
org.openqa.selenium.InvalidSelectorException: Could not parse selector expression `new UiSelector().content-desc("Clear all")`: UiSelector has no `content-desc` method
For documentation on this error, please visit: https://www.seleniumhq.org/exceptions/invalid_selector_exception.html
Build info: version: '3.141.59', revision: 'e82be7d358', time: '2018-11-14T08:17:03'
System info: host: 'SD-APPS-090', ip: '10.65.148.57', os.name: 'Windows 10', os.arch: 'amd64', os.version: '10.0', java.version: '1.8.0_202'
Driver info: io.appium.java_client.android.AndroidDriver
Capabilities {automationName: UiAutomator2, databaseEnabled: false, desired: {automationName: UiAutomator2, deviceName: S89, newCommandTimeout: 1200, platformName: android, platformVersion: 11, udid: S890000000000000127}, deviceApiLevel: 31, deviceManufacturer: DOOGEE, deviceModel: S89, deviceName: S890000000000000127, deviceScreenDensity: 480, deviceScreenSize: 1080x2340, deviceUDID: S890000000000000127, javascriptEnabled: true, locationContextEnabled: false, networkConnectionEnabled: true, newCommandTimeout: 1200, pixelRatio: 3, platform: LINUX, platformName: Android, platformVersion: 12, statBarHeight: 90, takesScreenshot: true, udid: S890000000000000127, viewportRect: {height: 2112, left: 0, top: 90, width: 1080}, warnings: {}, webStorageEnabled: false}
Session ID: ddb39737-3b57-4593-abda-3c848d0cfe66
*** Element info: {Using=-android uiautomator, value=new UiSelector().content-desc("Clear all")}
	at sun.reflect.NativeConstructorAccessorImpl.newInstance0(Native Method)
	at sun.reflect.NativeConstructorAccessorImpl.newInstance(NativeConstructorAccessorImpl.java:62)
	at sun.reflect.DelegatingConstructorAccessorImpl.newInstance(DelegatingConstructorAccessorImpl.java:45)
	at java.lang.reflect.Constructor.newInstance(Constructor.java:423)
	at org.openqa.selenium.remote.http.W3CHttpResponseCodec.createException(W3CHttpResponseCodec.java:187)
	at org.openqa.selenium.remote.http.W3CHttpResponseCodec.decode(W3CHttpResponseCodec.java:122)
	at org.openqa.selenium.remote.http.W3CHttpResponseCodec.decode(W3CHttpResponseCodec.java:49)
	at org.openqa.selenium.remote.HttpCommandExecutor.execute(HttpCommandExecutor.java:158)
	at io.appium.java_client.remote.AppiumCommandExecutor.execute(AppiumCommandExecutor.java:239)
	at org.openqa.selenium.remote.RemoteWebDriver.execute(RemoteWebDriver.java:552)
	at io.appium.java_client.DefaultGenericMobileDriver.execute(DefaultGenericMobileDriver.java:42)
	at io.appium.java_client.AppiumDriver.execute(AppiumDriver.java:1)
	at io.appium.java_client.android.AndroidDriver.execute(AndroidDriver.java:1)
	at org.openqa.selenium.remote.RemoteWebDriver.findElement(RemoteWebDriver.java:323)
	at io.appium.java_client.DefaultGenericMobileDriver.findElement(DefaultGenericMobileDriver.java:62)
	at io.appium.java_client.AppiumDriver.findElement(AppiumDriver.java:1)
	at io.appium.java_client.android.AndroidDriver.findElement(AndroidDriver.java:1)
	at io.appium.java_client.FindsByAndroidUIAutomator.findElementByAndroidUIAutomator(FindsByAndroidUIAutomator.java:38)
	at Doogee_S89.Test3_Int.Format(Test3_Int.java:109)
	at sun.reflect.NativeMethodAccessorImpl.invoke0(Native Method)
	at sun.reflect.NativeMethodAccessorImpl.invoke(NativeMethodAccessorImpl.java:62)
	at sun.reflect.DelegatingMethodAccessorImpl.invoke(DelegatingMethodAccessorImpl.java:43)
	at java.lang.reflect.Method.invoke(Method.java:498)
	at org.testng.internal.MethodInvocationHelper.invokeMethod(MethodInvocationHelper.java:80)
	at org.testng.internal.Invoker.invokeMethod(Invoker.java:673)
	at org.testng.internal.Invoker.invokeTestMethod(Invoker.java:842)
	at org.testng.internal.Invoker.invokeTestMethods(Invoker.java:1166)
	at org.testng.internal.TestMethodWorker.invokeTestMethods(TestMethodWorker.java:125)
	at org.testng.internal.TestMethodWorker.run(TestMethodWorker.java:109)
	at org.testng.TestRunner.runWorkers(TestRunner.java:1178)
	at org.testng.TestRunner.privateRun(TestRunner.java:757)
	at org.testng.TestRunner.run(TestRunner.java:608)
	at org.testng.SuiteRunner.runTest(SuiteRunner.java:334)
	at org.testng.SuiteRunner.runSequentially(SuiteRunner.java:329)
	at org.testng.SuiteRunner.privateRun(SuiteRunner.java:291)
	at org.testng.SuiteRunner.run(SuiteRunner.java:240)
	at org.testng.SuiteRunnerWorker.runSuite(SuiteRunnerWorker.java:52)
	at org.testng.SuiteRunnerWorker.run(SuiteRunnerWorker.java:86)
	at org.testng.TestNG.runSuitesSequentially(TestNG.java:1158)
	at org.testng.TestNG.runSuitesSequentially(TestNG.java:1154)
	at org.testng.TestNG.runSuitesLocally(TestNG.java:1083)
	at org.testng.TestNG.run(TestNG.java:999)
	at org.apache.maven.surefire.testng.TestNGExecutor.run(TestNGExecutor.java:284)
	at org.apache.maven.surefire.testng.TestNGXmlTestSuite.execute(TestNGXmlTestSuite.java:75)
	at org.apache.maven.surefire.testng.TestNGProvider.invoke(TestNGProvider.java:119)
	at org.apache.maven.surefire.booter.ForkedBooter.runSuitesInProcess(ForkedBooter.java:428)
	at org.apache.maven.surefire.booter.ForkedBooter.execute(ForkedBooter.java:162)
	at org.apache.maven.surefire.booter.ForkedBooter.run(ForkedBooter.java:562)
	at org.apache.maven.surefire.booter.ForkedBooter.main(ForkedBooter.java:548)
org.openqa.selenium.NoSuchElementException: An element could not be located on the page using the given search parameters.
For documentation on this error, please visit: https://www.seleniumhq.org/exceptions/no_such_element.html
Build info: version: '3.141.59', revision: 'e82be7d358', time: '2018-11-14T08:17:03'
System info: host: 'SD-APPS-090', ip: '10.65.148.57', os.name: 'Windows 10', os.arch: 'amd64', os.version: '10.0', java.version: '1.8.0_202'
Driver info: io.appium.java_client.android.AndroidDriver
Capabilities {automationName: UiAutomator2, databaseEnabled: false, desired: {automationName: UiAutomator2, deviceName: S89, newCommandTimeout: 1200, platformName: android, platformVersion: 11, udid: S890000000000000127}, deviceApiLevel: 31, deviceManufacturer: DOOGEE, deviceModel: S89, deviceName: S890000000000000127, deviceScreenDensity: 480, deviceScreenSize: 1080x2340, deviceUDID: S890000000000000127, javascriptEnabled: true, locationContextEnabled: false, networkConnectionEnabled: true, newCommandTimeout: 1200, pixelRatio: 3, platform: LINUX, platformName: Android, platformVersion: 12, statBarHeight: 90, takesScreenshot: true, udid: S890000000000000127, viewportRect: {height: 2112, left: 0, top: 90, width: 1080}, warnings: {}, webStorageEnabled: false}
Session ID: ddb39737-3b57-4593-abda-3c848d0cfe66
*** Element info: {Using=-android uiautomator, value=new UiSelector().text("DCIM")}
	at sun.reflect.NativeConstructorAccessorImpl.newInstance0(Native Method)
	at sun.reflect.NativeConstructorAccessorImpl.newInstance(NativeConstructorAccessorImpl.java:62)
	at sun.reflect.DelegatingConstructorAccessorImpl.newInstance(DelegatingConstructorAccessorImpl.java:45)
	at java.lang.reflect.Constructor.newInstance(Constructor.java:423)
	at org.openqa.selenium.remote.http.W3CHttpResponseCodec.createException(W3CHttpResponseCodec.java:187)
	at org.openqa.selenium.remote.http.W3CHttpResponseCodec.decode(W3CHttpResponseCodec.java:122)
	at org.openqa.selenium.remote.http.W3CHttpResponseCodec.decode(W3CHttpResponseCodec.java:49)
	at org.openqa.selenium.remote.HttpCommandExecutor.execute(HttpCommandExecutor.java:158)
	at io.appium.java_client.remote.AppiumCommandExecutor.execute(AppiumCommandExecutor.java:239)
	at org.openqa.selenium.remote.RemoteWebDriver.execute(RemoteWebDriver.java:552)
	at io.appium.java_client.DefaultGenericMobileDriver.execute(DefaultGenericMobileDriver.java:42)
	at io.appium.java_client.AppiumDriver.execute(AppiumDriver.java:1)
	at io.appium.java_client.android.AndroidDriver.execute(AndroidDriver.java:1)
	at org.openqa.selenium.remote.RemoteWebDriver.findElement(RemoteWebDriver.java:323)
	at io.appium.java_client.DefaultGenericMobileDriver.findElement(DefaultGenericMobileDriver.java:62)
	at io.appium.java_client.AppiumDriver.findElement(AppiumDriver.java:1)
	at io.appium.java_client.android.AndroidDriver.findElement(AndroidDriver.java:1)
	at io.appium.java_client.FindsByAndroidUIAutomator.findElementByAndroidUIAutomator(FindsByAndroidUIAutomator.java:38)
	at Doogee_S89.Test3_Int.FormatAsInternal(Test3_Int.java:449)
	at Doogee_S89.Test3_Int.FormatAsExternal(Test3_Int.java:319)
	at Doogee_S89.Test3_Int.Format(Test3_Int.java:188)
	at sun.reflect.NativeMethodAccessorImpl.invoke0(Native Method)
	at sun.reflect.NativeMethodAccessorImpl.invoke(NativeMethodAccessorImpl.java:62)
	at sun.reflect.DelegatingMethodAccessorImpl.invoke(DelegatingMethodAccessorImpl.java:43)
	at java.lang.reflect.Method.invoke(Method.java:498)
	at org.testng.internal.MethodInvocationHelper.invokeMethod(MethodInvocationHelper.java:80)
	at org.testng.internal.Invoker.invokeMethod(Invoker.java:673)
	at org.testng.internal.Invoker.invokeTestMethod(Invoker.java:842)
	at org.testng.internal.Invoker.invokeTestMethods(Invoker.java:1166)
	at org.testng.internal.TestMethodWorker.invokeTestMethods(TestMethodWorker.java:125)
	at org.testng.internal.TestMethodWorker.run(TestMethodWorker.java:109)
	at org.testng.TestRunner.runWorkers(TestRunner.java:1178)
	at org.testng.TestRunner.privateRun(TestRunner.java:757)
	at org.testng.TestRunner.run(TestRunner.java:608)
	at org.testng.SuiteRunner.runTest(SuiteRunner.java:334)
	at org.testng.SuiteRunner.runSequentially(SuiteRunner.java:329)
	at org.testng.SuiteRunner.privateRun(SuiteRunner.java:291)
	at org.testng.SuiteRunner.run(SuiteRunner.java:240)
	at org.testng.SuiteRunnerWorker.runSuite(SuiteRunnerWorker.java:52)
	at org.testng.SuiteRunnerWorker.run(SuiteRunnerWorker.java:86)
	at org.testng.TestNG.runSuitesSequentially(TestNG.java:1158)
	at org.testng.TestNG.runSuitesSequentially(TestNG.java:1154)
	at org.testng.TestNG.runSuitesLocally(TestNG.java:1083)
	at org.testng.TestNG.run(TestNG.java:999)
	at org.apache.maven.surefire.testng.TestNGExecutor.run(TestNGExecutor.java:284)
	at org.apache.maven.surefire.testng.TestNGXmlTestSuite.execute(TestNGXmlTestSuite.java:75)
	at org.apache.maven.surefire.testng.TestNGProvider.invoke(TestNGProvider.java:119)
	at org.apache.maven.surefire.booter.ForkedBooter.runSuitesInProcess(ForkedBooter.java:428)
	at org.apache.maven.surefire.booter.ForkedBooter.execute(ForkedBooter.java:162)
	at org.apache.maven.surefire.booter.ForkedBooter.run(ForkedBooter.java:562)
	at org.apache.maven.surefire.booter.ForkedBooter.main(ForkedBooter.java:548)
]]></system-err>
  </testcase>
  <testcase name="CopyPaste" classname="Doogee_S89.Test18_Int" time="787.191">
    <system-out><![CDATA[Test: Start
===================================================================================================================================================================================================================================================================================================================================================================================================================================================================================================================================================================================================================================================================================================================================
1.Pushing 1GB zip File to Host Internal Memory via server folder named as Test1 
2.Extracting zip file in Host internal memory
3.Copy  1GB file (Test1) from host internal memory,Create a folder named Test2 in Internal storage paste Test1 folder in Test2
4.Create folder name(New_Scenario in internal memory, select folder name(Test2) from internal memory and perform cut paste operation
Setting up the appium desired capabilities
===================================================================================================================================================================================================================================================================================================================================================================================================================================================================================================================================================================================================================================================================================================================================
Clearing Recent Apps
Pass: No recent apps found
Pushing zip file to host internal memory
Push file is successfull
Launch File Manager Application and clear internal memory
Select  Internal storage
Select Test1 Folder internal storage
Select  zip file
Select Extract option
Extracting Push zip file as Folder named Test1
Extracting Complete
Select More Options
Select create folder option
Name folder as Test2
Click Create option
Test2 folder created successfully in external storage
Select Test1 Folder from external storage
Select More Options
Select Copy to
Select Internal storage
Swipe up and select test2 folder
Select Test2 Folder
Select Copy here
Copy paste Test1 folder data to Test2 folder within external storage is successfull
Select More Options
Select create folder option
Name folder as New_Scenario
Accept create folder
Select Test2 Folder from internal Storage
Select More Options
Select Copy to
Select Internal storage
Select New_scenario folder
Select Move here
Pass: Test18_Int Pass for Cut paste Operation
===================================================================================================================================================================================================================================================================================================================================================================================================================================================================================================================================================================================================================================================================================================================================
Final Message: Pass Test18_Int Pass for copy paste & cut paste operation
Test: End
===================================================================================================================================================================================================================================================================================================================================================================================================================================================================================================================================================================================================================================================================================================================================
]]></system-out>
    <system-err><![CDATA[2023-02-24 16:00:04 INFO   io.appium.java_client.remote.AppiumCommandExecutor$1 lambda$0 Detected dialect: W3C
2023-02-24 16:00:21 INFO   io.appium.java_client.remote.AppiumCommandExecutor$1 lambda$0 Detected dialect: W3C
org.openqa.selenium.InvalidSelectorException: Could not parse selector expression `new UiSelector().content-desc("Clear all")`: UiSelector has no `content-desc` method
For documentation on this error, please visit: https://www.seleniumhq.org/exceptions/invalid_selector_exception.html
Build info: version: '3.141.59', revision: 'e82be7d358', time: '2018-11-14T08:17:03'
System info: host: 'SD-APPS-090', ip: '10.65.148.57', os.name: 'Windows 10', os.arch: 'amd64', os.version: '10.0', java.version: '1.8.0_202'
Driver info: io.appium.java_client.android.AndroidDriver
Capabilities {automationName: UiAutomator2, databaseEnabled: false, desired: {automationName: UiAutomator2, deviceName: S89, newCommandTimeout: 1200, platformName: android, platformVersion: 11, udid: S890000000000000127}, deviceApiLevel: 31, deviceManufacturer: DOOGEE, deviceModel: S89, deviceName: S890000000000000127, deviceScreenDensity: 480, deviceScreenSize: 1080x2340, deviceUDID: S890000000000000127, javascriptEnabled: true, locationContextEnabled: false, networkConnectionEnabled: true, newCommandTimeout: 1200, pixelRatio: 3, platform: LINUX, platformName: Android, platformVersion: 12, statBarHeight: 90, takesScreenshot: true, udid: S890000000000000127, viewportRect: {height: 2112, left: 0, top: 90, width: 1080}, warnings: {}, webStorageEnabled: false}
Session ID: 1a95c3ca-de50-4bb2-9d24-a2a28477bef1
*** Element info: {Using=-android uiautomator, value=new UiSelector().content-desc("Clear all")}
	at sun.reflect.NativeConstructorAccessorImpl.newInstance0(Native Method)
	at sun.reflect.NativeConstructorAccessorImpl.newInstance(NativeConstructorAccessorImpl.java:62)
	at sun.reflect.DelegatingConstructorAccessorImpl.newInstance(DelegatingConstructorAccessorImpl.java:45)
	at java.lang.reflect.Constructor.newInstance(Constructor.java:423)
	at org.openqa.selenium.remote.http.W3CHttpResponseCodec.createException(W3CHttpResponseCodec.java:187)
	at org.openqa.selenium.remote.http.W3CHttpResponseCodec.decode(W3CHttpResponseCodec.java:122)
	at org.openqa.selenium.remote.http.W3CHttpResponseCodec.decode(W3CHttpResponseCodec.java:49)
	at org.openqa.selenium.remote.HttpCommandExecutor.execute(HttpCommandExecutor.java:158)
	at io.appium.java_client.remote.AppiumCommandExecutor.execute(AppiumCommandExecutor.java:239)
	at org.openqa.selenium.remote.RemoteWebDriver.execute(RemoteWebDriver.java:552)
	at io.appium.java_client.DefaultGenericMobileDriver.execute(DefaultGenericMobileDriver.java:42)
	at io.appium.java_client.AppiumDriver.execute(AppiumDriver.java:1)
	at io.appium.java_client.android.AndroidDriver.execute(AndroidDriver.java:1)
	at org.openqa.selenium.remote.RemoteWebDriver.findElement(RemoteWebDriver.java:323)
	at io.appium.java_client.DefaultGenericMobileDriver.findElement(DefaultGenericMobileDriver.java:62)
	at io.appium.java_client.AppiumDriver.findElement(AppiumDriver.java:1)
	at io.appium.java_client.android.AndroidDriver.findElement(AndroidDriver.java:1)
	at io.appium.java_client.FindsByAndroidUIAutomator.findElementByAndroidUIAutomator(FindsByAndroidUIAutomator.java:38)
	at Doogee_S89.Test18_Int.CopyPaste(Test18_Int.java:100)
	at sun.reflect.NativeMethodAccessorImpl.invoke0(Native Method)
	at sun.reflect.NativeMethodAccessorImpl.invoke(NativeMethodAccessorImpl.java:62)
	at sun.reflect.DelegatingMethodAccessorImpl.invoke(DelegatingMethodAccessorImpl.java:43)
	at java.lang.reflect.Method.invoke(Method.java:498)
	at org.testng.internal.MethodInvocationHelper.invokeMethod(MethodInvocationHelper.java:80)
	at org.testng.internal.Invoker.invokeMethod(Invoker.java:673)
	at org.testng.internal.Invoker.invokeTestMethod(Invoker.java:842)
	at org.testng.internal.Invoker.invokeTestMethods(Invoker.java:1166)
	at org.testng.internal.TestMethodWorker.invokeTestMethods(TestMethodWorker.java:125)
	at org.testng.internal.TestMethodWorker.run(TestMethodWorker.java:109)
	at org.testng.TestRunner.runWorkers(TestRunner.java:1178)
	at org.testng.TestRunner.privateRun(TestRunner.java:757)
	at org.testng.TestRunner.run(TestRunner.java:608)
	at org.testng.SuiteRunner.runTest(SuiteRunner.java:334)
	at org.testng.SuiteRunner.runSequentially(SuiteRunner.java:329)
	at org.testng.SuiteRunner.privateRun(SuiteRunner.java:291)
	at org.testng.SuiteRunner.run(SuiteRunner.java:240)
	at org.testng.SuiteRunnerWorker.runSuite(SuiteRunnerWorker.java:52)
	at org.testng.SuiteRunnerWorker.run(SuiteRunnerWorker.java:86)
	at org.testng.TestNG.runSuitesSequentially(TestNG.java:1158)
	at org.testng.TestNG.runSuitesSequentially(TestNG.java:1154)
	at org.testng.TestNG.runSuitesLocally(TestNG.java:1083)
	at org.testng.TestNG.run(TestNG.java:999)
	at org.apache.maven.surefire.testng.TestNGExecutor.run(TestNGExecutor.java:284)
	at org.apache.maven.surefire.testng.TestNGXmlTestSuite.execute(TestNGXmlTestSuite.java:75)
	at org.apache.maven.surefire.testng.TestNGProvider.invoke(TestNGProvider.java:119)
	at org.apache.maven.surefire.booter.ForkedBooter.runSuitesInProcess(ForkedBooter.java:428)
	at org.apache.maven.surefire.booter.ForkedBooter.execute(ForkedBooter.java:162)
	at org.apache.maven.surefire.booter.ForkedBooter.run(ForkedBooter.java:562)
	at org.apache.maven.surefire.booter.ForkedBooter.main(ForkedBooter.java:548)
]]></system-err>
  </testcase>
  <testcase name="recordAudio" classname="Doogee_S89.Test8_Int" time="604.997">
    <system-out><![CDATA[Test: Start
===================================================================================================================================================================================================================================================================================================================================================================================================================================================================================================================================================================================================================================================================================================================================
Test8_Int scenario is as follows
1.Launch mobile default voice recording application and set  storage option, record audio file for 2 minutes duration
2.Launch file manager application and playback recorded audio file from internal storage, fast forward audio file and pause
3.Launch file manager application and playback copied audio files from internal storage the files are placed in the Test1 folder
Setting up the appium desired capabilities
===================================================================================================================================================================================================================================================================================================================================================================================================================================================================================================================================================================================================================================================================================================================================
Clear Recent Apps
Clearing Recent Apps
Pass: No recent apps found
Launch Voice recorder application for Audio recording
Launch Voice recorder application for Audio recording
Start Recording
Stop Recording
click on ok
Pass: Test8_Int pass for recording an audio file
Calling PlayRecordedAudio() for Audio play back and fast forward scenario
===================================================================================================================================================================================================================================================================================================================================================================================================================================================================================================================================================================================================================================================================================================================================
Clearing Recent Apps
Pass: No recent apps found
Launch File Manager Application
Click On internal storage
Select gird view
Select recordings
switch to list view mode
Select mp3 audio-file 
Select files by goggle 
Fast Forwarding Audio for 10 Seconds 
click on pause button
Pass: Test8_Int Pass for playing, fast forward, and pause recorded audio file scenario
Calling PlayCopiedAudioFile() for copied audio files from Test1 folder
===================================================================================================================================================================================================================================================================================================================================================================================================================================================================================================================================================================================================================================================================================================================================
Launch File Manager Application
Swipe up and select uSD card
Select  Internal storage
Select Test1 folder
Select Test_file folder
Select 1GB folder
Select MP3 files Folder
Playing first audio file from Test1 folder
Fast Forwarding Audio for 10 Seconds
Continue audio playback
Pause Audio
Pass: first audio file palyback and fast forward scenario is successfull
Playing second audio file from Test1 folder
Fast Forwarding Audio for 10 Seconds
Continue audio playback
Pause Audio
Pass: Second audio file palyback and fast forward scenario is successfull
Playing third audio file from Test1 folder
Fast Forwarding Audio for 10 Seconds
Continue audio playback
Pause Audio
Pass: Third audio file palyback and fast forward scenario is successfull
Pass: Test8_Int Pass for Recorded and copied audio play back and fast forward scenario 
===================================================================================================================================================================================================================================================================================================================================================================================================================================================================================================================================================================================================================================================================================================================================
Final Message: Pass Test8_Int Pass for Recorded and copied audio play back and fast forward scenario
Test: End
===================================================================================================================================================================================================================================================================================================================================================================================================================================================================================================================================================================================================================================================================================================================================
]]></system-out>
    <system-err><![CDATA[2023-02-24 16:13:25 INFO   io.appium.java_client.remote.AppiumCommandExecutor$1 lambda$0 Detected dialect: W3C
2023-02-24 16:13:43 INFO   io.appium.java_client.remote.AppiumCommandExecutor$1 lambda$0 Detected dialect: W3C
org.openqa.selenium.InvalidSelectorException: Could not parse selector expression `new UiSelector().content-desc("Clear all")`: UiSelector has no `content-desc` method
For documentation on this error, please visit: https://www.seleniumhq.org/exceptions/invalid_selector_exception.html
Build info: version: '3.141.59', revision: 'e82be7d358', time: '2018-11-14T08:17:03'
System info: host: 'SD-APPS-090', ip: '10.65.148.57', os.name: 'Windows 10', os.arch: 'amd64', os.version: '10.0', java.version: '1.8.0_202'
Driver info: io.appium.java_client.android.AndroidDriver
Capabilities {automationName: UiAutomator2, databaseEnabled: false, desired: {automationName: UiAutomator2, deviceName: S89, newCommandTimeout: 1200, platformName: android, platformVersion: 11, udid: S890000000000000127}, deviceApiLevel: 31, deviceManufacturer: DOOGEE, deviceModel: S89, deviceName: S890000000000000127, deviceScreenDensity: 480, deviceScreenSize: 1080x2340, deviceUDID: S890000000000000127, javascriptEnabled: true, locationContextEnabled: false, networkConnectionEnabled: true, newCommandTimeout: 1200, pixelRatio: 3, platform: LINUX, platformName: Android, platformVersion: 12, statBarHeight: 90, takesScreenshot: true, udid: S890000000000000127, viewportRect: {height: 2112, left: 0, top: 90, width: 1080}, warnings: {}, webStorageEnabled: false}
Session ID: c4991194-ac60-4fcd-950c-b6ad8378b5ee
*** Element info: {Using=-android uiautomator, value=new UiSelector().content-desc("Clear all")}
	at sun.reflect.NativeConstructorAccessorImpl.newInstance0(Native Method)
	at sun.reflect.NativeConstructorAccessorImpl.newInstance(NativeConstructorAccessorImpl.java:62)
	at sun.reflect.DelegatingConstructorAccessorImpl.newInstance(DelegatingConstructorAccessorImpl.java:45)
	at java.lang.reflect.Constructor.newInstance(Constructor.java:423)
	at org.openqa.selenium.remote.http.W3CHttpResponseCodec.createException(W3CHttpResponseCodec.java:187)
	at org.openqa.selenium.remote.http.W3CHttpResponseCodec.decode(W3CHttpResponseCodec.java:122)
	at org.openqa.selenium.remote.http.W3CHttpResponseCodec.decode(W3CHttpResponseCodec.java:49)
	at org.openqa.selenium.remote.HttpCommandExecutor.execute(HttpCommandExecutor.java:158)
	at io.appium.java_client.remote.AppiumCommandExecutor.execute(AppiumCommandExecutor.java:239)
	at org.openqa.selenium.remote.RemoteWebDriver.execute(RemoteWebDriver.java:552)
	at io.appium.java_client.DefaultGenericMobileDriver.execute(DefaultGenericMobileDriver.java:42)
	at io.appium.java_client.AppiumDriver.execute(AppiumDriver.java:1)
	at io.appium.java_client.android.AndroidDriver.execute(AndroidDriver.java:1)
	at org.openqa.selenium.remote.RemoteWebDriver.findElement(RemoteWebDriver.java:323)
	at io.appium.java_client.DefaultGenericMobileDriver.findElement(DefaultGenericMobileDriver.java:62)
	at io.appium.java_client.AppiumDriver.findElement(AppiumDriver.java:1)
	at io.appium.java_client.android.AndroidDriver.findElement(AndroidDriver.java:1)
	at io.appium.java_client.FindsByAndroidUIAutomator.findElementByAndroidUIAutomator(FindsByAndroidUIAutomator.java:38)
	at Doogee_S89.Test8_Int.recordAudio(Test8_Int.java:112)
	at sun.reflect.NativeMethodAccessorImpl.invoke0(Native Method)
	at sun.reflect.NativeMethodAccessorImpl.invoke(NativeMethodAccessorImpl.java:62)
	at sun.reflect.DelegatingMethodAccessorImpl.invoke(DelegatingMethodAccessorImpl.java:43)
	at java.lang.reflect.Method.invoke(Method.java:498)
	at org.testng.internal.MethodInvocationHelper.invokeMethod(MethodInvocationHelper.java:80)
	at org.testng.internal.Invoker.invokeMethod(Invoker.java:673)
	at org.testng.internal.Invoker.invokeTestMethod(Invoker.java:842)
	at org.testng.internal.Invoker.invokeTestMethods(Invoker.java:1166)
	at org.testng.internal.TestMethodWorker.invokeTestMethods(TestMethodWorker.java:125)
	at org.testng.internal.TestMethodWorker.run(TestMethodWorker.java:109)
	at org.testng.TestRunner.runWorkers(TestRunner.java:1178)
	at org.testng.TestRunner.privateRun(TestRunner.java:757)
	at org.testng.TestRunner.run(TestRunner.java:608)
	at org.testng.SuiteRunner.runTest(SuiteRunner.java:334)
	at org.testng.SuiteRunner.runSequentially(SuiteRunner.java:329)
	at org.testng.SuiteRunner.privateRun(SuiteRunner.java:291)
	at org.testng.SuiteRunner.run(SuiteRunner.java:240)
	at org.testng.SuiteRunnerWorker.runSuite(SuiteRunnerWorker.java:52)
	at org.testng.SuiteRunnerWorker.run(SuiteRunnerWorker.java:86)
	at org.testng.TestNG.runSuitesSequentially(TestNG.java:1158)
	at org.testng.TestNG.runSuitesSequentially(TestNG.java:1154)
	at org.testng.TestNG.runSuitesLocally(TestNG.java:1083)
	at org.testng.TestNG.run(TestNG.java:999)
	at org.apache.maven.surefire.testng.TestNGExecutor.run(TestNGExecutor.java:284)
	at org.apache.maven.surefire.testng.TestNGXmlTestSuite.execute(TestNGXmlTestSuite.java:75)
	at org.apache.maven.surefire.testng.TestNGProvider.invoke(TestNGProvider.java:119)
	at org.apache.maven.surefire.booter.ForkedBooter.runSuitesInProcess(ForkedBooter.java:428)
	at org.apache.maven.surefire.booter.ForkedBooter.execute(ForkedBooter.java:162)
	at org.apache.maven.surefire.booter.ForkedBooter.run(ForkedBooter.java:562)
	at org.apache.maven.surefire.booter.ForkedBooter.main(ForkedBooter.java:548)
org.openqa.selenium.NoSuchElementException: An element could not be located on the page using the given search parameters.
For documentation on this error, please visit: https://www.seleniumhq.org/exceptions/no_such_element.html
Build info: version: '3.141.59', revision: 'e82be7d358', time: '2018-11-14T08:17:03'
System info: host: 'SD-APPS-090', ip: '10.65.148.57', os.name: 'Windows 10', os.arch: 'amd64', os.version: '10.0', java.version: '1.8.0_202'
Driver info: io.appium.java_client.android.AndroidDriver
Capabilities {automationName: UiAutomator2, databaseEnabled: false, desired: {automationName: UiAutomator2, deviceName: S89, newCommandTimeout: 1200, platformName: android, platformVersion: 11, udid: S890000000000000127}, deviceApiLevel: 31, deviceManufacturer: DOOGEE, deviceModel: S89, deviceName: S890000000000000127, deviceScreenDensity: 480, deviceScreenSize: 1080x2340, deviceUDID: S890000000000000127, javascriptEnabled: true, locationContextEnabled: false, networkConnectionEnabled: true, newCommandTimeout: 1200, pixelRatio: 3, platform: LINUX, platformName: Android, platformVersion: 12, statBarHeight: 90, takesScreenshot: true, udid: S890000000000000127, viewportRect: {height: 2112, left: 0, top: 90, width: 1080}, warnings: {}, webStorageEnabled: false}
Session ID: c4991194-ac60-4fcd-950c-b6ad8378b5ee
*** Element info: {Using=-android uiautomator, value=new UiSelector().text("CLEAR ALL")}
	at sun.reflect.NativeConstructorAccessorImpl.newInstance0(Native Method)
	at sun.reflect.NativeConstructorAccessorImpl.newInstance(NativeConstructorAccessorImpl.java:62)
	at sun.reflect.DelegatingConstructorAccessorImpl.newInstance(DelegatingConstructorAccessorImpl.java:45)
	at java.lang.reflect.Constructor.newInstance(Constructor.java:423)
	at org.openqa.selenium.remote.http.W3CHttpResponseCodec.createException(W3CHttpResponseCodec.java:187)
	at org.openqa.selenium.remote.http.W3CHttpResponseCodec.decode(W3CHttpResponseCodec.java:122)
	at org.openqa.selenium.remote.http.W3CHttpResponseCodec.decode(W3CHttpResponseCodec.java:49)
	at org.openqa.selenium.remote.HttpCommandExecutor.execute(HttpCommandExecutor.java:158)
	at io.appium.java_client.remote.AppiumCommandExecutor.execute(AppiumCommandExecutor.java:239)
	at org.openqa.selenium.remote.RemoteWebDriver.execute(RemoteWebDriver.java:552)
	at io.appium.java_client.DefaultGenericMobileDriver.execute(DefaultGenericMobileDriver.java:42)
	at io.appium.java_client.AppiumDriver.execute(AppiumDriver.java:1)
	at io.appium.java_client.android.AndroidDriver.execute(AndroidDriver.java:1)
	at org.openqa.selenium.remote.RemoteWebDriver.findElement(RemoteWebDriver.java:323)
	at io.appium.java_client.DefaultGenericMobileDriver.findElement(DefaultGenericMobileDriver.java:62)
	at io.appium.java_client.AppiumDriver.findElement(AppiumDriver.java:1)
	at io.appium.java_client.android.AndroidDriver.findElement(AndroidDriver.java:1)
	at io.appium.java_client.FindsByAndroidUIAutomator.findElementByAndroidUIAutomator(FindsByAndroidUIAutomator.java:38)
	at Doogee_S89.Test8_Int.PlayRecordedAudio(Test8_Int.java:204)
	at Doogee_S89.Test8_Int.recordAudio(Test8_Int.java:177)
	at sun.reflect.NativeMethodAccessorImpl.invoke0(Native Method)
	at sun.reflect.NativeMethodAccessorImpl.invoke(NativeMethodAccessorImpl.java:62)
	at sun.reflect.DelegatingMethodAccessorImpl.invoke(DelegatingMethodAccessorImpl.java:43)
	at java.lang.reflect.Method.invoke(Method.java:498)
	at org.testng.internal.MethodInvocationHelper.invokeMethod(MethodInvocationHelper.java:80)
	at org.testng.internal.Invoker.invokeMethod(Invoker.java:673)
	at org.testng.internal.Invoker.invokeTestMethod(Invoker.java:842)
	at org.testng.internal.Invoker.invokeTestMethods(Invoker.java:1166)
	at org.testng.internal.TestMethodWorker.invokeTestMethods(TestMethodWorker.java:125)
	at org.testng.internal.TestMethodWorker.run(TestMethodWorker.java:109)
	at org.testng.TestRunner.runWorkers(TestRunner.java:1178)
	at org.testng.TestRunner.privateRun(TestRunner.java:757)
	at org.testng.TestRunner.run(TestRunner.java:608)
	at org.testng.SuiteRunner.runTest(SuiteRunner.java:334)
	at org.testng.SuiteRunner.runSequentially(SuiteRunner.java:329)
	at org.testng.SuiteRunner.privateRun(SuiteRunner.java:291)
	at org.testng.SuiteRunner.run(SuiteRunner.java:240)
	at org.testng.SuiteRunnerWorker.runSuite(SuiteRunnerWorker.java:52)
	at org.testng.SuiteRunnerWorker.run(SuiteRunnerWorker.java:86)
	at org.testng.TestNG.runSuitesSequentially(TestNG.java:1158)
	at org.testng.TestNG.runSuitesSequentially(TestNG.java:1154)
	at org.testng.TestNG.runSuitesLocally(TestNG.java:1083)
	at org.testng.TestNG.run(TestNG.java:999)
	at org.apache.maven.surefire.testng.TestNGExecutor.run(TestNGExecutor.java:284)
	at org.apache.maven.surefire.testng.TestNGXmlTestSuite.execute(TestNGXmlTestSuite.java:75)
	at org.apache.maven.surefire.testng.TestNGProvider.invoke(TestNGProvider.java:119)
	at org.apache.maven.surefire.booter.ForkedBooter.runSuitesInProcess(ForkedBooter.java:428)
	at org.apache.maven.surefire.booter.ForkedBooter.execute(ForkedBooter.java:162)
	at org.apache.maven.surefire.booter.ForkedBooter.run(ForkedBooter.java:562)
	at org.apache.maven.surefire.booter.ForkedBooter.main(ForkedBooter.java:548)
org.openqa.selenium.NoSuchElementException: An element could not be located on the page using the given search parameters.
For documentation on this error, please visit: https://www.seleniumhq.org/exceptions/no_such_element.html
Build info: version: '3.141.59', revision: 'e82be7d358', time: '2018-11-14T08:17:03'
System info: host: 'SD-APPS-090', ip: '10.65.148.57', os.name: 'Windows 10', os.arch: 'amd64', os.version: '10.0', java.version: '1.8.0_202'
Driver info: io.appium.java_client.android.AndroidDriver
Capabilities {automationName: UiAutomator2, databaseEnabled: false, desired: {automationName: UiAutomator2, deviceName: S89, newCommandTimeout: 1200, platformName: android, platformVersion: 11, udid: S890000000000000127}, deviceApiLevel: 31, deviceManufacturer: DOOGEE, deviceModel: S89, deviceName: S890000000000000127, deviceScreenDensity: 480, deviceScreenSize: 1080x2340, deviceUDID: S890000000000000127, javascriptEnabled: true, locationContextEnabled: false, networkConnectionEnabled: true, newCommandTimeout: 1200, pixelRatio: 3, platform: LINUX, platformName: Android, platformVersion: 12, statBarHeight: 90, takesScreenshot: true, udid: S890000000000000127, viewportRect: {height: 2112, left: 0, top: 90, width: 1080}, warnings: {}, webStorageEnabled: false}
Session ID: c4991194-ac60-4fcd-950c-b6ad8378b5ee
*** Element info: {Using=-android uiautomator, value=new UiSelector().text("Files by Google")}
	at sun.reflect.NativeConstructorAccessorImpl.newInstance0(Native Method)
	at sun.reflect.NativeConstructorAccessorImpl.newInstance(NativeConstructorAccessorImpl.java:62)
	at sun.reflect.DelegatingConstructorAccessorImpl.newInstance(DelegatingConstructorAccessorImpl.java:45)
	at java.lang.reflect.Constructor.newInstance(Constructor.java:423)
	at org.openqa.selenium.remote.http.W3CHttpResponseCodec.createException(W3CHttpResponseCodec.java:187)
	at org.openqa.selenium.remote.http.W3CHttpResponseCodec.decode(W3CHttpResponseCodec.java:122)
	at org.openqa.selenium.remote.http.W3CHttpResponseCodec.decode(W3CHttpResponseCodec.java:49)
	at org.openqa.selenium.remote.HttpCommandExecutor.execute(HttpCommandExecutor.java:158)
	at io.appium.java_client.remote.AppiumCommandExecutor.execute(AppiumCommandExecutor.java:239)
	at org.openqa.selenium.remote.RemoteWebDriver.execute(RemoteWebDriver.java:552)
	at io.appium.java_client.DefaultGenericMobileDriver.execute(DefaultGenericMobileDriver.java:42)
	at io.appium.java_client.AppiumDriver.execute(AppiumDriver.java:1)
	at io.appium.java_client.android.AndroidDriver.execute(AndroidDriver.java:1)
	at org.openqa.selenium.remote.RemoteWebDriver.findElement(RemoteWebDriver.java:323)
	at io.appium.java_client.DefaultGenericMobileDriver.findElement(DefaultGenericMobileDriver.java:62)
	at io.appium.java_client.AppiumDriver.findElement(AppiumDriver.java:1)
	at io.appium.java_client.android.AndroidDriver.findElement(AndroidDriver.java:1)
	at io.appium.java_client.FindsByAndroidUIAutomator.findElementByAndroidUIAutomator(FindsByAndroidUIAutomator.java:38)
	at Doogee_S89.Test8_Int.PlayRecordedAudio(Test8_Int.java:260)
	at Doogee_S89.Test8_Int.recordAudio(Test8_Int.java:177)
	at sun.reflect.NativeMethodAccessorImpl.invoke0(Native Method)
	at sun.reflect.NativeMethodAccessorImpl.invoke(NativeMethodAccessorImpl.java:62)
	at sun.reflect.DelegatingMethodAccessorImpl.invoke(DelegatingMethodAccessorImpl.java:43)
	at java.lang.reflect.Method.invoke(Method.java:498)
	at org.testng.internal.MethodInvocationHelper.invokeMethod(MethodInvocationHelper.java:80)
	at org.testng.internal.Invoker.invokeMethod(Invoker.java:673)
	at org.testng.internal.Invoker.invokeTestMethod(Invoker.java:842)
	at org.testng.internal.Invoker.invokeTestMethods(Invoker.java:1166)
	at org.testng.internal.TestMethodWorker.invokeTestMethods(TestMethodWorker.java:125)
	at org.testng.internal.TestMethodWorker.run(TestMethodWorker.java:109)
	at org.testng.TestRunner.runWorkers(TestRunner.java:1178)
	at org.testng.TestRunner.privateRun(TestRunner.java:757)
	at org.testng.TestRunner.run(TestRunner.java:608)
	at org.testng.SuiteRunner.runTest(SuiteRunner.java:334)
	at org.testng.SuiteRunner.runSequentially(SuiteRunner.java:329)
	at org.testng.SuiteRunner.privateRun(SuiteRunner.java:291)
	at org.testng.SuiteRunner.run(SuiteRunner.java:240)
	at org.testng.SuiteRunnerWorker.runSuite(SuiteRunnerWorker.java:52)
	at org.testng.SuiteRunnerWorker.run(SuiteRunnerWorker.java:86)
	at org.testng.TestNG.runSuitesSequentially(TestNG.java:1158)
	at org.testng.TestNG.runSuitesSequentially(TestNG.java:1154)
	at org.testng.TestNG.runSuitesLocally(TestNG.java:1083)
	at org.testng.TestNG.run(TestNG.java:999)
	at org.apache.maven.surefire.testng.TestNGExecutor.run(TestNGExecutor.java:284)
	at org.apache.maven.surefire.testng.TestNGXmlTestSuite.execute(TestNGXmlTestSuite.java:75)
	at org.apache.maven.surefire.testng.TestNGProvider.invoke(TestNGProvider.java:119)
	at org.apache.maven.surefire.booter.ForkedBooter.runSuitesInProcess(ForkedBooter.java:428)
	at org.apache.maven.surefire.booter.ForkedBooter.execute(ForkedBooter.java:162)
	at org.apache.maven.surefire.booter.ForkedBooter.run(ForkedBooter.java:562)
	at org.apache.maven.surefire.booter.ForkedBooter.main(ForkedBooter.java:548)
org.openqa.selenium.NoSuchElementException: An element could not be located on the page using the given search parameters.
For documentation on this error, please visit: https://www.seleniumhq.org/exceptions/no_such_element.html
Build info: version: '3.141.59', revision: 'e82be7d358', time: '2018-11-14T08:17:03'
System info: host: 'SD-APPS-090', ip: '10.65.148.57', os.name: 'Windows 10', os.arch: 'amd64', os.version: '10.0', java.version: '1.8.0_202'
Driver info: io.appium.java_client.android.AndroidDriver
Capabilities {automationName: UiAutomator2, databaseEnabled: false, desired: {automationName: UiAutomator2, deviceName: S89, newCommandTimeout: 1200, platformName: android, platformVersion: 11, udid: S890000000000000127}, deviceApiLevel: 31, deviceManufacturer: DOOGEE, deviceModel: S89, deviceName: S890000000000000127, deviceScreenDensity: 480, deviceScreenSize: 1080x2340, deviceUDID: S890000000000000127, javascriptEnabled: true, locationContextEnabled: false, networkConnectionEnabled: true, newCommandTimeout: 1200, pixelRatio: 3, platform: LINUX, platformName: Android, platformVersion: 12, statBarHeight: 90, takesScreenshot: true, udid: S890000000000000127, viewportRect: {height: 2112, left: 0, top: 90, width: 1080}, warnings: {}, webStorageEnabled: false}
Session ID: c4991194-ac60-4fcd-950c-b6ad8378b5ee
*** Element info: {Using=-android uiautomator, value=new UiSelector().text("Files by Google")}
	at sun.reflect.NativeConstructorAccessorImpl.newInstance0(Native Method)
	at sun.reflect.NativeConstructorAccessorImpl.newInstance(NativeConstructorAccessorImpl.java:62)
	at sun.reflect.DelegatingConstructorAccessorImpl.newInstance(DelegatingConstructorAccessorImpl.java:45)
	at java.lang.reflect.Constructor.newInstance(Constructor.java:423)
	at org.openqa.selenium.remote.http.W3CHttpResponseCodec.createException(W3CHttpResponseCodec.java:187)
	at org.openqa.selenium.remote.http.W3CHttpResponseCodec.decode(W3CHttpResponseCodec.java:122)
	at org.openqa.selenium.remote.http.W3CHttpResponseCodec.decode(W3CHttpResponseCodec.java:49)
	at org.openqa.selenium.remote.HttpCommandExecutor.execute(HttpCommandExecutor.java:158)
	at io.appium.java_client.remote.AppiumCommandExecutor.execute(AppiumCommandExecutor.java:239)
	at org.openqa.selenium.remote.RemoteWebDriver.execute(RemoteWebDriver.java:552)
	at io.appium.java_client.DefaultGenericMobileDriver.execute(DefaultGenericMobileDriver.java:42)
	at io.appium.java_client.AppiumDriver.execute(AppiumDriver.java:1)
	at io.appium.java_client.android.AndroidDriver.execute(AndroidDriver.java:1)
	at org.openqa.selenium.remote.RemoteWebDriver.findElement(RemoteWebDriver.java:323)
	at io.appium.java_client.DefaultGenericMobileDriver.findElement(DefaultGenericMobileDriver.java:62)
	at io.appium.java_client.AppiumDriver.findElement(AppiumDriver.java:1)
	at io.appium.java_client.android.AndroidDriver.findElement(AndroidDriver.java:1)
	at io.appium.java_client.FindsByAndroidUIAutomator.findElementByAndroidUIAutomator(FindsByAndroidUIAutomator.java:38)
	at Doogee_S89.Test8_Int.PlayCopiedAudioFile(Test8_Int.java:355)
	at Doogee_S89.Test8_Int.PlayRecordedAudio(Test8_Int.java:293)
	at Doogee_S89.Test8_Int.recordAudio(Test8_Int.java:177)
	at sun.reflect.NativeMethodAccessorImpl.invoke0(Native Method)
	at sun.reflect.NativeMethodAccessorImpl.invoke(NativeMethodAccessorImpl.java:62)
	at sun.reflect.DelegatingMethodAccessorImpl.invoke(DelegatingMethodAccessorImpl.java:43)
	at java.lang.reflect.Method.invoke(Method.java:498)
	at org.testng.internal.MethodInvocationHelper.invokeMethod(MethodInvocationHelper.java:80)
	at org.testng.internal.Invoker.invokeMethod(Invoker.java:673)
	at org.testng.internal.Invoker.invokeTestMethod(Invoker.java:842)
	at org.testng.internal.Invoker.invokeTestMethods(Invoker.java:1166)
	at org.testng.internal.TestMethodWorker.invokeTestMethods(TestMethodWorker.java:125)
	at org.testng.internal.TestMethodWorker.run(TestMethodWorker.java:109)
	at org.testng.TestRunner.runWorkers(TestRunner.java:1178)
	at org.testng.TestRunner.privateRun(TestRunner.java:757)
	at org.testng.TestRunner.run(TestRunner.java:608)
	at org.testng.SuiteRunner.runTest(SuiteRunner.java:334)
	at org.testng.SuiteRunner.runSequentially(SuiteRunner.java:329)
	at org.testng.SuiteRunner.privateRun(SuiteRunner.java:291)
	at org.testng.SuiteRunner.run(SuiteRunner.java:240)
	at org.testng.SuiteRunnerWorker.runSuite(SuiteRunnerWorker.java:52)
	at org.testng.SuiteRunnerWorker.run(SuiteRunnerWorker.java:86)
	at org.testng.TestNG.runSuitesSequentially(TestNG.java:1158)
	at org.testng.TestNG.runSuitesSequentially(TestNG.java:1154)
	at org.testng.TestNG.runSuitesLocally(TestNG.java:1083)
	at org.testng.TestNG.run(TestNG.java:999)
	at org.apache.maven.surefire.testng.TestNGExecutor.run(TestNGExecutor.java:284)
	at org.apache.maven.surefire.testng.TestNGXmlTestSuite.execute(TestNGXmlTestSuite.java:75)
	at org.apache.maven.surefire.testng.TestNGProvider.invoke(TestNGProvider.java:119)
	at org.apache.maven.surefire.booter.ForkedBooter.runSuitesInProcess(ForkedBooter.java:428)
	at org.apache.maven.surefire.booter.ForkedBooter.execute(ForkedBooter.java:162)
	at org.apache.maven.surefire.booter.ForkedBooter.run(ForkedBooter.java:562)
	at org.apache.maven.surefire.booter.ForkedBooter.main(ForkedBooter.java:548)
org.openqa.selenium.NoSuchElementException: An element could not be located on the page using the given search parameters.
For documentation on this error, please visit: https://www.seleniumhq.org/exceptions/no_such_element.html
Build info: version: '3.141.59', revision: 'e82be7d358', time: '2018-11-14T08:17:03'
System info: host: 'SD-APPS-090', ip: '10.65.148.57', os.name: 'Windows 10', os.arch: 'amd64', os.version: '10.0', java.version: '1.8.0_202'
Driver info: io.appium.java_client.android.AndroidDriver
Capabilities {automationName: UiAutomator2, databaseEnabled: false, desired: {automationName: UiAutomator2, deviceName: S89, newCommandTimeout: 1200, platformName: android, platformVersion: 11, udid: S890000000000000127}, deviceApiLevel: 31, deviceManufacturer: DOOGEE, deviceModel: S89, deviceName: S890000000000000127, deviceScreenDensity: 480, deviceScreenSize: 1080x2340, deviceUDID: S890000000000000127, javascriptEnabled: true, locationContextEnabled: false, networkConnectionEnabled: true, newCommandTimeout: 1200, pixelRatio: 3, platform: LINUX, platformName: Android, platformVersion: 12, statBarHeight: 90, takesScreenshot: true, udid: S890000000000000127, viewportRect: {height: 2112, left: 0, top: 90, width: 1080}, warnings: {}, webStorageEnabled: false}
Session ID: c4991194-ac60-4fcd-950c-b6ad8378b5ee
*** Element info: {Using=-android uiautomator, value=new UiSelector().text("Files by Google")}
	at sun.reflect.NativeConstructorAccessorImpl.newInstance0(Native Method)
	at sun.reflect.NativeConstructorAccessorImpl.newInstance(NativeConstructorAccessorImpl.java:62)
	at sun.reflect.DelegatingConstructorAccessorImpl.newInstance(DelegatingConstructorAccessorImpl.java:45)
	at java.lang.reflect.Constructor.newInstance(Constructor.java:423)
	at org.openqa.selenium.remote.http.W3CHttpResponseCodec.createException(W3CHttpResponseCodec.java:187)
	at org.openqa.selenium.remote.http.W3CHttpResponseCodec.decode(W3CHttpResponseCodec.java:122)
	at org.openqa.selenium.remote.http.W3CHttpResponseCodec.decode(W3CHttpResponseCodec.java:49)
	at org.openqa.selenium.remote.HttpCommandExecutor.execute(HttpCommandExecutor.java:158)
	at io.appium.java_client.remote.AppiumCommandExecutor.execute(AppiumCommandExecutor.java:239)
	at org.openqa.selenium.remote.RemoteWebDriver.execute(RemoteWebDriver.java:552)
	at io.appium.java_client.DefaultGenericMobileDriver.execute(DefaultGenericMobileDriver.java:42)
	at io.appium.java_client.AppiumDriver.execute(AppiumDriver.java:1)
	at io.appium.java_client.android.AndroidDriver.execute(AndroidDriver.java:1)
	at org.openqa.selenium.remote.RemoteWebDriver.findElement(RemoteWebDriver.java:323)
	at io.appium.java_client.DefaultGenericMobileDriver.findElement(DefaultGenericMobileDriver.java:62)
	at io.appium.java_client.AppiumDriver.findElement(AppiumDriver.java:1)
	at io.appium.java_client.android.AndroidDriver.findElement(AndroidDriver.java:1)
	at io.appium.java_client.FindsByAndroidUIAutomator.findElementByAndroidUIAutomator(FindsByAndroidUIAutomator.java:38)
	at Doogee_S89.Test8_Int.PlayCopiedAudioFile(Test8_Int.java:397)
	at Doogee_S89.Test8_Int.PlayRecordedAudio(Test8_Int.java:293)
	at Doogee_S89.Test8_Int.recordAudio(Test8_Int.java:177)
	at sun.reflect.NativeMethodAccessorImpl.invoke0(Native Method)
	at sun.reflect.NativeMethodAccessorImpl.invoke(NativeMethodAccessorImpl.java:62)
	at sun.reflect.DelegatingMethodAccessorImpl.invoke(DelegatingMethodAccessorImpl.java:43)
	at java.lang.reflect.Method.invoke(Method.java:498)
	at org.testng.internal.MethodInvocationHelper.invokeMethod(MethodInvocationHelper.java:80)
	at org.testng.internal.Invoker.invokeMethod(Invoker.java:673)
	at org.testng.internal.Invoker.invokeTestMethod(Invoker.java:842)
	at org.testng.internal.Invoker.invokeTestMethods(Invoker.java:1166)
	at org.testng.internal.TestMethodWorker.invokeTestMethods(TestMethodWorker.java:125)
	at org.testng.internal.TestMethodWorker.run(TestMethodWorker.java:109)
	at org.testng.TestRunner.runWorkers(TestRunner.java:1178)
	at org.testng.TestRunner.privateRun(TestRunner.java:757)
	at org.testng.TestRunner.run(TestRunner.java:608)
	at org.testng.SuiteRunner.runTest(SuiteRunner.java:334)
	at org.testng.SuiteRunner.runSequentially(SuiteRunner.java:329)
	at org.testng.SuiteRunner.privateRun(SuiteRunner.java:291)
	at org.testng.SuiteRunner.run(SuiteRunner.java:240)
	at org.testng.SuiteRunnerWorker.runSuite(SuiteRunnerWorker.java:52)
	at org.testng.SuiteRunnerWorker.run(SuiteRunnerWorker.java:86)
	at org.testng.TestNG.runSuitesSequentially(TestNG.java:1158)
	at org.testng.TestNG.runSuitesSequentially(TestNG.java:1154)
	at org.testng.TestNG.runSuitesLocally(TestNG.java:1083)
	at org.testng.TestNG.run(TestNG.java:999)
	at org.apache.maven.surefire.testng.TestNGExecutor.run(TestNGExecutor.java:284)
	at org.apache.maven.surefire.testng.TestNGXmlTestSuite.execute(TestNGXmlTestSuite.java:75)
	at org.apache.maven.surefire.testng.TestNGProvider.invoke(TestNGProvider.java:119)
	at org.apache.maven.surefire.booter.ForkedBooter.runSuitesInProcess(ForkedBooter.java:428)
	at org.apache.maven.surefire.booter.ForkedBooter.execute(ForkedBooter.java:162)
	at org.apache.maven.surefire.booter.ForkedBooter.run(ForkedBooter.java:562)
	at org.apache.maven.surefire.booter.ForkedBooter.main(ForkedBooter.java:548)
org.openqa.selenium.NoSuchElementException: An element could not be located on the page using the given search parameters.
For documentation on this error, please visit: https://www.seleniumhq.org/exceptions/no_such_element.html
Build info: version: '3.141.59', revision: 'e82be7d358', time: '2018-11-14T08:17:03'
System info: host: 'SD-APPS-090', ip: '10.65.148.57', os.name: 'Windows 10', os.arch: 'amd64', os.version: '10.0', java.version: '1.8.0_202'
Driver info: io.appium.java_client.android.AndroidDriver
Capabilities {automationName: UiAutomator2, databaseEnabled: false, desired: {automationName: UiAutomator2, deviceName: S89, newCommandTimeout: 1200, platformName: android, platformVersion: 11, udid: S890000000000000127}, deviceApiLevel: 31, deviceManufacturer: DOOGEE, deviceModel: S89, deviceName: S890000000000000127, deviceScreenDensity: 480, deviceScreenSize: 1080x2340, deviceUDID: S890000000000000127, javascriptEnabled: true, locationContextEnabled: false, networkConnectionEnabled: true, newCommandTimeout: 1200, pixelRatio: 3, platform: LINUX, platformName: Android, platformVersion: 12, statBarHeight: 90, takesScreenshot: true, udid: S890000000000000127, viewportRect: {height: 2112, left: 0, top: 90, width: 1080}, warnings: {}, webStorageEnabled: false}
Session ID: c4991194-ac60-4fcd-950c-b6ad8378b5ee
*** Element info: {Using=-android uiautomator, value=new UiSelector().text("Files by Google")}
	at sun.reflect.NativeConstructorAccessorImpl.newInstance0(Native Method)
	at sun.reflect.NativeConstructorAccessorImpl.newInstance(NativeConstructorAccessorImpl.java:62)
	at sun.reflect.DelegatingConstructorAccessorImpl.newInstance(DelegatingConstructorAccessorImpl.java:45)
	at java.lang.reflect.Constructor.newInstance(Constructor.java:423)
	at org.openqa.selenium.remote.http.W3CHttpResponseCodec.createException(W3CHttpResponseCodec.java:187)
	at org.openqa.selenium.remote.http.W3CHttpResponseCodec.decode(W3CHttpResponseCodec.java:122)
	at org.openqa.selenium.remote.http.W3CHttpResponseCodec.decode(W3CHttpResponseCodec.java:49)
	at org.openqa.selenium.remote.HttpCommandExecutor.execute(HttpCommandExecutor.java:158)
	at io.appium.java_client.remote.AppiumCommandExecutor.execute(AppiumCommandExecutor.java:239)
	at org.openqa.selenium.remote.RemoteWebDriver.execute(RemoteWebDriver.java:552)
	at io.appium.java_client.DefaultGenericMobileDriver.execute(DefaultGenericMobileDriver.java:42)
	at io.appium.java_client.AppiumDriver.execute(AppiumDriver.java:1)
	at io.appium.java_client.android.AndroidDriver.execute(AndroidDriver.java:1)
	at org.openqa.selenium.remote.RemoteWebDriver.findElement(RemoteWebDriver.java:323)
	at io.appium.java_client.DefaultGenericMobileDriver.findElement(DefaultGenericMobileDriver.java:62)
	at io.appium.java_client.AppiumDriver.findElement(AppiumDriver.java:1)
	at io.appium.java_client.android.AndroidDriver.findElement(AndroidDriver.java:1)
	at io.appium.java_client.FindsByAndroidUIAutomator.findElementByAndroidUIAutomator(FindsByAndroidUIAutomator.java:38)
	at Doogee_S89.Test8_Int.PlayCopiedAudioFile(Test8_Int.java:440)
	at Doogee_S89.Test8_Int.PlayRecordedAudio(Test8_Int.java:293)
	at Doogee_S89.Test8_Int.recordAudio(Test8_Int.java:177)
	at sun.reflect.NativeMethodAccessorImpl.invoke0(Native Method)
	at sun.reflect.NativeMethodAccessorImpl.invoke(NativeMethodAccessorImpl.java:62)
	at sun.reflect.DelegatingMethodAccessorImpl.invoke(DelegatingMethodAccessorImpl.java:43)
	at java.lang.reflect.Method.invoke(Method.java:498)
	at org.testng.internal.MethodInvocationHelper.invokeMethod(MethodInvocationHelper.java:80)
	at org.testng.internal.Invoker.invokeMethod(Invoker.java:673)
	at org.testng.internal.Invoker.invokeTestMethod(Invoker.java:842)
	at org.testng.internal.Invoker.invokeTestMethods(Invoker.java:1166)
	at org.testng.internal.TestMethodWorker.invokeTestMethods(TestMethodWorker.java:125)
	at org.testng.internal.TestMethodWorker.run(TestMethodWorker.java:109)
	at org.testng.TestRunner.runWorkers(TestRunner.java:1178)
	at org.testng.TestRunner.privateRun(TestRunner.java:757)
	at org.testng.TestRunner.run(TestRunner.java:608)
	at org.testng.SuiteRunner.runTest(SuiteRunner.java:334)
	at org.testng.SuiteRunner.runSequentially(SuiteRunner.java:329)
	at org.testng.SuiteRunner.privateRun(SuiteRunner.java:291)
	at org.testng.SuiteRunner.run(SuiteRunner.java:240)
	at org.testng.SuiteRunnerWorker.runSuite(SuiteRunnerWorker.java:52)
	at org.testng.SuiteRunnerWorker.run(SuiteRunnerWorker.java:86)
	at org.testng.TestNG.runSuitesSequentially(TestNG.java:1158)
	at org.testng.TestNG.runSuitesSequentially(TestNG.java:1154)
	at org.testng.TestNG.runSuitesLocally(TestNG.java:1083)
	at org.testng.TestNG.run(TestNG.java:999)
	at org.apache.maven.surefire.testng.TestNGExecutor.run(TestNGExecutor.java:284)
	at org.apache.maven.surefire.testng.TestNGXmlTestSuite.execute(TestNGXmlTestSuite.java:75)
	at org.apache.maven.surefire.testng.TestNGProvider.invoke(TestNGProvider.java:119)
	at org.apache.maven.surefire.booter.ForkedBooter.runSuitesInProcess(ForkedBooter.java:428)
	at org.apache.maven.surefire.booter.ForkedBooter.execute(ForkedBooter.java:162)
	at org.apache.maven.surefire.booter.ForkedBooter.run(ForkedBooter.java:562)
	at org.apache.maven.surefire.booter.ForkedBooter.main(ForkedBooter.java:548)
]]></system-err>
  </testcase>
  <testcase name="rearVideoRec" classname="Doogee_S89.Test10_Int" time="2,571.104">
    <failure message="An element could not be located on the page using the given search parameters.&#10;For documentation on this error, please visit: https://www.seleniumhq.org/exceptions/no_such_element.html&#10;Build info: version: &apos;3.141.59&apos;, revision: &apos;e82be7d358&apos;, time: &apos;2018-11-14T08:17:03&apos;&#10;System info: host: &apos;SD-APPS-090&apos;, ip: &apos;10.65.148.57&apos;, os.name: &apos;Windows 10&apos;, os.arch: &apos;amd64&apos;, os.version: &apos;10.0&apos;, java.version: &apos;1.8.0_202&apos;&#10;Driver info: io.appium.java_client.android.AndroidDriver&#10;Capabilities {automationName: UiAutomator2, databaseEnabled: false, desired: {automationName: UiAutomator2, deviceName: S89, newCommandTimeout: 1200, platformName: android, platformVersion: 11, udid: S890000000000000127}, deviceApiLevel: 31, deviceManufacturer: DOOGEE, deviceModel: S89, deviceName: S890000000000000127, deviceScreenDensity: 480, deviceScreenSize: 1080x2340, deviceUDID: S890000000000000127, javascriptEnabled: true, locationContextEnabled: false, networkConnectionEnabled: true, newCommandTimeout: 1200, pixelRatio: 3, platform: LINUX, platformName: Android, platformVersion: 12, statBarHeight: 90, takesScreenshot: true, udid: S890000000000000127, viewportRect: {height: 2112, left: 0, top: 90, width: 1080}, warnings: {}, webStorageEnabled: false}&#10;Session ID: 39d7d62a-ed59-4f17-bf29-87707497f2bc&#10;*** Element info: {Using=xpath, value=//*[@text=&apos;Capture&apos;]}" type="org.openqa.selenium.NoSuchElementException"><![CDATA[org.openqa.selenium.NoSuchElementException: 
An element could not be located on the page using the given search parameters.
For documentation on this error, please visit: https://www.seleniumhq.org/exceptions/no_such_element.html
Build info: version: '3.141.59', revision: 'e82be7d358', time: '2018-11-14T08:17:03'
System info: host: 'SD-APPS-090', ip: '10.65.148.57', os.name: 'Windows 10', os.arch: 'amd64', os.version: '10.0', java.version: '1.8.0_202'
Driver info: io.appium.java_client.android.AndroidDriver
Capabilities {automationName: UiAutomator2, databaseEnabled: false, desired: {automationName: UiAutomator2, deviceName: S89, newCommandTimeout: 1200, platformName: android, platformVersion: 11, udid: S890000000000000127}, deviceApiLevel: 31, deviceManufacturer: DOOGEE, deviceModel: S89, deviceName: S890000000000000127, deviceScreenDensity: 480, deviceScreenSize: 1080x2340, deviceUDID: S890000000000000127, javascriptEnabled: true, locationContextEnabled: false, networkConnectionEnabled: true, newCommandTimeout: 1200, pixelRatio: 3, platform: LINUX, platformName: Android, platformVersion: 12, statBarHeight: 90, takesScreenshot: true, udid: S890000000000000127, viewportRect: {height: 2112, left: 0, top: 90, width: 1080}, warnings: {}, webStorageEnabled: false}
Session ID: 39d7d62a-ed59-4f17-bf29-87707497f2bc
*** Element info: {Using=xpath, value=//*[@text='Capture']}
	at Doogee_S89.Test10_Int.rearVideoRec(Test10_Int.java:358)
]]></failure>
    <system-out><![CDATA[Test: Start
===================================================================================================================================================================================================================================================================================================================================================================================================================================================================================================================================================================================================================================================================================================================================
Test10_Int Scenario is as follows
1.Launch Camera application and start rear camera video recording for all host applicable resolutions in Internal storage
2.Playback Highest resolution recorded video from Internal storage, fast forward playback and pause video scenario 
3.Playback copied videos from Test1 folder, fast forward and pause scenario
Setting up the appium desired capabilities
===================================================================================================================================================================================================================================================================================================================================================================================================================================================================================================================================================================================================================================================================================================================================
Clearing Recent Apps
Pass: No recent apps found
Launch Camera Application for rear camera video recording
Permission request
change to SD card element not found : org.openqa.selenium.NoSuchElementException: An element could not be located on the page using the given search parameters.
For documentation on this error, please visit: https://www.seleniumhq.org/exceptions/no_such_element.html
Build info: version: '3.141.59', revision: 'e82be7d358', time: '2018-11-14T08:17:03'
System info: host: 'SD-APPS-090', ip: '10.65.148.57', os.name: 'Windows 10', os.arch: 'amd64', os.version: '10.0', java.version: '1.8.0_202'
Driver info: io.appium.java_client.android.AndroidDriver
Capabilities {automationName: UiAutomator2, databaseEnabled: false, desired: {automationName: UiAutomator2, deviceName: S89, newCommandTimeout: 1200, platformName: android, platformVersion: 11, udid: S890000000000000127}, deviceApiLevel: 31, deviceManufacturer: DOOGEE, deviceModel: S89, deviceName: S890000000000000127, deviceScreenDensity: 480, deviceScreenSize: 1080x2340, deviceUDID: S890000000000000127, javascriptEnabled: true, locationContextEnabled: false, networkConnectionEnabled: true, newCommandTimeout: 1200, pixelRatio: 3, platform: LINUX, platformName: Android, platformVersion: 12, statBarHeight: 90, takesScreenshot: true, udid: S890000000000000127, viewportRect: {height: 2112, left: 0, top: 90, width: 1080}, warnings: {}, webStorageEnabled: false}
Session ID: 39d7d62a-ed59-4f17-bf29-87707497f2bc
*** Element info: {Using=-android uiautomator, value=new UiSelector().text("Agree")}
Allow Camera to access this device’s location?
===================================================================================================================================================================================================================================================================================================================================================================================================================================================================================================================================================================================================================================================================================================================================
Test10_Int_Bcam_res: 4 resolutions supported
Clicking Video Tab
Select settings option
Select 1st rear Video Resolution: 1920x1080
recordingDurationRear_Int = 580sec
Start video recording
Stop video recording
Select settings option
Select 2nd rear Video Resolution: 1280x720
recordingDurationRear_Int1 = 580sec
Start video recording
Stop video recording
Select settings option
Select 3rd rear Video Resolution: 640x480
recordingDurationRear_Int2 = 580sec
Start video recording
Stop video recording
Select settings option
Select 3rd rear Video Resolution: 3840x2160
recordingDurationRear_Int3 = 580sec
Start video recording
Stop video recording
Switch to defalut Photo mode
Pass: Rear video recording is successfull
Launch File Manager Application to verify captured videos
Select  Internal storage
Select DCIM Folder
Select Camera Folder
Select More Options 
Click On Select All Options
Test10_Int_Bcam_video: 4 Videos captured successfully
Calling RecordedVideoPlayback() for Playing Highest record video, fast forward video play back scenario
===================================================================================================================================================================================================================================================================================================================================================================================================================================================================================================================================================================================================================================================================================================================================
Launch File Manager for playing highest resolution recorded video from Internal storage, fast forward and pause scenario
Select Internal storage
Fail: Test10_Int Fail for Rear camera video recording 
===================================================================================================================================================================================================================================================================================================================================================================================================================================================================================================================================================================================================================================================================================================================================
Select photo mode
]]></system-out>
    <system-err><![CDATA[2023-02-24 16:23:42 INFO   io.appium.java_client.remote.AppiumCommandExecutor$1 lambda$0 Detected dialect: W3C
2023-02-24 16:23:55 INFO   io.appium.java_client.remote.AppiumCommandExecutor$1 lambda$0 Detected dialect: W3C
org.openqa.selenium.InvalidSelectorException: Could not parse selector expression `new UiSelector().content-desc("Clear all")`: UiSelector has no `content-desc` method
For documentation on this error, please visit: https://www.seleniumhq.org/exceptions/invalid_selector_exception.html
Build info: version: '3.141.59', revision: 'e82be7d358', time: '2018-11-14T08:17:03'
System info: host: 'SD-APPS-090', ip: '10.65.148.57', os.name: 'Windows 10', os.arch: 'amd64', os.version: '10.0', java.version: '1.8.0_202'
Driver info: io.appium.java_client.android.AndroidDriver
Capabilities {automationName: UiAutomator2, databaseEnabled: false, desired: {automationName: UiAutomator2, deviceName: S89, newCommandTimeout: 1200, platformName: android, platformVersion: 11, udid: S890000000000000127}, deviceApiLevel: 31, deviceManufacturer: DOOGEE, deviceModel: S89, deviceName: S890000000000000127, deviceScreenDensity: 480, deviceScreenSize: 1080x2340, deviceUDID: S890000000000000127, javascriptEnabled: true, locationContextEnabled: false, networkConnectionEnabled: true, newCommandTimeout: 1200, pixelRatio: 3, platform: LINUX, platformName: Android, platformVersion: 12, statBarHeight: 90, takesScreenshot: true, udid: S890000000000000127, viewportRect: {height: 2112, left: 0, top: 90, width: 1080}, warnings: {}, webStorageEnabled: false}
Session ID: 39d7d62a-ed59-4f17-bf29-87707497f2bc
*** Element info: {Using=-android uiautomator, value=new UiSelector().content-desc("Clear all")}
	at sun.reflect.NativeConstructorAccessorImpl.newInstance0(Native Method)
	at sun.reflect.NativeConstructorAccessorImpl.newInstance(NativeConstructorAccessorImpl.java:62)
	at sun.reflect.DelegatingConstructorAccessorImpl.newInstance(DelegatingConstructorAccessorImpl.java:45)
	at java.lang.reflect.Constructor.newInstance(Constructor.java:423)
	at org.openqa.selenium.remote.http.W3CHttpResponseCodec.createException(W3CHttpResponseCodec.java:187)
	at org.openqa.selenium.remote.http.W3CHttpResponseCodec.decode(W3CHttpResponseCodec.java:122)
	at org.openqa.selenium.remote.http.W3CHttpResponseCodec.decode(W3CHttpResponseCodec.java:49)
	at org.openqa.selenium.remote.HttpCommandExecutor.execute(HttpCommandExecutor.java:158)
	at io.appium.java_client.remote.AppiumCommandExecutor.execute(AppiumCommandExecutor.java:239)
	at org.openqa.selenium.remote.RemoteWebDriver.execute(RemoteWebDriver.java:552)
	at io.appium.java_client.DefaultGenericMobileDriver.execute(DefaultGenericMobileDriver.java:42)
	at io.appium.java_client.AppiumDriver.execute(AppiumDriver.java:1)
	at io.appium.java_client.android.AndroidDriver.execute(AndroidDriver.java:1)
	at org.openqa.selenium.remote.RemoteWebDriver.findElement(RemoteWebDriver.java:323)
	at io.appium.java_client.DefaultGenericMobileDriver.findElement(DefaultGenericMobileDriver.java:62)
	at io.appium.java_client.AppiumDriver.findElement(AppiumDriver.java:1)
	at io.appium.java_client.android.AndroidDriver.findElement(AndroidDriver.java:1)
	at io.appium.java_client.FindsByAndroidUIAutomator.findElementByAndroidUIAutomator(FindsByAndroidUIAutomator.java:38)
	at Doogee_S89.Test10_Int.rearVideoRec(Test10_Int.java:98)
	at sun.reflect.NativeMethodAccessorImpl.invoke0(Native Method)
	at sun.reflect.NativeMethodAccessorImpl.invoke(NativeMethodAccessorImpl.java:62)
	at sun.reflect.DelegatingMethodAccessorImpl.invoke(DelegatingMethodAccessorImpl.java:43)
	at java.lang.reflect.Method.invoke(Method.java:498)
	at org.testng.internal.MethodInvocationHelper.invokeMethod(MethodInvocationHelper.java:80)
	at org.testng.internal.Invoker.invokeMethod(Invoker.java:673)
	at org.testng.internal.Invoker.invokeTestMethod(Invoker.java:842)
	at org.testng.internal.Invoker.invokeTestMethods(Invoker.java:1166)
	at org.testng.internal.TestMethodWorker.invokeTestMethods(TestMethodWorker.java:125)
	at org.testng.internal.TestMethodWorker.run(TestMethodWorker.java:109)
	at org.testng.TestRunner.runWorkers(TestRunner.java:1178)
	at org.testng.TestRunner.privateRun(TestRunner.java:757)
	at org.testng.TestRunner.run(TestRunner.java:608)
	at org.testng.SuiteRunner.runTest(SuiteRunner.java:334)
	at org.testng.SuiteRunner.runSequentially(SuiteRunner.java:329)
	at org.testng.SuiteRunner.privateRun(SuiteRunner.java:291)
	at org.testng.SuiteRunner.run(SuiteRunner.java:240)
	at org.testng.SuiteRunnerWorker.runSuite(SuiteRunnerWorker.java:52)
	at org.testng.SuiteRunnerWorker.run(SuiteRunnerWorker.java:86)
	at org.testng.TestNG.runSuitesSequentially(TestNG.java:1158)
	at org.testng.TestNG.runSuitesSequentially(TestNG.java:1154)
	at org.testng.TestNG.runSuitesLocally(TestNG.java:1083)
	at org.testng.TestNG.run(TestNG.java:999)
	at org.apache.maven.surefire.testng.TestNGExecutor.run(TestNGExecutor.java:284)
	at org.apache.maven.surefire.testng.TestNGXmlTestSuite.execute(TestNGXmlTestSuite.java:75)
	at org.apache.maven.surefire.testng.TestNGProvider.invoke(TestNGProvider.java:119)
	at org.apache.maven.surefire.booter.ForkedBooter.runSuitesInProcess(ForkedBooter.java:428)
	at org.apache.maven.surefire.booter.ForkedBooter.execute(ForkedBooter.java:162)
	at org.apache.maven.surefire.booter.ForkedBooter.run(ForkedBooter.java:562)
	at org.apache.maven.surefire.booter.ForkedBooter.main(ForkedBooter.java:548)
org.openqa.selenium.NoSuchElementException: An element could not be located on the page using the given search parameters.
For documentation on this error, please visit: https://www.seleniumhq.org/exceptions/no_such_element.html
Build info: version: '3.141.59', revision: 'e82be7d358', time: '2018-11-14T08:17:03'
System info: host: 'SD-APPS-090', ip: '10.65.148.57', os.name: 'Windows 10', os.arch: 'amd64', os.version: '10.0', java.version: '1.8.0_202'
Driver info: io.appium.java_client.android.AndroidDriver
Capabilities {automationName: UiAutomator2, databaseEnabled: false, desired: {automationName: UiAutomator2, deviceName: S89, newCommandTimeout: 1200, platformName: android, platformVersion: 11, udid: S890000000000000127}, deviceApiLevel: 31, deviceManufacturer: DOOGEE, deviceModel: S89, deviceName: S890000000000000127, deviceScreenDensity: 480, deviceScreenSize: 1080x2340, deviceUDID: S890000000000000127, javascriptEnabled: true, locationContextEnabled: false, networkConnectionEnabled: true, newCommandTimeout: 1200, pixelRatio: 3, platform: LINUX, platformName: Android, platformVersion: 12, statBarHeight: 90, takesScreenshot: true, udid: S890000000000000127, viewportRect: {height: 2112, left: 0, top: 90, width: 1080}, warnings: {}, webStorageEnabled: false}
Session ID: 39d7d62a-ed59-4f17-bf29-87707497f2bc
*** Element info: {Using=-android uiautomator, value=new UiSelector().text("WHILE USING THE APP")}
	at sun.reflect.NativeConstructorAccessorImpl.newInstance0(Native Method)
	at sun.reflect.NativeConstructorAccessorImpl.newInstance(NativeConstructorAccessorImpl.java:62)
	at sun.reflect.DelegatingConstructorAccessorImpl.newInstance(DelegatingConstructorAccessorImpl.java:45)
	at java.lang.reflect.Constructor.newInstance(Constructor.java:423)
	at org.openqa.selenium.remote.http.W3CHttpResponseCodec.createException(W3CHttpResponseCodec.java:187)
	at org.openqa.selenium.remote.http.W3CHttpResponseCodec.decode(W3CHttpResponseCodec.java:122)
	at org.openqa.selenium.remote.http.W3CHttpResponseCodec.decode(W3CHttpResponseCodec.java:49)
	at org.openqa.selenium.remote.HttpCommandExecutor.execute(HttpCommandExecutor.java:158)
	at io.appium.java_client.remote.AppiumCommandExecutor.execute(AppiumCommandExecutor.java:239)
	at org.openqa.selenium.remote.RemoteWebDriver.execute(RemoteWebDriver.java:552)
	at io.appium.java_client.DefaultGenericMobileDriver.execute(DefaultGenericMobileDriver.java:42)
	at io.appium.java_client.AppiumDriver.execute(AppiumDriver.java:1)
	at io.appium.java_client.android.AndroidDriver.execute(AndroidDriver.java:1)
	at org.openqa.selenium.remote.RemoteWebDriver.findElement(RemoteWebDriver.java:323)
	at io.appium.java_client.DefaultGenericMobileDriver.findElement(DefaultGenericMobileDriver.java:62)
	at io.appium.java_client.AppiumDriver.findElement(AppiumDriver.java:1)
	at io.appium.java_client.android.AndroidDriver.findElement(AndroidDriver.java:1)
	at io.appium.java_client.FindsByAndroidUIAutomator.findElementByAndroidUIAutomator(FindsByAndroidUIAutomator.java:38)
	at Doogee_S89.Test10_Int.rearVideoRec(Test10_Int.java:133)
	at sun.reflect.NativeMethodAccessorImpl.invoke0(Native Method)
	at sun.reflect.NativeMethodAccessorImpl.invoke(NativeMethodAccessorImpl.java:62)
	at sun.reflect.DelegatingMethodAccessorImpl.invoke(DelegatingMethodAccessorImpl.java:43)
	at java.lang.reflect.Method.invoke(Method.java:498)
	at org.testng.internal.MethodInvocationHelper.invokeMethod(MethodInvocationHelper.java:80)
	at org.testng.internal.Invoker.invokeMethod(Invoker.java:673)
	at org.testng.internal.Invoker.invokeTestMethod(Invoker.java:842)
	at org.testng.internal.Invoker.invokeTestMethods(Invoker.java:1166)
	at org.testng.internal.TestMethodWorker.invokeTestMethods(TestMethodWorker.java:125)
	at org.testng.internal.TestMethodWorker.run(TestMethodWorker.java:109)
	at org.testng.TestRunner.runWorkers(TestRunner.java:1178)
	at org.testng.TestRunner.privateRun(TestRunner.java:757)
	at org.testng.TestRunner.run(TestRunner.java:608)
	at org.testng.SuiteRunner.runTest(SuiteRunner.java:334)
	at org.testng.SuiteRunner.runSequentially(SuiteRunner.java:329)
	at org.testng.SuiteRunner.privateRun(SuiteRunner.java:291)
	at org.testng.SuiteRunner.run(SuiteRunner.java:240)
	at org.testng.SuiteRunnerWorker.runSuite(SuiteRunnerWorker.java:52)
	at org.testng.SuiteRunnerWorker.run(SuiteRunnerWorker.java:86)
	at org.testng.TestNG.runSuitesSequentially(TestNG.java:1158)
	at org.testng.TestNG.runSuitesSequentially(TestNG.java:1154)
	at org.testng.TestNG.runSuitesLocally(TestNG.java:1083)
	at org.testng.TestNG.run(TestNG.java:999)
	at org.apache.maven.surefire.testng.TestNGExecutor.run(TestNGExecutor.java:284)
	at org.apache.maven.surefire.testng.TestNGXmlTestSuite.execute(TestNGXmlTestSuite.java:75)
	at org.apache.maven.surefire.testng.TestNGProvider.invoke(TestNGProvider.java:119)
	at org.apache.maven.surefire.booter.ForkedBooter.runSuitesInProcess(ForkedBooter.java:428)
	at org.apache.maven.surefire.booter.ForkedBooter.execute(ForkedBooter.java:162)
	at org.apache.maven.surefire.booter.ForkedBooter.run(ForkedBooter.java:562)
	at org.apache.maven.surefire.booter.ForkedBooter.main(ForkedBooter.java:548)
]]></system-err>
  </testcase>
  <testcase name="frontVideoRec" classname="Doogee_S89.Test10F_Int" time="2,581.277">
    <failure message="An element could not be located on the page using the given search parameters.&#10;For documentation on this error, please visit: https://www.seleniumhq.org/exceptions/no_such_element.html&#10;Build info: version: &apos;3.141.59&apos;, revision: &apos;e82be7d358&apos;, time: &apos;2018-11-14T08:17:03&apos;&#10;System info: host: &apos;SD-APPS-090&apos;, ip: &apos;10.65.148.57&apos;, os.name: &apos;Windows 10&apos;, os.arch: &apos;amd64&apos;, os.version: &apos;10.0&apos;, java.version: &apos;1.8.0_202&apos;&#10;Driver info: io.appium.java_client.android.AndroidDriver&#10;Capabilities {automationName: UiAutomator2, databaseEnabled: false, desired: {automationName: UiAutomator2, deviceName: S89, newCommandTimeout: 1200, platformName: android, platformVersion: 11, udid: S890000000000000127}, deviceApiLevel: 31, deviceManufacturer: DOOGEE, deviceModel: S89, deviceName: S890000000000000127, deviceScreenDensity: 480, deviceScreenSize: 1080x2340, deviceUDID: S890000000000000127, javascriptEnabled: true, locationContextEnabled: false, networkConnectionEnabled: true, newCommandTimeout: 1200, pixelRatio: 3, platform: LINUX, platformName: Android, platformVersion: 12, statBarHeight: 90, takesScreenshot: true, udid: S890000000000000127, viewportRect: {height: 2112, left: 0, top: 90, width: 1080}, warnings: {}, webStorageEnabled: false}&#10;Session ID: 8df57153-3eca-4c17-8163-de0429ddca06&#10;*** Element info: {Using=xpath, value=//android.widget.ImageView[@content-desc=&quot;Front camera&quot;]}" type="org.openqa.selenium.NoSuchElementException"><![CDATA[org.openqa.selenium.NoSuchElementException: 
An element could not be located on the page using the given search parameters.
For documentation on this error, please visit: https://www.seleniumhq.org/exceptions/no_such_element.html
Build info: version: '3.141.59', revision: 'e82be7d358', time: '2018-11-14T08:17:03'
System info: host: 'SD-APPS-090', ip: '10.65.148.57', os.name: 'Windows 10', os.arch: 'amd64', os.version: '10.0', java.version: '1.8.0_202'
Driver info: io.appium.java_client.android.AndroidDriver
Capabilities {automationName: UiAutomator2, databaseEnabled: false, desired: {automationName: UiAutomator2, deviceName: S89, newCommandTimeout: 1200, platformName: android, platformVersion: 11, udid: S890000000000000127}, deviceApiLevel: 31, deviceManufacturer: DOOGEE, deviceModel: S89, deviceName: S890000000000000127, deviceScreenDensity: 480, deviceScreenSize: 1080x2340, deviceUDID: S890000000000000127, javascriptEnabled: true, locationContextEnabled: false, networkConnectionEnabled: true, newCommandTimeout: 1200, pixelRatio: 3, platform: LINUX, platformName: Android, platformVersion: 12, statBarHeight: 90, takesScreenshot: true, udid: S890000000000000127, viewportRect: {height: 2112, left: 0, top: 90, width: 1080}, warnings: {}, webStorageEnabled: false}
Session ID: 8df57153-3eca-4c17-8163-de0429ddca06
*** Element info: {Using=xpath, value=//android.widget.ImageView[@content-desc="Front camera"]}
	at Doogee_S89.Test10F_Int.frontVideoRec(Test10F_Int.java:387)
]]></failure>
    <system-out><![CDATA[Test:Start
===================================================================================================================================================================================================================================================================================================================================================================================================================================================================================================================================================================================================================================================================================================================================
Test10F_Int Scenario is as follows
Launch Camera application and start front camera video recording for all host applicable resolutions in Internal storage
Playback front Highest recorded video from Internal storage for 30 seconds, pause video playback, lock mobile and wait 30 seconds, unlock mobile and playback video from pause video duration
Setting up the appium desired capabilities
===================================================================================================================================================================================================================================================================================================================================================================================================================================================================================================================================================================================================================================================================================================================================
Clearing Recent Apps
Pass: No recent apps found
Launch Camera Application for front camera video recording
Permission request
change to SD card element not found : org.openqa.selenium.NoSuchElementException: An element could not be located on the page using the given search parameters.
For documentation on this error, please visit: https://www.seleniumhq.org/exceptions/no_such_element.html
Build info: version: '3.141.59', revision: 'e82be7d358', time: '2018-11-14T08:17:03'
System info: host: 'SD-APPS-090', ip: '10.65.148.57', os.name: 'Windows 10', os.arch: 'amd64', os.version: '10.0', java.version: '1.8.0_202'
Driver info: io.appium.java_client.android.AndroidDriver
Capabilities {automationName: UiAutomator2, databaseEnabled: false, desired: {automationName: UiAutomator2, deviceName: S89, newCommandTimeout: 1200, platformName: android, platformVersion: 11, udid: S890000000000000127}, deviceApiLevel: 31, deviceManufacturer: DOOGEE, deviceModel: S89, deviceName: S890000000000000127, deviceScreenDensity: 480, deviceScreenSize: 1080x2340, deviceUDID: S890000000000000127, javascriptEnabled: true, locationContextEnabled: false, networkConnectionEnabled: true, newCommandTimeout: 1200, pixelRatio: 3, platform: LINUX, platformName: Android, platformVersion: 12, statBarHeight: 90, takesScreenshot: true, udid: S890000000000000127, viewportRect: {height: 2112, left: 0, top: 90, width: 1080}, warnings: {}, webStorageEnabled: false}
Session ID: 8df57153-3eca-4c17-8163-de0429ddca06
*** Element info: {Using=-android uiautomator, value=new UiSelector().text("Agree")}
Allow Camera to access this device’s location?
Test10F_Int_Fcam_res: 4 resolutions supported
Clicking Video Tab
click on front camera
Select settings option
Select First front video resolution: 1920x1080
recordingDurationFront_Int = 580sec
Start video recording
Stop video recording
Select settings option
Select second front video resolution: 1280x720
recordingDurationFront_Int1 = 580sec
Start video recording
Stop video recording
Select settings option
Select third front video resolution:640x480
recordingDurationFront_Int2 = 580sec
Start video recording
Stop video recording
Select settings option
Select third front video resolution: 352x288
recordingDurationFront_Int3 = 580sec
Start video recording
Stop video recording
Click On back camera mode
Switch to defalut Photo mode
Pass: Test10F_Int pass for front camera video recording
Launch file manager application and verify recorded video capture Internal storage
Swipe up to select Internal storage
Select Internal storage
Select DCIM Folder
Select camera folder
Click More options
Click select all
Fail: Test10F_Int Fail for front camera video recording 
===================================================================================================================================================================================================================================================================================================================================================================================================================================================================================================================================================================================================================================================================================================================================
Click On back camera mode
]]></system-out>
    <system-err><![CDATA[2023-02-24 17:06:47 INFO   io.appium.java_client.remote.AppiumCommandExecutor$1 lambda$0 Detected dialect: W3C
2023-02-24 17:07:00 INFO   io.appium.java_client.remote.AppiumCommandExecutor$1 lambda$0 Detected dialect: W3C
org.openqa.selenium.InvalidSelectorException: Could not parse selector expression `new UiSelector().content-desc("Clear all")`: UiSelector has no `content-desc` method
For documentation on this error, please visit: https://www.seleniumhq.org/exceptions/invalid_selector_exception.html
Build info: version: '3.141.59', revision: 'e82be7d358', time: '2018-11-14T08:17:03'
System info: host: 'SD-APPS-090', ip: '10.65.148.57', os.name: 'Windows 10', os.arch: 'amd64', os.version: '10.0', java.version: '1.8.0_202'
Driver info: io.appium.java_client.android.AndroidDriver
Capabilities {automationName: UiAutomator2, databaseEnabled: false, desired: {automationName: UiAutomator2, deviceName: S89, newCommandTimeout: 1200, platformName: android, platformVersion: 11, udid: S890000000000000127}, deviceApiLevel: 31, deviceManufacturer: DOOGEE, deviceModel: S89, deviceName: S890000000000000127, deviceScreenDensity: 480, deviceScreenSize: 1080x2340, deviceUDID: S890000000000000127, javascriptEnabled: true, locationContextEnabled: false, networkConnectionEnabled: true, newCommandTimeout: 1200, pixelRatio: 3, platform: LINUX, platformName: Android, platformVersion: 12, statBarHeight: 90, takesScreenshot: true, udid: S890000000000000127, viewportRect: {height: 2112, left: 0, top: 90, width: 1080}, warnings: {}, webStorageEnabled: false}
Session ID: 8df57153-3eca-4c17-8163-de0429ddca06
*** Element info: {Using=-android uiautomator, value=new UiSelector().content-desc("Clear all")}
	at sun.reflect.NativeConstructorAccessorImpl.newInstance0(Native Method)
	at sun.reflect.NativeConstructorAccessorImpl.newInstance(NativeConstructorAccessorImpl.java:62)
	at sun.reflect.DelegatingConstructorAccessorImpl.newInstance(DelegatingConstructorAccessorImpl.java:45)
	at java.lang.reflect.Constructor.newInstance(Constructor.java:423)
	at org.openqa.selenium.remote.http.W3CHttpResponseCodec.createException(W3CHttpResponseCodec.java:187)
	at org.openqa.selenium.remote.http.W3CHttpResponseCodec.decode(W3CHttpResponseCodec.java:122)
	at org.openqa.selenium.remote.http.W3CHttpResponseCodec.decode(W3CHttpResponseCodec.java:49)
	at org.openqa.selenium.remote.HttpCommandExecutor.execute(HttpCommandExecutor.java:158)
	at io.appium.java_client.remote.AppiumCommandExecutor.execute(AppiumCommandExecutor.java:239)
	at org.openqa.selenium.remote.RemoteWebDriver.execute(RemoteWebDriver.java:552)
	at io.appium.java_client.DefaultGenericMobileDriver.execute(DefaultGenericMobileDriver.java:42)
	at io.appium.java_client.AppiumDriver.execute(AppiumDriver.java:1)
	at io.appium.java_client.android.AndroidDriver.execute(AndroidDriver.java:1)
	at org.openqa.selenium.remote.RemoteWebDriver.findElement(RemoteWebDriver.java:323)
	at io.appium.java_client.DefaultGenericMobileDriver.findElement(DefaultGenericMobileDriver.java:62)
	at io.appium.java_client.AppiumDriver.findElement(AppiumDriver.java:1)
	at io.appium.java_client.android.AndroidDriver.findElement(AndroidDriver.java:1)
	at io.appium.java_client.FindsByAndroidUIAutomator.findElementByAndroidUIAutomator(FindsByAndroidUIAutomator.java:38)
	at Doogee_S89.Test10F_Int.frontVideoRec(Test10F_Int.java:97)
	at sun.reflect.NativeMethodAccessorImpl.invoke0(Native Method)
	at sun.reflect.NativeMethodAccessorImpl.invoke(NativeMethodAccessorImpl.java:62)
	at sun.reflect.DelegatingMethodAccessorImpl.invoke(DelegatingMethodAccessorImpl.java:43)
	at java.lang.reflect.Method.invoke(Method.java:498)
	at org.testng.internal.MethodInvocationHelper.invokeMethod(MethodInvocationHelper.java:80)
	at org.testng.internal.Invoker.invokeMethod(Invoker.java:673)
	at org.testng.internal.Invoker.invokeTestMethod(Invoker.java:842)
	at org.testng.internal.Invoker.invokeTestMethods(Invoker.java:1166)
	at org.testng.internal.TestMethodWorker.invokeTestMethods(TestMethodWorker.java:125)
	at org.testng.internal.TestMethodWorker.run(TestMethodWorker.java:109)
	at org.testng.TestRunner.runWorkers(TestRunner.java:1178)
	at org.testng.TestRunner.privateRun(TestRunner.java:757)
	at org.testng.TestRunner.run(TestRunner.java:608)
	at org.testng.SuiteRunner.runTest(SuiteRunner.java:334)
	at org.testng.SuiteRunner.runSequentially(SuiteRunner.java:329)
	at org.testng.SuiteRunner.privateRun(SuiteRunner.java:291)
	at org.testng.SuiteRunner.run(SuiteRunner.java:240)
	at org.testng.SuiteRunnerWorker.runSuite(SuiteRunnerWorker.java:52)
	at org.testng.SuiteRunnerWorker.run(SuiteRunnerWorker.java:86)
	at org.testng.TestNG.runSuitesSequentially(TestNG.java:1158)
	at org.testng.TestNG.runSuitesSequentially(TestNG.java:1154)
	at org.testng.TestNG.runSuitesLocally(TestNG.java:1083)
	at org.testng.TestNG.run(TestNG.java:999)
	at org.apache.maven.surefire.testng.TestNGExecutor.run(TestNGExecutor.java:284)
	at org.apache.maven.surefire.testng.TestNGXmlTestSuite.execute(TestNGXmlTestSuite.java:75)
	at org.apache.maven.surefire.testng.TestNGProvider.invoke(TestNGProvider.java:119)
	at org.apache.maven.surefire.booter.ForkedBooter.runSuitesInProcess(ForkedBooter.java:428)
	at org.apache.maven.surefire.booter.ForkedBooter.execute(ForkedBooter.java:162)
	at org.apache.maven.surefire.booter.ForkedBooter.run(ForkedBooter.java:562)
	at org.apache.maven.surefire.booter.ForkedBooter.main(ForkedBooter.java:548)
org.openqa.selenium.NoSuchElementException: An element could not be located on the page using the given search parameters.
For documentation on this error, please visit: https://www.seleniumhq.org/exceptions/no_such_element.html
Build info: version: '3.141.59', revision: 'e82be7d358', time: '2018-11-14T08:17:03'
System info: host: 'SD-APPS-090', ip: '10.65.148.57', os.name: 'Windows 10', os.arch: 'amd64', os.version: '10.0', java.version: '1.8.0_202'
Driver info: io.appium.java_client.android.AndroidDriver
Capabilities {automationName: UiAutomator2, databaseEnabled: false, desired: {automationName: UiAutomator2, deviceName: S89, newCommandTimeout: 1200, platformName: android, platformVersion: 11, udid: S890000000000000127}, deviceApiLevel: 31, deviceManufacturer: DOOGEE, deviceModel: S89, deviceName: S890000000000000127, deviceScreenDensity: 480, deviceScreenSize: 1080x2340, deviceUDID: S890000000000000127, javascriptEnabled: true, locationContextEnabled: false, networkConnectionEnabled: true, newCommandTimeout: 1200, pixelRatio: 3, platform: LINUX, platformName: Android, platformVersion: 12, statBarHeight: 90, takesScreenshot: true, udid: S890000000000000127, viewportRect: {height: 2112, left: 0, top: 90, width: 1080}, warnings: {}, webStorageEnabled: false}
Session ID: 8df57153-3eca-4c17-8163-de0429ddca06
*** Element info: {Using=-android uiautomator, value=new UiSelector().text("WHILE USING THE APP")}
	at sun.reflect.GeneratedConstructorAccessor14.newInstance(Unknown Source)
	at sun.reflect.DelegatingConstructorAccessorImpl.newInstance(DelegatingConstructorAccessorImpl.java:45)
	at java.lang.reflect.Constructor.newInstance(Constructor.java:423)
	at org.openqa.selenium.remote.http.W3CHttpResponseCodec.createException(W3CHttpResponseCodec.java:187)
	at org.openqa.selenium.remote.http.W3CHttpResponseCodec.decode(W3CHttpResponseCodec.java:122)
	at org.openqa.selenium.remote.http.W3CHttpResponseCodec.decode(W3CHttpResponseCodec.java:49)
	at org.openqa.selenium.remote.HttpCommandExecutor.execute(HttpCommandExecutor.java:158)
	at io.appium.java_client.remote.AppiumCommandExecutor.execute(AppiumCommandExecutor.java:239)
	at org.openqa.selenium.remote.RemoteWebDriver.execute(RemoteWebDriver.java:552)
	at io.appium.java_client.DefaultGenericMobileDriver.execute(DefaultGenericMobileDriver.java:42)
	at io.appium.java_client.AppiumDriver.execute(AppiumDriver.java:1)
	at io.appium.java_client.android.AndroidDriver.execute(AndroidDriver.java:1)
	at org.openqa.selenium.remote.RemoteWebDriver.findElement(RemoteWebDriver.java:323)
	at io.appium.java_client.DefaultGenericMobileDriver.findElement(DefaultGenericMobileDriver.java:62)
	at io.appium.java_client.AppiumDriver.findElement(AppiumDriver.java:1)
	at io.appium.java_client.android.AndroidDriver.findElement(AndroidDriver.java:1)
	at io.appium.java_client.FindsByAndroidUIAutomator.findElementByAndroidUIAutomator(FindsByAndroidUIAutomator.java:38)
	at Doogee_S89.Test10F_Int.frontVideoRec(Test10F_Int.java:131)
	at sun.reflect.NativeMethodAccessorImpl.invoke0(Native Method)
	at sun.reflect.NativeMethodAccessorImpl.invoke(NativeMethodAccessorImpl.java:62)
	at sun.reflect.DelegatingMethodAccessorImpl.invoke(DelegatingMethodAccessorImpl.java:43)
	at java.lang.reflect.Method.invoke(Method.java:498)
	at org.testng.internal.MethodInvocationHelper.invokeMethod(MethodInvocationHelper.java:80)
	at org.testng.internal.Invoker.invokeMethod(Invoker.java:673)
	at org.testng.internal.Invoker.invokeTestMethod(Invoker.java:842)
	at org.testng.internal.Invoker.invokeTestMethods(Invoker.java:1166)
	at org.testng.internal.TestMethodWorker.invokeTestMethods(TestMethodWorker.java:125)
	at org.testng.internal.TestMethodWorker.run(TestMethodWorker.java:109)
	at org.testng.TestRunner.runWorkers(TestRunner.java:1178)
	at org.testng.TestRunner.privateRun(TestRunner.java:757)
	at org.testng.TestRunner.run(TestRunner.java:608)
	at org.testng.SuiteRunner.runTest(SuiteRunner.java:334)
	at org.testng.SuiteRunner.runSequentially(SuiteRunner.java:329)
	at org.testng.SuiteRunner.privateRun(SuiteRunner.java:291)
	at org.testng.SuiteRunner.run(SuiteRunner.java:240)
	at org.testng.SuiteRunnerWorker.runSuite(SuiteRunnerWorker.java:52)
	at org.testng.SuiteRunnerWorker.run(SuiteRunnerWorker.java:86)
	at org.testng.TestNG.runSuitesSequentially(TestNG.java:1158)
	at org.testng.TestNG.runSuitesSequentially(TestNG.java:1154)
	at org.testng.TestNG.runSuitesLocally(TestNG.java:1083)
	at org.testng.TestNG.run(TestNG.java:999)
	at org.apache.maven.surefire.testng.TestNGExecutor.run(TestNGExecutor.java:284)
	at org.apache.maven.surefire.testng.TestNGXmlTestSuite.execute(TestNGXmlTestSuite.java:75)
	at org.apache.maven.surefire.testng.TestNGProvider.invoke(TestNGProvider.java:119)
	at org.apache.maven.surefire.booter.ForkedBooter.runSuitesInProcess(ForkedBooter.java:428)
	at org.apache.maven.surefire.booter.ForkedBooter.execute(ForkedBooter.java:162)
	at org.apache.maven.surefire.booter.ForkedBooter.run(ForkedBooter.java:562)
	at org.apache.maven.surefire.booter.ForkedBooter.main(ForkedBooter.java:548)
org.openqa.selenium.NoSuchElementException: An element could not be located on the page using the given search parameters.
For documentation on this error, please visit: https://www.seleniumhq.org/exceptions/no_such_element.html
Build info: version: '3.141.59', revision: 'e82be7d358', time: '2018-11-14T08:17:03'
System info: host: 'SD-APPS-090', ip: '10.65.148.57', os.name: 'Windows 10', os.arch: 'amd64', os.version: '10.0', java.version: '1.8.0_202'
Driver info: io.appium.java_client.android.AndroidDriver
Capabilities {automationName: UiAutomator2, databaseEnabled: false, desired: {automationName: UiAutomator2, deviceName: S89, newCommandTimeout: 1200, platformName: android, platformVersion: 11, udid: S890000000000000127}, deviceApiLevel: 31, deviceManufacturer: DOOGEE, deviceModel: S89, deviceName: S890000000000000127, deviceScreenDensity: 480, deviceScreenSize: 1080x2340, deviceUDID: S890000000000000127, javascriptEnabled: true, locationContextEnabled: false, networkConnectionEnabled: true, newCommandTimeout: 1200, pixelRatio: 3, platform: LINUX, platformName: Android, platformVersion: 12, statBarHeight: 90, takesScreenshot: true, udid: S890000000000000127, viewportRect: {height: 2112, left: 0, top: 90, width: 1080}, warnings: {}, webStorageEnabled: false}
Session ID: 8df57153-3eca-4c17-8163-de0429ddca06
*** Element info: {Using=xpath, value=//*[@resource-id='com.google.android.apps.nbu.files:id/agree_button']}
	at sun.reflect.GeneratedConstructorAccessor14.newInstance(Unknown Source)
	at sun.reflect.DelegatingConstructorAccessorImpl.newInstance(DelegatingConstructorAccessorImpl.java:45)
	at java.lang.reflect.Constructor.newInstance(Constructor.java:423)
	at org.openqa.selenium.remote.http.W3CHttpResponseCodec.createException(W3CHttpResponseCodec.java:187)
	at org.openqa.selenium.remote.http.W3CHttpResponseCodec.decode(W3CHttpResponseCodec.java:122)
	at org.openqa.selenium.remote.http.W3CHttpResponseCodec.decode(W3CHttpResponseCodec.java:49)
	at org.openqa.selenium.remote.HttpCommandExecutor.execute(HttpCommandExecutor.java:158)
	at io.appium.java_client.remote.AppiumCommandExecutor.execute(AppiumCommandExecutor.java:239)
	at org.openqa.selenium.remote.RemoteWebDriver.execute(RemoteWebDriver.java:552)
	at io.appium.java_client.DefaultGenericMobileDriver.execute(DefaultGenericMobileDriver.java:42)
	at io.appium.java_client.AppiumDriver.execute(AppiumDriver.java:1)
	at io.appium.java_client.android.AndroidDriver.execute(AndroidDriver.java:1)
	at org.openqa.selenium.remote.RemoteWebDriver.findElement(RemoteWebDriver.java:323)
	at io.appium.java_client.DefaultGenericMobileDriver.findElement(DefaultGenericMobileDriver.java:62)
	at io.appium.java_client.AppiumDriver.findElement(AppiumDriver.java:1)
	at io.appium.java_client.android.AndroidDriver.findElement(AndroidDriver.java:1)
	at org.openqa.selenium.remote.RemoteWebDriver.findElementByXPath(RemoteWebDriver.java:428)
	at io.appium.java_client.DefaultGenericMobileDriver.findElementByXPath(DefaultGenericMobileDriver.java:152)
	at io.appium.java_client.AppiumDriver.findElementByXPath(AppiumDriver.java:1)
	at io.appium.java_client.android.AndroidDriver.findElementByXPath(AndroidDriver.java:1)
	at org.openqa.selenium.By$ByXPath.findElement(By.java:353)
	at org.openqa.selenium.remote.RemoteWebDriver.findElement(RemoteWebDriver.java:315)
	at io.appium.java_client.DefaultGenericMobileDriver.findElement(DefaultGenericMobileDriver.java:58)
	at io.appium.java_client.AppiumDriver.findElement(AppiumDriver.java:1)
	at io.appium.java_client.android.AndroidDriver.findElement(AndroidDriver.java:1)
	at Doogee_S89.Test10F_Int.frontVideoRec(Test10F_Int.java:309)
	at sun.reflect.NativeMethodAccessorImpl.invoke0(Native Method)
	at sun.reflect.NativeMethodAccessorImpl.invoke(NativeMethodAccessorImpl.java:62)
	at sun.reflect.DelegatingMethodAccessorImpl.invoke(DelegatingMethodAccessorImpl.java:43)
	at java.lang.reflect.Method.invoke(Method.java:498)
	at org.testng.internal.MethodInvocationHelper.invokeMethod(MethodInvocationHelper.java:80)
	at org.testng.internal.Invoker.invokeMethod(Invoker.java:673)
	at org.testng.internal.Invoker.invokeTestMethod(Invoker.java:842)
	at org.testng.internal.Invoker.invokeTestMethods(Invoker.java:1166)
	at org.testng.internal.TestMethodWorker.invokeTestMethods(TestMethodWorker.java:125)
	at org.testng.internal.TestMethodWorker.run(TestMethodWorker.java:109)
	at org.testng.TestRunner.runWorkers(TestRunner.java:1178)
	at org.testng.TestRunner.privateRun(TestRunner.java:757)
	at org.testng.TestRunner.run(TestRunner.java:608)
	at org.testng.SuiteRunner.runTest(SuiteRunner.java:334)
	at org.testng.SuiteRunner.runSequentially(SuiteRunner.java:329)
	at org.testng.SuiteRunner.privateRun(SuiteRunner.java:291)
	at org.testng.SuiteRunner.run(SuiteRunner.java:240)
	at org.testng.SuiteRunnerWorker.runSuite(SuiteRunnerWorker.java:52)
	at org.testng.SuiteRunnerWorker.run(SuiteRunnerWorker.java:86)
	at org.testng.TestNG.runSuitesSequentially(TestNG.java:1158)
	at org.testng.TestNG.runSuitesSequentially(TestNG.java:1154)
	at org.testng.TestNG.runSuitesLocally(TestNG.java:1083)
	at org.testng.TestNG.run(TestNG.java:999)
	at org.apache.maven.surefire.testng.TestNGExecutor.run(TestNGExecutor.java:284)
	at org.apache.maven.surefire.testng.TestNGXmlTestSuite.execute(TestNGXmlTestSuite.java:75)
	at org.apache.maven.surefire.testng.TestNGProvider.invoke(TestNGProvider.java:119)
	at org.apache.maven.surefire.booter.ForkedBooter.runSuitesInProcess(ForkedBooter.java:428)
	at org.apache.maven.surefire.booter.ForkedBooter.execute(ForkedBooter.java:162)
	at org.apache.maven.surefire.booter.ForkedBooter.run(ForkedBooter.java:562)
	at org.apache.maven.surefire.booter.ForkedBooter.main(ForkedBooter.java:548)
org.openqa.selenium.NoSuchElementException: An element could not be located on the page using the given search parameters.
For documentation on this error, please visit: https://www.seleniumhq.org/exceptions/no_such_element.html
Build info: version: '3.141.59', revision: 'e82be7d358', time: '2018-11-14T08:17:03'
System info: host: 'SD-APPS-090', ip: '10.65.148.57', os.name: 'Windows 10', os.arch: 'amd64', os.version: '10.0', java.version: '1.8.0_202'
Driver info: io.appium.java_client.android.AndroidDriver
Capabilities {automationName: UiAutomator2, databaseEnabled: false, desired: {automationName: UiAutomator2, deviceName: S89, newCommandTimeout: 1200, platformName: android, platformVersion: 11, udid: S890000000000000127}, deviceApiLevel: 31, deviceManufacturer: DOOGEE, deviceModel: S89, deviceName: S890000000000000127, deviceScreenDensity: 480, deviceScreenSize: 1080x2340, deviceUDID: S890000000000000127, javascriptEnabled: true, locationContextEnabled: false, networkConnectionEnabled: true, newCommandTimeout: 1200, pixelRatio: 3, platform: LINUX, platformName: Android, platformVersion: 12, statBarHeight: 90, takesScreenshot: true, udid: S890000000000000127, viewportRect: {height: 2112, left: 0, top: 90, width: 1080}, warnings: {}, webStorageEnabled: false}
Session ID: 8df57153-3eca-4c17-8163-de0429ddca06
*** Element info: {Using=xpath, value=//*[@text='4 selected']}
	at sun.reflect.GeneratedConstructorAccessor14.newInstance(Unknown Source)
	at sun.reflect.DelegatingConstructorAccessorImpl.newInstance(DelegatingConstructorAccessorImpl.java:45)
	at java.lang.reflect.Constructor.newInstance(Constructor.java:423)
	at org.openqa.selenium.remote.http.W3CHttpResponseCodec.createException(W3CHttpResponseCodec.java:187)
	at org.openqa.selenium.remote.http.W3CHttpResponseCodec.decode(W3CHttpResponseCodec.java:122)
	at org.openqa.selenium.remote.http.W3CHttpResponseCodec.decode(W3CHttpResponseCodec.java:49)
	at org.openqa.selenium.remote.HttpCommandExecutor.execute(HttpCommandExecutor.java:158)
	at io.appium.java_client.remote.AppiumCommandExecutor.execute(AppiumCommandExecutor.java:239)
	at org.openqa.selenium.remote.RemoteWebDriver.execute(RemoteWebDriver.java:552)
	at io.appium.java_client.DefaultGenericMobileDriver.execute(DefaultGenericMobileDriver.java:42)
	at io.appium.java_client.AppiumDriver.execute(AppiumDriver.java:1)
	at io.appium.java_client.android.AndroidDriver.execute(AndroidDriver.java:1)
	at org.openqa.selenium.remote.RemoteWebDriver.findElement(RemoteWebDriver.java:323)
	at io.appium.java_client.DefaultGenericMobileDriver.findElement(DefaultGenericMobileDriver.java:62)
	at io.appium.java_client.AppiumDriver.findElement(AppiumDriver.java:1)
	at io.appium.java_client.android.AndroidDriver.findElement(AndroidDriver.java:1)
	at org.openqa.selenium.remote.RemoteWebDriver.findElementByXPath(RemoteWebDriver.java:428)
	at io.appium.java_client.DefaultGenericMobileDriver.findElementByXPath(DefaultGenericMobileDriver.java:152)
	at io.appium.java_client.AppiumDriver.findElementByXPath(AppiumDriver.java:1)
	at io.appium.java_client.android.AndroidDriver.findElementByXPath(AndroidDriver.java:1)
	at org.openqa.selenium.By$ByXPath.findElement(By.java:353)
	at org.openqa.selenium.remote.RemoteWebDriver.findElement(RemoteWebDriver.java:315)
	at io.appium.java_client.DefaultGenericMobileDriver.findElement(DefaultGenericMobileDriver.java:58)
	at io.appium.java_client.AppiumDriver.findElement(AppiumDriver.java:1)
	at io.appium.java_client.android.AndroidDriver.findElement(AndroidDriver.java:1)
	at Doogee_S89.Test10F_Int.frontVideoRec(Test10F_Int.java:361)
	at sun.reflect.NativeMethodAccessorImpl.invoke0(Native Method)
	at sun.reflect.NativeMethodAccessorImpl.invoke(NativeMethodAccessorImpl.java:62)
	at sun.reflect.DelegatingMethodAccessorImpl.invoke(DelegatingMethodAccessorImpl.java:43)
	at java.lang.reflect.Method.invoke(Method.java:498)
	at org.testng.internal.MethodInvocationHelper.invokeMethod(MethodInvocationHelper.java:80)
	at org.testng.internal.Invoker.invokeMethod(Invoker.java:673)
	at org.testng.internal.Invoker.invokeTestMethod(Invoker.java:842)
	at org.testng.internal.Invoker.invokeTestMethods(Invoker.java:1166)
	at org.testng.internal.TestMethodWorker.invokeTestMethods(TestMethodWorker.java:125)
	at org.testng.internal.TestMethodWorker.run(TestMethodWorker.java:109)
	at org.testng.TestRunner.runWorkers(TestRunner.java:1178)
	at org.testng.TestRunner.privateRun(TestRunner.java:757)
	at org.testng.TestRunner.run(TestRunner.java:608)
	at org.testng.SuiteRunner.runTest(SuiteRunner.java:334)
	at org.testng.SuiteRunner.runSequentially(SuiteRunner.java:329)
	at org.testng.SuiteRunner.privateRun(SuiteRunner.java:291)
	at org.testng.SuiteRunner.run(SuiteRunner.java:240)
	at org.testng.SuiteRunnerWorker.runSuite(SuiteRunnerWorker.java:52)
	at org.testng.SuiteRunnerWorker.run(SuiteRunnerWorker.java:86)
	at org.testng.TestNG.runSuitesSequentially(TestNG.java:1158)
	at org.testng.TestNG.runSuitesSequentially(TestNG.java:1154)
	at org.testng.TestNG.runSuitesLocally(TestNG.java:1083)
	at org.testng.TestNG.run(TestNG.java:999)
	at org.apache.maven.surefire.testng.TestNGExecutor.run(TestNGExecutor.java:284)
	at org.apache.maven.surefire.testng.TestNGXmlTestSuite.execute(TestNGXmlTestSuite.java:75)
	at org.apache.maven.surefire.testng.TestNGProvider.invoke(TestNGProvider.java:119)
	at org.apache.maven.surefire.booter.ForkedBooter.runSuitesInProcess(ForkedBooter.java:428)
	at org.apache.maven.surefire.booter.ForkedBooter.execute(ForkedBooter.java:162)
	at org.apache.maven.surefire.booter.ForkedBooter.run(ForkedBooter.java:562)
	at org.apache.maven.surefire.booter.ForkedBooter.main(ForkedBooter.java:548)
]]></system-err>
  </testcase>
  <testcase name="RearPictureCapture" classname="Doogee_S89.Test9_Int" time="2,655.036">
    <system-out><![CDATA[Test: Start
===================================================================================================================================================================================================================================================================================================================================================================================================================================================================================================================================================================================================================================================================================================================================
Test9_Int Scenario is follows:
Launch camera application, set Internal storage as a Storage option, start rear camera Image capture for all host resolutions
Setting up the appium desired capabilities
===================================================================================================================================================================================================================================================================================================================================================================================================================================================================================================================================================================================================================================================================================================================================
Clearing Recent Apps
Pass: No recent apps found
Launch Camera application for rear Picture capture for all host resolution
Permission request
change to SD card element not found : org.openqa.selenium.NoSuchElementException: An element could not be located on the page using the given search parameters.
For documentation on this error, please visit: https://www.seleniumhq.org/exceptions/no_such_element.html
Build info: version: '3.141.59', revision: 'e82be7d358', time: '2018-11-14T08:17:03'
System info: host: 'SD-APPS-090', ip: '10.65.148.57', os.name: 'Windows 10', os.arch: 'amd64', os.version: '10.0', java.version: '1.8.0_202'
Driver info: io.appium.java_client.android.AndroidDriver
Capabilities {automationName: UiAutomator2, databaseEnabled: false, desired: {automationName: UiAutomator2, deviceName: S89, newCommandTimeout: 1200, platformName: android, platformVersion: 11, udid: S890000000000000127}, deviceApiLevel: 31, deviceManufacturer: DOOGEE, deviceModel: S89, deviceName: S890000000000000127, deviceScreenDensity: 480, deviceScreenSize: 1080x2340, deviceUDID: S890000000000000127, javascriptEnabled: true, locationContextEnabled: false, networkConnectionEnabled: true, newCommandTimeout: 1200, pixelRatio: 3, platform: LINUX, platformName: Android, platformVersion: 12, statBarHeight: 90, takesScreenshot: true, udid: S890000000000000127, viewportRect: {height: 2112, left: 0, top: 90, width: 1080}, warnings: {}, webStorageEnabled: false}
Session ID: feea31f5-3e11-4b4f-b760-6e7cc48cd789
*** Element info: {Using=-android uiautomator, value=new UiSelector().text("Agree")}
Allow Camera to access this device’s location?
Test9_Int_Bcam_res: 6 resolutions supported
Select settings
Select Picture size option
Select 1st Image Resoution:48M 
totalPictureCountRear_Int = 50
clicking Image of 1st Resolutions 48M: 0
clicking Image of 1st Resolutions 48M: 1
clicking Image of 1st Resolutions 48M: 2
clicking Image of 1st Resolutions 48M: 3
clicking Image of 1st Resolutions 48M: 4
clicking Image of 1st Resolutions 48M: 5
clicking Image of 1st Resolutions 48M: 6
clicking Image of 1st Resolutions 48M: 7
clicking Image of 1st Resolutions 48M: 8
clicking Image of 1st Resolutions 48M: 9
clicking Image of 1st Resolutions 48M: 10
clicking Image of 1st Resolutions 48M: 11
clicking Image of 1st Resolutions 48M: 12
clicking Image of 1st Resolutions 48M: 13
clicking Image of 1st Resolutions 48M: 14
clicking Image of 1st Resolutions 48M: 15
clicking Image of 1st Resolutions 48M: 16
clicking Image of 1st Resolutions 48M: 17
clicking Image of 1st Resolutions 48M: 18
clicking Image of 1st Resolutions 48M: 19
clicking Image of 1st Resolutions 48M: 20
clicking Image of 1st Resolutions 48M: 21
clicking Image of 1st Resolutions 48M: 22
clicking Image of 1st Resolutions 48M: 23
clicking Image of 1st Resolutions 48M: 24
clicking Image of 1st Resolutions 48M: 25
clicking Image of 1st Resolutions 48M: 26
clicking Image of 1st Resolutions 48M: 27
clicking Image of 1st Resolutions 48M: 28
clicking Image of 1st Resolutions 48M: 29
clicking Image of 1st Resolutions 48M: 30
clicking Image of 1st Resolutions 48M: 31
clicking Image of 1st Resolutions 48M: 32
clicking Image of 1st Resolutions 48M: 33
clicking Image of 1st Resolutions 48M: 34
clicking Image of 1st Resolutions 48M: 35
clicking Image of 1st Resolutions 48M: 36
clicking Image of 1st Resolutions 48M: 37
clicking Image of 1st Resolutions 48M: 38
clicking Image of 1st Resolutions 48M: 39
clicking Image of 1st Resolutions 48M: 40
clicking Image of 1st Resolutions 48M: 41
clicking Image of 1st Resolutions 48M: 42
clicking Image of 1st Resolutions 48M: 43
clicking Image of 1st Resolutions 48M: 44
clicking Image of 1st Resolutions 48M: 45
clicking Image of 1st Resolutions 48M: 46
clicking Image of 1st Resolutions 48M: 47
clicking Image of 1st Resolutions 48M: 48
clicking Image of 1st Resolutions 48M: 49
Rear camera first resolution:50 images Captured succesfull
Select settings
Select Picture size option
Select 2nd Image Resoution:16M 
totalPictureCountRear_Int1 = 50
clicking Image of 2nd Resolutions 16M: 0
clicking Image of 2nd Resolutions 16M: 1
clicking Image of 2nd Resolutions 16M: 2
clicking Image of 2nd Resolutions 16M: 3
clicking Image of 2nd Resolutions 16M: 4
clicking Image of 2nd Resolutions 16M: 5
clicking Image of 2nd Resolutions 16M: 6
clicking Image of 2nd Resolutions 16M: 7
clicking Image of 2nd Resolutions 16M: 8
clicking Image of 2nd Resolutions 16M: 9
clicking Image of 2nd Resolutions 16M: 10
clicking Image of 2nd Resolutions 16M: 11
clicking Image of 2nd Resolutions 16M: 12
clicking Image of 2nd Resolutions 16M: 13
clicking Image of 2nd Resolutions 16M: 14
clicking Image of 2nd Resolutions 16M: 15
clicking Image of 2nd Resolutions 16M: 16
clicking Image of 2nd Resolutions 16M: 17
clicking Image of 2nd Resolutions 16M: 18
clicking Image of 2nd Resolutions 16M: 19
clicking Image of 2nd Resolutions 16M: 20
clicking Image of 2nd Resolutions 16M: 21
clicking Image of 2nd Resolutions 16M: 22
clicking Image of 2nd Resolutions 16M: 23
clicking Image of 2nd Resolutions 16M: 24
clicking Image of 2nd Resolutions 16M: 25
clicking Image of 2nd Resolutions 16M: 26
clicking Image of 2nd Resolutions 16M: 27
clicking Image of 2nd Resolutions 16M: 28
clicking Image of 2nd Resolutions 16M: 29
clicking Image of 2nd Resolutions 16M: 30
clicking Image of 2nd Resolutions 16M: 31
clicking Image of 2nd Resolutions 16M: 32
clicking Image of 2nd Resolutions 16M: 33
clicking Image of 2nd Resolutions 16M: 34
clicking Image of 2nd Resolutions 16M: 35
clicking Image of 2nd Resolutions 16M: 36
clicking Image of 2nd Resolutions 16M: 37
clicking Image of 2nd Resolutions 16M: 38
clicking Image of 2nd Resolutions 16M: 39
clicking Image of 2nd Resolutions 16M: 40
clicking Image of 2nd Resolutions 16M: 41
clicking Image of 2nd Resolutions 16M: 42
clicking Image of 2nd Resolutions 16M: 43
clicking Image of 2nd Resolutions 16M: 44
clicking Image of 2nd Resolutions 16M: 45
clicking Image of 2nd Resolutions 16M: 46
clicking Image of 2nd Resolutions 16M: 47
clicking Image of 2nd Resolutions 16M: 48
clicking Image of 2nd Resolutions 16M: 49
Rear camera second resolution:50 images Captured succesfull
Select settings
Select Picture size option
Select 3rd Image Resoution:12M 
totalPictureCountRear_Int2 = 50
clicking Image of 3rd Resolutions 12M: 0
clicking Image of 3rd Resolutions 12M: 1
clicking Image of 3rd Resolutions 12M: 2
clicking Image of 3rd Resolutions 12M: 3
clicking Image of 3rd Resolutions 12M: 4
clicking Image of 3rd Resolutions 12M: 5
clicking Image of 3rd Resolutions 12M: 6
clicking Image of 3rd Resolutions 12M: 7
clicking Image of 3rd Resolutions 12M: 8
clicking Image of 3rd Resolutions 12M: 9
clicking Image of 3rd Resolutions 12M: 10
clicking Image of 3rd Resolutions 12M: 11
clicking Image of 3rd Resolutions 12M: 12
clicking Image of 3rd Resolutions 12M: 13
clicking Image of 3rd Resolutions 12M: 14
clicking Image of 3rd Resolutions 12M: 15
clicking Image of 3rd Resolutions 12M: 16
clicking Image of 3rd Resolutions 12M: 17
clicking Image of 3rd Resolutions 12M: 18
clicking Image of 3rd Resolutions 12M: 19
clicking Image of 3rd Resolutions 12M: 20
clicking Image of 3rd Resolutions 12M: 21
clicking Image of 3rd Resolutions 12M: 22
clicking Image of 3rd Resolutions 12M: 23
clicking Image of 3rd Resolutions 12M: 24
clicking Image of 3rd Resolutions 12M: 25
clicking Image of 3rd Resolutions 12M: 26
clicking Image of 3rd Resolutions 12M: 27
clicking Image of 3rd Resolutions 12M: 28
clicking Image of 3rd Resolutions 12M: 29
clicking Image of 3rd Resolutions 12M: 30
clicking Image of 3rd Resolutions 12M: 31
clicking Image of 3rd Resolutions 12M: 32
clicking Image of 3rd Resolutions 12M: 33
clicking Image of 3rd Resolutions 12M: 34
clicking Image of 3rd Resolutions 12M: 35
clicking Image of 3rd Resolutions 12M: 36
clicking Image of 3rd Resolutions 12M: 37
clicking Image of 3rd Resolutions 12M: 38
clicking Image of 3rd Resolutions 12M: 39
clicking Image of 3rd Resolutions 12M: 40
clicking Image of 3rd Resolutions 12M: 41
clicking Image of 3rd Resolutions 12M: 42
clicking Image of 3rd Resolutions 12M: 43
clicking Image of 3rd Resolutions 12M: 44
clicking Image of 3rd Resolutions 12M: 45
clicking Image of 3rd Resolutions 12M: 46
clicking Image of 3rd Resolutions 12M: 47
clicking Image of 3rd Resolutions 12M: 48
clicking Image of 3rd Resolutions 12M: 49
Rear camera third resolution:50 images Captured succesfull
Select settings
Select Picture size option
Select 4th Image Resoution:11M 
totalPictureCountRear_Int3 = 50
clicking Image of 3rd Resolutions 11M: 0
clicking Image of 3rd Resolutions 11M: 1
clicking Image of 3rd Resolutions 11M: 2
clicking Image of 3rd Resolutions 11M: 3
clicking Image of 3rd Resolutions 11M: 4
clicking Image of 3rd Resolutions 11M: 5
clicking Image of 3rd Resolutions 11M: 6
clicking Image of 3rd Resolutions 11M: 7
clicking Image of 3rd Resolutions 11M: 8
clicking Image of 3rd Resolutions 11M: 9
clicking Image of 3rd Resolutions 11M: 10
clicking Image of 3rd Resolutions 11M: 11
clicking Image of 3rd Resolutions 11M: 12
clicking Image of 3rd Resolutions 11M: 13
clicking Image of 3rd Resolutions 11M: 14
clicking Image of 3rd Resolutions 11M: 15
clicking Image of 3rd Resolutions 11M: 16
clicking Image of 3rd Resolutions 11M: 17
clicking Image of 3rd Resolutions 11M: 18
clicking Image of 3rd Resolutions 11M: 19
clicking Image of 3rd Resolutions 11M: 20
clicking Image of 3rd Resolutions 11M: 21
clicking Image of 3rd Resolutions 11M: 22
clicking Image of 3rd Resolutions 11M: 23
clicking Image of 3rd Resolutions 11M: 24
clicking Image of 3rd Resolutions 11M: 25
clicking Image of 3rd Resolutions 11M: 26
clicking Image of 3rd Resolutions 11M: 27
clicking Image of 3rd Resolutions 11M: 28
clicking Image of 3rd Resolutions 11M: 29
clicking Image of 3rd Resolutions 11M: 30
clicking Image of 3rd Resolutions 11M: 31
clicking Image of 3rd Resolutions 11M: 32
clicking Image of 3rd Resolutions 11M: 33
clicking Image of 3rd Resolutions 11M: 34
clicking Image of 3rd Resolutions 11M: 35
clicking Image of 3rd Resolutions 11M: 36
clicking Image of 3rd Resolutions 11M: 37
clicking Image of 3rd Resolutions 11M: 38
clicking Image of 3rd Resolutions 11M: 39
clicking Image of 3rd Resolutions 11M: 40
clicking Image of 3rd Resolutions 11M: 41
clicking Image of 3rd Resolutions 11M: 42
clicking Image of 3rd Resolutions 11M: 43
clicking Image of 3rd Resolutions 11M: 44
clicking Image of 3rd Resolutions 11M: 45
clicking Image of 3rd Resolutions 11M: 46
clicking Image of 3rd Resolutions 11M: 47
clicking Image of 3rd Resolutions 11M: 48
clicking Image of 3rd Resolutions 11M: 49
Rear camera 4th resolution:50 images Captured succesfull
Select settings
Select Picture size option
Select fourth Image Resoution:5M 
totalPictureCountRear_Int4 = 50
clicking Image of 4th Resolutions 5M: 0
clicking Image of 4th Resolutions 5M: 1
clicking Image of 4th Resolutions 5M: 2
clicking Image of 4th Resolutions 5M: 3
clicking Image of 4th Resolutions 5M: 4
clicking Image of 4th Resolutions 5M: 5
clicking Image of 4th Resolutions 5M: 6
clicking Image of 4th Resolutions 5M: 7
clicking Image of 4th Resolutions 5M: 8
clicking Image of 4th Resolutions 5M: 9
clicking Image of 4th Resolutions 5M: 10
clicking Image of 4th Resolutions 5M: 11
clicking Image of 4th Resolutions 5M: 12
clicking Image of 4th Resolutions 5M: 13
clicking Image of 4th Resolutions 5M: 14
clicking Image of 4th Resolutions 5M: 15
clicking Image of 4th Resolutions 5M: 16
clicking Image of 4th Resolutions 5M: 17
clicking Image of 4th Resolutions 5M: 18
clicking Image of 4th Resolutions 5M: 19
clicking Image of 4th Resolutions 5M: 20
clicking Image of 4th Resolutions 5M: 21
clicking Image of 4th Resolutions 5M: 22
clicking Image of 4th Resolutions 5M: 23
clicking Image of 4th Resolutions 5M: 24
clicking Image of 4th Resolutions 5M: 25
clicking Image of 4th Resolutions 5M: 26
clicking Image of 4th Resolutions 5M: 27
clicking Image of 4th Resolutions 5M: 28
clicking Image of 4th Resolutions 5M: 29
clicking Image of 4th Resolutions 5M: 30
clicking Image of 4th Resolutions 5M: 31
clicking Image of 4th Resolutions 5M: 32
clicking Image of 4th Resolutions 5M: 33
clicking Image of 4th Resolutions 5M: 34
clicking Image of 4th Resolutions 5M: 35
clicking Image of 4th Resolutions 5M: 36
clicking Image of 4th Resolutions 5M: 37
clicking Image of 4th Resolutions 5M: 38
clicking Image of 4th Resolutions 5M: 39
clicking Image of 4th Resolutions 5M: 40
clicking Image of 4th Resolutions 5M: 41
clicking Image of 4th Resolutions 5M: 42
clicking Image of 4th Resolutions 5M: 43
clicking Image of 4th Resolutions 5M: 44
clicking Image of 4th Resolutions 5M: 45
clicking Image of 4th Resolutions 5M: 46
clicking Image of 4th Resolutions 5M: 47
clicking Image of 4th Resolutions 5M: 48
clicking Image of 4th Resolutions 5M: 49
Rear camera 5th resolution:50 images Captured succesfull
Select settings
Select Picture size option
Select fifth Image Resoution:5M 
totalPictureCountRear_Int5 = 50
clicking Image of 5th Resolutions 5M: 0
clicking Image of 5th Resolutions 5M: 1
clicking Image of 5th Resolutions 5M: 2
clicking Image of 5th Resolutions 5M: 3
clicking Image of 5th Resolutions 5M: 4
clicking Image of 5th Resolutions 5M: 5
clicking Image of 5th Resolutions 5M: 6
clicking Image of 5th Resolutions 5M: 7
clicking Image of 5th Resolutions 5M: 8
clicking Image of 5th Resolutions 5M: 9
clicking Image of 5th Resolutions 5M: 10
clicking Image of 5th Resolutions 5M: 11
clicking Image of 5th Resolutions 5M: 12
clicking Image of 5th Resolutions 5M: 13
clicking Image of 5th Resolutions 5M: 14
clicking Image of 5th Resolutions 5M: 15
clicking Image of 5th Resolutions 5M: 16
clicking Image of 5th Resolutions 5M: 17
clicking Image of 5th Resolutions 5M: 18
clicking Image of 5th Resolutions 5M: 19
clicking Image of 5th Resolutions 5M: 20
clicking Image of 5th Resolutions 5M: 21
clicking Image of 5th Resolutions 5M: 22
clicking Image of 5th Resolutions 5M: 23
clicking Image of 5th Resolutions 5M: 24
clicking Image of 5th Resolutions 5M: 25
clicking Image of 5th Resolutions 5M: 26
clicking Image of 5th Resolutions 5M: 27
clicking Image of 5th Resolutions 5M: 28
clicking Image of 5th Resolutions 5M: 29
clicking Image of 5th Resolutions 5M: 30
clicking Image of 5th Resolutions 5M: 31
clicking Image of 5th Resolutions 5M: 32
clicking Image of 5th Resolutions 5M: 33
clicking Image of 5th Resolutions 5M: 34
clicking Image of 5th Resolutions 5M: 35
clicking Image of 5th Resolutions 5M: 36
clicking Image of 5th Resolutions 5M: 37
clicking Image of 5th Resolutions 5M: 38
clicking Image of 5th Resolutions 5M: 39
clicking Image of 5th Resolutions 5M: 40
clicking Image of 5th Resolutions 5M: 41
clicking Image of 5th Resolutions 5M: 42
clicking Image of 5th Resolutions 5M: 43
clicking Image of 5th Resolutions 5M: 44
clicking Image of 5th Resolutions 5M: 45
clicking Image of 5th Resolutions 5M: 46
clicking Image of 5th Resolutions 5M: 47
clicking Image of 5th Resolutions 5M: 48
clicking Image of 5th Resolutions 5M: 49
Rear camera 6th resolution:50 images Captured succesfull
Total Count value: 300 images to be Captured 
Launch file manager application and verify recorded video present in Internal storage
Swipe up to select Internal storage
Select Internal storage
switch to grid view mode to select DCIM folder
Select DCIM Folder
Select camera folder
switch to list view mode
Click More options
Click select all
Total Image
Test9_Int_Bcam_image: 308 selected images Captured succesfull
Actual Value:308 selected
Interger value:308
Tolerance_Level = 75

Pass: Test9_Int pass for rear Image capture
Test9_Int Bcam_image: 308  images Captured succesfull
===================================================================================================================================================================================================================================================================================================================================================================================================================================================================================================================================================================================================================================================================================================================================
calling DataMoveOperation()
Re-launch file manager application and select Internal storage for data move operation, select all rear camera images files present in camera folder and move to Test9_Int folder
Select Internal storage
switch to grid view mode and select DCIM folder
Select DCIM folder
Select camera folder
switch to list view mode
Click More options
Click select all
Click More options
select move to option
select Internal storage
Select ADD NEW Folder option
Name folder as Test9_Int
Accept create folder
Cut paste  operation completed successfully
Test9_Int: Data move operation completed successfully
Pass: Test9_Int Pass for data move operation successfully
===================================================================================================================================================================================================================================================================================================================================================================================================================================================================================================================================================================================================================================================================================================================================
Final Message: Pass Test9_Int Pass for Rear camera image capture  successfully
Test: End
===================================================================================================================================================================================================================================================================================================================================================================================================================================================================================================================================================================================================================================================================================================================================
]]></system-out>
    <system-err><![CDATA[2023-02-24 17:50:01 INFO   io.appium.java_client.remote.AppiumCommandExecutor$1 lambda$0 Detected dialect: W3C
2023-02-24 17:50:19 INFO   io.appium.java_client.remote.AppiumCommandExecutor$1 lambda$0 Detected dialect: W3C
org.openqa.selenium.InvalidSelectorException: Could not parse selector expression `new UiSelector().content-desc("Clear all")`: UiSelector has no `content-desc` method
For documentation on this error, please visit: https://www.seleniumhq.org/exceptions/invalid_selector_exception.html
Build info: version: '3.141.59', revision: 'e82be7d358', time: '2018-11-14T08:17:03'
System info: host: 'SD-APPS-090', ip: '10.65.148.57', os.name: 'Windows 10', os.arch: 'amd64', os.version: '10.0', java.version: '1.8.0_202'
Driver info: io.appium.java_client.android.AndroidDriver
Capabilities {automationName: UiAutomator2, databaseEnabled: false, desired: {automationName: UiAutomator2, deviceName: S89, newCommandTimeout: 1200, platformName: android, platformVersion: 11, udid: S890000000000000127}, deviceApiLevel: 31, deviceManufacturer: DOOGEE, deviceModel: S89, deviceName: S890000000000000127, deviceScreenDensity: 480, deviceScreenSize: 1080x2340, deviceUDID: S890000000000000127, javascriptEnabled: true, locationContextEnabled: false, networkConnectionEnabled: true, newCommandTimeout: 1200, pixelRatio: 3, platform: LINUX, platformName: Android, platformVersion: 12, statBarHeight: 90, takesScreenshot: true, udid: S890000000000000127, viewportRect: {height: 2112, left: 0, top: 90, width: 1080}, warnings: {}, webStorageEnabled: false}
Session ID: feea31f5-3e11-4b4f-b760-6e7cc48cd789
*** Element info: {Using=-android uiautomator, value=new UiSelector().content-desc("Clear all")}
	at sun.reflect.NativeConstructorAccessorImpl.newInstance0(Native Method)
	at sun.reflect.NativeConstructorAccessorImpl.newInstance(NativeConstructorAccessorImpl.java:62)
	at sun.reflect.DelegatingConstructorAccessorImpl.newInstance(DelegatingConstructorAccessorImpl.java:45)
	at java.lang.reflect.Constructor.newInstance(Constructor.java:423)
	at org.openqa.selenium.remote.http.W3CHttpResponseCodec.createException(W3CHttpResponseCodec.java:187)
	at org.openqa.selenium.remote.http.W3CHttpResponseCodec.decode(W3CHttpResponseCodec.java:122)
	at org.openqa.selenium.remote.http.W3CHttpResponseCodec.decode(W3CHttpResponseCodec.java:49)
	at org.openqa.selenium.remote.HttpCommandExecutor.execute(HttpCommandExecutor.java:158)
	at io.appium.java_client.remote.AppiumCommandExecutor.execute(AppiumCommandExecutor.java:239)
	at org.openqa.selenium.remote.RemoteWebDriver.execute(RemoteWebDriver.java:552)
	at io.appium.java_client.DefaultGenericMobileDriver.execute(DefaultGenericMobileDriver.java:42)
	at io.appium.java_client.AppiumDriver.execute(AppiumDriver.java:1)
	at io.appium.java_client.android.AndroidDriver.execute(AndroidDriver.java:1)
	at org.openqa.selenium.remote.RemoteWebDriver.findElement(RemoteWebDriver.java:323)
	at io.appium.java_client.DefaultGenericMobileDriver.findElement(DefaultGenericMobileDriver.java:62)
	at io.appium.java_client.AppiumDriver.findElement(AppiumDriver.java:1)
	at io.appium.java_client.android.AndroidDriver.findElement(AndroidDriver.java:1)
	at io.appium.java_client.FindsByAndroidUIAutomator.findElementByAndroidUIAutomator(FindsByAndroidUIAutomator.java:38)
	at Doogee_S89.Test9_Int.RearPictureCapture(Test9_Int.java:91)
	at sun.reflect.NativeMethodAccessorImpl.invoke0(Native Method)
	at sun.reflect.NativeMethodAccessorImpl.invoke(NativeMethodAccessorImpl.java:62)
	at sun.reflect.DelegatingMethodAccessorImpl.invoke(DelegatingMethodAccessorImpl.java:43)
	at java.lang.reflect.Method.invoke(Method.java:498)
	at org.testng.internal.MethodInvocationHelper.invokeMethod(MethodInvocationHelper.java:80)
	at org.testng.internal.Invoker.invokeMethod(Invoker.java:673)
	at org.testng.internal.Invoker.invokeTestMethod(Invoker.java:842)
	at org.testng.internal.Invoker.invokeTestMethods(Invoker.java:1166)
	at org.testng.internal.TestMethodWorker.invokeTestMethods(TestMethodWorker.java:125)
	at org.testng.internal.TestMethodWorker.run(TestMethodWorker.java:109)
	at org.testng.TestRunner.runWorkers(TestRunner.java:1178)
	at org.testng.TestRunner.privateRun(TestRunner.java:757)
	at org.testng.TestRunner.run(TestRunner.java:608)
	at org.testng.SuiteRunner.runTest(SuiteRunner.java:334)
	at org.testng.SuiteRunner.runSequentially(SuiteRunner.java:329)
	at org.testng.SuiteRunner.privateRun(SuiteRunner.java:291)
	at org.testng.SuiteRunner.run(SuiteRunner.java:240)
	at org.testng.SuiteRunnerWorker.runSuite(SuiteRunnerWorker.java:52)
	at org.testng.SuiteRunnerWorker.run(SuiteRunnerWorker.java:86)
	at org.testng.TestNG.runSuitesSequentially(TestNG.java:1158)
	at org.testng.TestNG.runSuitesSequentially(TestNG.java:1154)
	at org.testng.TestNG.runSuitesLocally(TestNG.java:1083)
	at org.testng.TestNG.run(TestNG.java:999)
	at org.apache.maven.surefire.testng.TestNGExecutor.run(TestNGExecutor.java:284)
	at org.apache.maven.surefire.testng.TestNGXmlTestSuite.execute(TestNGXmlTestSuite.java:75)
	at org.apache.maven.surefire.testng.TestNGProvider.invoke(TestNGProvider.java:119)
	at org.apache.maven.surefire.booter.ForkedBooter.runSuitesInProcess(ForkedBooter.java:428)
	at org.apache.maven.surefire.booter.ForkedBooter.execute(ForkedBooter.java:162)
	at org.apache.maven.surefire.booter.ForkedBooter.run(ForkedBooter.java:562)
	at org.apache.maven.surefire.booter.ForkedBooter.main(ForkedBooter.java:548)
org.openqa.selenium.NoSuchElementException: An element could not be located on the page using the given search parameters.
For documentation on this error, please visit: https://www.seleniumhq.org/exceptions/no_such_element.html
Build info: version: '3.141.59', revision: 'e82be7d358', time: '2018-11-14T08:17:03'
System info: host: 'SD-APPS-090', ip: '10.65.148.57', os.name: 'Windows 10', os.arch: 'amd64', os.version: '10.0', java.version: '1.8.0_202'
Driver info: io.appium.java_client.android.AndroidDriver
Capabilities {automationName: UiAutomator2, databaseEnabled: false, desired: {automationName: UiAutomator2, deviceName: S89, newCommandTimeout: 1200, platformName: android, platformVersion: 11, udid: S890000000000000127}, deviceApiLevel: 31, deviceManufacturer: DOOGEE, deviceModel: S89, deviceName: S890000000000000127, deviceScreenDensity: 480, deviceScreenSize: 1080x2340, deviceUDID: S890000000000000127, javascriptEnabled: true, locationContextEnabled: false, networkConnectionEnabled: true, newCommandTimeout: 1200, pixelRatio: 3, platform: LINUX, platformName: Android, platformVersion: 12, statBarHeight: 90, takesScreenshot: true, udid: S890000000000000127, viewportRect: {height: 2112, left: 0, top: 90, width: 1080}, warnings: {}, webStorageEnabled: false}
Session ID: feea31f5-3e11-4b4f-b760-6e7cc48cd789
*** Element info: {Using=-android uiautomator, value=new UiSelector().text("WHILE USING THE APP")}
	at sun.reflect.GeneratedConstructorAccessor14.newInstance(Unknown Source)
	at sun.reflect.DelegatingConstructorAccessorImpl.newInstance(DelegatingConstructorAccessorImpl.java:45)
	at java.lang.reflect.Constructor.newInstance(Constructor.java:423)
	at org.openqa.selenium.remote.http.W3CHttpResponseCodec.createException(W3CHttpResponseCodec.java:187)
	at org.openqa.selenium.remote.http.W3CHttpResponseCodec.decode(W3CHttpResponseCodec.java:122)
	at org.openqa.selenium.remote.http.W3CHttpResponseCodec.decode(W3CHttpResponseCodec.java:49)
	at org.openqa.selenium.remote.HttpCommandExecutor.execute(HttpCommandExecutor.java:158)
	at io.appium.java_client.remote.AppiumCommandExecutor.execute(AppiumCommandExecutor.java:239)
	at org.openqa.selenium.remote.RemoteWebDriver.execute(RemoteWebDriver.java:552)
	at io.appium.java_client.DefaultGenericMobileDriver.execute(DefaultGenericMobileDriver.java:42)
	at io.appium.java_client.AppiumDriver.execute(AppiumDriver.java:1)
	at io.appium.java_client.android.AndroidDriver.execute(AndroidDriver.java:1)
	at org.openqa.selenium.remote.RemoteWebDriver.findElement(RemoteWebDriver.java:323)
	at io.appium.java_client.DefaultGenericMobileDriver.findElement(DefaultGenericMobileDriver.java:62)
	at io.appium.java_client.AppiumDriver.findElement(AppiumDriver.java:1)
	at io.appium.java_client.android.AndroidDriver.findElement(AndroidDriver.java:1)
	at io.appium.java_client.FindsByAndroidUIAutomator.findElementByAndroidUIAutomator(FindsByAndroidUIAutomator.java:38)
	at Doogee_S89.Test9_Int.RearPictureCapture(Test9_Int.java:125)
	at sun.reflect.NativeMethodAccessorImpl.invoke0(Native Method)
	at sun.reflect.NativeMethodAccessorImpl.invoke(NativeMethodAccessorImpl.java:62)
	at sun.reflect.DelegatingMethodAccessorImpl.invoke(DelegatingMethodAccessorImpl.java:43)
	at java.lang.reflect.Method.invoke(Method.java:498)
	at org.testng.internal.MethodInvocationHelper.invokeMethod(MethodInvocationHelper.java:80)
	at org.testng.internal.Invoker.invokeMethod(Invoker.java:673)
	at org.testng.internal.Invoker.invokeTestMethod(Invoker.java:842)
	at org.testng.internal.Invoker.invokeTestMethods(Invoker.java:1166)
	at org.testng.internal.TestMethodWorker.invokeTestMethods(TestMethodWorker.java:125)
	at org.testng.internal.TestMethodWorker.run(TestMethodWorker.java:109)
	at org.testng.TestRunner.runWorkers(TestRunner.java:1178)
	at org.testng.TestRunner.privateRun(TestRunner.java:757)
	at org.testng.TestRunner.run(TestRunner.java:608)
	at org.testng.SuiteRunner.runTest(SuiteRunner.java:334)
	at org.testng.SuiteRunner.runSequentially(SuiteRunner.java:329)
	at org.testng.SuiteRunner.privateRun(SuiteRunner.java:291)
	at org.testng.SuiteRunner.run(SuiteRunner.java:240)
	at org.testng.SuiteRunnerWorker.runSuite(SuiteRunnerWorker.java:52)
	at org.testng.SuiteRunnerWorker.run(SuiteRunnerWorker.java:86)
	at org.testng.TestNG.runSuitesSequentially(TestNG.java:1158)
	at org.testng.TestNG.runSuitesSequentially(TestNG.java:1154)
	at org.testng.TestNG.runSuitesLocally(TestNG.java:1083)
	at org.testng.TestNG.run(TestNG.java:999)
	at org.apache.maven.surefire.testng.TestNGExecutor.run(TestNGExecutor.java:284)
	at org.apache.maven.surefire.testng.TestNGXmlTestSuite.execute(TestNGXmlTestSuite.java:75)
	at org.apache.maven.surefire.testng.TestNGProvider.invoke(TestNGProvider.java:119)
	at org.apache.maven.surefire.booter.ForkedBooter.runSuitesInProcess(ForkedBooter.java:428)
	at org.apache.maven.surefire.booter.ForkedBooter.execute(ForkedBooter.java:162)
	at org.apache.maven.surefire.booter.ForkedBooter.run(ForkedBooter.java:562)
	at org.apache.maven.surefire.booter.ForkedBooter.main(ForkedBooter.java:548)
org.openqa.selenium.NoSuchElementException: An element could not be located on the page using the given search parameters.
For documentation on this error, please visit: https://www.seleniumhq.org/exceptions/no_such_element.html
Build info: version: '3.141.59', revision: 'e82be7d358', time: '2018-11-14T08:17:03'
System info: host: 'SD-APPS-090', ip: '10.65.148.57', os.name: 'Windows 10', os.arch: 'amd64', os.version: '10.0', java.version: '1.8.0_202'
Driver info: io.appium.java_client.android.AndroidDriver
Capabilities {automationName: UiAutomator2, databaseEnabled: false, desired: {automationName: UiAutomator2, deviceName: S89, newCommandTimeout: 1200, platformName: android, platformVersion: 11, udid: S890000000000000127}, deviceApiLevel: 31, deviceManufacturer: DOOGEE, deviceModel: S89, deviceName: S890000000000000127, deviceScreenDensity: 480, deviceScreenSize: 1080x2340, deviceUDID: S890000000000000127, javascriptEnabled: true, locationContextEnabled: false, networkConnectionEnabled: true, newCommandTimeout: 1200, pixelRatio: 3, platform: LINUX, platformName: Android, platformVersion: 12, statBarHeight: 90, takesScreenshot: true, udid: S890000000000000127, viewportRect: {height: 2112, left: 0, top: 90, width: 1080}, warnings: {}, webStorageEnabled: false}
Session ID: feea31f5-3e11-4b4f-b760-6e7cc48cd789
*** Element info: {Using=xpath, value=//*[@resource-id='com.google.android.apps.nbu.files:id/agree_button']}
	at sun.reflect.GeneratedConstructorAccessor14.newInstance(Unknown Source)
	at sun.reflect.DelegatingConstructorAccessorImpl.newInstance(DelegatingConstructorAccessorImpl.java:45)
	at java.lang.reflect.Constructor.newInstance(Constructor.java:423)
	at org.openqa.selenium.remote.http.W3CHttpResponseCodec.createException(W3CHttpResponseCodec.java:187)
	at org.openqa.selenium.remote.http.W3CHttpResponseCodec.decode(W3CHttpResponseCodec.java:122)
	at org.openqa.selenium.remote.http.W3CHttpResponseCodec.decode(W3CHttpResponseCodec.java:49)
	at org.openqa.selenium.remote.HttpCommandExecutor.execute(HttpCommandExecutor.java:158)
	at io.appium.java_client.remote.AppiumCommandExecutor.execute(AppiumCommandExecutor.java:239)
	at org.openqa.selenium.remote.RemoteWebDriver.execute(RemoteWebDriver.java:552)
	at io.appium.java_client.DefaultGenericMobileDriver.execute(DefaultGenericMobileDriver.java:42)
	at io.appium.java_client.AppiumDriver.execute(AppiumDriver.java:1)
	at io.appium.java_client.android.AndroidDriver.execute(AndroidDriver.java:1)
	at org.openqa.selenium.remote.RemoteWebDriver.findElement(RemoteWebDriver.java:323)
	at io.appium.java_client.DefaultGenericMobileDriver.findElement(DefaultGenericMobileDriver.java:62)
	at io.appium.java_client.AppiumDriver.findElement(AppiumDriver.java:1)
	at io.appium.java_client.android.AndroidDriver.findElement(AndroidDriver.java:1)
	at org.openqa.selenium.remote.RemoteWebDriver.findElementByXPath(RemoteWebDriver.java:428)
	at io.appium.java_client.DefaultGenericMobileDriver.findElementByXPath(DefaultGenericMobileDriver.java:152)
	at io.appium.java_client.AppiumDriver.findElementByXPath(AppiumDriver.java:1)
	at io.appium.java_client.android.AndroidDriver.findElementByXPath(AndroidDriver.java:1)
	at org.openqa.selenium.By$ByXPath.findElement(By.java:353)
	at org.openqa.selenium.remote.RemoteWebDriver.findElement(RemoteWebDriver.java:315)
	at io.appium.java_client.DefaultGenericMobileDriver.findElement(DefaultGenericMobileDriver.java:58)
	at io.appium.java_client.AppiumDriver.findElement(AppiumDriver.java:1)
	at io.appium.java_client.android.AndroidDriver.findElement(AndroidDriver.java:1)
	at Doogee_S89.Test9_Int.RearPictureCapture(Test9_Int.java:379)
	at sun.reflect.NativeMethodAccessorImpl.invoke0(Native Method)
	at sun.reflect.NativeMethodAccessorImpl.invoke(NativeMethodAccessorImpl.java:62)
	at sun.reflect.DelegatingMethodAccessorImpl.invoke(DelegatingMethodAccessorImpl.java:43)
	at java.lang.reflect.Method.invoke(Method.java:498)
	at org.testng.internal.MethodInvocationHelper.invokeMethod(MethodInvocationHelper.java:80)
	at org.testng.internal.Invoker.invokeMethod(Invoker.java:673)
	at org.testng.internal.Invoker.invokeTestMethod(Invoker.java:842)
	at org.testng.internal.Invoker.invokeTestMethods(Invoker.java:1166)
	at org.testng.internal.TestMethodWorker.invokeTestMethods(TestMethodWorker.java:125)
	at org.testng.internal.TestMethodWorker.run(TestMethodWorker.java:109)
	at org.testng.TestRunner.runWorkers(TestRunner.java:1178)
	at org.testng.TestRunner.privateRun(TestRunner.java:757)
	at org.testng.TestRunner.run(TestRunner.java:608)
	at org.testng.SuiteRunner.runTest(SuiteRunner.java:334)
	at org.testng.SuiteRunner.runSequentially(SuiteRunner.java:329)
	at org.testng.SuiteRunner.privateRun(SuiteRunner.java:291)
	at org.testng.SuiteRunner.run(SuiteRunner.java:240)
	at org.testng.SuiteRunnerWorker.runSuite(SuiteRunnerWorker.java:52)
	at org.testng.SuiteRunnerWorker.run(SuiteRunnerWorker.java:86)
	at org.testng.TestNG.runSuitesSequentially(TestNG.java:1158)
	at org.testng.TestNG.runSuitesSequentially(TestNG.java:1154)
	at org.testng.TestNG.runSuitesLocally(TestNG.java:1083)
	at org.testng.TestNG.run(TestNG.java:999)
	at org.apache.maven.surefire.testng.TestNGExecutor.run(TestNGExecutor.java:284)
	at org.apache.maven.surefire.testng.TestNGXmlTestSuite.execute(TestNGXmlTestSuite.java:75)
	at org.apache.maven.surefire.testng.TestNGProvider.invoke(TestNGProvider.java:119)
	at org.apache.maven.surefire.booter.ForkedBooter.runSuitesInProcess(ForkedBooter.java:428)
	at org.apache.maven.surefire.booter.ForkedBooter.execute(ForkedBooter.java:162)
	at org.apache.maven.surefire.booter.ForkedBooter.run(ForkedBooter.java:562)
	at org.apache.maven.surefire.booter.ForkedBooter.main(ForkedBooter.java:548)
]]></system-err>
  </testcase>
  <testcase name="FrontPictureCapture" classname="Doogee_S89.Test9F_Int" time="2,692.997">
    <system-out><![CDATA[Test: Start
===================================================================================================================================================================================================================================================================================================================================================================================================================================================================================================================================================================================================================================================================================================================================
Test9F_Int Scenario is as follows:
Launch camera application, set Internal storage as a Storage option, start Front camera image picture capture for all Host front resolutions
Setting up the appium desired capabilities
===================================================================================================================================================================================================================================================================================================================================================================================================================================================================================================================================================================================================================================================================================================================================
Clearing Recent Apps
Pass: No recent apps found
Launch Camera Application for Front camera picture Capture for all Host resolutions
Permission request
Allow Camera to access this device’s location?
Test9F_Int_Fcam_res: 6 resolutions supported
click on front camera
Select settings
Select camera resolution
Select first Image Resoution:16M 
totalPictureCountFront_Int= 50
clicking Image of 1st Resolutions 16M : 0
clicking Image of 1st Resolutions 16M : 1
clicking Image of 1st Resolutions 16M : 2
clicking Image of 1st Resolutions 16M : 3
clicking Image of 1st Resolutions 16M : 4
clicking Image of 1st Resolutions 16M : 5
clicking Image of 1st Resolutions 16M : 6
clicking Image of 1st Resolutions 16M : 7
clicking Image of 1st Resolutions 16M : 8
clicking Image of 1st Resolutions 16M : 9
clicking Image of 1st Resolutions 16M : 10
clicking Image of 1st Resolutions 16M : 11
clicking Image of 1st Resolutions 16M : 12
clicking Image of 1st Resolutions 16M : 13
clicking Image of 1st Resolutions 16M : 14
clicking Image of 1st Resolutions 16M : 15
clicking Image of 1st Resolutions 16M : 16
clicking Image of 1st Resolutions 16M : 17
clicking Image of 1st Resolutions 16M : 18
clicking Image of 1st Resolutions 16M : 19
clicking Image of 1st Resolutions 16M : 20
clicking Image of 1st Resolutions 16M : 21
clicking Image of 1st Resolutions 16M : 22
clicking Image of 1st Resolutions 16M : 23
clicking Image of 1st Resolutions 16M : 24
clicking Image of 1st Resolutions 16M : 25
clicking Image of 1st Resolutions 16M : 26
clicking Image of 1st Resolutions 16M : 27
clicking Image of 1st Resolutions 16M : 28
clicking Image of 1st Resolutions 16M : 29
clicking Image of 1st Resolutions 16M : 30
clicking Image of 1st Resolutions 16M : 31
clicking Image of 1st Resolutions 16M : 32
clicking Image of 1st Resolutions 16M : 33
clicking Image of 1st Resolutions 16M : 34
clicking Image of 1st Resolutions 16M : 35
clicking Image of 1st Resolutions 16M : 36
clicking Image of 1st Resolutions 16M : 37
clicking Image of 1st Resolutions 16M : 38
clicking Image of 1st Resolutions 16M : 39
clicking Image of 1st Resolutions 16M : 40
clicking Image of 1st Resolutions 16M : 41
clicking Image of 1st Resolutions 16M : 42
clicking Image of 1st Resolutions 16M : 43
clicking Image of 1st Resolutions 16M : 44
clicking Image of 1st Resolutions 16M : 45
clicking Image of 1st Resolutions 16M : 46
clicking Image of 1st Resolutions 16M : 47
clicking Image of 1st Resolutions 16M : 48
clicking Image of 1st Resolutions 16M : 49
front camera first resolution:50 images Captured succesfull
Select settings
Select camera resolution
Select second Image Resoution: 12M
totalPictureCountFront_Int1= 50
clicking Image of 2nd Resolutions 12M : 0
clicking Image of 2nd Resolutions 12M : 1
clicking Image of 2nd Resolutions 12M : 2
clicking Image of 2nd Resolutions 12M : 3
clicking Image of 2nd Resolutions 12M : 4
clicking Image of 2nd Resolutions 12M : 5
clicking Image of 2nd Resolutions 12M : 6
clicking Image of 2nd Resolutions 12M : 7
clicking Image of 2nd Resolutions 12M : 8
clicking Image of 2nd Resolutions 12M : 9
clicking Image of 2nd Resolutions 12M : 10
clicking Image of 2nd Resolutions 12M : 11
clicking Image of 2nd Resolutions 12M : 12
clicking Image of 2nd Resolutions 12M : 13
clicking Image of 2nd Resolutions 12M : 14
clicking Image of 2nd Resolutions 12M : 15
clicking Image of 2nd Resolutions 12M : 16
clicking Image of 2nd Resolutions 12M : 17
clicking Image of 2nd Resolutions 12M : 18
clicking Image of 2nd Resolutions 12M : 19
clicking Image of 2nd Resolutions 12M : 20
clicking Image of 2nd Resolutions 12M : 21
clicking Image of 2nd Resolutions 12M : 22
clicking Image of 2nd Resolutions 12M : 23
clicking Image of 2nd Resolutions 12M : 24
clicking Image of 2nd Resolutions 12M : 25
clicking Image of 2nd Resolutions 12M : 26
clicking Image of 2nd Resolutions 12M : 27
clicking Image of 2nd Resolutions 12M : 28
clicking Image of 2nd Resolutions 12M : 29
clicking Image of 2nd Resolutions 12M : 30
clicking Image of 2nd Resolutions 12M : 31
clicking Image of 2nd Resolutions 12M : 32
clicking Image of 2nd Resolutions 12M : 33
clicking Image of 2nd Resolutions 12M : 34
clicking Image of 2nd Resolutions 12M : 35
clicking Image of 2nd Resolutions 12M : 36
clicking Image of 2nd Resolutions 12M : 37
clicking Image of 2nd Resolutions 12M : 38
clicking Image of 2nd Resolutions 12M : 39
clicking Image of 2nd Resolutions 12M : 40
clicking Image of 2nd Resolutions 12M : 41
clicking Image of 2nd Resolutions 12M : 42
clicking Image of 2nd Resolutions 12M : 43
clicking Image of 2nd Resolutions 12M : 44
clicking Image of 2nd Resolutions 12M : 45
clicking Image of 2nd Resolutions 12M : 46
clicking Image of 2nd Resolutions 12M : 47
clicking Image of 2nd Resolutions 12M : 48
clicking Image of 2nd Resolutions 12M : 49
front camera second resolution:50 images Captured succesfull
Select settings
Select camera resolution
Select third Image Resoution: 11M
totalPictureCountFront_Int2= 50
clicking Image of 3rd Resolutions 11M: 0
clicking Image of 3rd Resolutions 11M: 1
clicking Image of 3rd Resolutions 11M: 2
clicking Image of 3rd Resolutions 11M: 3
clicking Image of 3rd Resolutions 11M: 4
clicking Image of 3rd Resolutions 11M: 5
clicking Image of 3rd Resolutions 11M: 6
clicking Image of 3rd Resolutions 11M: 7
clicking Image of 3rd Resolutions 11M: 8
clicking Image of 3rd Resolutions 11M: 9
clicking Image of 3rd Resolutions 11M: 10
clicking Image of 3rd Resolutions 11M: 11
clicking Image of 3rd Resolutions 11M: 12
clicking Image of 3rd Resolutions 11M: 13
clicking Image of 3rd Resolutions 11M: 14
clicking Image of 3rd Resolutions 11M: 15
clicking Image of 3rd Resolutions 11M: 16
clicking Image of 3rd Resolutions 11M: 17
clicking Image of 3rd Resolutions 11M: 18
clicking Image of 3rd Resolutions 11M: 19
clicking Image of 3rd Resolutions 11M: 20
clicking Image of 3rd Resolutions 11M: 21
clicking Image of 3rd Resolutions 11M: 22
clicking Image of 3rd Resolutions 11M: 23
clicking Image of 3rd Resolutions 11M: 24
clicking Image of 3rd Resolutions 11M: 25
clicking Image of 3rd Resolutions 11M: 26
clicking Image of 3rd Resolutions 11M: 27
clicking Image of 3rd Resolutions 11M: 28
clicking Image of 3rd Resolutions 11M: 29
clicking Image of 3rd Resolutions 11M: 30
clicking Image of 3rd Resolutions 11M: 31
clicking Image of 3rd Resolutions 11M: 32
clicking Image of 3rd Resolutions 11M: 33
clicking Image of 3rd Resolutions 11M: 34
clicking Image of 3rd Resolutions 11M: 35
clicking Image of 3rd Resolutions 11M: 36
clicking Image of 3rd Resolutions 11M: 37
clicking Image of 3rd Resolutions 11M: 38
clicking Image of 3rd Resolutions 11M: 39
clicking Image of 3rd Resolutions 11M: 40
clicking Image of 3rd Resolutions 11M: 41
clicking Image of 3rd Resolutions 11M: 42
clicking Image of 3rd Resolutions 11M: 43
clicking Image of 3rd Resolutions 11M: 44
clicking Image of 3rd Resolutions 11M: 45
clicking Image of 3rd Resolutions 11M: 46
clicking Image of 3rd Resolutions 11M: 47
clicking Image of 3rd Resolutions 11M: 48
clicking Image of 3rd Resolutions 11M: 49
front camera third resolution:50 images Captured succesfull
Select settings
Select camera resolution
Select fourth Image Resoution: 8M
totalPictureCountFront_Int3= 50
clicking Image of 4th Resolutions 8M: 0
clicking Image of 4th Resolutions 8M: 1
clicking Image of 4th Resolutions 8M: 2
clicking Image of 4th Resolutions 8M: 3
clicking Image of 4th Resolutions 8M: 4
clicking Image of 4th Resolutions 8M: 5
clicking Image of 4th Resolutions 8M: 6
clicking Image of 4th Resolutions 8M: 7
clicking Image of 4th Resolutions 8M: 8
clicking Image of 4th Resolutions 8M: 9
clicking Image of 4th Resolutions 8M: 10
clicking Image of 4th Resolutions 8M: 11
clicking Image of 4th Resolutions 8M: 12
clicking Image of 4th Resolutions 8M: 13
clicking Image of 4th Resolutions 8M: 14
clicking Image of 4th Resolutions 8M: 15
clicking Image of 4th Resolutions 8M: 16
clicking Image of 4th Resolutions 8M: 17
clicking Image of 4th Resolutions 8M: 18
clicking Image of 4th Resolutions 8M: 19
clicking Image of 4th Resolutions 8M: 20
clicking Image of 4th Resolutions 8M: 21
clicking Image of 4th Resolutions 8M: 22
clicking Image of 4th Resolutions 8M: 23
clicking Image of 4th Resolutions 8M: 24
clicking Image of 4th Resolutions 8M: 25
clicking Image of 4th Resolutions 8M: 26
clicking Image of 4th Resolutions 8M: 27
clicking Image of 4th Resolutions 8M: 28
clicking Image of 4th Resolutions 8M: 29
clicking Image of 4th Resolutions 8M: 30
clicking Image of 4th Resolutions 8M: 31
clicking Image of 4th Resolutions 8M: 32
clicking Image of 4th Resolutions 8M: 33
clicking Image of 4th Resolutions 8M: 34
clicking Image of 4th Resolutions 8M: 35
clicking Image of 4th Resolutions 8M: 36
clicking Image of 4th Resolutions 8M: 37
clicking Image of 4th Resolutions 8M: 38
clicking Image of 4th Resolutions 8M: 39
clicking Image of 4th Resolutions 8M: 40
clicking Image of 4th Resolutions 8M: 41
clicking Image of 4th Resolutions 8M: 42
clicking Image of 4th Resolutions 8M: 43
clicking Image of 4th Resolutions 8M: 44
clicking Image of 4th Resolutions 8M: 45
clicking Image of 4th Resolutions 8M: 46
clicking Image of 4th Resolutions 8M: 47
clicking Image of 4th Resolutions 8M: 48
clicking Image of 4th Resolutions 8M: 49
front camera 4th resolution:50 images Captured succesfull
Select settings
Select camera resolution
Select fifth Image Resoution: 5M
totalPictureCountFront_Int4= 50
clicking Image of 5th Resolutions 5M: 0
clicking Image of 5th Resolutions 5M: 1
clicking Image of 5th Resolutions 5M: 2
clicking Image of 5th Resolutions 5M: 3
clicking Image of 5th Resolutions 5M: 4
clicking Image of 5th Resolutions 5M: 5
clicking Image of 5th Resolutions 5M: 6
clicking Image of 5th Resolutions 5M: 7
clicking Image of 5th Resolutions 5M: 8
clicking Image of 5th Resolutions 5M: 9
clicking Image of 5th Resolutions 5M: 10
clicking Image of 5th Resolutions 5M: 11
clicking Image of 5th Resolutions 5M: 12
clicking Image of 5th Resolutions 5M: 13
clicking Image of 5th Resolutions 5M: 14
clicking Image of 5th Resolutions 5M: 15
clicking Image of 5th Resolutions 5M: 16
clicking Image of 5th Resolutions 5M: 17
clicking Image of 5th Resolutions 5M: 18
clicking Image of 5th Resolutions 5M: 19
clicking Image of 5th Resolutions 5M: 20
clicking Image of 5th Resolutions 5M: 21
clicking Image of 5th Resolutions 5M: 22
clicking Image of 5th Resolutions 5M: 23
clicking Image of 5th Resolutions 5M: 24
clicking Image of 5th Resolutions 5M: 25
clicking Image of 5th Resolutions 5M: 26
clicking Image of 5th Resolutions 5M: 27
clicking Image of 5th Resolutions 5M: 28
clicking Image of 5th Resolutions 5M: 29
clicking Image of 5th Resolutions 5M: 30
clicking Image of 5th Resolutions 5M: 31
clicking Image of 5th Resolutions 5M: 32
clicking Image of 5th Resolutions 5M: 33
clicking Image of 5th Resolutions 5M: 34
clicking Image of 5th Resolutions 5M: 35
clicking Image of 5th Resolutions 5M: 36
clicking Image of 5th Resolutions 5M: 37
clicking Image of 5th Resolutions 5M: 38
clicking Image of 5th Resolutions 5M: 39
clicking Image of 5th Resolutions 5M: 40
clicking Image of 5th Resolutions 5M: 41
clicking Image of 5th Resolutions 5M: 42
clicking Image of 5th Resolutions 5M: 43
clicking Image of 5th Resolutions 5M: 44
clicking Image of 5th Resolutions 5M: 45
clicking Image of 5th Resolutions 5M: 46
clicking Image of 5th Resolutions 5M: 47
clicking Image of 5th Resolutions 5M: 48
clicking Image of 5th Resolutions 5M: 49
front camera 5th resolution:50 images Captured succesfull
Select settings
Select camera resolution
Select sixth Image Resoution: 5M
totalPictureCountFront_Int5= 50
clicking Image of 4th Resolutions 5M: 0
clicking Image of 4th Resolutions 5M: 1
clicking Image of 4th Resolutions 5M: 2
clicking Image of 4th Resolutions 5M: 3
clicking Image of 4th Resolutions 5M: 4
clicking Image of 4th Resolutions 5M: 5
clicking Image of 4th Resolutions 5M: 6
clicking Image of 4th Resolutions 5M: 7
clicking Image of 4th Resolutions 5M: 8
clicking Image of 4th Resolutions 5M: 9
clicking Image of 4th Resolutions 5M: 10
clicking Image of 4th Resolutions 5M: 11
clicking Image of 4th Resolutions 5M: 12
clicking Image of 4th Resolutions 5M: 13
clicking Image of 4th Resolutions 5M: 14
clicking Image of 4th Resolutions 5M: 15
clicking Image of 4th Resolutions 5M: 16
clicking Image of 4th Resolutions 5M: 17
clicking Image of 4th Resolutions 5M: 18
clicking Image of 4th Resolutions 5M: 19
clicking Image of 4th Resolutions 5M: 20
clicking Image of 4th Resolutions 5M: 21
clicking Image of 4th Resolutions 5M: 22
clicking Image of 4th Resolutions 5M: 23
clicking Image of 4th Resolutions 5M: 24
clicking Image of 4th Resolutions 5M: 25
clicking Image of 4th Resolutions 5M: 26
clicking Image of 4th Resolutions 5M: 27
clicking Image of 4th Resolutions 5M: 28
clicking Image of 4th Resolutions 5M: 29
clicking Image of 4th Resolutions 5M: 30
clicking Image of 4th Resolutions 5M: 31
clicking Image of 4th Resolutions 5M: 32
clicking Image of 4th Resolutions 5M: 33
clicking Image of 4th Resolutions 5M: 34
clicking Image of 4th Resolutions 5M: 35
clicking Image of 4th Resolutions 5M: 36
clicking Image of 4th Resolutions 5M: 37
clicking Image of 4th Resolutions 5M: 38
clicking Image of 4th Resolutions 5M: 39
clicking Image of 4th Resolutions 5M: 40
clicking Image of 4th Resolutions 5M: 41
clicking Image of 4th Resolutions 5M: 42
clicking Image of 4th Resolutions 5M: 43
clicking Image of 4th Resolutions 5M: 44
clicking Image of 4th Resolutions 5M: 45
clicking Image of 4th Resolutions 5M: 46
clicking Image of 4th Resolutions 5M: 47
clicking Image of 4th Resolutions 5M: 48
clicking Image of 4th Resolutions 5M: 49
front camera 6th resolution:50 images Captured succesfull
click on back camera
Total Count value:300 images to be Captured 
Launch file manager application and verify captured images present in Internal storage
Swipe up to select Internal storage
Select Internal storage
switch to grid view mode to select DCIM folder
Select DCIM Folder
Select camera folder
Click More options
Click select all
Test9F_Int_Fcam_image: 300 selected images Captured succesfull
Tolerance_Level = 75

Pass: Test9F_Int pass for front Image capture
Test9F_Int Fcam_image: 300  images Captured succesfull
===================================================================================================================================================================================================================================================================================================================================================================================================================================================================================================================================================================================================================================================================================================================================
calling DataMoveOperation()
launch file manager application select Internal storage-->DCIM folder-->Camera folder-->Select all front camera images Test9F_Int and cut paste all images in test9F_Int folder
click on browse option
Swipe up to select Internal storage
Select Internal storage
Select DCIM Folder
Select camera folder
Click More options
Click select all
Click More options
select move to option
select Internal storage
Select ADD NEW Folder option
Name folder as Test9F_Int
Accept create folder
Cut paste  video files operation completed successfully
Pass: Test9F_Int Pass for data move operation successfully
===================================================================================================================================================================================================================================================================================================================================================================================================================================================================================================================================================================================================================================================================================================================================
Final Message: Pass Test9F_Int Pass for Front camera image capture  successfully
Test: End
===================================================================================================================================================================================================================================================================================================================================================================================================================================================================================================================================================================================================================================================================================================================================
]]></system-out>
    <system-err><![CDATA[2023-02-24 18:34:29 INFO   io.appium.java_client.remote.AppiumCommandExecutor$1 lambda$0 Detected dialect: W3C
2023-02-24 18:34:47 INFO   io.appium.java_client.remote.AppiumCommandExecutor$1 lambda$0 Detected dialect: W3C
org.openqa.selenium.InvalidSelectorException: Could not parse selector expression `new UiSelector().content-desc("Clear all")`: UiSelector has no `content-desc` method
For documentation on this error, please visit: https://www.seleniumhq.org/exceptions/invalid_selector_exception.html
Build info: version: '3.141.59', revision: 'e82be7d358', time: '2018-11-14T08:17:03'
System info: host: 'SD-APPS-090', ip: '10.65.148.57', os.name: 'Windows 10', os.arch: 'amd64', os.version: '10.0', java.version: '1.8.0_202'
Driver info: io.appium.java_client.android.AndroidDriver
Capabilities {automationName: UiAutomator2, databaseEnabled: false, desired: {automationName: UiAutomator2, deviceName: S89, newCommandTimeout: 1200, platformName: android, platformVersion: 11, udid: S890000000000000127}, deviceApiLevel: 31, deviceManufacturer: DOOGEE, deviceModel: S89, deviceName: S890000000000000127, deviceScreenDensity: 480, deviceScreenSize: 1080x2340, deviceUDID: S890000000000000127, javascriptEnabled: true, locationContextEnabled: false, networkConnectionEnabled: true, newCommandTimeout: 1200, pixelRatio: 3, platform: LINUX, platformName: Android, platformVersion: 12, statBarHeight: 90, takesScreenshot: true, udid: S890000000000000127, viewportRect: {height: 2112, left: 0, top: 90, width: 1080}, warnings: {}, webStorageEnabled: false}
Session ID: d80f1a5e-ef42-4359-ad63-3dccf227e28f
*** Element info: {Using=-android uiautomator, value=new UiSelector().content-desc("Clear all")}
	at sun.reflect.NativeConstructorAccessorImpl.newInstance0(Native Method)
	at sun.reflect.NativeConstructorAccessorImpl.newInstance(NativeConstructorAccessorImpl.java:62)
	at sun.reflect.DelegatingConstructorAccessorImpl.newInstance(DelegatingConstructorAccessorImpl.java:45)
	at java.lang.reflect.Constructor.newInstance(Constructor.java:423)
	at org.openqa.selenium.remote.http.W3CHttpResponseCodec.createException(W3CHttpResponseCodec.java:187)
	at org.openqa.selenium.remote.http.W3CHttpResponseCodec.decode(W3CHttpResponseCodec.java:122)
	at org.openqa.selenium.remote.http.W3CHttpResponseCodec.decode(W3CHttpResponseCodec.java:49)
	at org.openqa.selenium.remote.HttpCommandExecutor.execute(HttpCommandExecutor.java:158)
	at io.appium.java_client.remote.AppiumCommandExecutor.execute(AppiumCommandExecutor.java:239)
	at org.openqa.selenium.remote.RemoteWebDriver.execute(RemoteWebDriver.java:552)
	at io.appium.java_client.DefaultGenericMobileDriver.execute(DefaultGenericMobileDriver.java:42)
	at io.appium.java_client.AppiumDriver.execute(AppiumDriver.java:1)
	at io.appium.java_client.android.AndroidDriver.execute(AndroidDriver.java:1)
	at org.openqa.selenium.remote.RemoteWebDriver.findElement(RemoteWebDriver.java:323)
	at io.appium.java_client.DefaultGenericMobileDriver.findElement(DefaultGenericMobileDriver.java:62)
	at io.appium.java_client.AppiumDriver.findElement(AppiumDriver.java:1)
	at io.appium.java_client.android.AndroidDriver.findElement(AndroidDriver.java:1)
	at io.appium.java_client.FindsByAndroidUIAutomator.findElementByAndroidUIAutomator(FindsByAndroidUIAutomator.java:38)
	at Doogee_S89.Test9F_Int.FrontPictureCapture(Test9F_Int.java:94)
	at sun.reflect.NativeMethodAccessorImpl.invoke0(Native Method)
	at sun.reflect.NativeMethodAccessorImpl.invoke(NativeMethodAccessorImpl.java:62)
	at sun.reflect.DelegatingMethodAccessorImpl.invoke(DelegatingMethodAccessorImpl.java:43)
	at java.lang.reflect.Method.invoke(Method.java:498)
	at org.testng.internal.MethodInvocationHelper.invokeMethod(MethodInvocationHelper.java:80)
	at org.testng.internal.Invoker.invokeMethod(Invoker.java:673)
	at org.testng.internal.Invoker.invokeTestMethod(Invoker.java:842)
	at org.testng.internal.Invoker.invokeTestMethods(Invoker.java:1166)
	at org.testng.internal.TestMethodWorker.invokeTestMethods(TestMethodWorker.java:125)
	at org.testng.internal.TestMethodWorker.run(TestMethodWorker.java:109)
	at org.testng.TestRunner.runWorkers(TestRunner.java:1178)
	at org.testng.TestRunner.privateRun(TestRunner.java:757)
	at org.testng.TestRunner.run(TestRunner.java:608)
	at org.testng.SuiteRunner.runTest(SuiteRunner.java:334)
	at org.testng.SuiteRunner.runSequentially(SuiteRunner.java:329)
	at org.testng.SuiteRunner.privateRun(SuiteRunner.java:291)
	at org.testng.SuiteRunner.run(SuiteRunner.java:240)
	at org.testng.SuiteRunnerWorker.runSuite(SuiteRunnerWorker.java:52)
	at org.testng.SuiteRunnerWorker.run(SuiteRunnerWorker.java:86)
	at org.testng.TestNG.runSuitesSequentially(TestNG.java:1158)
	at org.testng.TestNG.runSuitesSequentially(TestNG.java:1154)
	at org.testng.TestNG.runSuitesLocally(TestNG.java:1083)
	at org.testng.TestNG.run(TestNG.java:999)
	at org.apache.maven.surefire.testng.TestNGExecutor.run(TestNGExecutor.java:284)
	at org.apache.maven.surefire.testng.TestNGXmlTestSuite.execute(TestNGXmlTestSuite.java:75)
	at org.apache.maven.surefire.testng.TestNGProvider.invoke(TestNGProvider.java:119)
	at org.apache.maven.surefire.booter.ForkedBooter.runSuitesInProcess(ForkedBooter.java:428)
	at org.apache.maven.surefire.booter.ForkedBooter.execute(ForkedBooter.java:162)
	at org.apache.maven.surefire.booter.ForkedBooter.run(ForkedBooter.java:562)
	at org.apache.maven.surefire.booter.ForkedBooter.main(ForkedBooter.java:548)
org.openqa.selenium.NoSuchElementException: An element could not be located on the page using the given search parameters.
For documentation on this error, please visit: https://www.seleniumhq.org/exceptions/no_such_element.html
Build info: version: '3.141.59', revision: 'e82be7d358', time: '2018-11-14T08:17:03'
System info: host: 'SD-APPS-090', ip: '10.65.148.57', os.name: 'Windows 10', os.arch: 'amd64', os.version: '10.0', java.version: '1.8.0_202'
Driver info: io.appium.java_client.android.AndroidDriver
Capabilities {automationName: UiAutomator2, databaseEnabled: false, desired: {automationName: UiAutomator2, deviceName: S89, newCommandTimeout: 1200, platformName: android, platformVersion: 11, udid: S890000000000000127}, deviceApiLevel: 31, deviceManufacturer: DOOGEE, deviceModel: S89, deviceName: S890000000000000127, deviceScreenDensity: 480, deviceScreenSize: 1080x2340, deviceUDID: S890000000000000127, javascriptEnabled: true, locationContextEnabled: false, networkConnectionEnabled: true, newCommandTimeout: 1200, pixelRatio: 3, platform: LINUX, platformName: Android, platformVersion: 12, statBarHeight: 90, takesScreenshot: true, udid: S890000000000000127, viewportRect: {height: 2112, left: 0, top: 90, width: 1080}, warnings: {}, webStorageEnabled: false}
Session ID: d80f1a5e-ef42-4359-ad63-3dccf227e28f
*** Element info: {Using=-android uiautomator, value=new UiSelector().text("WHILE USING THE APP")}
	at sun.reflect.GeneratedConstructorAccessor14.newInstance(Unknown Source)
	at sun.reflect.DelegatingConstructorAccessorImpl.newInstance(DelegatingConstructorAccessorImpl.java:45)
	at java.lang.reflect.Constructor.newInstance(Constructor.java:423)
	at org.openqa.selenium.remote.http.W3CHttpResponseCodec.createException(W3CHttpResponseCodec.java:187)
	at org.openqa.selenium.remote.http.W3CHttpResponseCodec.decode(W3CHttpResponseCodec.java:122)
	at org.openqa.selenium.remote.http.W3CHttpResponseCodec.decode(W3CHttpResponseCodec.java:49)
	at org.openqa.selenium.remote.HttpCommandExecutor.execute(HttpCommandExecutor.java:158)
	at io.appium.java_client.remote.AppiumCommandExecutor.execute(AppiumCommandExecutor.java:239)
	at org.openqa.selenium.remote.RemoteWebDriver.execute(RemoteWebDriver.java:552)
	at io.appium.java_client.DefaultGenericMobileDriver.execute(DefaultGenericMobileDriver.java:42)
	at io.appium.java_client.AppiumDriver.execute(AppiumDriver.java:1)
	at io.appium.java_client.android.AndroidDriver.execute(AndroidDriver.java:1)
	at org.openqa.selenium.remote.RemoteWebDriver.findElement(RemoteWebDriver.java:323)
	at io.appium.java_client.DefaultGenericMobileDriver.findElement(DefaultGenericMobileDriver.java:62)
	at io.appium.java_client.AppiumDriver.findElement(AppiumDriver.java:1)
	at io.appium.java_client.android.AndroidDriver.findElement(AndroidDriver.java:1)
	at io.appium.java_client.FindsByAndroidUIAutomator.findElementByAndroidUIAutomator(FindsByAndroidUIAutomator.java:38)
	at Doogee_S89.Test9F_Int.FrontPictureCapture(Test9F_Int.java:128)
	at sun.reflect.NativeMethodAccessorImpl.invoke0(Native Method)
	at sun.reflect.NativeMethodAccessorImpl.invoke(NativeMethodAccessorImpl.java:62)
	at sun.reflect.DelegatingMethodAccessorImpl.invoke(DelegatingMethodAccessorImpl.java:43)
	at java.lang.reflect.Method.invoke(Method.java:498)
	at org.testng.internal.MethodInvocationHelper.invokeMethod(MethodInvocationHelper.java:80)
	at org.testng.internal.Invoker.invokeMethod(Invoker.java:673)
	at org.testng.internal.Invoker.invokeTestMethod(Invoker.java:842)
	at org.testng.internal.Invoker.invokeTestMethods(Invoker.java:1166)
	at org.testng.internal.TestMethodWorker.invokeTestMethods(TestMethodWorker.java:125)
	at org.testng.internal.TestMethodWorker.run(TestMethodWorker.java:109)
	at org.testng.TestRunner.runWorkers(TestRunner.java:1178)
	at org.testng.TestRunner.privateRun(TestRunner.java:757)
	at org.testng.TestRunner.run(TestRunner.java:608)
	at org.testng.SuiteRunner.runTest(SuiteRunner.java:334)
	at org.testng.SuiteRunner.runSequentially(SuiteRunner.java:329)
	at org.testng.SuiteRunner.privateRun(SuiteRunner.java:291)
	at org.testng.SuiteRunner.run(SuiteRunner.java:240)
	at org.testng.SuiteRunnerWorker.runSuite(SuiteRunnerWorker.java:52)
	at org.testng.SuiteRunnerWorker.run(SuiteRunnerWorker.java:86)
	at org.testng.TestNG.runSuitesSequentially(TestNG.java:1158)
	at org.testng.TestNG.runSuitesSequentially(TestNG.java:1154)
	at org.testng.TestNG.runSuitesLocally(TestNG.java:1083)
	at org.testng.TestNG.run(TestNG.java:999)
	at org.apache.maven.surefire.testng.TestNGExecutor.run(TestNGExecutor.java:284)
	at org.apache.maven.surefire.testng.TestNGXmlTestSuite.execute(TestNGXmlTestSuite.java:75)
	at org.apache.maven.surefire.testng.TestNGProvider.invoke(TestNGProvider.java:119)
	at org.apache.maven.surefire.booter.ForkedBooter.runSuitesInProcess(ForkedBooter.java:428)
	at org.apache.maven.surefire.booter.ForkedBooter.execute(ForkedBooter.java:162)
	at org.apache.maven.surefire.booter.ForkedBooter.run(ForkedBooter.java:562)
	at org.apache.maven.surefire.booter.ForkedBooter.main(ForkedBooter.java:548)
org.openqa.selenium.NoSuchElementException: An element could not be located on the page using the given search parameters.
For documentation on this error, please visit: https://www.seleniumhq.org/exceptions/no_such_element.html
Build info: version: '3.141.59', revision: 'e82be7d358', time: '2018-11-14T08:17:03'
System info: host: 'SD-APPS-090', ip: '10.65.148.57', os.name: 'Windows 10', os.arch: 'amd64', os.version: '10.0', java.version: '1.8.0_202'
Driver info: io.appium.java_client.android.AndroidDriver
Capabilities {automationName: UiAutomator2, databaseEnabled: false, desired: {automationName: UiAutomator2, deviceName: S89, newCommandTimeout: 1200, platformName: android, platformVersion: 11, udid: S890000000000000127}, deviceApiLevel: 31, deviceManufacturer: DOOGEE, deviceModel: S89, deviceName: S890000000000000127, deviceScreenDensity: 480, deviceScreenSize: 1080x2340, deviceUDID: S890000000000000127, javascriptEnabled: true, locationContextEnabled: false, networkConnectionEnabled: true, newCommandTimeout: 1200, pixelRatio: 3, platform: LINUX, platformName: Android, platformVersion: 12, statBarHeight: 90, takesScreenshot: true, udid: S890000000000000127, viewportRect: {height: 2112, left: 0, top: 90, width: 1080}, warnings: {}, webStorageEnabled: false}
Session ID: d80f1a5e-ef42-4359-ad63-3dccf227e28f
*** Element info: {Using=xpath, value=//*[@resource-id='com.google.android.apps.nbu.files:id/agree_button']}
	at sun.reflect.GeneratedConstructorAccessor14.newInstance(Unknown Source)
	at sun.reflect.DelegatingConstructorAccessorImpl.newInstance(DelegatingConstructorAccessorImpl.java:45)
	at java.lang.reflect.Constructor.newInstance(Constructor.java:423)
	at org.openqa.selenium.remote.http.W3CHttpResponseCodec.createException(W3CHttpResponseCodec.java:187)
	at org.openqa.selenium.remote.http.W3CHttpResponseCodec.decode(W3CHttpResponseCodec.java:122)
	at org.openqa.selenium.remote.http.W3CHttpResponseCodec.decode(W3CHttpResponseCodec.java:49)
	at org.openqa.selenium.remote.HttpCommandExecutor.execute(HttpCommandExecutor.java:158)
	at io.appium.java_client.remote.AppiumCommandExecutor.execute(AppiumCommandExecutor.java:239)
	at org.openqa.selenium.remote.RemoteWebDriver.execute(RemoteWebDriver.java:552)
	at io.appium.java_client.DefaultGenericMobileDriver.execute(DefaultGenericMobileDriver.java:42)
	at io.appium.java_client.AppiumDriver.execute(AppiumDriver.java:1)
	at io.appium.java_client.android.AndroidDriver.execute(AndroidDriver.java:1)
	at org.openqa.selenium.remote.RemoteWebDriver.findElement(RemoteWebDriver.java:323)
	at io.appium.java_client.DefaultGenericMobileDriver.findElement(DefaultGenericMobileDriver.java:62)
	at io.appium.java_client.AppiumDriver.findElement(AppiumDriver.java:1)
	at io.appium.java_client.android.AndroidDriver.findElement(AndroidDriver.java:1)
	at org.openqa.selenium.remote.RemoteWebDriver.findElementByXPath(RemoteWebDriver.java:428)
	at io.appium.java_client.DefaultGenericMobileDriver.findElementByXPath(DefaultGenericMobileDriver.java:152)
	at io.appium.java_client.AppiumDriver.findElementByXPath(AppiumDriver.java:1)
	at io.appium.java_client.android.AndroidDriver.findElementByXPath(AndroidDriver.java:1)
	at org.openqa.selenium.By$ByXPath.findElement(By.java:353)
	at org.openqa.selenium.remote.RemoteWebDriver.findElement(RemoteWebDriver.java:315)
	at io.appium.java_client.DefaultGenericMobileDriver.findElement(DefaultGenericMobileDriver.java:58)
	at io.appium.java_client.AppiumDriver.findElement(AppiumDriver.java:1)
	at io.appium.java_client.android.AndroidDriver.findElement(AndroidDriver.java:1)
	at Doogee_S89.Test9F_Int.FrontPictureCapture(Test9F_Int.java:390)
	at sun.reflect.NativeMethodAccessorImpl.invoke0(Native Method)
	at sun.reflect.NativeMethodAccessorImpl.invoke(NativeMethodAccessorImpl.java:62)
	at sun.reflect.DelegatingMethodAccessorImpl.invoke(DelegatingMethodAccessorImpl.java:43)
	at java.lang.reflect.Method.invoke(Method.java:498)
	at org.testng.internal.MethodInvocationHelper.invokeMethod(MethodInvocationHelper.java:80)
	at org.testng.internal.Invoker.invokeMethod(Invoker.java:673)
	at org.testng.internal.Invoker.invokeTestMethod(Invoker.java:842)
	at org.testng.internal.Invoker.invokeTestMethods(Invoker.java:1166)
	at org.testng.internal.TestMethodWorker.invokeTestMethods(TestMethodWorker.java:125)
	at org.testng.internal.TestMethodWorker.run(TestMethodWorker.java:109)
	at org.testng.TestRunner.runWorkers(TestRunner.java:1178)
	at org.testng.TestRunner.privateRun(TestRunner.java:757)
	at org.testng.TestRunner.run(TestRunner.java:608)
	at org.testng.SuiteRunner.runTest(SuiteRunner.java:334)
	at org.testng.SuiteRunner.runSequentially(SuiteRunner.java:329)
	at org.testng.SuiteRunner.privateRun(SuiteRunner.java:291)
	at org.testng.SuiteRunner.run(SuiteRunner.java:240)
	at org.testng.SuiteRunnerWorker.runSuite(SuiteRunnerWorker.java:52)
	at org.testng.SuiteRunnerWorker.run(SuiteRunnerWorker.java:86)
	at org.testng.TestNG.runSuitesSequentially(TestNG.java:1158)
	at org.testng.TestNG.runSuitesSequentially(TestNG.java:1154)
	at org.testng.TestNG.runSuitesLocally(TestNG.java:1083)
	at org.testng.TestNG.run(TestNG.java:999)
	at org.apache.maven.surefire.testng.TestNGExecutor.run(TestNGExecutor.java:284)
	at org.apache.maven.surefire.testng.TestNGXmlTestSuite.execute(TestNGXmlTestSuite.java:75)
	at org.apache.maven.surefire.testng.TestNGProvider.invoke(TestNGProvider.java:119)
	at org.apache.maven.surefire.booter.ForkedBooter.runSuitesInProcess(ForkedBooter.java:428)
	at org.apache.maven.surefire.booter.ForkedBooter.execute(ForkedBooter.java:162)
	at org.apache.maven.surefire.booter.ForkedBooter.run(ForkedBooter.java:562)
	at org.apache.maven.surefire.booter.ForkedBooter.main(ForkedBooter.java:548)
org.openqa.selenium.NoSuchElementException: An element could not be located on the page using the given search parameters.
For documentation on this error, please visit: https://www.seleniumhq.org/exceptions/no_such_element.html
Build info: version: '3.141.59', revision: 'e82be7d358', time: '2018-11-14T08:17:03'
System info: host: 'SD-APPS-090', ip: '10.65.148.57', os.name: 'Windows 10', os.arch: 'amd64', os.version: '10.0', java.version: '1.8.0_202'
Driver info: io.appium.java_client.android.AndroidDriver
Capabilities {automationName: UiAutomator2, databaseEnabled: false, desired: {automationName: UiAutomator2, deviceName: S89, newCommandTimeout: 1200, platformName: android, platformVersion: 11, udid: S890000000000000127}, deviceApiLevel: 31, deviceManufacturer: DOOGEE, deviceModel: S89, deviceName: S890000000000000127, deviceScreenDensity: 480, deviceScreenSize: 1080x2340, deviceUDID: S890000000000000127, javascriptEnabled: true, locationContextEnabled: false, networkConnectionEnabled: true, newCommandTimeout: 1200, pixelRatio: 3, platform: LINUX, platformName: Android, platformVersion: 12, statBarHeight: 90, takesScreenshot: true, udid: S890000000000000127, viewportRect: {height: 2112, left: 0, top: 90, width: 1080}, warnings: {}, webStorageEnabled: false}
Session ID: d80f1a5e-ef42-4359-ad63-3dccf227e28f
*** Element info: {Using=xpath, value=//*[@text='Raw']}
	at sun.reflect.GeneratedConstructorAccessor14.newInstance(Unknown Source)
	at sun.reflect.DelegatingConstructorAccessorImpl.newInstance(DelegatingConstructorAccessorImpl.java:45)
	at java.lang.reflect.Constructor.newInstance(Constructor.java:423)
	at org.openqa.selenium.remote.http.W3CHttpResponseCodec.createException(W3CHttpResponseCodec.java:187)
	at org.openqa.selenium.remote.http.W3CHttpResponseCodec.decode(W3CHttpResponseCodec.java:122)
	at org.openqa.selenium.remote.http.W3CHttpResponseCodec.decode(W3CHttpResponseCodec.java:49)
	at org.openqa.selenium.remote.HttpCommandExecutor.execute(HttpCommandExecutor.java:158)
	at io.appium.java_client.remote.AppiumCommandExecutor.execute(AppiumCommandExecutor.java:239)
	at org.openqa.selenium.remote.RemoteWebDriver.execute(RemoteWebDriver.java:552)
	at io.appium.java_client.DefaultGenericMobileDriver.execute(DefaultGenericMobileDriver.java:42)
	at io.appium.java_client.AppiumDriver.execute(AppiumDriver.java:1)
	at io.appium.java_client.android.AndroidDriver.execute(AndroidDriver.java:1)
	at org.openqa.selenium.remote.RemoteWebDriver.findElement(RemoteWebDriver.java:323)
	at io.appium.java_client.DefaultGenericMobileDriver.findElement(DefaultGenericMobileDriver.java:62)
	at io.appium.java_client.AppiumDriver.findElement(AppiumDriver.java:1)
	at io.appium.java_client.android.AndroidDriver.findElement(AndroidDriver.java:1)
	at org.openqa.selenium.remote.RemoteWebDriver.findElementByXPath(RemoteWebDriver.java:428)
	at io.appium.java_client.DefaultGenericMobileDriver.findElementByXPath(DefaultGenericMobileDriver.java:152)
	at io.appium.java_client.AppiumDriver.findElementByXPath(AppiumDriver.java:1)
	at io.appium.java_client.android.AndroidDriver.findElementByXPath(AndroidDriver.java:1)
	at org.openqa.selenium.By$ByXPath.findElement(By.java:353)
	at org.openqa.selenium.remote.RemoteWebDriver.findElement(RemoteWebDriver.java:315)
	at io.appium.java_client.DefaultGenericMobileDriver.findElement(DefaultGenericMobileDriver.java:58)
	at io.appium.java_client.AppiumDriver.findElement(AppiumDriver.java:1)
	at io.appium.java_client.android.AndroidDriver.findElement(AndroidDriver.java:1)
	at Doogee_S89.Test9F_Int.FrontPictureCapture(Test9F_Int.java:432)
	at sun.reflect.NativeMethodAccessorImpl.invoke0(Native Method)
	at sun.reflect.NativeMethodAccessorImpl.invoke(NativeMethodAccessorImpl.java:62)
	at sun.reflect.DelegatingMethodAccessorImpl.invoke(DelegatingMethodAccessorImpl.java:43)
	at java.lang.reflect.Method.invoke(Method.java:498)
	at org.testng.internal.MethodInvocationHelper.invokeMethod(MethodInvocationHelper.java:80)
	at org.testng.internal.Invoker.invokeMethod(Invoker.java:673)
	at org.testng.internal.Invoker.invokeTestMethod(Invoker.java:842)
	at org.testng.internal.Invoker.invokeTestMethods(Invoker.java:1166)
	at org.testng.internal.TestMethodWorker.invokeTestMethods(TestMethodWorker.java:125)
	at org.testng.internal.TestMethodWorker.run(TestMethodWorker.java:109)
	at org.testng.TestRunner.runWorkers(TestRunner.java:1178)
	at org.testng.TestRunner.privateRun(TestRunner.java:757)
	at org.testng.TestRunner.run(TestRunner.java:608)
	at org.testng.SuiteRunner.runTest(SuiteRunner.java:334)
	at org.testng.SuiteRunner.runSequentially(SuiteRunner.java:329)
	at org.testng.SuiteRunner.privateRun(SuiteRunner.java:291)
	at org.testng.SuiteRunner.run(SuiteRunner.java:240)
	at org.testng.SuiteRunnerWorker.runSuite(SuiteRunnerWorker.java:52)
	at org.testng.SuiteRunnerWorker.run(SuiteRunnerWorker.java:86)
	at org.testng.TestNG.runSuitesSequentially(TestNG.java:1158)
	at org.testng.TestNG.runSuitesSequentially(TestNG.java:1154)
	at org.testng.TestNG.runSuitesLocally(TestNG.java:1083)
	at org.testng.TestNG.run(TestNG.java:999)
	at org.apache.maven.surefire.testng.TestNGExecutor.run(TestNGExecutor.java:284)
	at org.apache.maven.surefire.testng.TestNGXmlTestSuite.execute(TestNGXmlTestSuite.java:75)
	at org.apache.maven.surefire.testng.TestNGProvider.invoke(TestNGProvider.java:119)
	at org.apache.maven.surefire.booter.ForkedBooter.runSuitesInProcess(ForkedBooter.java:428)
	at org.apache.maven.surefire.booter.ForkedBooter.execute(ForkedBooter.java:162)
	at org.apache.maven.surefire.booter.ForkedBooter.run(ForkedBooter.java:562)
	at org.apache.maven.surefire.booter.ForkedBooter.main(ForkedBooter.java:548)
org.openqa.selenium.NoSuchElementException: An element could not be located on the page using the given search parameters.
For documentation on this error, please visit: https://www.seleniumhq.org/exceptions/no_such_element.html
Build info: version: '3.141.59', revision: 'e82be7d358', time: '2018-11-14T08:17:03'
System info: host: 'SD-APPS-090', ip: '10.65.148.57', os.name: 'Windows 10', os.arch: 'amd64', os.version: '10.0', java.version: '1.8.0_202'
Driver info: io.appium.java_client.android.AndroidDriver
Capabilities {automationName: UiAutomator2, databaseEnabled: false, desired: {automationName: UiAutomator2, deviceName: S89, newCommandTimeout: 1200, platformName: android, platformVersion: 11, udid: S890000000000000127}, deviceApiLevel: 31, deviceManufacturer: DOOGEE, deviceModel: S89, deviceName: S890000000000000127, deviceScreenDensity: 480, deviceScreenSize: 1080x2340, deviceUDID: S890000000000000127, javascriptEnabled: true, locationContextEnabled: false, networkConnectionEnabled: true, newCommandTimeout: 1200, pixelRatio: 3, platform: LINUX, platformName: Android, platformVersion: 12, statBarHeight: 90, takesScreenshot: true, udid: S890000000000000127, viewportRect: {height: 2112, left: 0, top: 90, width: 1080}, warnings: {}, webStorageEnabled: false}
Session ID: d80f1a5e-ef42-4359-ad63-3dccf227e28f
*** Element info: {Using=xpath, value=//*[@resource-id='com.google.android.apps.nbu.files:id/agree_button']}
	at sun.reflect.GeneratedConstructorAccessor14.newInstance(Unknown Source)
	at sun.reflect.DelegatingConstructorAccessorImpl.newInstance(DelegatingConstructorAccessorImpl.java:45)
	at java.lang.reflect.Constructor.newInstance(Constructor.java:423)
	at org.openqa.selenium.remote.http.W3CHttpResponseCodec.createException(W3CHttpResponseCodec.java:187)
	at org.openqa.selenium.remote.http.W3CHttpResponseCodec.decode(W3CHttpResponseCodec.java:122)
	at org.openqa.selenium.remote.http.W3CHttpResponseCodec.decode(W3CHttpResponseCodec.java:49)
	at org.openqa.selenium.remote.HttpCommandExecutor.execute(HttpCommandExecutor.java:158)
	at io.appium.java_client.remote.AppiumCommandExecutor.execute(AppiumCommandExecutor.java:239)
	at org.openqa.selenium.remote.RemoteWebDriver.execute(RemoteWebDriver.java:552)
	at io.appium.java_client.DefaultGenericMobileDriver.execute(DefaultGenericMobileDriver.java:42)
	at io.appium.java_client.AppiumDriver.execute(AppiumDriver.java:1)
	at io.appium.java_client.android.AndroidDriver.execute(AndroidDriver.java:1)
	at org.openqa.selenium.remote.RemoteWebDriver.findElement(RemoteWebDriver.java:323)
	at io.appium.java_client.DefaultGenericMobileDriver.findElement(DefaultGenericMobileDriver.java:62)
	at io.appium.java_client.AppiumDriver.findElement(AppiumDriver.java:1)
	at io.appium.java_client.android.AndroidDriver.findElement(AndroidDriver.java:1)
	at org.openqa.selenium.remote.RemoteWebDriver.findElementByXPath(RemoteWebDriver.java:428)
	at io.appium.java_client.DefaultGenericMobileDriver.findElementByXPath(DefaultGenericMobileDriver.java:152)
	at io.appium.java_client.AppiumDriver.findElementByXPath(AppiumDriver.java:1)
	at io.appium.java_client.android.AndroidDriver.findElementByXPath(AndroidDriver.java:1)
	at org.openqa.selenium.By$ByXPath.findElement(By.java:353)
	at org.openqa.selenium.remote.RemoteWebDriver.findElement(RemoteWebDriver.java:315)
	at io.appium.java_client.DefaultGenericMobileDriver.findElement(DefaultGenericMobileDriver.java:58)
	at io.appium.java_client.AppiumDriver.findElement(AppiumDriver.java:1)
	at io.appium.java_client.android.AndroidDriver.findElement(AndroidDriver.java:1)
	at Doogee_S89.Test9F_Int.DataMoveOperation(Test9F_Int.java:569)
	at Doogee_S89.Test9F_Int.FrontPictureCapture(Test9F_Int.java:512)
	at sun.reflect.NativeMethodAccessorImpl.invoke0(Native Method)
	at sun.reflect.NativeMethodAccessorImpl.invoke(NativeMethodAccessorImpl.java:62)
	at sun.reflect.DelegatingMethodAccessorImpl.invoke(DelegatingMethodAccessorImpl.java:43)
	at java.lang.reflect.Method.invoke(Method.java:498)
	at org.testng.internal.MethodInvocationHelper.invokeMethod(MethodInvocationHelper.java:80)
	at org.testng.internal.Invoker.invokeMethod(Invoker.java:673)
	at org.testng.internal.Invoker.invokeTestMethod(Invoker.java:842)
	at org.testng.internal.Invoker.invokeTestMethods(Invoker.java:1166)
	at org.testng.internal.TestMethodWorker.invokeTestMethods(TestMethodWorker.java:125)
	at org.testng.internal.TestMethodWorker.run(TestMethodWorker.java:109)
	at org.testng.TestRunner.runWorkers(TestRunner.java:1178)
	at org.testng.TestRunner.privateRun(TestRunner.java:757)
	at org.testng.TestRunner.run(TestRunner.java:608)
	at org.testng.SuiteRunner.runTest(SuiteRunner.java:334)
	at org.testng.SuiteRunner.runSequentially(SuiteRunner.java:329)
	at org.testng.SuiteRunner.privateRun(SuiteRunner.java:291)
	at org.testng.SuiteRunner.run(SuiteRunner.java:240)
	at org.testng.SuiteRunnerWorker.runSuite(SuiteRunnerWorker.java:52)
	at org.testng.SuiteRunnerWorker.run(SuiteRunnerWorker.java:86)
	at org.testng.TestNG.runSuitesSequentially(TestNG.java:1158)
	at org.testng.TestNG.runSuitesSequentially(TestNG.java:1154)
	at org.testng.TestNG.runSuitesLocally(TestNG.java:1083)
	at org.testng.TestNG.run(TestNG.java:999)
	at org.apache.maven.surefire.testng.TestNGExecutor.run(TestNGExecutor.java:284)
	at org.apache.maven.surefire.testng.TestNGXmlTestSuite.execute(TestNGXmlTestSuite.java:75)
	at org.apache.maven.surefire.testng.TestNGProvider.invoke(TestNGProvider.java:119)
	at org.apache.maven.surefire.booter.ForkedBooter.runSuitesInProcess(ForkedBooter.java:428)
	at org.apache.maven.surefire.booter.ForkedBooter.execute(ForkedBooter.java:162)
	at org.apache.maven.surefire.booter.ForkedBooter.run(ForkedBooter.java:562)
	at org.apache.maven.surefire.booter.ForkedBooter.main(ForkedBooter.java:548)
]]></system-err>
  </testcase>
</testsuite>