<?xml version="1.0" encoding="UTF-8"?>
<testsuite xmlns:xsi="http://www.w3.org/2001/XMLSchema-instance" xsi:noNamespaceSchemaLocation="https://maven.apache.org/surefire/maven-surefire-plugin/xsd/surefire-test-report-3.0.xsd" version="3.0" name="TestSuite" time="10,431.405" tests="6" errors="0" skipped="0" failures="0">
  <properties>
    <property name="sun.desktop" value="windows"/>
    <property name="awt.toolkit" value="sun.awt.windows.WToolkit"/>
    <property name="fileName" value="testngMain_Int.xml"/>
    <property name="recordingDurationFront_Int" value="580"/>
    <property name="java.specification.version" value="1.8"/>
    <property name="file.encoding.pkg" value="sun.io"/>
    <property name="sun.cpu.isalist" value="amd64"/>
    <property name="sun.jnu.encoding" value="Cp1252"/>
    <property name="java.class.path" value="C:\Users\sandisk\eclipse-workspace\TecnoSpark_8_Pro_KG8\target\test-classes;C:\Users\sandisk\eclipse-workspace\TecnoSpark_8_Pro_KG8\target\classes;C:\Users\sandisk\.m2\repository\org\seleniumhq\selenium\selenium-java\3.141.59\selenium-java-3.141.59.jar;C:\Users\sandisk\.m2\repository\org\seleniumhq\selenium\selenium-api\3.141.59\selenium-api-3.141.59.jar;C:\Users\sandisk\.m2\repository\org\seleniumhq\selenium\selenium-chrome-driver\3.141.59\selenium-chrome-driver-3.141.59.jar;C:\Users\sandisk\.m2\repository\org\seleniumhq\selenium\selenium-edge-driver\3.141.59\selenium-edge-driver-3.141.59.jar;C:\Users\sandisk\.m2\repository\org\seleniumhq\selenium\selenium-firefox-driver\3.141.59\selenium-firefox-driver-3.141.59.jar;C:\Users\sandisk\.m2\repository\org\seleniumhq\selenium\selenium-ie-driver\3.141.59\selenium-ie-driver-3.141.59.jar;C:\Users\sandisk\.m2\repository\org\seleniumhq\selenium\selenium-opera-driver\3.141.59\selenium-opera-driver-3.141.59.jar;C:\Users\sandisk\.m2\repository\org\seleniumhq\selenium\selenium-remote-driver\3.141.59\selenium-remote-driver-3.141.59.jar;C:\Users\sandisk\.m2\repository\org\seleniumhq\selenium\selenium-safari-driver\3.141.59\selenium-safari-driver-3.141.59.jar;C:\Users\sandisk\.m2\repository\org\seleniumhq\selenium\selenium-support\3.141.59\selenium-support-3.141.59.jar;C:\Users\sandisk\.m2\repository\net\bytebuddy\byte-buddy\1.8.15\byte-buddy-1.8.15.jar;C:\Users\sandisk\.m2\repository\org\apache\commons\commons-exec\1.3\commons-exec-1.3.jar;C:\Users\sandisk\.m2\repository\com\google\guava\guava\25.0-jre\guava-25.0-jre.jar;C:\Users\sandisk\.m2\repository\com\google\code\findbugs\jsr305\1.3.9\jsr305-1.3.9.jar;C:\Users\sandisk\.m2\repository\org\checkerframework\checker-compat-qual\2.0.0\checker-compat-qual-2.0.0.jar;C:\Users\sandisk\.m2\repository\com\google\errorprone\error_prone_annotations\2.1.3\error_prone_annotations-2.1.3.jar;C:\Users\sandisk\.m2\repository\com\google\j2objc\j2objc-annotations\1.1\j2objc-annotations-1.1.jar;C:\Users\sandisk\.m2\repository\org\codehaus\mojo\animal-sniffer-annotations\1.14\animal-sniffer-annotations-1.14.jar;C:\Users\sandisk\.m2\repository\com\squareup\okhttp3\okhttp\3.11.0\okhttp-3.11.0.jar;C:\Users\sandisk\.m2\repository\com\squareup\okio\okio\1.14.0\okio-1.14.0.jar;C:\Users\sandisk\.m2\repository\org\seleniumhq\selenium\selenium-android-driver\2.39.0\selenium-android-driver-2.39.0.jar;C:\Users\sandisk\.m2\repository\io\appium\java-client\7.0.0\java-client-7.0.0.jar;C:\Users\sandisk\.m2\repository\com\google\code\gson\gson\2.8.5\gson-2.8.5.jar;C:\Users\sandisk\.m2\repository\org\apache\httpcomponents\httpclient\4.5.6\httpclient-4.5.6.jar;C:\Users\sandisk\.m2\repository\org\apache\httpcomponents\httpcore\4.4.10\httpcore-4.4.10.jar;C:\Users\sandisk\.m2\repository\commons-logging\commons-logging\1.2\commons-logging-1.2.jar;C:\Users\sandisk\.m2\repository\commons-codec\commons-codec\1.10\commons-codec-1.10.jar;C:\Users\sandisk\.m2\repository\cglib\cglib\3.2.8\cglib-3.2.8.jar;C:\Users\sandisk\.m2\repository\org\ow2\asm\asm\6.2.1\asm-6.2.1.jar;C:\Users\sandisk\.m2\repository\org\apache\ant\ant\1.10.3\ant-1.10.3.jar;C:\Users\sandisk\.m2\repository\org\apache\ant\ant-launcher\1.10.3\ant-launcher-1.10.3.jar;C:\Users\sandisk\.m2\repository\commons-validator\commons-validator\1.6\commons-validator-1.6.jar;C:\Users\sandisk\.m2\repository\commons-beanutils\commons-beanutils\1.9.2\commons-beanutils-1.9.2.jar;C:\Users\sandisk\.m2\repository\commons-digester\commons-digester\1.8.1\commons-digester-1.8.1.jar;C:\Users\sandisk\.m2\repository\commons-collections\commons-collections\3.2.2\commons-collections-3.2.2.jar;C:\Users\sandisk\.m2\repository\org\apache\commons\commons-lang3\3.8\commons-lang3-3.8.jar;C:\Users\sandisk\.m2\repository\commons-io\commons-io\2.6\commons-io-2.6.jar;C:\Users\sandisk\.m2\repository\org\springframework\spring-context\5.1.0.RELEASE\spring-context-5.1.0.RELEASE.jar;C:\Users\sandisk\.m2\repository\org\springframework\spring-aop\5.1.0.RELEASE\spring-aop-5.1.0.RELEASE.jar;C:\Users\sandisk\.m2\repository\org\springframework\spring-beans\5.1.0.RELEASE\spring-beans-5.1.0.RELEASE.jar;C:\Users\sandisk\.m2\repository\org\springframework\spring-core\5.1.0.RELEASE\spring-core-5.1.0.RELEASE.jar;C:\Users\sandisk\.m2\repository\org\springframework\spring-jcl\5.1.0.RELEASE\spring-jcl-5.1.0.RELEASE.jar;C:\Users\sandisk\.m2\repository\org\springframework\spring-expression\5.1.0.RELEASE\spring-expression-5.1.0.RELEASE.jar;C:\Users\sandisk\.m2\repository\org\aspectj\aspectjweaver\1.9.1\aspectjweaver-1.9.1.jar;C:\Users\sandisk\.m2\repository\org\slf4j\slf4j-api\1.7.25\slf4j-api-1.7.25.jar;C:\Users\sandisk\.m2\repository\org\testng\testng\6.1.1\testng-6.1.1.jar;C:\Users\sandisk\.m2\repository\junit\junit\3.8.1\junit-3.8.1.jar;C:\Users\sandisk\.m2\repository\org\beanshell\bsh\2.0b4\bsh-2.0b4.jar;C:\Users\sandisk\.m2\repository\com\beust\jcommander\1.12\jcommander-1.12.jar;C:\Users\sandisk\.m2\repository\org\yaml\snakeyaml\1.6\snakeyaml-1.6.jar;"/>
    <property name="recordingDurationRear_Int" value="580"/>
    <property name="java.vm.vendor" value="Oracle Corporation"/>
    <property name="sun.arch.data.model" value="64"/>
    <property name="user.variant" value=""/>
    <property name="java.vendor.url" value="http://java.oracle.com/"/>
    <property name="user.timezone" value="Asia/Calcutta"/>
    <property name="os.name" value="Windows 10"/>
    <property name="java.vm.specification.version" value="1.8"/>
    <property name="sun.java.launcher" value="SUN_STANDARD"/>
    <property name="user.country" value="IN"/>
    <property name="sun.boot.library.path" value="C:\Program Files\Java\jdk1.8.0_202\jre\bin"/>
    <property name="sun.java.command" value="C:\Users\sandisk\AppData\Local\Temp\surefire3976472960432390300\surefirebooter2637014200228076632.jar C:\Users\sandisk\AppData\Local\Temp\surefire3976472960432390300 2023-02-27T12-33-42_715-jvmRun1 surefire7329751793757530638tmp surefire_01104240168938472479tmp"/>
    <property name="totalPictureCountRear_Int" value="100"/>
    <property name="surefire.test.class.path" value="C:\Users\sandisk\eclipse-workspace\TecnoSpark_8_Pro_KG8\target\test-classes;C:\Users\sandisk\eclipse-workspace\TecnoSpark_8_Pro_KG8\target\classes;C:\Users\sandisk\.m2\repository\org\seleniumhq\selenium\selenium-java\3.141.59\selenium-java-3.141.59.jar;C:\Users\sandisk\.m2\repository\org\seleniumhq\selenium\selenium-api\3.141.59\selenium-api-3.141.59.jar;C:\Users\sandisk\.m2\repository\org\seleniumhq\selenium\selenium-chrome-driver\3.141.59\selenium-chrome-driver-3.141.59.jar;C:\Users\sandisk\.m2\repository\org\seleniumhq\selenium\selenium-edge-driver\3.141.59\selenium-edge-driver-3.141.59.jar;C:\Users\sandisk\.m2\repository\org\seleniumhq\selenium\selenium-firefox-driver\3.141.59\selenium-firefox-driver-3.141.59.jar;C:\Users\sandisk\.m2\repository\org\seleniumhq\selenium\selenium-ie-driver\3.141.59\selenium-ie-driver-3.141.59.jar;C:\Users\sandisk\.m2\repository\org\seleniumhq\selenium\selenium-opera-driver\3.141.59\selenium-opera-driver-3.141.59.jar;C:\Users\sandisk\.m2\repository\org\seleniumhq\selenium\selenium-remote-driver\3.141.59\selenium-remote-driver-3.141.59.jar;C:\Users\sandisk\.m2\repository\org\seleniumhq\selenium\selenium-safari-driver\3.141.59\selenium-safari-driver-3.141.59.jar;C:\Users\sandisk\.m2\repository\org\seleniumhq\selenium\selenium-support\3.141.59\selenium-support-3.141.59.jar;C:\Users\sandisk\.m2\repository\net\bytebuddy\byte-buddy\1.8.15\byte-buddy-1.8.15.jar;C:\Users\sandisk\.m2\repository\org\apache\commons\commons-exec\1.3\commons-exec-1.3.jar;C:\Users\sandisk\.m2\repository\com\google\guava\guava\25.0-jre\guava-25.0-jre.jar;C:\Users\sandisk\.m2\repository\com\google\code\findbugs\jsr305\1.3.9\jsr305-1.3.9.jar;C:\Users\sandisk\.m2\repository\org\checkerframework\checker-compat-qual\2.0.0\checker-compat-qual-2.0.0.jar;C:\Users\sandisk\.m2\repository\com\google\errorprone\error_prone_annotations\2.1.3\error_prone_annotations-2.1.3.jar;C:\Users\sandisk\.m2\repository\com\google\j2objc\j2objc-annotations\1.1\j2objc-annotations-1.1.jar;C:\Users\sandisk\.m2\repository\org\codehaus\mojo\animal-sniffer-annotations\1.14\animal-sniffer-annotations-1.14.jar;C:\Users\sandisk\.m2\repository\com\squareup\okhttp3\okhttp\3.11.0\okhttp-3.11.0.jar;C:\Users\sandisk\.m2\repository\com\squareup\okio\okio\1.14.0\okio-1.14.0.jar;C:\Users\sandisk\.m2\repository\org\seleniumhq\selenium\selenium-android-driver\2.39.0\selenium-android-driver-2.39.0.jar;C:\Users\sandisk\.m2\repository\io\appium\java-client\7.0.0\java-client-7.0.0.jar;C:\Users\sandisk\.m2\repository\com\google\code\gson\gson\2.8.5\gson-2.8.5.jar;C:\Users\sandisk\.m2\repository\org\apache\httpcomponents\httpclient\4.5.6\httpclient-4.5.6.jar;C:\Users\sandisk\.m2\repository\org\apache\httpcomponents\httpcore\4.4.10\httpcore-4.4.10.jar;C:\Users\sandisk\.m2\repository\commons-logging\commons-logging\1.2\commons-logging-1.2.jar;C:\Users\sandisk\.m2\repository\commons-codec\commons-codec\1.10\commons-codec-1.10.jar;C:\Users\sandisk\.m2\repository\cglib\cglib\3.2.8\cglib-3.2.8.jar;C:\Users\sandisk\.m2\repository\org\ow2\asm\asm\6.2.1\asm-6.2.1.jar;C:\Users\sandisk\.m2\repository\org\apache\ant\ant\1.10.3\ant-1.10.3.jar;C:\Users\sandisk\.m2\repository\org\apache\ant\ant-launcher\1.10.3\ant-launcher-1.10.3.jar;C:\Users\sandisk\.m2\repository\commons-validator\commons-validator\1.6\commons-validator-1.6.jar;C:\Users\sandisk\.m2\repository\commons-beanutils\commons-beanutils\1.9.2\commons-beanutils-1.9.2.jar;C:\Users\sandisk\.m2\repository\commons-digester\commons-digester\1.8.1\commons-digester-1.8.1.jar;C:\Users\sandisk\.m2\repository\commons-collections\commons-collections\3.2.2\commons-collections-3.2.2.jar;C:\Users\sandisk\.m2\repository\org\apache\commons\commons-lang3\3.8\commons-lang3-3.8.jar;C:\Users\sandisk\.m2\repository\commons-io\commons-io\2.6\commons-io-2.6.jar;C:\Users\sandisk\.m2\repository\org\springframework\spring-context\5.1.0.RELEASE\spring-context-5.1.0.RELEASE.jar;C:\Users\sandisk\.m2\repository\org\springframework\spring-aop\5.1.0.RELEASE\spring-aop-5.1.0.RELEASE.jar;C:\Users\sandisk\.m2\repository\org\springframework\spring-beans\5.1.0.RELEASE\spring-beans-5.1.0.RELEASE.jar;C:\Users\sandisk\.m2\repository\org\springframework\spring-core\5.1.0.RELEASE\spring-core-5.1.0.RELEASE.jar;C:\Users\sandisk\.m2\repository\org\springframework\spring-jcl\5.1.0.RELEASE\spring-jcl-5.1.0.RELEASE.jar;C:\Users\sandisk\.m2\repository\org\springframework\spring-expression\5.1.0.RELEASE\spring-expression-5.1.0.RELEASE.jar;C:\Users\sandisk\.m2\repository\org\aspectj\aspectjweaver\1.9.1\aspectjweaver-1.9.1.jar;C:\Users\sandisk\.m2\repository\org\slf4j\slf4j-api\1.7.25\slf4j-api-1.7.25.jar;C:\Users\sandisk\.m2\repository\org\testng\testng\6.1.1\testng-6.1.1.jar;C:\Users\sandisk\.m2\repository\junit\junit\3.8.1\junit-3.8.1.jar;C:\Users\sandisk\.m2\repository\org\beanshell\bsh\2.0b4\bsh-2.0b4.jar;C:\Users\sandisk\.m2\repository\com\beust\jcommander\1.12\jcommander-1.12.jar;C:\Users\sandisk\.m2\repository\org\yaml\snakeyaml\1.6\snakeyaml-1.6.jar;"/>
    <property name="sun.cpu.endian" value="little"/>
    <property name="user.home" value="C:\Users\sandisk"/>
    <property name="user.language" value="en"/>
    <property name="java.specification.vendor" value="Oracle Corporation"/>
    <property name="java.home" value="C:\Program Files\Java\jdk1.8.0_202\jre"/>
    <property name="file.separator" value="\"/>
    <property name="basedir" value="C:\Users\sandisk\eclipse-workspace\TecnoSpark_8_Pro_KG8"/>
    <property name="line.separator" value="&#10;"/>
    <property name="java.vm.specification.vendor" value="Oracle Corporation"/>
    <property name="java.specification.name" value="Java Platform API Specification"/>
    <property name="mountUnmountCycle" value="1"/>
    <property name="java.awt.graphicsenv" value="sun.awt.Win32GraphicsEnvironment"/>
    <property name="surefire.real.class.path" value="C:\Users\sandisk\AppData\Local\Temp\surefire3976472960432390300\surefirebooter2637014200228076632.jar"/>
    <property name="recordingDurationRear_Int2" value="580"/>
    <property name="recordingDurationRear_Int1" value="580"/>
    <property name="sun.boot.class.path" value="C:\Program Files\Java\jdk1.8.0_202\jre\lib\resources.jar;C:\Program Files\Java\jdk1.8.0_202\jre\lib\rt.jar;C:\Program Files\Java\jdk1.8.0_202\jre\lib\sunrsasign.jar;C:\Program Files\Java\jdk1.8.0_202\jre\lib\jsse.jar;C:\Program Files\Java\jdk1.8.0_202\jre\lib\jce.jar;C:\Program Files\Java\jdk1.8.0_202\jre\lib\charsets.jar;C:\Program Files\Java\jdk1.8.0_202\jre\lib\jfr.jar;C:\Program Files\Java\jdk1.8.0_202\jre\classes"/>
    <property name="user.script" value=""/>
    <property name="sun.management.compiler" value="HotSpot 64-Bit Tiered Compilers"/>
    <property name="java.runtime.version" value="1.8.0_202-b08"/>
    <property name="user.name" value="sandisk"/>
    <property name="path.separator" value=";"/>
    <property name="totalPictureCountRear_Int1" value="100"/>
    <property name="totalPictureCountRear_Int2" value="100"/>
    <property name="os.version" value="10.0"/>
    <property name="java.endorsed.dirs" value="C:\Program Files\Java\jdk1.8.0_202\jre\lib\endorsed"/>
    <property name="java.runtime.name" value="Java(TM) SE Runtime Environment"/>
    <property name="recordingDurationFront_Int2" value="580"/>
    <property name="file.encoding" value="Cp1252"/>
    <property name="recordingDurationFront_Int1" value="580"/>
    <property name="java.vm.name" value="Java HotSpot(TM) 64-Bit Server VM"/>
    <property name="localRepository" value="C:\Users\sandisk\.m2\repository"/>
    <property name="java.vendor.url.bug" value="http://bugreport.sun.com/bugreport/"/>
    <property name="java.io.tmpdir" value="C:\Users\sandisk\AppData\Local\Temp\"/>
    <property name="totalPictureCountFront_Int1" value="100"/>
    <property name="java.version" value="1.8.0_202"/>
    <property name="user.dir" value="C:\Users\sandisk\eclipse-workspace\TecnoSpark_8_Pro_KG8"/>
    <property name="os.arch" value="amd64"/>
    <property name="totalPictureCountFront_Int2" value="100"/>
    <property name="java.vm.specification.name" value="Java Virtual Machine Specification"/>
    <property name="java.util.logging.SimpleFormatter.format" value="%1$tY-%1$tm-%1$td %1$tH:%1$tM:%1$tS %4$-6s %2$s %5$s%6$s%n"/>
    <property name="java.awt.printerjob" value="sun.awt.windows.WPrinterJob"/>
    <property name="Tolerance_Level" value="75"/>
    <property name="sun.os.patch.level" value=""/>
    <property name="totalPictureCountFront_Int" value="100"/>
    <property name="java.library.path" value="C:\Program Files\Java\jdk1.8.0_202\jre\bin;C:\Windows\Sun\Java\bin;C:\Windows\system32;C:\Windows;C:\Program Files (x86)\Common Files\Oracle\Java\javapath;C:\Windows\system32;C:\Windows;C:\Windows\System32\Wbem;C:\Windows\System32\WindowsPowerShell\v1.0\;C:\Windows\System32\OpenSSH\;C:\Users\sandisk\Maven\apache-maven-3.8.4\bin;C:\Ant\apache-ant-1.9.15\bin;C:\Program Files\Java\jdk1.8.0_202\bin;C:\Users\sandisk\AppData\Local\Android\Sdk;C:\Users\sandisk\android-sdks\platform-tools;C:\Android\Android-sdk\bin;C:\Android\Android-sdk\tools;C:\Android\Android-sdk\platform-tools;C:\Python37\Scripts\;C:\Python37\;C:\Users\sandisk\AppData\Local\Microsoft\WindowsApps;;."/>
    <property name="java.vendor" value="Oracle Corporation"/>
    <property name="java.vm.info" value="mixed mode"/>
    <property name="java.vm.version" value="25.202-b08"/>
    <property name="sun.io.unicode.encoding" value="UnicodeLittle"/>
    <property name="java.ext.dirs" value="C:\Program Files\Java\jdk1.8.0_202\jre\lib\ext;C:\Windows\Sun\Java\lib\ext"/>
    <property name="java.class.version" value="52.0"/>
  </properties>
  <testcase name="CopyPaste" classname="TecnoSpark_8_Pro_KG8.Test18_Int" time="793.919">
    <system-out><![CDATA[Test: Start
===================================================================================================================================================================================================================================================================================================================================================================================================================================================================================================================================================================================================================================================================================================================================
1.Pushing 1GB zip File to Host Internal Memory via server folder named as Test1 
2.Extracting zip file in Host internal memory
3.Copy  1GB file (Test1) from host internal memory,Create a folder named Test2 in Internal storage paste Test1 folder in Test2
4.Create folder name(New_Scenario in internal memory, select folder name(Test2) from internal memory and perform cut paste operation
Setting up the appium desired capabilities
===================================================================================================================================================================================================================================================================================================================================================================================================================================================================================================================================================================================================================================================================================================================================
Pass: No recent apps found
Pushing zip file to host internal memory
Push file is successfull
Launch File Manager Application and clear internal memory
Select  Internal storage
Select Test1 Folder internal storage
Select  zip file
Select Extract option
Extracting Push zip file as Folder named Test1
Extracting Complete
Select More Options
Select create folder option
Name folder as Test2
Click Create option
Test2 folder created successfully in external storage
Select Test1 Folder from external storage
Select More Options
Select Copy to
Select Internal storage
Swipe up and select test2 folder
Select Test2 Folder
Select Copy here
Copy paste Test1 folder data to Test2 folder within external storage is successfull
Select More Options
Select create folder option
Name folder as New_Scenario
Accept create folder
Select Test2 Folder from internal Storage
Select More Options
Select Copy to
Select Internal storage
Select New_scenario folder
Select Move here
Pass: Test18_Int Pass for Cut paste Operation
===================================================================================================================================================================================================================================================================================================================================================================================================================================================================================================================================================================================================================================================================================================================================
Final Message: Pass Test18_Int Pass for copy paste & cut paste operation
Test: End
===================================================================================================================================================================================================================================================================================================================================================================================================================================================================================================================================================================================================================================================================================================================================
]]></system-out>
    <system-err><![CDATA[2023-02-27 12:33:55 INFO   io.appium.java_client.remote.AppiumCommandExecutor$1 lambda$0 Detected dialect: W3C
2023-02-27 12:34:09 INFO   io.appium.java_client.remote.AppiumCommandExecutor$1 lambda$0 Detected dialect: W3C
org.openqa.selenium.NoSuchElementException: An element could not be located on the page using the given search parameters.
For documentation on this error, please visit: https://www.seleniumhq.org/exceptions/no_such_element.html
Build info: version: '3.141.59', revision: 'e82be7d358', time: '2018-11-14T08:17:03'
System info: host: 'SD-APPS-090', ip: '10.65.148.57', os.name: 'Windows 10', os.arch: 'amd64', os.version: '10.0', java.version: '1.8.0_202'
Driver info: io.appium.java_client.android.AndroidDriver
Capabilities {automationName: UiAutomator2, databaseEnabled: false, desired: {automationName: UiAutomator2, deviceName: TECNO SPARK 8 Pro, newCommandTimeout: 1200, platformName: android, platformVersion: 11, udid: 07352311C7070602}, deviceApiLevel: 30, deviceManufacturer: TECNO MOBILE LIMITED, deviceModel: TECNO KG8, deviceName: 07352311C7070602, deviceScreenDensity: 480, deviceScreenSize: 1080x2460, deviceUDID: 07352311C7070602, javascriptEnabled: true, locationContextEnabled: false, networkConnectionEnabled: true, newCommandTimeout: 1200, pixelRatio: 3, platform: LINUX, platformName: Android, platformVersion: 11, statBarHeight: 108, takesScreenshot: true, udid: 07352311C7070602, viewportRect: {height: 2100, left: 0, top: 108, width: 1080}, warnings: {}, webStorageEnabled: false}
Session ID: 7dae42d2-2e15-422b-9876-f2a7712fa9e8
*** Element info: {Using=xpath, value=//*[@content-desc='Clear all']}
	at sun.reflect.NativeConstructorAccessorImpl.newInstance0(Native Method)
	at sun.reflect.NativeConstructorAccessorImpl.newInstance(NativeConstructorAccessorImpl.java:62)
	at sun.reflect.DelegatingConstructorAccessorImpl.newInstance(DelegatingConstructorAccessorImpl.java:45)
	at java.lang.reflect.Constructor.newInstance(Constructor.java:423)
	at org.openqa.selenium.remote.http.W3CHttpResponseCodec.createException(W3CHttpResponseCodec.java:187)
	at org.openqa.selenium.remote.http.W3CHttpResponseCodec.decode(W3CHttpResponseCodec.java:122)
	at org.openqa.selenium.remote.http.W3CHttpResponseCodec.decode(W3CHttpResponseCodec.java:49)
	at org.openqa.selenium.remote.HttpCommandExecutor.execute(HttpCommandExecutor.java:158)
	at io.appium.java_client.remote.AppiumCommandExecutor.execute(AppiumCommandExecutor.java:239)
	at org.openqa.selenium.remote.RemoteWebDriver.execute(RemoteWebDriver.java:552)
	at io.appium.java_client.DefaultGenericMobileDriver.execute(DefaultGenericMobileDriver.java:42)
	at io.appium.java_client.AppiumDriver.execute(AppiumDriver.java:1)
	at io.appium.java_client.android.AndroidDriver.execute(AndroidDriver.java:1)
	at org.openqa.selenium.remote.RemoteWebDriver.findElement(RemoteWebDriver.java:323)
	at io.appium.java_client.DefaultGenericMobileDriver.findElement(DefaultGenericMobileDriver.java:62)
	at io.appium.java_client.AppiumDriver.findElement(AppiumDriver.java:1)
	at io.appium.java_client.android.AndroidDriver.findElement(AndroidDriver.java:1)
	at org.openqa.selenium.remote.RemoteWebDriver.findElementByXPath(RemoteWebDriver.java:428)
	at io.appium.java_client.DefaultGenericMobileDriver.findElementByXPath(DefaultGenericMobileDriver.java:152)
	at io.appium.java_client.AppiumDriver.findElementByXPath(AppiumDriver.java:1)
	at io.appium.java_client.android.AndroidDriver.findElementByXPath(AndroidDriver.java:1)
	at org.openqa.selenium.By$ByXPath.findElement(By.java:353)
	at org.openqa.selenium.remote.RemoteWebDriver.findElement(RemoteWebDriver.java:315)
	at io.appium.java_client.DefaultGenericMobileDriver.findElement(DefaultGenericMobileDriver.java:58)
	at io.appium.java_client.AppiumDriver.findElement(AppiumDriver.java:1)
	at io.appium.java_client.android.AndroidDriver.findElement(AndroidDriver.java:1)
	at TecnoSpark_8_Pro_KG8.Test18_Int.CopyPaste(Test18_Int.java:97)
	at sun.reflect.NativeMethodAccessorImpl.invoke0(Native Method)
	at sun.reflect.NativeMethodAccessorImpl.invoke(NativeMethodAccessorImpl.java:62)
	at sun.reflect.DelegatingMethodAccessorImpl.invoke(DelegatingMethodAccessorImpl.java:43)
	at java.lang.reflect.Method.invoke(Method.java:498)
	at org.testng.internal.MethodInvocationHelper.invokeMethod(MethodInvocationHelper.java:80)
	at org.testng.internal.Invoker.invokeMethod(Invoker.java:673)
	at org.testng.internal.Invoker.invokeTestMethod(Invoker.java:842)
	at org.testng.internal.Invoker.invokeTestMethods(Invoker.java:1166)
	at org.testng.internal.TestMethodWorker.invokeTestMethods(TestMethodWorker.java:125)
	at org.testng.internal.TestMethodWorker.run(TestMethodWorker.java:109)
	at org.testng.TestRunner.runWorkers(TestRunner.java:1178)
	at org.testng.TestRunner.privateRun(TestRunner.java:757)
	at org.testng.TestRunner.run(TestRunner.java:608)
	at org.testng.SuiteRunner.runTest(SuiteRunner.java:334)
	at org.testng.SuiteRunner.runSequentially(SuiteRunner.java:329)
	at org.testng.SuiteRunner.privateRun(SuiteRunner.java:291)
	at org.testng.SuiteRunner.run(SuiteRunner.java:240)
	at org.testng.SuiteRunnerWorker.runSuite(SuiteRunnerWorker.java:52)
	at org.testng.SuiteRunnerWorker.run(SuiteRunnerWorker.java:86)
	at org.testng.TestNG.runSuitesSequentially(TestNG.java:1158)
	at org.testng.TestNG.runSuitesSequentially(TestNG.java:1154)
	at org.testng.TestNG.runSuitesLocally(TestNG.java:1083)
	at org.testng.TestNG.run(TestNG.java:999)
	at org.apache.maven.surefire.testng.TestNGExecutor.run(TestNGExecutor.java:284)
	at org.apache.maven.surefire.testng.TestNGXmlTestSuite.execute(TestNGXmlTestSuite.java:75)
	at org.apache.maven.surefire.testng.TestNGProvider.invoke(TestNGProvider.java:119)
	at org.apache.maven.surefire.booter.ForkedBooter.runSuitesInProcess(ForkedBooter.java:428)
	at org.apache.maven.surefire.booter.ForkedBooter.execute(ForkedBooter.java:162)
	at org.apache.maven.surefire.booter.ForkedBooter.run(ForkedBooter.java:562)
	at org.apache.maven.surefire.booter.ForkedBooter.main(ForkedBooter.java:548)
]]></system-err>
  </testcase>
  <testcase name="recordAudio" classname="TecnoSpark_8_Pro_KG8.Test8_Int" time="176.672">
    <system-out><![CDATA[Test: Start
===================================================================================================================================================================================================================================================================================================================================================================================================================================================================================================================================================================================================================================================================================================================================
Test8_Int scenario is as follows
1.Launch mobile default voice recording application and set Internal storage storage option, record audio file for 2 minutes duration
2.Launch file manager application and playback recorded audio file from Internal storage, fast forward audio file and pause
3.Launch file manager application and playback copied audio files from Internal storage the files are placed in the Test1 folder
Setting up the appium desired capabilities
===================================================================================================================================================================================================================================================================================================================================================================================================================================================================================================================================================================================================================================================================================================================================
Pass: Test Pass for clearing Recent apps 
Launch Voice recorder application for Audio recording
Launch Voice recorder application for Audio recording
Start Recording
Stop Recording
Fail: Test8_Int Fail for recording  audio file
Final Message: Fail Test8_Int Fail for recording  audio file
Final Message: Fail Test8_Int Fail for recording  audio file
Test: End
===================================================================================================================================================================================================================================================================================================================================================================================================================================================================================================================================================================================================================================================================================================================================
]]></system-out>
    <system-err><![CDATA[2023-02-27 12:47:18 INFO   io.appium.java_client.remote.AppiumCommandExecutor$1 lambda$0 Detected dialect: W3C
2023-02-27 12:47:32 INFO   io.appium.java_client.remote.AppiumCommandExecutor$1 lambda$0 Detected dialect: W3C
]]></system-err>
  </testcase>
  <testcase name="rearVideoRec" classname="TecnoSpark_8_Pro_KG8.Test10_Int" time="2,221.1">
    <system-out><![CDATA[Test: Start
===================================================================================================================================================================================================================================================================================================================================================================================================================================================================================================================================================================================================================================================================================================================================
Test10_Int Scenario is as follows
1.Launch Camera application and start back camera video recording for all host applicable resolutions in Internal storage
2.Playback Highest resolution recorded video from Internal storage, fast forward playback and pause video scenario 
3.Playback copied videos from Test1 folder, fast forward and pause scenario
Setting up the appium desired capabilities
===================================================================================================================================================================================================================================================================================================================================================================================================================================================================================================================================================================================================================================================================================================================================
Pass: No recent apps found
Launch Camera Application for rear camera video recording
Select on video
Test10_Int_Bcam_res: 3 resolutions supported
Select settings option
Select 1st Back Video Resolution: 1080p
recordingDurationRear_Int = 580Seconds
Start video recording
Stop video recording
Select settings option
Select 2nd Back Video Resolution:  720P
recordingDurationRear_Int1 = 580Seconds
Start video recording
Stop video recording
Select settings option
Select 3rd Back Video Resolution:  2k
recordingDurationRear_Int2 = 580Seconds
Start video recording
Stop video recording
select photo mode
Pass: Rear camera video recording is successfull
Launch File Manager Application to verify captured videos
swipe up and search for Internal storage
Select  Internal storage
swipe up and search for dcim
Select DCIM Folder
Select Camera Folder
Select More Options 
Click On Select All Options
Test10_Int_Bcam_video: 3 Videos captured successfull
===================================================================================================================================================================================================================================================================================================================================================================================================================================================================================================================================================================================================================================================================================================================================
Calling RecordedVideoPlayback() for Playing Highest record video, fast forward video play back scenario
Launch files Application select Internal storage ply highest resolution recorded video and fastforward same
swipe up and search for Internal storage
Select External Storage
swipe up and search for dcim
Select DCIM folder
Select Camera folder
select more options
Select Sort BY
Select Largest first
Click on first file to play highest recorded resolution video file from Internal storage
Started video playback
Tap Somewhere on Screen for contents to visible on Screen
Fast forward video for 10 seconds
Pause video 
Pass: Recorded Video play back and fast forward successfull 
===================================================================================================================================================================================================================================================================================================================================================================================================================================================================================================================================================================================================================================================================================================================================
Calling DataMovementOperation() to move recorded rear camer videos to Test10_Int Folder 
Re-launch file manager application and select Internal storage for data move operation, select all rear camera videos present in camera folder and move to Test10_Int folder
Select external storage
switch to grid view mode and select DCIM folder
Select DCIM folder
Select camera folder
switch to list view mode
Click More options
Click select all
Click More options
select move to option
select Internal storage
Select ADD NEW Folder option
Name folder as Test10_Int
Accept create folder
Cut paste  video files operation completed successfully
Test10_Int: Data move operation completed successfully
Pass: Test10_Int Pass for data move operation successfully
===================================================================================================================================================================================================================================================================================================================================================================================================================================================================================================================================================================================================================================================================================================================================
Calling copiedvideosPlayBack() for playing copied video file from Test1 folder
Launch file manager application, select Internal storage, select Test1 folder, select Videos folder and Play copied videos and fast forward the same 
swipe up and search for Internal storage
Select external storage
Select test1folder
Select test_file folder
Select OneGB folder
Select video folder
Select LG_4K_DEMO_HDR_2018_(60FPS)_ELBA(480p).mp4 file from Internal storage(Test1-->videos) for video playback and fast forward
Select LG_4K_DEMO_HDR_2018_(60FPS)_ELBA(480p).mp4 file for video playback
Started video playback
Tap Somewhere on Screen for contents to visible on Screen
Click fast forward button for 10 seconds video forward
Pause video 
Select FHD 5.1 ( 1350 X 2560 ).webm file from uInternal storage(Test1-->videos) for video playback and fast forward
Started video playback
Tap Somewhere on Screen for contents to visible on Screen
Pause video 
Pass: FHD Video play back and fast forward is successful 
===================================================================================================================================================================================================================================================================================================================================================================================================================================================================================================================================================================================================================================================================================================================================
Final Message: Pass Test10_Int Pass for Playing Copied Video files, recorded video file and fast forward video play back scenario 
Test: End
===================================================================================================================================================================================================================================================================================================================================================================================================================================================================================================================================================================================================================================================================================================================================
]]></system-out>
    <system-err><![CDATA[2023-02-27 12:50:24 INFO   io.appium.java_client.remote.AppiumCommandExecutor$1 lambda$0 Detected dialect: W3C
2023-02-27 12:50:32 INFO   io.appium.java_client.remote.AppiumCommandExecutor$1 lambda$0 Detected dialect: W3C
org.openqa.selenium.NoSuchElementException: An element could not be located on the page using the given search parameters.
For documentation on this error, please visit: https://www.seleniumhq.org/exceptions/no_such_element.html
Build info: version: '3.141.59', revision: 'e82be7d358', time: '2018-11-14T08:17:03'
System info: host: 'SD-APPS-090', ip: '10.65.148.57', os.name: 'Windows 10', os.arch: 'amd64', os.version: '10.0', java.version: '1.8.0_202'
Driver info: io.appium.java_client.android.AndroidDriver
Capabilities {automationName: UiAutomator2, databaseEnabled: false, desired: {automationName: UiAutomator2, deviceName: TECNO SPARK 8 Pro, newCommandTimeout: 1200, platformName: android, platformVersion: 11, udid: 07352311C7070602}, deviceApiLevel: 30, deviceManufacturer: TECNO MOBILE LIMITED, deviceModel: TECNO KG8, deviceName: 07352311C7070602, deviceScreenDensity: 480, deviceScreenSize: 1080x2460, deviceUDID: 07352311C7070602, javascriptEnabled: true, locationContextEnabled: false, networkConnectionEnabled: true, newCommandTimeout: 1200, pixelRatio: 3, platform: LINUX, platformName: Android, platformVersion: 11, statBarHeight: 108, takesScreenshot: true, udid: 07352311C7070602, viewportRect: {height: 2100, left: 0, top: 108, width: 1080}, warnings: {}, webStorageEnabled: false}
Session ID: e8a1fde8-59f1-4a13-8ad6-2ba7191ecddb
*** Element info: {Using=xpath, value=//*[@content-desc='Clear all']}
	at sun.reflect.NativeConstructorAccessorImpl.newInstance0(Native Method)
	at sun.reflect.NativeConstructorAccessorImpl.newInstance(NativeConstructorAccessorImpl.java:62)
	at sun.reflect.DelegatingConstructorAccessorImpl.newInstance(DelegatingConstructorAccessorImpl.java:45)
	at java.lang.reflect.Constructor.newInstance(Constructor.java:423)
	at org.openqa.selenium.remote.http.W3CHttpResponseCodec.createException(W3CHttpResponseCodec.java:187)
	at org.openqa.selenium.remote.http.W3CHttpResponseCodec.decode(W3CHttpResponseCodec.java:122)
	at org.openqa.selenium.remote.http.W3CHttpResponseCodec.decode(W3CHttpResponseCodec.java:49)
	at org.openqa.selenium.remote.HttpCommandExecutor.execute(HttpCommandExecutor.java:158)
	at io.appium.java_client.remote.AppiumCommandExecutor.execute(AppiumCommandExecutor.java:239)
	at org.openqa.selenium.remote.RemoteWebDriver.execute(RemoteWebDriver.java:552)
	at io.appium.java_client.DefaultGenericMobileDriver.execute(DefaultGenericMobileDriver.java:42)
	at io.appium.java_client.AppiumDriver.execute(AppiumDriver.java:1)
	at io.appium.java_client.android.AndroidDriver.execute(AndroidDriver.java:1)
	at org.openqa.selenium.remote.RemoteWebDriver.findElement(RemoteWebDriver.java:323)
	at io.appium.java_client.DefaultGenericMobileDriver.findElement(DefaultGenericMobileDriver.java:62)
	at io.appium.java_client.AppiumDriver.findElement(AppiumDriver.java:1)
	at io.appium.java_client.android.AndroidDriver.findElement(AndroidDriver.java:1)
	at org.openqa.selenium.remote.RemoteWebDriver.findElementByXPath(RemoteWebDriver.java:428)
	at io.appium.java_client.DefaultGenericMobileDriver.findElementByXPath(DefaultGenericMobileDriver.java:152)
	at io.appium.java_client.AppiumDriver.findElementByXPath(AppiumDriver.java:1)
	at io.appium.java_client.android.AndroidDriver.findElementByXPath(AndroidDriver.java:1)
	at org.openqa.selenium.By$ByXPath.findElement(By.java:353)
	at org.openqa.selenium.remote.RemoteWebDriver.findElement(RemoteWebDriver.java:315)
	at io.appium.java_client.DefaultGenericMobileDriver.findElement(DefaultGenericMobileDriver.java:58)
	at io.appium.java_client.AppiumDriver.findElement(AppiumDriver.java:1)
	at io.appium.java_client.android.AndroidDriver.findElement(AndroidDriver.java:1)
	at TecnoSpark_8_Pro_KG8.Test10_Int.rearVideoRec(Test10_Int.java:98)
	at sun.reflect.NativeMethodAccessorImpl.invoke0(Native Method)
	at sun.reflect.NativeMethodAccessorImpl.invoke(NativeMethodAccessorImpl.java:62)
	at sun.reflect.DelegatingMethodAccessorImpl.invoke(DelegatingMethodAccessorImpl.java:43)
	at java.lang.reflect.Method.invoke(Method.java:498)
	at org.testng.internal.MethodInvocationHelper.invokeMethod(MethodInvocationHelper.java:80)
	at org.testng.internal.Invoker.invokeMethod(Invoker.java:673)
	at org.testng.internal.Invoker.invokeTestMethod(Invoker.java:842)
	at org.testng.internal.Invoker.invokeTestMethods(Invoker.java:1166)
	at org.testng.internal.TestMethodWorker.invokeTestMethods(TestMethodWorker.java:125)
	at org.testng.internal.TestMethodWorker.run(TestMethodWorker.java:109)
	at org.testng.TestRunner.runWorkers(TestRunner.java:1178)
	at org.testng.TestRunner.privateRun(TestRunner.java:757)
	at org.testng.TestRunner.run(TestRunner.java:608)
	at org.testng.SuiteRunner.runTest(SuiteRunner.java:334)
	at org.testng.SuiteRunner.runSequentially(SuiteRunner.java:329)
	at org.testng.SuiteRunner.privateRun(SuiteRunner.java:291)
	at org.testng.SuiteRunner.run(SuiteRunner.java:240)
	at org.testng.SuiteRunnerWorker.runSuite(SuiteRunnerWorker.java:52)
	at org.testng.SuiteRunnerWorker.run(SuiteRunnerWorker.java:86)
	at org.testng.TestNG.runSuitesSequentially(TestNG.java:1158)
	at org.testng.TestNG.runSuitesSequentially(TestNG.java:1154)
	at org.testng.TestNG.runSuitesLocally(TestNG.java:1083)
	at org.testng.TestNG.run(TestNG.java:999)
	at org.apache.maven.surefire.testng.TestNGExecutor.run(TestNGExecutor.java:284)
	at org.apache.maven.surefire.testng.TestNGXmlTestSuite.execute(TestNGXmlTestSuite.java:75)
	at org.apache.maven.surefire.testng.TestNGProvider.invoke(TestNGProvider.java:119)
	at org.apache.maven.surefire.booter.ForkedBooter.runSuitesInProcess(ForkedBooter.java:428)
	at org.apache.maven.surefire.booter.ForkedBooter.execute(ForkedBooter.java:162)
	at org.apache.maven.surefire.booter.ForkedBooter.run(ForkedBooter.java:562)
	at org.apache.maven.surefire.booter.ForkedBooter.main(ForkedBooter.java:548)
Pass: 4K Video play back and fast forward is successful 
Click fast forward button for 10 seconds video forward
]]></system-err>
  </testcase>
  <testcase name="frontVideoRec" classname="TecnoSpark_8_Pro_KG8.Test10F_Int" time="2,167.38">
    <system-out><![CDATA[Test:Start
===================================================================================================================================================================================================================================================================================================================================================================================================================================================================================================================================================================================================================================================================================================================================
Test10F_Int Scenario is as follows
Launch Camera application and start front camera video recording for all host applicable resolutions in Internal storage
Playback front Highest recorded video from Internal storage for 30 seconds, pause video playback, lock mobile and wait 30 seconds, unlock mobile and playback video from pause video duration
Setting up the appium desired capabilities
===================================================================================================================================================================================================================================================================================================================================================================================================================================================================================================================================================================================================================================================================================================================================
Pass: No recent apps found
Launch Camera Application for rear camera video recording
Select on video
Test10F_Int_Fcam_res: 3 resolutions supported
Click On front camera mode
Select settings option
Select First front video resolution:  1080P
recordingDurationFront_Int = 580Seconds
Start video recording
Stop video recording
Select settings option
Select second front video resolution:  720P
recordingDurationFront_Int1 = 580Seconds
Start video recording
Stop video recording
Select settings option
Select third front video resolution: 2k
recordingDurationFront_Int2 = 580Seconds
Start video recording
Stop video recording
Click On back camera mode
Switch to defalut Photo mode
Pass: Test10F_Int pass for front camera video recording
===================================================================================================================================================================================================================================================================================================================================================================================================================================================================================================================================================================================================================================================================================================================================
Launch File Manager Application to verify captured videos
Select  Internal storage
swipe up and search for dcim
Select DCIM Folder
Select Camera Folder
Select More Options 
Click On Select All Options
Test10F_Int_Fcam_video: 3 Videos captured successfull
===================================================================================================================================================================================================================================================================================================================================================================================================================================================================================================================================================================================================================================================================================================================================
Calling VideoPlayBackForSleepWake()
Launch File Manager application and playback front recorded video from USD for 30 seconds, pause video playback, locking phone and unlock after 30 seconds delay and playback video from pause duration.
swipe up and search for Internal storage
Select External Storage
swipe up and search for dcim
//Select DCIM Folder
//Select  camera
select more options
Select Sort BY
Select Newest date first
Click on first file to play newest date frist recorded resolution video file in uInternal storage
Started video playback
Tap Somewhere on Screen for contents to visible on Screen
Lock Mobile with 30 seconds delay
Wait For 30Seconds
Unlock Mobile
Pause video 
Pass: Test10F_Int Pass for Front video play back, Pause,Lock and Unlock Phone Play back from Pause duration Scenario
===================================================================================================================================================================================================================================================================================================================================================================================================================================================================================================================================================================================================================================================================================================================================
Calling Data Move Operation
Re-launch file manager application and select Internal storage for data move operation, select all front camera videos present in camera folder and move to Test10F_Int folder
Select Internal storage
switch to grid view mode and select DCIM folder
Select DCIM folder
Select camera folder
switch to list view mode
Click More options
Click select all
Click More options
select move to option
select Internal storage
Select ADD NEW Folder option
Name folder as Test10F_Int
Accept create folder
Cut paste  video files operation completed successfully
Test10F_Int: Data move operation completed successfully
Pass: Test10F_Int Pass for data move operation successfully
===================================================================================================================================================================================================================================================================================================================================================================================================================================================================================================================================================================================================================================================================================================================================
Final Message: Pass Test10F_Int Pass for Pause Video Playback
Test: End
===================================================================================================================================================================================================================================================================================================================================================================================================================================================================================================================================================================================================================================================================================================================================
===================================================================================================================================================================================================================================================================================================================================================================================================================================================================================================================================================================================================================================================================================================================================
]]></system-out>
    <system-err><![CDATA[2023-02-27 13:27:34 INFO   io.appium.java_client.remote.AppiumCommandExecutor$1 lambda$0 Detected dialect: W3C
2023-02-27 13:27:42 INFO   io.appium.java_client.remote.AppiumCommandExecutor$1 lambda$0 Detected dialect: W3C
org.openqa.selenium.NoSuchElementException: An element could not be located on the page using the given search parameters.
For documentation on this error, please visit: https://www.seleniumhq.org/exceptions/no_such_element.html
Build info: version: '3.141.59', revision: 'e82be7d358', time: '2018-11-14T08:17:03'
System info: host: 'SD-APPS-090', ip: '10.65.148.57', os.name: 'Windows 10', os.arch: 'amd64', os.version: '10.0', java.version: '1.8.0_202'
Driver info: io.appium.java_client.android.AndroidDriver
Capabilities {automationName: UiAutomator2, databaseEnabled: false, desired: {automationName: UiAutomator2, deviceName: TECNO SPARK 8 Pro, newCommandTimeout: 1200, platformName: android, platformVersion: 11, udid: 07352311C7070602}, deviceApiLevel: 30, deviceManufacturer: TECNO MOBILE LIMITED, deviceModel: TECNO KG8, deviceName: 07352311C7070602, deviceScreenDensity: 480, deviceScreenSize: 1080x2460, deviceUDID: 07352311C7070602, javascriptEnabled: true, locationContextEnabled: false, networkConnectionEnabled: true, newCommandTimeout: 1200, pixelRatio: 3, platform: LINUX, platformName: Android, platformVersion: 11, statBarHeight: 108, takesScreenshot: true, udid: 07352311C7070602, viewportRect: {height: 2100, left: 0, top: 108, width: 1080}, warnings: {}, webStorageEnabled: false}
Session ID: 175b1e19-f02b-4cc8-9ecf-d32e355de2c8
*** Element info: {Using=xpath, value=//*[@content-desc='Clear all']}
	at sun.reflect.NativeConstructorAccessorImpl.newInstance0(Native Method)
	at sun.reflect.NativeConstructorAccessorImpl.newInstance(NativeConstructorAccessorImpl.java:62)
	at sun.reflect.DelegatingConstructorAccessorImpl.newInstance(DelegatingConstructorAccessorImpl.java:45)
	at java.lang.reflect.Constructor.newInstance(Constructor.java:423)
	at org.openqa.selenium.remote.http.W3CHttpResponseCodec.createException(W3CHttpResponseCodec.java:187)
	at org.openqa.selenium.remote.http.W3CHttpResponseCodec.decode(W3CHttpResponseCodec.java:122)
	at org.openqa.selenium.remote.http.W3CHttpResponseCodec.decode(W3CHttpResponseCodec.java:49)
	at org.openqa.selenium.remote.HttpCommandExecutor.execute(HttpCommandExecutor.java:158)
	at io.appium.java_client.remote.AppiumCommandExecutor.execute(AppiumCommandExecutor.java:239)
	at org.openqa.selenium.remote.RemoteWebDriver.execute(RemoteWebDriver.java:552)
	at io.appium.java_client.DefaultGenericMobileDriver.execute(DefaultGenericMobileDriver.java:42)
	at io.appium.java_client.AppiumDriver.execute(AppiumDriver.java:1)
	at io.appium.java_client.android.AndroidDriver.execute(AndroidDriver.java:1)
	at org.openqa.selenium.remote.RemoteWebDriver.findElement(RemoteWebDriver.java:323)
	at io.appium.java_client.DefaultGenericMobileDriver.findElement(DefaultGenericMobileDriver.java:62)
	at io.appium.java_client.AppiumDriver.findElement(AppiumDriver.java:1)
	at io.appium.java_client.android.AndroidDriver.findElement(AndroidDriver.java:1)
	at org.openqa.selenium.remote.RemoteWebDriver.findElementByXPath(RemoteWebDriver.java:428)
	at io.appium.java_client.DefaultGenericMobileDriver.findElementByXPath(DefaultGenericMobileDriver.java:152)
	at io.appium.java_client.AppiumDriver.findElementByXPath(AppiumDriver.java:1)
	at io.appium.java_client.android.AndroidDriver.findElementByXPath(AndroidDriver.java:1)
	at org.openqa.selenium.By$ByXPath.findElement(By.java:353)
	at org.openqa.selenium.remote.RemoteWebDriver.findElement(RemoteWebDriver.java:315)
	at io.appium.java_client.DefaultGenericMobileDriver.findElement(DefaultGenericMobileDriver.java:58)
	at io.appium.java_client.AppiumDriver.findElement(AppiumDriver.java:1)
	at io.appium.java_client.android.AndroidDriver.findElement(AndroidDriver.java:1)
	at TecnoSpark_8_Pro_KG8.Test10F_Int.frontVideoRec(Test10F_Int.java:93)
	at sun.reflect.NativeMethodAccessorImpl.invoke0(Native Method)
	at sun.reflect.NativeMethodAccessorImpl.invoke(NativeMethodAccessorImpl.java:62)
	at sun.reflect.DelegatingMethodAccessorImpl.invoke(DelegatingMethodAccessorImpl.java:43)
	at java.lang.reflect.Method.invoke(Method.java:498)
	at org.testng.internal.MethodInvocationHelper.invokeMethod(MethodInvocationHelper.java:80)
	at org.testng.internal.Invoker.invokeMethod(Invoker.java:673)
	at org.testng.internal.Invoker.invokeTestMethod(Invoker.java:842)
	at org.testng.internal.Invoker.invokeTestMethods(Invoker.java:1166)
	at org.testng.internal.TestMethodWorker.invokeTestMethods(TestMethodWorker.java:125)
	at org.testng.internal.TestMethodWorker.run(TestMethodWorker.java:109)
	at org.testng.TestRunner.runWorkers(TestRunner.java:1178)
	at org.testng.TestRunner.privateRun(TestRunner.java:757)
	at org.testng.TestRunner.run(TestRunner.java:608)
	at org.testng.SuiteRunner.runTest(SuiteRunner.java:334)
	at org.testng.SuiteRunner.runSequentially(SuiteRunner.java:329)
	at org.testng.SuiteRunner.privateRun(SuiteRunner.java:291)
	at org.testng.SuiteRunner.run(SuiteRunner.java:240)
	at org.testng.SuiteRunnerWorker.runSuite(SuiteRunnerWorker.java:52)
	at org.testng.SuiteRunnerWorker.run(SuiteRunnerWorker.java:86)
	at org.testng.TestNG.runSuitesSequentially(TestNG.java:1158)
	at org.testng.TestNG.runSuitesSequentially(TestNG.java:1154)
	at org.testng.TestNG.runSuitesLocally(TestNG.java:1083)
	at org.testng.TestNG.run(TestNG.java:999)
	at org.apache.maven.surefire.testng.TestNGExecutor.run(TestNGExecutor.java:284)
	at org.apache.maven.surefire.testng.TestNGXmlTestSuite.execute(TestNGXmlTestSuite.java:75)
	at org.apache.maven.surefire.testng.TestNGProvider.invoke(TestNGProvider.java:119)
	at org.apache.maven.surefire.booter.ForkedBooter.runSuitesInProcess(ForkedBooter.java:428)
	at org.apache.maven.surefire.booter.ForkedBooter.execute(ForkedBooter.java:162)
	at org.apache.maven.surefire.booter.ForkedBooter.run(ForkedBooter.java:562)
	at org.apache.maven.surefire.booter.ForkedBooter.main(ForkedBooter.java:548)
]]></system-err>
  </testcase>
  <testcase name="RearPictureCapture" classname="TecnoSpark_8_Pro_KG8.Test9_Int" time="2,485.745">
    <system-out><![CDATA[Test: Start
===================================================================================================================================================================================================================================================================================================================================================================================================================================================================================================================================================================================================================================================================================================================================
Test9_Int Scenario is follows:
Launch camera application, set Internal as a Storage option, start rear camera Image capture for all host resolutions
Setting up the appium desired capabilities
===================================================================================================================================================================================================================================================================================================================================================================================================================================================================================================================================================================================================================================================================================================================================
Launch Home Screen and Clear recent
Pass: No recent apps found
Launch Camera application for rear Picture capture for all host resolution
Test9_Int_Bcam_res: 3 resolutions supported
Select settings option
Select Image Resoution
Select first Image Resoution: 4:3 
totalPictureCountRear_Int = 100
clicking Image of 1st Resolutions ultra 4:3: 0
clicking Image of 1st Resolutions ultra 4:3: 1
clicking Image of 1st Resolutions ultra 4:3: 2
clicking Image of 1st Resolutions ultra 4:3: 3
clicking Image of 1st Resolutions ultra 4:3: 4
clicking Image of 1st Resolutions ultra 4:3: 5
clicking Image of 1st Resolutions ultra 4:3: 6
clicking Image of 1st Resolutions ultra 4:3: 7
clicking Image of 1st Resolutions ultra 4:3: 8
clicking Image of 1st Resolutions ultra 4:3: 9
clicking Image of 1st Resolutions ultra 4:3: 10
clicking Image of 1st Resolutions ultra 4:3: 11
clicking Image of 1st Resolutions ultra 4:3: 12
clicking Image of 1st Resolutions ultra 4:3: 13
clicking Image of 1st Resolutions ultra 4:3: 14
clicking Image of 1st Resolutions ultra 4:3: 15
clicking Image of 1st Resolutions ultra 4:3: 16
clicking Image of 1st Resolutions ultra 4:3: 17
clicking Image of 1st Resolutions ultra 4:3: 18
clicking Image of 1st Resolutions ultra 4:3: 19
clicking Image of 1st Resolutions ultra 4:3: 20
clicking Image of 1st Resolutions ultra 4:3: 21
clicking Image of 1st Resolutions ultra 4:3: 22
clicking Image of 1st Resolutions ultra 4:3: 23
clicking Image of 1st Resolutions ultra 4:3: 24
clicking Image of 1st Resolutions ultra 4:3: 25
clicking Image of 1st Resolutions ultra 4:3: 26
clicking Image of 1st Resolutions ultra 4:3: 27
clicking Image of 1st Resolutions ultra 4:3: 28
clicking Image of 1st Resolutions ultra 4:3: 29
clicking Image of 1st Resolutions ultra 4:3: 30
clicking Image of 1st Resolutions ultra 4:3: 31
clicking Image of 1st Resolutions ultra 4:3: 32
clicking Image of 1st Resolutions ultra 4:3: 33
clicking Image of 1st Resolutions ultra 4:3: 34
clicking Image of 1st Resolutions ultra 4:3: 35
clicking Image of 1st Resolutions ultra 4:3: 36
clicking Image of 1st Resolutions ultra 4:3: 37
clicking Image of 1st Resolutions ultra 4:3: 38
clicking Image of 1st Resolutions ultra 4:3: 39
clicking Image of 1st Resolutions ultra 4:3: 40
clicking Image of 1st Resolutions ultra 4:3: 41
clicking Image of 1st Resolutions ultra 4:3: 42
clicking Image of 1st Resolutions ultra 4:3: 43
clicking Image of 1st Resolutions ultra 4:3: 44
clicking Image of 1st Resolutions ultra 4:3: 45
clicking Image of 1st Resolutions ultra 4:3: 46
clicking Image of 1st Resolutions ultra 4:3: 47
clicking Image of 1st Resolutions ultra 4:3: 48
clicking Image of 1st Resolutions ultra 4:3: 49
clicking Image of 1st Resolutions ultra 4:3: 50
clicking Image of 1st Resolutions ultra 4:3: 51
clicking Image of 1st Resolutions ultra 4:3: 52
clicking Image of 1st Resolutions ultra 4:3: 53
clicking Image of 1st Resolutions ultra 4:3: 54
clicking Image of 1st Resolutions ultra 4:3: 55
clicking Image of 1st Resolutions ultra 4:3: 56
clicking Image of 1st Resolutions ultra 4:3: 57
clicking Image of 1st Resolutions ultra 4:3: 58
clicking Image of 1st Resolutions ultra 4:3: 59
clicking Image of 1st Resolutions ultra 4:3: 60
clicking Image of 1st Resolutions ultra 4:3: 61
clicking Image of 1st Resolutions ultra 4:3: 62
clicking Image of 1st Resolutions ultra 4:3: 63
clicking Image of 1st Resolutions ultra 4:3: 64
clicking Image of 1st Resolutions ultra 4:3: 65
clicking Image of 1st Resolutions ultra 4:3: 66
clicking Image of 1st Resolutions ultra 4:3: 67
clicking Image of 1st Resolutions ultra 4:3: 68
clicking Image of 1st Resolutions ultra 4:3: 69
clicking Image of 1st Resolutions ultra 4:3: 70
clicking Image of 1st Resolutions ultra 4:3: 71
clicking Image of 1st Resolutions ultra 4:3: 72
clicking Image of 1st Resolutions ultra 4:3: 73
clicking Image of 1st Resolutions ultra 4:3: 74
clicking Image of 1st Resolutions ultra 4:3: 75
clicking Image of 1st Resolutions ultra 4:3: 76
clicking Image of 1st Resolutions ultra 4:3: 77
clicking Image of 1st Resolutions ultra 4:3: 78
clicking Image of 1st Resolutions ultra 4:3: 79
clicking Image of 1st Resolutions ultra 4:3: 80
clicking Image of 1st Resolutions ultra 4:3: 81
clicking Image of 1st Resolutions ultra 4:3: 82
clicking Image of 1st Resolutions ultra 4:3: 83
clicking Image of 1st Resolutions ultra 4:3: 84
clicking Image of 1st Resolutions ultra 4:3: 85
clicking Image of 1st Resolutions ultra 4:3: 86
clicking Image of 1st Resolutions ultra 4:3: 87
clicking Image of 1st Resolutions ultra 4:3: 88
clicking Image of 1st Resolutions ultra 4:3: 89
clicking Image of 1st Resolutions ultra 4:3: 90
clicking Image of 1st Resolutions ultra 4:3: 91
clicking Image of 1st Resolutions ultra 4:3: 92
clicking Image of 1st Resolutions ultra 4:3: 93
clicking Image of 1st Resolutions ultra 4:3: 94
clicking Image of 1st Resolutions ultra 4:3: 95
clicking Image of 1st Resolutions ultra 4:3: 96
clicking Image of 1st Resolutions ultra 4:3: 97
clicking Image of 1st Resolutions ultra 4:3: 98
clicking Image of 1st Resolutions ultra 4:3: 99
Back camera first resolution:100 images Captured succesfull
Select settings option
Select Image Resoution
Select 2nd Image Resoution: 1:1 
totalPictureCountRear_Int1 = 100
clicking Image  Resolution 1:1: 0
clicking Image  Resolution 1:1: 1
clicking Image  Resolution 1:1: 2
clicking Image  Resolution 1:1: 3
clicking Image  Resolution 1:1: 4
clicking Image  Resolution 1:1: 5
clicking Image  Resolution 1:1: 6
clicking Image  Resolution 1:1: 7
clicking Image  Resolution 1:1: 8
clicking Image  Resolution 1:1: 9
clicking Image  Resolution 1:1: 10
clicking Image  Resolution 1:1: 11
clicking Image  Resolution 1:1: 12
clicking Image  Resolution 1:1: 13
clicking Image  Resolution 1:1: 14
clicking Image  Resolution 1:1: 15
clicking Image  Resolution 1:1: 16
clicking Image  Resolution 1:1: 17
clicking Image  Resolution 1:1: 18
clicking Image  Resolution 1:1: 19
clicking Image  Resolution 1:1: 20
clicking Image  Resolution 1:1: 21
clicking Image  Resolution 1:1: 22
clicking Image  Resolution 1:1: 23
clicking Image  Resolution 1:1: 24
clicking Image  Resolution 1:1: 25
clicking Image  Resolution 1:1: 26
clicking Image  Resolution 1:1: 27
clicking Image  Resolution 1:1: 28
clicking Image  Resolution 1:1: 29
clicking Image  Resolution 1:1: 30
clicking Image  Resolution 1:1: 31
clicking Image  Resolution 1:1: 32
clicking Image  Resolution 1:1: 33
clicking Image  Resolution 1:1: 34
clicking Image  Resolution 1:1: 35
clicking Image  Resolution 1:1: 36
clicking Image  Resolution 1:1: 37
clicking Image  Resolution 1:1: 38
clicking Image  Resolution 1:1: 39
clicking Image  Resolution 1:1: 40
clicking Image  Resolution 1:1: 41
clicking Image  Resolution 1:1: 42
clicking Image  Resolution 1:1: 43
clicking Image  Resolution 1:1: 44
clicking Image  Resolution 1:1: 45
clicking Image  Resolution 1:1: 46
clicking Image  Resolution 1:1: 47
clicking Image  Resolution 1:1: 48
clicking Image  Resolution 1:1: 49
clicking Image  Resolution 1:1: 50
clicking Image  Resolution 1:1: 51
clicking Image  Resolution 1:1: 52
clicking Image  Resolution 1:1: 53
clicking Image  Resolution 1:1: 54
clicking Image  Resolution 1:1: 55
clicking Image  Resolution 1:1: 56
clicking Image  Resolution 1:1: 57
clicking Image  Resolution 1:1: 58
clicking Image  Resolution 1:1: 59
clicking Image  Resolution 1:1: 60
clicking Image  Resolution 1:1: 61
clicking Image  Resolution 1:1: 62
clicking Image  Resolution 1:1: 63
clicking Image  Resolution 1:1: 64
clicking Image  Resolution 1:1: 65
clicking Image  Resolution 1:1: 66
clicking Image  Resolution 1:1: 67
clicking Image  Resolution 1:1: 68
clicking Image  Resolution 1:1: 69
clicking Image  Resolution 1:1: 70
clicking Image  Resolution 1:1: 71
clicking Image  Resolution 1:1: 72
clicking Image  Resolution 1:1: 73
clicking Image  Resolution 1:1: 74
clicking Image  Resolution 1:1: 75
clicking Image  Resolution 1:1: 76
clicking Image  Resolution 1:1: 77
clicking Image  Resolution 1:1: 78
clicking Image  Resolution 1:1: 79
clicking Image  Resolution 1:1: 80
clicking Image  Resolution 1:1: 81
clicking Image  Resolution 1:1: 82
clicking Image  Resolution 1:1: 83
clicking Image  Resolution 1:1: 84
clicking Image  Resolution 1:1: 85
clicking Image  Resolution 1:1: 86
clicking Image  Resolution 1:1: 87
clicking Image  Resolution 1:1: 88
clicking Image  Resolution 1:1: 89
clicking Image  Resolution 1:1: 90
clicking Image  Resolution 1:1: 91
clicking Image  Resolution 1:1: 92
clicking Image  Resolution 1:1: 93
clicking Image  Resolution 1:1: 94
clicking Image  Resolution 1:1: 95
clicking Image  Resolution 1:1: 96
clicking Image  Resolution 1:1: 97
clicking Image  Resolution 1:1: 98
clicking Image  Resolution 1:1: 99
Back camera second resolution:100 images Captured succesfull
Select settings option
Select Image Resoution
Select third Image Resoution: 20.5:9(7M) 3936x1728 
totalPictureCountRear_Int2 = 100
clicking Image of 3rd Resolutions : 0
clicking Image of 3rd Resolutions : 1
clicking Image of 3rd Resolutions : 2
clicking Image of 3rd Resolutions : 3
clicking Image of 3rd Resolutions : 4
clicking Image of 3rd Resolutions : 5
clicking Image of 3rd Resolutions : 6
clicking Image of 3rd Resolutions : 7
clicking Image of 3rd Resolutions : 8
clicking Image of 3rd Resolutions : 9
clicking Image of 3rd Resolutions : 10
clicking Image of 3rd Resolutions : 11
clicking Image of 3rd Resolutions : 12
clicking Image of 3rd Resolutions : 13
clicking Image of 3rd Resolutions : 14
clicking Image of 3rd Resolutions : 15
clicking Image of 3rd Resolutions : 16
clicking Image of 3rd Resolutions : 17
clicking Image of 3rd Resolutions : 18
clicking Image of 3rd Resolutions : 19
clicking Image of 3rd Resolutions : 20
clicking Image of 3rd Resolutions : 21
clicking Image of 3rd Resolutions : 22
clicking Image of 3rd Resolutions : 23
clicking Image of 3rd Resolutions : 24
clicking Image of 3rd Resolutions : 25
clicking Image of 3rd Resolutions : 26
clicking Image of 3rd Resolutions : 27
clicking Image of 3rd Resolutions : 28
clicking Image of 3rd Resolutions : 29
clicking Image of 3rd Resolutions : 30
clicking Image of 3rd Resolutions : 31
clicking Image of 3rd Resolutions : 32
clicking Image of 3rd Resolutions : 33
clicking Image of 3rd Resolutions : 34
clicking Image of 3rd Resolutions : 35
clicking Image of 3rd Resolutions : 36
clicking Image of 3rd Resolutions : 37
clicking Image of 3rd Resolutions : 38
clicking Image of 3rd Resolutions : 39
clicking Image of 3rd Resolutions : 40
clicking Image of 3rd Resolutions : 41
clicking Image of 3rd Resolutions : 42
clicking Image of 3rd Resolutions : 43
clicking Image of 3rd Resolutions : 44
clicking Image of 3rd Resolutions : 45
clicking Image of 3rd Resolutions : 46
clicking Image of 3rd Resolutions : 47
clicking Image of 3rd Resolutions : 48
clicking Image of 3rd Resolutions : 49
clicking Image of 3rd Resolutions : 50
clicking Image of 3rd Resolutions : 51
clicking Image of 3rd Resolutions : 52
clicking Image of 3rd Resolutions : 53
clicking Image of 3rd Resolutions : 54
clicking Image of 3rd Resolutions : 55
clicking Image of 3rd Resolutions : 56
clicking Image of 3rd Resolutions : 57
clicking Image of 3rd Resolutions : 58
clicking Image of 3rd Resolutions : 59
clicking Image of 3rd Resolutions : 60
clicking Image of 3rd Resolutions : 61
clicking Image of 3rd Resolutions : 62
clicking Image of 3rd Resolutions : 63
clicking Image of 3rd Resolutions : 64
clicking Image of 3rd Resolutions : 65
clicking Image of 3rd Resolutions : 66
clicking Image of 3rd Resolutions : 67
clicking Image of 3rd Resolutions : 68
clicking Image of 3rd Resolutions : 69
clicking Image of 3rd Resolutions : 70
clicking Image of 3rd Resolutions : 71
clicking Image of 3rd Resolutions : 72
clicking Image of 3rd Resolutions : 73
clicking Image of 3rd Resolutions : 74
clicking Image of 3rd Resolutions : 75
clicking Image of 3rd Resolutions : 76
clicking Image of 3rd Resolutions : 77
clicking Image of 3rd Resolutions : 78
clicking Image of 3rd Resolutions : 79
clicking Image of 3rd Resolutions : 80
clicking Image of 3rd Resolutions : 81
clicking Image of 3rd Resolutions : 82
clicking Image of 3rd Resolutions : 83
clicking Image of 3rd Resolutions : 84
clicking Image of 3rd Resolutions : 85
clicking Image of 3rd Resolutions : 86
clicking Image of 3rd Resolutions : 87
clicking Image of 3rd Resolutions : 88
clicking Image of 3rd Resolutions : 89
clicking Image of 3rd Resolutions : 90
clicking Image of 3rd Resolutions : 91
clicking Image of 3rd Resolutions : 92
clicking Image of 3rd Resolutions : 93
clicking Image of 3rd Resolutions : 94
clicking Image of 3rd Resolutions : 95
clicking Image of 3rd Resolutions : 96
clicking Image of 3rd Resolutions : 97
clicking Image of 3rd Resolutions : 98
clicking Image of 3rd Resolutions : 99
Back camera third resolution:100 images Captured succesfull
Total Count value: 300 images to be Captured 
Launch file manager application and verify recorded video present in Internal storage
Swipe up to select Internal storage
Select Internal storage
switch to grid view mode to select DCIM folder
Select DCIM Folder
Select camera folder
switch to list view mode
Click More options
Click select all
Total Image
Test9_Int_Bcam_image: 300 selected images Captured succesfull
Actual Value:300 selected
Interger value:300
Tolerance_Level = 75

Pass: Test9_Int pass for rear Image capture
Test9_Int Bcam_image: 300  images Captured succesfull
===================================================================================================================================================================================================================================================================================================================================================================================================================================================================================================================================================================================================================================================================================================================================
calling DataMoveOperation()
Re-launch file manager application and select Internal storage for data move operation, select all rear camera images files present in camera folder and move to Test9_Int folder
Select Internal storage
Click More options
Select ADD NEW Folder option
Name folder as Test9_Int
Select ADD NEW Folder option
switch to grid view mode and select DCIM folder
Swipe up to select DCIM
Select DCIM folder
Select camera folder
switch to list view mode
Click More options
Click select all
Click More options
select move to option
select Internal storage
select Test9_Int
Accept Move here
Cut paste  video files operation completed successfully
Test9_Int: Data move operation completed successfully
Pass: Test9_Int Pass for data move operation successfully
===================================================================================================================================================================================================================================================================================================================================================================================================================================================================================================================================================================================================================================================================================================================================
Final Message: Pass Test9_Int Pass for Rear camera image capture  successfully
Test: End
===================================================================================================================================================================================================================================================================================================================================================================================================================================================================================================================================================================================================================================================================================================================================
]]></system-out>
    <system-err><![CDATA[2023-02-27 14:03:50 INFO   io.appium.java_client.remote.AppiumCommandExecutor$1 lambda$0 Detected dialect: W3C
2023-02-27 14:04:03 INFO   io.appium.java_client.remote.AppiumCommandExecutor$1 lambda$0 Detected dialect: W3C
org.openqa.selenium.NoSuchElementException: An element could not be located on the page using the given search parameters.
For documentation on this error, please visit: https://www.seleniumhq.org/exceptions/no_such_element.html
Build info: version: '3.141.59', revision: 'e82be7d358', time: '2018-11-14T08:17:03'
System info: host: 'SD-APPS-090', ip: '10.65.148.57', os.name: 'Windows 10', os.arch: 'amd64', os.version: '10.0', java.version: '1.8.0_202'
Driver info: io.appium.java_client.android.AndroidDriver
Capabilities {automationName: UiAutomator2, databaseEnabled: false, desired: {automationName: UiAutomator2, deviceName: TECNO SPARK 8 Pro, newCommandTimeout: 600, platformName: android, platformVersion: 11, udid: 07352311C7070602}, deviceApiLevel: 30, deviceManufacturer: TECNO MOBILE LIMITED, deviceModel: TECNO KG8, deviceName: 07352311C7070602, deviceScreenDensity: 480, deviceScreenSize: 1080x2460, deviceUDID: 07352311C7070602, javascriptEnabled: true, locationContextEnabled: false, networkConnectionEnabled: true, newCommandTimeout: 600, pixelRatio: 3, platform: LINUX, platformName: Android, platformVersion: 11, statBarHeight: 108, takesScreenshot: true, udid: 07352311C7070602, viewportRect: {height: 2100, left: 0, top: 108, width: 1080}, warnings: {}, webStorageEnabled: false}
Session ID: f96c839e-9683-4d0f-90d3-73078bbc8091
*** Element info: {Using=xpath, value=//*[@content-desc='Clear all']}
	at sun.reflect.NativeConstructorAccessorImpl.newInstance0(Native Method)
	at sun.reflect.NativeConstructorAccessorImpl.newInstance(NativeConstructorAccessorImpl.java:62)
	at sun.reflect.DelegatingConstructorAccessorImpl.newInstance(DelegatingConstructorAccessorImpl.java:45)
	at java.lang.reflect.Constructor.newInstance(Constructor.java:423)
	at org.openqa.selenium.remote.http.W3CHttpResponseCodec.createException(W3CHttpResponseCodec.java:187)
	at org.openqa.selenium.remote.http.W3CHttpResponseCodec.decode(W3CHttpResponseCodec.java:122)
	at org.openqa.selenium.remote.http.W3CHttpResponseCodec.decode(W3CHttpResponseCodec.java:49)
	at org.openqa.selenium.remote.HttpCommandExecutor.execute(HttpCommandExecutor.java:158)
	at io.appium.java_client.remote.AppiumCommandExecutor.execute(AppiumCommandExecutor.java:239)
	at org.openqa.selenium.remote.RemoteWebDriver.execute(RemoteWebDriver.java:552)
	at io.appium.java_client.DefaultGenericMobileDriver.execute(DefaultGenericMobileDriver.java:42)
	at io.appium.java_client.AppiumDriver.execute(AppiumDriver.java:1)
	at io.appium.java_client.android.AndroidDriver.execute(AndroidDriver.java:1)
	at org.openqa.selenium.remote.RemoteWebDriver.findElement(RemoteWebDriver.java:323)
	at io.appium.java_client.DefaultGenericMobileDriver.findElement(DefaultGenericMobileDriver.java:62)
	at io.appium.java_client.AppiumDriver.findElement(AppiumDriver.java:1)
	at io.appium.java_client.android.AndroidDriver.findElement(AndroidDriver.java:1)
	at org.openqa.selenium.remote.RemoteWebDriver.findElementByXPath(RemoteWebDriver.java:428)
	at io.appium.java_client.DefaultGenericMobileDriver.findElementByXPath(DefaultGenericMobileDriver.java:152)
	at io.appium.java_client.AppiumDriver.findElementByXPath(AppiumDriver.java:1)
	at io.appium.java_client.android.AndroidDriver.findElementByXPath(AndroidDriver.java:1)
	at org.openqa.selenium.By$ByXPath.findElement(By.java:353)
	at org.openqa.selenium.remote.RemoteWebDriver.findElement(RemoteWebDriver.java:315)
	at io.appium.java_client.DefaultGenericMobileDriver.findElement(DefaultGenericMobileDriver.java:58)
	at io.appium.java_client.AppiumDriver.findElement(AppiumDriver.java:1)
	at io.appium.java_client.android.AndroidDriver.findElement(AndroidDriver.java:1)
	at TecnoSpark_8_Pro_KG8.Test9_Int.RearPictureCapture(Test9_Int.java:91)
	at sun.reflect.NativeMethodAccessorImpl.invoke0(Native Method)
	at sun.reflect.NativeMethodAccessorImpl.invoke(NativeMethodAccessorImpl.java:62)
	at sun.reflect.DelegatingMethodAccessorImpl.invoke(DelegatingMethodAccessorImpl.java:43)
	at java.lang.reflect.Method.invoke(Method.java:498)
	at org.testng.internal.MethodInvocationHelper.invokeMethod(MethodInvocationHelper.java:80)
	at org.testng.internal.Invoker.invokeMethod(Invoker.java:673)
	at org.testng.internal.Invoker.invokeTestMethod(Invoker.java:842)
	at org.testng.internal.Invoker.invokeTestMethods(Invoker.java:1166)
	at org.testng.internal.TestMethodWorker.invokeTestMethods(TestMethodWorker.java:125)
	at org.testng.internal.TestMethodWorker.run(TestMethodWorker.java:109)
	at org.testng.TestRunner.runWorkers(TestRunner.java:1178)
	at org.testng.TestRunner.privateRun(TestRunner.java:757)
	at org.testng.TestRunner.run(TestRunner.java:608)
	at org.testng.SuiteRunner.runTest(SuiteRunner.java:334)
	at org.testng.SuiteRunner.runSequentially(SuiteRunner.java:329)
	at org.testng.SuiteRunner.privateRun(SuiteRunner.java:291)
	at org.testng.SuiteRunner.run(SuiteRunner.java:240)
	at org.testng.SuiteRunnerWorker.runSuite(SuiteRunnerWorker.java:52)
	at org.testng.SuiteRunnerWorker.run(SuiteRunnerWorker.java:86)
	at org.testng.TestNG.runSuitesSequentially(TestNG.java:1158)
	at org.testng.TestNG.runSuitesSequentially(TestNG.java:1154)
	at org.testng.TestNG.runSuitesLocally(TestNG.java:1083)
	at org.testng.TestNG.run(TestNG.java:999)
	at org.apache.maven.surefire.testng.TestNGExecutor.run(TestNGExecutor.java:284)
	at org.apache.maven.surefire.testng.TestNGXmlTestSuite.execute(TestNGXmlTestSuite.java:75)
	at org.apache.maven.surefire.testng.TestNGProvider.invoke(TestNGProvider.java:119)
	at org.apache.maven.surefire.booter.ForkedBooter.runSuitesInProcess(ForkedBooter.java:428)
	at org.apache.maven.surefire.booter.ForkedBooter.execute(ForkedBooter.java:162)
	at org.apache.maven.surefire.booter.ForkedBooter.run(ForkedBooter.java:562)
	at org.apache.maven.surefire.booter.ForkedBooter.main(ForkedBooter.java:548)
org.openqa.selenium.NoSuchElementException: An element could not be located on the page using the given search parameters.
For documentation on this error, please visit: https://www.seleniumhq.org/exceptions/no_such_element.html
Build info: version: '3.141.59', revision: 'e82be7d358', time: '2018-11-14T08:17:03'
System info: host: 'SD-APPS-090', ip: '10.65.148.57', os.name: 'Windows 10', os.arch: 'amd64', os.version: '10.0', java.version: '1.8.0_202'
Driver info: io.appium.java_client.android.AndroidDriver
Capabilities {automationName: UiAutomator2, databaseEnabled: false, desired: {automationName: UiAutomator2, deviceName: TECNO SPARK 8 Pro, newCommandTimeout: 600, platformName: android, platformVersion: 11, udid: 07352311C7070602}, deviceApiLevel: 30, deviceManufacturer: TECNO MOBILE LIMITED, deviceModel: TECNO KG8, deviceName: 07352311C7070602, deviceScreenDensity: 480, deviceScreenSize: 1080x2460, deviceUDID: 07352311C7070602, javascriptEnabled: true, locationContextEnabled: false, networkConnectionEnabled: true, newCommandTimeout: 600, pixelRatio: 3, platform: LINUX, platformName: Android, platformVersion: 11, statBarHeight: 108, takesScreenshot: true, udid: 07352311C7070602, viewportRect: {height: 2100, left: 0, top: 108, width: 1080}, warnings: {}, webStorageEnabled: false}
Session ID: f96c839e-9683-4d0f-90d3-73078bbc8091
*** Element info: {Using=xpath, value=//*[@resource-id='com.google.android.apps.nbu.files:id/agree_button']}
	at sun.reflect.NativeConstructorAccessorImpl.newInstance0(Native Method)
	at sun.reflect.NativeConstructorAccessorImpl.newInstance(NativeConstructorAccessorImpl.java:62)
	at sun.reflect.DelegatingConstructorAccessorImpl.newInstance(DelegatingConstructorAccessorImpl.java:45)
	at java.lang.reflect.Constructor.newInstance(Constructor.java:423)
	at org.openqa.selenium.remote.http.W3CHttpResponseCodec.createException(W3CHttpResponseCodec.java:187)
	at org.openqa.selenium.remote.http.W3CHttpResponseCodec.decode(W3CHttpResponseCodec.java:122)
	at org.openqa.selenium.remote.http.W3CHttpResponseCodec.decode(W3CHttpResponseCodec.java:49)
	at org.openqa.selenium.remote.HttpCommandExecutor.execute(HttpCommandExecutor.java:158)
	at io.appium.java_client.remote.AppiumCommandExecutor.execute(AppiumCommandExecutor.java:239)
	at org.openqa.selenium.remote.RemoteWebDriver.execute(RemoteWebDriver.java:552)
	at io.appium.java_client.DefaultGenericMobileDriver.execute(DefaultGenericMobileDriver.java:42)
	at io.appium.java_client.AppiumDriver.execute(AppiumDriver.java:1)
	at io.appium.java_client.android.AndroidDriver.execute(AndroidDriver.java:1)
	at org.openqa.selenium.remote.RemoteWebDriver.findElement(RemoteWebDriver.java:323)
	at io.appium.java_client.DefaultGenericMobileDriver.findElement(DefaultGenericMobileDriver.java:62)
	at io.appium.java_client.AppiumDriver.findElement(AppiumDriver.java:1)
	at io.appium.java_client.android.AndroidDriver.findElement(AndroidDriver.java:1)
	at org.openqa.selenium.remote.RemoteWebDriver.findElementByXPath(RemoteWebDriver.java:428)
	at io.appium.java_client.DefaultGenericMobileDriver.findElementByXPath(DefaultGenericMobileDriver.java:152)
	at io.appium.java_client.AppiumDriver.findElementByXPath(AppiumDriver.java:1)
	at io.appium.java_client.android.AndroidDriver.findElementByXPath(AndroidDriver.java:1)
	at org.openqa.selenium.By$ByXPath.findElement(By.java:353)
	at org.openqa.selenium.remote.RemoteWebDriver.findElement(RemoteWebDriver.java:315)
	at io.appium.java_client.DefaultGenericMobileDriver.findElement(DefaultGenericMobileDriver.java:58)
	at io.appium.java_client.AppiumDriver.findElement(AppiumDriver.java:1)
	at io.appium.java_client.android.AndroidDriver.findElement(AndroidDriver.java:1)
	at TecnoSpark_8_Pro_KG8.Test9_Int.RearPictureCapture(Test9_Int.java:245)
	at sun.reflect.NativeMethodAccessorImpl.invoke0(Native Method)
	at sun.reflect.NativeMethodAccessorImpl.invoke(NativeMethodAccessorImpl.java:62)
	at sun.reflect.DelegatingMethodAccessorImpl.invoke(DelegatingMethodAccessorImpl.java:43)
	at java.lang.reflect.Method.invoke(Method.java:498)
	at org.testng.internal.MethodInvocationHelper.invokeMethod(MethodInvocationHelper.java:80)
	at org.testng.internal.Invoker.invokeMethod(Invoker.java:673)
	at org.testng.internal.Invoker.invokeTestMethod(Invoker.java:842)
	at org.testng.internal.Invoker.invokeTestMethods(Invoker.java:1166)
	at org.testng.internal.TestMethodWorker.invokeTestMethods(TestMethodWorker.java:125)
	at org.testng.internal.TestMethodWorker.run(TestMethodWorker.java:109)
	at org.testng.TestRunner.runWorkers(TestRunner.java:1178)
	at org.testng.TestRunner.privateRun(TestRunner.java:757)
	at org.testng.TestRunner.run(TestRunner.java:608)
	at org.testng.SuiteRunner.runTest(SuiteRunner.java:334)
	at org.testng.SuiteRunner.runSequentially(SuiteRunner.java:329)
	at org.testng.SuiteRunner.privateRun(SuiteRunner.java:291)
	at org.testng.SuiteRunner.run(SuiteRunner.java:240)
	at org.testng.SuiteRunnerWorker.runSuite(SuiteRunnerWorker.java:52)
	at org.testng.SuiteRunnerWorker.run(SuiteRunnerWorker.java:86)
	at org.testng.TestNG.runSuitesSequentially(TestNG.java:1158)
	at org.testng.TestNG.runSuitesSequentially(TestNG.java:1154)
	at org.testng.TestNG.runSuitesLocally(TestNG.java:1083)
	at org.testng.TestNG.run(TestNG.java:999)
	at org.apache.maven.surefire.testng.TestNGExecutor.run(TestNGExecutor.java:284)
	at org.apache.maven.surefire.testng.TestNGXmlTestSuite.execute(TestNGXmlTestSuite.java:75)
	at org.apache.maven.surefire.testng.TestNGProvider.invoke(TestNGProvider.java:119)
	at org.apache.maven.surefire.booter.ForkedBooter.runSuitesInProcess(ForkedBooter.java:428)
	at org.apache.maven.surefire.booter.ForkedBooter.execute(ForkedBooter.java:162)
	at org.apache.maven.surefire.booter.ForkedBooter.run(ForkedBooter.java:562)
	at org.apache.maven.surefire.booter.ForkedBooter.main(ForkedBooter.java:548)
]]></system-err>
  </testcase>
  <testcase name="FrontPictureCapture" classname="TecnoSpark_8_Pro_KG8.Test9F_Int" time="2,531.105">
    <system-out><![CDATA[===================================================================================================================================================================================================================================================================================================================================================================================================================================================================================================================================================================================================================================================================================================================================
Test9F_Int Scenario is as follows:
Launch camera application, set Internal as a Storage option, start Front camera image picture capture for all Host front resolutions
Setting up the appium desired capabilities
===================================================================================================================================================================================================================================================================================================================================================================================================================================================================================================================================================================================================================================================================================================================================
Launch Home screen and Clear recent apps
Pass: No recent apps found
Launch Camera Application for Front camera picture Capture for all Host resolutions
Test9F_Int_Fcam_res: 3 resolutions supported
Click On front camera mode
Select camera Resolution
Select Image Resoution
Select first Image Resoution: 4:3 
totalPictureCountFront_Int = 100
clicking Image of 1st Resolutions4:3 : 0
clicking Image of 1st Resolutions4:3 : 1
clicking Image of 1st Resolutions4:3 : 2
clicking Image of 1st Resolutions4:3 : 3
clicking Image of 1st Resolutions4:3 : 4
clicking Image of 1st Resolutions4:3 : 5
clicking Image of 1st Resolutions4:3 : 6
clicking Image of 1st Resolutions4:3 : 7
clicking Image of 1st Resolutions4:3 : 8
clicking Image of 1st Resolutions4:3 : 9
clicking Image of 1st Resolutions4:3 : 10
clicking Image of 1st Resolutions4:3 : 11
clicking Image of 1st Resolutions4:3 : 12
clicking Image of 1st Resolutions4:3 : 13
clicking Image of 1st Resolutions4:3 : 14
clicking Image of 1st Resolutions4:3 : 15
clicking Image of 1st Resolutions4:3 : 16
clicking Image of 1st Resolutions4:3 : 17
clicking Image of 1st Resolutions4:3 : 18
clicking Image of 1st Resolutions4:3 : 19
clicking Image of 1st Resolutions4:3 : 20
clicking Image of 1st Resolutions4:3 : 21
clicking Image of 1st Resolutions4:3 : 22
clicking Image of 1st Resolutions4:3 : 23
clicking Image of 1st Resolutions4:3 : 24
clicking Image of 1st Resolutions4:3 : 25
clicking Image of 1st Resolutions4:3 : 26
clicking Image of 1st Resolutions4:3 : 27
clicking Image of 1st Resolutions4:3 : 28
clicking Image of 1st Resolutions4:3 : 29
clicking Image of 1st Resolutions4:3 : 30
clicking Image of 1st Resolutions4:3 : 31
clicking Image of 1st Resolutions4:3 : 32
clicking Image of 1st Resolutions4:3 : 33
clicking Image of 1st Resolutions4:3 : 34
clicking Image of 1st Resolutions4:3 : 35
clicking Image of 1st Resolutions4:3 : 36
clicking Image of 1st Resolutions4:3 : 37
clicking Image of 1st Resolutions4:3 : 38
clicking Image of 1st Resolutions4:3 : 39
clicking Image of 1st Resolutions4:3 : 40
clicking Image of 1st Resolutions4:3 : 41
clicking Image of 1st Resolutions4:3 : 42
clicking Image of 1st Resolutions4:3 : 43
clicking Image of 1st Resolutions4:3 : 44
clicking Image of 1st Resolutions4:3 : 45
clicking Image of 1st Resolutions4:3 : 46
clicking Image of 1st Resolutions4:3 : 47
clicking Image of 1st Resolutions4:3 : 48
clicking Image of 1st Resolutions4:3 : 49
clicking Image of 1st Resolutions4:3 : 50
clicking Image of 1st Resolutions4:3 : 51
clicking Image of 1st Resolutions4:3 : 52
clicking Image of 1st Resolutions4:3 : 53
clicking Image of 1st Resolutions4:3 : 54
clicking Image of 1st Resolutions4:3 : 55
clicking Image of 1st Resolutions4:3 : 56
clicking Image of 1st Resolutions4:3 : 57
clicking Image of 1st Resolutions4:3 : 58
clicking Image of 1st Resolutions4:3 : 59
clicking Image of 1st Resolutions4:3 : 60
clicking Image of 1st Resolutions4:3 : 61
clicking Image of 1st Resolutions4:3 : 62
clicking Image of 1st Resolutions4:3 : 63
clicking Image of 1st Resolutions4:3 : 64
clicking Image of 1st Resolutions4:3 : 65
clicking Image of 1st Resolutions4:3 : 66
clicking Image of 1st Resolutions4:3 : 67
clicking Image of 1st Resolutions4:3 : 68
clicking Image of 1st Resolutions4:3 : 69
clicking Image of 1st Resolutions4:3 : 70
clicking Image of 1st Resolutions4:3 : 71
clicking Image of 1st Resolutions4:3 : 72
clicking Image of 1st Resolutions4:3 : 73
clicking Image of 1st Resolutions4:3 : 74
clicking Image of 1st Resolutions4:3 : 75
clicking Image of 1st Resolutions4:3 : 76
clicking Image of 1st Resolutions4:3 : 77
clicking Image of 1st Resolutions4:3 : 78
clicking Image of 1st Resolutions4:3 : 79
clicking Image of 1st Resolutions4:3 : 80
clicking Image of 1st Resolutions4:3 : 81
clicking Image of 1st Resolutions4:3 : 82
clicking Image of 1st Resolutions4:3 : 83
clicking Image of 1st Resolutions4:3 : 84
clicking Image of 1st Resolutions4:3 : 85
clicking Image of 1st Resolutions4:3 : 86
clicking Image of 1st Resolutions4:3 : 87
clicking Image of 1st Resolutions4:3 : 88
clicking Image of 1st Resolutions4:3 : 89
clicking Image of 1st Resolutions4:3 : 90
clicking Image of 1st Resolutions4:3 : 91
clicking Image of 1st Resolutions4:3 : 92
clicking Image of 1st Resolutions4:3 : 93
clicking Image of 1st Resolutions4:3 : 94
clicking Image of 1st Resolutions4:3 : 95
clicking Image of 1st Resolutions4:3 : 96
clicking Image of 1st Resolutions4:3 : 97
clicking Image of 1st Resolutions4:3 : 98
clicking Image of 1st Resolutions4:3 : 99
front camera first resolution:100 images Captured succesfull
Select camera Resolution
Select Image Resoution
Select second Image Resoution: 1:!
totalPictureCountFront_Int1 = 100
clicking Image of 2nd Resolutions 1:1 : 0
clicking Image of 2nd Resolutions 1:1 : 1
clicking Image of 2nd Resolutions 1:1 : 2
clicking Image of 2nd Resolutions 1:1 : 3
clicking Image of 2nd Resolutions 1:1 : 4
clicking Image of 2nd Resolutions 1:1 : 5
clicking Image of 2nd Resolutions 1:1 : 6
clicking Image of 2nd Resolutions 1:1 : 7
clicking Image of 2nd Resolutions 1:1 : 8
clicking Image of 2nd Resolutions 1:1 : 9
clicking Image of 2nd Resolutions 1:1 : 10
clicking Image of 2nd Resolutions 1:1 : 11
clicking Image of 2nd Resolutions 1:1 : 12
clicking Image of 2nd Resolutions 1:1 : 13
clicking Image of 2nd Resolutions 1:1 : 14
clicking Image of 2nd Resolutions 1:1 : 15
clicking Image of 2nd Resolutions 1:1 : 16
clicking Image of 2nd Resolutions 1:1 : 17
clicking Image of 2nd Resolutions 1:1 : 18
clicking Image of 2nd Resolutions 1:1 : 19
clicking Image of 2nd Resolutions 1:1 : 20
clicking Image of 2nd Resolutions 1:1 : 21
clicking Image of 2nd Resolutions 1:1 : 22
clicking Image of 2nd Resolutions 1:1 : 23
clicking Image of 2nd Resolutions 1:1 : 24
clicking Image of 2nd Resolutions 1:1 : 25
clicking Image of 2nd Resolutions 1:1 : 26
clicking Image of 2nd Resolutions 1:1 : 27
clicking Image of 2nd Resolutions 1:1 : 28
clicking Image of 2nd Resolutions 1:1 : 29
clicking Image of 2nd Resolutions 1:1 : 30
clicking Image of 2nd Resolutions 1:1 : 31
clicking Image of 2nd Resolutions 1:1 : 32
clicking Image of 2nd Resolutions 1:1 : 33
clicking Image of 2nd Resolutions 1:1 : 34
clicking Image of 2nd Resolutions 1:1 : 35
clicking Image of 2nd Resolutions 1:1 : 36
clicking Image of 2nd Resolutions 1:1 : 37
clicking Image of 2nd Resolutions 1:1 : 38
clicking Image of 2nd Resolutions 1:1 : 39
clicking Image of 2nd Resolutions 1:1 : 40
clicking Image of 2nd Resolutions 1:1 : 41
clicking Image of 2nd Resolutions 1:1 : 42
clicking Image of 2nd Resolutions 1:1 : 43
clicking Image of 2nd Resolutions 1:1 : 44
clicking Image of 2nd Resolutions 1:1 : 45
clicking Image of 2nd Resolutions 1:1 : 46
clicking Image of 2nd Resolutions 1:1 : 47
clicking Image of 2nd Resolutions 1:1 : 48
clicking Image of 2nd Resolutions 1:1 : 49
clicking Image of 2nd Resolutions 1:1 : 50
clicking Image of 2nd Resolutions 1:1 : 51
clicking Image of 2nd Resolutions 1:1 : 52
clicking Image of 2nd Resolutions 1:1 : 53
clicking Image of 2nd Resolutions 1:1 : 54
clicking Image of 2nd Resolutions 1:1 : 55
clicking Image of 2nd Resolutions 1:1 : 56
clicking Image of 2nd Resolutions 1:1 : 57
clicking Image of 2nd Resolutions 1:1 : 58
clicking Image of 2nd Resolutions 1:1 : 59
clicking Image of 2nd Resolutions 1:1 : 60
clicking Image of 2nd Resolutions 1:1 : 61
clicking Image of 2nd Resolutions 1:1 : 62
clicking Image of 2nd Resolutions 1:1 : 63
clicking Image of 2nd Resolutions 1:1 : 64
clicking Image of 2nd Resolutions 1:1 : 65
clicking Image of 2nd Resolutions 1:1 : 66
clicking Image of 2nd Resolutions 1:1 : 67
clicking Image of 2nd Resolutions 1:1 : 68
clicking Image of 2nd Resolutions 1:1 : 69
clicking Image of 2nd Resolutions 1:1 : 70
clicking Image of 2nd Resolutions 1:1 : 71
clicking Image of 2nd Resolutions 1:1 : 72
clicking Image of 2nd Resolutions 1:1 : 73
clicking Image of 2nd Resolutions 1:1 : 74
clicking Image of 2nd Resolutions 1:1 : 75
clicking Image of 2nd Resolutions 1:1 : 76
clicking Image of 2nd Resolutions 1:1 : 77
clicking Image of 2nd Resolutions 1:1 : 78
clicking Image of 2nd Resolutions 1:1 : 79
clicking Image of 2nd Resolutions 1:1 : 80
clicking Image of 2nd Resolutions 1:1 : 81
clicking Image of 2nd Resolutions 1:1 : 82
clicking Image of 2nd Resolutions 1:1 : 83
clicking Image of 2nd Resolutions 1:1 : 84
clicking Image of 2nd Resolutions 1:1 : 85
clicking Image of 2nd Resolutions 1:1 : 86
clicking Image of 2nd Resolutions 1:1 : 87
clicking Image of 2nd Resolutions 1:1 : 88
clicking Image of 2nd Resolutions 1:1 : 89
clicking Image of 2nd Resolutions 1:1 : 90
clicking Image of 2nd Resolutions 1:1 : 91
clicking Image of 2nd Resolutions 1:1 : 92
clicking Image of 2nd Resolutions 1:1 : 93
clicking Image of 2nd Resolutions 1:1 : 94
clicking Image of 2nd Resolutions 1:1 : 95
clicking Image of 2nd Resolutions 1:1 : 96
clicking Image of 2nd Resolutions 1:1 : 97
clicking Image of 2nd Resolutions 1:1 : 98
clicking Image of 2nd Resolutions 1:1 : 99
front camera second resolution:100 images Captured succesfull
Select camera Resolution
Select Image Resoution
Select third Image Resoution: 20:9
totalPictureCountFront_Int2 = 100
clicking Image of 3rd ResolutionsFull: 0
clicking Image of 3rd ResolutionsFull: 1
clicking Image of 3rd ResolutionsFull: 2
clicking Image of 3rd ResolutionsFull: 3
clicking Image of 3rd ResolutionsFull: 4
clicking Image of 3rd ResolutionsFull: 5
clicking Image of 3rd ResolutionsFull: 6
clicking Image of 3rd ResolutionsFull: 7
clicking Image of 3rd ResolutionsFull: 8
clicking Image of 3rd ResolutionsFull: 9
clicking Image of 3rd ResolutionsFull: 10
clicking Image of 3rd ResolutionsFull: 11
clicking Image of 3rd ResolutionsFull: 12
clicking Image of 3rd ResolutionsFull: 13
clicking Image of 3rd ResolutionsFull: 14
clicking Image of 3rd ResolutionsFull: 15
clicking Image of 3rd ResolutionsFull: 16
clicking Image of 3rd ResolutionsFull: 17
clicking Image of 3rd ResolutionsFull: 18
clicking Image of 3rd ResolutionsFull: 19
clicking Image of 3rd ResolutionsFull: 20
clicking Image of 3rd ResolutionsFull: 21
clicking Image of 3rd ResolutionsFull: 22
clicking Image of 3rd ResolutionsFull: 23
clicking Image of 3rd ResolutionsFull: 24
clicking Image of 3rd ResolutionsFull: 25
clicking Image of 3rd ResolutionsFull: 26
clicking Image of 3rd ResolutionsFull: 27
clicking Image of 3rd ResolutionsFull: 28
clicking Image of 3rd ResolutionsFull: 29
clicking Image of 3rd ResolutionsFull: 30
clicking Image of 3rd ResolutionsFull: 31
clicking Image of 3rd ResolutionsFull: 32
clicking Image of 3rd ResolutionsFull: 33
clicking Image of 3rd ResolutionsFull: 34
clicking Image of 3rd ResolutionsFull: 35
clicking Image of 3rd ResolutionsFull: 36
clicking Image of 3rd ResolutionsFull: 37
clicking Image of 3rd ResolutionsFull: 38
clicking Image of 3rd ResolutionsFull: 39
clicking Image of 3rd ResolutionsFull: 40
clicking Image of 3rd ResolutionsFull: 41
clicking Image of 3rd ResolutionsFull: 42
clicking Image of 3rd ResolutionsFull: 43
clicking Image of 3rd ResolutionsFull: 44
clicking Image of 3rd ResolutionsFull: 45
clicking Image of 3rd ResolutionsFull: 46
clicking Image of 3rd ResolutionsFull: 47
clicking Image of 3rd ResolutionsFull: 48
clicking Image of 3rd ResolutionsFull: 49
clicking Image of 3rd ResolutionsFull: 50
clicking Image of 3rd ResolutionsFull: 51
clicking Image of 3rd ResolutionsFull: 52
clicking Image of 3rd ResolutionsFull: 53
clicking Image of 3rd ResolutionsFull: 54
clicking Image of 3rd ResolutionsFull: 55
clicking Image of 3rd ResolutionsFull: 56
clicking Image of 3rd ResolutionsFull: 57
clicking Image of 3rd ResolutionsFull: 58
clicking Image of 3rd ResolutionsFull: 59
clicking Image of 3rd ResolutionsFull: 60
clicking Image of 3rd ResolutionsFull: 61
clicking Image of 3rd ResolutionsFull: 62
clicking Image of 3rd ResolutionsFull: 63
clicking Image of 3rd ResolutionsFull: 64
clicking Image of 3rd ResolutionsFull: 65
clicking Image of 3rd ResolutionsFull: 66
clicking Image of 3rd ResolutionsFull: 67
clicking Image of 3rd ResolutionsFull: 68
clicking Image of 3rd ResolutionsFull: 69
clicking Image of 3rd ResolutionsFull: 70
clicking Image of 3rd ResolutionsFull: 71
clicking Image of 3rd ResolutionsFull: 72
clicking Image of 3rd ResolutionsFull: 73
clicking Image of 3rd ResolutionsFull: 74
clicking Image of 3rd ResolutionsFull: 75
clicking Image of 3rd ResolutionsFull: 76
clicking Image of 3rd ResolutionsFull: 77
clicking Image of 3rd ResolutionsFull: 78
clicking Image of 3rd ResolutionsFull: 79
clicking Image of 3rd ResolutionsFull: 80
clicking Image of 3rd ResolutionsFull: 81
clicking Image of 3rd ResolutionsFull: 82
clicking Image of 3rd ResolutionsFull: 83
clicking Image of 3rd ResolutionsFull: 84
clicking Image of 3rd ResolutionsFull: 85
clicking Image of 3rd ResolutionsFull: 86
clicking Image of 3rd ResolutionsFull: 87
clicking Image of 3rd ResolutionsFull: 88
clicking Image of 3rd ResolutionsFull: 89
clicking Image of 3rd ResolutionsFull: 90
clicking Image of 3rd ResolutionsFull: 91
clicking Image of 3rd ResolutionsFull: 92
clicking Image of 3rd ResolutionsFull: 93
clicking Image of 3rd ResolutionsFull: 94
clicking Image of 3rd ResolutionsFull: 95
clicking Image of 3rd ResolutionsFull: 96
clicking Image of 3rd ResolutionsFull: 97
clicking Image of 3rd ResolutionsFull: 98
clicking Image of 3rd ResolutionsFull: 99
front camera third resolution:100 images Captured succesfull
Total Count value:300 images to be Captured 
Click On front camera mode
Launch file manager application and verify captured images present in Internal storage
Swipe up to select Internal storage
Select Internal storage
switch to grid view mode to select DCIM folder
Select DCIM Folder
Select camera folder
switch to list view mode
Click More options
Click select all
Total Image
Test9F_Int_Fcam_image: 300 selected images Captured succesfull
Actual Value:300 selected
Interger value:300
Tolerance_Level = 75

Pass: Test9F_Int pass for rear Image capture
Test9F_Int Fcam_image: 300  images Captured succesfull
===================================================================================================================================================================================================================================================================================================================================================================================================================================================================================================================================================================================================================================================================================================================================
calling DataMoveOperation()
Re-launch file manager application and select Internal storage for data move operation, select all front camera images files present in camera folder and move to Test9F_Int folder
click on browse option
Swipe up to select Internal storage
Select Internal storage
Click More options
Select ADD NEW Folder option
Name folder as Test9F_Int
Select ADD NEW Folder option
switch to grid view mode and select DCIM folder
Swipe up to select DCIM
Select DCIM folder
Select camera folder
switch to list view mode
Click More options
Click select all
Click More options
select move to option
select internal storage
select Test9F_Int
Accept Move here
Cut paste operation completed successfully
Test9F_Int: Data move operation completed successfully
Pass: Test9F_Int Pass for data move operation successfully
===================================================================================================================================================================================================================================================================================================================================================================================================================================================================================================================================================================================================================================================================================================================================
Final Message: Pass Test9F_Int Pass for Front camera image capture  successfully
Test: End
===================================================================================================================================================================================================================================================================================================================================================================================================================================================================================================================================================================================================================================================================================================================================
]]></system-out>
    <system-err><![CDATA[2023-02-27 14:45:24 INFO   io.appium.java_client.remote.AppiumCommandExecutor$1 lambda$0 Detected dialect: W3C
Test: Start
2023-02-27 14:45:37 INFO   io.appium.java_client.remote.AppiumCommandExecutor$1 lambda$0 Detected dialect: W3C
org.openqa.selenium.NoSuchElementException: An element could not be located on the page using the given search parameters.
For documentation on this error, please visit: https://www.seleniumhq.org/exceptions/no_such_element.html
Build info: version: '3.141.59', revision: 'e82be7d358', time: '2018-11-14T08:17:03'
System info: host: 'SD-APPS-090', ip: '10.65.148.57', os.name: 'Windows 10', os.arch: 'amd64', os.version: '10.0', java.version: '1.8.0_202'
Driver info: io.appium.java_client.android.AndroidDriver
Capabilities {automationName: UiAutomator2, databaseEnabled: false, desired: {automationName: UiAutomator2, deviceName: TECNO SPARK 8 Pro, newCommandTimeout: 600, platformName: android, platformVersion: 11, udid: 07352311C7070602}, deviceApiLevel: 30, deviceManufacturer: TECNO MOBILE LIMITED, deviceModel: TECNO KG8, deviceName: 07352311C7070602, deviceScreenDensity: 480, deviceScreenSize: 1080x2460, deviceUDID: 07352311C7070602, javascriptEnabled: true, locationContextEnabled: false, networkConnectionEnabled: true, newCommandTimeout: 600, pixelRatio: 3, platform: LINUX, platformName: Android, platformVersion: 11, statBarHeight: 108, takesScreenshot: true, udid: 07352311C7070602, viewportRect: {height: 2100, left: 0, top: 108, width: 1080}, warnings: {}, webStorageEnabled: false}
Session ID: 25e347a1-3ee6-4c3d-88aa-6b8fa19f0f48
*** Element info: {Using=xpath, value=//*[@content-desc='Clear all']}
	at sun.reflect.NativeConstructorAccessorImpl.newInstance0(Native Method)
	at sun.reflect.NativeConstructorAccessorImpl.newInstance(NativeConstructorAccessorImpl.java:62)
	at sun.reflect.DelegatingConstructorAccessorImpl.newInstance(DelegatingConstructorAccessorImpl.java:45)
	at java.lang.reflect.Constructor.newInstance(Constructor.java:423)
	at org.openqa.selenium.remote.http.W3CHttpResponseCodec.createException(W3CHttpResponseCodec.java:187)
	at org.openqa.selenium.remote.http.W3CHttpResponseCodec.decode(W3CHttpResponseCodec.java:122)
	at org.openqa.selenium.remote.http.W3CHttpResponseCodec.decode(W3CHttpResponseCodec.java:49)
	at org.openqa.selenium.remote.HttpCommandExecutor.execute(HttpCommandExecutor.java:158)
	at io.appium.java_client.remote.AppiumCommandExecutor.execute(AppiumCommandExecutor.java:239)
	at org.openqa.selenium.remote.RemoteWebDriver.execute(RemoteWebDriver.java:552)
	at io.appium.java_client.DefaultGenericMobileDriver.execute(DefaultGenericMobileDriver.java:42)
	at io.appium.java_client.AppiumDriver.execute(AppiumDriver.java:1)
	at io.appium.java_client.android.AndroidDriver.execute(AndroidDriver.java:1)
	at org.openqa.selenium.remote.RemoteWebDriver.findElement(RemoteWebDriver.java:323)
	at io.appium.java_client.DefaultGenericMobileDriver.findElement(DefaultGenericMobileDriver.java:62)
	at io.appium.java_client.AppiumDriver.findElement(AppiumDriver.java:1)
	at io.appium.java_client.android.AndroidDriver.findElement(AndroidDriver.java:1)
	at org.openqa.selenium.remote.RemoteWebDriver.findElementByXPath(RemoteWebDriver.java:428)
	at io.appium.java_client.DefaultGenericMobileDriver.findElementByXPath(DefaultGenericMobileDriver.java:152)
	at io.appium.java_client.AppiumDriver.findElementByXPath(AppiumDriver.java:1)
	at io.appium.java_client.android.AndroidDriver.findElementByXPath(AndroidDriver.java:1)
	at org.openqa.selenium.By$ByXPath.findElement(By.java:353)
	at org.openqa.selenium.remote.RemoteWebDriver.findElement(RemoteWebDriver.java:315)
	at io.appium.java_client.DefaultGenericMobileDriver.findElement(DefaultGenericMobileDriver.java:58)
	at io.appium.java_client.AppiumDriver.findElement(AppiumDriver.java:1)
	at io.appium.java_client.android.AndroidDriver.findElement(AndroidDriver.java:1)
	at TecnoSpark_8_Pro_KG8.Test9F_Int.FrontPictureCapture(Test9F_Int.java:87)
	at sun.reflect.NativeMethodAccessorImpl.invoke0(Native Method)
	at sun.reflect.NativeMethodAccessorImpl.invoke(NativeMethodAccessorImpl.java:62)
	at sun.reflect.DelegatingMethodAccessorImpl.invoke(DelegatingMethodAccessorImpl.java:43)
	at java.lang.reflect.Method.invoke(Method.java:498)
	at org.testng.internal.MethodInvocationHelper.invokeMethod(MethodInvocationHelper.java:80)
	at org.testng.internal.Invoker.invokeMethod(Invoker.java:673)
	at org.testng.internal.Invoker.invokeTestMethod(Invoker.java:842)
	at org.testng.internal.Invoker.invokeTestMethods(Invoker.java:1166)
	at org.testng.internal.TestMethodWorker.invokeTestMethods(TestMethodWorker.java:125)
	at org.testng.internal.TestMethodWorker.run(TestMethodWorker.java:109)
	at org.testng.TestRunner.runWorkers(TestRunner.java:1178)
	at org.testng.TestRunner.privateRun(TestRunner.java:757)
	at org.testng.TestRunner.run(TestRunner.java:608)
	at org.testng.SuiteRunner.runTest(SuiteRunner.java:334)
	at org.testng.SuiteRunner.runSequentially(SuiteRunner.java:329)
	at org.testng.SuiteRunner.privateRun(SuiteRunner.java:291)
	at org.testng.SuiteRunner.run(SuiteRunner.java:240)
	at org.testng.SuiteRunnerWorker.runSuite(SuiteRunnerWorker.java:52)
	at org.testng.SuiteRunnerWorker.run(SuiteRunnerWorker.java:86)
	at org.testng.TestNG.runSuitesSequentially(TestNG.java:1158)
	at org.testng.TestNG.runSuitesSequentially(TestNG.java:1154)
	at org.testng.TestNG.runSuitesLocally(TestNG.java:1083)
	at org.testng.TestNG.run(TestNG.java:999)
	at org.apache.maven.surefire.testng.TestNGExecutor.run(TestNGExecutor.java:284)
	at org.apache.maven.surefire.testng.TestNGXmlTestSuite.execute(TestNGXmlTestSuite.java:75)
	at org.apache.maven.surefire.testng.TestNGProvider.invoke(TestNGProvider.java:119)
	at org.apache.maven.surefire.booter.ForkedBooter.runSuitesInProcess(ForkedBooter.java:428)
	at org.apache.maven.surefire.booter.ForkedBooter.execute(ForkedBooter.java:162)
	at org.apache.maven.surefire.booter.ForkedBooter.run(ForkedBooter.java:562)
	at org.apache.maven.surefire.booter.ForkedBooter.main(ForkedBooter.java:548)
org.openqa.selenium.NoSuchElementException: An element could not be located on the page using the given search parameters.
For documentation on this error, please visit: https://www.seleniumhq.org/exceptions/no_such_element.html
Build info: version: '3.141.59', revision: 'e82be7d358', time: '2018-11-14T08:17:03'
System info: host: 'SD-APPS-090', ip: '10.65.148.57', os.name: 'Windows 10', os.arch: 'amd64', os.version: '10.0', java.version: '1.8.0_202'
Driver info: io.appium.java_client.android.AndroidDriver
Capabilities {automationName: UiAutomator2, databaseEnabled: false, desired: {automationName: UiAutomator2, deviceName: TECNO SPARK 8 Pro, newCommandTimeout: 600, platformName: android, platformVersion: 11, udid: 07352311C7070602}, deviceApiLevel: 30, deviceManufacturer: TECNO MOBILE LIMITED, deviceModel: TECNO KG8, deviceName: 07352311C7070602, deviceScreenDensity: 480, deviceScreenSize: 1080x2460, deviceUDID: 07352311C7070602, javascriptEnabled: true, locationContextEnabled: false, networkConnectionEnabled: true, newCommandTimeout: 600, pixelRatio: 3, platform: LINUX, platformName: Android, platformVersion: 11, statBarHeight: 108, takesScreenshot: true, udid: 07352311C7070602, viewportRect: {height: 2100, left: 0, top: 108, width: 1080}, warnings: {}, webStorageEnabled: false}
Session ID: 25e347a1-3ee6-4c3d-88aa-6b8fa19f0f48
*** Element info: {Using=xpath, value=//*[@resource-id='com.google.android.apps.nbu.files:id/agree_button']}
	at sun.reflect.NativeConstructorAccessorImpl.newInstance0(Native Method)
	at sun.reflect.NativeConstructorAccessorImpl.newInstance(NativeConstructorAccessorImpl.java:62)
	at sun.reflect.DelegatingConstructorAccessorImpl.newInstance(DelegatingConstructorAccessorImpl.java:45)
	at java.lang.reflect.Constructor.newInstance(Constructor.java:423)
	at org.openqa.selenium.remote.http.W3CHttpResponseCodec.createException(W3CHttpResponseCodec.java:187)
	at org.openqa.selenium.remote.http.W3CHttpResponseCodec.decode(W3CHttpResponseCodec.java:122)
	at org.openqa.selenium.remote.http.W3CHttpResponseCodec.decode(W3CHttpResponseCodec.java:49)
	at org.openqa.selenium.remote.HttpCommandExecutor.execute(HttpCommandExecutor.java:158)
	at io.appium.java_client.remote.AppiumCommandExecutor.execute(AppiumCommandExecutor.java:239)
	at org.openqa.selenium.remote.RemoteWebDriver.execute(RemoteWebDriver.java:552)
	at io.appium.java_client.DefaultGenericMobileDriver.execute(DefaultGenericMobileDriver.java:42)
	at io.appium.java_client.AppiumDriver.execute(AppiumDriver.java:1)
	at io.appium.java_client.android.AndroidDriver.execute(AndroidDriver.java:1)
	at org.openqa.selenium.remote.RemoteWebDriver.findElement(RemoteWebDriver.java:323)
	at io.appium.java_client.DefaultGenericMobileDriver.findElement(DefaultGenericMobileDriver.java:62)
	at io.appium.java_client.AppiumDriver.findElement(AppiumDriver.java:1)
	at io.appium.java_client.android.AndroidDriver.findElement(AndroidDriver.java:1)
	at org.openqa.selenium.remote.RemoteWebDriver.findElementByXPath(RemoteWebDriver.java:428)
	at io.appium.java_client.DefaultGenericMobileDriver.findElementByXPath(DefaultGenericMobileDriver.java:152)
	at io.appium.java_client.AppiumDriver.findElementByXPath(AppiumDriver.java:1)
	at io.appium.java_client.android.AndroidDriver.findElementByXPath(AndroidDriver.java:1)
	at org.openqa.selenium.By$ByXPath.findElement(By.java:353)
	at org.openqa.selenium.remote.RemoteWebDriver.findElement(RemoteWebDriver.java:315)
	at io.appium.java_client.DefaultGenericMobileDriver.findElement(DefaultGenericMobileDriver.java:58)
	at io.appium.java_client.AppiumDriver.findElement(AppiumDriver.java:1)
	at io.appium.java_client.android.AndroidDriver.findElement(AndroidDriver.java:1)
	at TecnoSpark_8_Pro_KG8.Test9F_Int.FrontPictureCapture(Test9F_Int.java:251)
	at sun.reflect.NativeMethodAccessorImpl.invoke0(Native Method)
	at sun.reflect.NativeMethodAccessorImpl.invoke(NativeMethodAccessorImpl.java:62)
	at sun.reflect.DelegatingMethodAccessorImpl.invoke(DelegatingMethodAccessorImpl.java:43)
	at java.lang.reflect.Method.invoke(Method.java:498)
	at org.testng.internal.MethodInvocationHelper.invokeMethod(MethodInvocationHelper.java:80)
	at org.testng.internal.Invoker.invokeMethod(Invoker.java:673)
	at org.testng.internal.Invoker.invokeTestMethod(Invoker.java:842)
	at org.testng.internal.Invoker.invokeTestMethods(Invoker.java:1166)
	at org.testng.internal.TestMethodWorker.invokeTestMethods(TestMethodWorker.java:125)
	at org.testng.internal.TestMethodWorker.run(TestMethodWorker.java:109)
	at org.testng.TestRunner.runWorkers(TestRunner.java:1178)
	at org.testng.TestRunner.privateRun(TestRunner.java:757)
	at org.testng.TestRunner.run(TestRunner.java:608)
	at org.testng.SuiteRunner.runTest(SuiteRunner.java:334)
	at org.testng.SuiteRunner.runSequentially(SuiteRunner.java:329)
	at org.testng.SuiteRunner.privateRun(SuiteRunner.java:291)
	at org.testng.SuiteRunner.run(SuiteRunner.java:240)
	at org.testng.SuiteRunnerWorker.runSuite(SuiteRunnerWorker.java:52)
	at org.testng.SuiteRunnerWorker.run(SuiteRunnerWorker.java:86)
	at org.testng.TestNG.runSuitesSequentially(TestNG.java:1158)
	at org.testng.TestNG.runSuitesSequentially(TestNG.java:1154)
	at org.testng.TestNG.runSuitesLocally(TestNG.java:1083)
	at org.testng.TestNG.run(TestNG.java:999)
	at org.apache.maven.surefire.testng.TestNGExecutor.run(TestNGExecutor.java:284)
	at org.apache.maven.surefire.testng.TestNGXmlTestSuite.execute(TestNGXmlTestSuite.java:75)
	at org.apache.maven.surefire.testng.TestNGProvider.invoke(TestNGProvider.java:119)
	at org.apache.maven.surefire.booter.ForkedBooter.runSuitesInProcess(ForkedBooter.java:428)
	at org.apache.maven.surefire.booter.ForkedBooter.execute(ForkedBooter.java:162)
	at org.apache.maven.surefire.booter.ForkedBooter.run(ForkedBooter.java:562)
	at org.apache.maven.surefire.booter.ForkedBooter.main(ForkedBooter.java:548)
org.openqa.selenium.NoSuchElementException: An element could not be located on the page using the given search parameters.
For documentation on this error, please visit: https://www.seleniumhq.org/exceptions/no_such_element.html
Build info: version: '3.141.59', revision: 'e82be7d358', time: '2018-11-14T08:17:03'
System info: host: 'SD-APPS-090', ip: '10.65.148.57', os.name: 'Windows 10', os.arch: 'amd64', os.version: '10.0', java.version: '1.8.0_202'
Driver info: io.appium.java_client.android.AndroidDriver
Capabilities {automationName: UiAutomator2, databaseEnabled: false, desired: {automationName: UiAutomator2, deviceName: TECNO SPARK 8 Pro, newCommandTimeout: 600, platformName: android, platformVersion: 11, udid: 07352311C7070602}, deviceApiLevel: 30, deviceManufacturer: TECNO MOBILE LIMITED, deviceModel: TECNO KG8, deviceName: 07352311C7070602, deviceScreenDensity: 480, deviceScreenSize: 1080x2460, deviceUDID: 07352311C7070602, javascriptEnabled: true, locationContextEnabled: false, networkConnectionEnabled: true, newCommandTimeout: 600, pixelRatio: 3, platform: LINUX, platformName: Android, platformVersion: 11, statBarHeight: 108, takesScreenshot: true, udid: 07352311C7070602, viewportRect: {height: 2100, left: 0, top: 108, width: 1080}, warnings: {}, webStorageEnabled: false}
Session ID: 25e347a1-3ee6-4c3d-88aa-6b8fa19f0f48
*** Element info: {Using=xpath, value=//*[@resource-id='com.google.android.apps.nbu.files:id/agree_button']}
	at sun.reflect.NativeConstructorAccessorImpl.newInstance0(Native Method)
	at sun.reflect.NativeConstructorAccessorImpl.newInstance(NativeConstructorAccessorImpl.java:62)
	at sun.reflect.DelegatingConstructorAccessorImpl.newInstance(DelegatingConstructorAccessorImpl.java:45)
	at java.lang.reflect.Constructor.newInstance(Constructor.java:423)
	at org.openqa.selenium.remote.http.W3CHttpResponseCodec.createException(W3CHttpResponseCodec.java:187)
	at org.openqa.selenium.remote.http.W3CHttpResponseCodec.decode(W3CHttpResponseCodec.java:122)
	at org.openqa.selenium.remote.http.W3CHttpResponseCodec.decode(W3CHttpResponseCodec.java:49)
	at org.openqa.selenium.remote.HttpCommandExecutor.execute(HttpCommandExecutor.java:158)
	at io.appium.java_client.remote.AppiumCommandExecutor.execute(AppiumCommandExecutor.java:239)
	at org.openqa.selenium.remote.RemoteWebDriver.execute(RemoteWebDriver.java:552)
	at io.appium.java_client.DefaultGenericMobileDriver.execute(DefaultGenericMobileDriver.java:42)
	at io.appium.java_client.AppiumDriver.execute(AppiumDriver.java:1)
	at io.appium.java_client.android.AndroidDriver.execute(AndroidDriver.java:1)
	at org.openqa.selenium.remote.RemoteWebDriver.findElement(RemoteWebDriver.java:323)
	at io.appium.java_client.DefaultGenericMobileDriver.findElement(DefaultGenericMobileDriver.java:62)
	at io.appium.java_client.AppiumDriver.findElement(AppiumDriver.java:1)
	at io.appium.java_client.android.AndroidDriver.findElement(AndroidDriver.java:1)
	at org.openqa.selenium.remote.RemoteWebDriver.findElementByXPath(RemoteWebDriver.java:428)
	at io.appium.java_client.DefaultGenericMobileDriver.findElementByXPath(DefaultGenericMobileDriver.java:152)
	at io.appium.java_client.AppiumDriver.findElementByXPath(AppiumDriver.java:1)
	at io.appium.java_client.android.AndroidDriver.findElementByXPath(AndroidDriver.java:1)
	at org.openqa.selenium.By$ByXPath.findElement(By.java:353)
	at org.openqa.selenium.remote.RemoteWebDriver.findElement(RemoteWebDriver.java:315)
	at io.appium.java_client.DefaultGenericMobileDriver.findElement(DefaultGenericMobileDriver.java:58)
	at io.appium.java_client.AppiumDriver.findElement(AppiumDriver.java:1)
	at io.appium.java_client.android.AndroidDriver.findElement(AndroidDriver.java:1)
	at TecnoSpark_8_Pro_KG8.Test9F_Int.DataMoveOperation(Test9F_Int.java:411)
	at TecnoSpark_8_Pro_KG8.Test9F_Int.FrontPictureCapture(Test9F_Int.java:352)
	at sun.reflect.NativeMethodAccessorImpl.invoke0(Native Method)
	at sun.reflect.NativeMethodAccessorImpl.invoke(NativeMethodAccessorImpl.java:62)
	at sun.reflect.DelegatingMethodAccessorImpl.invoke(DelegatingMethodAccessorImpl.java:43)
	at java.lang.reflect.Method.invoke(Method.java:498)
	at org.testng.internal.MethodInvocationHelper.invokeMethod(MethodInvocationHelper.java:80)
	at org.testng.internal.Invoker.invokeMethod(Invoker.java:673)
	at org.testng.internal.Invoker.invokeTestMethod(Invoker.java:842)
	at org.testng.internal.Invoker.invokeTestMethods(Invoker.java:1166)
	at org.testng.internal.TestMethodWorker.invokeTestMethods(TestMethodWorker.java:125)
	at org.testng.internal.TestMethodWorker.run(TestMethodWorker.java:109)
	at org.testng.TestRunner.runWorkers(TestRunner.java:1178)
	at org.testng.TestRunner.privateRun(TestRunner.java:757)
	at org.testng.TestRunner.run(TestRunner.java:608)
	at org.testng.SuiteRunner.runTest(SuiteRunner.java:334)
	at org.testng.SuiteRunner.runSequentially(SuiteRunner.java:329)
	at org.testng.SuiteRunner.privateRun(SuiteRunner.java:291)
	at org.testng.SuiteRunner.run(SuiteRunner.java:240)
	at org.testng.SuiteRunnerWorker.runSuite(SuiteRunnerWorker.java:52)
	at org.testng.SuiteRunnerWorker.run(SuiteRunnerWorker.java:86)
	at org.testng.TestNG.runSuitesSequentially(TestNG.java:1158)
	at org.testng.TestNG.runSuitesSequentially(TestNG.java:1154)
	at org.testng.TestNG.runSuitesLocally(TestNG.java:1083)
	at org.testng.TestNG.run(TestNG.java:999)
	at org.apache.maven.surefire.testng.TestNGExecutor.run(TestNGExecutor.java:284)
	at org.apache.maven.surefire.testng.TestNGXmlTestSuite.execute(TestNGXmlTestSuite.java:75)
	at org.apache.maven.surefire.testng.TestNGProvider.invoke(TestNGProvider.java:119)
	at org.apache.maven.surefire.booter.ForkedBooter.runSuitesInProcess(ForkedBooter.java:428)
	at org.apache.maven.surefire.booter.ForkedBooter.execute(ForkedBooter.java:162)
	at org.apache.maven.surefire.booter.ForkedBooter.run(ForkedBooter.java:562)
	at org.apache.maven.surefire.booter.ForkedBooter.main(ForkedBooter.java:548)
]]></system-err>
  </testcase>
</testsuite>