<?xml version="1.0" encoding="UTF-8"?>
<!-- Generated by org.testng.reporters.JUnitReportReporter -->
<testsuite hostname="BNPLYY2" name="Umidigi_Bison_GT2Pro_RP02.Test8_Int" tests="1" failures="0" timestamp="7 Feb 2023 09:15:45 GMT" time="319.966" errors="0">
  <testcase name="recordAudio" time="319.966" classname="Umidigi_Bison_GT2Pro_RP02.Test8_Int"/>
</testsuite>
