<?xml version="1.0" encoding="UTF-8"?>
<!-- Generated by org.testng.reporters.JUnitReportReporter -->
<testsuite hostname="BNPLYY2" failures="1" tests="1" name="Samsung_Galaxy_F41.Test8" time="10.821" errors="0" timestamp="17 Feb 2022 11:30:29 GMT">
  <testcase classname="Samsung_Galaxy_F41.Test8" name="recordAudio" time="10.821">
    <failure message="An unknown server-side error occurred while processing the command. Original error: &#039;POST /appium/device/press_keycode&#039; cannot be proxied to UiAutomator2 server because the instrumentation process is not running (probably crashed). Check the server log and/or the logcat output for more details
Build info: version: &#039;3.141.59&#039;, revision: &#039;e82be7d358&#039;, time: &#039;2018-11-14T08:17:03&#039;
System info: host: &#039;BNPLYY2&#039;, ip: &#039;192.168.43.26&#039;, os.name: &#039;Windows 10&#039;, os.arch: &#039;amd64&#039;, os.version: &#039;10.0&#039;, java.version: &#039;17.0.2&#039;
Driver info: io.appium.java_client.android.AndroidDriver
Capabilities {automationName: UiAutomator2, databaseEnabled: false, desired: {automationName: UiAutomator2, deviceName: Galaxy F41, newCommandTimeout: 600, platformName: android, platformVersion: 11, udid: RZ8NA02TCRA}, deviceApiLevel: 30, deviceManufacturer: samsung, deviceModel: SM-F415F, deviceName: RZ8NA02TCRA, deviceScreenDensity: 420, deviceScreenSize: 1080x2340, deviceUDID: RZ8NA02TCRA, javascriptEnabled: true, locationContextEnabled: false, networkConnectionEnabled: true, newCommandTimeout: 600, pixelRatio: 2.625, platform: LINUX, platformName: Android, platformVersion: 11, statBarHeight: 78, takesScreenshot: true, udid: RZ8NA02TCRA, viewportRect: {height: 2053, left: 0, top: 78, width: 1080}, warnings: {}, webStorageEnabled: false}
Session ID: 939e7e9b-906d-4314-bcae-d2f3a3fed85f" type="org.openqa.selenium.WebDriverException">
      <![CDATA[org.openqa.selenium.WebDriverException: An unknown server-side error occurred while processing the command. Original error: 'POST /appium/device/press_keycode' cannot be proxied to UiAutomator2 server because the instrumentation process is not running (probably crashed). Check the server log and/or the logcat output for more details
Build info: version: '3.141.59', revision: 'e82be7d358', time: '2018-11-14T08:17:03'
System info: host: 'BNPLYY2', ip: '192.168.43.26', os.name: 'Windows 10', os.arch: 'amd64', os.version: '10.0', java.version: '17.0.2'
Driver info: io.appium.java_client.android.AndroidDriver
Capabilities {automationName: UiAutomator2, databaseEnabled: false, desired: {automationName: UiAutomator2, deviceName: Galaxy F41, newCommandTimeout: 600, platformName: android, platformVersion: 11, udid: RZ8NA02TCRA}, deviceApiLevel: 30, deviceManufacturer: samsung, deviceModel: SM-F415F, deviceName: RZ8NA02TCRA, deviceScreenDensity: 420, deviceScreenSize: 1080x2340, deviceUDID: RZ8NA02TCRA, javascriptEnabled: true, locationContextEnabled: false, networkConnectionEnabled: true, newCommandTimeout: 600, pixelRatio: 2.625, platform: LINUX, platformName: Android, platformVersion: 11, statBarHeight: 78, takesScreenshot: true, udid: RZ8NA02TCRA, viewportRect: {height: 2053, left: 0, top: 78, width: 1080}, warnings: {}, webStorageEnabled: false}
Session ID: 939e7e9b-906d-4314-bcae-d2f3a3fed85f
	at java.base/jdk.internal.reflect.NativeConstructorAccessorImpl.newInstance0(Native Method)
	at java.base/jdk.internal.reflect.NativeConstructorAccessorImpl.newInstance(NativeConstructorAccessorImpl.java:77)
	at java.base/jdk.internal.reflect.DelegatingConstructorAccessorImpl.newInstance(DelegatingConstructorAccessorImpl.java:45)
	at java.base/java.lang.reflect.Constructor.newInstanceWithCaller(Constructor.java:499)
	at java.base/java.lang.reflect.Constructor.newInstance(Constructor.java:480)
	at org.openqa.selenium.remote.http.W3CHttpResponseCodec.createException(W3CHttpResponseCodec.java:187)
	at org.openqa.selenium.remote.http.W3CHttpResponseCodec.decode(W3CHttpResponseCodec.java:122)
	at org.openqa.selenium.remote.http.W3CHttpResponseCodec.decode(W3CHttpResponseCodec.java:49)
	at org.openqa.selenium.remote.HttpCommandExecutor.execute(HttpCommandExecutor.java:158)
	at io.appium.java_client.remote.AppiumCommandExecutor.execute(AppiumCommandExecutor.java:239)
	at org.openqa.selenium.remote.RemoteWebDriver.execute(RemoteWebDriver.java:552)
	at io.appium.java_client.DefaultGenericMobileDriver.execute(DefaultGenericMobileDriver.java:42)
	at io.appium.java_client.AppiumDriver.execute(AppiumDriver.java:1)
	at io.appium.java_client.android.AndroidDriver.execute(AndroidDriver.java:1)
	at io.appium.java_client.CommandExecutionHelper.execute(CommandExecutionHelper.java:27)
	at io.appium.java_client.android.nativekey.PressesKey.pressKeyCode(PressesKey.java:40)
	at Samsung_Galaxy_F41.Test8.recordAudio(Test8.java:53)
	at java.base/jdk.internal.reflect.NativeMethodAccessorImpl.invoke0(Native Method)
	at java.base/jdk.internal.reflect.NativeMethodAccessorImpl.invoke(NativeMethodAccessorImpl.java:77)
	at java.base/jdk.internal.reflect.DelegatingMethodAccessorImpl.invoke(DelegatingMethodAccessorImpl.java:43)
	at java.base/java.lang.reflect.Method.invoke(Method.java:568)
	at org.testng.internal.MethodInvocationHelper.invokeMethod(MethodInvocationHelper.java:80)
	at org.testng.internal.Invoker.invokeMethod(Invoker.java:673)
	at org.testng.internal.Invoker.invokeTestMethod(Invoker.java:842)
	at org.testng.internal.Invoker.invokeTestMethods(Invoker.java:1166)
	at org.testng.internal.TestMethodWorker.invokeTestMethods(TestMethodWorker.java:125)
	at org.testng.internal.TestMethodWorker.run(TestMethodWorker.java:109)
	at org.testng.TestRunner.runWorkers(TestRunner.java:1178)
	at org.testng.TestRunner.privateRun(TestRunner.java:757)
	at org.testng.TestRunner.run(TestRunner.java:608)
	at org.testng.SuiteRunner.runTest(SuiteRunner.java:334)
	at org.testng.SuiteRunner.runSequentially(SuiteRunner.java:329)
	at org.testng.SuiteRunner.privateRun(SuiteRunner.java:291)
	at org.testng.SuiteRunner.run(SuiteRunner.java:240)
	at org.testng.SuiteRunnerWorker.runSuite(SuiteRunnerWorker.java:52)
	at org.testng.SuiteRunnerWorker.run(SuiteRunnerWorker.java:86)
	at org.testng.TestNG.runSuitesSequentially(TestNG.java:1158)
	at org.testng.TestNG.runSuitesLocally(TestNG.java:1083)
	at org.testng.TestNG.run(TestNG.java:999)
	at org.testng.remote.AbstractRemoteTestNG.run(AbstractRemoteTestNG.java:115)
	at org.testng.remote.RemoteTestNG.initAndRun(RemoteTestNG.java:251)
	at org.testng.remote.RemoteTestNG.main(RemoteTestNG.java:77)
]]>
    </failure>
  </testcase>
</testsuite>
