<?xml version="1.0" encoding="UTF-8"?>
<!-- Generated by org.testng.reporters.JUnitReportReporter -->
<testsuite hostname="BNPLYY2" failures="0" tests="1" name="Samsung_Galaxy_F41.Test9F" time="135.775" errors="0" timestamp="18 Feb 2022 04:57:15 GMT">
  <testcase classname="Samsung_Galaxy_F41.Test9F" name="frontPictureCapture" time="135.775"/>
</testsuite>
