<?xml version="1.0" encoding="UTF-8"?>
<!-- Generated by org.testng.reporters.JUnitReportReporter -->
<testsuite hostname="BNPLYY2" failures="0" tests="1" name="Samsung_Galaxy_F41.Test0" time="27.543" errors="0" timestamp="23 Feb 2022 09:07:32 GMT">
  <testcase classname="Samsung_Galaxy_F41.Test0" name="start" time="27.543"/>
</testsuite>
