<?xml version="1.0" encoding="UTF-8"?>
<!-- Generated by org.testng.reporters.JUnitReportReporter -->
<testsuite hostname="BNPLYY2" failures="0" tests="1" name="Samsung_Galaxy_F41.Test3" time="114.244" errors="0" timestamp="18 Feb 2022 05:07:16 GMT">
  <testcase classname="Samsung_Galaxy_F41.Test3" name="Format" time="114.244"/>
</testsuite>
