<?xml version="1.0" encoding="UTF-8"?>
<!-- Generated by org.testng.reporters.JUnitReportReporter -->
<testsuite hostname="SD-APPS-090" name="Xiaomi_Redmi_10.Test0" tests="1" failures="0" timestamp="7 Dec 2022 14:01:45 GMT" time="29.983" errors="0">
  <testcase name="start" time="29.983" classname="Xiaomi_Redmi_10.Test0"/>
</testsuite>
