<?xml version="1.0" encoding="UTF-8"?>
<!-- Generated by org.testng.reporters.JUnitReportReporter -->
<testsuite hostname="BNPLYY2" name="Realme_85G_RMX3241.Test9F" tests="1" failures="0" timestamp="3 Nov 2022 10:14:11 GMT" time="443.051" errors="0">
  <testcase name="FrontPictureCapture" time="443.051" classname="Realme_85G_RMX3241.Test9F"/>
</testsuite>
