<?xml version="1.0" encoding="UTF-8"?>
<!-- Generated by org.testng.reporters.JUnitReportReporter -->
<testsuite hostname="SD-APPS-090" name="LG_K51S.Test8" tests="1" failures="0" timestamp="13 Jan 2023 11:57:56 GMT" time="539.139" errors="0">
  <testcase name="recordAudio" time="539.139" classname="LG_K51S.Test8"/>
</testsuite>
