<?xml version="1.0" encoding="UTF-8"?>
<!-- Generated by org.testng.reporters.JUnitReportReporter -->
<testsuite hostname="SD-APPS-090" name="LG_K51S.Test10F" tests="1" failures="0" timestamp="13 Jan 2023 11:57:56 GMT" time="1452.047" errors="0">
  <testcase name="frontVideoRec" time="1452.047" classname="LG_K51S.Test10F"/>
</testsuite>
