<?xml version="1.0" encoding="UTF-8"?>
<!-- Generated by org.testng.reporters.JUnitReportReporter -->
<testsuite hostname="SD-APPS-090" name="LG_K51S.Test0" tests="1" failures="0" timestamp="13 Jan 2023 11:57:56 GMT" time="207.829" errors="0">
  <testcase name="start" time="207.829" classname="LG_K51S.Test0"/>
</testsuite>
