<?xml version="1.0" encoding="UTF-8"?>
<!-- Generated by org.testng.reporters.JUnitReportReporter -->
<testsuite hostname="SD-APPS-090" name="Oppo_Reno4_Pro.Test18" tests="1" failures="0" timestamp="10 Jan 2023 14:22:38 GMT" time="751.463" errors="0">
  <testcase name="CopyPaste" time="751.463" classname="Oppo_Reno4_Pro.Test18"/>
</testsuite>
