<?xml version="1.0" encoding="UTF-8"?>
<!-- Generated by org.testng.reporters.JUnitReportReporter -->
<testsuite hostname="SD-APPS-090" name="Realme_8_RMX3085.Test9F" tests="1" failures="0" timestamp="12 Jan 2023 08:02:37 GMT" time="1720.349" errors="0">
  <testcase name="FrontPictureCapture" time="1720.349" classname="Realme_8_RMX3085.Test9F"/>
</testsuite>
