<?xml version="1.0" encoding="UTF-8"?>
<!-- Generated by org.testng.reporters.JUnitReportReporter -->
<testsuite hostname="SD-APPS-090" name="Realme_8_RMX3085.Test0" tests="1" failures="0" timestamp="12 Jan 2023 08:02:37 GMT" time="1276.525" errors="0">
  <testcase name="start" time="1276.525" classname="Realme_8_RMX3085.Test0"/>
</testsuite>
