<?xml version="1.0" encoding="UTF-8"?>
<!-- Generated by org.testng.reporters.JUnitReportReporter -->
<testsuite hostname="SD-APPS-090" name="Sony_Xperia1_II_XQAT52.Test3" tests="1" failures="0" timestamp="9 Jan 2023 15:41:34 GMT" time="172.003" errors="0">
  <testcase name="Format" time="172.003" classname="Sony_Xperia1_II_XQAT52.Test3"/>
</testsuite>
