<?xml version="1.0" encoding="UTF-8"?>
<!-- Generated by org.testng.reporters.JUnitReportReporter -->
<testsuite hostname="BNPLYY2" name="Ulefone_Note_6P.Test8" tests="1" failures="0" timestamp="17 Mar 2023 07:01:21 GMT" time="590.512" errors="0">
  <testcase name="recordAudio" time="590.512" classname="Ulefone_Note_6P.Test8"/>
</testsuite>
