<?xml version="1.0" encoding="UTF-8"?>
<!-- Generated by org.testng.reporters.JUnitReportReporter -->
<testsuite hostname="BNPLYY2" name="Umidigi_A13S_MP05.Test0_Int" tests="1" failures="0" timestamp="20 Feb 2023 12:50:16 GMT" time="1552.135" errors="0">
  <testcase name="start" time="1552.135" classname="Umidigi_A13S_MP05.Test0_Int"/>
</testsuite>
