<?xml version="1.0" encoding="UTF-8"?>
<!-- Generated by org.testng.reporters.JUnitReportReporter -->
<testsuite hostname="BNPLYY2" name="Xiaomi_Poco_M4_Pro_5G.Test9F" tests="1" failures="0" timestamp="14 Dec 2022 09:05:13 GMT" time="33.790" errors="0">
  <testcase name="frontPictureCapture" time="33.790" classname="Xiaomi_Poco_M4_Pro_5G.Test9F"/>
</testsuite>
