<?xml version="1.0" encoding="UTF-8"?>
<!-- Generated by org.testng.reporters.JUnitReportReporter -->
<testsuite hostname="BNPLYY2" name="Ulefone_Armor_X10.Test9F_Int" tests="1" failures="0" timestamp="29 Mar 2023 04:41:19 GMT" time="473.656" errors="0">
  <testcase name="RearPictureCapture" time="473.656" classname="Ulefone_Armor_X10.Test9F_Int"/>
</testsuite>
