<?xml version="1.0" encoding="UTF-8"?>
<!-- Generated by org.testng.reporters.JUnitReportReporter -->
<testsuite hostname="SD-APPS-090" name="LG_V60_ThinQ5G_LMV600TM.Test10" tests="1" failures="0" timestamp="5 Jan 2023 19:30:18 GMT" time="6187.270" errors="0">
  <testcase name="rearVideoRec" time="6187.270" classname="LG_V60_ThinQ5G_LMV600TM.Test10"/>
</testsuite>
