<?xml version="1.0" encoding="UTF-8"?>
<!-- Generated by org.testng.reporters.JUnitReportReporter -->
<testsuite hostname="SD-APPS-090" name="LG_V60_ThinQ5G_LMV600TM.Test18" tests="1" failures="0" timestamp="5 Jan 2023 19:30:18 GMT" time="954.690" errors="0">
  <testcase name="CopyPaste" time="954.690" classname="LG_V60_ThinQ5G_LMV600TM.Test18"/>
</testsuite>
