<?xml version="1.0" encoding="UTF-8"?>
<!-- Generated by org.testng.reporters.JUnitReportReporter -->
<testsuite hostname="SD-APPS-090" name="LG_V60_ThinQ5G_LMV600TM.Test0" tests="1" failures="0" timestamp="5 Jan 2023 19:30:18 GMT" time="203.477" errors="0">
  <testcase name="start" time="203.477" classname="LG_V60_ThinQ5G_LMV600TM.Test0"/>
</testsuite>
