<?xml version="1.0" encoding="UTF-8"?>
<testsuite xmlns:xsi="http://www.w3.org/2001/XMLSchema-instance" xsi:noNamespaceSchemaLocation="https://maven.apache.org/surefire/maven-surefire-plugin/xsd/surefire-test-report-3.0.xsd" version="3.0" name="TestSuite" time="7,051.099" tests="8" errors="0" skipped="0" failures="0">
  <properties>
    <property name="sun.desktop" value="windows"/>
    <property name="awt.toolkit" value="sun.awt.windows.WToolkit"/>
    <property name="fileName" value="testngMain.xml"/>
    <property name="file.encoding.pkg" value="sun.io"/>
    <property name="java.specification.version" value="1.8"/>
    <property name="totalPictureCountRear" value="12"/>
    <property name="sun.cpu.isalist" value="amd64"/>
    <property name="totalPictureCountFront" value="12"/>
    <property name="sun.jnu.encoding" value="Cp1252"/>
    <property name="java.class.path" value="C:\Users\sandisk\Android11\Eclipse_Workspace\Samsung_Galaxy_A71_5G\target\test-classes;C:\Users\sandisk\Android11\Eclipse_Workspace\Samsung_Galaxy_A71_5G\target\classes;C:\Users\sandisk\.m2\repository\org\seleniumhq\selenium\selenium-java\3.141.59\selenium-java-3.141.59.jar;C:\Users\sandisk\.m2\repository\org\seleniumhq\selenium\selenium-api\3.141.59\selenium-api-3.141.59.jar;C:\Users\sandisk\.m2\repository\org\seleniumhq\selenium\selenium-chrome-driver\3.141.59\selenium-chrome-driver-3.141.59.jar;C:\Users\sandisk\.m2\repository\org\seleniumhq\selenium\selenium-edge-driver\3.141.59\selenium-edge-driver-3.141.59.jar;C:\Users\sandisk\.m2\repository\org\seleniumhq\selenium\selenium-firefox-driver\3.141.59\selenium-firefox-driver-3.141.59.jar;C:\Users\sandisk\.m2\repository\org\seleniumhq\selenium\selenium-ie-driver\3.141.59\selenium-ie-driver-3.141.59.jar;C:\Users\sandisk\.m2\repository\org\seleniumhq\selenium\selenium-opera-driver\3.141.59\selenium-opera-driver-3.141.59.jar;C:\Users\sandisk\.m2\repository\org\seleniumhq\selenium\selenium-remote-driver\3.141.59\selenium-remote-driver-3.141.59.jar;C:\Users\sandisk\.m2\repository\org\seleniumhq\selenium\selenium-safari-driver\3.141.59\selenium-safari-driver-3.141.59.jar;C:\Users\sandisk\.m2\repository\org\seleniumhq\selenium\selenium-support\3.141.59\selenium-support-3.141.59.jar;C:\Users\sandisk\.m2\repository\net\bytebuddy\byte-buddy\1.8.15\byte-buddy-1.8.15.jar;C:\Users\sandisk\.m2\repository\org\apache\commons\commons-exec\1.3\commons-exec-1.3.jar;C:\Users\sandisk\.m2\repository\com\google\guava\guava\25.0-jre\guava-25.0-jre.jar;C:\Users\sandisk\.m2\repository\com\google\code\findbugs\jsr305\1.3.9\jsr305-1.3.9.jar;C:\Users\sandisk\.m2\repository\org\checkerframework\checker-compat-qual\2.0.0\checker-compat-qual-2.0.0.jar;C:\Users\sandisk\.m2\repository\com\google\errorprone\error_prone_annotations\2.1.3\error_prone_annotations-2.1.3.jar;C:\Users\sandisk\.m2\repository\com\google\j2objc\j2objc-annotations\1.1\j2objc-annotations-1.1.jar;C:\Users\sandisk\.m2\repository\org\codehaus\mojo\animal-sniffer-annotations\1.14\animal-sniffer-annotations-1.14.jar;C:\Users\sandisk\.m2\repository\com\squareup\okhttp3\okhttp\3.11.0\okhttp-3.11.0.jar;C:\Users\sandisk\.m2\repository\com\squareup\okio\okio\1.14.0\okio-1.14.0.jar;C:\Users\sandisk\.m2\repository\org\seleniumhq\selenium\selenium-android-driver\2.39.0\selenium-android-driver-2.39.0.jar;C:\Users\sandisk\.m2\repository\io\appium\java-client\7.0.0\java-client-7.0.0.jar;C:\Users\sandisk\.m2\repository\com\google\code\gson\gson\2.8.5\gson-2.8.5.jar;C:\Users\sandisk\.m2\repository\org\apache\httpcomponents\httpclient\4.5.6\httpclient-4.5.6.jar;C:\Users\sandisk\.m2\repository\org\apache\httpcomponents\httpcore\4.4.10\httpcore-4.4.10.jar;C:\Users\sandisk\.m2\repository\commons-logging\commons-logging\1.2\commons-logging-1.2.jar;C:\Users\sandisk\.m2\repository\commons-codec\commons-codec\1.10\commons-codec-1.10.jar;C:\Users\sandisk\.m2\repository\cglib\cglib\3.2.8\cglib-3.2.8.jar;C:\Users\sandisk\.m2\repository\org\ow2\asm\asm\6.2.1\asm-6.2.1.jar;C:\Users\sandisk\.m2\repository\org\apache\ant\ant\1.10.3\ant-1.10.3.jar;C:\Users\sandisk\.m2\repository\org\apache\ant\ant-launcher\1.10.3\ant-launcher-1.10.3.jar;C:\Users\sandisk\.m2\repository\commons-validator\commons-validator\1.6\commons-validator-1.6.jar;C:\Users\sandisk\.m2\repository\commons-beanutils\commons-beanutils\1.9.2\commons-beanutils-1.9.2.jar;C:\Users\sandisk\.m2\repository\commons-digester\commons-digester\1.8.1\commons-digester-1.8.1.jar;C:\Users\sandisk\.m2\repository\commons-collections\commons-collections\3.2.2\commons-collections-3.2.2.jar;C:\Users\sandisk\.m2\repository\org\apache\commons\commons-lang3\3.8\commons-lang3-3.8.jar;C:\Users\sandisk\.m2\repository\commons-io\commons-io\2.6\commons-io-2.6.jar;C:\Users\sandisk\.m2\repository\org\springframework\spring-context\5.1.0.RELEASE\spring-context-5.1.0.RELEASE.jar;C:\Users\sandisk\.m2\repository\org\springframework\spring-aop\5.1.0.RELEASE\spring-aop-5.1.0.RELEASE.jar;C:\Users\sandisk\.m2\repository\org\springframework\spring-beans\5.1.0.RELEASE\spring-beans-5.1.0.RELEASE.jar;C:\Users\sandisk\.m2\repository\org\springframework\spring-core\5.1.0.RELEASE\spring-core-5.1.0.RELEASE.jar;C:\Users\sandisk\.m2\repository\org\springframework\spring-jcl\5.1.0.RELEASE\spring-jcl-5.1.0.RELEASE.jar;C:\Users\sandisk\.m2\repository\org\springframework\spring-expression\5.1.0.RELEASE\spring-expression-5.1.0.RELEASE.jar;C:\Users\sandisk\.m2\repository\org\aspectj\aspectjweaver\1.9.1\aspectjweaver-1.9.1.jar;C:\Users\sandisk\.m2\repository\org\slf4j\slf4j-api\1.7.25\slf4j-api-1.7.25.jar;C:\Users\sandisk\.m2\repository\org\testng\testng\6.1.1\testng-6.1.1.jar;C:\Users\sandisk\.m2\repository\junit\junit\3.8.1\junit-3.8.1.jar;C:\Users\sandisk\.m2\repository\org\beanshell\bsh\2.0b4\bsh-2.0b4.jar;C:\Users\sandisk\.m2\repository\com\beust\jcommander\1.12\jcommander-1.12.jar;C:\Users\sandisk\.m2\repository\org\yaml\snakeyaml\1.6\snakeyaml-1.6.jar;"/>
    <property name="java.vm.vendor" value="Oracle Corporation"/>
    <property name="sun.arch.data.model" value="64"/>
    <property name="user.variant" value=""/>
    <property name="java.vendor.url" value="http://java.oracle.com/"/>
    <property name="user.timezone" value="Asia/Calcutta"/>
    <property name="os.name" value="Windows 10"/>
    <property name="java.vm.specification.version" value="1.8"/>
    <property name="sun.java.launcher" value="SUN_STANDARD"/>
    <property name="user.country" value="IN"/>
    <property name="sun.boot.library.path" value="C:\Program Files\Java\jdk1.8.0_202\jre\bin"/>
    <property name="recordingDurationRear1" value="180"/>
    <property name="recordingDurationFront2" value="180"/>
    <property name="recordingDurationRear2" value="180"/>
    <property name="sun.java.command" value="C:\Users\sandisk\AppData\Local\Temp\surefire6154467229542119076\surefirebooter5040883649123239980.jar C:\Users\sandisk\AppData\Local\Temp\surefire6154467229542119076 2023-01-16T16-24-47_001-jvmRun1 surefire6104975151113746276tmp surefire_07684449647579072087tmp"/>
    <property name="recordingDurationFront" value="180"/>
    <property name="recordingDurationFront3" value="180"/>
    <property name="recordingDurationRear3" value="180"/>
    <property name="recordingDurationFront1" value="180"/>
    <property name="surefire.test.class.path" value="C:\Users\sandisk\Android11\Eclipse_Workspace\Samsung_Galaxy_A71_5G\target\test-classes;C:\Users\sandisk\Android11\Eclipse_Workspace\Samsung_Galaxy_A71_5G\target\classes;C:\Users\sandisk\.m2\repository\org\seleniumhq\selenium\selenium-java\3.141.59\selenium-java-3.141.59.jar;C:\Users\sandisk\.m2\repository\org\seleniumhq\selenium\selenium-api\3.141.59\selenium-api-3.141.59.jar;C:\Users\sandisk\.m2\repository\org\seleniumhq\selenium\selenium-chrome-driver\3.141.59\selenium-chrome-driver-3.141.59.jar;C:\Users\sandisk\.m2\repository\org\seleniumhq\selenium\selenium-edge-driver\3.141.59\selenium-edge-driver-3.141.59.jar;C:\Users\sandisk\.m2\repository\org\seleniumhq\selenium\selenium-firefox-driver\3.141.59\selenium-firefox-driver-3.141.59.jar;C:\Users\sandisk\.m2\repository\org\seleniumhq\selenium\selenium-ie-driver\3.141.59\selenium-ie-driver-3.141.59.jar;C:\Users\sandisk\.m2\repository\org\seleniumhq\selenium\selenium-opera-driver\3.141.59\selenium-opera-driver-3.141.59.jar;C:\Users\sandisk\.m2\repository\org\seleniumhq\selenium\selenium-remote-driver\3.141.59\selenium-remote-driver-3.141.59.jar;C:\Users\sandisk\.m2\repository\org\seleniumhq\selenium\selenium-safari-driver\3.141.59\selenium-safari-driver-3.141.59.jar;C:\Users\sandisk\.m2\repository\org\seleniumhq\selenium\selenium-support\3.141.59\selenium-support-3.141.59.jar;C:\Users\sandisk\.m2\repository\net\bytebuddy\byte-buddy\1.8.15\byte-buddy-1.8.15.jar;C:\Users\sandisk\.m2\repository\org\apache\commons\commons-exec\1.3\commons-exec-1.3.jar;C:\Users\sandisk\.m2\repository\com\google\guava\guava\25.0-jre\guava-25.0-jre.jar;C:\Users\sandisk\.m2\repository\com\google\code\findbugs\jsr305\1.3.9\jsr305-1.3.9.jar;C:\Users\sandisk\.m2\repository\org\checkerframework\checker-compat-qual\2.0.0\checker-compat-qual-2.0.0.jar;C:\Users\sandisk\.m2\repository\com\google\errorprone\error_prone_annotations\2.1.3\error_prone_annotations-2.1.3.jar;C:\Users\sandisk\.m2\repository\com\google\j2objc\j2objc-annotations\1.1\j2objc-annotations-1.1.jar;C:\Users\sandisk\.m2\repository\org\codehaus\mojo\animal-sniffer-annotations\1.14\animal-sniffer-annotations-1.14.jar;C:\Users\sandisk\.m2\repository\com\squareup\okhttp3\okhttp\3.11.0\okhttp-3.11.0.jar;C:\Users\sandisk\.m2\repository\com\squareup\okio\okio\1.14.0\okio-1.14.0.jar;C:\Users\sandisk\.m2\repository\org\seleniumhq\selenium\selenium-android-driver\2.39.0\selenium-android-driver-2.39.0.jar;C:\Users\sandisk\.m2\repository\io\appium\java-client\7.0.0\java-client-7.0.0.jar;C:\Users\sandisk\.m2\repository\com\google\code\gson\gson\2.8.5\gson-2.8.5.jar;C:\Users\sandisk\.m2\repository\org\apache\httpcomponents\httpclient\4.5.6\httpclient-4.5.6.jar;C:\Users\sandisk\.m2\repository\org\apache\httpcomponents\httpcore\4.4.10\httpcore-4.4.10.jar;C:\Users\sandisk\.m2\repository\commons-logging\commons-logging\1.2\commons-logging-1.2.jar;C:\Users\sandisk\.m2\repository\commons-codec\commons-codec\1.10\commons-codec-1.10.jar;C:\Users\sandisk\.m2\repository\cglib\cglib\3.2.8\cglib-3.2.8.jar;C:\Users\sandisk\.m2\repository\org\ow2\asm\asm\6.2.1\asm-6.2.1.jar;C:\Users\sandisk\.m2\repository\org\apache\ant\ant\1.10.3\ant-1.10.3.jar;C:\Users\sandisk\.m2\repository\org\apache\ant\ant-launcher\1.10.3\ant-launcher-1.10.3.jar;C:\Users\sandisk\.m2\repository\commons-validator\commons-validator\1.6\commons-validator-1.6.jar;C:\Users\sandisk\.m2\repository\commons-beanutils\commons-beanutils\1.9.2\commons-beanutils-1.9.2.jar;C:\Users\sandisk\.m2\repository\commons-digester\commons-digester\1.8.1\commons-digester-1.8.1.jar;C:\Users\sandisk\.m2\repository\commons-collections\commons-collections\3.2.2\commons-collections-3.2.2.jar;C:\Users\sandisk\.m2\repository\org\apache\commons\commons-lang3\3.8\commons-lang3-3.8.jar;C:\Users\sandisk\.m2\repository\commons-io\commons-io\2.6\commons-io-2.6.jar;C:\Users\sandisk\.m2\repository\org\springframework\spring-context\5.1.0.RELEASE\spring-context-5.1.0.RELEASE.jar;C:\Users\sandisk\.m2\repository\org\springframework\spring-aop\5.1.0.RELEASE\spring-aop-5.1.0.RELEASE.jar;C:\Users\sandisk\.m2\repository\org\springframework\spring-beans\5.1.0.RELEASE\spring-beans-5.1.0.RELEASE.jar;C:\Users\sandisk\.m2\repository\org\springframework\spring-core\5.1.0.RELEASE\spring-core-5.1.0.RELEASE.jar;C:\Users\sandisk\.m2\repository\org\springframework\spring-jcl\5.1.0.RELEASE\spring-jcl-5.1.0.RELEASE.jar;C:\Users\sandisk\.m2\repository\org\springframework\spring-expression\5.1.0.RELEASE\spring-expression-5.1.0.RELEASE.jar;C:\Users\sandisk\.m2\repository\org\aspectj\aspectjweaver\1.9.1\aspectjweaver-1.9.1.jar;C:\Users\sandisk\.m2\repository\org\slf4j\slf4j-api\1.7.25\slf4j-api-1.7.25.jar;C:\Users\sandisk\.m2\repository\org\testng\testng\6.1.1\testng-6.1.1.jar;C:\Users\sandisk\.m2\repository\junit\junit\3.8.1\junit-3.8.1.jar;C:\Users\sandisk\.m2\repository\org\beanshell\bsh\2.0b4\bsh-2.0b4.jar;C:\Users\sandisk\.m2\repository\com\beust\jcommander\1.12\jcommander-1.12.jar;C:\Users\sandisk\.m2\repository\org\yaml\snakeyaml\1.6\snakeyaml-1.6.jar;"/>
    <property name="sun.cpu.endian" value="little"/>
    <property name="user.home" value="C:\Users\sandisk"/>
    <property name="user.language" value="en"/>
    <property name="java.specification.vendor" value="Oracle Corporation"/>
    <property name="java.home" value="C:\Program Files\Java\jdk1.8.0_202\jre"/>
    <property name="file.separator" value="\"/>
    <property name="basedir" value="C:\Users\sandisk\Android11\Eclipse_Workspace\Samsung_Galaxy_A71_5G"/>
    <property name="line.separator" value="&#10;"/>
    <property name="java.vm.specification.vendor" value="Oracle Corporation"/>
    <property name="java.specification.name" value="Java Platform API Specification"/>
    <property name="mountUnmountCycle" value="1"/>
    <property name="java.awt.graphicsenv" value="sun.awt.Win32GraphicsEnvironment"/>
    <property name="surefire.real.class.path" value="C:\Users\sandisk\AppData\Local\Temp\surefire6154467229542119076\surefirebooter5040883649123239980.jar"/>
    <property name="recordingDurationRear" value="180"/>
    <property name="sun.boot.class.path" value="C:\Program Files\Java\jdk1.8.0_202\jre\lib\resources.jar;C:\Program Files\Java\jdk1.8.0_202\jre\lib\rt.jar;C:\Program Files\Java\jdk1.8.0_202\jre\lib\sunrsasign.jar;C:\Program Files\Java\jdk1.8.0_202\jre\lib\jsse.jar;C:\Program Files\Java\jdk1.8.0_202\jre\lib\jce.jar;C:\Program Files\Java\jdk1.8.0_202\jre\lib\charsets.jar;C:\Program Files\Java\jdk1.8.0_202\jre\lib\jfr.jar;C:\Program Files\Java\jdk1.8.0_202\jre\classes"/>
    <property name="user.script" value=""/>
    <property name="sun.management.compiler" value="HotSpot 64-Bit Tiered Compilers"/>
    <property name="java.runtime.version" value="1.8.0_202-b08"/>
    <property name="totalPictureCountFront3" value="12"/>
    <property name="user.name" value="sandisk"/>
    <property name="totalPictureCountFront2" value="12"/>
    <property name="totalPictureCountFront1" value="12"/>
    <property name="path.separator" value=";"/>
    <property name="totalPictureCountRear3" value="12"/>
    <property name="totalPictureCountRear4" value="12"/>
    <property name="totalPictureCountRear1" value="12"/>
    <property name="os.version" value="10.0"/>
    <property name="totalPictureCountRear2" value="12"/>
    <property name="java.endorsed.dirs" value="C:\Program Files\Java\jdk1.8.0_202\jre\lib\endorsed"/>
    <property name="java.runtime.name" value="Java(TM) SE Runtime Environment"/>
    <property name="file.encoding" value="Cp1252"/>
    <property name="java.vm.name" value="Java HotSpot(TM) 64-Bit Server VM"/>
    <property name="localRepository" value="C:\Users\sandisk\.m2\repository"/>
    <property name="java.vendor.url.bug" value="http://bugreport.sun.com/bugreport/"/>
    <property name="java.io.tmpdir" value="C:\Users\sandisk\AppData\Local\Temp\"/>
    <property name="java.version" value="1.8.0_202"/>
    <property name="user.dir" value="C:\Users\sandisk\Android11\Eclipse_Workspace\Samsung_Galaxy_A71_5G"/>
    <property name="os.arch" value="amd64"/>
    <property name="java.vm.specification.name" value="Java Virtual Machine Specification"/>
    <property name="java.util.logging.SimpleFormatter.format" value="%1$tY-%1$tm-%1$td %1$tH:%1$tM:%1$tS %4$-6s %2$s %5$s%6$s%n"/>
    <property name="java.awt.printerjob" value="sun.awt.windows.WPrinterJob"/>
    <property name="Tolerance_Level" value="75"/>
    <property name="sun.os.patch.level" value=""/>
    <property name="java.library.path" value="C:\Program Files\Java\jdk1.8.0_202\jre\bin;C:\Windows\Sun\Java\bin;C:\Windows\system32;C:\Windows;C:\Program Files (x86)\Common Files\Oracle\Java\javapath;C:\Windows\system32;C:\Windows;C:\Windows\System32\Wbem;C:\Windows\System32\WindowsPowerShell\v1.0\;C:\Windows\System32\OpenSSH\;C:\ant\apache-ant-1.9.15\bin;C:\Android\Android_SDK\Android-sdk\bin;C:\Program Files\Java\jdk1.8.0_202\bin;C:\Android\Android_SDK\Android-sdk\tools;C:\Android\Android_SDK\Android-sdk\platform-tools;C:\Users\sandisk\Android11\Maven\apache-maven-3.8.4\bin;C:\Users\sandisk\AppData\Local\Microsoft\WindowsApps;;."/>
    <property name="java.vendor" value="Oracle Corporation"/>
    <property name="java.vm.info" value="mixed mode"/>
    <property name="java.vm.version" value="25.202-b08"/>
    <property name="totalPictureCountFront4" value="12"/>
    <property name="sun.io.unicode.encoding" value="UnicodeLittle"/>
    <property name="java.ext.dirs" value="C:\Program Files\Java\jdk1.8.0_202\jre\lib\ext;C:\Windows\Sun\Java\lib\ext"/>
    <property name="java.class.version" value="52.0"/>
  </properties>
  <testcase name="start" classname="Samsung_Galaxy_A71_5G.Test0" time="1,151.425">
    <system-out><![CDATA[Test: Start
===================================================================================================================================================================================================================================================================================================================================================================================================================================================================================================================================================================================================================================================================================================================================
 Test0 Scenario is as follows 
1.Unlock phone, clear recent apps, clear internal memory
2.Call Image() and Capture Rear camera 25 images for default resolution in uSD card and Verify the data capture
3.Call Video() and record Rear camera video of first 2 resloutions for 2 minutes of duration in uSD Card and verify the same
4.Call Format() and format uSD card with data and verify the same
Setting up the appium desired capabilities
===================================================================================================================================================================================================================================================================================================================================================================================================================================================================================================================================================================================================================================================================================================================================
Launch home screen
clearing Recent apps 
Pass: Test0 Pass for clearing Recent apps 
Launch File Manager Application and clear internal memory
swipe up and search for internal storage
Select  Internal storage
Select More options
click on Select all
Select  Delete permanently
Select More options
Select  Delete permanently
Select  Delete
Pass: Clearing phone internal memory is successfull
Calling Image() to capture rear camera image in uSD card and verifying the same.
===================================================================================================================================================================================================================================================================================================================================================================================================================================================================================================================================================================================================================================================================================================================================
Calling Image() to capture rear camera image in uSD card and verifying the same.
Launch Camera Application for Rear picture capture
change to SD card element not found : org.openqa.selenium.NoSuchElementException: An element could not be located on the page using the given search parameters.
For documentation on this error, please visit: https://www.seleniumhq.org/exceptions/no_such_element.html
Build info: version: '3.141.59', revision: 'e82be7d358', time: '2018-11-14T08:17:03'
System info: host: 'SD-APPS-200', ip: '10.65.150.243', os.name: 'Windows 10', os.arch: 'amd64', os.version: '10.0', java.version: '1.8.0_202'
Driver info: io.appium.java_client.android.AndroidDriver
Capabilities {automationName: UiAutomator2, databaseEnabled: false, desired: {automationName: UiAutomator2, deviceName: Galaxy A71 5G, newCommandTimeout: 600, platformName: android, platformVersion: 11, udid: R5CN80J025V}, deviceApiLevel: 30, deviceManufacturer: samsung, deviceModel: SM-A716U1, deviceName: R5CN80J025V, deviceScreenDensity: 420, deviceScreenSize: 1080x2400, deviceUDID: R5CN80J025V, javascriptEnabled: true, locationContextEnabled: false, networkConnectionEnabled: true, newCommandTimeout: 600, pixelRatio: 2.625, platform: LINUX, platformName: Android, platformVersion: 11, statBarHeight: 91, takesScreenshot: true, udid: R5CN80J025V, viewportRect: {height: 2092, left: 0, top: 91, width: 1080}, warnings: {}, webStorageEnabled: false}
Session ID: 279690c3-b051-4625-bfb3-fb06854edfb4
*** Element info: {Using=-android uiautomator, value=new UiSelector().text("Cancel")}
if Location permisson Pop Exists Select Cancel Option
Location  not found : org.openqa.selenium.NoSuchElementException: An element could not be located on the page using the given search parameters.
For documentation on this error, please visit: https://www.seleniumhq.org/exceptions/no_such_element.html
Build info: version: '3.141.59', revision: 'e82be7d358', time: '2018-11-14T08:17:03'
System info: host: 'SD-APPS-200', ip: '10.65.150.243', os.name: 'Windows 10', os.arch: 'amd64', os.version: '10.0', java.version: '1.8.0_202'
Driver info: io.appium.java_client.android.AndroidDriver
Capabilities {automationName: UiAutomator2, databaseEnabled: false, desired: {automationName: UiAutomator2, deviceName: Galaxy A71 5G, newCommandTimeout: 600, platformName: android, platformVersion: 11, udid: R5CN80J025V}, deviceApiLevel: 30, deviceManufacturer: samsung, deviceModel: SM-A716U1, deviceName: R5CN80J025V, deviceScreenDensity: 420, deviceScreenSize: 1080x2400, deviceUDID: R5CN80J025V, javascriptEnabled: true, locationContextEnabled: false, networkConnectionEnabled: true, newCommandTimeout: 600, pixelRatio: 2.625, platform: LINUX, platformName: Android, platformVersion: 11, statBarHeight: 91, takesScreenshot: true, udid: R5CN80J025V, viewportRect: {height: 2092, left: 0, top: 91, width: 1080}, warnings: {}, webStorageEnabled: false}
Session ID: 279690c3-b051-4625-bfb3-fb06854edfb4
*** Element info: {Using=-android uiautomator, value=new UiSelector().text("Cancel")}
Switch To Back Camera Mode if current Exiting camera is Front camera Mode
Select settings option
Search for SD Card option
Select SD as storage option
Capture 25 Images of Default Resolution
Captureing default resolution image0
Captureing default resolution image1
Captureing default resolution image2
Captureing default resolution image3
Captureing default resolution image4
Captureing default resolution image5
Captureing default resolution image6
Captureing default resolution image7
Captureing default resolution image8
Captureing default resolution image9
Captureing default resolution image10
Captureing default resolution image11
Captureing default resolution image12
Captureing default resolution image13
Captureing default resolution image14
Captureing default resolution image15
Captureing default resolution image16
Captureing default resolution image17
Captureing default resolution image18
Captureing default resolution image19
Captureing default resolution image20
Captureing default resolution image21
Captureing default resolution image22
Captureing default resolution image23
Captureing default resolution image24
Pass:Total Number Of Image captured 25 is successfull
Launch File Manager application to verify  Image capture
clicking on browse
swipe up search for sd card
Select  SD Card
Select DCIM Folder
Select Camera Folder
Select more options
click on Select all
Verifying Image Capture 
Pass:Total Number Of Image captured 25 is successfull
Calling video() for rear video recording in USD card and verifying data capture.
===================================================================================================================================================================================================================================================================================================================================================================================================================================================================================================================================================================================================================================================================================================================================
Calling video() for rear video recording in USD card and verifying data capture.
Launch Camera Application
change to SD card element not found : org.openqa.selenium.NoSuchElementException: An element could not be located on the page using the given search parameters.
For documentation on this error, please visit: https://www.seleniumhq.org/exceptions/no_such_element.html
Build info: version: '3.141.59', revision: 'e82be7d358', time: '2018-11-14T08:17:03'
System info: host: 'SD-APPS-200', ip: '10.65.150.243', os.name: 'Windows 10', os.arch: 'amd64', os.version: '10.0', java.version: '1.8.0_202'
Driver info: io.appium.java_client.android.AndroidDriver
Capabilities {automationName: UiAutomator2, databaseEnabled: false, desired: {automationName: UiAutomator2, deviceName: Galaxy A71 5G, newCommandTimeout: 600, platformName: android, platformVersion: 11, udid: R5CN80J025V}, deviceApiLevel: 30, deviceManufacturer: samsung, deviceModel: SM-A716U1, deviceName: R5CN80J025V, deviceScreenDensity: 420, deviceScreenSize: 1080x2400, deviceUDID: R5CN80J025V, javascriptEnabled: true, locationContextEnabled: false, networkConnectionEnabled: true, newCommandTimeout: 600, pixelRatio: 2.625, platform: LINUX, platformName: Android, platformVersion: 11, statBarHeight: 91, takesScreenshot: true, udid: R5CN80J025V, viewportRect: {height: 2092, left: 0, top: 91, width: 1080}, warnings: {}, webStorageEnabled: false}
Session ID: 279690c3-b051-4625-bfb3-fb06854edfb4
*** Element info: {Using=-android uiautomator, value=new UiSelector().text("Cancel")}
If Location Permission Request Pop Exists Click on Cancel Option
Location access pop-up  not found : org.openqa.selenium.NoSuchElementException: An element could not be located on the page using the given search parameters.
For documentation on this error, please visit: https://www.seleniumhq.org/exceptions/no_such_element.html
Build info: version: '3.141.59', revision: 'e82be7d358', time: '2018-11-14T08:17:03'
System info: host: 'SD-APPS-200', ip: '10.65.150.243', os.name: 'Windows 10', os.arch: 'amd64', os.version: '10.0', java.version: '1.8.0_202'
Driver info: io.appium.java_client.android.AndroidDriver
Capabilities {automationName: UiAutomator2, databaseEnabled: false, desired: {automationName: UiAutomator2, deviceName: Galaxy A71 5G, newCommandTimeout: 600, platformName: android, platformVersion: 11, udid: R5CN80J025V}, deviceApiLevel: 30, deviceManufacturer: samsung, deviceModel: SM-A716U1, deviceName: R5CN80J025V, deviceScreenDensity: 420, deviceScreenSize: 1080x2400, deviceUDID: R5CN80J025V, javascriptEnabled: true, locationContextEnabled: false, networkConnectionEnabled: true, newCommandTimeout: 600, pixelRatio: 2.625, platform: LINUX, platformName: Android, platformVersion: 11, statBarHeight: 91, takesScreenshot: true, udid: R5CN80J025V, viewportRect: {height: 2092, left: 0, top: 91, width: 1080}, warnings: {}, webStorageEnabled: false}
Session ID: 279690c3-b051-4625-bfb3-fb06854edfb4
*** Element info: {Using=-android uiautomator, value=new UiSelector().text("Cancel")}
Current Existing Camera is Back Camera
Clicking Video Tab
Select settings option
Click on settings option
Search for SD Card option
Select SD as storage option
Select rear camera first  Video Resolution:Rear camera video size, UHD (30 fps)
Start video recording
Recording Video for 2Minutes of Duration
Stop video recording
Select rear camera second video resolution: FHD (60 fps)
Start video recording
Recording Video for 2Minutes of Duration
Stop video recording
Pass: Rear camera video recording is successfull
===================================================================================================================================================================================================================================================================================================================================================================================================================================================================================================================================================================================================================================================================================================================================
Verifying Captured Videos
Launch Home screen and Clear recent Apps
Launch File Manager Application to verify captured videos
clcik on browse
swipe up and search for sd card
Click On SD Card
Select DCIM Folder
Select Camera Folder
Select more options
click on Select all
Verifying Image Capture  and videos
Pass: 2 Videos recorded Successfully
Pass: A total of 27 files present in uSD card before Format
calling Format() for format with data scenario
===================================================================================================================================================================================================================================================================================================================================================================================================================================================================================================================================================================================================================================================================================================================================
calling Format() for format with data scenario
Launch Settings application for Format uSD card with Data 
Scrolling till battery and device care is visible
Clicking on battery and device care
Clicking on storage
Clicking on more options
Clicking on SD card
Click Format
Started formatting, waiting till it gets formatted
Pass: Format uSD with Data is successfull
===================================================================================================================================================================================================================================================================================================================================================================================================================================================================================================================================================================================================================================================================================================================================
Launch File Manager Application
select browse option
swipe up and search for sd card
Click On SD Card
Click on DCIM Folder
Click on camera Folder
Pass:Images and videos are not present in the DCIM folder, CARD format is successfully completed 
Final Message: Pass Test0 Pass for format Operation
Test: End
===================================================================================================================================================================================================================================================================================================================================================================================================================================================================================================================================================================================================================================================================================================================================
]]></system-out>
    <system-err><![CDATA[2023-01-16 16:25:04 INFO   io.appium.java_client.remote.AppiumCommandExecutor$1 lambda$0 Detected dialect: W3C
2023-01-16 16:25:11 INFO   io.appium.java_client.remote.AppiumCommandExecutor$1 lambda$0 Detected dialect: W3C
org.openqa.selenium.NoSuchElementException: An element could not be located on the page using the given search parameters.
For documentation on this error, please visit: https://www.seleniumhq.org/exceptions/no_such_element.html
Build info: version: '3.141.59', revision: 'e82be7d358', time: '2018-11-14T08:17:03'
System info: host: 'SD-APPS-200', ip: '10.65.150.243', os.name: 'Windows 10', os.arch: 'amd64', os.version: '10.0', java.version: '1.8.0_202'
Driver info: io.appium.java_client.android.AndroidDriver
Capabilities {automationName: UiAutomator2, databaseEnabled: false, desired: {automationName: UiAutomator2, deviceName: Galaxy A71 5G, newCommandTimeout: 600, platformName: android, platformVersion: 11, udid: R5CN80J025V}, deviceApiLevel: 30, deviceManufacturer: samsung, deviceModel: SM-A716U1, deviceName: R5CN80J025V, deviceScreenDensity: 420, deviceScreenSize: 1080x2400, deviceUDID: R5CN80J025V, javascriptEnabled: true, locationContextEnabled: false, networkConnectionEnabled: true, newCommandTimeout: 600, pixelRatio: 2.625, platform: LINUX, platformName: Android, platformVersion: 11, statBarHeight: 91, takesScreenshot: true, udid: R5CN80J025V, viewportRect: {height: 2092, left: 0, top: 91, width: 1080}, warnings: {}, webStorageEnabled: false}
Session ID: 279690c3-b051-4625-bfb3-fb06854edfb4
*** Element info: {Using=-android uiautomator, value=new UiSelector().text("Close all")}
	at sun.reflect.NativeConstructorAccessorImpl.newInstance0(Native Method)
	at sun.reflect.NativeConstructorAccessorImpl.newInstance(NativeConstructorAccessorImpl.java:62)
	at sun.reflect.DelegatingConstructorAccessorImpl.newInstance(DelegatingConstructorAccessorImpl.java:45)
	at java.lang.reflect.Constructor.newInstance(Constructor.java:423)
	at org.openqa.selenium.remote.http.W3CHttpResponseCodec.createException(W3CHttpResponseCodec.java:187)
	at org.openqa.selenium.remote.http.W3CHttpResponseCodec.decode(W3CHttpResponseCodec.java:122)
	at org.openqa.selenium.remote.http.W3CHttpResponseCodec.decode(W3CHttpResponseCodec.java:49)
	at org.openqa.selenium.remote.HttpCommandExecutor.execute(HttpCommandExecutor.java:158)
	at io.appium.java_client.remote.AppiumCommandExecutor.execute(AppiumCommandExecutor.java:239)
	at org.openqa.selenium.remote.RemoteWebDriver.execute(RemoteWebDriver.java:552)
	at io.appium.java_client.DefaultGenericMobileDriver.execute(DefaultGenericMobileDriver.java:42)
	at io.appium.java_client.AppiumDriver.execute(AppiumDriver.java:1)
	at io.appium.java_client.android.AndroidDriver.execute(AndroidDriver.java:1)
	at org.openqa.selenium.remote.RemoteWebDriver.findElement(RemoteWebDriver.java:323)
	at io.appium.java_client.DefaultGenericMobileDriver.findElement(DefaultGenericMobileDriver.java:62)
	at io.appium.java_client.AppiumDriver.findElement(AppiumDriver.java:1)
	at io.appium.java_client.android.AndroidDriver.findElement(AndroidDriver.java:1)
	at io.appium.java_client.FindsByAndroidUIAutomator.findElementByAndroidUIAutomator(FindsByAndroidUIAutomator.java:38)
	at Samsung_Galaxy_A71_5G.Test0.Video(Test0.java:425)
	at Samsung_Galaxy_A71_5G.Test0.Images(Test0.java:388)
	at Samsung_Galaxy_A71_5G.Test0.start(Test0.java:212)
	at sun.reflect.NativeMethodAccessorImpl.invoke0(Native Method)
	at sun.reflect.NativeMethodAccessorImpl.invoke(NativeMethodAccessorImpl.java:62)
	at sun.reflect.DelegatingMethodAccessorImpl.invoke(DelegatingMethodAccessorImpl.java:43)
	at java.lang.reflect.Method.invoke(Method.java:498)
	at org.testng.internal.MethodInvocationHelper.invokeMethod(MethodInvocationHelper.java:80)
	at org.testng.internal.Invoker.invokeMethod(Invoker.java:673)
	at org.testng.internal.Invoker.invokeTestMethod(Invoker.java:842)
	at org.testng.internal.Invoker.invokeTestMethods(Invoker.java:1166)
	at org.testng.internal.TestMethodWorker.invokeTestMethods(TestMethodWorker.java:125)
	at org.testng.internal.TestMethodWorker.run(TestMethodWorker.java:109)
	at org.testng.TestRunner.runWorkers(TestRunner.java:1178)
	at org.testng.TestRunner.privateRun(TestRunner.java:757)
	at org.testng.TestRunner.run(TestRunner.java:608)
	at org.testng.SuiteRunner.runTest(SuiteRunner.java:334)
	at org.testng.SuiteRunner.runSequentially(SuiteRunner.java:329)
	at org.testng.SuiteRunner.privateRun(SuiteRunner.java:291)
	at org.testng.SuiteRunner.run(SuiteRunner.java:240)
	at org.testng.SuiteRunnerWorker.runSuite(SuiteRunnerWorker.java:52)
	at org.testng.SuiteRunnerWorker.run(SuiteRunnerWorker.java:86)
	at org.testng.TestNG.runSuitesSequentially(TestNG.java:1158)
	at org.testng.TestNG.runSuitesSequentially(TestNG.java:1154)
	at org.testng.TestNG.runSuitesLocally(TestNG.java:1083)
	at org.testng.TestNG.run(TestNG.java:999)
	at org.apache.maven.surefire.testng.TestNGExecutor.run(TestNGExecutor.java:284)
	at org.apache.maven.surefire.testng.TestNGXmlTestSuite.execute(TestNGXmlTestSuite.java:75)
	at org.apache.maven.surefire.testng.TestNGProvider.invoke(TestNGProvider.java:119)
	at org.apache.maven.surefire.booter.ForkedBooter.runSuitesInProcess(ForkedBooter.java:428)
	at org.apache.maven.surefire.booter.ForkedBooter.execute(ForkedBooter.java:162)
	at org.apache.maven.surefire.booter.ForkedBooter.run(ForkedBooter.java:562)
	at org.apache.maven.surefire.booter.ForkedBooter.main(ForkedBooter.java:548)
org.openqa.selenium.NoSuchElementException: An element could not be located on the page using the given search parameters.
For documentation on this error, please visit: https://www.seleniumhq.org/exceptions/no_such_element.html
Build info: version: '3.141.59', revision: 'e82be7d358', time: '2018-11-14T08:17:03'
System info: host: 'SD-APPS-200', ip: '10.65.150.243', os.name: 'Windows 10', os.arch: 'amd64', os.version: '10.0', java.version: '1.8.0_202'
Driver info: io.appium.java_client.android.AndroidDriver
Capabilities {automationName: UiAutomator2, databaseEnabled: false, desired: {automationName: UiAutomator2, deviceName: Galaxy A71 5G, newCommandTimeout: 600, platformName: android, platformVersion: 11, udid: R5CN80J025V}, deviceApiLevel: 30, deviceManufacturer: samsung, deviceModel: SM-A716U1, deviceName: R5CN80J025V, deviceScreenDensity: 420, deviceScreenSize: 1080x2400, deviceUDID: R5CN80J025V, javascriptEnabled: true, locationContextEnabled: false, networkConnectionEnabled: true, newCommandTimeout: 600, pixelRatio: 2.625, platform: LINUX, platformName: Android, platformVersion: 11, statBarHeight: 91, takesScreenshot: true, udid: R5CN80J025V, viewportRect: {height: 2092, left: 0, top: 91, width: 1080}, warnings: {}, webStorageEnabled: false}
Session ID: 279690c3-b051-4625-bfb3-fb06854edfb4
*** Element info: {Using=-android uiautomator, value=new UiSelector().text("Camera")}
	at sun.reflect.NativeConstructorAccessorImpl.newInstance0(Native Method)
	at sun.reflect.NativeConstructorAccessorImpl.newInstance(NativeConstructorAccessorImpl.java:62)
	at sun.reflect.DelegatingConstructorAccessorImpl.newInstance(DelegatingConstructorAccessorImpl.java:45)
	at java.lang.reflect.Constructor.newInstance(Constructor.java:423)
	at org.openqa.selenium.remote.http.W3CHttpResponseCodec.createException(W3CHttpResponseCodec.java:187)
	at org.openqa.selenium.remote.http.W3CHttpResponseCodec.decode(W3CHttpResponseCodec.java:122)
	at org.openqa.selenium.remote.http.W3CHttpResponseCodec.decode(W3CHttpResponseCodec.java:49)
	at org.openqa.selenium.remote.HttpCommandExecutor.execute(HttpCommandExecutor.java:158)
	at io.appium.java_client.remote.AppiumCommandExecutor.execute(AppiumCommandExecutor.java:239)
	at org.openqa.selenium.remote.RemoteWebDriver.execute(RemoteWebDriver.java:552)
	at io.appium.java_client.DefaultGenericMobileDriver.execute(DefaultGenericMobileDriver.java:42)
	at io.appium.java_client.AppiumDriver.execute(AppiumDriver.java:1)
	at io.appium.java_client.android.AndroidDriver.execute(AndroidDriver.java:1)
	at org.openqa.selenium.remote.RemoteWebDriver.findElement(RemoteWebDriver.java:323)
	at io.appium.java_client.DefaultGenericMobileDriver.findElement(DefaultGenericMobileDriver.java:62)
	at io.appium.java_client.AppiumDriver.findElement(AppiumDriver.java:1)
	at io.appium.java_client.android.AndroidDriver.findElement(AndroidDriver.java:1)
	at io.appium.java_client.FindsByAndroidUIAutomator.findElementByAndroidUIAutomator(FindsByAndroidUIAutomator.java:38)
	at Samsung_Galaxy_A71_5G.Test0.Format(Test0.java:776)
	at Samsung_Galaxy_A71_5G.Test0.Video(Test0.java:631)
	at Samsung_Galaxy_A71_5G.Test0.Images(Test0.java:388)
	at Samsung_Galaxy_A71_5G.Test0.start(Test0.java:212)
	at sun.reflect.NativeMethodAccessorImpl.invoke0(Native Method)
	at sun.reflect.NativeMethodAccessorImpl.invoke(NativeMethodAccessorImpl.java:62)
	at sun.reflect.DelegatingMethodAccessorImpl.invoke(DelegatingMethodAccessorImpl.java:43)
	at java.lang.reflect.Method.invoke(Method.java:498)
	at org.testng.internal.MethodInvocationHelper.invokeMethod(MethodInvocationHelper.java:80)
	at org.testng.internal.Invoker.invokeMethod(Invoker.java:673)
	at org.testng.internal.Invoker.invokeTestMethod(Invoker.java:842)
	at org.testng.internal.Invoker.invokeTestMethods(Invoker.java:1166)
	at org.testng.internal.TestMethodWorker.invokeTestMethods(TestMethodWorker.java:125)
	at org.testng.internal.TestMethodWorker.run(TestMethodWorker.java:109)
	at org.testng.TestRunner.runWorkers(TestRunner.java:1178)
	at org.testng.TestRunner.privateRun(TestRunner.java:757)
	at org.testng.TestRunner.run(TestRunner.java:608)
	at org.testng.SuiteRunner.runTest(SuiteRunner.java:334)
	at org.testng.SuiteRunner.runSequentially(SuiteRunner.java:329)
	at org.testng.SuiteRunner.privateRun(SuiteRunner.java:291)
	at org.testng.SuiteRunner.run(SuiteRunner.java:240)
	at org.testng.SuiteRunnerWorker.runSuite(SuiteRunnerWorker.java:52)
	at org.testng.SuiteRunnerWorker.run(SuiteRunnerWorker.java:86)
	at org.testng.TestNG.runSuitesSequentially(TestNG.java:1158)
	at org.testng.TestNG.runSuitesSequentially(TestNG.java:1154)
	at org.testng.TestNG.runSuitesLocally(TestNG.java:1083)
	at org.testng.TestNG.run(TestNG.java:999)
	at org.apache.maven.surefire.testng.TestNGExecutor.run(TestNGExecutor.java:284)
	at org.apache.maven.surefire.testng.TestNGXmlTestSuite.execute(TestNGXmlTestSuite.java:75)
	at org.apache.maven.surefire.testng.TestNGProvider.invoke(TestNGProvider.java:119)
	at org.apache.maven.surefire.booter.ForkedBooter.runSuitesInProcess(ForkedBooter.java:428)
	at org.apache.maven.surefire.booter.ForkedBooter.execute(ForkedBooter.java:162)
	at org.apache.maven.surefire.booter.ForkedBooter.run(ForkedBooter.java:562)
	at org.apache.maven.surefire.booter.ForkedBooter.main(ForkedBooter.java:548)
]]></system-err>
  </testcase>
  <testcase name="Format" classname="Samsung_Galaxy_A71_5G.Test3" time="290.509">
    <system-out><![CDATA[Test: Start
===================================================================================================================================================================================================================================================================================================================================================================================================================================================================================================================================================================================================================================================================================================================================
Test3 Scenario is as follows
 1.Unmount uSD Card and Format card for specified number of times
Setting up the appium desired capabilities
===================================================================================================================================================================================================================================================================================================================================================================================================================================================================================================================================================================================================================================================================================================================================
Launch Homescreen and clear recent apps
Clear recent apps successfull
Number of Unmount,mount and Format cycles = 1
Launch  setting application to format uSD card
Scroll up and select Battery and device care option
Select battery and device care
Select storag
Select more options
Select Advanced option
Unmount uSD card
Select uSD Card
Select Mount uSD Card
Select on SD card
Select Format option
Accept Format uSD Card icon
Started formatting, waiting till it gets formatted
Unmount, mount and Format uSD card cycle:0 completed succesfully
Launch File Manager application to verify  Card is fully Formated or not
Select  SD Card
Select DCIM Folder
Click On Camera Folder
Pass: Images and videos are not present in the DCIM folder, CARD format is successfully completed 
===================================================================================================================================================================================================================================================================================================================================================================================================================================================================================================================================================================================================================================================================================================================================
Final Message: Pass Test3 Pass for  Formattig uSD Card and verify data format
Test:End
===================================================================================================================================================================================================================================================================================================================================================================================================================================================================================================================================================================================================================================================================================================================================
]]></system-out>
    <system-err><![CDATA[2023-01-16 16:44:23 INFO   io.appium.java_client.remote.AppiumCommandExecutor$1 lambda$0 Detected dialect: W3C
2023-01-16 16:44:30 INFO   io.appium.java_client.remote.AppiumCommandExecutor$1 lambda$0 Detected dialect: W3C
org.openqa.selenium.NoSuchElementException: An element could not be located on the page using the given search parameters.
For documentation on this error, please visit: https://www.seleniumhq.org/exceptions/no_such_element.html
Build info: version: '3.141.59', revision: 'e82be7d358', time: '2018-11-14T08:17:03'
System info: host: 'SD-APPS-200', ip: '10.65.150.243', os.name: 'Windows 10', os.arch: 'amd64', os.version: '10.0', java.version: '1.8.0_202'
Driver info: io.appium.java_client.android.AndroidDriver
Capabilities {automationName: UiAutomator2, databaseEnabled: false, desired: {automationName: UiAutomator2, deviceName: Galaxy A71 5G, newCommandTimeout: 600, platformName: android, platformVersion: 11, udid: R5CN80J025V}, deviceApiLevel: 30, deviceManufacturer: samsung, deviceModel: SM-A716U1, deviceName: R5CN80J025V, deviceScreenDensity: 420, deviceScreenSize: 1080x2400, deviceUDID: R5CN80J025V, javascriptEnabled: true, locationContextEnabled: false, networkConnectionEnabled: true, newCommandTimeout: 600, pixelRatio: 2.625, platform: LINUX, platformName: Android, platformVersion: 11, statBarHeight: 91, takesScreenshot: true, udid: R5CN80J025V, viewportRect: {height: 2092, left: 0, top: 91, width: 1080}, warnings: {}, webStorageEnabled: false}
Session ID: 2e47d6f3-409b-44f3-a2ce-7fbb7e15fbcc
*** Element info: {Using=-android uiautomator, value=new UiSelector().text("Camera")}
	at sun.reflect.NativeConstructorAccessorImpl.newInstance0(Native Method)
	at sun.reflect.NativeConstructorAccessorImpl.newInstance(NativeConstructorAccessorImpl.java:62)
	at sun.reflect.DelegatingConstructorAccessorImpl.newInstance(DelegatingConstructorAccessorImpl.java:45)
	at java.lang.reflect.Constructor.newInstance(Constructor.java:423)
	at org.openqa.selenium.remote.http.W3CHttpResponseCodec.createException(W3CHttpResponseCodec.java:187)
	at org.openqa.selenium.remote.http.W3CHttpResponseCodec.decode(W3CHttpResponseCodec.java:122)
	at org.openqa.selenium.remote.http.W3CHttpResponseCodec.decode(W3CHttpResponseCodec.java:49)
	at org.openqa.selenium.remote.HttpCommandExecutor.execute(HttpCommandExecutor.java:158)
	at io.appium.java_client.remote.AppiumCommandExecutor.execute(AppiumCommandExecutor.java:239)
	at org.openqa.selenium.remote.RemoteWebDriver.execute(RemoteWebDriver.java:552)
	at io.appium.java_client.DefaultGenericMobileDriver.execute(DefaultGenericMobileDriver.java:42)
	at io.appium.java_client.AppiumDriver.execute(AppiumDriver.java:1)
	at io.appium.java_client.android.AndroidDriver.execute(AndroidDriver.java:1)
	at org.openqa.selenium.remote.RemoteWebDriver.findElement(RemoteWebDriver.java:323)
	at io.appium.java_client.DefaultGenericMobileDriver.findElement(DefaultGenericMobileDriver.java:62)
	at io.appium.java_client.AppiumDriver.findElement(AppiumDriver.java:1)
	at io.appium.java_client.android.AndroidDriver.findElement(AndroidDriver.java:1)
	at io.appium.java_client.FindsByAndroidUIAutomator.findElementByAndroidUIAutomator(FindsByAndroidUIAutomator.java:38)
	at Samsung_Galaxy_A71_5G.Test3.Format(Test3.java:256)
	at sun.reflect.NativeMethodAccessorImpl.invoke0(Native Method)
	at sun.reflect.NativeMethodAccessorImpl.invoke(NativeMethodAccessorImpl.java:62)
	at sun.reflect.DelegatingMethodAccessorImpl.invoke(DelegatingMethodAccessorImpl.java:43)
	at java.lang.reflect.Method.invoke(Method.java:498)
	at org.testng.internal.MethodInvocationHelper.invokeMethod(MethodInvocationHelper.java:80)
	at org.testng.internal.Invoker.invokeMethod(Invoker.java:673)
	at org.testng.internal.Invoker.invokeTestMethod(Invoker.java:842)
	at org.testng.internal.Invoker.invokeTestMethods(Invoker.java:1166)
	at org.testng.internal.TestMethodWorker.invokeTestMethods(TestMethodWorker.java:125)
	at org.testng.internal.TestMethodWorker.run(TestMethodWorker.java:109)
	at org.testng.TestRunner.runWorkers(TestRunner.java:1178)
	at org.testng.TestRunner.privateRun(TestRunner.java:757)
	at org.testng.TestRunner.run(TestRunner.java:608)
	at org.testng.SuiteRunner.runTest(SuiteRunner.java:334)
	at org.testng.SuiteRunner.runSequentially(SuiteRunner.java:329)
	at org.testng.SuiteRunner.privateRun(SuiteRunner.java:291)
	at org.testng.SuiteRunner.run(SuiteRunner.java:240)
	at org.testng.SuiteRunnerWorker.runSuite(SuiteRunnerWorker.java:52)
	at org.testng.SuiteRunnerWorker.run(SuiteRunnerWorker.java:86)
	at org.testng.TestNG.runSuitesSequentially(TestNG.java:1158)
	at org.testng.TestNG.runSuitesSequentially(TestNG.java:1154)
	at org.testng.TestNG.runSuitesLocally(TestNG.java:1083)
	at org.testng.TestNG.run(TestNG.java:999)
	at org.apache.maven.surefire.testng.TestNGExecutor.run(TestNGExecutor.java:284)
	at org.apache.maven.surefire.testng.TestNGXmlTestSuite.execute(TestNGXmlTestSuite.java:75)
	at org.apache.maven.surefire.testng.TestNGProvider.invoke(TestNGProvider.java:119)
	at org.apache.maven.surefire.booter.ForkedBooter.runSuitesInProcess(ForkedBooter.java:428)
	at org.apache.maven.surefire.booter.ForkedBooter.execute(ForkedBooter.java:162)
	at org.apache.maven.surefire.booter.ForkedBooter.run(ForkedBooter.java:562)
	at org.apache.maven.surefire.booter.ForkedBooter.main(ForkedBooter.java:548)
]]></system-err>
  </testcase>
  <testcase name="CopyPaste" classname="Samsung_Galaxy_A71_5G.Test18" time="1,065.941">
    <system-out><![CDATA[===================================================================================================================================================================================================================================================================================================================================================================================================================================================================================================================================================================================================================================================================================================================================
===================================================================================================================================================================================================================================================================================================================================================================================================================================================================================================================================================================================================================================================================================================================================
Test18 Scenario is as follows
1.Pushing 1GB zip File to Host Internal Memory via server folder named as Test1 
2.Extracting zip file in Host internal memory
3.Copy Paste 1GB file (Test1) from host internal memory to uSD Card, Create a folder named Test2 in uSD Card, Copy paste 1GB Folder(Test1) From internal to external inside folder Test2 and Vice versa
4.Create folder name(New_Scenario in External memory, select folder name(Test2) from internal memory and perform cut paste operation from internla to external memory
Setting up the appium desired capabilities
Launch Home Screen application and clear recent apps
Pushing zip file to host internal memory
Push file is successfull
Launching file manager application to extract zip and perform copy paste, cut paste operation from internal memory to external memory
clcik on ok
click on browse option
swipe up and search for sd card
Select Internal storage
select Test1 folder from internal storage
Unzip folder name test_file
Extracting Push zip file as Folder named Test1
Extracting Complete
click on done
Launching file manager application
swipe up and search for internal storage
Select Internal storage
Select Test1 folder from internal storage
Select more options
Select Copy option
Select External Storage
Select Paste option for copy paste Test1 folder from Internal to external storage
Copy paste 1GB folder from Internal to external storage is successfull
swipe up and search for internal storage
Select Internal storage
Long Press and select and Test1 Folder
Select more options
Select Copy option
Select External storage
Creating folder name Test2 in uSD card
Select create new folder option
Name folder as Test2
Copy paste Test1 folder inside Test2 folder
Copy paste Test1 folder inside Test2 folder in uSD card completed successfully
swipe up and search for sd card
Select External Storage
Select list view
Long Press and select and Test2 Folder 
Select Test2 folder and perform copy paste operation from external to internal memory
Select more options
Select Copy option
Select Internal storage
click on copy here
Pass: Test18 Pass for Copy paste operation from internal memory to external memory and vice versa scenario completed successfully
swipe up and search for internal storage
Select Internal storage
Long Press and select and Test2 Folder
Creating Folder Name New_Scenario in External Storage and perform Cut paste operation from Internal to external storage
Select move option
Select External storage
click on create folder and create  folder name New_Scenario in sd card
Select Move to option
Move to Test1 folder inside New_Scenario folder
switch to list view mode
Pass: Cut paste Operation Completed Successfully
===================================================================================================================================================================================================================================================================================================================================================================================================================================================================================================================================================================================================================================================================================================================================
Final Message: Pass Test18 pass for copy paste & cut paste operation
Test: End
===================================================================================================================================================================================================================================================================================================================================================================================================================================================================================================================================================================================================================================================================================================================================
]]></system-out>
    <system-err><![CDATA[2023-01-16 16:49:20 INFO   io.appium.java_client.remote.AppiumCommandExecutor$1 lambda$0 Detected dialect: W3C
2023-01-16 16:49:32 INFO   io.appium.java_client.remote.AppiumCommandExecutor$1 lambda$0 Detected dialect: W3C
org.openqa.selenium.NoSuchElementException: An element could not be located on the page using the given search parameters.
For documentation on this error, please visit: https://www.seleniumhq.org/exceptions/no_such_element.html
Build info: version: '3.141.59', revision: 'e82be7d358', time: '2018-11-14T08:17:03'
System info: host: 'SD-APPS-200', ip: '10.65.150.243', os.name: 'Windows 10', os.arch: 'amd64', os.version: '10.0', java.version: '1.8.0_202'
Driver info: io.appium.java_client.android.AndroidDriver
Capabilities {automationName: UiAutomator2, databaseEnabled: false, desired: {automationName: UiAutomator2, deviceName: Galaxy A71 5G, newCommandTimeout: 600, platformName: android, platformVersion: 11, udid: R5CN80J025V}, deviceApiLevel: 30, deviceManufacturer: samsung, deviceModel: SM-A716U1, deviceName: R5CN80J025V, deviceScreenDensity: 420, deviceScreenSize: 1080x2400, deviceUDID: R5CN80J025V, javascriptEnabled: true, locationContextEnabled: false, networkConnectionEnabled: true, newCommandTimeout: 600, pixelRatio: 2.625, platform: LINUX, platformName: Android, platformVersion: 11, statBarHeight: 91, takesScreenshot: true, udid: R5CN80J025V, viewportRect: {height: 2092, left: 0, top: 91, width: 1080}, warnings: {}, webStorageEnabled: false}
Session ID: 57025ed9-3545-4e3a-8424-a8a1e96d7d06
*** Element info: {Using=xpath, value=//*[@resource-id='com.itel.filemanager:id/notice_ok']}
	at sun.reflect.NativeConstructorAccessorImpl.newInstance0(Native Method)
	at sun.reflect.NativeConstructorAccessorImpl.newInstance(NativeConstructorAccessorImpl.java:62)
	at sun.reflect.DelegatingConstructorAccessorImpl.newInstance(DelegatingConstructorAccessorImpl.java:45)
	at java.lang.reflect.Constructor.newInstance(Constructor.java:423)
	at org.openqa.selenium.remote.http.W3CHttpResponseCodec.createException(W3CHttpResponseCodec.java:187)
	at org.openqa.selenium.remote.http.W3CHttpResponseCodec.decode(W3CHttpResponseCodec.java:122)
	at org.openqa.selenium.remote.http.W3CHttpResponseCodec.decode(W3CHttpResponseCodec.java:49)
	at org.openqa.selenium.remote.HttpCommandExecutor.execute(HttpCommandExecutor.java:158)
	at io.appium.java_client.remote.AppiumCommandExecutor.execute(AppiumCommandExecutor.java:239)
	at org.openqa.selenium.remote.RemoteWebDriver.execute(RemoteWebDriver.java:552)
	at io.appium.java_client.DefaultGenericMobileDriver.execute(DefaultGenericMobileDriver.java:42)
	at io.appium.java_client.AppiumDriver.execute(AppiumDriver.java:1)
	at io.appium.java_client.android.AndroidDriver.execute(AndroidDriver.java:1)
	at org.openqa.selenium.remote.RemoteWebDriver.findElement(RemoteWebDriver.java:323)
	at io.appium.java_client.DefaultGenericMobileDriver.findElement(DefaultGenericMobileDriver.java:62)
	at io.appium.java_client.AppiumDriver.findElement(AppiumDriver.java:1)
	at io.appium.java_client.android.AndroidDriver.findElement(AndroidDriver.java:1)
	at org.openqa.selenium.remote.RemoteWebDriver.findElementByXPath(RemoteWebDriver.java:428)
	at io.appium.java_client.DefaultGenericMobileDriver.findElementByXPath(DefaultGenericMobileDriver.java:152)
	at io.appium.java_client.AppiumDriver.findElementByXPath(AppiumDriver.java:1)
	at io.appium.java_client.android.AndroidDriver.findElementByXPath(AndroidDriver.java:1)
	at org.openqa.selenium.By$ByXPath.findElement(By.java:353)
	at org.openqa.selenium.remote.RemoteWebDriver.findElement(RemoteWebDriver.java:315)
	at io.appium.java_client.DefaultGenericMobileDriver.findElement(DefaultGenericMobileDriver.java:58)
	at io.appium.java_client.AppiumDriver.findElement(AppiumDriver.java:1)
	at io.appium.java_client.android.AndroidDriver.findElement(AndroidDriver.java:1)
	at Samsung_Galaxy_A71_5G.Test18.CopyPaste(Test18.java:133)
	at sun.reflect.NativeMethodAccessorImpl.invoke0(Native Method)
	at sun.reflect.NativeMethodAccessorImpl.invoke(NativeMethodAccessorImpl.java:62)
	at sun.reflect.DelegatingMethodAccessorImpl.invoke(DelegatingMethodAccessorImpl.java:43)
	at java.lang.reflect.Method.invoke(Method.java:498)
	at org.testng.internal.MethodInvocationHelper.invokeMethod(MethodInvocationHelper.java:80)
	at org.testng.internal.Invoker.invokeMethod(Invoker.java:673)
	at org.testng.internal.Invoker.invokeTestMethod(Invoker.java:842)
	at org.testng.internal.Invoker.invokeTestMethods(Invoker.java:1166)
	at org.testng.internal.TestMethodWorker.invokeTestMethods(TestMethodWorker.java:125)
	at org.testng.internal.TestMethodWorker.run(TestMethodWorker.java:109)
	at org.testng.TestRunner.runWorkers(TestRunner.java:1178)
	at org.testng.TestRunner.privateRun(TestRunner.java:757)
	at org.testng.TestRunner.run(TestRunner.java:608)
	at org.testng.SuiteRunner.runTest(SuiteRunner.java:334)
	at org.testng.SuiteRunner.runSequentially(SuiteRunner.java:329)
	at org.testng.SuiteRunner.privateRun(SuiteRunner.java:291)
	at org.testng.SuiteRunner.run(SuiteRunner.java:240)
	at org.testng.SuiteRunnerWorker.runSuite(SuiteRunnerWorker.java:52)
	at org.testng.SuiteRunnerWorker.run(SuiteRunnerWorker.java:86)
	at org.testng.TestNG.runSuitesSequentially(TestNG.java:1158)
	at org.testng.TestNG.runSuitesSequentially(TestNG.java:1154)
	at org.testng.TestNG.runSuitesLocally(TestNG.java:1083)
	at org.testng.TestNG.run(TestNG.java:999)
	at org.apache.maven.surefire.testng.TestNGExecutor.run(TestNGExecutor.java:284)
	at org.apache.maven.surefire.testng.TestNGXmlTestSuite.execute(TestNGXmlTestSuite.java:75)
	at org.apache.maven.surefire.testng.TestNGProvider.invoke(TestNGProvider.java:119)
	at org.apache.maven.surefire.booter.ForkedBooter.runSuitesInProcess(ForkedBooter.java:428)
	at org.apache.maven.surefire.booter.ForkedBooter.execute(ForkedBooter.java:162)
	at org.apache.maven.surefire.booter.ForkedBooter.run(ForkedBooter.java:562)
	at org.apache.maven.surefire.booter.ForkedBooter.main(ForkedBooter.java:548)
]]></system-err>
  </testcase>
  <testcase name="recordAudio" classname="Samsung_Galaxy_A71_5G.Test8" time="573.328">
    <system-out><![CDATA[Test: Start
===================================================================================================================================================================================================================================================================================================================================================================================================================================================================================================================================================================================================================================================================================================================================
Test8 scenario is as follows
1.Launch mobile default voice recording application and set uSD card storage option, record audio file for 2 minutes duration
2.Launch file manager application and playback recorded audio file from external storage, fast forward audio file and pause
3.Launch file manager application and playback copied audio files from external storage the files are placed in the Test1 folder
Setting up the appium desired capabilities
===================================================================================================================================================================================================================================================================================================================================================================================================================================================================================================================================================================================================================================================================================================================================
Launch Home screen application and clear recent apps
Launch Voice recorder application for Audio recording
If application launch permission pop-up exists accept allow permission to launch application
 No Launch permission Pop-up  found
If save to uSD card pop-up exists select Save to SD card option
logger.info("Select More options and Set uSD card as storage option
Select settings option
Select Storage location
Select uSD card
Start Recording
Stop Recording
Stop and Save Recording
Pass: Test8 pass for recording an audio file
===================================================================================================================================================================================================================================================================================================================================================================================================================================================================================================================================================================================================================================================================================================================================
Launch File Manager Application to verify recorded audio
swipe up and search for sd card
Select  SD Card
Select list view
Select Music Folder
Select Voice recorder
switch to list view mode
Select More Options 
Click On Select All Options
Test8: 1 Audio file recorded  sucessfully
Pass: Test8 pass for audio recording in uSD Card
===================================================================================================================================================================================================================================================================================================================================================================================================================================================================================================================================================================================================================================================================================================================================
Calling PlayRecordedAudio() to play back recorded file
Launch File Manager Application
Select  SD Card
Select list view
Select Music Folder
Select Voice recorder
switch to list view mode
Click Audio file for play back and fast forward
Started Audio playback
click on fastforward  10 seconds
click on pause
Pass: Test8 Pass for playing recorded Audio file
Pass: Test8 Pass for playing, fast forward, and pause recorded audio file scenario
===================================================================================================================================================================================================================================================================================================================================================================================================================================================================================================================================================================================================================================================================================================================================
Calling PlayCopiedAudioFile() for copied audio files from Test1 folder
Launching file manager application
Select  SD Card
Select test1
Select testfile
Select 1GB
Select MP3Files
Select Laahe.Mp3.mp3
Started video playback
Click fast forward button for 10 seconds audio forward
Pause audio playback
Pass: 1st Copied Audio play back and fast forward is successfull
 select 11 Rob Thomas - Lonely No More.mp3
Started audio playback
Click fast forward button for 10 seconds audio forward
Pause audio playback
Pass: 2nd Copied Audio play back and fast forward is successfull
select file_example_MP3_5MG.mp3
Started audio playback
Click fast forward button for 10 seconds audio forward
Pause audio playback
Pass: 3rd Copied Audio play back and fast forward is successfull
Pass: Test8 Pass for Recorded and copied audio play back and fast forward scenario 
===================================================================================================================================================================================================================================================================================================================================================================================================================================================================================================================================================================================================================================================================================================================================
Final Message: Pass Test8 Pass for Recorded and copied audio play back and fast forward scenario
Test: End
===================================================================================================================================================================================================================================================================================================================================================================================================================================================================================================================================================================================================================================================================================================================================
]]></system-out>
    <system-err><![CDATA[2023-01-16 17:07:13 INFO   io.appium.java_client.remote.AppiumCommandExecutor$1 lambda$0 Detected dialect: W3C
2023-01-16 17:07:25 INFO   io.appium.java_client.remote.AppiumCommandExecutor$1 lambda$0 Detected dialect: W3C
]]></system-err>
  </testcase>
  <testcase name="rearVideoRec" classname="Samsung_Galaxy_A71_5G.Test10" time="1,251.485">
    <system-out><![CDATA[Test: Start
===================================================================================================================================================================================================================================================================================================================================================================================================================================================================================================================================================================================================================================================================================================================================
Test10 Scenario is as follows
1.Launch Camera application and start back camera video recording for all host applicable resolutions in uSD Card
2.Playback Highest resolution recorded video from USD Card, fast forward playback and pause video scenario 
3.Playback copied videos from Test1 folder, fast forward and pause scenario
4.Move rear camera recorded videos from external storage to Test10 folder in external storage
Setting up the appium desired capabilities
===================================================================================================================================================================================================================================================================================================================================================================================================================================================================================================================================================================================================================================================================================================================================
Clearing  Recent Apps
Launch Camera Application for rear camera video recording
If change to uSD card pop-up exists select Cancel
change to SD card element not found : org.openqa.selenium.NoSuchElementException: An element could not be located on the page using the given search parameters.
For documentation on this error, please visit: https://www.seleniumhq.org/exceptions/no_such_element.html
Build info: version: '3.141.59', revision: 'e82be7d358', time: '2018-11-14T08:17:03'
System info: host: 'SD-APPS-200', ip: '10.65.150.243', os.name: 'Windows 10', os.arch: 'amd64', os.version: '10.0', java.version: '1.8.0_202'
Driver info: io.appium.java_client.android.AndroidDriver
Capabilities {automationName: UiAutomator2, databaseEnabled: false, desired: {automationName: UiAutomator2, deviceName: Galaxy A71 5G, newCommandTimeout: 1200, platformName: android, platformVersion: 11, udid: R5CN80J025V}, deviceApiLevel: 30, deviceManufacturer: samsung, deviceModel: SM-A716U1, deviceName: R5CN80J025V, deviceScreenDensity: 420, deviceScreenSize: 1080x2400, deviceUDID: R5CN80J025V, javascriptEnabled: true, locationContextEnabled: false, networkConnectionEnabled: true, newCommandTimeout: 1200, pixelRatio: 2.625, platform: LINUX, platformName: Android, platformVersion: 11, statBarHeight: 91, takesScreenshot: true, udid: R5CN80J025V, viewportRect: {height: 2092, left: 0, top: 91, width: 1080}, warnings: {}, webStorageEnabled: false}
Session ID: afd75902-00e5-42b7-8760-6b58fdd236ed
*** Element info: {Using=-android uiautomator, value=new UiSelector().text("Cancel")}
If Location access Permission Request Pop Exists Click on Cancel. 
Location access pop-up  not found : org.openqa.selenium.NoSuchElementException: An element could not be located on the page using the given search parameters.
For documentation on this error, please visit: https://www.seleniumhq.org/exceptions/no_such_element.html
Build info: version: '3.141.59', revision: 'e82be7d358', time: '2018-11-14T08:17:03'
System info: host: 'SD-APPS-200', ip: '10.65.150.243', os.name: 'Windows 10', os.arch: 'amd64', os.version: '10.0', java.version: '1.8.0_202'
Driver info: io.appium.java_client.android.AndroidDriver
Capabilities {automationName: UiAutomator2, databaseEnabled: false, desired: {automationName: UiAutomator2, deviceName: Galaxy A71 5G, newCommandTimeout: 1200, platformName: android, platformVersion: 11, udid: R5CN80J025V}, deviceApiLevel: 30, deviceManufacturer: samsung, deviceModel: SM-A716U1, deviceName: R5CN80J025V, deviceScreenDensity: 420, deviceScreenSize: 1080x2400, deviceUDID: R5CN80J025V, javascriptEnabled: true, locationContextEnabled: false, networkConnectionEnabled: true, newCommandTimeout: 1200, pixelRatio: 2.625, platform: LINUX, platformName: Android, platformVersion: 11, statBarHeight: 91, takesScreenshot: true, udid: R5CN80J025V, viewportRect: {height: 2092, left: 0, top: 91, width: 1080}, warnings: {}, webStorageEnabled: false}
Session ID: afd75902-00e5-42b7-8760-6b58fdd236ed
*** Element info: {Using=-android uiautomator, value=new UiSelector().text("Cancel")}
Switch To Rear Camera mode if current Exiting camera is Front camera mode
Current Existing Camera is Rear Camera mode.
Test10_Bcam_res: 4 resolutions supported
Switch to video mode
Click On Settings and set uSD card as storage option
Swipe Up and select storage location option
Select SD as storage option
Select Rear video size
Select First Rear camera video size, UHD (30 fps) 
recordingDurationRear = 180Seconds
Start video recording
Stop video recording
Select Rear Video size
Select second Rear camera video size, FHD (60 fps)
recordingDurationRear1 = 180Seconds
Start video recording
Stop video recording
Select Rear Video size
Select Rear camera video size, FHD (30 fps)
recordingDurationRea2 = 180Seconds
Start rear video recording
Stop Recording
Select Rear Video size
Select Rear camera video size, HD (30 fps)
recordingDurationRea3 = 180Seconds
Start rear video recording
Stop Recording
Pass: Rear video recording is successfull
Launch File Manager Application to verify captured videos
swipe up and search for sd card
Select  SD Card
swipe up and search for dcim
Select DCIM Folder
Select Camera Folder
Select More Options 
Click On Select All Options
Test10_Bcam_video: 4 Videos captured successfull
===================================================================================================================================================================================================================================================================================================================================================================================================================================================================================================================================================================================================================================================================================================================================
Calling RecordedVideoPlayback() for Playing Highest record video, fast forward video play back scenario
Launch files Application select usd card ply highest resolution recorded video and fastforward same
swipe up and search for sd card
Select External Storage
swipe up and search for dcim
Select DCIM folder
Select Camera folder
select more options
Select Sort BY
Select Largest first
Click on first file to play highest recorded resolution video file from usd card
Started video playback
Tap Somewhere on Screen for contents to visible on Screen
Fast forward video for 10 seconds
Pause video 
Pass: Recorded Video play back and fast forward successfull 
===================================================================================================================================================================================================================================================================================================================================================================================================================================================================================================================================================================================================================================================================================================================================
Calling DataMovementOperation() to move recorded rear camer videos to Test10 Folder 
Re-launch file manager application and select external storage for data move operation, select all rear camera videos present in camera folder and move to Test10 folder
Select external storage
switch to grid view mode and select DCIM folder
Select DCIM folder
Select camera folder
switch to list view mode
Click More options
Click select all
Click More options
select move to option
select uSD Card
Select ADD NEW Folder option
Name folder as Test10
Accept create folder
Cut paste  video files operation completed successfully
Test10: Data move operation completed successfully
Pass: Test10 Pass for data move operation successfully
===================================================================================================================================================================================================================================================================================================================================================================================================================================================================================================================================================================================================================================================================================================================================
Calling copiedvideosPlayBack() for playing copied video file from Test1 folder
Launch file manager application, select uSD card, select Test1 folder, select Videos folder and Play copied videos and fast forward the same 
swipe up and search for sd card
Select external storage
Select test1folder
Select test_file folder
Select OneGB folder
Select video folder
Select LG_4K_DEMO_HDR_2018_(60FPS)_ELBA(480p).mp4 file from uSD card(Test1-->videos) for video playback and fast forward
Select LG_4K_DEMO_HDR_2018_(60FPS)_ELBA(480p).mp4 file for video playback
Started video playback
Tap Somewhere on Screen for contents to visible on Screen
Click fast forward button for 10 seconds video forward
Pause video 
Select FHD 5.1 ( 1350 X 2560 ).webm file from uSD card(Test1-->videos) for video playback and fast forward
Started video playback
Tap Somewhere on Screen for contents to visible on Screen
Pause video 
Pass: FHD Video play back and fast forward is successful 
===================================================================================================================================================================================================================================================================================================================================================================================================================================================================================================================================================================================================================================================================================================================================
Final message: Pass Test10 Pass for Playing Copied Video files, recorded video file and fast forward video play back scenario 
Test: End
===================================================================================================================================================================================================================================================================================================================================================================================================================================================================================================================================================================================================================================================================================================================================
]]></system-out>
    <system-err><![CDATA[2023-01-16 17:16:53 INFO   io.appium.java_client.remote.AppiumCommandExecutor$1 lambda$0 Detected dialect: W3C
2023-01-16 17:17:00 INFO   io.appium.java_client.remote.AppiumCommandExecutor$1 lambda$0 Detected dialect: W3C
Pass: 4K Video play back and fast forward is successful 
Click fast forward button for 10 seconds video forward
]]></system-err>
  </testcase>
  <testcase name="rearVideoRec" classname="Samsung_Galaxy_A71_5G.Test10F" time="1,167.772">
    <system-out><![CDATA[Test:Start
===================================================================================================================================================================================================================================================================================================================================================================================================================================================================================================================================================================================================================================================================================================================================
Test10F Scenario is as follows
1. Launch Camera application and start front camera video recording for all host applicable resolutions in uSD Card
2. Playback front Highest recorded video from uSD card for 30 seconds, pause video playback, lock mobile and wait 30 seconds, unlock mobile and playback video from pause video duration
3.Move front camera recorded videos from external storage to Test10 folder in external storage
Setting up the appium desired capabilities
===================================================================================================================================================================================================================================================================================================================================================================================================================================================================================================================================================================================================================================================================================================================================
Launch Home screen and clear recent AppsLaunch Camera Application for rear camera video recording
If change to uSD card pop-up exists select Cancel
change to SD card element not found : org.openqa.selenium.NoSuchElementException: An element could not be located on the page using the given search parameters.
For documentation on this error, please visit: https://www.seleniumhq.org/exceptions/no_such_element.html
Build info: version: '3.141.59', revision: 'e82be7d358', time: '2018-11-14T08:17:03'
System info: host: 'SD-APPS-200', ip: '10.65.150.243', os.name: 'Windows 10', os.arch: 'amd64', os.version: '10.0', java.version: '1.8.0_202'
Driver info: io.appium.java_client.android.AndroidDriver
Capabilities {automationName: UiAutomator2, databaseEnabled: false, desired: {automationName: UiAutomator2, deviceName: Galaxy A71 5G, newCommandTimeout: 1200, platformName: android, platformVersion: 11, udid: R5CN80J025V}, deviceApiLevel: 30, deviceManufacturer: samsung, deviceModel: SM-A716U1, deviceName: R5CN80J025V, deviceScreenDensity: 420, deviceScreenSize: 1080x2400, deviceUDID: R5CN80J025V, javascriptEnabled: true, locationContextEnabled: false, networkConnectionEnabled: true, newCommandTimeout: 1200, pixelRatio: 2.625, platform: LINUX, platformName: Android, platformVersion: 11, statBarHeight: 91, takesScreenshot: true, udid: R5CN80J025V, viewportRect: {height: 2092, left: 0, top: 91, width: 1080}, warnings: {}, webStorageEnabled: false}
Session ID: 72b689e4-7041-49a8-aecd-f1c039c3caea
*** Element info: {Using=-android uiautomator, value=new UiSelector().text("Cancel")}
If Location access Permission Request Pop Exists Click on Cancel. 
Location access pop-up  not found : org.openqa.selenium.NoSuchElementException: An element could not be located on the page using the given search parameters.
For documentation on this error, please visit: https://www.seleniumhq.org/exceptions/no_such_element.html
Build info: version: '3.141.59', revision: 'e82be7d358', time: '2018-11-14T08:17:03'
System info: host: 'SD-APPS-200', ip: '10.65.150.243', os.name: 'Windows 10', os.arch: 'amd64', os.version: '10.0', java.version: '1.8.0_202'
Driver info: io.appium.java_client.android.AndroidDriver
Capabilities {automationName: UiAutomator2, databaseEnabled: false, desired: {automationName: UiAutomator2, deviceName: Galaxy A71 5G, newCommandTimeout: 1200, platformName: android, platformVersion: 11, udid: R5CN80J025V}, deviceApiLevel: 30, deviceManufacturer: samsung, deviceModel: SM-A716U1, deviceName: R5CN80J025V, deviceScreenDensity: 420, deviceScreenSize: 1080x2400, deviceUDID: R5CN80J025V, javascriptEnabled: true, locationContextEnabled: false, networkConnectionEnabled: true, newCommandTimeout: 1200, pixelRatio: 2.625, platform: LINUX, platformName: Android, platformVersion: 11, statBarHeight: 91, takesScreenshot: true, udid: R5CN80J025V, viewportRect: {height: 2092, left: 0, top: 91, width: 1080}, warnings: {}, webStorageEnabled: false}
Session ID: 72b689e4-7041-49a8-aecd-f1c039c3caea
*** Element info: {Using=-android uiautomator, value=new UiSelector().text("Cancel")}
Test10F_Fcam_res: 4 resolutions supported
Switch to front camera mode
Switch to video mode
Select settings option
Swipe up and Select Storage location
Select uSD card as Storage option
Click on front video size and select resolution
Select 1st Front Video Resolution:Front camera video size, UHD (30 fps)
recordingDurationFront = 180Seconds
Start front video recodring
Stop Recording
Click front video size and select second resolution
Select second resolution:Front camera video size, FHD (60 fps)
recordingDurationFront1 = 180Seconds
Start front video recodring
Stop Recording
Click front video size and select third resolution
Select thirg resolution
recordingDurationFront2 = 180Seconds
Start front video recodring
Stop Recording
Click front video size and select fourth resolution
Select second resolution
recordingDurationFront3 = 180Seconds
Start front video recodring
Stop Recording
Switch to back camera mode
Switch to back camera mode
Pass: Test10F pass for front camera video recording
Launch File Manager Application to verify captured videos
Select  SD Card
swipe up and search for dcim
Select DCIM Folder
Select Camera Folder
Select More Options 
Click On Select All Options
Test10F_Fcam_video: 4 Videos captured successfull
Calling VideoPlayBackForSleepWake()
===================================================================================================================================================================================================================================================================================================================================================================================================================================================================================================================================================================================================================================================================================================================================
Calling VideoPlayBackForSleepWake()
Launch File Manager application and playback front recorded video from USD for 30 seconds, pause video playback, locking phone and unlock after 30 seconds delay and playback video from pause duration.
swipe up and search for sd card
Select External Storage
swipe up and search for dcim
//Select DCIM Folder
//Select  camera folder
select more options
Select Sort BY
Select Newest date first
Click on first file to play newest date frist recorded resolution video file in usd card
Started video playback
Tap Somewhere on Screen for contents to visible on Screen
Lock Mobile with 30 seconds delay
Wait For 30Seconds
Unlock Mobile
Pause video 
Pass: Test10F Pass for Front video play back, Pause,Lock and Unlock Phone Play back from Pause duration Scenario
===================================================================================================================================================================================================================================================================================================================================================================================================================================================================================================================================================================================================================================================================================================================================
Calling Data Move Operation
Re-launch file manager application and select external storage for data move operation, select all rear camera videos present in camera folder and move to Test10 folder
Select external storage
switch to grid view mode and select DCIM folder
Select DCIM folder
Select camera folder
switch to list view mode
Click More options
Click select all
Click More options
select move to option
select uSD Card
Select ADD NEW Folder option
Name folder as Test10F
Accept create folder
Cut paste  video files operation completed successfully
Test10F: Data move operation completed successfully
Pass: Test10F Pass for data move operation successfully
===================================================================================================================================================================================================================================================================================================================================================================================================================================================================================================================================================================================================================================================================================================================================
Final Message: Pass Test10F Pass for Pause Video Playback
Test: End
===================================================================================================================================================================================================================================================================================================================================================================================================================================================================================================================================================================================================================================================================================================================================
]]></system-out>
    <system-err><![CDATA[2023-01-16 17:37:53 INFO   io.appium.java_client.remote.AppiumCommandExecutor$1 lambda$0 Detected dialect: W3C
2023-01-16 17:37:59 INFO   io.appium.java_client.remote.AppiumCommandExecutor$1 lambda$0 Detected dialect: W3C
]]></system-err>
  </testcase>
  <testcase name="RearPictureCapture" classname="Samsung_Galaxy_A71_5G.Test9" time="772.275">
    <system-out><![CDATA[Test: Start
===================================================================================================================================================================================================================================================================================================================================================================================================================================================================================================================================================================================================================================================================================================================================
Test9 Scenario is follows:
1.Launch camera application, set USD as a Storage option, start rear camera Image capture for all host resolutions
2.Move rear camera captured images from external storage to Test9 folder in external storage
Setting up the appium desired capabilities
===================================================================================================================================================================================================================================================================================================================================================================================================================================================================================================================================================================================================================================================================================================================================
Launch Home Screen and Clear recent
Launch Camera application for rear Picture capture for all host resolution
If change to uSD card pop-up exists select Cancel
change to SD card element not found : org.openqa.selenium.NoSuchElementException: An element could not be located on the page using the given search parameters.
For documentation on this error, please visit: https://www.seleniumhq.org/exceptions/no_such_element.html
Build info: version: '3.141.59', revision: 'e82be7d358', time: '2018-11-14T08:17:03'
System info: host: 'SD-APPS-200', ip: '10.65.150.243', os.name: 'Windows 10', os.arch: 'amd64', os.version: '10.0', java.version: '1.8.0_202'
Driver info: io.appium.java_client.android.AndroidDriver
Capabilities {automationName: UiAutomator2, databaseEnabled: false, desired: {automationName: UiAutomator2, deviceName: Galaxy A71 5G, newCommandTimeout: 600, platformName: android, platformVersion: 11, udid: R5CN80J025V}, deviceApiLevel: 30, deviceManufacturer: samsung, deviceModel: SM-A716U1, deviceName: R5CN80J025V, deviceScreenDensity: 420, deviceScreenSize: 1080x2400, deviceUDID: R5CN80J025V, javascriptEnabled: true, locationContextEnabled: false, networkConnectionEnabled: true, newCommandTimeout: 600, pixelRatio: 2.625, platform: LINUX, platformName: Android, platformVersion: 11, statBarHeight: 91, takesScreenshot: true, udid: R5CN80J025V, viewportRect: {height: 2092, left: 0, top: 91, width: 1080}, warnings: {}, webStorageEnabled: false}
Session ID: 16c5ce19-656c-4909-a2cd-c5120927de1b
*** Element info: {Using=-android uiautomator, value=new UiSelector().text("Cancel")}
If Location access Permission Request Pop Exists Click on Cancel. 
Switch To Rear Camera mode if current Exiting camera is Front camera mode
Current Existing Camera is Rear Camera mode.
Test9_Bcam_res: 5 resolutions supported
Click Settings option
Search for Storage location
Select SD as storage option
Select Rear Image Size
Select first Image Resoution: Ratio, Three by four 64-megapixel high resolution
totalPictureCountRear = 12
clicking First   Resolution Image0
clicking First   Resolution Image1
clicking First   Resolution Image2
clicking First   Resolution Image3
clicking First   Resolution Image4
clicking First   Resolution Image5
clicking First   Resolution Image6
clicking First   Resolution Image7
clicking First   Resolution Image8
clicking First   Resolution Image9
clicking First   Resolution Image10
clicking First   Resolution Image11
Back camera first resolution:12 images Captured succesfull
Select Rear Image Size
Select Second Image Resoution: 3:4 
totalPictureCountRear1 = 12
clicking Second   Resolution Image0
clicking Second   Resolution Image1
clicking Second   Resolution Image2
clicking Second   Resolution Image3
clicking Second   Resolution Image4
clicking Second   Resolution Image5
clicking Second   Resolution Image6
clicking Second   Resolution Image7
clicking Second   Resolution Image8
clicking Second   Resolution Image9
clicking Second   Resolution Image10
clicking Second   Resolution Image11
Back camera second resolution:12 images Captured succesfull
Select third Image Resoution: 9:16
totalPictureCountRear2 = 12
clicking Third   Resolution Image0
clicking Third   Resolution Image1
clicking Third   Resolution Image2
clicking Third   Resolution Image3
clicking Third   Resolution Image4
clicking Third   Resolution Image5
clicking Third   Resolution Image6
clicking Third   Resolution Image7
clicking Third   Resolution Image8
clicking Third   Resolution Image9
clicking Third   Resolution Image10
clicking Third   Resolution Image11
Back camera third resolution:12 images Captured succesfull
Select Fourth Image Resoution: 1:1
totalPictureCountRear3 = 12
clicking Fourth   Resolution Image0
clicking Fourth   Resolution Image1
clicking Fourth   Resolution Image2
clicking Fourth   Resolution Image3
clicking Fourth   Resolution Image4
clicking Fourth   Resolution Image5
clicking Fourth   Resolution Image6
clicking Fourth   Resolution Image7
clicking Fourth   Resolution Image8
clicking Fourth   Resolution Image9
clicking Fourth   Resolution Image10
clicking Fourth   Resolution Image11
Back camera fourth resolution: 12 images Captured succesfull
Select fifth resolution
totalPictureCountRear4 = 12
clicking Fifth   Resolution Image0
clicking Fifth   Resolution Image1
clicking Fifth   Resolution Image2
clicking Fifth   Resolution Image3
clicking Fifth   Resolution Image4
clicking Fifth   Resolution Image5
clicking Fifth   Resolution Image6
clicking Fifth   Resolution Image7
clicking Fifth   Resolution Image8
clicking Fifth   Resolution Image9
clicking Fifth   Resolution Image10
clicking Fifth   Resolution Image11
Back camera fifth resolution: 12 images Captured succesfull
Total Count value: 60 images to be Captured 
Launch file manager application and verify recorded video present in uSD Card
Swipe up to select uSD card
Select SD card
switch to grid view mode to select DCIM folder
Select DCIM Folder
Select camera folder
switch to list view mode
Click More options
Click select all
Total Image
Test9_Bcam_image: 60 selected images Captured succesfull
Actual Value:60 selected
Interger value:60
Tolerance_Level = 75

Pass: Test9 pass for rear Image capture
Test9 Bcam_image: 60  images Captured succesfull
===================================================================================================================================================================================================================================================================================================================================================================================================================================================================================================================================================================================================================================================================================================================================
calling DataMoveOperation()
Re-launch file manager application and select external storage for data move operation, select all rear camera images files present in camera folder and move to Test9 folder
Select external storage
switch to grid view mode and select DCIM folder
Select DCIM folder
Select camera folder
switch to list view mode
Click More options
Click select all
Click More options
select move to option
select uSD Card
Select ADD NEW Folder option
Name folder as Test9
Accept create folder
Cut paste  operation completed successfully
Test9: Data move operation completed successfully
Pass: Test9 Pass for data move operation successfully
===================================================================================================================================================================================================================================================================================================================================================================================================================================================================================================================================================================================================================================================================================================================================
Final Message: Pass Test9 Pass for Rear camera image capture  successfully
Test: End
===================================================================================================================================================================================================================================================================================================================================================================================================================================================================================================================================================================================================================================================================================================================================
]]></system-out>
    <system-err><![CDATA[2023-01-16 17:57:28 INFO   io.appium.java_client.remote.AppiumCommandExecutor$1 lambda$0 Detected dialect: W3C
2023-01-16 17:57:40 INFO   io.appium.java_client.remote.AppiumCommandExecutor$1 lambda$0 Detected dialect: W3C
org.openqa.selenium.NoSuchElementException: An element could not be located on the page using the given search parameters.
For documentation on this error, please visit: https://www.seleniumhq.org/exceptions/no_such_element.html
Build info: version: '3.141.59', revision: 'e82be7d358', time: '2018-11-14T08:17:03'
System info: host: 'SD-APPS-200', ip: '10.65.150.243', os.name: 'Windows 10', os.arch: 'amd64', os.version: '10.0', java.version: '1.8.0_202'
Driver info: io.appium.java_client.android.AndroidDriver
Capabilities {automationName: UiAutomator2, databaseEnabled: false, desired: {automationName: UiAutomator2, deviceName: Galaxy A71 5G, newCommandTimeout: 600, platformName: android, platformVersion: 11, udid: R5CN80J025V}, deviceApiLevel: 30, deviceManufacturer: samsung, deviceModel: SM-A716U1, deviceName: R5CN80J025V, deviceScreenDensity: 420, deviceScreenSize: 1080x2400, deviceUDID: R5CN80J025V, javascriptEnabled: true, locationContextEnabled: false, networkConnectionEnabled: true, newCommandTimeout: 600, pixelRatio: 2.625, platform: LINUX, platformName: Android, platformVersion: 11, statBarHeight: 91, takesScreenshot: true, udid: R5CN80J025V, viewportRect: {height: 2092, left: 0, top: 91, width: 1080}, warnings: {}, webStorageEnabled: false}
Session ID: 16c5ce19-656c-4909-a2cd-c5120927de1b
*** Element info: {Using=xpath, value=//*[@resource-id='com.google.android.apps.nbu.files:id/agree_button']}
	at sun.reflect.GeneratedConstructorAccessor15.newInstance(Unknown Source)
	at sun.reflect.DelegatingConstructorAccessorImpl.newInstance(DelegatingConstructorAccessorImpl.java:45)
	at java.lang.reflect.Constructor.newInstance(Constructor.java:423)
	at org.openqa.selenium.remote.http.W3CHttpResponseCodec.createException(W3CHttpResponseCodec.java:187)
	at org.openqa.selenium.remote.http.W3CHttpResponseCodec.decode(W3CHttpResponseCodec.java:122)
	at org.openqa.selenium.remote.http.W3CHttpResponseCodec.decode(W3CHttpResponseCodec.java:49)
	at org.openqa.selenium.remote.HttpCommandExecutor.execute(HttpCommandExecutor.java:158)
	at io.appium.java_client.remote.AppiumCommandExecutor.execute(AppiumCommandExecutor.java:239)
	at org.openqa.selenium.remote.RemoteWebDriver.execute(RemoteWebDriver.java:552)
	at io.appium.java_client.DefaultGenericMobileDriver.execute(DefaultGenericMobileDriver.java:42)
	at io.appium.java_client.AppiumDriver.execute(AppiumDriver.java:1)
	at io.appium.java_client.android.AndroidDriver.execute(AndroidDriver.java:1)
	at org.openqa.selenium.remote.RemoteWebDriver.findElement(RemoteWebDriver.java:323)
	at io.appium.java_client.DefaultGenericMobileDriver.findElement(DefaultGenericMobileDriver.java:62)
	at io.appium.java_client.AppiumDriver.findElement(AppiumDriver.java:1)
	at io.appium.java_client.android.AndroidDriver.findElement(AndroidDriver.java:1)
	at org.openqa.selenium.remote.RemoteWebDriver.findElementByXPath(RemoteWebDriver.java:428)
	at io.appium.java_client.DefaultGenericMobileDriver.findElementByXPath(DefaultGenericMobileDriver.java:152)
	at io.appium.java_client.AppiumDriver.findElementByXPath(AppiumDriver.java:1)
	at io.appium.java_client.android.AndroidDriver.findElementByXPath(AndroidDriver.java:1)
	at org.openqa.selenium.By$ByXPath.findElement(By.java:353)
	at org.openqa.selenium.remote.RemoteWebDriver.findElement(RemoteWebDriver.java:315)
	at io.appium.java_client.DefaultGenericMobileDriver.findElement(DefaultGenericMobileDriver.java:58)
	at io.appium.java_client.AppiumDriver.findElement(AppiumDriver.java:1)
	at io.appium.java_client.android.AndroidDriver.findElement(AndroidDriver.java:1)
	at Samsung_Galaxy_A71_5G.Test9.RearPictureCapture(Test9.java:350)
	at sun.reflect.NativeMethodAccessorImpl.invoke0(Native Method)
	at sun.reflect.NativeMethodAccessorImpl.invoke(NativeMethodAccessorImpl.java:62)
	at sun.reflect.DelegatingMethodAccessorImpl.invoke(DelegatingMethodAccessorImpl.java:43)
	at java.lang.reflect.Method.invoke(Method.java:498)
	at org.testng.internal.MethodInvocationHelper.invokeMethod(MethodInvocationHelper.java:80)
	at org.testng.internal.Invoker.invokeMethod(Invoker.java:673)
	at org.testng.internal.Invoker.invokeTestMethod(Invoker.java:842)
	at org.testng.internal.Invoker.invokeTestMethods(Invoker.java:1166)
	at org.testng.internal.TestMethodWorker.invokeTestMethods(TestMethodWorker.java:125)
	at org.testng.internal.TestMethodWorker.run(TestMethodWorker.java:109)
	at org.testng.TestRunner.runWorkers(TestRunner.java:1178)
	at org.testng.TestRunner.privateRun(TestRunner.java:757)
	at org.testng.TestRunner.run(TestRunner.java:608)
	at org.testng.SuiteRunner.runTest(SuiteRunner.java:334)
	at org.testng.SuiteRunner.runSequentially(SuiteRunner.java:329)
	at org.testng.SuiteRunner.privateRun(SuiteRunner.java:291)
	at org.testng.SuiteRunner.run(SuiteRunner.java:240)
	at org.testng.SuiteRunnerWorker.runSuite(SuiteRunnerWorker.java:52)
	at org.testng.SuiteRunnerWorker.run(SuiteRunnerWorker.java:86)
	at org.testng.TestNG.runSuitesSequentially(TestNG.java:1158)
	at org.testng.TestNG.runSuitesSequentially(TestNG.java:1154)
	at org.testng.TestNG.runSuitesLocally(TestNG.java:1083)
	at org.testng.TestNG.run(TestNG.java:999)
	at org.apache.maven.surefire.testng.TestNGExecutor.run(TestNGExecutor.java:284)
	at org.apache.maven.surefire.testng.TestNGXmlTestSuite.execute(TestNGXmlTestSuite.java:75)
	at org.apache.maven.surefire.testng.TestNGProvider.invoke(TestNGProvider.java:119)
	at org.apache.maven.surefire.booter.ForkedBooter.runSuitesInProcess(ForkedBooter.java:428)
	at org.apache.maven.surefire.booter.ForkedBooter.execute(ForkedBooter.java:162)
	at org.apache.maven.surefire.booter.ForkedBooter.run(ForkedBooter.java:562)
	at org.apache.maven.surefire.booter.ForkedBooter.main(ForkedBooter.java:548)
]]></system-err>
  </testcase>
  <testcase name="frontPictureCapture" classname="Samsung_Galaxy_A71_5G.Test9F" time="713.656">
    <system-out><![CDATA[Test: Start
===================================================================================================================================================================================================================================================================================================================================================================================================================================================================================================================================================================================================================================================================================================================================
Test9F Scenario is as follows:
Launch camera application, set uSD as a Storage option, start Front camera image picture capture for all Host front resolutions
Setting up the appium desired capabilities
===================================================================================================================================================================================================================================================================================================================================================================================================================================================================================================================================================================================================================================================================================================================================
Launch Home screen and Clear recent apps
Launch Camera Application for Front camera picture Capture for all Host resolutions
If change to uSD card pop-up exists select Cancel
change to SD card element not found : org.openqa.selenium.NoSuchElementException: An element could not be located on the page using the given search parameters.
For documentation on this error, please visit: https://www.seleniumhq.org/exceptions/no_such_element.html
Build info: version: '3.141.59', revision: 'e82be7d358', time: '2018-11-14T08:17:03'
System info: host: 'SD-APPS-200', ip: '10.65.150.243', os.name: 'Windows 10', os.arch: 'amd64', os.version: '10.0', java.version: '1.8.0_202'
Driver info: io.appium.java_client.android.AndroidDriver
Capabilities {automationName: UiAutomator2, databaseEnabled: false, desired: {automationName: UiAutomator2, deviceName: Galaxy A71 5G, newCommandTimeout: 600, platformName: android, platformVersion: 11, udid: R5CN80J025V}, deviceApiLevel: 30, deviceManufacturer: samsung, deviceModel: SM-A716U1, deviceName: R5CN80J025V, deviceScreenDensity: 420, deviceScreenSize: 1080x2400, deviceUDID: R5CN80J025V, javascriptEnabled: true, locationContextEnabled: false, networkConnectionEnabled: true, newCommandTimeout: 600, pixelRatio: 2.625, platform: LINUX, platformName: Android, platformVersion: 11, statBarHeight: 91, takesScreenshot: true, udid: R5CN80J025V, viewportRect: {height: 2092, left: 0, top: 91, width: 1080}, warnings: {}, webStorageEnabled: false}
Session ID: 54cd46ef-5d50-42f1-ac89-1c08455153a5
*** Element info: {Using=-android uiautomator, value=new UiSelector().text("Cancel")}
If Location access Permission Request Pop Exists Click on Cancel. 
Switch To front Camera if current Exiting camera is in Back camera mode
Test9F_Fcam_res: 5 resolutions supported
Click Settings option
Swipe up and select storage location option
Select SD as storage option
Select Front Image size
Select First front Image Resoution: 3:4(32mp)
totalPictureCountFront = 12
clicking First resolution Image0
clicking First resolution Image1
clicking First resolution Image2
clicking First resolution Image3
clicking First resolution Image4
clicking First resolution Image5
clicking First resolution Image6
clicking First resolution Image7
clicking First resolution Image8
clicking First resolution Image9
clicking First resolution Image10
clicking First resolution Image11
front camera first resolution:12 images Captured succesfull
Select Front Image size
Select Second resolution 3:4
totalPictureCountFront1 = 12
clicking Second resolution Image0
clicking Second resolution Image1
clicking Second resolution Image2
clicking Second resolution Image3
clicking Second resolution Image4
clicking Second resolution Image5
clicking Second resolution Image6
clicking Second resolution Image7
clicking Second resolution Image8
clicking Second resolution Image9
clicking Second resolution Image10
clicking Second resolution Image11
front camera second resolution:12 images Captured succesfull
Select Front Image size
Select third Image Resoution: 9:16
totalPictureCountFront2 = 12
clicking Third resolution Image0
clicking Third resolution Image1
clicking Third resolution Image2
clicking Third resolution Image3
clicking Third resolution Image4
clicking Third resolution Image5
clicking Third resolution Image6
clicking Third resolution Image7
clicking Third resolution Image8
clicking Third resolution Image9
clicking Third resolution Image10
clicking Third resolution Image11
front camera third resolution:12 images Captured succesfull
Select Front Image size
Select fourth resolution 1:1
totalPictureCountFront3 = 12
clicking Fourth resolution Image0
clicking Fourth resolution Image1
clicking Fourth resolution Image2
clicking Fourth resolution Image3
clicking Fourth resolution Image4
clicking Fourth resolution Image5
clicking Fourth resolution Image6
clicking Fourth resolution Image7
clicking Fourth resolution Image8
clicking Fourth resolution Image9
clicking Fourth resolution Image10
clicking Fourth resolution Image11
Back camera fourth resolution:12 images Captured succesfull
Select Front Image size
Select fourth resolution Full
totalPictureCountFront4 = 12
clicking Fourth resolution Image0
clicking Fourth resolution Image1
clicking Fourth resolution Image2
clicking Fourth resolution Image3
clicking Fourth resolution Image4
clicking Fourth resolution Image5
clicking Fourth resolution Image6
clicking Fourth resolution Image7
clicking Fourth resolution Image8
clicking Fourth resolution Image9
clicking Fourth resolution Image10
clicking Fourth resolution Image11
Back camera fifth resolution:12 images Captured succesfull
Total Count value:60 images to be Captured 
switch to back camera
Launch file manager application and verify captured images present in uSD Card
Swipe up to select uSD card
Select SD card
switch to grid view mode to select DCIM folder
Select DCIM Folder
Select camera folder
switch to list view mode
Click More options
Click select all
Total Image
Test9F_Fcam_image: 60 selected images Captured succesfull
Actual Value:60 selected
Interger value:60
Tolerance_Level = 75

Pass: Test9F pass for rear Image capture
Test9F Fcam_image: 60  images Captured succesfull
===================================================================================================================================================================================================================================================================================================================================================================================================================================================================================================================================================================================================================================================================================================================================
calling DataMoveOperation()
Re-launch file manager application and select external storage for data move operation, select all front camera images files present in camera folder and move to Test9F folder
Select external storage
switch to grid view mode and select DCIM folder
Select DCIM folder
Select camera folder
switch to list view mode
Click More options
Click select all
Click More options
select move to option
select uSD Card
Select ADD NEW Folder option
Name folder as Test9F
Accept create folder
Cut paste operation completed successfully
Test9F: Data move operation completed successfully
Pass: Test9F Pass for data move operation successfully
===================================================================================================================================================================================================================================================================================================================================================================================================================================================================================================================================================================================================================================================================================================================================
Final Message: Pass Test9F Pass for Front camera image capture  successfully
Test: End
===================================================================================================================================================================================================================================================================================================================================================================================================================================================================================================================================================================================================================================================================================================================================
]]></system-out>
    <system-err><![CDATA[2023-01-16 18:10:27 INFO   io.appium.java_client.remote.AppiumCommandExecutor$1 lambda$0 Detected dialect: W3C
2023-01-16 18:10:38 INFO   io.appium.java_client.remote.AppiumCommandExecutor$1 lambda$0 Detected dialect: W3C
org.openqa.selenium.NoSuchElementException: An element could not be located on the page using the given search parameters.
For documentation on this error, please visit: https://www.seleniumhq.org/exceptions/no_such_element.html
Build info: version: '3.141.59', revision: 'e82be7d358', time: '2018-11-14T08:17:03'
System info: host: 'SD-APPS-200', ip: '10.65.150.243', os.name: 'Windows 10', os.arch: 'amd64', os.version: '10.0', java.version: '1.8.0_202'
Driver info: io.appium.java_client.android.AndroidDriver
Capabilities {automationName: UiAutomator2, databaseEnabled: false, desired: {automationName: UiAutomator2, deviceName: Galaxy A71 5G, newCommandTimeout: 600, platformName: android, platformVersion: 11, udid: R5CN80J025V}, deviceApiLevel: 30, deviceManufacturer: samsung, deviceModel: SM-A716U1, deviceName: R5CN80J025V, deviceScreenDensity: 420, deviceScreenSize: 1080x2400, deviceUDID: R5CN80J025V, javascriptEnabled: true, locationContextEnabled: false, networkConnectionEnabled: true, newCommandTimeout: 600, pixelRatio: 2.625, platform: LINUX, platformName: Android, platformVersion: 11, statBarHeight: 91, takesScreenshot: true, udid: R5CN80J025V, viewportRect: {height: 2092, left: 0, top: 91, width: 1080}, warnings: {}, webStorageEnabled: false}
Session ID: 54cd46ef-5d50-42f1-ac89-1c08455153a5
*** Element info: {Using=xpath, value=//*[@resource-id='com.google.android.apps.nbu.files:id/agree_button']}
	at sun.reflect.GeneratedConstructorAccessor15.newInstance(Unknown Source)
	at sun.reflect.DelegatingConstructorAccessorImpl.newInstance(DelegatingConstructorAccessorImpl.java:45)
	at java.lang.reflect.Constructor.newInstance(Constructor.java:423)
	at org.openqa.selenium.remote.http.W3CHttpResponseCodec.createException(W3CHttpResponseCodec.java:187)
	at org.openqa.selenium.remote.http.W3CHttpResponseCodec.decode(W3CHttpResponseCodec.java:122)
	at org.openqa.selenium.remote.http.W3CHttpResponseCodec.decode(W3CHttpResponseCodec.java:49)
	at org.openqa.selenium.remote.HttpCommandExecutor.execute(HttpCommandExecutor.java:158)
	at io.appium.java_client.remote.AppiumCommandExecutor.execute(AppiumCommandExecutor.java:239)
	at org.openqa.selenium.remote.RemoteWebDriver.execute(RemoteWebDriver.java:552)
	at io.appium.java_client.DefaultGenericMobileDriver.execute(DefaultGenericMobileDriver.java:42)
	at io.appium.java_client.AppiumDriver.execute(AppiumDriver.java:1)
	at io.appium.java_client.android.AndroidDriver.execute(AndroidDriver.java:1)
	at org.openqa.selenium.remote.RemoteWebDriver.findElement(RemoteWebDriver.java:323)
	at io.appium.java_client.DefaultGenericMobileDriver.findElement(DefaultGenericMobileDriver.java:62)
	at io.appium.java_client.AppiumDriver.findElement(AppiumDriver.java:1)
	at io.appium.java_client.android.AndroidDriver.findElement(AndroidDriver.java:1)
	at org.openqa.selenium.remote.RemoteWebDriver.findElementByXPath(RemoteWebDriver.java:428)
	at io.appium.java_client.DefaultGenericMobileDriver.findElementByXPath(DefaultGenericMobileDriver.java:152)
	at io.appium.java_client.AppiumDriver.findElementByXPath(AppiumDriver.java:1)
	at io.appium.java_client.android.AndroidDriver.findElementByXPath(AndroidDriver.java:1)
	at org.openqa.selenium.By$ByXPath.findElement(By.java:353)
	at org.openqa.selenium.remote.RemoteWebDriver.findElement(RemoteWebDriver.java:315)
	at io.appium.java_client.DefaultGenericMobileDriver.findElement(DefaultGenericMobileDriver.java:58)
	at io.appium.java_client.AppiumDriver.findElement(AppiumDriver.java:1)
	at io.appium.java_client.android.AndroidDriver.findElement(AndroidDriver.java:1)
	at Samsung_Galaxy_A71_5G.Test9F.frontPictureCapture(Test9F.java:367)
	at sun.reflect.NativeMethodAccessorImpl.invoke0(Native Method)
	at sun.reflect.NativeMethodAccessorImpl.invoke(NativeMethodAccessorImpl.java:62)
	at sun.reflect.DelegatingMethodAccessorImpl.invoke(DelegatingMethodAccessorImpl.java:43)
	at java.lang.reflect.Method.invoke(Method.java:498)
	at org.testng.internal.MethodInvocationHelper.invokeMethod(MethodInvocationHelper.java:80)
	at org.testng.internal.Invoker.invokeMethod(Invoker.java:673)
	at org.testng.internal.Invoker.invokeTestMethod(Invoker.java:842)
	at org.testng.internal.Invoker.invokeTestMethods(Invoker.java:1166)
	at org.testng.internal.TestMethodWorker.invokeTestMethods(TestMethodWorker.java:125)
	at org.testng.internal.TestMethodWorker.run(TestMethodWorker.java:109)
	at org.testng.TestRunner.runWorkers(TestRunner.java:1178)
	at org.testng.TestRunner.privateRun(TestRunner.java:757)
	at org.testng.TestRunner.run(TestRunner.java:608)
	at org.testng.SuiteRunner.runTest(SuiteRunner.java:334)
	at org.testng.SuiteRunner.runSequentially(SuiteRunner.java:329)
	at org.testng.SuiteRunner.privateRun(SuiteRunner.java:291)
	at org.testng.SuiteRunner.run(SuiteRunner.java:240)
	at org.testng.SuiteRunnerWorker.runSuite(SuiteRunnerWorker.java:52)
	at org.testng.SuiteRunnerWorker.run(SuiteRunnerWorker.java:86)
	at org.testng.TestNG.runSuitesSequentially(TestNG.java:1158)
	at org.testng.TestNG.runSuitesSequentially(TestNG.java:1154)
	at org.testng.TestNG.runSuitesLocally(TestNG.java:1083)
	at org.testng.TestNG.run(TestNG.java:999)
	at org.apache.maven.surefire.testng.TestNGExecutor.run(TestNGExecutor.java:284)
	at org.apache.maven.surefire.testng.TestNGXmlTestSuite.execute(TestNGXmlTestSuite.java:75)
	at org.apache.maven.surefire.testng.TestNGProvider.invoke(TestNGProvider.java:119)
	at org.apache.maven.surefire.booter.ForkedBooter.runSuitesInProcess(ForkedBooter.java:428)
	at org.apache.maven.surefire.booter.ForkedBooter.execute(ForkedBooter.java:162)
	at org.apache.maven.surefire.booter.ForkedBooter.run(ForkedBooter.java:562)
	at org.apache.maven.surefire.booter.ForkedBooter.main(ForkedBooter.java:548)
]]></system-err>
  </testcase>
</testsuite>