<?xml version="1.0" encoding="UTF-8"?>
<!-- Generated by org.testng.reporters.JUnitReportReporter -->
<testsuite hostname="BNPLYY2" name="Samsung_Galaxy_Tab_S6_Lite.Test8" tests="1" failures="0" timestamp="17 Oct 2022 08:37:49 GMT" time="623.231" errors="0">
  <testcase name="recordAudio" time="623.231" classname="Samsung_Galaxy_Tab_S6_Lite.Test8"/>
</testsuite>
