<?xml version="1.0" encoding="UTF-8"?>
<!-- Generated by org.testng.reporters.JUnitReportReporter -->
<testsuite hostname="SD-APPS-090" name="Xiaomi_MI_11_Lite_5G.Test18" tests="1" failures="0" timestamp="11 Nov 2022 14:53:39 GMT" time="1514.786" errors="0">
  <testcase name="CopyPaste" time="1514.786" classname="Xiaomi_MI_11_Lite_5G.Test18"/>
</testsuite>
