<?xml version="1.0" encoding="UTF-8"?>
<!-- Generated by org.testng.reporters.JUnitReportReporter -->
<testsuite hostname="SD-APPS-090" name="Xiaomi_MI_11_Lite_5G.Test3" tests="1" failures="0" timestamp="11 Nov 2022 14:53:39 GMT" time="230.509" errors="0">
  <testcase name="Format" time="230.509" classname="Xiaomi_MI_11_Lite_5G.Test3"/>
</testsuite>
