<?xml version="1.0" encoding="UTF-8"?>
<!-- Generated by org.testng.reporters.JUnitReportReporter -->
<testsuite hostname="SD-APPS-201" name="BLU_F91_5G.Test10F_Int" tests="1" failures="0" timestamp="8 Mar 2023 17:11:17 GMT" time="3014.213" errors="0">
  <testcase name="rearVideoRec" time="3014.213" classname="BLU_F91_5G.Test10F_Int"/>
</testsuite>
