<?xml version="1.0" encoding="UTF-8"?>
<!-- Generated by org.testng.reporters.JUnitReportReporter -->
<testsuite hostname="SD-APPS-201" name="BLU_F91_5G.Test9F_Int" tests="1" failures="0" timestamp="8 Mar 2023 17:11:17 GMT" time="2640.731" errors="0">
  <testcase name="RearPictureCapture" time="2640.731" classname="BLU_F91_5G.Test9F_Int"/>
</testsuite>
