<?xml version="1.0" encoding="UTF-8"?>
<!-- Generated by org.testng.reporters.JUnitReportReporter -->
<testsuite hostname="BNPLYY2" name="Xiaomi_Redmi_10Prime_2022_21061119B1.Test9F" tests="1" failures="0" timestamp="4 Nov 2022 10:12:52 GMT" time="446.222" errors="0">
  <testcase name="frontPictureCapture" time="446.222" classname="Xiaomi_Redmi_10Prime_2022_21061119B1.Test9F"/>
</testsuite>
