<?xml version="1.0" encoding="UTF-8"?>
<!-- Generated by org.testng.reporters.JUnitReportReporter -->
<testsuite hostname="SD-APPS-200" name="Sharp_Aquos_R3.Test10" tests="1" failures="0" timestamp="12 Jan 2023 12:52:17 GMT" time="3292.519" errors="0">
  <testcase name="rearVideoRec" time="3292.519" classname="Sharp_Aquos_R3.Test10"/>
</testsuite>
