<?xml version="1.0" encoding="UTF-8"?>
<!-- Generated by org.testng.reporters.JUnitReportReporter -->
<testsuite hostname="SD-APPS-200" name="Sharp_Aquos_R3.Test0" tests="1" failures="0" timestamp="12 Jan 2023 12:52:17 GMT" time="1466.770" errors="0">
  <testcase name="start" time="1466.770" classname="Sharp_Aquos_R3.Test0"/>
</testsuite>
