<?xml version="1.0" encoding="UTF-8"?>
<!-- Generated by org.testng.reporters.JUnitReportReporter -->
<testsuite hostname="SD-APPS-200" name="Sharp_Aquos_R3.Test8" tests="1" failures="0" timestamp="12 Jan 2023 12:52:17 GMT" time="192.572" errors="0">
  <testcase name="recordAudio" time="192.572" classname="Sharp_Aquos_R3.Test8"/>
</testsuite>
