<?xml version="1.0" encoding="UTF-8"?>
<!-- Generated by org.testng.reporters.JUnitReportReporter -->
<testsuite hostname="SD-APPS-200" name="Sharp_Aquos_R3.Test18" tests="1" failures="0" timestamp="12 Jan 2023 12:52:17 GMT" time="1042.432" errors="0">
  <testcase name="CopyPaste" time="1042.432" classname="Sharp_Aquos_R3.Test18"/>
</testsuite>
