<?xml version="1.0" encoding="UTF-8"?>
<!-- Generated by org.testng.reporters.JUnitReportReporter -->
<testsuite hostname="BNPLYY2" name="RealMeC21Y.Test10F" tests="1" failures="0" timestamp="14 Nov 2022 10:36:33 GMT" time="803.098" errors="0">
  <testcase name="frontVideoRec" time="803.098" classname="RealMeC21Y.Test10F"/>
</testsuite>
