<?xml version="1.0" encoding="UTF-8"?>
<!-- Generated by org.testng.reporters.JUnitReportReporter -->
<testsuite hostname="BNPLYY2" name="Samsung_Galaxy_A23_SMA235F1DS.Test9" tests="1" failures="0" timestamp="9 Nov 2022 05:14:30 GMT" time="688.274" errors="0">
  <testcase name="RearPictureCapture" time="688.274" classname="Samsung_Galaxy_A23_SMA235F1DS.Test9"/>
</testsuite>
