<?xml version="1.0" encoding="UTF-8"?>
<!-- Generated by org.testng.reporters.JUnitReportReporter -->
<testsuite hostname="BNPLYY2" name="Samsung_Galaxy_A23_SMA235F1DS.Test9F" tests="1" failures="0" timestamp="9 Nov 2022 05:14:30 GMT" time="421.501" errors="0">
  <testcase name="frontPictureCapture" time="421.501" classname="Samsung_Galaxy_A23_SMA235F1DS.Test9F"/>
</testsuite>
