<?xml version="1.0" encoding="UTF-8"?>
<!-- Generated by org.testng.reporters.JUnitReportReporter -->
<testsuite hostname="SD-APPS-090" name="TecnoSpark_8_Pro_KG8.Test10F_Int" tests="1" failures="0" timestamp="27 Feb 2023 09:57:35 GMT" time="2167.349" errors="0">
  <testcase name="frontVideoRec" time="2167.349" classname="TecnoSpark_8_Pro_KG8.Test10F_Int"/>
</testsuite>
