<?xml version="1.0" encoding="UTF-8"?>
<!-- Generated by org.testng.reporters.JUnitReportReporter -->
<testsuite hostname="SD-APPS-090" name="TecnoSpark_8_Pro_KG8.Test8_Int" tests="1" failures="0" timestamp="27 Feb 2023 09:57:35 GMT" time="176.656" errors="0">
  <testcase name="recordAudio" time="176.656" classname="TecnoSpark_8_Pro_KG8.Test8_Int"/>
</testsuite>
