<?xml version="1.0" encoding="UTF-8"?>
<!-- Generated by org.testng.reporters.JUnitReportReporter -->
<testsuite hostname="SD-APPS-090" name="Oppo_A16e_CPH2421.Test18" tests="1" failures="0" timestamp="13 Jan 2023 12:16:54 GMT" time="1058.455" errors="0">
  <testcase name="CopyPaste" time="1058.455" classname="Oppo_A16e_CPH2421.Test18"/>
</testsuite>
