<?xml version="1.0" encoding="UTF-8"?>
<!-- Generated by org.testng.reporters.JUnitReportReporter -->
<testsuite hostname="SD-APPS-090" name="Oppo_A16e_CPH2421.Test10F" tests="1" failures="0" timestamp="13 Jan 2023 12:16:54 GMT" time="1605.545" errors="0">
  <testcase name="frontVideoRec" time="1605.545" classname="Oppo_A16e_CPH2421.Test10F"/>
</testsuite>
