<?xml version="1.0" encoding="UTF-8"?>
<!-- Generated by org.testng.reporters.JUnitReportReporter -->
<testsuite hostname="FJVQ4M2" name="Xiaomi_Redmi_Note11T_5G.Test10F" tests="1" failures="0" timestamp="13 Oct 2022 17:07:42 GMT" time="719.012" errors="0">
  <testcase name="frontVideoRec" time="719.012" classname="Xiaomi_Redmi_Note11T_5G.Test10F"/>
</testsuite>
