<?xml version="1.0" encoding="UTF-8"?>
<!-- Generated by org.testng.reporters.JUnitReportReporter -->
<testsuite hostname="SD-APPS-201" name="BLU_J9L.Test0_Int" tests="1" failures="0" timestamp="15 Feb 2023 08:45:37 GMT" time="1373.137" errors="0">
  <testcase name="start" time="1373.137" classname="BLU_J9L.Test0_Int"/>
</testsuite>
