<?xml version="1.0" encoding="UTF-8"?>
<!-- Generated by org.testng.reporters.JUnitReportReporter -->
<testsuite hostname="SD-APPS-201" name="BLU_J9L.Test18_Int" tests="1" failures="0" timestamp="15 Feb 2023 08:45:37 GMT" time="781.657" errors="0">
  <testcase name="CopyPaste" time="781.657" classname="BLU_J9L.Test18_Int"/>
</testsuite>
