<?xml version="1.0" encoding="UTF-8"?>
<!-- Generated by org.testng.reporters.JUnitReportReporter -->
<testsuite hostname="SD-APPS-090" name="Oppo_A55.Test18" tests="1" failures="0" timestamp="10 Jan 2023 16:44:24 GMT" time="1054.103" errors="0">
  <testcase name="CopyPaste" time="1054.103" classname="Oppo_A55.Test18"/>
</testsuite>
