<?xml version="1.0" encoding="UTF-8"?>
<!-- Generated by org.testng.reporters.JUnitReportReporter -->
<testsuite hostname="SD-APPS-090" name="Oppo_A55.Test9F" tests="1" failures="0" timestamp="10 Jan 2023 16:44:24 GMT" time="1787.128" errors="0">
  <testcase name="FrontPictureCapture" time="1787.128" classname="Oppo_A55.Test9F"/>
</testsuite>
