<?xml version="1.0" encoding="UTF-8"?>
<testsuite xmlns:xsi="http://www.w3.org/2001/XMLSchema-instance" xsi:noNamespaceSchemaLocation="https://maven.apache.org/surefire/maven-surefire-plugin/xsd/surefire-test-report-3.0.xsd" version="3.0" name="TestSuite" time="9,224.506" tests="8" errors="0" skipped="0" failures="0">
  <properties>
    <property name="sun.desktop" value="windows"/>
    <property name="awt.toolkit" value="sun.awt.windows.WToolkit"/>
    <property name="fileName" value="testngMain.xml"/>
    <property name="file.encoding.pkg" value="sun.io"/>
    <property name="java.specification.version" value="1.8"/>
    <property name="totalPictureCountRear" value="75"/>
    <property name="sun.cpu.isalist" value="amd64"/>
    <property name="totalPictureCountFront" value="75"/>
    <property name="sun.jnu.encoding" value="Cp1252"/>
    <property name="java.class.path" value="C:\Users\sandisk\Android11\Eclipse_Workspace\Infinix_Hot_12Pro_X668\target\test-classes;C:\Users\sandisk\Android11\Eclipse_Workspace\Infinix_Hot_12Pro_X668\target\classes;C:\Users\sandisk\.m2\repository\org\seleniumhq\selenium\selenium-java\3.141.59\selenium-java-3.141.59.jar;C:\Users\sandisk\.m2\repository\org\seleniumhq\selenium\selenium-api\3.141.59\selenium-api-3.141.59.jar;C:\Users\sandisk\.m2\repository\org\seleniumhq\selenium\selenium-chrome-driver\3.141.59\selenium-chrome-driver-3.141.59.jar;C:\Users\sandisk\.m2\repository\org\seleniumhq\selenium\selenium-edge-driver\3.141.59\selenium-edge-driver-3.141.59.jar;C:\Users\sandisk\.m2\repository\org\seleniumhq\selenium\selenium-firefox-driver\3.141.59\selenium-firefox-driver-3.141.59.jar;C:\Users\sandisk\.m2\repository\org\seleniumhq\selenium\selenium-ie-driver\3.141.59\selenium-ie-driver-3.141.59.jar;C:\Users\sandisk\.m2\repository\org\seleniumhq\selenium\selenium-opera-driver\3.141.59\selenium-opera-driver-3.141.59.jar;C:\Users\sandisk\.m2\repository\org\seleniumhq\selenium\selenium-remote-driver\3.141.59\selenium-remote-driver-3.141.59.jar;C:\Users\sandisk\.m2\repository\org\seleniumhq\selenium\selenium-safari-driver\3.141.59\selenium-safari-driver-3.141.59.jar;C:\Users\sandisk\.m2\repository\org\seleniumhq\selenium\selenium-support\3.141.59\selenium-support-3.141.59.jar;C:\Users\sandisk\.m2\repository\net\bytebuddy\byte-buddy\1.8.15\byte-buddy-1.8.15.jar;C:\Users\sandisk\.m2\repository\org\apache\commons\commons-exec\1.3\commons-exec-1.3.jar;C:\Users\sandisk\.m2\repository\com\google\guava\guava\25.0-jre\guava-25.0-jre.jar;C:\Users\sandisk\.m2\repository\com\google\code\findbugs\jsr305\1.3.9\jsr305-1.3.9.jar;C:\Users\sandisk\.m2\repository\org\checkerframework\checker-compat-qual\2.0.0\checker-compat-qual-2.0.0.jar;C:\Users\sandisk\.m2\repository\com\google\errorprone\error_prone_annotations\2.1.3\error_prone_annotations-2.1.3.jar;C:\Users\sandisk\.m2\repository\com\google\j2objc\j2objc-annotations\1.1\j2objc-annotations-1.1.jar;C:\Users\sandisk\.m2\repository\org\codehaus\mojo\animal-sniffer-annotations\1.14\animal-sniffer-annotations-1.14.jar;C:\Users\sandisk\.m2\repository\com\squareup\okhttp3\okhttp\3.11.0\okhttp-3.11.0.jar;C:\Users\sandisk\.m2\repository\com\squareup\okio\okio\1.14.0\okio-1.14.0.jar;C:\Users\sandisk\.m2\repository\org\seleniumhq\selenium\selenium-android-driver\2.39.0\selenium-android-driver-2.39.0.jar;C:\Users\sandisk\.m2\repository\io\appium\java-client\7.0.0\java-client-7.0.0.jar;C:\Users\sandisk\.m2\repository\com\google\code\gson\gson\2.8.5\gson-2.8.5.jar;C:\Users\sandisk\.m2\repository\org\apache\httpcomponents\httpclient\4.5.6\httpclient-4.5.6.jar;C:\Users\sandisk\.m2\repository\org\apache\httpcomponents\httpcore\4.4.10\httpcore-4.4.10.jar;C:\Users\sandisk\.m2\repository\commons-logging\commons-logging\1.2\commons-logging-1.2.jar;C:\Users\sandisk\.m2\repository\commons-codec\commons-codec\1.10\commons-codec-1.10.jar;C:\Users\sandisk\.m2\repository\cglib\cglib\3.2.8\cglib-3.2.8.jar;C:\Users\sandisk\.m2\repository\org\ow2\asm\asm\6.2.1\asm-6.2.1.jar;C:\Users\sandisk\.m2\repository\org\apache\ant\ant\1.10.3\ant-1.10.3.jar;C:\Users\sandisk\.m2\repository\org\apache\ant\ant-launcher\1.10.3\ant-launcher-1.10.3.jar;C:\Users\sandisk\.m2\repository\commons-validator\commons-validator\1.6\commons-validator-1.6.jar;C:\Users\sandisk\.m2\repository\commons-beanutils\commons-beanutils\1.9.2\commons-beanutils-1.9.2.jar;C:\Users\sandisk\.m2\repository\commons-digester\commons-digester\1.8.1\commons-digester-1.8.1.jar;C:\Users\sandisk\.m2\repository\commons-collections\commons-collections\3.2.2\commons-collections-3.2.2.jar;C:\Users\sandisk\.m2\repository\org\apache\commons\commons-lang3\3.8\commons-lang3-3.8.jar;C:\Users\sandisk\.m2\repository\commons-io\commons-io\2.6\commons-io-2.6.jar;C:\Users\sandisk\.m2\repository\org\springframework\spring-context\5.1.0.RELEASE\spring-context-5.1.0.RELEASE.jar;C:\Users\sandisk\.m2\repository\org\springframework\spring-aop\5.1.0.RELEASE\spring-aop-5.1.0.RELEASE.jar;C:\Users\sandisk\.m2\repository\org\springframework\spring-beans\5.1.0.RELEASE\spring-beans-5.1.0.RELEASE.jar;C:\Users\sandisk\.m2\repository\org\springframework\spring-core\5.1.0.RELEASE\spring-core-5.1.0.RELEASE.jar;C:\Users\sandisk\.m2\repository\org\springframework\spring-jcl\5.1.0.RELEASE\spring-jcl-5.1.0.RELEASE.jar;C:\Users\sandisk\.m2\repository\org\springframework\spring-expression\5.1.0.RELEASE\spring-expression-5.1.0.RELEASE.jar;C:\Users\sandisk\.m2\repository\org\aspectj\aspectjweaver\1.9.1\aspectjweaver-1.9.1.jar;C:\Users\sandisk\.m2\repository\org\slf4j\slf4j-api\1.7.25\slf4j-api-1.7.25.jar;C:\Users\sandisk\.m2\repository\org\testng\testng\6.1.1\testng-6.1.1.jar;C:\Users\sandisk\.m2\repository\junit\junit\3.8.1\junit-3.8.1.jar;C:\Users\sandisk\.m2\repository\org\beanshell\bsh\2.0b4\bsh-2.0b4.jar;C:\Users\sandisk\.m2\repository\com\beust\jcommander\1.12\jcommander-1.12.jar;C:\Users\sandisk\.m2\repository\org\yaml\snakeyaml\1.6\snakeyaml-1.6.jar;"/>
    <property name="java.vm.vendor" value="Oracle Corporation"/>
    <property name="sun.arch.data.model" value="64"/>
    <property name="user.variant" value=""/>
    <property name="java.vendor.url" value="http://java.oracle.com/"/>
    <property name="user.timezone" value="Asia/Calcutta"/>
    <property name="os.name" value="Windows 10"/>
    <property name="java.vm.specification.version" value="1.8"/>
    <property name="sun.java.launcher" value="SUN_STANDARD"/>
    <property name="user.country" value="IN"/>
    <property name="sun.boot.library.path" value="C:\Program Files\Java\jdk1.8.0_202\jre\bin"/>
    <property name="recordingDurationRear1" value="580"/>
    <property name="recordingDurationFront2" value="580"/>
    <property name="recordingDurationRear2" value="580"/>
    <property name="sun.java.command" value="C:\Users\sandisk\AppData\Local\Temp\surefire7793751783737740852\surefirebooter145897488821779497.jar C:\Users\sandisk\AppData\Local\Temp\surefire7793751783737740852 2023-01-09T18-39-28_725-jvmRun1 surefire5922227034012776828tmp surefire_05583678697493851734tmp"/>
    <property name="recordingDurationFront" value="580"/>
    <property name="recordingDurationFront1" value="580"/>
    <property name="surefire.test.class.path" value="C:\Users\sandisk\Android11\Eclipse_Workspace\Infinix_Hot_12Pro_X668\target\test-classes;C:\Users\sandisk\Android11\Eclipse_Workspace\Infinix_Hot_12Pro_X668\target\classes;C:\Users\sandisk\.m2\repository\org\seleniumhq\selenium\selenium-java\3.141.59\selenium-java-3.141.59.jar;C:\Users\sandisk\.m2\repository\org\seleniumhq\selenium\selenium-api\3.141.59\selenium-api-3.141.59.jar;C:\Users\sandisk\.m2\repository\org\seleniumhq\selenium\selenium-chrome-driver\3.141.59\selenium-chrome-driver-3.141.59.jar;C:\Users\sandisk\.m2\repository\org\seleniumhq\selenium\selenium-edge-driver\3.141.59\selenium-edge-driver-3.141.59.jar;C:\Users\sandisk\.m2\repository\org\seleniumhq\selenium\selenium-firefox-driver\3.141.59\selenium-firefox-driver-3.141.59.jar;C:\Users\sandisk\.m2\repository\org\seleniumhq\selenium\selenium-ie-driver\3.141.59\selenium-ie-driver-3.141.59.jar;C:\Users\sandisk\.m2\repository\org\seleniumhq\selenium\selenium-opera-driver\3.141.59\selenium-opera-driver-3.141.59.jar;C:\Users\sandisk\.m2\repository\org\seleniumhq\selenium\selenium-remote-driver\3.141.59\selenium-remote-driver-3.141.59.jar;C:\Users\sandisk\.m2\repository\org\seleniumhq\selenium\selenium-safari-driver\3.141.59\selenium-safari-driver-3.141.59.jar;C:\Users\sandisk\.m2\repository\org\seleniumhq\selenium\selenium-support\3.141.59\selenium-support-3.141.59.jar;C:\Users\sandisk\.m2\repository\net\bytebuddy\byte-buddy\1.8.15\byte-buddy-1.8.15.jar;C:\Users\sandisk\.m2\repository\org\apache\commons\commons-exec\1.3\commons-exec-1.3.jar;C:\Users\sandisk\.m2\repository\com\google\guava\guava\25.0-jre\guava-25.0-jre.jar;C:\Users\sandisk\.m2\repository\com\google\code\findbugs\jsr305\1.3.9\jsr305-1.3.9.jar;C:\Users\sandisk\.m2\repository\org\checkerframework\checker-compat-qual\2.0.0\checker-compat-qual-2.0.0.jar;C:\Users\sandisk\.m2\repository\com\google\errorprone\error_prone_annotations\2.1.3\error_prone_annotations-2.1.3.jar;C:\Users\sandisk\.m2\repository\com\google\j2objc\j2objc-annotations\1.1\j2objc-annotations-1.1.jar;C:\Users\sandisk\.m2\repository\org\codehaus\mojo\animal-sniffer-annotations\1.14\animal-sniffer-annotations-1.14.jar;C:\Users\sandisk\.m2\repository\com\squareup\okhttp3\okhttp\3.11.0\okhttp-3.11.0.jar;C:\Users\sandisk\.m2\repository\com\squareup\okio\okio\1.14.0\okio-1.14.0.jar;C:\Users\sandisk\.m2\repository\org\seleniumhq\selenium\selenium-android-driver\2.39.0\selenium-android-driver-2.39.0.jar;C:\Users\sandisk\.m2\repository\io\appium\java-client\7.0.0\java-client-7.0.0.jar;C:\Users\sandisk\.m2\repository\com\google\code\gson\gson\2.8.5\gson-2.8.5.jar;C:\Users\sandisk\.m2\repository\org\apache\httpcomponents\httpclient\4.5.6\httpclient-4.5.6.jar;C:\Users\sandisk\.m2\repository\org\apache\httpcomponents\httpcore\4.4.10\httpcore-4.4.10.jar;C:\Users\sandisk\.m2\repository\commons-logging\commons-logging\1.2\commons-logging-1.2.jar;C:\Users\sandisk\.m2\repository\commons-codec\commons-codec\1.10\commons-codec-1.10.jar;C:\Users\sandisk\.m2\repository\cglib\cglib\3.2.8\cglib-3.2.8.jar;C:\Users\sandisk\.m2\repository\org\ow2\asm\asm\6.2.1\asm-6.2.1.jar;C:\Users\sandisk\.m2\repository\org\apache\ant\ant\1.10.3\ant-1.10.3.jar;C:\Users\sandisk\.m2\repository\org\apache\ant\ant-launcher\1.10.3\ant-launcher-1.10.3.jar;C:\Users\sandisk\.m2\repository\commons-validator\commons-validator\1.6\commons-validator-1.6.jar;C:\Users\sandisk\.m2\repository\commons-beanutils\commons-beanutils\1.9.2\commons-beanutils-1.9.2.jar;C:\Users\sandisk\.m2\repository\commons-digester\commons-digester\1.8.1\commons-digester-1.8.1.jar;C:\Users\sandisk\.m2\repository\commons-collections\commons-collections\3.2.2\commons-collections-3.2.2.jar;C:\Users\sandisk\.m2\repository\org\apache\commons\commons-lang3\3.8\commons-lang3-3.8.jar;C:\Users\sandisk\.m2\repository\commons-io\commons-io\2.6\commons-io-2.6.jar;C:\Users\sandisk\.m2\repository\org\springframework\spring-context\5.1.0.RELEASE\spring-context-5.1.0.RELEASE.jar;C:\Users\sandisk\.m2\repository\org\springframework\spring-aop\5.1.0.RELEASE\spring-aop-5.1.0.RELEASE.jar;C:\Users\sandisk\.m2\repository\org\springframework\spring-beans\5.1.0.RELEASE\spring-beans-5.1.0.RELEASE.jar;C:\Users\sandisk\.m2\repository\org\springframework\spring-core\5.1.0.RELEASE\spring-core-5.1.0.RELEASE.jar;C:\Users\sandisk\.m2\repository\org\springframework\spring-jcl\5.1.0.RELEASE\spring-jcl-5.1.0.RELEASE.jar;C:\Users\sandisk\.m2\repository\org\springframework\spring-expression\5.1.0.RELEASE\spring-expression-5.1.0.RELEASE.jar;C:\Users\sandisk\.m2\repository\org\aspectj\aspectjweaver\1.9.1\aspectjweaver-1.9.1.jar;C:\Users\sandisk\.m2\repository\org\slf4j\slf4j-api\1.7.25\slf4j-api-1.7.25.jar;C:\Users\sandisk\.m2\repository\org\testng\testng\6.1.1\testng-6.1.1.jar;C:\Users\sandisk\.m2\repository\junit\junit\3.8.1\junit-3.8.1.jar;C:\Users\sandisk\.m2\repository\org\beanshell\bsh\2.0b4\bsh-2.0b4.jar;C:\Users\sandisk\.m2\repository\com\beust\jcommander\1.12\jcommander-1.12.jar;C:\Users\sandisk\.m2\repository\org\yaml\snakeyaml\1.6\snakeyaml-1.6.jar;"/>
    <property name="sun.cpu.endian" value="little"/>
    <property name="user.home" value="C:\Users\sandisk"/>
    <property name="user.language" value="en"/>
    <property name="java.specification.vendor" value="Oracle Corporation"/>
    <property name="java.home" value="C:\Program Files\Java\jdk1.8.0_202\jre"/>
    <property name="file.separator" value="\"/>
    <property name="basedir" value="C:\Users\sandisk\Android11\Eclipse_Workspace\Infinix_Hot_12Pro_X668"/>
    <property name="line.separator" value="&#10;"/>
    <property name="java.vm.specification.vendor" value="Oracle Corporation"/>
    <property name="java.specification.name" value="Java Platform API Specification"/>
    <property name="mountUnmountCycle" value="1"/>
    <property name="java.awt.graphicsenv" value="sun.awt.Win32GraphicsEnvironment"/>
    <property name="surefire.real.class.path" value="C:\Users\sandisk\AppData\Local\Temp\surefire7793751783737740852\surefirebooter145897488821779497.jar"/>
    <property name="recordingDurationRear" value="580"/>
    <property name="sun.boot.class.path" value="C:\Program Files\Java\jdk1.8.0_202\jre\lib\resources.jar;C:\Program Files\Java\jdk1.8.0_202\jre\lib\rt.jar;C:\Program Files\Java\jdk1.8.0_202\jre\lib\sunrsasign.jar;C:\Program Files\Java\jdk1.8.0_202\jre\lib\jsse.jar;C:\Program Files\Java\jdk1.8.0_202\jre\lib\jce.jar;C:\Program Files\Java\jdk1.8.0_202\jre\lib\charsets.jar;C:\Program Files\Java\jdk1.8.0_202\jre\lib\jfr.jar;C:\Program Files\Java\jdk1.8.0_202\jre\classes"/>
    <property name="user.script" value=""/>
    <property name="sun.management.compiler" value="HotSpot 64-Bit Tiered Compilers"/>
    <property name="java.runtime.version" value="1.8.0_202-b08"/>
    <property name="totalPictureCountFront3" value="75"/>
    <property name="user.name" value="sandisk"/>
    <property name="totalPictureCountFront2" value="75"/>
    <property name="totalPictureCountFront1" value="75"/>
    <property name="path.separator" value=";"/>
    <property name="totalPictureCountRear3" value="75"/>
    <property name="totalPictureCountRear1" value="75"/>
    <property name="os.version" value="10.0"/>
    <property name="totalPictureCountRear2" value="75"/>
    <property name="java.endorsed.dirs" value="C:\Program Files\Java\jdk1.8.0_202\jre\lib\endorsed"/>
    <property name="java.runtime.name" value="Java(TM) SE Runtime Environment"/>
    <property name="file.encoding" value="Cp1252"/>
    <property name="java.vm.name" value="Java HotSpot(TM) 64-Bit Server VM"/>
    <property name="localRepository" value="C:\Users\sandisk\.m2\repository"/>
    <property name="java.vendor.url.bug" value="http://bugreport.sun.com/bugreport/"/>
    <property name="java.io.tmpdir" value="C:\Users\sandisk\AppData\Local\Temp\"/>
    <property name="java.version" value="1.8.0_202"/>
    <property name="user.dir" value="C:\Users\sandisk\Android11\Eclipse_Workspace\Infinix_Hot_12Pro_X668"/>
    <property name="os.arch" value="amd64"/>
    <property name="java.vm.specification.name" value="Java Virtual Machine Specification"/>
    <property name="java.util.logging.SimpleFormatter.format" value="%1$tY-%1$tm-%1$td %1$tH:%1$tM:%1$tS %4$-6s %2$s %5$s%6$s%n"/>
    <property name="java.awt.printerjob" value="sun.awt.windows.WPrinterJob"/>
    <property name="Tolerance_Level" value="75"/>
    <property name="sun.os.patch.level" value=""/>
    <property name="java.library.path" value="C:\Program Files\Java\jdk1.8.0_202\jre\bin;C:\Windows\Sun\Java\bin;C:\Windows\system32;C:\Windows;C:\Program Files (x86)\Common Files\Oracle\Java\javapath;C:\Windows\system32;C:\Windows;C:\Windows\System32\Wbem;C:\Windows\System32\WindowsPowerShell\v1.0\;C:\Windows\System32\OpenSSH\;C:\ant\apache-ant-1.9.15\bin;C:\Android\Android_SDK\Android-sdk\bin;C:\Program Files\Java\jdk1.8.0_202\bin;C:\Android\Android_SDK\Android-sdk\tools;C:\Android\Android_SDK\Android-sdk\platform-tools;C:\Users\sandisk\Android11\Maven\apache-maven-3.8.4\bin;C:\Users\sandisk\AppData\Local\Microsoft\WindowsApps;;."/>
    <property name="java.vendor" value="Oracle Corporation"/>
    <property name="java.vm.info" value="mixed mode"/>
    <property name="java.vm.version" value="25.202-b08"/>
    <property name="sun.io.unicode.encoding" value="UnicodeLittle"/>
    <property name="java.ext.dirs" value="C:\Program Files\Java\jdk1.8.0_202\jre\lib\ext;C:\Windows\Sun\Java\lib\ext"/>
    <property name="java.class.version" value="52.0"/>
  </properties>
  <testcase name="start" classname="Infinix_Hot_12Pro_X668.Test0" time="890.817">
    <system-out><![CDATA[Test: Start
===================================================================================================================================================================================================================================================================================================================================================================================================================================================================================================================================================================================================================================================================================================================================
 Test0 Scenario is as follows 
Unlock phone, clear recent apps, clear internal memory
Call Image() and Capture Rear camera 25 images for default resolution in uSD card and Verify the data capture
Call Video() and record Rear camera video of first 2 resloutions for 2 minutes of duration in uSD Card and verify the same
Call Format() and format uSD card with data and verify the same
Setting up the appium desired capabilities
===================================================================================================================================================================================================================================================================================================================================================================================================================================================================================================================================================================================================================================================================================================================================
Launch File Manager Application and clear internal memory
Select  Internal storage
Select More options
click on Select all
Select  Delete permanently
Select More options
Select  Delete permanently
Select  Delete
Pass: Clearing phone internal memory is successfull
===================================================================================================================================================================================================================================================================================================================================================================================================================================================================================================================================================================================================================================================================================================================================
Calling Image() to capture rear camera image in uSD card and verifying the same.
Launch Camera Application for Rear picture capture
While camera permissions
While using the app
Select settings option
Search for Storage path option
Select SD as storage option
Select DCIM
Select storage permissions
Select USE THIS FOLDER
Select ALLOW button
Capture Image of Default Resolution
clicking Image of Default Resolutions0
clicking Image of Default Resolutions1
clicking Image of Default Resolutions2
clicking Image of Default Resolutions3
clicking Image of Default Resolutions4
clicking Image of Default Resolutions5
clicking Image of Default Resolutions6
clicking Image of Default Resolutions7
clicking Image of Default Resolutions8
clicking Image of Default Resolutions9
clicking Image of Default Resolutions10
clicking Image of Default Resolutions11
clicking Image of Default Resolutions12
clicking Image of Default Resolutions13
clicking Image of Default Resolutions14
clicking Image of Default Resolutions15
clicking Image of Default Resolutions16
clicking Image of Default Resolutions17
clicking Image of Default Resolutions18
clicking Image of Default Resolutions19
clicking Image of Default Resolutions20
clicking Image of Default Resolutions21
clicking Image of Default Resolutions22
clicking Image of Default Resolutions23
clicking Image of Default Resolutions24
Pass:Total Number Of Image captured 25 is successfull
===================================================================================================================================================================================================================================================================================================================================================================================================================================================================================================================================================================================================================================================================================================================================
Launch File Manager application to verify  Image capture
Select browse option
swipe up and search for sd card option
Select  SD Card
Select DCIM Folder
Select Camera Folder
Select moreoptions
Select select all option
Check 25 images present or not
Pass:Total Number Of Image captured 25 is successfull
===================================================================================================================================================================================================================================================================================================================================================================================================================================================================================================================================================================================================================================================================================================================================
Calling video() for rear video recording in USD card and verifying data capture.
Launch Camera Application
Select While using the app option
Switch To Back Camera if current Exiting camera is Front camera
Current Existing Camera is Back Camera
Select settings option
Search for Storage path option
Select SD as storage option
Select DCIM
Select storage permissions
Select USE THIS FOLDER option
Select video tab
Select settings option
Select Video quality
Select 1st Back Video Resolution: 1080p
Start video recording
Recording Video for 2Minutes of Duration
Stop video recording
Select settings option
Select Video quality
Select 2nd Back Video Resolution:  720P
Start video recording
Recording Video for 2Minutes of Duration
Stop video recording
Select photo mode
Pass: Rear camera video recording is successfull
===================================================================================================================================================================================================================================================================================================================================================================================================================================================================================================================================================================================================================================================================================================================================
Verifying Captured Videos
Launch Home screen and Clear recent Apps
Launch File Manager Application to verify captured videos
select Browse option
swipe up and search for sd card option
Click On SD Card
Select DCIM Folder
Select Camera Folder
Select moreoptions
Select select all options
check videos present or not
Pass: 2 Videos recorded Successfully
Pass: A total of 27 files present in uSD card before Format
===================================================================================================================================================================================================================================================================================================================================================================================================================================================================================================================================================================================================================================================================================================================================
calling Format() for format with data scenario
Clearing Recent Apps
Launch Settings application for Format uSD card with Data 
Swipe Up and Search for Storage
Fail: Format function cannot be called as incorrect Videos captured
Fail: Test0 Fail for file verification
Final Message: Fail Test0 Fail for Video Capture
===================================================================================================================================================================================================================================================================================================================================================================================================================================================================================================================================================================================================================================================================================================================================
Fail: Video function cannot be called as incorrect Images captured 
Final Message: Fail Test0 Fail for Image capture
===================================================================================================================================================================================================================================================================================================================================================================================================================================================================================================================================================================================================================================================================================================================================
Fail: Test0 fail for clear recent apps and clear internal memory org.openqa.selenium.WebDriverException: An unknown server-side error occurred while processing the command. Original error: 'POST /appium/device/press_keycode' cannot be proxied to UiAutomator2 server because the instrumentation process is not running (probably crashed). Check the server log and/or the logcat output for more details
Build info: version: '3.141.59', revision: 'e82be7d358', time: '2018-11-14T08:17:03'
System info: host: 'SD-APPS-200', ip: '10.65.150.243', os.name: 'Windows 10', os.arch: 'amd64', os.version: '10.0', java.version: '1.8.0_202'
Driver info: io.appium.java_client.android.AndroidDriver
Capabilities {automationName: UiAutomator2, databaseEnabled: false, desired: {automationName: UiAutomator2, deviceName: Infinix HOT 12 PRO, newCommandTimeout: 600, platformName: android, platformVersion: 12, udid: 08574312A1013436}, deviceApiLevel: 31, deviceManufacturer: INFINIX, deviceModel: Infinix X668, deviceName: 08574312A1013436, deviceScreenDensity: 320, deviceScreenSize: 720x1612, deviceUDID: 08574312A1013436, javascriptEnabled: true, locationContextEnabled: false, networkConnectionEnabled: true, newCommandTimeout: 600, pixelRatio: 2, platform: LINUX, platformName: Android, platformVersion: 12, statBarHeight: 72, takesScreenshot: true, udid: 08574312A1013436, viewportRect: {height: 1372, left: 0, top: 72, width: 720}, warnings: {}, webStorageEnabled: false}
Session ID: 1f38bb16-cbf7-4c9e-be61-bc6c49544a94
Final message: Fail Test0 fail for clear recent apps and clear internal memory org.openqa.selenium.WebDriverException: An unknown server-side error occurred while processing the command. Original error: 'POST /appium/device/press_keycode' cannot be proxied to UiAutomator2 server because the instrumentation process is not running (probably crashed). Check the server log and/or the logcat output for more details
Build info: version: '3.141.59', revision: 'e82be7d358', time: '2018-11-14T08:17:03'
System info: host: 'SD-APPS-200', ip: '10.65.150.243', os.name: 'Windows 10', os.arch: 'amd64', os.version: '10.0', java.version: '1.8.0_202'
Driver info: io.appium.java_client.android.AndroidDriver
Capabilities {automationName: UiAutomator2, databaseEnabled: false, desired: {automationName: UiAutomator2, deviceName: Infinix HOT 12 PRO, newCommandTimeout: 600, platformName: android, platformVersion: 12, udid: 08574312A1013436}, deviceApiLevel: 31, deviceManufacturer: INFINIX, deviceModel: Infinix X668, deviceName: 08574312A1013436, deviceScreenDensity: 320, deviceScreenSize: 720x1612, deviceUDID: 08574312A1013436, javascriptEnabled: true, locationContextEnabled: false, networkConnectionEnabled: true, newCommandTimeout: 600, pixelRatio: 2, platform: LINUX, platformName: Android, platformVersion: 12, statBarHeight: 72, takesScreenshot: true, udid: 08574312A1013436, viewportRect: {height: 1372, left: 0, top: 72, width: 720}, warnings: {}, webStorageEnabled: false}
Session ID: 1f38bb16-cbf7-4c9e-be61-bc6c49544a94
Test End
===================================================================================================================================================================================================================================================================================================================================================================================================================================================================================================================================================================================================================================================================================================================================
]]></system-out>
    <system-err><![CDATA[2023-01-09 18:39:48 INFO   io.appium.java_client.remote.AppiumCommandExecutor$1 lambda$0 Detected dialect: W3C
2023-01-09 18:39:59 INFO   io.appium.java_client.remote.AppiumCommandExecutor$1 lambda$0 Detected dialect: W3C
org.openqa.selenium.NoSuchElementException: An element could not be located on the page using the given search parameters.
For documentation on this error, please visit: https://www.seleniumhq.org/exceptions/no_such_element.html
Build info: version: '3.141.59', revision: 'e82be7d358', time: '2018-11-14T08:17:03'
System info: host: 'SD-APPS-200', ip: '10.65.150.243', os.name: 'Windows 10', os.arch: 'amd64', os.version: '10.0', java.version: '1.8.0_202'
Driver info: io.appium.java_client.android.AndroidDriver
Capabilities {automationName: UiAutomator2, databaseEnabled: false, desired: {automationName: UiAutomator2, deviceName: Infinix HOT 12 PRO, newCommandTimeout: 600, platformName: android, platformVersion: 12, udid: 08574312A1013436}, deviceApiLevel: 31, deviceManufacturer: INFINIX, deviceModel: Infinix X668, deviceName: 08574312A1013436, deviceScreenDensity: 320, deviceScreenSize: 720x1612, deviceUDID: 08574312A1013436, javascriptEnabled: true, locationContextEnabled: false, networkConnectionEnabled: true, newCommandTimeout: 600, pixelRatio: 2, platform: LINUX, platformName: Android, platformVersion: 12, statBarHeight: 72, takesScreenshot: true, udid: 08574312A1013436, viewportRect: {height: 1372, left: 0, top: 72, width: 720}, warnings: {}, webStorageEnabled: false}
Session ID: 1f38bb16-cbf7-4c9e-be61-bc6c49544a94
*** Element info: {Using=xpath, value=//*[@text='While using the app']}
	at sun.reflect.NativeConstructorAccessorImpl.newInstance0(Native Method)
	at sun.reflect.NativeConstructorAccessorImpl.newInstance(NativeConstructorAccessorImpl.java:62)
	at sun.reflect.DelegatingConstructorAccessorImpl.newInstance(DelegatingConstructorAccessorImpl.java:45)
	at java.lang.reflect.Constructor.newInstance(Constructor.java:423)
	at org.openqa.selenium.remote.http.W3CHttpResponseCodec.createException(W3CHttpResponseCodec.java:187)
	at org.openqa.selenium.remote.http.W3CHttpResponseCodec.decode(W3CHttpResponseCodec.java:122)
	at org.openqa.selenium.remote.http.W3CHttpResponseCodec.decode(W3CHttpResponseCodec.java:49)
	at org.openqa.selenium.remote.HttpCommandExecutor.execute(HttpCommandExecutor.java:158)
	at io.appium.java_client.remote.AppiumCommandExecutor.execute(AppiumCommandExecutor.java:239)
	at org.openqa.selenium.remote.RemoteWebDriver.execute(RemoteWebDriver.java:552)
	at io.appium.java_client.DefaultGenericMobileDriver.execute(DefaultGenericMobileDriver.java:42)
	at io.appium.java_client.AppiumDriver.execute(AppiumDriver.java:1)
	at io.appium.java_client.android.AndroidDriver.execute(AndroidDriver.java:1)
	at org.openqa.selenium.remote.RemoteWebDriver.findElement(RemoteWebDriver.java:323)
	at io.appium.java_client.DefaultGenericMobileDriver.findElement(DefaultGenericMobileDriver.java:62)
	at io.appium.java_client.AppiumDriver.findElement(AppiumDriver.java:1)
	at io.appium.java_client.android.AndroidDriver.findElement(AndroidDriver.java:1)
	at org.openqa.selenium.remote.RemoteWebDriver.findElementByXPath(RemoteWebDriver.java:428)
	at io.appium.java_client.DefaultGenericMobileDriver.findElementByXPath(DefaultGenericMobileDriver.java:152)
	at io.appium.java_client.AppiumDriver.findElementByXPath(AppiumDriver.java:1)
	at io.appium.java_client.android.AndroidDriver.findElementByXPath(AndroidDriver.java:1)
	at org.openqa.selenium.By$ByXPath.findElement(By.java:353)
	at org.openqa.selenium.remote.RemoteWebDriver.findElement(RemoteWebDriver.java:315)
	at io.appium.java_client.DefaultGenericMobileDriver.findElement(DefaultGenericMobileDriver.java:58)
	at io.appium.java_client.AppiumDriver.findElement(AppiumDriver.java:1)
	at io.appium.java_client.android.AndroidDriver.findElement(AndroidDriver.java:1)
	at Infinix_Hot_12Pro_X668.Test0.Images(Test0.java:217)
	at Infinix_Hot_12Pro_X668.Test0.start(Test0.java:187)
	at sun.reflect.NativeMethodAccessorImpl.invoke0(Native Method)
	at sun.reflect.NativeMethodAccessorImpl.invoke(NativeMethodAccessorImpl.java:62)
	at sun.reflect.DelegatingMethodAccessorImpl.invoke(DelegatingMethodAccessorImpl.java:43)
	at java.lang.reflect.Method.invoke(Method.java:498)
	at org.testng.internal.MethodInvocationHelper.invokeMethod(MethodInvocationHelper.java:80)
	at org.testng.internal.Invoker.invokeMethod(Invoker.java:673)
	at org.testng.internal.Invoker.invokeTestMethod(Invoker.java:842)
	at org.testng.internal.Invoker.invokeTestMethods(Invoker.java:1166)
	at org.testng.internal.TestMethodWorker.invokeTestMethods(TestMethodWorker.java:125)
	at org.testng.internal.TestMethodWorker.run(TestMethodWorker.java:109)
	at org.testng.TestRunner.runWorkers(TestRunner.java:1178)
	at org.testng.TestRunner.privateRun(TestRunner.java:757)
	at org.testng.TestRunner.run(TestRunner.java:608)
	at org.testng.SuiteRunner.runTest(SuiteRunner.java:334)
	at org.testng.SuiteRunner.runSequentially(SuiteRunner.java:329)
	at org.testng.SuiteRunner.privateRun(SuiteRunner.java:291)
	at org.testng.SuiteRunner.run(SuiteRunner.java:240)
	at org.testng.SuiteRunnerWorker.runSuite(SuiteRunnerWorker.java:52)
	at org.testng.SuiteRunnerWorker.run(SuiteRunnerWorker.java:86)
	at org.testng.TestNG.runSuitesSequentially(TestNG.java:1158)
	at org.testng.TestNG.runSuitesSequentially(TestNG.java:1154)
	at org.testng.TestNG.runSuitesLocally(TestNG.java:1083)
	at org.testng.TestNG.run(TestNG.java:999)
	at org.apache.maven.surefire.testng.TestNGExecutor.run(TestNGExecutor.java:284)
	at org.apache.maven.surefire.testng.TestNGXmlTestSuite.execute(TestNGXmlTestSuite.java:75)
	at org.apache.maven.surefire.testng.TestNGProvider.invoke(TestNGProvider.java:119)
	at org.apache.maven.surefire.booter.ForkedBooter.runSuitesInProcess(ForkedBooter.java:428)
	at org.apache.maven.surefire.booter.ForkedBooter.execute(ForkedBooter.java:162)
	at org.apache.maven.surefire.booter.ForkedBooter.run(ForkedBooter.java:562)
	at org.apache.maven.surefire.booter.ForkedBooter.main(ForkedBooter.java:548)
org.openqa.selenium.NoSuchElementException: An element could not be located on the page using the given search parameters.
For documentation on this error, please visit: https://www.seleniumhq.org/exceptions/no_such_element.html
Build info: version: '3.141.59', revision: 'e82be7d358', time: '2018-11-14T08:17:03'
System info: host: 'SD-APPS-200', ip: '10.65.150.243', os.name: 'Windows 10', os.arch: 'amd64', os.version: '10.0', java.version: '1.8.0_202'
Driver info: io.appium.java_client.android.AndroidDriver
Capabilities {automationName: UiAutomator2, databaseEnabled: false, desired: {automationName: UiAutomator2, deviceName: Infinix HOT 12 PRO, newCommandTimeout: 600, platformName: android, platformVersion: 12, udid: 08574312A1013436}, deviceApiLevel: 31, deviceManufacturer: INFINIX, deviceModel: Infinix X668, deviceName: 08574312A1013436, deviceScreenDensity: 320, deviceScreenSize: 720x1612, deviceUDID: 08574312A1013436, javascriptEnabled: true, locationContextEnabled: false, networkConnectionEnabled: true, newCommandTimeout: 600, pixelRatio: 2, platform: LINUX, platformName: Android, platformVersion: 12, statBarHeight: 72, takesScreenshot: true, udid: 08574312A1013436, viewportRect: {height: 1372, left: 0, top: 72, width: 720}, warnings: {}, webStorageEnabled: false}
Session ID: 1f38bb16-cbf7-4c9e-be61-bc6c49544a94
*** Element info: {Using=xpath, value=//*[@text='While using the app']}
	at sun.reflect.NativeConstructorAccessorImpl.newInstance0(Native Method)
	at sun.reflect.NativeConstructorAccessorImpl.newInstance(NativeConstructorAccessorImpl.java:62)
	at sun.reflect.DelegatingConstructorAccessorImpl.newInstance(DelegatingConstructorAccessorImpl.java:45)
	at java.lang.reflect.Constructor.newInstance(Constructor.java:423)
	at org.openqa.selenium.remote.http.W3CHttpResponseCodec.createException(W3CHttpResponseCodec.java:187)
	at org.openqa.selenium.remote.http.W3CHttpResponseCodec.decode(W3CHttpResponseCodec.java:122)
	at org.openqa.selenium.remote.http.W3CHttpResponseCodec.decode(W3CHttpResponseCodec.java:49)
	at org.openqa.selenium.remote.HttpCommandExecutor.execute(HttpCommandExecutor.java:158)
	at io.appium.java_client.remote.AppiumCommandExecutor.execute(AppiumCommandExecutor.java:239)
	at org.openqa.selenium.remote.RemoteWebDriver.execute(RemoteWebDriver.java:552)
	at io.appium.java_client.DefaultGenericMobileDriver.execute(DefaultGenericMobileDriver.java:42)
	at io.appium.java_client.AppiumDriver.execute(AppiumDriver.java:1)
	at io.appium.java_client.android.AndroidDriver.execute(AndroidDriver.java:1)
	at org.openqa.selenium.remote.RemoteWebDriver.findElement(RemoteWebDriver.java:323)
	at io.appium.java_client.DefaultGenericMobileDriver.findElement(DefaultGenericMobileDriver.java:62)
	at io.appium.java_client.AppiumDriver.findElement(AppiumDriver.java:1)
	at io.appium.java_client.android.AndroidDriver.findElement(AndroidDriver.java:1)
	at org.openqa.selenium.remote.RemoteWebDriver.findElementByXPath(RemoteWebDriver.java:428)
	at io.appium.java_client.DefaultGenericMobileDriver.findElementByXPath(DefaultGenericMobileDriver.java:152)
	at io.appium.java_client.AppiumDriver.findElementByXPath(AppiumDriver.java:1)
	at io.appium.java_client.android.AndroidDriver.findElementByXPath(AndroidDriver.java:1)
	at org.openqa.selenium.By$ByXPath.findElement(By.java:353)
	at org.openqa.selenium.remote.RemoteWebDriver.findElement(RemoteWebDriver.java:315)
	at io.appium.java_client.DefaultGenericMobileDriver.findElement(DefaultGenericMobileDriver.java:58)
	at io.appium.java_client.AppiumDriver.findElement(AppiumDriver.java:1)
	at io.appium.java_client.android.AndroidDriver.findElement(AndroidDriver.java:1)
	at Infinix_Hot_12Pro_X668.Test0.Video(Test0.java:415)
	at Infinix_Hot_12Pro_X668.Test0.Images(Test0.java:374)
	at Infinix_Hot_12Pro_X668.Test0.start(Test0.java:187)
	at sun.reflect.NativeMethodAccessorImpl.invoke0(Native Method)
	at sun.reflect.NativeMethodAccessorImpl.invoke(NativeMethodAccessorImpl.java:62)
	at sun.reflect.DelegatingMethodAccessorImpl.invoke(DelegatingMethodAccessorImpl.java:43)
	at java.lang.reflect.Method.invoke(Method.java:498)
	at org.testng.internal.MethodInvocationHelper.invokeMethod(MethodInvocationHelper.java:80)
	at org.testng.internal.Invoker.invokeMethod(Invoker.java:673)
	at org.testng.internal.Invoker.invokeTestMethod(Invoker.java:842)
	at org.testng.internal.Invoker.invokeTestMethods(Invoker.java:1166)
	at org.testng.internal.TestMethodWorker.invokeTestMethods(TestMethodWorker.java:125)
	at org.testng.internal.TestMethodWorker.run(TestMethodWorker.java:109)
	at org.testng.TestRunner.runWorkers(TestRunner.java:1178)
	at org.testng.TestRunner.privateRun(TestRunner.java:757)
	at org.testng.TestRunner.run(TestRunner.java:608)
	at org.testng.SuiteRunner.runTest(SuiteRunner.java:334)
	at org.testng.SuiteRunner.runSequentially(SuiteRunner.java:329)
	at org.testng.SuiteRunner.privateRun(SuiteRunner.java:291)
	at org.testng.SuiteRunner.run(SuiteRunner.java:240)
	at org.testng.SuiteRunnerWorker.runSuite(SuiteRunnerWorker.java:52)
	at org.testng.SuiteRunnerWorker.run(SuiteRunnerWorker.java:86)
	at org.testng.TestNG.runSuitesSequentially(TestNG.java:1158)
	at org.testng.TestNG.runSuitesSequentially(TestNG.java:1154)
	at org.testng.TestNG.runSuitesLocally(TestNG.java:1083)
	at org.testng.TestNG.run(TestNG.java:999)
	at org.apache.maven.surefire.testng.TestNGExecutor.run(TestNGExecutor.java:284)
	at org.apache.maven.surefire.testng.TestNGXmlTestSuite.execute(TestNGXmlTestSuite.java:75)
	at org.apache.maven.surefire.testng.TestNGProvider.invoke(TestNGProvider.java:119)
	at org.apache.maven.surefire.booter.ForkedBooter.runSuitesInProcess(ForkedBooter.java:428)
	at org.apache.maven.surefire.booter.ForkedBooter.execute(ForkedBooter.java:162)
	at org.apache.maven.surefire.booter.ForkedBooter.run(ForkedBooter.java:562)
	at org.apache.maven.surefire.booter.ForkedBooter.main(ForkedBooter.java:548)
org.openqa.selenium.NoSuchElementException: An element could not be located on the page using the given search parameters.
For documentation on this error, please visit: https://www.seleniumhq.org/exceptions/no_such_element.html
Build info: version: '3.141.59', revision: 'e82be7d358', time: '2018-11-14T08:17:03'
System info: host: 'SD-APPS-200', ip: '10.65.150.243', os.name: 'Windows 10', os.arch: 'amd64', os.version: '10.0', java.version: '1.8.0_202'
Driver info: io.appium.java_client.android.AndroidDriver
Capabilities {automationName: UiAutomator2, databaseEnabled: false, desired: {automationName: UiAutomator2, deviceName: Infinix HOT 12 PRO, newCommandTimeout: 600, platformName: android, platformVersion: 12, udid: 08574312A1013436}, deviceApiLevel: 31, deviceManufacturer: INFINIX, deviceModel: Infinix X668, deviceName: 08574312A1013436, deviceScreenDensity: 320, deviceScreenSize: 720x1612, deviceUDID: 08574312A1013436, javascriptEnabled: true, locationContextEnabled: false, networkConnectionEnabled: true, newCommandTimeout: 600, pixelRatio: 2, platform: LINUX, platformName: Android, platformVersion: 12, statBarHeight: 72, takesScreenshot: true, udid: 08574312A1013436, viewportRect: {height: 1372, left: 0, top: 72, width: 720}, warnings: {}, webStorageEnabled: false}
Session ID: 1f38bb16-cbf7-4c9e-be61-bc6c49544a94
*** Element info: {Using=xpath, value=//*[@text='DCIM']}
	at sun.reflect.NativeConstructorAccessorImpl.newInstance0(Native Method)
	at sun.reflect.NativeConstructorAccessorImpl.newInstance(NativeConstructorAccessorImpl.java:62)
	at sun.reflect.DelegatingConstructorAccessorImpl.newInstance(DelegatingConstructorAccessorImpl.java:45)
	at java.lang.reflect.Constructor.newInstance(Constructor.java:423)
	at org.openqa.selenium.remote.http.W3CHttpResponseCodec.createException(W3CHttpResponseCodec.java:187)
	at org.openqa.selenium.remote.http.W3CHttpResponseCodec.decode(W3CHttpResponseCodec.java:122)
	at org.openqa.selenium.remote.http.W3CHttpResponseCodec.decode(W3CHttpResponseCodec.java:49)
	at org.openqa.selenium.remote.HttpCommandExecutor.execute(HttpCommandExecutor.java:158)
	at io.appium.java_client.remote.AppiumCommandExecutor.execute(AppiumCommandExecutor.java:239)
	at org.openqa.selenium.remote.RemoteWebDriver.execute(RemoteWebDriver.java:552)
	at io.appium.java_client.DefaultGenericMobileDriver.execute(DefaultGenericMobileDriver.java:42)
	at io.appium.java_client.AppiumDriver.execute(AppiumDriver.java:1)
	at io.appium.java_client.android.AndroidDriver.execute(AndroidDriver.java:1)
	at org.openqa.selenium.remote.RemoteWebDriver.findElement(RemoteWebDriver.java:323)
	at io.appium.java_client.DefaultGenericMobileDriver.findElement(DefaultGenericMobileDriver.java:62)
	at io.appium.java_client.AppiumDriver.findElement(AppiumDriver.java:1)
	at io.appium.java_client.android.AndroidDriver.findElement(AndroidDriver.java:1)
	at org.openqa.selenium.remote.RemoteWebDriver.findElementByXPath(RemoteWebDriver.java:428)
	at io.appium.java_client.DefaultGenericMobileDriver.findElementByXPath(DefaultGenericMobileDriver.java:152)
	at io.appium.java_client.AppiumDriver.findElementByXPath(AppiumDriver.java:1)
	at io.appium.java_client.android.AndroidDriver.findElementByXPath(AndroidDriver.java:1)
	at org.openqa.selenium.By$ByXPath.findElement(By.java:353)
	at org.openqa.selenium.remote.RemoteWebDriver.findElement(RemoteWebDriver.java:315)
	at io.appium.java_client.DefaultGenericMobileDriver.findElement(DefaultGenericMobileDriver.java:58)
	at io.appium.java_client.AppiumDriver.findElement(AppiumDriver.java:1)
	at io.appium.java_client.android.AndroidDriver.findElement(AndroidDriver.java:1)
	at Infinix_Hot_12Pro_X668.Test0.Video(Test0.java:461)
	at Infinix_Hot_12Pro_X668.Test0.Images(Test0.java:374)
	at Infinix_Hot_12Pro_X668.Test0.start(Test0.java:187)
	at sun.reflect.NativeMethodAccessorImpl.invoke0(Native Method)
	at sun.reflect.NativeMethodAccessorImpl.invoke(NativeMethodAccessorImpl.java:62)
	at sun.reflect.DelegatingMethodAccessorImpl.invoke(DelegatingMethodAccessorImpl.java:43)
	at java.lang.reflect.Method.invoke(Method.java:498)
	at org.testng.internal.MethodInvocationHelper.invokeMethod(MethodInvocationHelper.java:80)
	at org.testng.internal.Invoker.invokeMethod(Invoker.java:673)
	at org.testng.internal.Invoker.invokeTestMethod(Invoker.java:842)
	at org.testng.internal.Invoker.invokeTestMethods(Invoker.java:1166)
	at org.testng.internal.TestMethodWorker.invokeTestMethods(TestMethodWorker.java:125)
	at org.testng.internal.TestMethodWorker.run(TestMethodWorker.java:109)
	at org.testng.TestRunner.runWorkers(TestRunner.java:1178)
	at org.testng.TestRunner.privateRun(TestRunner.java:757)
	at org.testng.TestRunner.run(TestRunner.java:608)
	at org.testng.SuiteRunner.runTest(SuiteRunner.java:334)
	at org.testng.SuiteRunner.runSequentially(SuiteRunner.java:329)
	at org.testng.SuiteRunner.privateRun(SuiteRunner.java:291)
	at org.testng.SuiteRunner.run(SuiteRunner.java:240)
	at org.testng.SuiteRunnerWorker.runSuite(SuiteRunnerWorker.java:52)
	at org.testng.SuiteRunnerWorker.run(SuiteRunnerWorker.java:86)
	at org.testng.TestNG.runSuitesSequentially(TestNG.java:1158)
	at org.testng.TestNG.runSuitesSequentially(TestNG.java:1154)
	at org.testng.TestNG.runSuitesLocally(TestNG.java:1083)
	at org.testng.TestNG.run(TestNG.java:999)
	at org.apache.maven.surefire.testng.TestNGExecutor.run(TestNGExecutor.java:284)
	at org.apache.maven.surefire.testng.TestNGXmlTestSuite.execute(TestNGXmlTestSuite.java:75)
	at org.apache.maven.surefire.testng.TestNGProvider.invoke(TestNGProvider.java:119)
	at org.apache.maven.surefire.booter.ForkedBooter.runSuitesInProcess(ForkedBooter.java:428)
	at org.apache.maven.surefire.booter.ForkedBooter.execute(ForkedBooter.java:162)
	at org.apache.maven.surefire.booter.ForkedBooter.run(ForkedBooter.java:562)
	at org.apache.maven.surefire.booter.ForkedBooter.main(ForkedBooter.java:548)
org.openqa.selenium.NoSuchElementException: An element could not be located on the page using the given search parameters.
For documentation on this error, please visit: https://www.seleniumhq.org/exceptions/no_such_element.html
Build info: version: '3.141.59', revision: 'e82be7d358', time: '2018-11-14T08:17:03'
System info: host: 'SD-APPS-200', ip: '10.65.150.243', os.name: 'Windows 10', os.arch: 'amd64', os.version: '10.0', java.version: '1.8.0_202'
Driver info: io.appium.java_client.android.AndroidDriver
Capabilities {automationName: UiAutomator2, databaseEnabled: false, desired: {automationName: UiAutomator2, deviceName: Infinix HOT 12 PRO, newCommandTimeout: 600, platformName: android, platformVersion: 12, udid: 08574312A1013436}, deviceApiLevel: 31, deviceManufacturer: INFINIX, deviceModel: Infinix X668, deviceName: 08574312A1013436, deviceScreenDensity: 320, deviceScreenSize: 720x1612, deviceUDID: 08574312A1013436, javascriptEnabled: true, locationContextEnabled: false, networkConnectionEnabled: true, newCommandTimeout: 600, pixelRatio: 2, platform: LINUX, platformName: Android, platformVersion: 12, statBarHeight: 72, takesScreenshot: true, udid: 08574312A1013436, viewportRect: {height: 1372, left: 0, top: 72, width: 720}, warnings: {}, webStorageEnabled: false}
Session ID: 1f38bb16-cbf7-4c9e-be61-bc6c49544a94
*** Element info: {Using=xpath, value=//*[@text='USE THIS FOLDER']}
	at sun.reflect.NativeConstructorAccessorImpl.newInstance0(Native Method)
	at sun.reflect.NativeConstructorAccessorImpl.newInstance(NativeConstructorAccessorImpl.java:62)
	at sun.reflect.DelegatingConstructorAccessorImpl.newInstance(DelegatingConstructorAccessorImpl.java:45)
	at java.lang.reflect.Constructor.newInstance(Constructor.java:423)
	at org.openqa.selenium.remote.http.W3CHttpResponseCodec.createException(W3CHttpResponseCodec.java:187)
	at org.openqa.selenium.remote.http.W3CHttpResponseCodec.decode(W3CHttpResponseCodec.java:122)
	at org.openqa.selenium.remote.http.W3CHttpResponseCodec.decode(W3CHttpResponseCodec.java:49)
	at org.openqa.selenium.remote.HttpCommandExecutor.execute(HttpCommandExecutor.java:158)
	at io.appium.java_client.remote.AppiumCommandExecutor.execute(AppiumCommandExecutor.java:239)
	at org.openqa.selenium.remote.RemoteWebDriver.execute(RemoteWebDriver.java:552)
	at io.appium.java_client.DefaultGenericMobileDriver.execute(DefaultGenericMobileDriver.java:42)
	at io.appium.java_client.AppiumDriver.execute(AppiumDriver.java:1)
	at io.appium.java_client.android.AndroidDriver.execute(AndroidDriver.java:1)
	at org.openqa.selenium.remote.RemoteWebDriver.findElement(RemoteWebDriver.java:323)
	at io.appium.java_client.DefaultGenericMobileDriver.findElement(DefaultGenericMobileDriver.java:62)
	at io.appium.java_client.AppiumDriver.findElement(AppiumDriver.java:1)
	at io.appium.java_client.android.AndroidDriver.findElement(AndroidDriver.java:1)
	at org.openqa.selenium.remote.RemoteWebDriver.findElementByXPath(RemoteWebDriver.java:428)
	at io.appium.java_client.DefaultGenericMobileDriver.findElementByXPath(DefaultGenericMobileDriver.java:152)
	at io.appium.java_client.AppiumDriver.findElementByXPath(AppiumDriver.java:1)
	at io.appium.java_client.android.AndroidDriver.findElementByXPath(AndroidDriver.java:1)
	at org.openqa.selenium.By$ByXPath.findElement(By.java:353)
	at org.openqa.selenium.remote.RemoteWebDriver.findElement(RemoteWebDriver.java:315)
	at io.appium.java_client.DefaultGenericMobileDriver.findElement(DefaultGenericMobileDriver.java:58)
	at io.appium.java_client.AppiumDriver.findElement(AppiumDriver.java:1)
	at io.appium.java_client.android.AndroidDriver.findElement(AndroidDriver.java:1)
	at Infinix_Hot_12Pro_X668.Test0.Video(Test0.java:478)
	at Infinix_Hot_12Pro_X668.Test0.Images(Test0.java:374)
	at Infinix_Hot_12Pro_X668.Test0.start(Test0.java:187)
	at sun.reflect.NativeMethodAccessorImpl.invoke0(Native Method)
	at sun.reflect.NativeMethodAccessorImpl.invoke(NativeMethodAccessorImpl.java:62)
	at sun.reflect.DelegatingMethodAccessorImpl.invoke(DelegatingMethodAccessorImpl.java:43)
	at java.lang.reflect.Method.invoke(Method.java:498)
	at org.testng.internal.MethodInvocationHelper.invokeMethod(MethodInvocationHelper.java:80)
	at org.testng.internal.Invoker.invokeMethod(Invoker.java:673)
	at org.testng.internal.Invoker.invokeTestMethod(Invoker.java:842)
	at org.testng.internal.Invoker.invokeTestMethods(Invoker.java:1166)
	at org.testng.internal.TestMethodWorker.invokeTestMethods(TestMethodWorker.java:125)
	at org.testng.internal.TestMethodWorker.run(TestMethodWorker.java:109)
	at org.testng.TestRunner.runWorkers(TestRunner.java:1178)
	at org.testng.TestRunner.privateRun(TestRunner.java:757)
	at org.testng.TestRunner.run(TestRunner.java:608)
	at org.testng.SuiteRunner.runTest(SuiteRunner.java:334)
	at org.testng.SuiteRunner.runSequentially(SuiteRunner.java:329)
	at org.testng.SuiteRunner.privateRun(SuiteRunner.java:291)
	at org.testng.SuiteRunner.run(SuiteRunner.java:240)
	at org.testng.SuiteRunnerWorker.runSuite(SuiteRunnerWorker.java:52)
	at org.testng.SuiteRunnerWorker.run(SuiteRunnerWorker.java:86)
	at org.testng.TestNG.runSuitesSequentially(TestNG.java:1158)
	at org.testng.TestNG.runSuitesSequentially(TestNG.java:1154)
	at org.testng.TestNG.runSuitesLocally(TestNG.java:1083)
	at org.testng.TestNG.run(TestNG.java:999)
	at org.apache.maven.surefire.testng.TestNGExecutor.run(TestNGExecutor.java:284)
	at org.apache.maven.surefire.testng.TestNGXmlTestSuite.execute(TestNGXmlTestSuite.java:75)
	at org.apache.maven.surefire.testng.TestNGProvider.invoke(TestNGProvider.java:119)
	at org.apache.maven.surefire.booter.ForkedBooter.runSuitesInProcess(ForkedBooter.java:428)
	at org.apache.maven.surefire.booter.ForkedBooter.execute(ForkedBooter.java:162)
	at org.apache.maven.surefire.booter.ForkedBooter.run(ForkedBooter.java:562)
	at org.apache.maven.surefire.booter.ForkedBooter.main(ForkedBooter.java:548)
org.openqa.selenium.WebDriverException: An unknown server-side error occurred while processing the command. Original error: 'POST /element' cannot be proxied to UiAutomator2 server because the instrumentation process is not running (probably crashed). Check the server log and/or the logcat output for more details
Build info: version: '3.141.59', revision: 'e82be7d358', time: '2018-11-14T08:17:03'
System info: host: 'SD-APPS-200', ip: '10.65.150.243', os.name: 'Windows 10', os.arch: 'amd64', os.version: '10.0', java.version: '1.8.0_202'
Driver info: io.appium.java_client.android.AndroidDriver
Capabilities {automationName: UiAutomator2, databaseEnabled: false, desired: {automationName: UiAutomator2, deviceName: Infinix HOT 12 PRO, newCommandTimeout: 600, platformName: android, platformVersion: 12, udid: 08574312A1013436}, deviceApiLevel: 31, deviceManufacturer: INFINIX, deviceModel: Infinix X668, deviceName: 08574312A1013436, deviceScreenDensity: 320, deviceScreenSize: 720x1612, deviceUDID: 08574312A1013436, javascriptEnabled: true, locationContextEnabled: false, networkConnectionEnabled: true, newCommandTimeout: 600, pixelRatio: 2, platform: LINUX, platformName: Android, platformVersion: 12, statBarHeight: 72, takesScreenshot: true, udid: 08574312A1013436, viewportRect: {height: 1372, left: 0, top: 72, width: 720}, warnings: {}, webStorageEnabled: false}
Session ID: 1f38bb16-cbf7-4c9e-be61-bc6c49544a94
*** Element info: {Using=-android uiautomator, value=new UiScrollable(new UiSelector().scrollable(true)).setMaxSearchSwipes(10).scrollIntoView(new UiSelector().text("Storage"))}
	at sun.reflect.NativeConstructorAccessorImpl.newInstance0(Native Method)
	at sun.reflect.NativeConstructorAccessorImpl.newInstance(NativeConstructorAccessorImpl.java:62)
	at sun.reflect.DelegatingConstructorAccessorImpl.newInstance(DelegatingConstructorAccessorImpl.java:45)
	at java.lang.reflect.Constructor.newInstance(Constructor.java:423)
	at org.openqa.selenium.remote.http.W3CHttpResponseCodec.createException(W3CHttpResponseCodec.java:187)
	at org.openqa.selenium.remote.http.W3CHttpResponseCodec.decode(W3CHttpResponseCodec.java:122)
	at org.openqa.selenium.remote.http.W3CHttpResponseCodec.decode(W3CHttpResponseCodec.java:49)
	at org.openqa.selenium.remote.HttpCommandExecutor.execute(HttpCommandExecutor.java:158)
	at io.appium.java_client.remote.AppiumCommandExecutor.execute(AppiumCommandExecutor.java:239)
	at org.openqa.selenium.remote.RemoteWebDriver.execute(RemoteWebDriver.java:552)
	at io.appium.java_client.DefaultGenericMobileDriver.execute(DefaultGenericMobileDriver.java:42)
	at io.appium.java_client.AppiumDriver.execute(AppiumDriver.java:1)
	at io.appium.java_client.android.AndroidDriver.execute(AndroidDriver.java:1)
	at org.openqa.selenium.remote.RemoteWebDriver.findElement(RemoteWebDriver.java:323)
	at io.appium.java_client.DefaultGenericMobileDriver.findElement(DefaultGenericMobileDriver.java:62)
	at io.appium.java_client.AppiumDriver.findElement(AppiumDriver.java:1)
	at io.appium.java_client.android.AndroidDriver.findElement(AndroidDriver.java:1)
	at io.appium.java_client.FindsByAndroidUIAutomator.findElementByAndroidUIAutomator(FindsByAndroidUIAutomator.java:38)
	at io.appium.java_client.MobileBy$ByAndroidUIAutomator.findElement(MobileBy.java:278)
	at org.openqa.selenium.remote.RemoteWebDriver.findElement(RemoteWebDriver.java:315)
	at io.appium.java_client.DefaultGenericMobileDriver.findElement(DefaultGenericMobileDriver.java:58)
	at io.appium.java_client.AppiumDriver.findElement(AppiumDriver.java:1)
	at io.appium.java_client.android.AndroidDriver.findElement(AndroidDriver.java:1)
	at Infinix_Hot_12Pro_X668.Test0.Format(Test0.java:682)
	at Infinix_Hot_12Pro_X668.Test0.Video(Test0.java:641)
	at Infinix_Hot_12Pro_X668.Test0.Images(Test0.java:374)
	at Infinix_Hot_12Pro_X668.Test0.start(Test0.java:187)
	at sun.reflect.NativeMethodAccessorImpl.invoke0(Native Method)
	at sun.reflect.NativeMethodAccessorImpl.invoke(NativeMethodAccessorImpl.java:62)
	at sun.reflect.DelegatingMethodAccessorImpl.invoke(DelegatingMethodAccessorImpl.java:43)
	at java.lang.reflect.Method.invoke(Method.java:498)
	at org.testng.internal.MethodInvocationHelper.invokeMethod(MethodInvocationHelper.java:80)
	at org.testng.internal.Invoker.invokeMethod(Invoker.java:673)
	at org.testng.internal.Invoker.invokeTestMethod(Invoker.java:842)
	at org.testng.internal.Invoker.invokeTestMethods(Invoker.java:1166)
	at org.testng.internal.TestMethodWorker.invokeTestMethods(TestMethodWorker.java:125)
	at org.testng.internal.TestMethodWorker.run(TestMethodWorker.java:109)
	at org.testng.TestRunner.runWorkers(TestRunner.java:1178)
	at org.testng.TestRunner.privateRun(TestRunner.java:757)
	at org.testng.TestRunner.run(TestRunner.java:608)
	at org.testng.SuiteRunner.runTest(SuiteRunner.java:334)
	at org.testng.SuiteRunner.runSequentially(SuiteRunner.java:329)
	at org.testng.SuiteRunner.privateRun(SuiteRunner.java:291)
	at org.testng.SuiteRunner.run(SuiteRunner.java:240)
	at org.testng.SuiteRunnerWorker.runSuite(SuiteRunnerWorker.java:52)
	at org.testng.SuiteRunnerWorker.run(SuiteRunnerWorker.java:86)
	at org.testng.TestNG.runSuitesSequentially(TestNG.java:1158)
	at org.testng.TestNG.runSuitesSequentially(TestNG.java:1154)
	at org.testng.TestNG.runSuitesLocally(TestNG.java:1083)
	at org.testng.TestNG.run(TestNG.java:999)
	at org.apache.maven.surefire.testng.TestNGExecutor.run(TestNGExecutor.java:284)
	at org.apache.maven.surefire.testng.TestNGXmlTestSuite.execute(TestNGXmlTestSuite.java:75)
	at org.apache.maven.surefire.testng.TestNGProvider.invoke(TestNGProvider.java:119)
	at org.apache.maven.surefire.booter.ForkedBooter.runSuitesInProcess(ForkedBooter.java:428)
	at org.apache.maven.surefire.booter.ForkedBooter.execute(ForkedBooter.java:162)
	at org.apache.maven.surefire.booter.ForkedBooter.run(ForkedBooter.java:562)
	at org.apache.maven.surefire.booter.ForkedBooter.main(ForkedBooter.java:548)
org.openqa.selenium.WebDriverException: An unknown server-side error occurred while processing the command. Original error: 'POST /appium/device/press_keycode' cannot be proxied to UiAutomator2 server because the instrumentation process is not running (probably crashed). Check the server log and/or the logcat output for more details
Build info: version: '3.141.59', revision: 'e82be7d358', time: '2018-11-14T08:17:03'
System info: host: 'SD-APPS-200', ip: '10.65.150.243', os.name: 'Windows 10', os.arch: 'amd64', os.version: '10.0', java.version: '1.8.0_202'
Driver info: io.appium.java_client.android.AndroidDriver
Capabilities {automationName: UiAutomator2, databaseEnabled: false, desired: {automationName: UiAutomator2, deviceName: Infinix HOT 12 PRO, newCommandTimeout: 600, platformName: android, platformVersion: 12, udid: 08574312A1013436}, deviceApiLevel: 31, deviceManufacturer: INFINIX, deviceModel: Infinix X668, deviceName: 08574312A1013436, deviceScreenDensity: 320, deviceScreenSize: 720x1612, deviceUDID: 08574312A1013436, javascriptEnabled: true, locationContextEnabled: false, networkConnectionEnabled: true, newCommandTimeout: 600, pixelRatio: 2, platform: LINUX, platformName: Android, platformVersion: 12, statBarHeight: 72, takesScreenshot: true, udid: 08574312A1013436, viewportRect: {height: 1372, left: 0, top: 72, width: 720}, warnings: {}, webStorageEnabled: false}
Session ID: 1f38bb16-cbf7-4c9e-be61-bc6c49544a94
	at sun.reflect.NativeConstructorAccessorImpl.newInstance0(Native Method)
	at sun.reflect.NativeConstructorAccessorImpl.newInstance(NativeConstructorAccessorImpl.java:62)
	at sun.reflect.DelegatingConstructorAccessorImpl.newInstance(DelegatingConstructorAccessorImpl.java:45)
	at java.lang.reflect.Constructor.newInstance(Constructor.java:423)
	at org.openqa.selenium.remote.http.W3CHttpResponseCodec.createException(W3CHttpResponseCodec.java:187)
	at org.openqa.selenium.remote.http.W3CHttpResponseCodec.decode(W3CHttpResponseCodec.java:122)
	at org.openqa.selenium.remote.http.W3CHttpResponseCodec.decode(W3CHttpResponseCodec.java:49)
	at org.openqa.selenium.remote.HttpCommandExecutor.execute(HttpCommandExecutor.java:158)
	at io.appium.java_client.remote.AppiumCommandExecutor.execute(AppiumCommandExecutor.java:239)
	at org.openqa.selenium.remote.RemoteWebDriver.execute(RemoteWebDriver.java:552)
	at io.appium.java_client.DefaultGenericMobileDriver.execute(DefaultGenericMobileDriver.java:42)
	at io.appium.java_client.AppiumDriver.execute(AppiumDriver.java:1)
	at io.appium.java_client.android.AndroidDriver.execute(AndroidDriver.java:1)
	at io.appium.java_client.CommandExecutionHelper.execute(CommandExecutionHelper.java:27)
	at io.appium.java_client.android.nativekey.PressesKey.pressKey(PressesKey.java:63)
	at Infinix_Hot_12Pro_X668.Test0.Video(Test0.java:655)
	at Infinix_Hot_12Pro_X668.Test0.Images(Test0.java:374)
	at Infinix_Hot_12Pro_X668.Test0.start(Test0.java:187)
	at sun.reflect.NativeMethodAccessorImpl.invoke0(Native Method)
	at sun.reflect.NativeMethodAccessorImpl.invoke(NativeMethodAccessorImpl.java:62)
	at sun.reflect.DelegatingMethodAccessorImpl.invoke(DelegatingMethodAccessorImpl.java:43)
	at java.lang.reflect.Method.invoke(Method.java:498)
	at org.testng.internal.MethodInvocationHelper.invokeMethod(MethodInvocationHelper.java:80)
	at org.testng.internal.Invoker.invokeMethod(Invoker.java:673)
	at org.testng.internal.Invoker.invokeTestMethod(Invoker.java:842)
	at org.testng.internal.Invoker.invokeTestMethods(Invoker.java:1166)
	at org.testng.internal.TestMethodWorker.invokeTestMethods(TestMethodWorker.java:125)
	at org.testng.internal.TestMethodWorker.run(TestMethodWorker.java:109)
	at org.testng.TestRunner.runWorkers(TestRunner.java:1178)
	at org.testng.TestRunner.privateRun(TestRunner.java:757)
	at org.testng.TestRunner.run(TestRunner.java:608)
	at org.testng.SuiteRunner.runTest(SuiteRunner.java:334)
	at org.testng.SuiteRunner.runSequentially(SuiteRunner.java:329)
	at org.testng.SuiteRunner.privateRun(SuiteRunner.java:291)
	at org.testng.SuiteRunner.run(SuiteRunner.java:240)
	at org.testng.SuiteRunnerWorker.runSuite(SuiteRunnerWorker.java:52)
	at org.testng.SuiteRunnerWorker.run(SuiteRunnerWorker.java:86)
	at org.testng.TestNG.runSuitesSequentially(TestNG.java:1158)
	at org.testng.TestNG.runSuitesSequentially(TestNG.java:1154)
	at org.testng.TestNG.runSuitesLocally(TestNG.java:1083)
	at org.testng.TestNG.run(TestNG.java:999)
	at org.apache.maven.surefire.testng.TestNGExecutor.run(TestNGExecutor.java:284)
	at org.apache.maven.surefire.testng.TestNGXmlTestSuite.execute(TestNGXmlTestSuite.java:75)
	at org.apache.maven.surefire.testng.TestNGProvider.invoke(TestNGProvider.java:119)
	at org.apache.maven.surefire.booter.ForkedBooter.runSuitesInProcess(ForkedBooter.java:428)
	at org.apache.maven.surefire.booter.ForkedBooter.execute(ForkedBooter.java:162)
	at org.apache.maven.surefire.booter.ForkedBooter.run(ForkedBooter.java:562)
	at org.apache.maven.surefire.booter.ForkedBooter.main(ForkedBooter.java:548)
]]></system-err>
  </testcase>
  <testcase name="Format" classname="Infinix_Hot_12Pro_X668.Test3" time="239.78">
    <system-out><![CDATA[Test: Start
===================================================================================================================================================================================================================================================================================================================================================================================================================================================================================================================================================================================================================================================================================================================================
Test3 Scenario is as follows
1.Unmount,mount uSD Card and Format uSD card for specified number of times and verify data format
Setting up the appium desired capabilities
===================================================================================================================================================================================================================================================================================================================================================================================================================================================================================================================================================================================================================================================================================================================================
Number of Unmount,mount and Format cycles = 1
Launch Settings application for Format uSD card with Data 
Swipe Up and Search for Storage
Select Storage
Clicking on portable
Clicking on SD card
Clicking on moreoptions
Select Storage settings
Select  eject
Clicking on SD card
Clicking on mount
Clicking on SD card
Clicking on moreoptions
Select Storage settings
Select  format
Select again formatsdcard
Accept to Format uSD Card
Started formatting, waiting till it gets formatted
Format uSD card cycle:01 completed succesfully
Launch File Manager application to verify  Card is fully Formated or not
Select SD card
Select DCIM Folder
Pass: Images and videos are not present in the DCIM folder, CARD format is successfully completed 
===================================================================================================================================================================================================================================================================================================================================================================================================================================================================================================================================================================================================================================================================================================================================
Final Message: Pass Test3 Pass for mount,unmount & Formattig uSD Card and verify data format
Test:End
===================================================================================================================================================================================================================================================================================================================================================================================================================================================================================================================================================================================================================================================================================================================================
]]></system-out>
    <system-err><![CDATA[2023-01-09 18:54:48 INFO   io.appium.java_client.remote.AppiumCommandExecutor$1 lambda$0 Detected dialect: W3C
2023-01-09 18:54:58 INFO   io.appium.java_client.remote.AppiumCommandExecutor$1 lambda$0 Detected dialect: W3C
org.openqa.selenium.NoSuchElementException: An element could not be located on the page using the given search parameters.
For documentation on this error, please visit: https://www.seleniumhq.org/exceptions/no_such_element.html
Build info: version: '3.141.59', revision: 'e82be7d358', time: '2018-11-14T08:17:03'
System info: host: 'SD-APPS-200', ip: '10.65.150.243', os.name: 'Windows 10', os.arch: 'amd64', os.version: '10.0', java.version: '1.8.0_202'
Driver info: io.appium.java_client.android.AndroidDriver
Capabilities {automationName: UiAutomator2, databaseEnabled: false, desired: {automationName: UiAutomator2, deviceName: Infinix HOT 12 PRO, newCommandTimeout: 600, platformName: android, platformVersion: 12, udid: 08574312A1013436}, deviceApiLevel: 31, deviceManufacturer: INFINIX, deviceModel: Infinix X668, deviceName: 08574312A1013436, deviceScreenDensity: 320, deviceScreenSize: 720x1612, deviceUDID: 08574312A1013436, javascriptEnabled: true, locationContextEnabled: false, networkConnectionEnabled: true, newCommandTimeout: 600, pixelRatio: 2, platform: LINUX, platformName: Android, platformVersion: 12, statBarHeight: 72, takesScreenshot: true, udid: 08574312A1013436, viewportRect: {height: 1372, left: 0, top: 72, width: 720}, warnings: {}, webStorageEnabled: false}
Session ID: 7930f2f0-d718-4945-ae93-0e23351e3739
*** Element info: {Using=xpath, value=//*[@resource-id='com.google.android.apps.nbu.files:id/agree_button']}
	at sun.reflect.NativeConstructorAccessorImpl.newInstance0(Native Method)
	at sun.reflect.NativeConstructorAccessorImpl.newInstance(NativeConstructorAccessorImpl.java:62)
	at sun.reflect.DelegatingConstructorAccessorImpl.newInstance(DelegatingConstructorAccessorImpl.java:45)
	at java.lang.reflect.Constructor.newInstance(Constructor.java:423)
	at org.openqa.selenium.remote.http.W3CHttpResponseCodec.createException(W3CHttpResponseCodec.java:187)
	at org.openqa.selenium.remote.http.W3CHttpResponseCodec.decode(W3CHttpResponseCodec.java:122)
	at org.openqa.selenium.remote.http.W3CHttpResponseCodec.decode(W3CHttpResponseCodec.java:49)
	at org.openqa.selenium.remote.HttpCommandExecutor.execute(HttpCommandExecutor.java:158)
	at io.appium.java_client.remote.AppiumCommandExecutor.execute(AppiumCommandExecutor.java:239)
	at org.openqa.selenium.remote.RemoteWebDriver.execute(RemoteWebDriver.java:552)
	at io.appium.java_client.DefaultGenericMobileDriver.execute(DefaultGenericMobileDriver.java:42)
	at io.appium.java_client.AppiumDriver.execute(AppiumDriver.java:1)
	at io.appium.java_client.android.AndroidDriver.execute(AndroidDriver.java:1)
	at org.openqa.selenium.remote.RemoteWebDriver.findElement(RemoteWebDriver.java:323)
	at io.appium.java_client.DefaultGenericMobileDriver.findElement(DefaultGenericMobileDriver.java:62)
	at io.appium.java_client.AppiumDriver.findElement(AppiumDriver.java:1)
	at io.appium.java_client.android.AndroidDriver.findElement(AndroidDriver.java:1)
	at org.openqa.selenium.remote.RemoteWebDriver.findElementByXPath(RemoteWebDriver.java:428)
	at io.appium.java_client.DefaultGenericMobileDriver.findElementByXPath(DefaultGenericMobileDriver.java:152)
	at io.appium.java_client.AppiumDriver.findElementByXPath(AppiumDriver.java:1)
	at io.appium.java_client.android.AndroidDriver.findElementByXPath(AndroidDriver.java:1)
	at org.openqa.selenium.By$ByXPath.findElement(By.java:353)
	at org.openqa.selenium.remote.RemoteWebDriver.findElement(RemoteWebDriver.java:315)
	at io.appium.java_client.DefaultGenericMobileDriver.findElement(DefaultGenericMobileDriver.java:58)
	at io.appium.java_client.AppiumDriver.findElement(AppiumDriver.java:1)
	at io.appium.java_client.android.AndroidDriver.findElement(AndroidDriver.java:1)
	at Infinix_Hot_12Pro_X668.Test3.Format(Test3.java:241)
	at sun.reflect.NativeMethodAccessorImpl.invoke0(Native Method)
	at sun.reflect.NativeMethodAccessorImpl.invoke(NativeMethodAccessorImpl.java:62)
	at sun.reflect.DelegatingMethodAccessorImpl.invoke(DelegatingMethodAccessorImpl.java:43)
	at java.lang.reflect.Method.invoke(Method.java:498)
	at org.testng.internal.MethodInvocationHelper.invokeMethod(MethodInvocationHelper.java:80)
	at org.testng.internal.Invoker.invokeMethod(Invoker.java:673)
	at org.testng.internal.Invoker.invokeTestMethod(Invoker.java:842)
	at org.testng.internal.Invoker.invokeTestMethods(Invoker.java:1166)
	at org.testng.internal.TestMethodWorker.invokeTestMethods(TestMethodWorker.java:125)
	at org.testng.internal.TestMethodWorker.run(TestMethodWorker.java:109)
	at org.testng.TestRunner.runWorkers(TestRunner.java:1178)
	at org.testng.TestRunner.privateRun(TestRunner.java:757)
	at org.testng.TestRunner.run(TestRunner.java:608)
	at org.testng.SuiteRunner.runTest(SuiteRunner.java:334)
	at org.testng.SuiteRunner.runSequentially(SuiteRunner.java:329)
	at org.testng.SuiteRunner.privateRun(SuiteRunner.java:291)
	at org.testng.SuiteRunner.run(SuiteRunner.java:240)
	at org.testng.SuiteRunnerWorker.runSuite(SuiteRunnerWorker.java:52)
	at org.testng.SuiteRunnerWorker.run(SuiteRunnerWorker.java:86)
	at org.testng.TestNG.runSuitesSequentially(TestNG.java:1158)
	at org.testng.TestNG.runSuitesSequentially(TestNG.java:1154)
	at org.testng.TestNG.runSuitesLocally(TestNG.java:1083)
	at org.testng.TestNG.run(TestNG.java:999)
	at org.apache.maven.surefire.testng.TestNGExecutor.run(TestNGExecutor.java:284)
	at org.apache.maven.surefire.testng.TestNGXmlTestSuite.execute(TestNGXmlTestSuite.java:75)
	at org.apache.maven.surefire.testng.TestNGProvider.invoke(TestNGProvider.java:119)
	at org.apache.maven.surefire.booter.ForkedBooter.runSuitesInProcess(ForkedBooter.java:428)
	at org.apache.maven.surefire.booter.ForkedBooter.execute(ForkedBooter.java:162)
	at org.apache.maven.surefire.booter.ForkedBooter.run(ForkedBooter.java:562)
	at org.apache.maven.surefire.booter.ForkedBooter.main(ForkedBooter.java:548)
org.openqa.selenium.NoSuchElementException: An element could not be located on the page using the given search parameters.
For documentation on this error, please visit: https://www.seleniumhq.org/exceptions/no_such_element.html
Build info: version: '3.141.59', revision: 'e82be7d358', time: '2018-11-14T08:17:03'
System info: host: 'SD-APPS-200', ip: '10.65.150.243', os.name: 'Windows 10', os.arch: 'amd64', os.version: '10.0', java.version: '1.8.0_202'
Driver info: io.appium.java_client.android.AndroidDriver
Capabilities {automationName: UiAutomator2, databaseEnabled: false, desired: {automationName: UiAutomator2, deviceName: Infinix HOT 12 PRO, newCommandTimeout: 600, platformName: android, platformVersion: 12, udid: 08574312A1013436}, deviceApiLevel: 31, deviceManufacturer: INFINIX, deviceModel: Infinix X668, deviceName: 08574312A1013436, deviceScreenDensity: 320, deviceScreenSize: 720x1612, deviceUDID: 08574312A1013436, javascriptEnabled: true, locationContextEnabled: false, networkConnectionEnabled: true, newCommandTimeout: 600, pixelRatio: 2, platform: LINUX, platformName: Android, platformVersion: 12, statBarHeight: 72, takesScreenshot: true, udid: 08574312A1013436, viewportRect: {height: 1372, left: 0, top: 72, width: 720}, warnings: {}, webStorageEnabled: false}
Session ID: 7930f2f0-d718-4945-ae93-0e23351e3739
*** Element info: {Using=xpath, value=//*[@text='Camera']}
	at sun.reflect.NativeConstructorAccessorImpl.newInstance0(Native Method)
	at sun.reflect.NativeConstructorAccessorImpl.newInstance(NativeConstructorAccessorImpl.java:62)
	at sun.reflect.DelegatingConstructorAccessorImpl.newInstance(DelegatingConstructorAccessorImpl.java:45)
	at java.lang.reflect.Constructor.newInstance(Constructor.java:423)
	at org.openqa.selenium.remote.http.W3CHttpResponseCodec.createException(W3CHttpResponseCodec.java:187)
	at org.openqa.selenium.remote.http.W3CHttpResponseCodec.decode(W3CHttpResponseCodec.java:122)
	at org.openqa.selenium.remote.http.W3CHttpResponseCodec.decode(W3CHttpResponseCodec.java:49)
	at org.openqa.selenium.remote.HttpCommandExecutor.execute(HttpCommandExecutor.java:158)
	at io.appium.java_client.remote.AppiumCommandExecutor.execute(AppiumCommandExecutor.java:239)
	at org.openqa.selenium.remote.RemoteWebDriver.execute(RemoteWebDriver.java:552)
	at io.appium.java_client.DefaultGenericMobileDriver.execute(DefaultGenericMobileDriver.java:42)
	at io.appium.java_client.AppiumDriver.execute(AppiumDriver.java:1)
	at io.appium.java_client.android.AndroidDriver.execute(AndroidDriver.java:1)
	at org.openqa.selenium.remote.RemoteWebDriver.findElement(RemoteWebDriver.java:323)
	at io.appium.java_client.DefaultGenericMobileDriver.findElement(DefaultGenericMobileDriver.java:62)
	at io.appium.java_client.AppiumDriver.findElement(AppiumDriver.java:1)
	at io.appium.java_client.android.AndroidDriver.findElement(AndroidDriver.java:1)
	at org.openqa.selenium.remote.RemoteWebDriver.findElementByXPath(RemoteWebDriver.java:428)
	at io.appium.java_client.DefaultGenericMobileDriver.findElementByXPath(DefaultGenericMobileDriver.java:152)
	at io.appium.java_client.AppiumDriver.findElementByXPath(AppiumDriver.java:1)
	at io.appium.java_client.android.AndroidDriver.findElementByXPath(AndroidDriver.java:1)
	at org.openqa.selenium.By$ByXPath.findElement(By.java:353)
	at org.openqa.selenium.remote.RemoteWebDriver.findElement(RemoteWebDriver.java:315)
	at io.appium.java_client.DefaultGenericMobileDriver.findElement(DefaultGenericMobileDriver.java:58)
	at io.appium.java_client.AppiumDriver.findElement(AppiumDriver.java:1)
	at io.appium.java_client.android.AndroidDriver.findElement(AndroidDriver.java:1)
	at Infinix_Hot_12Pro_X668.Test3.Format(Test3.java:272)
	at sun.reflect.NativeMethodAccessorImpl.invoke0(Native Method)
	at sun.reflect.NativeMethodAccessorImpl.invoke(NativeMethodAccessorImpl.java:62)
	at sun.reflect.DelegatingMethodAccessorImpl.invoke(DelegatingMethodAccessorImpl.java:43)
	at java.lang.reflect.Method.invoke(Method.java:498)
	at org.testng.internal.MethodInvocationHelper.invokeMethod(MethodInvocationHelper.java:80)
	at org.testng.internal.Invoker.invokeMethod(Invoker.java:673)
	at org.testng.internal.Invoker.invokeTestMethod(Invoker.java:842)
	at org.testng.internal.Invoker.invokeTestMethods(Invoker.java:1166)
	at org.testng.internal.TestMethodWorker.invokeTestMethods(TestMethodWorker.java:125)
	at org.testng.internal.TestMethodWorker.run(TestMethodWorker.java:109)
	at org.testng.TestRunner.runWorkers(TestRunner.java:1178)
	at org.testng.TestRunner.privateRun(TestRunner.java:757)
	at org.testng.TestRunner.run(TestRunner.java:608)
	at org.testng.SuiteRunner.runTest(SuiteRunner.java:334)
	at org.testng.SuiteRunner.runSequentially(SuiteRunner.java:329)
	at org.testng.SuiteRunner.privateRun(SuiteRunner.java:291)
	at org.testng.SuiteRunner.run(SuiteRunner.java:240)
	at org.testng.SuiteRunnerWorker.runSuite(SuiteRunnerWorker.java:52)
	at org.testng.SuiteRunnerWorker.run(SuiteRunnerWorker.java:86)
	at org.testng.TestNG.runSuitesSequentially(TestNG.java:1158)
	at org.testng.TestNG.runSuitesSequentially(TestNG.java:1154)
	at org.testng.TestNG.runSuitesLocally(TestNG.java:1083)
	at org.testng.TestNG.run(TestNG.java:999)
	at org.apache.maven.surefire.testng.TestNGExecutor.run(TestNGExecutor.java:284)
	at org.apache.maven.surefire.testng.TestNGXmlTestSuite.execute(TestNGXmlTestSuite.java:75)
	at org.apache.maven.surefire.testng.TestNGProvider.invoke(TestNGProvider.java:119)
	at org.apache.maven.surefire.booter.ForkedBooter.runSuitesInProcess(ForkedBooter.java:428)
	at org.apache.maven.surefire.booter.ForkedBooter.execute(ForkedBooter.java:162)
	at org.apache.maven.surefire.booter.ForkedBooter.run(ForkedBooter.java:562)
	at org.apache.maven.surefire.booter.ForkedBooter.main(ForkedBooter.java:548)
]]></system-err>
  </testcase>
  <testcase name="CopyPaste" classname="Infinix_Hot_12Pro_X668.Test18" time="1,044.823">
    <system-out><![CDATA[Test: Start
===================================================================================================================================================================================================================================================================================================================================================================================================================================================================================================================================================================================================================================================================================================================================
===================================================================================================================================================================================================================================================================================================================================================================================================================================================================================================================================================================================================================================================================================================================================
Test18 Scenario is as follows
Pushing 1GB zip File to Host Internal Memory via server folder named as Test1 
Extracting zip file in Host internal memory
Copy Paste 1GB file (Test1) from host internal memory to uSD Card, Create a folder named Test2 in uSD Card, Copy paste 1GB Folder(Test1) From internal to external inside folder Test2 and Vice versa
Create folder name(New_Scenario in External memory, select folder name(Test2) from internal memory and perform cut paste operation from internla to external memory
Setting up the appium desired capabilities
Pushing zip file to host internal memory
Push file is successfull
Launching file manager application to extract zip and perform copy paste, cut paste operation from internal memory to external memory
clcik on ok
click on browse option
swipe up and search for sd card
Select Internal storage
select Test1 folder from internal storage
Unzip folder name test_file
Extracting Push zip file as Folder named Test1
Extracting Complete
click on done
Launching file manager application
swipe up and search for internal storage
Select Internal storage
Select Test1 folder from internal storage
Select more options
Select Copy option
Select External Storage
Select Paste option for copy paste Test1 folder from Internal to external storage
Copy paste 1GB folder from Internal to external storage is successfull
swipe up and search for internal storage
Select Internal storage
Long Press and select and Test1 Folder
Select more options
Select Copy option
Select External storage
Creating folder name Test2 in uSD card
Select create new folder option
Name folder as Test2
Copy paste Test1 folder inside Test2 folder
Copy paste Test1 folder inside Test2 folder in uSD card completed successfully
swipe up and search for sd card
Select External Storage
Select list view
Long Press and select and Test2 Folder 
Select Test2 folder and perform copy paste operation from external to internal memory
Select more options
Select Copy option
Select Internal storage
click on copy here
Pass: Test18 Pass for Copy paste operation from internal memory to external memory and vice versa scenario completed successfully
swipe up and search for internal storage
Select Internal storage
Long Press and select and Test2 Folder
Creating Folder Name New_Scenario in External Storage and perform Cut paste operation from Internal to external storage
Select move option
Select External storage
click on create folder and create  folder name New_Scenario in sd card
Select Move to option
Move to Test1 folder inside New_Scenario folder
switch to list view mode
Pass: Cut paste Operation Completed Successfully
===================================================================================================================================================================================================================================================================================================================================================================================================================================================================================================================================================================================================================================================================================================================================
Final message: Pass Test18 pass for copy paste & cut paste operation
Test: End
===================================================================================================================================================================================================================================================================================================================================================================================================================================================================================================================================================================================================================================================================================================================================
]]></system-out>
    <system-err><![CDATA[2023-01-09 18:58:58 INFO   io.appium.java_client.remote.AppiumCommandExecutor$1 lambda$0 Detected dialect: W3C
2023-01-09 18:59:13 INFO   io.appium.java_client.remote.AppiumCommandExecutor$1 lambda$0 Detected dialect: W3C
org.openqa.selenium.NoSuchElementException: An element could not be located on the page using the given search parameters.
For documentation on this error, please visit: https://www.seleniumhq.org/exceptions/no_such_element.html
Build info: version: '3.141.59', revision: 'e82be7d358', time: '2018-11-14T08:17:03'
System info: host: 'SD-APPS-200', ip: '10.65.150.243', os.name: 'Windows 10', os.arch: 'amd64', os.version: '10.0', java.version: '1.8.0_202'
Driver info: io.appium.java_client.android.AndroidDriver
Capabilities {automationName: UiAutomator2, databaseEnabled: false, desired: {automationName: UiAutomator2, deviceName: Infinix HOT 12 PRO, newCommandTimeout: 600, platformName: android, platformVersion: 12, udid: 08574312A1013436}, deviceApiLevel: 31, deviceManufacturer: INFINIX, deviceModel: Infinix X668, deviceName: 08574312A1013436, deviceScreenDensity: 320, deviceScreenSize: 720x1612, deviceUDID: 08574312A1013436, javascriptEnabled: true, locationContextEnabled: false, networkConnectionEnabled: true, newCommandTimeout: 600, pixelRatio: 2, platform: LINUX, platformName: Android, platformVersion: 12, statBarHeight: 72, takesScreenshot: true, udid: 08574312A1013436, viewportRect: {height: 1372, left: 0, top: 72, width: 720}, warnings: {}, webStorageEnabled: false}
Session ID: 596d830a-9487-44e4-aaea-39191d9d7489
*** Element info: {Using=xpath, value=//*[@resource-id='com.itel.filemanager:id/notice_ok']}
	at sun.reflect.NativeConstructorAccessorImpl.newInstance0(Native Method)
	at sun.reflect.NativeConstructorAccessorImpl.newInstance(NativeConstructorAccessorImpl.java:62)
	at sun.reflect.DelegatingConstructorAccessorImpl.newInstance(DelegatingConstructorAccessorImpl.java:45)
	at java.lang.reflect.Constructor.newInstance(Constructor.java:423)
	at org.openqa.selenium.remote.http.W3CHttpResponseCodec.createException(W3CHttpResponseCodec.java:187)
	at org.openqa.selenium.remote.http.W3CHttpResponseCodec.decode(W3CHttpResponseCodec.java:122)
	at org.openqa.selenium.remote.http.W3CHttpResponseCodec.decode(W3CHttpResponseCodec.java:49)
	at org.openqa.selenium.remote.HttpCommandExecutor.execute(HttpCommandExecutor.java:158)
	at io.appium.java_client.remote.AppiumCommandExecutor.execute(AppiumCommandExecutor.java:239)
	at org.openqa.selenium.remote.RemoteWebDriver.execute(RemoteWebDriver.java:552)
	at io.appium.java_client.DefaultGenericMobileDriver.execute(DefaultGenericMobileDriver.java:42)
	at io.appium.java_client.AppiumDriver.execute(AppiumDriver.java:1)
	at io.appium.java_client.android.AndroidDriver.execute(AndroidDriver.java:1)
	at org.openqa.selenium.remote.RemoteWebDriver.findElement(RemoteWebDriver.java:323)
	at io.appium.java_client.DefaultGenericMobileDriver.findElement(DefaultGenericMobileDriver.java:62)
	at io.appium.java_client.AppiumDriver.findElement(AppiumDriver.java:1)
	at io.appium.java_client.android.AndroidDriver.findElement(AndroidDriver.java:1)
	at org.openqa.selenium.remote.RemoteWebDriver.findElementByXPath(RemoteWebDriver.java:428)
	at io.appium.java_client.DefaultGenericMobileDriver.findElementByXPath(DefaultGenericMobileDriver.java:152)
	at io.appium.java_client.AppiumDriver.findElementByXPath(AppiumDriver.java:1)
	at io.appium.java_client.android.AndroidDriver.findElementByXPath(AndroidDriver.java:1)
	at org.openqa.selenium.By$ByXPath.findElement(By.java:353)
	at org.openqa.selenium.remote.RemoteWebDriver.findElement(RemoteWebDriver.java:315)
	at io.appium.java_client.DefaultGenericMobileDriver.findElement(DefaultGenericMobileDriver.java:58)
	at io.appium.java_client.AppiumDriver.findElement(AppiumDriver.java:1)
	at io.appium.java_client.android.AndroidDriver.findElement(AndroidDriver.java:1)
	at Infinix_Hot_12Pro_X668.Test18.CopyPaste(Test18.java:114)
	at sun.reflect.NativeMethodAccessorImpl.invoke0(Native Method)
	at sun.reflect.NativeMethodAccessorImpl.invoke(NativeMethodAccessorImpl.java:62)
	at sun.reflect.DelegatingMethodAccessorImpl.invoke(DelegatingMethodAccessorImpl.java:43)
	at java.lang.reflect.Method.invoke(Method.java:498)
	at org.testng.internal.MethodInvocationHelper.invokeMethod(MethodInvocationHelper.java:80)
	at org.testng.internal.Invoker.invokeMethod(Invoker.java:673)
	at org.testng.internal.Invoker.invokeTestMethod(Invoker.java:842)
	at org.testng.internal.Invoker.invokeTestMethods(Invoker.java:1166)
	at org.testng.internal.TestMethodWorker.invokeTestMethods(TestMethodWorker.java:125)
	at org.testng.internal.TestMethodWorker.run(TestMethodWorker.java:109)
	at org.testng.TestRunner.runWorkers(TestRunner.java:1178)
	at org.testng.TestRunner.privateRun(TestRunner.java:757)
	at org.testng.TestRunner.run(TestRunner.java:608)
	at org.testng.SuiteRunner.runTest(SuiteRunner.java:334)
	at org.testng.SuiteRunner.runSequentially(SuiteRunner.java:329)
	at org.testng.SuiteRunner.privateRun(SuiteRunner.java:291)
	at org.testng.SuiteRunner.run(SuiteRunner.java:240)
	at org.testng.SuiteRunnerWorker.runSuite(SuiteRunnerWorker.java:52)
	at org.testng.SuiteRunnerWorker.run(SuiteRunnerWorker.java:86)
	at org.testng.TestNG.runSuitesSequentially(TestNG.java:1158)
	at org.testng.TestNG.runSuitesSequentially(TestNG.java:1154)
	at org.testng.TestNG.runSuitesLocally(TestNG.java:1083)
	at org.testng.TestNG.run(TestNG.java:999)
	at org.apache.maven.surefire.testng.TestNGExecutor.run(TestNGExecutor.java:284)
	at org.apache.maven.surefire.testng.TestNGXmlTestSuite.execute(TestNGXmlTestSuite.java:75)
	at org.apache.maven.surefire.testng.TestNGProvider.invoke(TestNGProvider.java:119)
	at org.apache.maven.surefire.booter.ForkedBooter.runSuitesInProcess(ForkedBooter.java:428)
	at org.apache.maven.surefire.booter.ForkedBooter.execute(ForkedBooter.java:162)
	at org.apache.maven.surefire.booter.ForkedBooter.run(ForkedBooter.java:562)
	at org.apache.maven.surefire.booter.ForkedBooter.main(ForkedBooter.java:548)
]]></system-err>
  </testcase>
  <testcase name="recordAudio" classname="Infinix_Hot_12Pro_X668.Test8" time="202.612">
    <system-out><![CDATA[Test: Start
===================================================================================================================================================================================================================================================================================================================================================================================================================================================================================================================================================================================================================================================================================================================================
Test8 scenario is as follows
1.Host voice recorder application does not support uSD storage option. Hence skipping voice recording scenario!
2.Launch file manager application and playback copied audio files from external storage the files are placed in the Test1 folder
Setting up the appium desired capabilities
===================================================================================================================================================================================================================================================================================================================================================================================================================================================================================================================================================================================================================================================================================================================================
calling PlayCopiedAudioFile to play back copied audio files from Test1 folder 
Launch File Manager Application for playing copied audio files from uSD card
Select external storage
switch to grid view mode to select Test1 folder
Select Test1 folder
Select test_file folder
Select 1GB folder
switch back to list  view mode
Select MP3 files folder
Select First audio file for play back
select first mp3/audio file from uSD card(Test1-->MP3)  for playback and fast forward scenario
Fast Forwarding Audio for 10 Seconds
Pause Audio
Pass: 1st Audio Play Back Successfull 
select second audio/mp3 file from uSD card(Test1-->MP3) for playback and fast forward scenario
Select second audio file for play back
Fast Forwarding Audio for 10 Seconds
Pause Audio
Pass: 2nd Audio Play back succssfull
Select third audio file for play back
select third audio/mp3 file from uSD card(Test1-->MP3) for playback and fast forward scenario
Fast Forwarding Audio for 10 Seconds
Pause Audio
Pass: Test8 Pass NA :  copied audio play back and fast forward scenario is successfull
===================================================================================================================================================================================================================================================================================================================================================================================================================================================================================================================================================================================================================================================================================================================================
Final Message: Pass Test8 Pass NA -  copied audio play back and fast forward scenario is successfull
Test: End
===================================================================================================================================================================================================================================================================================================================================================================================================================================================================================================================================================================================================================================================================================================================================
]]></system-out>
    <system-err><![CDATA[2023-01-09 19:16:34 INFO   io.appium.java_client.remote.AppiumCommandExecutor$1 lambda$0 Detected dialect: W3C
2023-01-09 19:16:49 INFO   io.appium.java_client.remote.AppiumCommandExecutor$1 lambda$0 Detected dialect: W3C
]]></system-err>
  </testcase>
  <testcase name="rearVideoRec" classname="Infinix_Hot_12Pro_X668.Test10" time="1,769.998">
    <system-out><![CDATA[Test: Start
===================================================================================================================================================================================================================================================================================================================================================================================================================================================================================================================================================================================================================================================================================================================================
Test10 Scenario is as follows
1.Launch Camera application and start back camera video recording for all host applicable resolutions in uSD Card
2.Playback Highest resolution recorded video from USD Card, fast forward playback and pause video scenario 
3.Playback copied videos from Test1 folder, fast forward and pause scenario
Setting up the appium desired capabilities
===================================================================================================================================================================================================================================================================================================================================================================================================================================================================================================================================================================================================================================================================================================================================
Launch Camera Application for rear camera video recording
Select camera permissions
 select While using the app
select deny option
change to SD card element not found : org.openqa.selenium.NoSuchElementException: An element could not be located on the page using the given search parameters.
For documentation on this error, please visit: https://www.seleniumhq.org/exceptions/no_such_element.html
Build info: version: '3.141.59', revision: 'e82be7d358', time: '2018-11-14T08:17:03'
System info: host: 'SD-APPS-200', ip: '10.65.150.243', os.name: 'Windows 10', os.arch: 'amd64', os.version: '10.0', java.version: '1.8.0_202'
Driver info: io.appium.java_client.android.AndroidDriver
Capabilities {automationName: UiAutomator2, databaseEnabled: false, desired: {automationName: UiAutomator2, deviceName: Infinix HOT 12 PRO, newCommandTimeout: 1200, platformName: android, platformVersion: 12, udid: 08574312A1013436}, deviceApiLevel: 31, deviceManufacturer: INFINIX, deviceModel: Infinix X668, deviceName: 08574312A1013436, deviceScreenDensity: 320, deviceScreenSize: 720x1612, deviceUDID: 08574312A1013436, javascriptEnabled: true, locationContextEnabled: false, networkConnectionEnabled: true, newCommandTimeout: 1200, pixelRatio: 2, platform: LINUX, platformName: Android, platformVersion: 12, statBarHeight: 72, takesScreenshot: true, udid: 08574312A1013436, viewportRect: {height: 1372, left: 0, top: 72, width: 720}, warnings: {}, webStorageEnabled: false}
Session ID: 3cebffd5-1730-4c71-adb5-607705cb97f2
*** Element info: {Using=xpath, value=//*[@resource-id='com.android.permissioncontroller:id/permission_deny_button']}
===================================================================================================================================================================================================================================================================================================================================================================================================================================================================================================================================================================================================================================================================================================================================
Select settings option
Search for Storage path option
Select SD as storage option
Select DCIM
Select storage options
Select USE THIS FOLDER
Select allow
Test10_Bcam_res: 2 resolutions supported
Select video tab
Select settings option
Select Video quality
Select 1st Back Video Resolution: 1080p
recordingDurationRearExt = 580Seconds
Start video recording
Stop video recording
Select settings option
Select Video quality
Select 2nd Back Video Resolution:  720P
recordingDurationRear1 = 580Seconds
Start video recording
Stop video recording
Select photo mode
Pass: Rear video recording is successfull
Launch File Manager Application to verify captured videos
Select  SD Card
switch to grid view mode to select DCIM folder
Select DCIM Folder
Select Camera Folder
switch to list view mode
Select More Options 
Click On Select All Options
Test10_Bcam_video: 2 Videos captured successfully
===================================================================================================================================================================================================================================================================================================================================================================================================================================================================================================================================================================================================================================================================================================================================
Calling RecordedVideoPlayback() for Playing Highest record video, fast forward video play back scenario
Launch File Manager for playing highest resolution recorded video from USD, fast forward and pause scenario
Select External storage
Select DCIM folder
Select camera folder
Select more options and sort by largest file first
Click on first file to play highest recorded resolution video file
Tap Somewhere on Screen for contents to visible on Screen
Fast forward video for 10 seconds
Pass: Recorded Video play back and fast forward successfull 
===================================================================================================================================================================================================================================================================================================================================================================================================================================================================================================================================================================================================================================================================================================================================
Calling DataMovementOperation() to move recorded rear camer videos to Test10 Folder 
launch file manager application select uSD card-->DCIM folder-->Camera folder-->Select all rear camera images create Test10 folder and cut paste all videos in BCFC_Cameravideos folder
click on browse option
Swipe up to select uSD card
Select SD card
Select DCIM Folder
Select camera folder
Click More options
Click select all
Click More options
select move to option
select uSD Card
Select ADD NEW Folder option
Name folder as Test10
Accept create folder
Cut paste  video files operation completed successfully
Pass: Test10 Pass for data move operation successfully
===================================================================================================================================================================================================================================================================================================================================================================================================================================================================================================================================================================================================================================================================================================================================
Calling copiedvideosPlayBack() for playing copied video file from Test1 folder
Re-launch file manager application and select external storage for playing copied video files
Select external storage
Select Test1 folder
Select TestFile folder
Select OneGB folder
Select video folder
Select LG_4K_DEMO_HDR_2018_(60FPS)_ELBA(480p).mp4 file for video playback
Started video playback
Tap Somewhere on Screen for contents to visible on Screen
Click fast forward button for 10 seconds video forward
click press back stop video
Pass: 4K Video play back and fast forward is successful 
Select FHD 5.1 ( 1350 X 2560 ).webm file for video playback
Started video playback
Tap Somewhere on Screen for contents to visible on Screen
Click fast forward button for 10 seconds video forward
click press back stop video
Pass: FHD Video play back and fast forward is successful 
===================================================================================================================================================================================================================================================================================================================================================================================================================================================================================================================================================================================================================================================================================================================================
Final message: Pass Test10 Pass for Playing Copied Video files, recorded video file and fast forward video play back scenario 
Test: End
===================================================================================================================================================================================================================================================================================================================================================================================================================================================================================================================================================================================================================================================================================================================================
]]></system-out>
    <system-err><![CDATA[2023-01-09 19:20:07 INFO   io.appium.java_client.remote.AppiumCommandExecutor$1 lambda$0 Detected dialect: W3C
2023-01-09 19:20:17 INFO   io.appium.java_client.remote.AppiumCommandExecutor$1 lambda$0 Detected dialect: W3C
org.openqa.selenium.NoSuchElementException: An element could not be located on the page using the given search parameters.
For documentation on this error, please visit: https://www.seleniumhq.org/exceptions/no_such_element.html
Build info: version: '3.141.59', revision: 'e82be7d358', time: '2018-11-14T08:17:03'
System info: host: 'SD-APPS-200', ip: '10.65.150.243', os.name: 'Windows 10', os.arch: 'amd64', os.version: '10.0', java.version: '1.8.0_202'
Driver info: io.appium.java_client.android.AndroidDriver
Capabilities {automationName: UiAutomator2, databaseEnabled: false, desired: {automationName: UiAutomator2, deviceName: Infinix HOT 12 PRO, newCommandTimeout: 1200, platformName: android, platformVersion: 12, udid: 08574312A1013436}, deviceApiLevel: 31, deviceManufacturer: INFINIX, deviceModel: Infinix X668, deviceName: 08574312A1013436, deviceScreenDensity: 320, deviceScreenSize: 720x1612, deviceUDID: 08574312A1013436, javascriptEnabled: true, locationContextEnabled: false, networkConnectionEnabled: true, newCommandTimeout: 1200, pixelRatio: 2, platform: LINUX, platformName: Android, platformVersion: 12, statBarHeight: 72, takesScreenshot: true, udid: 08574312A1013436, viewportRect: {height: 1372, left: 0, top: 72, width: 720}, warnings: {}, webStorageEnabled: false}
Session ID: 3cebffd5-1730-4c71-adb5-607705cb97f2
*** Element info: {Using=xpath, value=//*[@text='While using the app']}
	at sun.reflect.NativeConstructorAccessorImpl.newInstance0(Native Method)
	at sun.reflect.NativeConstructorAccessorImpl.newInstance(NativeConstructorAccessorImpl.java:62)
	at sun.reflect.DelegatingConstructorAccessorImpl.newInstance(DelegatingConstructorAccessorImpl.java:45)
	at java.lang.reflect.Constructor.newInstance(Constructor.java:423)
	at org.openqa.selenium.remote.http.W3CHttpResponseCodec.createException(W3CHttpResponseCodec.java:187)
	at org.openqa.selenium.remote.http.W3CHttpResponseCodec.decode(W3CHttpResponseCodec.java:122)
	at org.openqa.selenium.remote.http.W3CHttpResponseCodec.decode(W3CHttpResponseCodec.java:49)
	at org.openqa.selenium.remote.HttpCommandExecutor.execute(HttpCommandExecutor.java:158)
	at io.appium.java_client.remote.AppiumCommandExecutor.execute(AppiumCommandExecutor.java:239)
	at org.openqa.selenium.remote.RemoteWebDriver.execute(RemoteWebDriver.java:552)
	at io.appium.java_client.DefaultGenericMobileDriver.execute(DefaultGenericMobileDriver.java:42)
	at io.appium.java_client.AppiumDriver.execute(AppiumDriver.java:1)
	at io.appium.java_client.android.AndroidDriver.execute(AndroidDriver.java:1)
	at org.openqa.selenium.remote.RemoteWebDriver.findElement(RemoteWebDriver.java:323)
	at io.appium.java_client.DefaultGenericMobileDriver.findElement(DefaultGenericMobileDriver.java:62)
	at io.appium.java_client.AppiumDriver.findElement(AppiumDriver.java:1)
	at io.appium.java_client.android.AndroidDriver.findElement(AndroidDriver.java:1)
	at org.openqa.selenium.remote.RemoteWebDriver.findElementByXPath(RemoteWebDriver.java:428)
	at io.appium.java_client.DefaultGenericMobileDriver.findElementByXPath(DefaultGenericMobileDriver.java:152)
	at io.appium.java_client.AppiumDriver.findElementByXPath(AppiumDriver.java:1)
	at io.appium.java_client.android.AndroidDriver.findElementByXPath(AndroidDriver.java:1)
	at org.openqa.selenium.By$ByXPath.findElement(By.java:353)
	at org.openqa.selenium.remote.RemoteWebDriver.findElement(RemoteWebDriver.java:315)
	at io.appium.java_client.DefaultGenericMobileDriver.findElement(DefaultGenericMobileDriver.java:58)
	at io.appium.java_client.AppiumDriver.findElement(AppiumDriver.java:1)
	at io.appium.java_client.android.AndroidDriver.findElement(AndroidDriver.java:1)
	at Infinix_Hot_12Pro_X668.Test10.rearVideoRec(Test10.java:111)
	at sun.reflect.NativeMethodAccessorImpl.invoke0(Native Method)
	at sun.reflect.NativeMethodAccessorImpl.invoke(NativeMethodAccessorImpl.java:62)
	at sun.reflect.DelegatingMethodAccessorImpl.invoke(DelegatingMethodAccessorImpl.java:43)
	at java.lang.reflect.Method.invoke(Method.java:498)
	at org.testng.internal.MethodInvocationHelper.invokeMethod(MethodInvocationHelper.java:80)
	at org.testng.internal.Invoker.invokeMethod(Invoker.java:673)
	at org.testng.internal.Invoker.invokeTestMethod(Invoker.java:842)
	at org.testng.internal.Invoker.invokeTestMethods(Invoker.java:1166)
	at org.testng.internal.TestMethodWorker.invokeTestMethods(TestMethodWorker.java:125)
	at org.testng.internal.TestMethodWorker.run(TestMethodWorker.java:109)
	at org.testng.TestRunner.runWorkers(TestRunner.java:1178)
	at org.testng.TestRunner.privateRun(TestRunner.java:757)
	at org.testng.TestRunner.run(TestRunner.java:608)
	at org.testng.SuiteRunner.runTest(SuiteRunner.java:334)
	at org.testng.SuiteRunner.runSequentially(SuiteRunner.java:329)
	at org.testng.SuiteRunner.privateRun(SuiteRunner.java:291)
	at org.testng.SuiteRunner.run(SuiteRunner.java:240)
	at org.testng.SuiteRunnerWorker.runSuite(SuiteRunnerWorker.java:52)
	at org.testng.SuiteRunnerWorker.run(SuiteRunnerWorker.java:86)
	at org.testng.TestNG.runSuitesSequentially(TestNG.java:1158)
	at org.testng.TestNG.runSuitesSequentially(TestNG.java:1154)
	at org.testng.TestNG.runSuitesLocally(TestNG.java:1083)
	at org.testng.TestNG.run(TestNG.java:999)
	at org.apache.maven.surefire.testng.TestNGExecutor.run(TestNGExecutor.java:284)
	at org.apache.maven.surefire.testng.TestNGXmlTestSuite.execute(TestNGXmlTestSuite.java:75)
	at org.apache.maven.surefire.testng.TestNGProvider.invoke(TestNGProvider.java:119)
	at org.apache.maven.surefire.booter.ForkedBooter.runSuitesInProcess(ForkedBooter.java:428)
	at org.apache.maven.surefire.booter.ForkedBooter.execute(ForkedBooter.java:162)
	at org.apache.maven.surefire.booter.ForkedBooter.run(ForkedBooter.java:562)
	at org.apache.maven.surefire.booter.ForkedBooter.main(ForkedBooter.java:548)
org.openqa.selenium.NoSuchElementException: An element could not be located on the page using the given search parameters.
For documentation on this error, please visit: https://www.seleniumhq.org/exceptions/no_such_element.html
Build info: version: '3.141.59', revision: 'e82be7d358', time: '2018-11-14T08:17:03'
System info: host: 'SD-APPS-200', ip: '10.65.150.243', os.name: 'Windows 10', os.arch: 'amd64', os.version: '10.0', java.version: '1.8.0_202'
Driver info: io.appium.java_client.android.AndroidDriver
Capabilities {automationName: UiAutomator2, databaseEnabled: false, desired: {automationName: UiAutomator2, deviceName: Infinix HOT 12 PRO, newCommandTimeout: 1200, platformName: android, platformVersion: 12, udid: 08574312A1013436}, deviceApiLevel: 31, deviceManufacturer: INFINIX, deviceModel: Infinix X668, deviceName: 08574312A1013436, deviceScreenDensity: 320, deviceScreenSize: 720x1612, deviceUDID: 08574312A1013436, javascriptEnabled: true, locationContextEnabled: false, networkConnectionEnabled: true, newCommandTimeout: 1200, pixelRatio: 2, platform: LINUX, platformName: Android, platformVersion: 12, statBarHeight: 72, takesScreenshot: true, udid: 08574312A1013436, viewportRect: {height: 1372, left: 0, top: 72, width: 720}, warnings: {}, webStorageEnabled: false}
Session ID: 3cebffd5-1730-4c71-adb5-607705cb97f2
*** Element info: {Using=xpath, value=//*[@resource-id='com.google.android.apps.nbu.files:id/agree_button']}
	at sun.reflect.NativeConstructorAccessorImpl.newInstance0(Native Method)
	at sun.reflect.NativeConstructorAccessorImpl.newInstance(NativeConstructorAccessorImpl.java:62)
	at sun.reflect.DelegatingConstructorAccessorImpl.newInstance(DelegatingConstructorAccessorImpl.java:45)
	at java.lang.reflect.Constructor.newInstance(Constructor.java:423)
	at org.openqa.selenium.remote.http.W3CHttpResponseCodec.createException(W3CHttpResponseCodec.java:187)
	at org.openqa.selenium.remote.http.W3CHttpResponseCodec.decode(W3CHttpResponseCodec.java:122)
	at org.openqa.selenium.remote.http.W3CHttpResponseCodec.decode(W3CHttpResponseCodec.java:49)
	at org.openqa.selenium.remote.HttpCommandExecutor.execute(HttpCommandExecutor.java:158)
	at io.appium.java_client.remote.AppiumCommandExecutor.execute(AppiumCommandExecutor.java:239)
	at org.openqa.selenium.remote.RemoteWebDriver.execute(RemoteWebDriver.java:552)
	at io.appium.java_client.DefaultGenericMobileDriver.execute(DefaultGenericMobileDriver.java:42)
	at io.appium.java_client.AppiumDriver.execute(AppiumDriver.java:1)
	at io.appium.java_client.android.AndroidDriver.execute(AndroidDriver.java:1)
	at org.openqa.selenium.remote.RemoteWebDriver.findElement(RemoteWebDriver.java:323)
	at io.appium.java_client.DefaultGenericMobileDriver.findElement(DefaultGenericMobileDriver.java:62)
	at io.appium.java_client.AppiumDriver.findElement(AppiumDriver.java:1)
	at io.appium.java_client.android.AndroidDriver.findElement(AndroidDriver.java:1)
	at org.openqa.selenium.remote.RemoteWebDriver.findElementByXPath(RemoteWebDriver.java:428)
	at io.appium.java_client.DefaultGenericMobileDriver.findElementByXPath(DefaultGenericMobileDriver.java:152)
	at io.appium.java_client.AppiumDriver.findElementByXPath(AppiumDriver.java:1)
	at io.appium.java_client.android.AndroidDriver.findElementByXPath(AndroidDriver.java:1)
	at org.openqa.selenium.By$ByXPath.findElement(By.java:353)
	at org.openqa.selenium.remote.RemoteWebDriver.findElement(RemoteWebDriver.java:315)
	at io.appium.java_client.DefaultGenericMobileDriver.findElement(DefaultGenericMobileDriver.java:58)
	at io.appium.java_client.AppiumDriver.findElement(AppiumDriver.java:1)
	at io.appium.java_client.android.AndroidDriver.findElement(AndroidDriver.java:1)
	at Infinix_Hot_12Pro_X668.Test10.DataMoveOperation(Test10.java:641)
	at Infinix_Hot_12Pro_X668.Test10.RecordedVideoPlayback(Test10.java:454)
	at Infinix_Hot_12Pro_X668.Test10.rearVideoRec(Test10.java:339)
	at sun.reflect.NativeMethodAccessorImpl.invoke0(Native Method)
	at sun.reflect.NativeMethodAccessorImpl.invoke(NativeMethodAccessorImpl.java:62)
	at sun.reflect.DelegatingMethodAccessorImpl.invoke(DelegatingMethodAccessorImpl.java:43)
	at java.lang.reflect.Method.invoke(Method.java:498)
	at org.testng.internal.MethodInvocationHelper.invokeMethod(MethodInvocationHelper.java:80)
	at org.testng.internal.Invoker.invokeMethod(Invoker.java:673)
	at org.testng.internal.Invoker.invokeTestMethod(Invoker.java:842)
	at org.testng.internal.Invoker.invokeTestMethods(Invoker.java:1166)
	at org.testng.internal.TestMethodWorker.invokeTestMethods(TestMethodWorker.java:125)
	at org.testng.internal.TestMethodWorker.run(TestMethodWorker.java:109)
	at org.testng.TestRunner.runWorkers(TestRunner.java:1178)
	at org.testng.TestRunner.privateRun(TestRunner.java:757)
	at org.testng.TestRunner.run(TestRunner.java:608)
	at org.testng.SuiteRunner.runTest(SuiteRunner.java:334)
	at org.testng.SuiteRunner.runSequentially(SuiteRunner.java:329)
	at org.testng.SuiteRunner.privateRun(SuiteRunner.java:291)
	at org.testng.SuiteRunner.run(SuiteRunner.java:240)
	at org.testng.SuiteRunnerWorker.runSuite(SuiteRunnerWorker.java:52)
	at org.testng.SuiteRunnerWorker.run(SuiteRunnerWorker.java:86)
	at org.testng.TestNG.runSuitesSequentially(TestNG.java:1158)
	at org.testng.TestNG.runSuitesSequentially(TestNG.java:1154)
	at org.testng.TestNG.runSuitesLocally(TestNG.java:1083)
	at org.testng.TestNG.run(TestNG.java:999)
	at org.apache.maven.surefire.testng.TestNGExecutor.run(TestNGExecutor.java:284)
	at org.apache.maven.surefire.testng.TestNGXmlTestSuite.execute(TestNGXmlTestSuite.java:75)
	at org.apache.maven.surefire.testng.TestNGProvider.invoke(TestNGProvider.java:119)
	at org.apache.maven.surefire.booter.ForkedBooter.runSuitesInProcess(ForkedBooter.java:428)
	at org.apache.maven.surefire.booter.ForkedBooter.execute(ForkedBooter.java:162)
	at org.apache.maven.surefire.booter.ForkedBooter.run(ForkedBooter.java:562)
	at org.apache.maven.surefire.booter.ForkedBooter.main(ForkedBooter.java:548)
]]></system-err>
  </testcase>
  <testcase name="frontVideoRec" classname="Infinix_Hot_12Pro_X668.Test10F" time="1,710.265">
    <system-out><![CDATA[Test:Start
===================================================================================================================================================================================================================================================================================================================================================================================================================================================================================================================================================================================================================================================================================================================================
Test10F Scenario is as follows
Launch Camera application and start front camera video recording for all host applicable resolutions in uSD Card
Playback front Highest recorded video from uSD card for 30 seconds, pause video playback, lock mobile and wait 30 seconds, unlock mobile and playback video from pause video duration
Setting up the appium desired capabilities
===================================================================================================================================================================================================================================================================================================================================================================================================================================================================================================================================================================================================================================================================================================================================
Launch Camera Application for rear camera video recording
Select camera permissions
Select While using the app
Select deny option
change to SD card element not found : org.openqa.selenium.NoSuchElementException: An element could not be located on the page using the given search parameters.
For documentation on this error, please visit: https://www.seleniumhq.org/exceptions/no_such_element.html
Build info: version: '3.141.59', revision: 'e82be7d358', time: '2018-11-14T08:17:03'
System info: host: 'SD-APPS-200', ip: '10.65.150.243', os.name: 'Windows 10', os.arch: 'amd64', os.version: '10.0', java.version: '1.8.0_202'
Driver info: io.appium.java_client.android.AndroidDriver
Capabilities {automationName: UiAutomator2, databaseEnabled: false, desired: {automationName: UiAutomator2, deviceName: Infinix HOT 12 PRO, newCommandTimeout: 1200, platformName: android, platformVersion: 12, udid: 08574312A1013436}, deviceApiLevel: 31, deviceManufacturer: INFINIX, deviceModel: Infinix X668, deviceName: 08574312A1013436, deviceScreenDensity: 320, deviceScreenSize: 720x1612, deviceUDID: 08574312A1013436, javascriptEnabled: true, locationContextEnabled: false, networkConnectionEnabled: true, newCommandTimeout: 1200, pixelRatio: 2, platform: LINUX, platformName: Android, platformVersion: 12, statBarHeight: 72, takesScreenshot: true, udid: 08574312A1013436, viewportRect: {height: 1372, left: 0, top: 72, width: 720}, warnings: {}, webStorageEnabled: false}
Session ID: dfdd6613-230c-4801-aa10-a2763f4a2011
*** Element info: {Using=xpath, value=//*[@resource-id='com.android.permissioncontroller:id/permission_deny_button']}
Select settings option
Search for Storage path option
Select SD as storage option
Select DCIM
Select storage permissions
Select USE THIS FOLDER
Select video tab
Test10F_Fcam_res: 2 resolutions supported
Click On front camera mode
Select settings option
Select Video quality
Select First Back video resolution:  1080P
recordingDurationFront = 580Seconds
Start video recording
Stop video recording
Select settings option
Select Video quality
Select First Back video resolution:  720P
recordingDurationFront1 = 580Seconds
Start video recording
Stop video recording
Click On back camera mode
Select photo mode
Pass: Test10F pass for front camera video recording
Launch file manager application and verify recorded video capture uSD Card
Swipe up to select uSD card
Select SD card
switch to grid view mode to select DCIM folder
Select DCIM Folder
Select Camera Folder
switch to list view mode
Click More options
Click select all
Test10F_Fcam_video: 2 videos captured successfully
===================================================================================================================================================================================================================================================================================================================================================================================================================================================================================================================================================================================================================================================================================================================================
Calling VideoPlayBackForSleepWake()
Launch File Manager application and playback front recorded video from USD for 30 seconds, pause video playback, locking phone and unlock after 30 seconds delay and playback video from pause duration.
Select External Storage
Select DCIM Folder
Select Camera folder
Select MoreOptions1
Select Sort by
Select Sort by Newest date first
Click on first file to play highest recorded resolution video file
Tap Somewhere on Screen for contents to visible on Screen
Click pause video button
Lock Mobile with 30 seconds delay
Unlock Mobile
Playback video from pause video duration
Tap Somewhere on Screen for contents to visible on Screen
Click pause video button
Pass: Test10F Pass for Front video play back, Pause,Lock and Unlock Phone Play back from Pause duration Scenario
===================================================================================================================================================================================================================================================================================================================================================================================================================================================================================================================================================================================================================================================================================================================================
calling DatamoveOperation() to move front camera recorded videos files to Test10F folder
launch file manager application select uSD card-->DCIM folder-->Camera folder-->Select all rear camera images create Test10 folder and cut paste all videos in BCFC_Cameravideos folder
click on browse option
Swipe up to select uSD card
Select SD card
Select DCIM Folder
Select camera folder
Click More options
Click select all
Click More options
select move to option
select uSD Card
Select ADD NEW Folder option
Name folder as Test10F
Accept create folder
Cut paste  video files operation completed successfully
Pass: Test10F Pass for data move operation successfully
===================================================================================================================================================================================================================================================================================================================================================================================================================================================================================================================================================================================================================================================================================================================================
Final Message: Pass Test10F Pass for front camera  video recording, Pause Video Playback scenario and data move operation scenario
Test: End
===================================================================================================================================================================================================================================================================================================================================================================================================================================================================================================================================================================================================================================================================================================================================
]]></system-out>
    <system-err><![CDATA[2023-01-09 19:49:47 INFO   io.appium.java_client.remote.AppiumCommandExecutor$1 lambda$0 Detected dialect: W3C
2023-01-09 19:49:57 INFO   io.appium.java_client.remote.AppiumCommandExecutor$1 lambda$0 Detected dialect: W3C
org.openqa.selenium.NoSuchElementException: An element could not be located on the page using the given search parameters.
For documentation on this error, please visit: https://www.seleniumhq.org/exceptions/no_such_element.html
Build info: version: '3.141.59', revision: 'e82be7d358', time: '2018-11-14T08:17:03'
System info: host: 'SD-APPS-200', ip: '10.65.150.243', os.name: 'Windows 10', os.arch: 'amd64', os.version: '10.0', java.version: '1.8.0_202'
Driver info: io.appium.java_client.android.AndroidDriver
Capabilities {automationName: UiAutomator2, databaseEnabled: false, desired: {automationName: UiAutomator2, deviceName: Infinix HOT 12 PRO, newCommandTimeout: 1200, platformName: android, platformVersion: 12, udid: 08574312A1013436}, deviceApiLevel: 31, deviceManufacturer: INFINIX, deviceModel: Infinix X668, deviceName: 08574312A1013436, deviceScreenDensity: 320, deviceScreenSize: 720x1612, deviceUDID: 08574312A1013436, javascriptEnabled: true, locationContextEnabled: false, networkConnectionEnabled: true, newCommandTimeout: 1200, pixelRatio: 2, platform: LINUX, platformName: Android, platformVersion: 12, statBarHeight: 72, takesScreenshot: true, udid: 08574312A1013436, viewportRect: {height: 1372, left: 0, top: 72, width: 720}, warnings: {}, webStorageEnabled: false}
Session ID: dfdd6613-230c-4801-aa10-a2763f4a2011
*** Element info: {Using=xpath, value=//*[@text='While using the app']}
	at sun.reflect.NativeConstructorAccessorImpl.newInstance0(Native Method)
	at sun.reflect.NativeConstructorAccessorImpl.newInstance(NativeConstructorAccessorImpl.java:62)
	at sun.reflect.DelegatingConstructorAccessorImpl.newInstance(DelegatingConstructorAccessorImpl.java:45)
	at java.lang.reflect.Constructor.newInstance(Constructor.java:423)
	at org.openqa.selenium.remote.http.W3CHttpResponseCodec.createException(W3CHttpResponseCodec.java:187)
	at org.openqa.selenium.remote.http.W3CHttpResponseCodec.decode(W3CHttpResponseCodec.java:122)
	at org.openqa.selenium.remote.http.W3CHttpResponseCodec.decode(W3CHttpResponseCodec.java:49)
	at org.openqa.selenium.remote.HttpCommandExecutor.execute(HttpCommandExecutor.java:158)
	at io.appium.java_client.remote.AppiumCommandExecutor.execute(AppiumCommandExecutor.java:239)
	at org.openqa.selenium.remote.RemoteWebDriver.execute(RemoteWebDriver.java:552)
	at io.appium.java_client.DefaultGenericMobileDriver.execute(DefaultGenericMobileDriver.java:42)
	at io.appium.java_client.AppiumDriver.execute(AppiumDriver.java:1)
	at io.appium.java_client.android.AndroidDriver.execute(AndroidDriver.java:1)
	at org.openqa.selenium.remote.RemoteWebDriver.findElement(RemoteWebDriver.java:323)
	at io.appium.java_client.DefaultGenericMobileDriver.findElement(DefaultGenericMobileDriver.java:62)
	at io.appium.java_client.AppiumDriver.findElement(AppiumDriver.java:1)
	at io.appium.java_client.android.AndroidDriver.findElement(AndroidDriver.java:1)
	at org.openqa.selenium.remote.RemoteWebDriver.findElementByXPath(RemoteWebDriver.java:428)
	at io.appium.java_client.DefaultGenericMobileDriver.findElementByXPath(DefaultGenericMobileDriver.java:152)
	at io.appium.java_client.AppiumDriver.findElementByXPath(AppiumDriver.java:1)
	at io.appium.java_client.android.AndroidDriver.findElementByXPath(AndroidDriver.java:1)
	at org.openqa.selenium.By$ByXPath.findElement(By.java:353)
	at org.openqa.selenium.remote.RemoteWebDriver.findElement(RemoteWebDriver.java:315)
	at io.appium.java_client.DefaultGenericMobileDriver.findElement(DefaultGenericMobileDriver.java:58)
	at io.appium.java_client.AppiumDriver.findElement(AppiumDriver.java:1)
	at io.appium.java_client.android.AndroidDriver.findElement(AndroidDriver.java:1)
	at Infinix_Hot_12Pro_X668.Test10F.frontVideoRec(Test10F.java:105)
	at sun.reflect.NativeMethodAccessorImpl.invoke0(Native Method)
	at sun.reflect.NativeMethodAccessorImpl.invoke(NativeMethodAccessorImpl.java:62)
	at sun.reflect.DelegatingMethodAccessorImpl.invoke(DelegatingMethodAccessorImpl.java:43)
	at java.lang.reflect.Method.invoke(Method.java:498)
	at org.testng.internal.MethodInvocationHelper.invokeMethod(MethodInvocationHelper.java:80)
	at org.testng.internal.Invoker.invokeMethod(Invoker.java:673)
	at org.testng.internal.Invoker.invokeTestMethod(Invoker.java:842)
	at org.testng.internal.Invoker.invokeTestMethods(Invoker.java:1166)
	at org.testng.internal.TestMethodWorker.invokeTestMethods(TestMethodWorker.java:125)
	at org.testng.internal.TestMethodWorker.run(TestMethodWorker.java:109)
	at org.testng.TestRunner.runWorkers(TestRunner.java:1178)
	at org.testng.TestRunner.privateRun(TestRunner.java:757)
	at org.testng.TestRunner.run(TestRunner.java:608)
	at org.testng.SuiteRunner.runTest(SuiteRunner.java:334)
	at org.testng.SuiteRunner.runSequentially(SuiteRunner.java:329)
	at org.testng.SuiteRunner.privateRun(SuiteRunner.java:291)
	at org.testng.SuiteRunner.run(SuiteRunner.java:240)
	at org.testng.SuiteRunnerWorker.runSuite(SuiteRunnerWorker.java:52)
	at org.testng.SuiteRunnerWorker.run(SuiteRunnerWorker.java:86)
	at org.testng.TestNG.runSuitesSequentially(TestNG.java:1158)
	at org.testng.TestNG.runSuitesSequentially(TestNG.java:1154)
	at org.testng.TestNG.runSuitesLocally(TestNG.java:1083)
	at org.testng.TestNG.run(TestNG.java:999)
	at org.apache.maven.surefire.testng.TestNGExecutor.run(TestNGExecutor.java:284)
	at org.apache.maven.surefire.testng.TestNGXmlTestSuite.execute(TestNGXmlTestSuite.java:75)
	at org.apache.maven.surefire.testng.TestNGProvider.invoke(TestNGProvider.java:119)
	at org.apache.maven.surefire.booter.ForkedBooter.runSuitesInProcess(ForkedBooter.java:428)
	at org.apache.maven.surefire.booter.ForkedBooter.execute(ForkedBooter.java:162)
	at org.apache.maven.surefire.booter.ForkedBooter.run(ForkedBooter.java:562)
	at org.apache.maven.surefire.booter.ForkedBooter.main(ForkedBooter.java:548)
org.openqa.selenium.NoSuchElementException: An element could not be located on the page using the given search parameters.
For documentation on this error, please visit: https://www.seleniumhq.org/exceptions/no_such_element.html
Build info: version: '3.141.59', revision: 'e82be7d358', time: '2018-11-14T08:17:03'
System info: host: 'SD-APPS-200', ip: '10.65.150.243', os.name: 'Windows 10', os.arch: 'amd64', os.version: '10.0', java.version: '1.8.0_202'
Driver info: io.appium.java_client.android.AndroidDriver
Capabilities {automationName: UiAutomator2, databaseEnabled: false, desired: {automationName: UiAutomator2, deviceName: Infinix HOT 12 PRO, newCommandTimeout: 1200, platformName: android, platformVersion: 12, udid: 08574312A1013436}, deviceApiLevel: 31, deviceManufacturer: INFINIX, deviceModel: Infinix X668, deviceName: 08574312A1013436, deviceScreenDensity: 320, deviceScreenSize: 720x1612, deviceUDID: 08574312A1013436, javascriptEnabled: true, locationContextEnabled: false, networkConnectionEnabled: true, newCommandTimeout: 1200, pixelRatio: 2, platform: LINUX, platformName: Android, platformVersion: 12, statBarHeight: 72, takesScreenshot: true, udid: 08574312A1013436, viewportRect: {height: 1372, left: 0, top: 72, width: 720}, warnings: {}, webStorageEnabled: false}
Session ID: dfdd6613-230c-4801-aa10-a2763f4a2011
*** Element info: {Using=xpath, value=//*[@text='DCIM']}
	at sun.reflect.NativeConstructorAccessorImpl.newInstance0(Native Method)
	at sun.reflect.NativeConstructorAccessorImpl.newInstance(NativeConstructorAccessorImpl.java:62)
	at sun.reflect.DelegatingConstructorAccessorImpl.newInstance(DelegatingConstructorAccessorImpl.java:45)
	at java.lang.reflect.Constructor.newInstance(Constructor.java:423)
	at org.openqa.selenium.remote.http.W3CHttpResponseCodec.createException(W3CHttpResponseCodec.java:187)
	at org.openqa.selenium.remote.http.W3CHttpResponseCodec.decode(W3CHttpResponseCodec.java:122)
	at org.openqa.selenium.remote.http.W3CHttpResponseCodec.decode(W3CHttpResponseCodec.java:49)
	at org.openqa.selenium.remote.HttpCommandExecutor.execute(HttpCommandExecutor.java:158)
	at io.appium.java_client.remote.AppiumCommandExecutor.execute(AppiumCommandExecutor.java:239)
	at org.openqa.selenium.remote.RemoteWebDriver.execute(RemoteWebDriver.java:552)
	at io.appium.java_client.DefaultGenericMobileDriver.execute(DefaultGenericMobileDriver.java:42)
	at io.appium.java_client.AppiumDriver.execute(AppiumDriver.java:1)
	at io.appium.java_client.android.AndroidDriver.execute(AndroidDriver.java:1)
	at org.openqa.selenium.remote.RemoteWebDriver.findElement(RemoteWebDriver.java:323)
	at io.appium.java_client.DefaultGenericMobileDriver.findElement(DefaultGenericMobileDriver.java:62)
	at io.appium.java_client.AppiumDriver.findElement(AppiumDriver.java:1)
	at io.appium.java_client.android.AndroidDriver.findElement(AndroidDriver.java:1)
	at org.openqa.selenium.remote.RemoteWebDriver.findElementByXPath(RemoteWebDriver.java:428)
	at io.appium.java_client.DefaultGenericMobileDriver.findElementByXPath(DefaultGenericMobileDriver.java:152)
	at io.appium.java_client.AppiumDriver.findElementByXPath(AppiumDriver.java:1)
	at io.appium.java_client.android.AndroidDriver.findElementByXPath(AndroidDriver.java:1)
	at org.openqa.selenium.By$ByXPath.findElement(By.java:353)
	at org.openqa.selenium.remote.RemoteWebDriver.findElement(RemoteWebDriver.java:315)
	at io.appium.java_client.DefaultGenericMobileDriver.findElement(DefaultGenericMobileDriver.java:58)
	at io.appium.java_client.AppiumDriver.findElement(AppiumDriver.java:1)
	at io.appium.java_client.android.AndroidDriver.findElement(AndroidDriver.java:1)
	at Infinix_Hot_12Pro_X668.Test10F.frontVideoRec(Test10F.java:152)
	at sun.reflect.NativeMethodAccessorImpl.invoke0(Native Method)
	at sun.reflect.NativeMethodAccessorImpl.invoke(NativeMethodAccessorImpl.java:62)
	at sun.reflect.DelegatingMethodAccessorImpl.invoke(DelegatingMethodAccessorImpl.java:43)
	at java.lang.reflect.Method.invoke(Method.java:498)
	at org.testng.internal.MethodInvocationHelper.invokeMethod(MethodInvocationHelper.java:80)
	at org.testng.internal.Invoker.invokeMethod(Invoker.java:673)
	at org.testng.internal.Invoker.invokeTestMethod(Invoker.java:842)
	at org.testng.internal.Invoker.invokeTestMethods(Invoker.java:1166)
	at org.testng.internal.TestMethodWorker.invokeTestMethods(TestMethodWorker.java:125)
	at org.testng.internal.TestMethodWorker.run(TestMethodWorker.java:109)
	at org.testng.TestRunner.runWorkers(TestRunner.java:1178)
	at org.testng.TestRunner.privateRun(TestRunner.java:757)
	at org.testng.TestRunner.run(TestRunner.java:608)
	at org.testng.SuiteRunner.runTest(SuiteRunner.java:334)
	at org.testng.SuiteRunner.runSequentially(SuiteRunner.java:329)
	at org.testng.SuiteRunner.privateRun(SuiteRunner.java:291)
	at org.testng.SuiteRunner.run(SuiteRunner.java:240)
	at org.testng.SuiteRunnerWorker.runSuite(SuiteRunnerWorker.java:52)
	at org.testng.SuiteRunnerWorker.run(SuiteRunnerWorker.java:86)
	at org.testng.TestNG.runSuitesSequentially(TestNG.java:1158)
	at org.testng.TestNG.runSuitesSequentially(TestNG.java:1154)
	at org.testng.TestNG.runSuitesLocally(TestNG.java:1083)
	at org.testng.TestNG.run(TestNG.java:999)
	at org.apache.maven.surefire.testng.TestNGExecutor.run(TestNGExecutor.java:284)
	at org.apache.maven.surefire.testng.TestNGXmlTestSuite.execute(TestNGXmlTestSuite.java:75)
	at org.apache.maven.surefire.testng.TestNGProvider.invoke(TestNGProvider.java:119)
	at org.apache.maven.surefire.booter.ForkedBooter.runSuitesInProcess(ForkedBooter.java:428)
	at org.apache.maven.surefire.booter.ForkedBooter.execute(ForkedBooter.java:162)
	at org.apache.maven.surefire.booter.ForkedBooter.run(ForkedBooter.java:562)
	at org.apache.maven.surefire.booter.ForkedBooter.main(ForkedBooter.java:548)
org.openqa.selenium.NoSuchElementException: An element could not be located on the page using the given search parameters.
For documentation on this error, please visit: https://www.seleniumhq.org/exceptions/no_such_element.html
Build info: version: '3.141.59', revision: 'e82be7d358', time: '2018-11-14T08:17:03'
System info: host: 'SD-APPS-200', ip: '10.65.150.243', os.name: 'Windows 10', os.arch: 'amd64', os.version: '10.0', java.version: '1.8.0_202'
Driver info: io.appium.java_client.android.AndroidDriver
Capabilities {automationName: UiAutomator2, databaseEnabled: false, desired: {automationName: UiAutomator2, deviceName: Infinix HOT 12 PRO, newCommandTimeout: 1200, platformName: android, platformVersion: 12, udid: 08574312A1013436}, deviceApiLevel: 31, deviceManufacturer: INFINIX, deviceModel: Infinix X668, deviceName: 08574312A1013436, deviceScreenDensity: 320, deviceScreenSize: 720x1612, deviceUDID: 08574312A1013436, javascriptEnabled: true, locationContextEnabled: false, networkConnectionEnabled: true, newCommandTimeout: 1200, pixelRatio: 2, platform: LINUX, platformName: Android, platformVersion: 12, statBarHeight: 72, takesScreenshot: true, udid: 08574312A1013436, viewportRect: {height: 1372, left: 0, top: 72, width: 720}, warnings: {}, webStorageEnabled: false}
Session ID: dfdd6613-230c-4801-aa10-a2763f4a2011
*** Element info: {Using=xpath, value=//*[@text='USE THIS FOLDER']}
	at sun.reflect.NativeConstructorAccessorImpl.newInstance0(Native Method)
	at sun.reflect.NativeConstructorAccessorImpl.newInstance(NativeConstructorAccessorImpl.java:62)
	at sun.reflect.DelegatingConstructorAccessorImpl.newInstance(DelegatingConstructorAccessorImpl.java:45)
	at java.lang.reflect.Constructor.newInstance(Constructor.java:423)
	at org.openqa.selenium.remote.http.W3CHttpResponseCodec.createException(W3CHttpResponseCodec.java:187)
	at org.openqa.selenium.remote.http.W3CHttpResponseCodec.decode(W3CHttpResponseCodec.java:122)
	at org.openqa.selenium.remote.http.W3CHttpResponseCodec.decode(W3CHttpResponseCodec.java:49)
	at org.openqa.selenium.remote.HttpCommandExecutor.execute(HttpCommandExecutor.java:158)
	at io.appium.java_client.remote.AppiumCommandExecutor.execute(AppiumCommandExecutor.java:239)
	at org.openqa.selenium.remote.RemoteWebDriver.execute(RemoteWebDriver.java:552)
	at io.appium.java_client.DefaultGenericMobileDriver.execute(DefaultGenericMobileDriver.java:42)
	at io.appium.java_client.AppiumDriver.execute(AppiumDriver.java:1)
	at io.appium.java_client.android.AndroidDriver.execute(AndroidDriver.java:1)
	at org.openqa.selenium.remote.RemoteWebDriver.findElement(RemoteWebDriver.java:323)
	at io.appium.java_client.DefaultGenericMobileDriver.findElement(DefaultGenericMobileDriver.java:62)
	at io.appium.java_client.AppiumDriver.findElement(AppiumDriver.java:1)
	at io.appium.java_client.android.AndroidDriver.findElement(AndroidDriver.java:1)
	at org.openqa.selenium.remote.RemoteWebDriver.findElementByXPath(RemoteWebDriver.java:428)
	at io.appium.java_client.DefaultGenericMobileDriver.findElementByXPath(DefaultGenericMobileDriver.java:152)
	at io.appium.java_client.AppiumDriver.findElementByXPath(AppiumDriver.java:1)
	at io.appium.java_client.android.AndroidDriver.findElementByXPath(AndroidDriver.java:1)
	at org.openqa.selenium.By$ByXPath.findElement(By.java:353)
	at org.openqa.selenium.remote.RemoteWebDriver.findElement(RemoteWebDriver.java:315)
	at io.appium.java_client.DefaultGenericMobileDriver.findElement(DefaultGenericMobileDriver.java:58)
	at io.appium.java_client.AppiumDriver.findElement(AppiumDriver.java:1)
	at io.appium.java_client.android.AndroidDriver.findElement(AndroidDriver.java:1)
	at Infinix_Hot_12Pro_X668.Test10F.frontVideoRec(Test10F.java:164)
	at sun.reflect.NativeMethodAccessorImpl.invoke0(Native Method)
	at sun.reflect.NativeMethodAccessorImpl.invoke(NativeMethodAccessorImpl.java:62)
	at sun.reflect.DelegatingMethodAccessorImpl.invoke(DelegatingMethodAccessorImpl.java:43)
	at java.lang.reflect.Method.invoke(Method.java:498)
	at org.testng.internal.MethodInvocationHelper.invokeMethod(MethodInvocationHelper.java:80)
	at org.testng.internal.Invoker.invokeMethod(Invoker.java:673)
	at org.testng.internal.Invoker.invokeTestMethod(Invoker.java:842)
	at org.testng.internal.Invoker.invokeTestMethods(Invoker.java:1166)
	at org.testng.internal.TestMethodWorker.invokeTestMethods(TestMethodWorker.java:125)
	at org.testng.internal.TestMethodWorker.run(TestMethodWorker.java:109)
	at org.testng.TestRunner.runWorkers(TestRunner.java:1178)
	at org.testng.TestRunner.privateRun(TestRunner.java:757)
	at org.testng.TestRunner.run(TestRunner.java:608)
	at org.testng.SuiteRunner.runTest(SuiteRunner.java:334)
	at org.testng.SuiteRunner.runSequentially(SuiteRunner.java:329)
	at org.testng.SuiteRunner.privateRun(SuiteRunner.java:291)
	at org.testng.SuiteRunner.run(SuiteRunner.java:240)
	at org.testng.SuiteRunnerWorker.runSuite(SuiteRunnerWorker.java:52)
	at org.testng.SuiteRunnerWorker.run(SuiteRunnerWorker.java:86)
	at org.testng.TestNG.runSuitesSequentially(TestNG.java:1158)
	at org.testng.TestNG.runSuitesSequentially(TestNG.java:1154)
	at org.testng.TestNG.runSuitesLocally(TestNG.java:1083)
	at org.testng.TestNG.run(TestNG.java:999)
	at org.apache.maven.surefire.testng.TestNGExecutor.run(TestNGExecutor.java:284)
	at org.apache.maven.surefire.testng.TestNGXmlTestSuite.execute(TestNGXmlTestSuite.java:75)
	at org.apache.maven.surefire.testng.TestNGProvider.invoke(TestNGProvider.java:119)
	at org.apache.maven.surefire.booter.ForkedBooter.runSuitesInProcess(ForkedBooter.java:428)
	at org.apache.maven.surefire.booter.ForkedBooter.execute(ForkedBooter.java:162)
	at org.apache.maven.surefire.booter.ForkedBooter.run(ForkedBooter.java:562)
	at org.apache.maven.surefire.booter.ForkedBooter.main(ForkedBooter.java:548)
org.openqa.selenium.NoSuchElementException: An element could not be located on the page using the given search parameters.
For documentation on this error, please visit: https://www.seleniumhq.org/exceptions/no_such_element.html
Build info: version: '3.141.59', revision: 'e82be7d358', time: '2018-11-14T08:17:03'
System info: host: 'SD-APPS-200', ip: '10.65.150.243', os.name: 'Windows 10', os.arch: 'amd64', os.version: '10.0', java.version: '1.8.0_202'
Driver info: io.appium.java_client.android.AndroidDriver
Capabilities {automationName: UiAutomator2, databaseEnabled: false, desired: {automationName: UiAutomator2, deviceName: Infinix HOT 12 PRO, newCommandTimeout: 1200, platformName: android, platformVersion: 12, udid: 08574312A1013436}, deviceApiLevel: 31, deviceManufacturer: INFINIX, deviceModel: Infinix X668, deviceName: 08574312A1013436, deviceScreenDensity: 320, deviceScreenSize: 720x1612, deviceUDID: 08574312A1013436, javascriptEnabled: true, locationContextEnabled: false, networkConnectionEnabled: true, newCommandTimeout: 1200, pixelRatio: 2, platform: LINUX, platformName: Android, platformVersion: 12, statBarHeight: 72, takesScreenshot: true, udid: 08574312A1013436, viewportRect: {height: 1372, left: 0, top: 72, width: 720}, warnings: {}, webStorageEnabled: false}
Session ID: dfdd6613-230c-4801-aa10-a2763f4a2011
*** Element info: {Using=xpath, value=//*[@resource-id='com.google.android.apps.nbu.files:id/agree_button']}
	at sun.reflect.GeneratedConstructorAccessor15.newInstance(Unknown Source)
	at sun.reflect.DelegatingConstructorAccessorImpl.newInstance(DelegatingConstructorAccessorImpl.java:45)
	at java.lang.reflect.Constructor.newInstance(Constructor.java:423)
	at org.openqa.selenium.remote.http.W3CHttpResponseCodec.createException(W3CHttpResponseCodec.java:187)
	at org.openqa.selenium.remote.http.W3CHttpResponseCodec.decode(W3CHttpResponseCodec.java:122)
	at org.openqa.selenium.remote.http.W3CHttpResponseCodec.decode(W3CHttpResponseCodec.java:49)
	at org.openqa.selenium.remote.HttpCommandExecutor.execute(HttpCommandExecutor.java:158)
	at io.appium.java_client.remote.AppiumCommandExecutor.execute(AppiumCommandExecutor.java:239)
	at org.openqa.selenium.remote.RemoteWebDriver.execute(RemoteWebDriver.java:552)
	at io.appium.java_client.DefaultGenericMobileDriver.execute(DefaultGenericMobileDriver.java:42)
	at io.appium.java_client.AppiumDriver.execute(AppiumDriver.java:1)
	at io.appium.java_client.android.AndroidDriver.execute(AndroidDriver.java:1)
	at org.openqa.selenium.remote.RemoteWebDriver.findElement(RemoteWebDriver.java:323)
	at io.appium.java_client.DefaultGenericMobileDriver.findElement(DefaultGenericMobileDriver.java:62)
	at io.appium.java_client.AppiumDriver.findElement(AppiumDriver.java:1)
	at io.appium.java_client.android.AndroidDriver.findElement(AndroidDriver.java:1)
	at org.openqa.selenium.remote.RemoteWebDriver.findElementByXPath(RemoteWebDriver.java:428)
	at io.appium.java_client.DefaultGenericMobileDriver.findElementByXPath(DefaultGenericMobileDriver.java:152)
	at io.appium.java_client.AppiumDriver.findElementByXPath(AppiumDriver.java:1)
	at io.appium.java_client.android.AndroidDriver.findElementByXPath(AndroidDriver.java:1)
	at org.openqa.selenium.By$ByXPath.findElement(By.java:353)
	at org.openqa.selenium.remote.RemoteWebDriver.findElement(RemoteWebDriver.java:315)
	at io.appium.java_client.DefaultGenericMobileDriver.findElement(DefaultGenericMobileDriver.java:58)
	at io.appium.java_client.AppiumDriver.findElement(AppiumDriver.java:1)
	at io.appium.java_client.android.AndroidDriver.findElement(AndroidDriver.java:1)
	at Infinix_Hot_12Pro_X668.Test10F.frontVideoRec(Test10F.java:294)
	at sun.reflect.NativeMethodAccessorImpl.invoke0(Native Method)
	at sun.reflect.NativeMethodAccessorImpl.invoke(NativeMethodAccessorImpl.java:62)
	at sun.reflect.DelegatingMethodAccessorImpl.invoke(DelegatingMethodAccessorImpl.java:43)
	at java.lang.reflect.Method.invoke(Method.java:498)
	at org.testng.internal.MethodInvocationHelper.invokeMethod(MethodInvocationHelper.java:80)
	at org.testng.internal.Invoker.invokeMethod(Invoker.java:673)
	at org.testng.internal.Invoker.invokeTestMethod(Invoker.java:842)
	at org.testng.internal.Invoker.invokeTestMethods(Invoker.java:1166)
	at org.testng.internal.TestMethodWorker.invokeTestMethods(TestMethodWorker.java:125)
	at org.testng.internal.TestMethodWorker.run(TestMethodWorker.java:109)
	at org.testng.TestRunner.runWorkers(TestRunner.java:1178)
	at org.testng.TestRunner.privateRun(TestRunner.java:757)
	at org.testng.TestRunner.run(TestRunner.java:608)
	at org.testng.SuiteRunner.runTest(SuiteRunner.java:334)
	at org.testng.SuiteRunner.runSequentially(SuiteRunner.java:329)
	at org.testng.SuiteRunner.privateRun(SuiteRunner.java:291)
	at org.testng.SuiteRunner.run(SuiteRunner.java:240)
	at org.testng.SuiteRunnerWorker.runSuite(SuiteRunnerWorker.java:52)
	at org.testng.SuiteRunnerWorker.run(SuiteRunnerWorker.java:86)
	at org.testng.TestNG.runSuitesSequentially(TestNG.java:1158)
	at org.testng.TestNG.runSuitesSequentially(TestNG.java:1154)
	at org.testng.TestNG.runSuitesLocally(TestNG.java:1083)
	at org.testng.TestNG.run(TestNG.java:999)
	at org.apache.maven.surefire.testng.TestNGExecutor.run(TestNGExecutor.java:284)
	at org.apache.maven.surefire.testng.TestNGXmlTestSuite.execute(TestNGXmlTestSuite.java:75)
	at org.apache.maven.surefire.testng.TestNGProvider.invoke(TestNGProvider.java:119)
	at org.apache.maven.surefire.booter.ForkedBooter.runSuitesInProcess(ForkedBooter.java:428)
	at org.apache.maven.surefire.booter.ForkedBooter.execute(ForkedBooter.java:162)
	at org.apache.maven.surefire.booter.ForkedBooter.run(ForkedBooter.java:562)
	at org.apache.maven.surefire.booter.ForkedBooter.main(ForkedBooter.java:548)
org.openqa.selenium.NoSuchElementException: An element could not be located on the page using the given search parameters.
For documentation on this error, please visit: https://www.seleniumhq.org/exceptions/no_such_element.html
Build info: version: '3.141.59', revision: 'e82be7d358', time: '2018-11-14T08:17:03'
System info: host: 'SD-APPS-200', ip: '10.65.150.243', os.name: 'Windows 10', os.arch: 'amd64', os.version: '10.0', java.version: '1.8.0_202'
Driver info: io.appium.java_client.android.AndroidDriver
Capabilities {automationName: UiAutomator2, databaseEnabled: false, desired: {automationName: UiAutomator2, deviceName: Infinix HOT 12 PRO, newCommandTimeout: 1200, platformName: android, platformVersion: 12, udid: 08574312A1013436}, deviceApiLevel: 31, deviceManufacturer: INFINIX, deviceModel: Infinix X668, deviceName: 08574312A1013436, deviceScreenDensity: 320, deviceScreenSize: 720x1612, deviceUDID: 08574312A1013436, javascriptEnabled: true, locationContextEnabled: false, networkConnectionEnabled: true, newCommandTimeout: 1200, pixelRatio: 2, platform: LINUX, platformName: Android, platformVersion: 12, statBarHeight: 72, takesScreenshot: true, udid: 08574312A1013436, viewportRect: {height: 1372, left: 0, top: 72, width: 720}, warnings: {}, webStorageEnabled: false}
Session ID: dfdd6613-230c-4801-aa10-a2763f4a2011
*** Element info: {Using=xpath, value=//*[@resource-id='com.google.android.apps.nbu.files:id/agree_button']}
	at sun.reflect.GeneratedConstructorAccessor15.newInstance(Unknown Source)
	at sun.reflect.DelegatingConstructorAccessorImpl.newInstance(DelegatingConstructorAccessorImpl.java:45)
	at java.lang.reflect.Constructor.newInstance(Constructor.java:423)
	at org.openqa.selenium.remote.http.W3CHttpResponseCodec.createException(W3CHttpResponseCodec.java:187)
	at org.openqa.selenium.remote.http.W3CHttpResponseCodec.decode(W3CHttpResponseCodec.java:122)
	at org.openqa.selenium.remote.http.W3CHttpResponseCodec.decode(W3CHttpResponseCodec.java:49)
	at org.openqa.selenium.remote.HttpCommandExecutor.execute(HttpCommandExecutor.java:158)
	at io.appium.java_client.remote.AppiumCommandExecutor.execute(AppiumCommandExecutor.java:239)
	at org.openqa.selenium.remote.RemoteWebDriver.execute(RemoteWebDriver.java:552)
	at io.appium.java_client.DefaultGenericMobileDriver.execute(DefaultGenericMobileDriver.java:42)
	at io.appium.java_client.AppiumDriver.execute(AppiumDriver.java:1)
	at io.appium.java_client.android.AndroidDriver.execute(AndroidDriver.java:1)
	at org.openqa.selenium.remote.RemoteWebDriver.findElement(RemoteWebDriver.java:323)
	at io.appium.java_client.DefaultGenericMobileDriver.findElement(DefaultGenericMobileDriver.java:62)
	at io.appium.java_client.AppiumDriver.findElement(AppiumDriver.java:1)
	at io.appium.java_client.android.AndroidDriver.findElement(AndroidDriver.java:1)
	at org.openqa.selenium.remote.RemoteWebDriver.findElementByXPath(RemoteWebDriver.java:428)
	at io.appium.java_client.DefaultGenericMobileDriver.findElementByXPath(DefaultGenericMobileDriver.java:152)
	at io.appium.java_client.AppiumDriver.findElementByXPath(AppiumDriver.java:1)
	at io.appium.java_client.android.AndroidDriver.findElementByXPath(AndroidDriver.java:1)
	at org.openqa.selenium.By$ByXPath.findElement(By.java:353)
	at org.openqa.selenium.remote.RemoteWebDriver.findElement(RemoteWebDriver.java:315)
	at io.appium.java_client.DefaultGenericMobileDriver.findElement(DefaultGenericMobileDriver.java:58)
	at io.appium.java_client.AppiumDriver.findElement(AppiumDriver.java:1)
	at io.appium.java_client.android.AndroidDriver.findElement(AndroidDriver.java:1)
	at Infinix_Hot_12Pro_X668.Test10F.DataMoveOperation(Test10F.java:550)
	at Infinix_Hot_12Pro_X668.Test10F.VideoPlayBackForSleepWake(Test10F.java:510)
	at Infinix_Hot_12Pro_X668.Test10F.frontVideoRec(Test10F.java:364)
	at sun.reflect.NativeMethodAccessorImpl.invoke0(Native Method)
	at sun.reflect.NativeMethodAccessorImpl.invoke(NativeMethodAccessorImpl.java:62)
	at sun.reflect.DelegatingMethodAccessorImpl.invoke(DelegatingMethodAccessorImpl.java:43)
	at java.lang.reflect.Method.invoke(Method.java:498)
	at org.testng.internal.MethodInvocationHelper.invokeMethod(MethodInvocationHelper.java:80)
	at org.testng.internal.Invoker.invokeMethod(Invoker.java:673)
	at org.testng.internal.Invoker.invokeTestMethod(Invoker.java:842)
	at org.testng.internal.Invoker.invokeTestMethods(Invoker.java:1166)
	at org.testng.internal.TestMethodWorker.invokeTestMethods(TestMethodWorker.java:125)
	at org.testng.internal.TestMethodWorker.run(TestMethodWorker.java:109)
	at org.testng.TestRunner.runWorkers(TestRunner.java:1178)
	at org.testng.TestRunner.privateRun(TestRunner.java:757)
	at org.testng.TestRunner.run(TestRunner.java:608)
	at org.testng.SuiteRunner.runTest(SuiteRunner.java:334)
	at org.testng.SuiteRunner.runSequentially(SuiteRunner.java:329)
	at org.testng.SuiteRunner.privateRun(SuiteRunner.java:291)
	at org.testng.SuiteRunner.run(SuiteRunner.java:240)
	at org.testng.SuiteRunnerWorker.runSuite(SuiteRunnerWorker.java:52)
	at org.testng.SuiteRunnerWorker.run(SuiteRunnerWorker.java:86)
	at org.testng.TestNG.runSuitesSequentially(TestNG.java:1158)
	at org.testng.TestNG.runSuitesSequentially(TestNG.java:1154)
	at org.testng.TestNG.runSuitesLocally(TestNG.java:1083)
	at org.testng.TestNG.run(TestNG.java:999)
	at org.apache.maven.surefire.testng.TestNGExecutor.run(TestNGExecutor.java:284)
	at org.apache.maven.surefire.testng.TestNGXmlTestSuite.execute(TestNGXmlTestSuite.java:75)
	at org.apache.maven.surefire.testng.TestNGProvider.invoke(TestNGProvider.java:119)
	at org.apache.maven.surefire.booter.ForkedBooter.runSuitesInProcess(ForkedBooter.java:428)
	at org.apache.maven.surefire.booter.ForkedBooter.execute(ForkedBooter.java:162)
	at org.apache.maven.surefire.booter.ForkedBooter.run(ForkedBooter.java:562)
	at org.apache.maven.surefire.booter.ForkedBooter.main(ForkedBooter.java:548)
]]></system-err>
  </testcase>
  <testcase name="RearPictureCapture" classname="Infinix_Hot_12Pro_X668.Test9" time="1,940.035">
    <system-out><![CDATA[Test: Start
===================================================================================================================================================================================================================================================================================================================================================================================================================================================================================================================================================================================================================================================================================================================================
Test9 Scenario is follows:
Launch camera application, set USD as a Storage option, start rear camera Image capture for all host resolutions
Setting up the appium desired capabilities
===================================================================================================================================================================================================================================================================================================================================================================================================================================================================================================================================================================================================================================================================================================================================
Launch Camera application for rear Picture capture for all host resolution
Select camera permissions
Select While using the app
Select deny option
change to SD card element not found : org.openqa.selenium.NoSuchElementException: An element could not be located on the page using the given search parameters.
For documentation on this error, please visit: https://www.seleniumhq.org/exceptions/no_such_element.html
Build info: version: '3.141.59', revision: 'e82be7d358', time: '2018-11-14T08:17:03'
System info: host: 'SD-APPS-200', ip: '10.65.150.243', os.name: 'Windows 10', os.arch: 'amd64', os.version: '10.0', java.version: '1.8.0_202'
Driver info: io.appium.java_client.android.AndroidDriver
Capabilities {automationName: UiAutomator2, databaseEnabled: false, desired: {automationName: UiAutomator2, deviceName: Infinix HOT 12 PRO, newCommandTimeout: 600, platformName: android, platformVersion: 12, udid: 08574312A1013436}, deviceApiLevel: 31, deviceManufacturer: INFINIX, deviceModel: Infinix X668, deviceName: 08574312A1013436, deviceScreenDensity: 320, deviceScreenSize: 720x1612, deviceUDID: 08574312A1013436, javascriptEnabled: true, locationContextEnabled: false, networkConnectionEnabled: true, newCommandTimeout: 600, pixelRatio: 2, platform: LINUX, platformName: Android, platformVersion: 12, statBarHeight: 72, takesScreenshot: true, udid: 08574312A1013436, viewportRect: {height: 1372, left: 0, top: 72, width: 720}, warnings: {}, webStorageEnabled: false}
Session ID: ac00f81d-15b8-44f7-aa6d-39a9786e9df3
*** Element info: {Using=xpath, value=//*[@resource-id='com.android.permissioncontroller:id/permission_deny_button']}
Select settings option
Search for Storage path option
Select SD as storage option
Select DCIM
Select storage  option
USE THIS FOLDER
Test9_Bcam_res: 3 resolutions supported
Select settings
Select  picture size
Select first Image Resoution: 4:3 
totalPictureCountRear = 75
clicking Image of 1st Resolutions ultra 4:3: 0
clicking Image of 1st Resolutions ultra 4:3: 1
clicking Image of 1st Resolutions ultra 4:3: 2
clicking Image of 1st Resolutions ultra 4:3: 3
clicking Image of 1st Resolutions ultra 4:3: 4
clicking Image of 1st Resolutions ultra 4:3: 5
clicking Image of 1st Resolutions ultra 4:3: 6
clicking Image of 1st Resolutions ultra 4:3: 7
clicking Image of 1st Resolutions ultra 4:3: 8
clicking Image of 1st Resolutions ultra 4:3: 9
clicking Image of 1st Resolutions ultra 4:3: 10
clicking Image of 1st Resolutions ultra 4:3: 11
clicking Image of 1st Resolutions ultra 4:3: 12
clicking Image of 1st Resolutions ultra 4:3: 13
clicking Image of 1st Resolutions ultra 4:3: 14
clicking Image of 1st Resolutions ultra 4:3: 15
clicking Image of 1st Resolutions ultra 4:3: 16
clicking Image of 1st Resolutions ultra 4:3: 17
clicking Image of 1st Resolutions ultra 4:3: 18
clicking Image of 1st Resolutions ultra 4:3: 19
clicking Image of 1st Resolutions ultra 4:3: 20
clicking Image of 1st Resolutions ultra 4:3: 21
clicking Image of 1st Resolutions ultra 4:3: 22
clicking Image of 1st Resolutions ultra 4:3: 23
clicking Image of 1st Resolutions ultra 4:3: 24
clicking Image of 1st Resolutions ultra 4:3: 25
clicking Image of 1st Resolutions ultra 4:3: 26
clicking Image of 1st Resolutions ultra 4:3: 27
clicking Image of 1st Resolutions ultra 4:3: 28
clicking Image of 1st Resolutions ultra 4:3: 29
clicking Image of 1st Resolutions ultra 4:3: 30
clicking Image of 1st Resolutions ultra 4:3: 31
clicking Image of 1st Resolutions ultra 4:3: 32
clicking Image of 1st Resolutions ultra 4:3: 33
clicking Image of 1st Resolutions ultra 4:3: 34
clicking Image of 1st Resolutions ultra 4:3: 35
clicking Image of 1st Resolutions ultra 4:3: 36
clicking Image of 1st Resolutions ultra 4:3: 37
clicking Image of 1st Resolutions ultra 4:3: 38
clicking Image of 1st Resolutions ultra 4:3: 39
clicking Image of 1st Resolutions ultra 4:3: 40
clicking Image of 1st Resolutions ultra 4:3: 41
clicking Image of 1st Resolutions ultra 4:3: 42
clicking Image of 1st Resolutions ultra 4:3: 43
clicking Image of 1st Resolutions ultra 4:3: 44
clicking Image of 1st Resolutions ultra 4:3: 45
clicking Image of 1st Resolutions ultra 4:3: 46
clicking Image of 1st Resolutions ultra 4:3: 47
clicking Image of 1st Resolutions ultra 4:3: 48
clicking Image of 1st Resolutions ultra 4:3: 49
clicking Image of 1st Resolutions ultra 4:3: 50
clicking Image of 1st Resolutions ultra 4:3: 51
clicking Image of 1st Resolutions ultra 4:3: 52
clicking Image of 1st Resolutions ultra 4:3: 53
clicking Image of 1st Resolutions ultra 4:3: 54
clicking Image of 1st Resolutions ultra 4:3: 55
clicking Image of 1st Resolutions ultra 4:3: 56
clicking Image of 1st Resolutions ultra 4:3: 57
clicking Image of 1st Resolutions ultra 4:3: 58
clicking Image of 1st Resolutions ultra 4:3: 59
clicking Image of 1st Resolutions ultra 4:3: 60
clicking Image of 1st Resolutions ultra 4:3: 61
clicking Image of 1st Resolutions ultra 4:3: 62
clicking Image of 1st Resolutions ultra 4:3: 63
clicking Image of 1st Resolutions ultra 4:3: 64
clicking Image of 1st Resolutions ultra 4:3: 65
clicking Image of 1st Resolutions ultra 4:3: 66
clicking Image of 1st Resolutions ultra 4:3: 67
clicking Image of 1st Resolutions ultra 4:3: 68
clicking Image of 1st Resolutions ultra 4:3: 69
clicking Image of 1st Resolutions ultra 4:3: 70
clicking Image of 1st Resolutions ultra 4:3: 71
clicking Image of 1st Resolutions ultra 4:3: 72
clicking Image of 1st Resolutions ultra 4:3: 73
clicking Image of 1st Resolutions ultra 4:3: 74
Back camera first resolution:75 images Captured succesfull
Select settings
Select  picture size
Select 2nd Image Resoution: 1:1 
totalPictureCountRear1 = 75
clicking Image  Resolution 1:1: 0
clicking Image  Resolution 1:1: 1
clicking Image  Resolution 1:1: 2
clicking Image  Resolution 1:1: 3
clicking Image  Resolution 1:1: 4
clicking Image  Resolution 1:1: 5
clicking Image  Resolution 1:1: 6
clicking Image  Resolution 1:1: 7
clicking Image  Resolution 1:1: 8
clicking Image  Resolution 1:1: 9
clicking Image  Resolution 1:1: 10
clicking Image  Resolution 1:1: 11
clicking Image  Resolution 1:1: 12
clicking Image  Resolution 1:1: 13
clicking Image  Resolution 1:1: 14
clicking Image  Resolution 1:1: 15
clicking Image  Resolution 1:1: 16
clicking Image  Resolution 1:1: 17
clicking Image  Resolution 1:1: 18
clicking Image  Resolution 1:1: 19
clicking Image  Resolution 1:1: 20
clicking Image  Resolution 1:1: 21
clicking Image  Resolution 1:1: 22
clicking Image  Resolution 1:1: 23
clicking Image  Resolution 1:1: 24
clicking Image  Resolution 1:1: 25
clicking Image  Resolution 1:1: 26
clicking Image  Resolution 1:1: 27
clicking Image  Resolution 1:1: 28
clicking Image  Resolution 1:1: 29
clicking Image  Resolution 1:1: 30
clicking Image  Resolution 1:1: 31
clicking Image  Resolution 1:1: 32
clicking Image  Resolution 1:1: 33
clicking Image  Resolution 1:1: 34
clicking Image  Resolution 1:1: 35
clicking Image  Resolution 1:1: 36
clicking Image  Resolution 1:1: 37
clicking Image  Resolution 1:1: 38
clicking Image  Resolution 1:1: 39
clicking Image  Resolution 1:1: 40
clicking Image  Resolution 1:1: 41
clicking Image  Resolution 1:1: 42
clicking Image  Resolution 1:1: 43
clicking Image  Resolution 1:1: 44
clicking Image  Resolution 1:1: 45
clicking Image  Resolution 1:1: 46
clicking Image  Resolution 1:1: 47
clicking Image  Resolution 1:1: 48
clicking Image  Resolution 1:1: 49
clicking Image  Resolution 1:1: 50
clicking Image  Resolution 1:1: 51
clicking Image  Resolution 1:1: 52
clicking Image  Resolution 1:1: 53
clicking Image  Resolution 1:1: 54
clicking Image  Resolution 1:1: 55
clicking Image  Resolution 1:1: 56
clicking Image  Resolution 1:1: 57
clicking Image  Resolution 1:1: 58
clicking Image  Resolution 1:1: 59
clicking Image  Resolution 1:1: 60
clicking Image  Resolution 1:1: 61
clicking Image  Resolution 1:1: 62
clicking Image  Resolution 1:1: 63
clicking Image  Resolution 1:1: 64
clicking Image  Resolution 1:1: 65
clicking Image  Resolution 1:1: 66
clicking Image  Resolution 1:1: 67
clicking Image  Resolution 1:1: 68
clicking Image  Resolution 1:1: 69
clicking Image  Resolution 1:1: 70
clicking Image  Resolution 1:1: 71
clicking Image  Resolution 1:1: 72
clicking Image  Resolution 1:1: 73
clicking Image  Resolution 1:1: 74
Back camera second resolution:75 images Captured succesfull
Select settings
Select  picture size
Select third Image Resoution: 20:9 
totalPictureCountRear2 = 75
clicking Image of 3rd Resolutions 20:9: 0
clicking Image of 3rd Resolutions 20:9: 1
clicking Image of 3rd Resolutions 20:9: 2
clicking Image of 3rd Resolutions 20:9: 3
clicking Image of 3rd Resolutions 20:9: 4
clicking Image of 3rd Resolutions 20:9: 5
clicking Image of 3rd Resolutions 20:9: 6
clicking Image of 3rd Resolutions 20:9: 7
clicking Image of 3rd Resolutions 20:9: 8
clicking Image of 3rd Resolutions 20:9: 9
clicking Image of 3rd Resolutions 20:9: 10
clicking Image of 3rd Resolutions 20:9: 11
clicking Image of 3rd Resolutions 20:9: 12
clicking Image of 3rd Resolutions 20:9: 13
clicking Image of 3rd Resolutions 20:9: 14
clicking Image of 3rd Resolutions 20:9: 15
clicking Image of 3rd Resolutions 20:9: 16
clicking Image of 3rd Resolutions 20:9: 17
clicking Image of 3rd Resolutions 20:9: 18
clicking Image of 3rd Resolutions 20:9: 19
clicking Image of 3rd Resolutions 20:9: 20
clicking Image of 3rd Resolutions 20:9: 21
clicking Image of 3rd Resolutions 20:9: 22
clicking Image of 3rd Resolutions 20:9: 23
clicking Image of 3rd Resolutions 20:9: 24
clicking Image of 3rd Resolutions 20:9: 25
clicking Image of 3rd Resolutions 20:9: 26
clicking Image of 3rd Resolutions 20:9: 27
clicking Image of 3rd Resolutions 20:9: 28
clicking Image of 3rd Resolutions 20:9: 29
clicking Image of 3rd Resolutions 20:9: 30
clicking Image of 3rd Resolutions 20:9: 31
clicking Image of 3rd Resolutions 20:9: 32
clicking Image of 3rd Resolutions 20:9: 33
clicking Image of 3rd Resolutions 20:9: 34
clicking Image of 3rd Resolutions 20:9: 35
clicking Image of 3rd Resolutions 20:9: 36
clicking Image of 3rd Resolutions 20:9: 37
clicking Image of 3rd Resolutions 20:9: 38
clicking Image of 3rd Resolutions 20:9: 39
clicking Image of 3rd Resolutions 20:9: 40
clicking Image of 3rd Resolutions 20:9: 41
clicking Image of 3rd Resolutions 20:9: 42
clicking Image of 3rd Resolutions 20:9: 43
clicking Image of 3rd Resolutions 20:9: 44
clicking Image of 3rd Resolutions 20:9: 45
clicking Image of 3rd Resolutions 20:9: 46
clicking Image of 3rd Resolutions 20:9: 47
clicking Image of 3rd Resolutions 20:9: 48
clicking Image of 3rd Resolutions 20:9: 49
clicking Image of 3rd Resolutions 20:9: 50
clicking Image of 3rd Resolutions 20:9: 51
clicking Image of 3rd Resolutions 20:9: 52
clicking Image of 3rd Resolutions 20:9: 53
clicking Image of 3rd Resolutions 20:9: 54
clicking Image of 3rd Resolutions 20:9: 55
clicking Image of 3rd Resolutions 20:9: 56
clicking Image of 3rd Resolutions 20:9: 57
clicking Image of 3rd Resolutions 20:9: 58
clicking Image of 3rd Resolutions 20:9: 59
clicking Image of 3rd Resolutions 20:9: 60
clicking Image of 3rd Resolutions 20:9: 61
clicking Image of 3rd Resolutions 20:9: 62
clicking Image of 3rd Resolutions 20:9: 63
clicking Image of 3rd Resolutions 20:9: 64
clicking Image of 3rd Resolutions 20:9: 65
clicking Image of 3rd Resolutions 20:9: 66
clicking Image of 3rd Resolutions 20:9: 67
clicking Image of 3rd Resolutions 20:9: 68
clicking Image of 3rd Resolutions 20:9: 69
clicking Image of 3rd Resolutions 20:9: 70
clicking Image of 3rd Resolutions 20:9: 71
clicking Image of 3rd Resolutions 20:9: 72
clicking Image of 3rd Resolutions 20:9: 73
clicking Image of 3rd Resolutions 20:9: 74
Back camera third resolution:75 images Captured succesfull
Total Count value: 225 images to be Captured 
Launch file manager application and verify recorded video present in uSD Card
Swipe up to select uSD card
Select SD card
switch to grid view mode to select DCIM folder
Select DCIM Folder
Select camera folder
switch to list view mode
Click More options
Click select all
Total Image
Test9_Bcam_image: 225 selected images Captured succesfull
Actual Value:225 selected
Interger value:225
Tolerance_Level = 75

Pass: Test9 pass for rear Image capture
Test9 Bcam_image: 225  images Captured succesfull
===================================================================================================================================================================================================================================================================================================================================================================================================================================================================================================================================================================================================================================================================================================================================
calling DataMoveOperation()
Re-launch file manager application and select external storage for data move operation, select all rear camera images files present in camera folder and move to Test9 folder
Select external storage
switch to grid view mode and select DCIM folder
Select DCIM folder
Select camera folder
switch to list view mode
Click More options
Click select all
Click More options
select move to option
select uSD Card
Select ADD NEW Folder option
Name folder as Test9
Accept create folder
Cut paste  operation completed successfully
Test9: Data move operation completed successfully
Pass: Test9 Pass for data move operation successfully
===================================================================================================================================================================================================================================================================================================================================================================================================================================================================================================================================================================================================================================================================================================================================
Final message: Pass Test9 Pass for Rear camera image capture  successfully
Test: End
===================================================================================================================================================================================================================================================================================================================================================================================================================================================================================================================================================================================================================================================================================================================================
]]></system-out>
    <system-err><![CDATA[2023-01-09 20:18:27 INFO   io.appium.java_client.remote.AppiumCommandExecutor$1 lambda$0 Detected dialect: W3C
2023-01-09 20:18:42 INFO   io.appium.java_client.remote.AppiumCommandExecutor$1 lambda$0 Detected dialect: W3C
org.openqa.selenium.NoSuchElementException: An element could not be located on the page using the given search parameters.
For documentation on this error, please visit: https://www.seleniumhq.org/exceptions/no_such_element.html
Build info: version: '3.141.59', revision: 'e82be7d358', time: '2018-11-14T08:17:03'
System info: host: 'SD-APPS-200', ip: '10.65.150.243', os.name: 'Windows 10', os.arch: 'amd64', os.version: '10.0', java.version: '1.8.0_202'
Driver info: io.appium.java_client.android.AndroidDriver
Capabilities {automationName: UiAutomator2, databaseEnabled: false, desired: {automationName: UiAutomator2, deviceName: Infinix HOT 12 PRO, newCommandTimeout: 600, platformName: android, platformVersion: 12, udid: 08574312A1013436}, deviceApiLevel: 31, deviceManufacturer: INFINIX, deviceModel: Infinix X668, deviceName: 08574312A1013436, deviceScreenDensity: 320, deviceScreenSize: 720x1612, deviceUDID: 08574312A1013436, javascriptEnabled: true, locationContextEnabled: false, networkConnectionEnabled: true, newCommandTimeout: 600, pixelRatio: 2, platform: LINUX, platformName: Android, platformVersion: 12, statBarHeight: 72, takesScreenshot: true, udid: 08574312A1013436, viewportRect: {height: 1372, left: 0, top: 72, width: 720}, warnings: {}, webStorageEnabled: false}
Session ID: ac00f81d-15b8-44f7-aa6d-39a9786e9df3
*** Element info: {Using=xpath, value=//*[@text='While using the app']}
	at sun.reflect.GeneratedConstructorAccessor15.newInstance(Unknown Source)
	at sun.reflect.DelegatingConstructorAccessorImpl.newInstance(DelegatingConstructorAccessorImpl.java:45)
	at java.lang.reflect.Constructor.newInstance(Constructor.java:423)
	at org.openqa.selenium.remote.http.W3CHttpResponseCodec.createException(W3CHttpResponseCodec.java:187)
	at org.openqa.selenium.remote.http.W3CHttpResponseCodec.decode(W3CHttpResponseCodec.java:122)
	at org.openqa.selenium.remote.http.W3CHttpResponseCodec.decode(W3CHttpResponseCodec.java:49)
	at org.openqa.selenium.remote.HttpCommandExecutor.execute(HttpCommandExecutor.java:158)
	at io.appium.java_client.remote.AppiumCommandExecutor.execute(AppiumCommandExecutor.java:239)
	at org.openqa.selenium.remote.RemoteWebDriver.execute(RemoteWebDriver.java:552)
	at io.appium.java_client.DefaultGenericMobileDriver.execute(DefaultGenericMobileDriver.java:42)
	at io.appium.java_client.AppiumDriver.execute(AppiumDriver.java:1)
	at io.appium.java_client.android.AndroidDriver.execute(AndroidDriver.java:1)
	at org.openqa.selenium.remote.RemoteWebDriver.findElement(RemoteWebDriver.java:323)
	at io.appium.java_client.DefaultGenericMobileDriver.findElement(DefaultGenericMobileDriver.java:62)
	at io.appium.java_client.AppiumDriver.findElement(AppiumDriver.java:1)
	at io.appium.java_client.android.AndroidDriver.findElement(AndroidDriver.java:1)
	at org.openqa.selenium.remote.RemoteWebDriver.findElementByXPath(RemoteWebDriver.java:428)
	at io.appium.java_client.DefaultGenericMobileDriver.findElementByXPath(DefaultGenericMobileDriver.java:152)
	at io.appium.java_client.AppiumDriver.findElementByXPath(AppiumDriver.java:1)
	at io.appium.java_client.android.AndroidDriver.findElementByXPath(AndroidDriver.java:1)
	at org.openqa.selenium.By$ByXPath.findElement(By.java:353)
	at org.openqa.selenium.remote.RemoteWebDriver.findElement(RemoteWebDriver.java:315)
	at io.appium.java_client.DefaultGenericMobileDriver.findElement(DefaultGenericMobileDriver.java:58)
	at io.appium.java_client.AppiumDriver.findElement(AppiumDriver.java:1)
	at io.appium.java_client.android.AndroidDriver.findElement(AndroidDriver.java:1)
	at Infinix_Hot_12Pro_X668.Test9.RearPictureCapture(Test9.java:99)
	at sun.reflect.NativeMethodAccessorImpl.invoke0(Native Method)
	at sun.reflect.NativeMethodAccessorImpl.invoke(NativeMethodAccessorImpl.java:62)
	at sun.reflect.DelegatingMethodAccessorImpl.invoke(DelegatingMethodAccessorImpl.java:43)
	at java.lang.reflect.Method.invoke(Method.java:498)
	at org.testng.internal.MethodInvocationHelper.invokeMethod(MethodInvocationHelper.java:80)
	at org.testng.internal.Invoker.invokeMethod(Invoker.java:673)
	at org.testng.internal.Invoker.invokeTestMethod(Invoker.java:842)
	at org.testng.internal.Invoker.invokeTestMethods(Invoker.java:1166)
	at org.testng.internal.TestMethodWorker.invokeTestMethods(TestMethodWorker.java:125)
	at org.testng.internal.TestMethodWorker.run(TestMethodWorker.java:109)
	at org.testng.TestRunner.runWorkers(TestRunner.java:1178)
	at org.testng.TestRunner.privateRun(TestRunner.java:757)
	at org.testng.TestRunner.run(TestRunner.java:608)
	at org.testng.SuiteRunner.runTest(SuiteRunner.java:334)
	at org.testng.SuiteRunner.runSequentially(SuiteRunner.java:329)
	at org.testng.SuiteRunner.privateRun(SuiteRunner.java:291)
	at org.testng.SuiteRunner.run(SuiteRunner.java:240)
	at org.testng.SuiteRunnerWorker.runSuite(SuiteRunnerWorker.java:52)
	at org.testng.SuiteRunnerWorker.run(SuiteRunnerWorker.java:86)
	at org.testng.TestNG.runSuitesSequentially(TestNG.java:1158)
	at org.testng.TestNG.runSuitesSequentially(TestNG.java:1154)
	at org.testng.TestNG.runSuitesLocally(TestNG.java:1083)
	at org.testng.TestNG.run(TestNG.java:999)
	at org.apache.maven.surefire.testng.TestNGExecutor.run(TestNGExecutor.java:284)
	at org.apache.maven.surefire.testng.TestNGXmlTestSuite.execute(TestNGXmlTestSuite.java:75)
	at org.apache.maven.surefire.testng.TestNGProvider.invoke(TestNGProvider.java:119)
	at org.apache.maven.surefire.booter.ForkedBooter.runSuitesInProcess(ForkedBooter.java:428)
	at org.apache.maven.surefire.booter.ForkedBooter.execute(ForkedBooter.java:162)
	at org.apache.maven.surefire.booter.ForkedBooter.run(ForkedBooter.java:562)
	at org.apache.maven.surefire.booter.ForkedBooter.main(ForkedBooter.java:548)
org.openqa.selenium.NoSuchElementException: An element could not be located on the page using the given search parameters.
For documentation on this error, please visit: https://www.seleniumhq.org/exceptions/no_such_element.html
Build info: version: '3.141.59', revision: 'e82be7d358', time: '2018-11-14T08:17:03'
System info: host: 'SD-APPS-200', ip: '10.65.150.243', os.name: 'Windows 10', os.arch: 'amd64', os.version: '10.0', java.version: '1.8.0_202'
Driver info: io.appium.java_client.android.AndroidDriver
Capabilities {automationName: UiAutomator2, databaseEnabled: false, desired: {automationName: UiAutomator2, deviceName: Infinix HOT 12 PRO, newCommandTimeout: 600, platformName: android, platformVersion: 12, udid: 08574312A1013436}, deviceApiLevel: 31, deviceManufacturer: INFINIX, deviceModel: Infinix X668, deviceName: 08574312A1013436, deviceScreenDensity: 320, deviceScreenSize: 720x1612, deviceUDID: 08574312A1013436, javascriptEnabled: true, locationContextEnabled: false, networkConnectionEnabled: true, newCommandTimeout: 600, pixelRatio: 2, platform: LINUX, platformName: Android, platformVersion: 12, statBarHeight: 72, takesScreenshot: true, udid: 08574312A1013436, viewportRect: {height: 1372, left: 0, top: 72, width: 720}, warnings: {}, webStorageEnabled: false}
Session ID: ac00f81d-15b8-44f7-aa6d-39a9786e9df3
*** Element info: {Using=xpath, value=//*[@text='DCIM']}
	at sun.reflect.GeneratedConstructorAccessor15.newInstance(Unknown Source)
	at sun.reflect.DelegatingConstructorAccessorImpl.newInstance(DelegatingConstructorAccessorImpl.java:45)
	at java.lang.reflect.Constructor.newInstance(Constructor.java:423)
	at org.openqa.selenium.remote.http.W3CHttpResponseCodec.createException(W3CHttpResponseCodec.java:187)
	at org.openqa.selenium.remote.http.W3CHttpResponseCodec.decode(W3CHttpResponseCodec.java:122)
	at org.openqa.selenium.remote.http.W3CHttpResponseCodec.decode(W3CHttpResponseCodec.java:49)
	at org.openqa.selenium.remote.HttpCommandExecutor.execute(HttpCommandExecutor.java:158)
	at io.appium.java_client.remote.AppiumCommandExecutor.execute(AppiumCommandExecutor.java:239)
	at org.openqa.selenium.remote.RemoteWebDriver.execute(RemoteWebDriver.java:552)
	at io.appium.java_client.DefaultGenericMobileDriver.execute(DefaultGenericMobileDriver.java:42)
	at io.appium.java_client.AppiumDriver.execute(AppiumDriver.java:1)
	at io.appium.java_client.android.AndroidDriver.execute(AndroidDriver.java:1)
	at org.openqa.selenium.remote.RemoteWebDriver.findElement(RemoteWebDriver.java:323)
	at io.appium.java_client.DefaultGenericMobileDriver.findElement(DefaultGenericMobileDriver.java:62)
	at io.appium.java_client.AppiumDriver.findElement(AppiumDriver.java:1)
	at io.appium.java_client.android.AndroidDriver.findElement(AndroidDriver.java:1)
	at org.openqa.selenium.remote.RemoteWebDriver.findElementByXPath(RemoteWebDriver.java:428)
	at io.appium.java_client.DefaultGenericMobileDriver.findElementByXPath(DefaultGenericMobileDriver.java:152)
	at io.appium.java_client.AppiumDriver.findElementByXPath(AppiumDriver.java:1)
	at io.appium.java_client.android.AndroidDriver.findElementByXPath(AndroidDriver.java:1)
	at org.openqa.selenium.By$ByXPath.findElement(By.java:353)
	at org.openqa.selenium.remote.RemoteWebDriver.findElement(RemoteWebDriver.java:315)
	at io.appium.java_client.DefaultGenericMobileDriver.findElement(DefaultGenericMobileDriver.java:58)
	at io.appium.java_client.AppiumDriver.findElement(AppiumDriver.java:1)
	at io.appium.java_client.android.AndroidDriver.findElement(AndroidDriver.java:1)
	at Infinix_Hot_12Pro_X668.Test9.RearPictureCapture(Test9.java:146)
	at sun.reflect.NativeMethodAccessorImpl.invoke0(Native Method)
	at sun.reflect.NativeMethodAccessorImpl.invoke(NativeMethodAccessorImpl.java:62)
	at sun.reflect.DelegatingMethodAccessorImpl.invoke(DelegatingMethodAccessorImpl.java:43)
	at java.lang.reflect.Method.invoke(Method.java:498)
	at org.testng.internal.MethodInvocationHelper.invokeMethod(MethodInvocationHelper.java:80)
	at org.testng.internal.Invoker.invokeMethod(Invoker.java:673)
	at org.testng.internal.Invoker.invokeTestMethod(Invoker.java:842)
	at org.testng.internal.Invoker.invokeTestMethods(Invoker.java:1166)
	at org.testng.internal.TestMethodWorker.invokeTestMethods(TestMethodWorker.java:125)
	at org.testng.internal.TestMethodWorker.run(TestMethodWorker.java:109)
	at org.testng.TestRunner.runWorkers(TestRunner.java:1178)
	at org.testng.TestRunner.privateRun(TestRunner.java:757)
	at org.testng.TestRunner.run(TestRunner.java:608)
	at org.testng.SuiteRunner.runTest(SuiteRunner.java:334)
	at org.testng.SuiteRunner.runSequentially(SuiteRunner.java:329)
	at org.testng.SuiteRunner.privateRun(SuiteRunner.java:291)
	at org.testng.SuiteRunner.run(SuiteRunner.java:240)
	at org.testng.SuiteRunnerWorker.runSuite(SuiteRunnerWorker.java:52)
	at org.testng.SuiteRunnerWorker.run(SuiteRunnerWorker.java:86)
	at org.testng.TestNG.runSuitesSequentially(TestNG.java:1158)
	at org.testng.TestNG.runSuitesSequentially(TestNG.java:1154)
	at org.testng.TestNG.runSuitesLocally(TestNG.java:1083)
	at org.testng.TestNG.run(TestNG.java:999)
	at org.apache.maven.surefire.testng.TestNGExecutor.run(TestNGExecutor.java:284)
	at org.apache.maven.surefire.testng.TestNGXmlTestSuite.execute(TestNGXmlTestSuite.java:75)
	at org.apache.maven.surefire.testng.TestNGProvider.invoke(TestNGProvider.java:119)
	at org.apache.maven.surefire.booter.ForkedBooter.runSuitesInProcess(ForkedBooter.java:428)
	at org.apache.maven.surefire.booter.ForkedBooter.execute(ForkedBooter.java:162)
	at org.apache.maven.surefire.booter.ForkedBooter.run(ForkedBooter.java:562)
	at org.apache.maven.surefire.booter.ForkedBooter.main(ForkedBooter.java:548)
org.openqa.selenium.NoSuchElementException: An element could not be located on the page using the given search parameters.
For documentation on this error, please visit: https://www.seleniumhq.org/exceptions/no_such_element.html
Build info: version: '3.141.59', revision: 'e82be7d358', time: '2018-11-14T08:17:03'
System info: host: 'SD-APPS-200', ip: '10.65.150.243', os.name: 'Windows 10', os.arch: 'amd64', os.version: '10.0', java.version: '1.8.0_202'
Driver info: io.appium.java_client.android.AndroidDriver
Capabilities {automationName: UiAutomator2, databaseEnabled: false, desired: {automationName: UiAutomator2, deviceName: Infinix HOT 12 PRO, newCommandTimeout: 600, platformName: android, platformVersion: 12, udid: 08574312A1013436}, deviceApiLevel: 31, deviceManufacturer: INFINIX, deviceModel: Infinix X668, deviceName: 08574312A1013436, deviceScreenDensity: 320, deviceScreenSize: 720x1612, deviceUDID: 08574312A1013436, javascriptEnabled: true, locationContextEnabled: false, networkConnectionEnabled: true, newCommandTimeout: 600, pixelRatio: 2, platform: LINUX, platformName: Android, platformVersion: 12, statBarHeight: 72, takesScreenshot: true, udid: 08574312A1013436, viewportRect: {height: 1372, left: 0, top: 72, width: 720}, warnings: {}, webStorageEnabled: false}
Session ID: ac00f81d-15b8-44f7-aa6d-39a9786e9df3
*** Element info: {Using=xpath, value=//*[@text='USE THIS FOLDER']}
	at sun.reflect.GeneratedConstructorAccessor15.newInstance(Unknown Source)
	at sun.reflect.DelegatingConstructorAccessorImpl.newInstance(DelegatingConstructorAccessorImpl.java:45)
	at java.lang.reflect.Constructor.newInstance(Constructor.java:423)
	at org.openqa.selenium.remote.http.W3CHttpResponseCodec.createException(W3CHttpResponseCodec.java:187)
	at org.openqa.selenium.remote.http.W3CHttpResponseCodec.decode(W3CHttpResponseCodec.java:122)
	at org.openqa.selenium.remote.http.W3CHttpResponseCodec.decode(W3CHttpResponseCodec.java:49)
	at org.openqa.selenium.remote.HttpCommandExecutor.execute(HttpCommandExecutor.java:158)
	at io.appium.java_client.remote.AppiumCommandExecutor.execute(AppiumCommandExecutor.java:239)
	at org.openqa.selenium.remote.RemoteWebDriver.execute(RemoteWebDriver.java:552)
	at io.appium.java_client.DefaultGenericMobileDriver.execute(DefaultGenericMobileDriver.java:42)
	at io.appium.java_client.AppiumDriver.execute(AppiumDriver.java:1)
	at io.appium.java_client.android.AndroidDriver.execute(AndroidDriver.java:1)
	at org.openqa.selenium.remote.RemoteWebDriver.findElement(RemoteWebDriver.java:323)
	at io.appium.java_client.DefaultGenericMobileDriver.findElement(DefaultGenericMobileDriver.java:62)
	at io.appium.java_client.AppiumDriver.findElement(AppiumDriver.java:1)
	at io.appium.java_client.android.AndroidDriver.findElement(AndroidDriver.java:1)
	at org.openqa.selenium.remote.RemoteWebDriver.findElementByXPath(RemoteWebDriver.java:428)
	at io.appium.java_client.DefaultGenericMobileDriver.findElementByXPath(DefaultGenericMobileDriver.java:152)
	at io.appium.java_client.AppiumDriver.findElementByXPath(AppiumDriver.java:1)
	at io.appium.java_client.android.AndroidDriver.findElementByXPath(AndroidDriver.java:1)
	at org.openqa.selenium.By$ByXPath.findElement(By.java:353)
	at org.openqa.selenium.remote.RemoteWebDriver.findElement(RemoteWebDriver.java:315)
	at io.appium.java_client.DefaultGenericMobileDriver.findElement(DefaultGenericMobileDriver.java:58)
	at io.appium.java_client.AppiumDriver.findElement(AppiumDriver.java:1)
	at io.appium.java_client.android.AndroidDriver.findElement(AndroidDriver.java:1)
	at Infinix_Hot_12Pro_X668.Test9.RearPictureCapture(Test9.java:158)
	at sun.reflect.NativeMethodAccessorImpl.invoke0(Native Method)
	at sun.reflect.NativeMethodAccessorImpl.invoke(NativeMethodAccessorImpl.java:62)
	at sun.reflect.DelegatingMethodAccessorImpl.invoke(DelegatingMethodAccessorImpl.java:43)
	at java.lang.reflect.Method.invoke(Method.java:498)
	at org.testng.internal.MethodInvocationHelper.invokeMethod(MethodInvocationHelper.java:80)
	at org.testng.internal.Invoker.invokeMethod(Invoker.java:673)
	at org.testng.internal.Invoker.invokeTestMethod(Invoker.java:842)
	at org.testng.internal.Invoker.invokeTestMethods(Invoker.java:1166)
	at org.testng.internal.TestMethodWorker.invokeTestMethods(TestMethodWorker.java:125)
	at org.testng.internal.TestMethodWorker.run(TestMethodWorker.java:109)
	at org.testng.TestRunner.runWorkers(TestRunner.java:1178)
	at org.testng.TestRunner.privateRun(TestRunner.java:757)
	at org.testng.TestRunner.run(TestRunner.java:608)
	at org.testng.SuiteRunner.runTest(SuiteRunner.java:334)
	at org.testng.SuiteRunner.runSequentially(SuiteRunner.java:329)
	at org.testng.SuiteRunner.privateRun(SuiteRunner.java:291)
	at org.testng.SuiteRunner.run(SuiteRunner.java:240)
	at org.testng.SuiteRunnerWorker.runSuite(SuiteRunnerWorker.java:52)
	at org.testng.SuiteRunnerWorker.run(SuiteRunnerWorker.java:86)
	at org.testng.TestNG.runSuitesSequentially(TestNG.java:1158)
	at org.testng.TestNG.runSuitesSequentially(TestNG.java:1154)
	at org.testng.TestNG.runSuitesLocally(TestNG.java:1083)
	at org.testng.TestNG.run(TestNG.java:999)
	at org.apache.maven.surefire.testng.TestNGExecutor.run(TestNGExecutor.java:284)
	at org.apache.maven.surefire.testng.TestNGXmlTestSuite.execute(TestNGXmlTestSuite.java:75)
	at org.apache.maven.surefire.testng.TestNGProvider.invoke(TestNGProvider.java:119)
	at org.apache.maven.surefire.booter.ForkedBooter.runSuitesInProcess(ForkedBooter.java:428)
	at org.apache.maven.surefire.booter.ForkedBooter.execute(ForkedBooter.java:162)
	at org.apache.maven.surefire.booter.ForkedBooter.run(ForkedBooter.java:562)
	at org.apache.maven.surefire.booter.ForkedBooter.main(ForkedBooter.java:548)
org.openqa.selenium.NoSuchElementException: An element could not be located on the page using the given search parameters.
For documentation on this error, please visit: https://www.seleniumhq.org/exceptions/no_such_element.html
Build info: version: '3.141.59', revision: 'e82be7d358', time: '2018-11-14T08:17:03'
System info: host: 'SD-APPS-200', ip: '10.65.150.243', os.name: 'Windows 10', os.arch: 'amd64', os.version: '10.0', java.version: '1.8.0_202'
Driver info: io.appium.java_client.android.AndroidDriver
Capabilities {automationName: UiAutomator2, databaseEnabled: false, desired: {automationName: UiAutomator2, deviceName: Infinix HOT 12 PRO, newCommandTimeout: 600, platformName: android, platformVersion: 12, udid: 08574312A1013436}, deviceApiLevel: 31, deviceManufacturer: INFINIX, deviceModel: Infinix X668, deviceName: 08574312A1013436, deviceScreenDensity: 320, deviceScreenSize: 720x1612, deviceUDID: 08574312A1013436, javascriptEnabled: true, locationContextEnabled: false, networkConnectionEnabled: true, newCommandTimeout: 600, pixelRatio: 2, platform: LINUX, platformName: Android, platformVersion: 12, statBarHeight: 72, takesScreenshot: true, udid: 08574312A1013436, viewportRect: {height: 1372, left: 0, top: 72, width: 720}, warnings: {}, webStorageEnabled: false}
Session ID: ac00f81d-15b8-44f7-aa6d-39a9786e9df3
*** Element info: {Using=xpath, value=//*[@resource-id='com.google.android.apps.nbu.files:id/agree_button']}
	at sun.reflect.GeneratedConstructorAccessor15.newInstance(Unknown Source)
	at sun.reflect.DelegatingConstructorAccessorImpl.newInstance(DelegatingConstructorAccessorImpl.java:45)
	at java.lang.reflect.Constructor.newInstance(Constructor.java:423)
	at org.openqa.selenium.remote.http.W3CHttpResponseCodec.createException(W3CHttpResponseCodec.java:187)
	at org.openqa.selenium.remote.http.W3CHttpResponseCodec.decode(W3CHttpResponseCodec.java:122)
	at org.openqa.selenium.remote.http.W3CHttpResponseCodec.decode(W3CHttpResponseCodec.java:49)
	at org.openqa.selenium.remote.HttpCommandExecutor.execute(HttpCommandExecutor.java:158)
	at io.appium.java_client.remote.AppiumCommandExecutor.execute(AppiumCommandExecutor.java:239)
	at org.openqa.selenium.remote.RemoteWebDriver.execute(RemoteWebDriver.java:552)
	at io.appium.java_client.DefaultGenericMobileDriver.execute(DefaultGenericMobileDriver.java:42)
	at io.appium.java_client.AppiumDriver.execute(AppiumDriver.java:1)
	at io.appium.java_client.android.AndroidDriver.execute(AndroidDriver.java:1)
	at org.openqa.selenium.remote.RemoteWebDriver.findElement(RemoteWebDriver.java:323)
	at io.appium.java_client.DefaultGenericMobileDriver.findElement(DefaultGenericMobileDriver.java:62)
	at io.appium.java_client.AppiumDriver.findElement(AppiumDriver.java:1)
	at io.appium.java_client.android.AndroidDriver.findElement(AndroidDriver.java:1)
	at org.openqa.selenium.remote.RemoteWebDriver.findElementByXPath(RemoteWebDriver.java:428)
	at io.appium.java_client.DefaultGenericMobileDriver.findElementByXPath(DefaultGenericMobileDriver.java:152)
	at io.appium.java_client.AppiumDriver.findElementByXPath(AppiumDriver.java:1)
	at io.appium.java_client.android.AndroidDriver.findElementByXPath(AndroidDriver.java:1)
	at org.openqa.selenium.By$ByXPath.findElement(By.java:353)
	at org.openqa.selenium.remote.RemoteWebDriver.findElement(RemoteWebDriver.java:315)
	at io.appium.java_client.DefaultGenericMobileDriver.findElement(DefaultGenericMobileDriver.java:58)
	at io.appium.java_client.AppiumDriver.findElement(AppiumDriver.java:1)
	at io.appium.java_client.android.AndroidDriver.findElement(AndroidDriver.java:1)
	at Infinix_Hot_12Pro_X668.Test9.RearPictureCapture(Test9.java:308)
	at sun.reflect.NativeMethodAccessorImpl.invoke0(Native Method)
	at sun.reflect.NativeMethodAccessorImpl.invoke(NativeMethodAccessorImpl.java:62)
	at sun.reflect.DelegatingMethodAccessorImpl.invoke(DelegatingMethodAccessorImpl.java:43)
	at java.lang.reflect.Method.invoke(Method.java:498)
	at org.testng.internal.MethodInvocationHelper.invokeMethod(MethodInvocationHelper.java:80)
	at org.testng.internal.Invoker.invokeMethod(Invoker.java:673)
	at org.testng.internal.Invoker.invokeTestMethod(Invoker.java:842)
	at org.testng.internal.Invoker.invokeTestMethods(Invoker.java:1166)
	at org.testng.internal.TestMethodWorker.invokeTestMethods(TestMethodWorker.java:125)
	at org.testng.internal.TestMethodWorker.run(TestMethodWorker.java:109)
	at org.testng.TestRunner.runWorkers(TestRunner.java:1178)
	at org.testng.TestRunner.privateRun(TestRunner.java:757)
	at org.testng.TestRunner.run(TestRunner.java:608)
	at org.testng.SuiteRunner.runTest(SuiteRunner.java:334)
	at org.testng.SuiteRunner.runSequentially(SuiteRunner.java:329)
	at org.testng.SuiteRunner.privateRun(SuiteRunner.java:291)
	at org.testng.SuiteRunner.run(SuiteRunner.java:240)
	at org.testng.SuiteRunnerWorker.runSuite(SuiteRunnerWorker.java:52)
	at org.testng.SuiteRunnerWorker.run(SuiteRunnerWorker.java:86)
	at org.testng.TestNG.runSuitesSequentially(TestNG.java:1158)
	at org.testng.TestNG.runSuitesSequentially(TestNG.java:1154)
	at org.testng.TestNG.runSuitesLocally(TestNG.java:1083)
	at org.testng.TestNG.run(TestNG.java:999)
	at org.apache.maven.surefire.testng.TestNGExecutor.run(TestNGExecutor.java:284)
	at org.apache.maven.surefire.testng.TestNGXmlTestSuite.execute(TestNGXmlTestSuite.java:75)
	at org.apache.maven.surefire.testng.TestNGProvider.invoke(TestNGProvider.java:119)
	at org.apache.maven.surefire.booter.ForkedBooter.runSuitesInProcess(ForkedBooter.java:428)
	at org.apache.maven.surefire.booter.ForkedBooter.execute(ForkedBooter.java:162)
	at org.apache.maven.surefire.booter.ForkedBooter.run(ForkedBooter.java:562)
	at org.apache.maven.surefire.booter.ForkedBooter.main(ForkedBooter.java:548)
]]></system-err>
  </testcase>
  <testcase name="FrontPictureCapture" classname="Infinix_Hot_12Pro_X668.Test9F" time="1,339.167">
    <system-out><![CDATA[===================================================================================================================================================================================================================================================================================================================================================================================================================================================================================================================================================================================================================================================================================================================================
Test9F Scenario is as follows:
Launch camera application, set uSD as a Storage option, start Front camera image picture capture for all Host front resolutions
Setting up the appium desired capabilities
===================================================================================================================================================================================================================================================================================================================================================================================================================================================================================================================================================================================================================================================================================================================================
Launch Camera Application for Front camera picture Capture for all Host resolutions
Select camera permissions
Select While using the app
Select deny option
Select settings option
Search for Storage path option
Select SD as storage option
Select DCIM
Select storage option
Select USE THIS FOLDER
Test9F_Fcam_res: 3 resolutions supported
Click On front camera mode
Select settings
Select  picture size
Select first Image Resoution: 4:3 
totalPictureCountFront = 75
clicking Image of 1st Resolutions4:3 : 0
clicking Image of 1st Resolutions4:3 : 1
clicking Image of 1st Resolutions4:3 : 2
clicking Image of 1st Resolutions4:3 : 3
clicking Image of 1st Resolutions4:3 : 4
clicking Image of 1st Resolutions4:3 : 5
clicking Image of 1st Resolutions4:3 : 6
clicking Image of 1st Resolutions4:3 : 7
clicking Image of 1st Resolutions4:3 : 8
clicking Image of 1st Resolutions4:3 : 9
clicking Image of 1st Resolutions4:3 : 10
clicking Image of 1st Resolutions4:3 : 11
clicking Image of 1st Resolutions4:3 : 12
clicking Image of 1st Resolutions4:3 : 13
clicking Image of 1st Resolutions4:3 : 14
clicking Image of 1st Resolutions4:3 : 15
clicking Image of 1st Resolutions4:3 : 16
clicking Image of 1st Resolutions4:3 : 17
clicking Image of 1st Resolutions4:3 : 18
clicking Image of 1st Resolutions4:3 : 19
clicking Image of 1st Resolutions4:3 : 20
clicking Image of 1st Resolutions4:3 : 21
clicking Image of 1st Resolutions4:3 : 22
clicking Image of 1st Resolutions4:3 : 23
clicking Image of 1st Resolutions4:3 : 24
clicking Image of 1st Resolutions4:3 : 25
clicking Image of 1st Resolutions4:3 : 26
clicking Image of 1st Resolutions4:3 : 27
clicking Image of 1st Resolutions4:3 : 28
clicking Image of 1st Resolutions4:3 : 29
clicking Image of 1st Resolutions4:3 : 30
clicking Image of 1st Resolutions4:3 : 31
clicking Image of 1st Resolutions4:3 : 32
clicking Image of 1st Resolutions4:3 : 33
clicking Image of 1st Resolutions4:3 : 34
clicking Image of 1st Resolutions4:3 : 35
clicking Image of 1st Resolutions4:3 : 36
clicking Image of 1st Resolutions4:3 : 37
clicking Image of 1st Resolutions4:3 : 38
clicking Image of 1st Resolutions4:3 : 39
clicking Image of 1st Resolutions4:3 : 40
clicking Image of 1st Resolutions4:3 : 41
clicking Image of 1st Resolutions4:3 : 42
clicking Image of 1st Resolutions4:3 : 43
clicking Image of 1st Resolutions4:3 : 44
clicking Image of 1st Resolutions4:3 : 45
clicking Image of 1st Resolutions4:3 : 46
clicking Image of 1st Resolutions4:3 : 47
clicking Image of 1st Resolutions4:3 : 48
clicking Image of 1st Resolutions4:3 : 49
clicking Image of 1st Resolutions4:3 : 50
clicking Image of 1st Resolutions4:3 : 51
clicking Image of 1st Resolutions4:3 : 52
clicking Image of 1st Resolutions4:3 : 53
clicking Image of 1st Resolutions4:3 : 54
clicking Image of 1st Resolutions4:3 : 55
clicking Image of 1st Resolutions4:3 : 56
clicking Image of 1st Resolutions4:3 : 57
clicking Image of 1st Resolutions4:3 : 58
clicking Image of 1st Resolutions4:3 : 59
clicking Image of 1st Resolutions4:3 : 60
clicking Image of 1st Resolutions4:3 : 61
clicking Image of 1st Resolutions4:3 : 62
clicking Image of 1st Resolutions4:3 : 63
clicking Image of 1st Resolutions4:3 : 64
clicking Image of 1st Resolutions4:3 : 65
clicking Image of 1st Resolutions4:3 : 66
clicking Image of 1st Resolutions4:3 : 67
clicking Image of 1st Resolutions4:3 : 68
clicking Image of 1st Resolutions4:3 : 69
clicking Image of 1st Resolutions4:3 : 70
clicking Image of 1st Resolutions4:3 : 71
clicking Image of 1st Resolutions4:3 : 72
clicking Image of 1st Resolutions4:3 : 73
clicking Image of 1st Resolutions4:3 : 74
front camera first resolution:75 images Captured succesfull
Select settings
Select  picture size
Select second Image Resoution: 1:!
totalPictureCountFront1 = 75
clicking Image of 2nd Resolutions 1:1 : 0
clicking Image of 2nd Resolutions 1:1 : 1
clicking Image of 2nd Resolutions 1:1 : 2
clicking Image of 2nd Resolutions 1:1 : 3
clicking Image of 2nd Resolutions 1:1 : 4
clicking Image of 2nd Resolutions 1:1 : 5
clicking Image of 2nd Resolutions 1:1 : 6
clicking Image of 2nd Resolutions 1:1 : 7
clicking Image of 2nd Resolutions 1:1 : 8
clicking Image of 2nd Resolutions 1:1 : 9
clicking Image of 2nd Resolutions 1:1 : 10
clicking Image of 2nd Resolutions 1:1 : 11
clicking Image of 2nd Resolutions 1:1 : 12
clicking Image of 2nd Resolutions 1:1 : 13
clicking Image of 2nd Resolutions 1:1 : 14
clicking Image of 2nd Resolutions 1:1 : 15
clicking Image of 2nd Resolutions 1:1 : 16
clicking Image of 2nd Resolutions 1:1 : 17
clicking Image of 2nd Resolutions 1:1 : 18
clicking Image of 2nd Resolutions 1:1 : 19
clicking Image of 2nd Resolutions 1:1 : 20
clicking Image of 2nd Resolutions 1:1 : 21
clicking Image of 2nd Resolutions 1:1 : 22
clicking Image of 2nd Resolutions 1:1 : 23
clicking Image of 2nd Resolutions 1:1 : 24
clicking Image of 2nd Resolutions 1:1 : 25
clicking Image of 2nd Resolutions 1:1 : 26
clicking Image of 2nd Resolutions 1:1 : 27
clicking Image of 2nd Resolutions 1:1 : 28
clicking Image of 2nd Resolutions 1:1 : 29
clicking Image of 2nd Resolutions 1:1 : 30
clicking Image of 2nd Resolutions 1:1 : 31
clicking Image of 2nd Resolutions 1:1 : 32
clicking Image of 2nd Resolutions 1:1 : 33
clicking Image of 2nd Resolutions 1:1 : 34
clicking Image of 2nd Resolutions 1:1 : 35
clicking Image of 2nd Resolutions 1:1 : 36
clicking Image of 2nd Resolutions 1:1 : 37
clicking Image of 2nd Resolutions 1:1 : 38
clicking Image of 2nd Resolutions 1:1 : 39
clicking Image of 2nd Resolutions 1:1 : 40
clicking Image of 2nd Resolutions 1:1 : 41
clicking Image of 2nd Resolutions 1:1 : 42
clicking Image of 2nd Resolutions 1:1 : 43
clicking Image of 2nd Resolutions 1:1 : 44
clicking Image of 2nd Resolutions 1:1 : 45
clicking Image of 2nd Resolutions 1:1 : 46
clicking Image of 2nd Resolutions 1:1 : 47
clicking Image of 2nd Resolutions 1:1 : 48
clicking Image of 2nd Resolutions 1:1 : 49
clicking Image of 2nd Resolutions 1:1 : 50
clicking Image of 2nd Resolutions 1:1 : 51
clicking Image of 2nd Resolutions 1:1 : 52
clicking Image of 2nd Resolutions 1:1 : 53
clicking Image of 2nd Resolutions 1:1 : 54
clicking Image of 2nd Resolutions 1:1 : 55
clicking Image of 2nd Resolutions 1:1 : 56
clicking Image of 2nd Resolutions 1:1 : 57
clicking Image of 2nd Resolutions 1:1 : 58
clicking Image of 2nd Resolutions 1:1 : 59
clicking Image of 2nd Resolutions 1:1 : 60
clicking Image of 2nd Resolutions 1:1 : 61
clicking Image of 2nd Resolutions 1:1 : 62
clicking Image of 2nd Resolutions 1:1 : 63
clicking Image of 2nd Resolutions 1:1 : 64
clicking Image of 2nd Resolutions 1:1 : 65
clicking Image of 2nd Resolutions 1:1 : 66
clicking Image of 2nd Resolutions 1:1 : 67
clicking Image of 2nd Resolutions 1:1 : 68
clicking Image of 2nd Resolutions 1:1 : 69
clicking Image of 2nd Resolutions 1:1 : 70
clicking Image of 2nd Resolutions 1:1 : 71
clicking Image of 2nd Resolutions 1:1 : 72
clicking Image of 2nd Resolutions 1:1 : 73
clicking Image of 2nd Resolutions 1:1 : 74
front camera second resolution:75 images Captured succesfull
Select settings
Select  picture size
Select third Image Resoution: 20:9
totalPictureCountFront2 = 75
clicking Image of 3rd Resolutions 20:9: 0
clicking Image of 3rd Resolutions 20:9: 1
clicking Image of 3rd Resolutions 20:9: 2
clicking Image of 3rd Resolutions 20:9: 3
clicking Image of 3rd Resolutions 20:9: 4
clicking Image of 3rd Resolutions 20:9: 5
clicking Image of 3rd Resolutions 20:9: 6
clicking Image of 3rd Resolutions 20:9: 7
clicking Image of 3rd Resolutions 20:9: 8
clicking Image of 3rd Resolutions 20:9: 9
clicking Image of 3rd Resolutions 20:9: 10
clicking Image of 3rd Resolutions 20:9: 11
clicking Image of 3rd Resolutions 20:9: 12
clicking Image of 3rd Resolutions 20:9: 13
clicking Image of 3rd Resolutions 20:9: 14
clicking Image of 3rd Resolutions 20:9: 15
clicking Image of 3rd Resolutions 20:9: 16
clicking Image of 3rd Resolutions 20:9: 17
clicking Image of 3rd Resolutions 20:9: 18
clicking Image of 3rd Resolutions 20:9: 19
clicking Image of 3rd Resolutions 20:9: 20
clicking Image of 3rd Resolutions 20:9: 21
clicking Image of 3rd Resolutions 20:9: 22
clicking Image of 3rd Resolutions 20:9: 23
clicking Image of 3rd Resolutions 20:9: 24
clicking Image of 3rd Resolutions 20:9: 25
clicking Image of 3rd Resolutions 20:9: 26
clicking Image of 3rd Resolutions 20:9: 27
clicking Image of 3rd Resolutions 20:9: 28
clicking Image of 3rd Resolutions 20:9: 29
clicking Image of 3rd Resolutions 20:9: 30
clicking Image of 3rd Resolutions 20:9: 31
clicking Image of 3rd Resolutions 20:9: 32
clicking Image of 3rd Resolutions 20:9: 33
clicking Image of 3rd Resolutions 20:9: 34
clicking Image of 3rd Resolutions 20:9: 35
clicking Image of 3rd Resolutions 20:9: 36
clicking Image of 3rd Resolutions 20:9: 37
clicking Image of 3rd Resolutions 20:9: 38
clicking Image of 3rd Resolutions 20:9: 39
clicking Image of 3rd Resolutions 20:9: 40
clicking Image of 3rd Resolutions 20:9: 41
clicking Image of 3rd Resolutions 20:9: 42
clicking Image of 3rd Resolutions 20:9: 43
clicking Image of 3rd Resolutions 20:9: 44
clicking Image of 3rd Resolutions 20:9: 45
clicking Image of 3rd Resolutions 20:9: 46
clicking Image of 3rd Resolutions 20:9: 47
clicking Image of 3rd Resolutions 20:9: 48
clicking Image of 3rd Resolutions 20:9: 49
clicking Image of 3rd Resolutions 20:9: 50
clicking Image of 3rd Resolutions 20:9: 51
clicking Image of 3rd Resolutions 20:9: 52
clicking Image of 3rd Resolutions 20:9: 53
clicking Image of 3rd Resolutions 20:9: 54
clicking Image of 3rd Resolutions 20:9: 55
clicking Image of 3rd Resolutions 20:9: 56
clicking Image of 3rd Resolutions 20:9: 57
clicking Image of 3rd Resolutions 20:9: 58
clicking Image of 3rd Resolutions 20:9: 59
clicking Image of 3rd Resolutions 20:9: 60
clicking Image of 3rd Resolutions 20:9: 61
clicking Image of 3rd Resolutions 20:9: 62
clicking Image of 3rd Resolutions 20:9: 63
clicking Image of 3rd Resolutions 20:9: 64
clicking Image of 3rd Resolutions 20:9: 65
clicking Image of 3rd Resolutions 20:9: 66
clicking Image of 3rd Resolutions 20:9: 67
clicking Image of 3rd Resolutions 20:9: 68
clicking Image of 3rd Resolutions 20:9: 69
clicking Image of 3rd Resolutions 20:9: 70
clicking Image of 3rd Resolutions 20:9: 71
clicking Image of 3rd Resolutions 20:9: 72
clicking Image of 3rd Resolutions 20:9: 73
clicking Image of 3rd Resolutions 20:9: 74
front camera third resolution:75 images Captured succesfull
Click On back camera mode
Total Count value:225 images to be Captured 
Launch file manager application and verify captured images present in uSD Card
Swipe up to select uSD card
Select SD card
switch to grid view mode to select DCIM folder
Select DCIM Folder
Select camera folder
Click More options
Click select all
Test9F_Fcam_image: 225 selected images Captured succesfull
Tolerance_Level = 75

Pass: Test9F pass for front Image capture
Test9F Fcam_image: 225  images Captured succesfull
===================================================================================================================================================================================================================================================================================================================================================================================================================================================================================================================================================================================================================================================================================================================================
calling DataMoveOperation()
launch file manager application select uSD card-->DCIM folder-->Camera folder-->Select all rear camera images create Test10 folder and cut paste all videos in BCFC_Cameravideos folder
click on browse option
Swipe up to select uSD card
Select SD card
Select DCIM Folder
Select camera folder
Click More options
Click select all
Click More options
select move to option
select uSD Card
Select ADD NEW Folder option
Name folder as Test9F
Accept create folder
Cut paste  video files operation completed successfully
Pass: Test9F Pass for data move operation successfully
===================================================================================================================================================================================================================================================================================================================================================================================================================================================================================================================================================================================================================================================================================================================================
Final message: Pass Test9F Pass for Front camera image capture  successfully
Test: End
===================================================================================================================================================================================================================================================================================================================================================================================================================================================================================================================================================================================================================================================================================================================================
]]></system-out>
    <system-err><![CDATA[2023-01-09 20:50:57 INFO   io.appium.java_client.remote.AppiumCommandExecutor$1 lambda$0 Detected dialect: W3C
2023-01-09 20:51:12 INFO   io.appium.java_client.remote.AppiumCommandExecutor$1 lambda$0 Detected dialect: W3C
org.openqa.selenium.NoSuchElementException: An element could not be located on the page using the given search parameters.
For documentation on this error, please visit: https://www.seleniumhq.org/exceptions/no_such_element.html
Build info: version: '3.141.59', revision: 'e82be7d358', time: '2018-11-14T08:17:03'
System info: host: 'SD-APPS-200', ip: '10.65.150.243', os.name: 'Windows 10', os.arch: 'amd64', os.version: '10.0', java.version: '1.8.0_202'
Driver info: io.appium.java_client.android.AndroidDriver
Capabilities {automationName: UiAutomator2, databaseEnabled: false, desired: {automationName: UiAutomator2, deviceName: Infinix HOT 12 PRO, newCommandTimeout: 600, platformName: android, platformVersion: 12, udid: 08574312A1013436}, deviceApiLevel: 31, deviceManufacturer: INFINIX, deviceModel: Infinix X668, deviceName: 08574312A1013436, deviceScreenDensity: 320, deviceScreenSize: 720x1612, deviceUDID: 08574312A1013436, javascriptEnabled: true, locationContextEnabled: false, networkConnectionEnabled: true, newCommandTimeout: 600, pixelRatio: 2, platform: LINUX, platformName: Android, platformVersion: 12, statBarHeight: 72, takesScreenshot: true, udid: 08574312A1013436, viewportRect: {height: 1372, left: 0, top: 72, width: 720}, warnings: {}, webStorageEnabled: false}
Session ID: 829efaee-3aa5-459d-a476-d8e5efc0dc23
*** Element info: {Using=xpath, value=//*[@text='While using the app']}
	at sun.reflect.GeneratedConstructorAccessor15.newInstance(Unknown Source)
	at sun.reflect.DelegatingConstructorAccessorImpl.newInstance(DelegatingConstructorAccessorImpl.java:45)
	at java.lang.reflect.Constructor.newInstance(Constructor.java:423)
	at org.openqa.selenium.remote.http.W3CHttpResponseCodec.createException(W3CHttpResponseCodec.java:187)
	at org.openqa.selenium.remote.http.W3CHttpResponseCodec.decode(W3CHttpResponseCodec.java:122)
	at org.openqa.selenium.remote.http.W3CHttpResponseCodec.decode(W3CHttpResponseCodec.java:49)
	at org.openqa.selenium.remote.HttpCommandExecutor.execute(HttpCommandExecutor.java:158)
	at io.appium.java_client.remote.AppiumCommandExecutor.execute(AppiumCommandExecutor.java:239)
	at org.openqa.selenium.remote.RemoteWebDriver.execute(RemoteWebDriver.java:552)
	at io.appium.java_client.DefaultGenericMobileDriver.execute(DefaultGenericMobileDriver.java:42)
	at io.appium.java_client.AppiumDriver.execute(AppiumDriver.java:1)
	at io.appium.java_client.android.AndroidDriver.execute(AndroidDriver.java:1)
	at org.openqa.selenium.remote.RemoteWebDriver.findElement(RemoteWebDriver.java:323)
	at io.appium.java_client.DefaultGenericMobileDriver.findElement(DefaultGenericMobileDriver.java:62)
	at io.appium.java_client.AppiumDriver.findElement(AppiumDriver.java:1)
	at io.appium.java_client.android.AndroidDriver.findElement(AndroidDriver.java:1)
	at org.openqa.selenium.remote.RemoteWebDriver.findElementByXPath(RemoteWebDriver.java:428)
	at io.appium.java_client.DefaultGenericMobileDriver.findElementByXPath(DefaultGenericMobileDriver.java:152)
	at io.appium.java_client.AppiumDriver.findElementByXPath(AppiumDriver.java:1)
	at io.appium.java_client.android.AndroidDriver.findElementByXPath(AndroidDriver.java:1)
	at org.openqa.selenium.By$ByXPath.findElement(By.java:353)
	at org.openqa.selenium.remote.RemoteWebDriver.findElement(RemoteWebDriver.java:315)
	at io.appium.java_client.DefaultGenericMobileDriver.findElement(DefaultGenericMobileDriver.java:58)
	at io.appium.java_client.AppiumDriver.findElement(AppiumDriver.java:1)
	at io.appium.java_client.android.AndroidDriver.findElement(AndroidDriver.java:1)
	at Infinix_Hot_12Pro_X668.Test9F.FrontPictureCapture(Test9F.java:102)
	at sun.reflect.NativeMethodAccessorImpl.invoke0(Native Method)
	at sun.reflect.NativeMethodAccessorImpl.invoke(NativeMethodAccessorImpl.java:62)
	at sun.reflect.DelegatingMethodAccessorImpl.invoke(DelegatingMethodAccessorImpl.java:43)
	at java.lang.reflect.Method.invoke(Method.java:498)
	at org.testng.internal.MethodInvocationHelper.invokeMethod(MethodInvocationHelper.java:80)
	at org.testng.internal.Invoker.invokeMethod(Invoker.java:673)
	at org.testng.internal.Invoker.invokeTestMethod(Invoker.java:842)
	at org.testng.internal.Invoker.invokeTestMethods(Invoker.java:1166)
	at org.testng.internal.TestMethodWorker.invokeTestMethods(TestMethodWorker.java:125)
	at org.testng.internal.TestMethodWorker.run(TestMethodWorker.java:109)
	at org.testng.TestRunner.runWorkers(TestRunner.java:1178)
	at org.testng.TestRunner.privateRun(TestRunner.java:757)
	at org.testng.TestRunner.run(TestRunner.java:608)
	at org.testng.SuiteRunner.runTest(SuiteRunner.java:334)
	at org.testng.SuiteRunner.runSequentially(SuiteRunner.java:329)
	at org.testng.SuiteRunner.privateRun(SuiteRunner.java:291)
	at org.testng.SuiteRunner.run(SuiteRunner.java:240)
	at org.testng.SuiteRunnerWorker.runSuite(SuiteRunnerWorker.java:52)
	at org.testng.SuiteRunnerWorker.run(SuiteRunnerWorker.java:86)
	at org.testng.TestNG.runSuitesSequentially(TestNG.java:1158)
	at org.testng.TestNG.runSuitesSequentially(TestNG.java:1154)
	at org.testng.TestNG.runSuitesLocally(TestNG.java:1083)
	at org.testng.TestNG.run(TestNG.java:999)
	at org.apache.maven.surefire.testng.TestNGExecutor.run(TestNGExecutor.java:284)
	at org.apache.maven.surefire.testng.TestNGXmlTestSuite.execute(TestNGXmlTestSuite.java:75)
	at org.apache.maven.surefire.testng.TestNGProvider.invoke(TestNGProvider.java:119)
	at org.apache.maven.surefire.booter.ForkedBooter.runSuitesInProcess(ForkedBooter.java:428)
	at org.apache.maven.surefire.booter.ForkedBooter.execute(ForkedBooter.java:162)
	at org.apache.maven.surefire.booter.ForkedBooter.run(ForkedBooter.java:562)
	at org.apache.maven.surefire.booter.ForkedBooter.main(ForkedBooter.java:548)
change to SD card element not found : org.openqa.selenium.NoSuchElementException: An element could not be located on the page using the given search parameters.
For documentation on this error, please visit: https://www.seleniumhq.org/exceptions/no_such_element.html
Build info: version: '3.141.59', revision: 'e82be7d358', time: '2018-11-14T08:17:03'
System info: host: 'SD-APPS-200', ip: '10.65.150.243', os.name: 'Windows 10', os.arch: 'amd64', os.version: '10.0', java.version: '1.8.0_202'
Driver info: io.appium.java_client.android.AndroidDriver
Capabilities {automationName: UiAutomator2, databaseEnabled: false, desired: {automationName: UiAutomator2, deviceName: Infinix HOT 12 PRO, newCommandTimeout: 600, platformName: android, platformVersion: 12, udid: 08574312A1013436}, deviceApiLevel: 31, deviceManufacturer: INFINIX, deviceModel: Infinix X668, deviceName: 08574312A1013436, deviceScreenDensity: 320, deviceScreenSize: 720x1612, deviceUDID: 08574312A1013436, javascriptEnabled: true, locationContextEnabled: false, networkConnectionEnabled: true, newCommandTimeout: 600, pixelRatio: 2, platform: LINUX, platformName: Android, platformVersion: 12, statBarHeight: 72, takesScreenshot: true, udid: 08574312A1013436, viewportRect: {height: 1372, left: 0, top: 72, width: 720}, warnings: {}, webStorageEnabled: false}
Session ID: 829efaee-3aa5-459d-a476-d8e5efc0dc23
*** Element info: {Using=xpath, value=//*[@resource-id='com.android.permissioncontroller:id/permission_deny_button']}
org.openqa.selenium.NoSuchElementException: An element could not be located on the page using the given search parameters.
For documentation on this error, please visit: https://www.seleniumhq.org/exceptions/no_such_element.html
Build info: version: '3.141.59', revision: 'e82be7d358', time: '2018-11-14T08:17:03'
System info: host: 'SD-APPS-200', ip: '10.65.150.243', os.name: 'Windows 10', os.arch: 'amd64', os.version: '10.0', java.version: '1.8.0_202'
Driver info: io.appium.java_client.android.AndroidDriver
Capabilities {automationName: UiAutomator2, databaseEnabled: false, desired: {automationName: UiAutomator2, deviceName: Infinix HOT 12 PRO, newCommandTimeout: 600, platformName: android, platformVersion: 12, udid: 08574312A1013436}, deviceApiLevel: 31, deviceManufacturer: INFINIX, deviceModel: Infinix X668, deviceName: 08574312A1013436, deviceScreenDensity: 320, deviceScreenSize: 720x1612, deviceUDID: 08574312A1013436, javascriptEnabled: true, locationContextEnabled: false, networkConnectionEnabled: true, newCommandTimeout: 600, pixelRatio: 2, platform: LINUX, platformName: Android, platformVersion: 12, statBarHeight: 72, takesScreenshot: true, udid: 08574312A1013436, viewportRect: {height: 1372, left: 0, top: 72, width: 720}, warnings: {}, webStorageEnabled: false}
Session ID: 829efaee-3aa5-459d-a476-d8e5efc0dc23
*** Element info: {Using=xpath, value=//*[@text='DCIM']}
	at sun.reflect.GeneratedConstructorAccessor15.newInstance(Unknown Source)
	at sun.reflect.DelegatingConstructorAccessorImpl.newInstance(DelegatingConstructorAccessorImpl.java:45)
	at java.lang.reflect.Constructor.newInstance(Constructor.java:423)
	at org.openqa.selenium.remote.http.W3CHttpResponseCodec.createException(W3CHttpResponseCodec.java:187)
	at org.openqa.selenium.remote.http.W3CHttpResponseCodec.decode(W3CHttpResponseCodec.java:122)
	at org.openqa.selenium.remote.http.W3CHttpResponseCodec.decode(W3CHttpResponseCodec.java:49)
	at org.openqa.selenium.remote.HttpCommandExecutor.execute(HttpCommandExecutor.java:158)
	at io.appium.java_client.remote.AppiumCommandExecutor.execute(AppiumCommandExecutor.java:239)
	at org.openqa.selenium.remote.RemoteWebDriver.execute(RemoteWebDriver.java:552)
	at io.appium.java_client.DefaultGenericMobileDriver.execute(DefaultGenericMobileDriver.java:42)
	at io.appium.java_client.AppiumDriver.execute(AppiumDriver.java:1)
	at io.appium.java_client.android.AndroidDriver.execute(AndroidDriver.java:1)
	at org.openqa.selenium.remote.RemoteWebDriver.findElement(RemoteWebDriver.java:323)
	at io.appium.java_client.DefaultGenericMobileDriver.findElement(DefaultGenericMobileDriver.java:62)
	at io.appium.java_client.AppiumDriver.findElement(AppiumDriver.java:1)
	at io.appium.java_client.android.AndroidDriver.findElement(AndroidDriver.java:1)
	at org.openqa.selenium.remote.RemoteWebDriver.findElementByXPath(RemoteWebDriver.java:428)
	at io.appium.java_client.DefaultGenericMobileDriver.findElementByXPath(DefaultGenericMobileDriver.java:152)
	at io.appium.java_client.AppiumDriver.findElementByXPath(AppiumDriver.java:1)
	at io.appium.java_client.android.AndroidDriver.findElementByXPath(AndroidDriver.java:1)
	at org.openqa.selenium.By$ByXPath.findElement(By.java:353)
	at org.openqa.selenium.remote.RemoteWebDriver.findElement(RemoteWebDriver.java:315)
	at io.appium.java_client.DefaultGenericMobileDriver.findElement(DefaultGenericMobileDriver.java:58)
	at io.appium.java_client.AppiumDriver.findElement(AppiumDriver.java:1)
	at io.appium.java_client.android.AndroidDriver.findElement(AndroidDriver.java:1)
	at Infinix_Hot_12Pro_X668.Test9F.FrontPictureCapture(Test9F.java:150)
	at sun.reflect.NativeMethodAccessorImpl.invoke0(Native Method)
	at sun.reflect.NativeMethodAccessorImpl.invoke(NativeMethodAccessorImpl.java:62)
	at sun.reflect.DelegatingMethodAccessorImpl.invoke(DelegatingMethodAccessorImpl.java:43)
	at java.lang.reflect.Method.invoke(Method.java:498)
	at org.testng.internal.MethodInvocationHelper.invokeMethod(MethodInvocationHelper.java:80)
	at org.testng.internal.Invoker.invokeMethod(Invoker.java:673)
	at org.testng.internal.Invoker.invokeTestMethod(Invoker.java:842)
	at org.testng.internal.Invoker.invokeTestMethods(Invoker.java:1166)
	at org.testng.internal.TestMethodWorker.invokeTestMethods(TestMethodWorker.java:125)
	at org.testng.internal.TestMethodWorker.run(TestMethodWorker.java:109)
	at org.testng.TestRunner.runWorkers(TestRunner.java:1178)
	at org.testng.TestRunner.privateRun(TestRunner.java:757)
	at org.testng.TestRunner.run(TestRunner.java:608)
	at org.testng.SuiteRunner.runTest(SuiteRunner.java:334)
	at org.testng.SuiteRunner.runSequentially(SuiteRunner.java:329)
	at org.testng.SuiteRunner.privateRun(SuiteRunner.java:291)
	at org.testng.SuiteRunner.run(SuiteRunner.java:240)
	at org.testng.SuiteRunnerWorker.runSuite(SuiteRunnerWorker.java:52)
	at org.testng.SuiteRunnerWorker.run(SuiteRunnerWorker.java:86)
	at org.testng.TestNG.runSuitesSequentially(TestNG.java:1158)
	at org.testng.TestNG.runSuitesSequentially(TestNG.java:1154)
	at org.testng.TestNG.runSuitesLocally(TestNG.java:1083)
	at org.testng.TestNG.run(TestNG.java:999)
	at org.apache.maven.surefire.testng.TestNGExecutor.run(TestNGExecutor.java:284)
	at org.apache.maven.surefire.testng.TestNGXmlTestSuite.execute(TestNGXmlTestSuite.java:75)
	at org.apache.maven.surefire.testng.TestNGProvider.invoke(TestNGProvider.java:119)
	at org.apache.maven.surefire.booter.ForkedBooter.runSuitesInProcess(ForkedBooter.java:428)
	at org.apache.maven.surefire.booter.ForkedBooter.execute(ForkedBooter.java:162)
	at org.apache.maven.surefire.booter.ForkedBooter.run(ForkedBooter.java:562)
	at org.apache.maven.surefire.booter.ForkedBooter.main(ForkedBooter.java:548)
org.openqa.selenium.NoSuchElementException: An element could not be located on the page using the given search parameters.
For documentation on this error, please visit: https://www.seleniumhq.org/exceptions/no_such_element.html
Build info: version: '3.141.59', revision: 'e82be7d358', time: '2018-11-14T08:17:03'
System info: host: 'SD-APPS-200', ip: '10.65.150.243', os.name: 'Windows 10', os.arch: 'amd64', os.version: '10.0', java.version: '1.8.0_202'
Driver info: io.appium.java_client.android.AndroidDriver
Capabilities {automationName: UiAutomator2, databaseEnabled: false, desired: {automationName: UiAutomator2, deviceName: Infinix HOT 12 PRO, newCommandTimeout: 600, platformName: android, platformVersion: 12, udid: 08574312A1013436}, deviceApiLevel: 31, deviceManufacturer: INFINIX, deviceModel: Infinix X668, deviceName: 08574312A1013436, deviceScreenDensity: 320, deviceScreenSize: 720x1612, deviceUDID: 08574312A1013436, javascriptEnabled: true, locationContextEnabled: false, networkConnectionEnabled: true, newCommandTimeout: 600, pixelRatio: 2, platform: LINUX, platformName: Android, platformVersion: 12, statBarHeight: 72, takesScreenshot: true, udid: 08574312A1013436, viewportRect: {height: 1372, left: 0, top: 72, width: 720}, warnings: {}, webStorageEnabled: false}
Session ID: 829efaee-3aa5-459d-a476-d8e5efc0dc23
*** Element info: {Using=xpath, value=//*[@text='USE THIS FOLDER']}
	at sun.reflect.GeneratedConstructorAccessor15.newInstance(Unknown Source)
	at sun.reflect.DelegatingConstructorAccessorImpl.newInstance(DelegatingConstructorAccessorImpl.java:45)
	at java.lang.reflect.Constructor.newInstance(Constructor.java:423)
	at org.openqa.selenium.remote.http.W3CHttpResponseCodec.createException(W3CHttpResponseCodec.java:187)
	at org.openqa.selenium.remote.http.W3CHttpResponseCodec.decode(W3CHttpResponseCodec.java:122)
	at org.openqa.selenium.remote.http.W3CHttpResponseCodec.decode(W3CHttpResponseCodec.java:49)
	at org.openqa.selenium.remote.HttpCommandExecutor.execute(HttpCommandExecutor.java:158)
	at io.appium.java_client.remote.AppiumCommandExecutor.execute(AppiumCommandExecutor.java:239)
	at org.openqa.selenium.remote.RemoteWebDriver.execute(RemoteWebDriver.java:552)
	at io.appium.java_client.DefaultGenericMobileDriver.execute(DefaultGenericMobileDriver.java:42)
	at io.appium.java_client.AppiumDriver.execute(AppiumDriver.java:1)
	at io.appium.java_client.android.AndroidDriver.execute(AndroidDriver.java:1)
	at org.openqa.selenium.remote.RemoteWebDriver.findElement(RemoteWebDriver.java:323)
	at io.appium.java_client.DefaultGenericMobileDriver.findElement(DefaultGenericMobileDriver.java:62)
	at io.appium.java_client.AppiumDriver.findElement(AppiumDriver.java:1)
	at io.appium.java_client.android.AndroidDriver.findElement(AndroidDriver.java:1)
	at org.openqa.selenium.remote.RemoteWebDriver.findElementByXPath(RemoteWebDriver.java:428)
	at io.appium.java_client.DefaultGenericMobileDriver.findElementByXPath(DefaultGenericMobileDriver.java:152)
	at io.appium.java_client.AppiumDriver.findElementByXPath(AppiumDriver.java:1)
	at io.appium.java_client.android.AndroidDriver.findElementByXPath(AndroidDriver.java:1)
	at org.openqa.selenium.By$ByXPath.findElement(By.java:353)
	at org.openqa.selenium.remote.RemoteWebDriver.findElement(RemoteWebDriver.java:315)
	at io.appium.java_client.DefaultGenericMobileDriver.findElement(DefaultGenericMobileDriver.java:58)
	at io.appium.java_client.AppiumDriver.findElement(AppiumDriver.java:1)
	at io.appium.java_client.android.AndroidDriver.findElement(AndroidDriver.java:1)
	at Infinix_Hot_12Pro_X668.Test9F.FrontPictureCapture(Test9F.java:162)
	at sun.reflect.NativeMethodAccessorImpl.invoke0(Native Method)
	at sun.reflect.NativeMethodAccessorImpl.invoke(NativeMethodAccessorImpl.java:62)
	at sun.reflect.DelegatingMethodAccessorImpl.invoke(DelegatingMethodAccessorImpl.java:43)
	at java.lang.reflect.Method.invoke(Method.java:498)
	at org.testng.internal.MethodInvocationHelper.invokeMethod(MethodInvocationHelper.java:80)
	at org.testng.internal.Invoker.invokeMethod(Invoker.java:673)
	at org.testng.internal.Invoker.invokeTestMethod(Invoker.java:842)
	at org.testng.internal.Invoker.invokeTestMethods(Invoker.java:1166)
	at org.testng.internal.TestMethodWorker.invokeTestMethods(TestMethodWorker.java:125)
	at org.testng.internal.TestMethodWorker.run(TestMethodWorker.java:109)
	at org.testng.TestRunner.runWorkers(TestRunner.java:1178)
	at org.testng.TestRunner.privateRun(TestRunner.java:757)
	at org.testng.TestRunner.run(TestRunner.java:608)
	at org.testng.SuiteRunner.runTest(SuiteRunner.java:334)
	at org.testng.SuiteRunner.runSequentially(SuiteRunner.java:329)
	at org.testng.SuiteRunner.privateRun(SuiteRunner.java:291)
	at org.testng.SuiteRunner.run(SuiteRunner.java:240)
	at org.testng.SuiteRunnerWorker.runSuite(SuiteRunnerWorker.java:52)
	at org.testng.SuiteRunnerWorker.run(SuiteRunnerWorker.java:86)
	at org.testng.TestNG.runSuitesSequentially(TestNG.java:1158)
	at org.testng.TestNG.runSuitesSequentially(TestNG.java:1154)
	at org.testng.TestNG.runSuitesLocally(TestNG.java:1083)
	at org.testng.TestNG.run(TestNG.java:999)
	at org.apache.maven.surefire.testng.TestNGExecutor.run(TestNGExecutor.java:284)
	at org.apache.maven.surefire.testng.TestNGXmlTestSuite.execute(TestNGXmlTestSuite.java:75)
	at org.apache.maven.surefire.testng.TestNGProvider.invoke(TestNGProvider.java:119)
	at org.apache.maven.surefire.booter.ForkedBooter.runSuitesInProcess(ForkedBooter.java:428)
	at org.apache.maven.surefire.booter.ForkedBooter.execute(ForkedBooter.java:162)
	at org.apache.maven.surefire.booter.ForkedBooter.run(ForkedBooter.java:562)
	at org.apache.maven.surefire.booter.ForkedBooter.main(ForkedBooter.java:548)
org.openqa.selenium.NoSuchElementException: An element could not be located on the page using the given search parameters.
For documentation on this error, please visit: https://www.seleniumhq.org/exceptions/no_such_element.html
Build info: version: '3.141.59', revision: 'e82be7d358', time: '2018-11-14T08:17:03'
System info: host: 'SD-APPS-200', ip: '10.65.150.243', os.name: 'Windows 10', os.arch: 'amd64', os.version: '10.0', java.version: '1.8.0_202'
Driver info: io.appium.java_client.android.AndroidDriver
Capabilities {automationName: UiAutomator2, databaseEnabled: false, desired: {automationName: UiAutomator2, deviceName: Infinix HOT 12 PRO, newCommandTimeout: 600, platformName: android, platformVersion: 12, udid: 08574312A1013436}, deviceApiLevel: 31, deviceManufacturer: INFINIX, deviceModel: Infinix X668, deviceName: 08574312A1013436, deviceScreenDensity: 320, deviceScreenSize: 720x1612, deviceUDID: 08574312A1013436, javascriptEnabled: true, locationContextEnabled: false, networkConnectionEnabled: true, newCommandTimeout: 600, pixelRatio: 2, platform: LINUX, platformName: Android, platformVersion: 12, statBarHeight: 72, takesScreenshot: true, udid: 08574312A1013436, viewportRect: {height: 1372, left: 0, top: 72, width: 720}, warnings: {}, webStorageEnabled: false}
Session ID: 829efaee-3aa5-459d-a476-d8e5efc0dc23
*** Element info: {Using=xpath, value=//*[@resource-id='com.google.android.apps.nbu.files:id/agree_button']}
	at sun.reflect.GeneratedConstructorAccessor15.newInstance(Unknown Source)
	at sun.reflect.DelegatingConstructorAccessorImpl.newInstance(DelegatingConstructorAccessorImpl.java:45)
	at java.lang.reflect.Constructor.newInstance(Constructor.java:423)
	at org.openqa.selenium.remote.http.W3CHttpResponseCodec.createException(W3CHttpResponseCodec.java:187)
	at org.openqa.selenium.remote.http.W3CHttpResponseCodec.decode(W3CHttpResponseCodec.java:122)
	at org.openqa.selenium.remote.http.W3CHttpResponseCodec.decode(W3CHttpResponseCodec.java:49)
	at org.openqa.selenium.remote.HttpCommandExecutor.execute(HttpCommandExecutor.java:158)
	at io.appium.java_client.remote.AppiumCommandExecutor.execute(AppiumCommandExecutor.java:239)
	at org.openqa.selenium.remote.RemoteWebDriver.execute(RemoteWebDriver.java:552)
	at io.appium.java_client.DefaultGenericMobileDriver.execute(DefaultGenericMobileDriver.java:42)
	at io.appium.java_client.AppiumDriver.execute(AppiumDriver.java:1)
	at io.appium.java_client.android.AndroidDriver.execute(AndroidDriver.java:1)
	at org.openqa.selenium.remote.RemoteWebDriver.findElement(RemoteWebDriver.java:323)
	at io.appium.java_client.DefaultGenericMobileDriver.findElement(DefaultGenericMobileDriver.java:62)
	at io.appium.java_client.AppiumDriver.findElement(AppiumDriver.java:1)
	at io.appium.java_client.android.AndroidDriver.findElement(AndroidDriver.java:1)
	at org.openqa.selenium.remote.RemoteWebDriver.findElementByXPath(RemoteWebDriver.java:428)
	at io.appium.java_client.DefaultGenericMobileDriver.findElementByXPath(DefaultGenericMobileDriver.java:152)
	at io.appium.java_client.AppiumDriver.findElementByXPath(AppiumDriver.java:1)
	at io.appium.java_client.android.AndroidDriver.findElementByXPath(AndroidDriver.java:1)
	at org.openqa.selenium.By$ByXPath.findElement(By.java:353)
	at org.openqa.selenium.remote.RemoteWebDriver.findElement(RemoteWebDriver.java:315)
	at io.appium.java_client.DefaultGenericMobileDriver.findElement(DefaultGenericMobileDriver.java:58)
	at io.appium.java_client.AppiumDriver.findElement(AppiumDriver.java:1)
	at io.appium.java_client.android.AndroidDriver.findElement(AndroidDriver.java:1)
	at Infinix_Hot_12Pro_X668.Test9F.FrontPictureCapture(Test9F.java:318)
	at sun.reflect.NativeMethodAccessorImpl.invoke0(Native Method)
	at sun.reflect.NativeMethodAccessorImpl.invoke(NativeMethodAccessorImpl.java:62)
	at sun.reflect.DelegatingMethodAccessorImpl.invoke(DelegatingMethodAccessorImpl.java:43)
	at java.lang.reflect.Method.invoke(Method.java:498)
	at org.testng.internal.MethodInvocationHelper.invokeMethod(MethodInvocationHelper.java:80)
	at org.testng.internal.Invoker.invokeMethod(Invoker.java:673)
	at org.testng.internal.Invoker.invokeTestMethod(Invoker.java:842)
	at org.testng.internal.Invoker.invokeTestMethods(Invoker.java:1166)
	at org.testng.internal.TestMethodWorker.invokeTestMethods(TestMethodWorker.java:125)
	at org.testng.internal.TestMethodWorker.run(TestMethodWorker.java:109)
	at org.testng.TestRunner.runWorkers(TestRunner.java:1178)
	at org.testng.TestRunner.privateRun(TestRunner.java:757)
	at org.testng.TestRunner.run(TestRunner.java:608)
	at org.testng.SuiteRunner.runTest(SuiteRunner.java:334)
	at org.testng.SuiteRunner.runSequentially(SuiteRunner.java:329)
	at org.testng.SuiteRunner.privateRun(SuiteRunner.java:291)
	at org.testng.SuiteRunner.run(SuiteRunner.java:240)
	at org.testng.SuiteRunnerWorker.runSuite(SuiteRunnerWorker.java:52)
	at org.testng.SuiteRunnerWorker.run(SuiteRunnerWorker.java:86)
	at org.testng.TestNG.runSuitesSequentially(TestNG.java:1158)
	at org.testng.TestNG.runSuitesSequentially(TestNG.java:1154)
	at org.testng.TestNG.runSuitesLocally(TestNG.java:1083)
	at org.testng.TestNG.run(TestNG.java:999)
	at org.apache.maven.surefire.testng.TestNGExecutor.run(TestNGExecutor.java:284)
	at org.apache.maven.surefire.testng.TestNGXmlTestSuite.execute(TestNGXmlTestSuite.java:75)
	at org.apache.maven.surefire.testng.TestNGProvider.invoke(TestNGProvider.java:119)
	at org.apache.maven.surefire.booter.ForkedBooter.runSuitesInProcess(ForkedBooter.java:428)
	at org.apache.maven.surefire.booter.ForkedBooter.execute(ForkedBooter.java:162)
	at org.apache.maven.surefire.booter.ForkedBooter.run(ForkedBooter.java:562)
	at org.apache.maven.surefire.booter.ForkedBooter.main(ForkedBooter.java:548)
org.openqa.selenium.NoSuchElementException: An element could not be located on the page using the given search parameters.
For documentation on this error, please visit: https://www.seleniumhq.org/exceptions/no_such_element.html
Build info: version: '3.141.59', revision: 'e82be7d358', time: '2018-11-14T08:17:03'
System info: host: 'SD-APPS-200', ip: '10.65.150.243', os.name: 'Windows 10', os.arch: 'amd64', os.version: '10.0', java.version: '1.8.0_202'
Driver info: io.appium.java_client.android.AndroidDriver
Capabilities {automationName: UiAutomator2, databaseEnabled: false, desired: {automationName: UiAutomator2, deviceName: Infinix HOT 12 PRO, newCommandTimeout: 600, platformName: android, platformVersion: 12, udid: 08574312A1013436}, deviceApiLevel: 31, deviceManufacturer: INFINIX, deviceModel: Infinix X668, deviceName: 08574312A1013436, deviceScreenDensity: 320, deviceScreenSize: 720x1612, deviceUDID: 08574312A1013436, javascriptEnabled: true, locationContextEnabled: false, networkConnectionEnabled: true, newCommandTimeout: 600, pixelRatio: 2, platform: LINUX, platformName: Android, platformVersion: 12, statBarHeight: 72, takesScreenshot: true, udid: 08574312A1013436, viewportRect: {height: 1372, left: 0, top: 72, width: 720}, warnings: {}, webStorageEnabled: false}
Session ID: 829efaee-3aa5-459d-a476-d8e5efc0dc23
*** Element info: {Using=xpath, value=//*[@text='Raw']}
	at sun.reflect.GeneratedConstructorAccessor15.newInstance(Unknown Source)
	at sun.reflect.DelegatingConstructorAccessorImpl.newInstance(DelegatingConstructorAccessorImpl.java:45)
	at java.lang.reflect.Constructor.newInstance(Constructor.java:423)
	at org.openqa.selenium.remote.http.W3CHttpResponseCodec.createException(W3CHttpResponseCodec.java:187)
	at org.openqa.selenium.remote.http.W3CHttpResponseCodec.decode(W3CHttpResponseCodec.java:122)
	at org.openqa.selenium.remote.http.W3CHttpResponseCodec.decode(W3CHttpResponseCodec.java:49)
	at org.openqa.selenium.remote.HttpCommandExecutor.execute(HttpCommandExecutor.java:158)
	at io.appium.java_client.remote.AppiumCommandExecutor.execute(AppiumCommandExecutor.java:239)
	at org.openqa.selenium.remote.RemoteWebDriver.execute(RemoteWebDriver.java:552)
	at io.appium.java_client.DefaultGenericMobileDriver.execute(DefaultGenericMobileDriver.java:42)
	at io.appium.java_client.AppiumDriver.execute(AppiumDriver.java:1)
	at io.appium.java_client.android.AndroidDriver.execute(AndroidDriver.java:1)
	at org.openqa.selenium.remote.RemoteWebDriver.findElement(RemoteWebDriver.java:323)
	at io.appium.java_client.DefaultGenericMobileDriver.findElement(DefaultGenericMobileDriver.java:62)
	at io.appium.java_client.AppiumDriver.findElement(AppiumDriver.java:1)
	at io.appium.java_client.android.AndroidDriver.findElement(AndroidDriver.java:1)
	at org.openqa.selenium.remote.RemoteWebDriver.findElementByXPath(RemoteWebDriver.java:428)
	at io.appium.java_client.DefaultGenericMobileDriver.findElementByXPath(DefaultGenericMobileDriver.java:152)
	at io.appium.java_client.AppiumDriver.findElementByXPath(AppiumDriver.java:1)
	at io.appium.java_client.android.AndroidDriver.findElementByXPath(AndroidDriver.java:1)
	at org.openqa.selenium.By$ByXPath.findElement(By.java:353)
	at org.openqa.selenium.remote.RemoteWebDriver.findElement(RemoteWebDriver.java:315)
	at io.appium.java_client.DefaultGenericMobileDriver.findElement(DefaultGenericMobileDriver.java:58)
	at io.appium.java_client.AppiumDriver.findElement(AppiumDriver.java:1)
	at io.appium.java_client.android.AndroidDriver.findElement(AndroidDriver.java:1)
	at Infinix_Hot_12Pro_X668.Test9F.FrontPictureCapture(Test9F.java:359)
	at sun.reflect.NativeMethodAccessorImpl.invoke0(Native Method)
	at sun.reflect.NativeMethodAccessorImpl.invoke(NativeMethodAccessorImpl.java:62)
	at sun.reflect.DelegatingMethodAccessorImpl.invoke(DelegatingMethodAccessorImpl.java:43)
	at java.lang.reflect.Method.invoke(Method.java:498)
	at org.testng.internal.MethodInvocationHelper.invokeMethod(MethodInvocationHelper.java:80)
	at org.testng.internal.Invoker.invokeMethod(Invoker.java:673)
	at org.testng.internal.Invoker.invokeTestMethod(Invoker.java:842)
	at org.testng.internal.Invoker.invokeTestMethods(Invoker.java:1166)
	at org.testng.internal.TestMethodWorker.invokeTestMethods(TestMethodWorker.java:125)
	at org.testng.internal.TestMethodWorker.run(TestMethodWorker.java:109)
	at org.testng.TestRunner.runWorkers(TestRunner.java:1178)
	at org.testng.TestRunner.privateRun(TestRunner.java:757)
	at org.testng.TestRunner.run(TestRunner.java:608)
	at org.testng.SuiteRunner.runTest(SuiteRunner.java:334)
	at org.testng.SuiteRunner.runSequentially(SuiteRunner.java:329)
	at org.testng.SuiteRunner.privateRun(SuiteRunner.java:291)
	at org.testng.SuiteRunner.run(SuiteRunner.java:240)
	at org.testng.SuiteRunnerWorker.runSuite(SuiteRunnerWorker.java:52)
	at org.testng.SuiteRunnerWorker.run(SuiteRunnerWorker.java:86)
	at org.testng.TestNG.runSuitesSequentially(TestNG.java:1158)
	at org.testng.TestNG.runSuitesSequentially(TestNG.java:1154)
	at org.testng.TestNG.runSuitesLocally(TestNG.java:1083)
	at org.testng.TestNG.run(TestNG.java:999)
	at org.apache.maven.surefire.testng.TestNGExecutor.run(TestNGExecutor.java:284)
	at org.apache.maven.surefire.testng.TestNGXmlTestSuite.execute(TestNGXmlTestSuite.java:75)
	at org.apache.maven.surefire.testng.TestNGProvider.invoke(TestNGProvider.java:119)
	at org.apache.maven.surefire.booter.ForkedBooter.runSuitesInProcess(ForkedBooter.java:428)
	at org.apache.maven.surefire.booter.ForkedBooter.execute(ForkedBooter.java:162)
	at org.apache.maven.surefire.booter.ForkedBooter.run(ForkedBooter.java:562)
	at org.apache.maven.surefire.booter.ForkedBooter.main(ForkedBooter.java:548)
org.openqa.selenium.NoSuchElementException: An element could not be located on the page using the given search parameters.
For documentation on this error, please visit: https://www.seleniumhq.org/exceptions/no_such_element.html
Build info: version: '3.141.59', revision: 'e82be7d358', time: '2018-11-14T08:17:03'
System info: host: 'SD-APPS-200', ip: '10.65.150.243', os.name: 'Windows 10', os.arch: 'amd64', os.version: '10.0', java.version: '1.8.0_202'
Driver info: io.appium.java_client.android.AndroidDriver
Capabilities {automationName: UiAutomator2, databaseEnabled: false, desired: {automationName: UiAutomator2, deviceName: Infinix HOT 12 PRO, newCommandTimeout: 600, platformName: android, platformVersion: 12, udid: 08574312A1013436}, deviceApiLevel: 31, deviceManufacturer: INFINIX, deviceModel: Infinix X668, deviceName: 08574312A1013436, deviceScreenDensity: 320, deviceScreenSize: 720x1612, deviceUDID: 08574312A1013436, javascriptEnabled: true, locationContextEnabled: false, networkConnectionEnabled: true, newCommandTimeout: 600, pixelRatio: 2, platform: LINUX, platformName: Android, platformVersion: 12, statBarHeight: 72, takesScreenshot: true, udid: 08574312A1013436, viewportRect: {height: 1372, left: 0, top: 72, width: 720}, warnings: {}, webStorageEnabled: false}
Session ID: 829efaee-3aa5-459d-a476-d8e5efc0dc23
*** Element info: {Using=xpath, value=//*[@resource-id='com.google.android.apps.nbu.files:id/agree_button']}
	at sun.reflect.GeneratedConstructorAccessor15.newInstance(Unknown Source)
	at sun.reflect.DelegatingConstructorAccessorImpl.newInstance(DelegatingConstructorAccessorImpl.java:45)
	at java.lang.reflect.Constructor.newInstance(Constructor.java:423)
	at org.openqa.selenium.remote.http.W3CHttpResponseCodec.createException(W3CHttpResponseCodec.java:187)
	at org.openqa.selenium.remote.http.W3CHttpResponseCodec.decode(W3CHttpResponseCodec.java:122)
	at org.openqa.selenium.remote.http.W3CHttpResponseCodec.decode(W3CHttpResponseCodec.java:49)
	at org.openqa.selenium.remote.HttpCommandExecutor.execute(HttpCommandExecutor.java:158)
	at io.appium.java_client.remote.AppiumCommandExecutor.execute(AppiumCommandExecutor.java:239)
	at org.openqa.selenium.remote.RemoteWebDriver.execute(RemoteWebDriver.java:552)
	at io.appium.java_client.DefaultGenericMobileDriver.execute(DefaultGenericMobileDriver.java:42)
	at io.appium.java_client.AppiumDriver.execute(AppiumDriver.java:1)
	at io.appium.java_client.android.AndroidDriver.execute(AndroidDriver.java:1)
	at org.openqa.selenium.remote.RemoteWebDriver.findElement(RemoteWebDriver.java:323)
	at io.appium.java_client.DefaultGenericMobileDriver.findElement(DefaultGenericMobileDriver.java:62)
	at io.appium.java_client.AppiumDriver.findElement(AppiumDriver.java:1)
	at io.appium.java_client.android.AndroidDriver.findElement(AndroidDriver.java:1)
	at org.openqa.selenium.remote.RemoteWebDriver.findElementByXPath(RemoteWebDriver.java:428)
	at io.appium.java_client.DefaultGenericMobileDriver.findElementByXPath(DefaultGenericMobileDriver.java:152)
	at io.appium.java_client.AppiumDriver.findElementByXPath(AppiumDriver.java:1)
	at io.appium.java_client.android.AndroidDriver.findElementByXPath(AndroidDriver.java:1)
	at org.openqa.selenium.By$ByXPath.findElement(By.java:353)
	at org.openqa.selenium.remote.RemoteWebDriver.findElement(RemoteWebDriver.java:315)
	at io.appium.java_client.DefaultGenericMobileDriver.findElement(DefaultGenericMobileDriver.java:58)
	at io.appium.java_client.AppiumDriver.findElement(AppiumDriver.java:1)
	at io.appium.java_client.android.AndroidDriver.findElement(AndroidDriver.java:1)
	at Infinix_Hot_12Pro_X668.Test9F.DataMoveOperation(Test9F.java:493)
	at Infinix_Hot_12Pro_X668.Test9F.FrontPictureCapture(Test9F.java:437)
	at sun.reflect.NativeMethodAccessorImpl.invoke0(Native Method)
	at sun.reflect.NativeMethodAccessorImpl.invoke(NativeMethodAccessorImpl.java:62)
	at sun.reflect.DelegatingMethodAccessorImpl.invoke(DelegatingMethodAccessorImpl.java:43)
	at java.lang.reflect.Method.invoke(Method.java:498)
	at org.testng.internal.MethodInvocationHelper.invokeMethod(MethodInvocationHelper.java:80)
	at org.testng.internal.Invoker.invokeMethod(Invoker.java:673)
	at org.testng.internal.Invoker.invokeTestMethod(Invoker.java:842)
	at org.testng.internal.Invoker.invokeTestMethods(Invoker.java:1166)
	at org.testng.internal.TestMethodWorker.invokeTestMethods(TestMethodWorker.java:125)
	at org.testng.internal.TestMethodWorker.run(TestMethodWorker.java:109)
	at org.testng.TestRunner.runWorkers(TestRunner.java:1178)
	at org.testng.TestRunner.privateRun(TestRunner.java:757)
	at org.testng.TestRunner.run(TestRunner.java:608)
	at org.testng.SuiteRunner.runTest(SuiteRunner.java:334)
	at org.testng.SuiteRunner.runSequentially(SuiteRunner.java:329)
	at org.testng.SuiteRunner.privateRun(SuiteRunner.java:291)
	at org.testng.SuiteRunner.run(SuiteRunner.java:240)
	at org.testng.SuiteRunnerWorker.runSuite(SuiteRunnerWorker.java:52)
	at org.testng.SuiteRunnerWorker.run(SuiteRunnerWorker.java:86)
	at org.testng.TestNG.runSuitesSequentially(TestNG.java:1158)
	at org.testng.TestNG.runSuitesSequentially(TestNG.java:1154)
	at org.testng.TestNG.runSuitesLocally(TestNG.java:1083)
	at org.testng.TestNG.run(TestNG.java:999)
	at org.apache.maven.surefire.testng.TestNGExecutor.run(TestNGExecutor.java:284)
	at org.apache.maven.surefire.testng.TestNGXmlTestSuite.execute(TestNGXmlTestSuite.java:75)
	at org.apache.maven.surefire.testng.TestNGProvider.invoke(TestNGProvider.java:119)
	at org.apache.maven.surefire.booter.ForkedBooter.runSuitesInProcess(ForkedBooter.java:428)
	at org.apache.maven.surefire.booter.ForkedBooter.execute(ForkedBooter.java:162)
	at org.apache.maven.surefire.booter.ForkedBooter.run(ForkedBooter.java:562)
	at org.apache.maven.surefire.booter.ForkedBooter.main(ForkedBooter.java:548)
]]></system-err>
  </testcase>
</testsuite>