<?xml version="1.0" encoding="UTF-8"?>
<!-- Generated by org.testng.reporters.JUnitReportReporter -->
<testsuite hostname="SD-APPS-090" name="Nokia_G11_TA1401.Test9" tests="1" failures="0" timestamp="11 Jan 2023 08:08:28 GMT" time="1810.801" errors="0">
  <testcase name="RearPictureCapture" time="1810.801" classname="Nokia_G11_TA1401.Test9"/>
</testsuite>
