<?xml version="1.0" encoding="UTF-8"?>
<!-- Generated by org.testng.reporters.JUnitReportReporter -->
<testsuite hostname="SD-APPS-090" name="Nokia_G11_TA1401.Test10" tests="1" failures="0" timestamp="11 Jan 2023 08:08:28 GMT" time="1608.759" errors="0">
  <testcase name="rearVideoRec" time="1608.759" classname="Nokia_G11_TA1401.Test10"/>
</testsuite>
