<?xml version="1.0" encoding="UTF-8"?>
<!-- Generated by org.testng.reporters.JUnitReportReporter -->
<testsuite hostname="SD-APPS-090" name="Moto_G31.Test3" tests="1" failures="0" timestamp="21 Feb 2023 16:47:29 GMT" time="260.991" errors="0">
  <testcase name="Format" time="260.991" classname="Moto_G31.Test3"/>
</testsuite>
