<?xml version="1.0" encoding="UTF-8"?>
<!-- Generated by org.testng.reporters.JUnitReportReporter -->
<testsuite hostname="SD-APPS-090" name="Moto_G31.Test8" tests="1" failures="0" timestamp="21 Feb 2023 16:47:29 GMT" time="198.106" errors="0">
  <testcase name="recordAudio" time="198.106" classname="Moto_G31.Test8"/>
</testsuite>
