<?xml version="1.0" encoding="UTF-8"?>
<!-- Generated by org.testng.reporters.JUnitReportReporter -->
<testsuite hostname="SD-APPS-201" name="Realme_C11_2021.Test0_Int" tests="1" failures="0" timestamp="30 Jan 2023 15:57:21 GMT" time="1638.943" errors="0">
  <testcase name="start" time="1638.943" classname="Realme_C11_2021.Test0_Int"/>
</testsuite>
