<?xml version="1.0" encoding="UTF-8"?>
<!-- Generated by org.testng.reporters.JUnitReportReporter -->
<testsuite hostname="SD-APPS-201" name="Realme_C11_2021.Test8_Int" tests="1" failures="0" timestamp="30 Jan 2023 15:57:21 GMT" time="582.766" errors="0">
  <testcase name="recordAudio" time="582.766" classname="Realme_C11_2021.Test8_Int"/>
</testsuite>
