<?xml version="1.0" encoding="UTF-8"?>
<!-- Generated by org.testng.reporters.JUnitReportReporter -->
<testsuite hostname="SD-APPS-201" name="Realme_C11_2021.Test18_Int" tests="1" failures="0" timestamp="30 Jan 2023 15:57:21 GMT" time="798.157" errors="0">
  <testcase name="CopyPaste" time="798.157" classname="Realme_C11_2021.Test18_Int"/>
</testsuite>
