<?xml version="1.0" encoding="UTF-8"?>
<!-- Generated by org.testng.reporters.JUnitReportReporter -->
<testsuite hostname="SD-APPS-201" name="Realme_C11_2021.Test9F_Int" tests="1" failures="0" timestamp="30 Jan 2023 15:57:21 GMT" time="1780.058" errors="0">
  <testcase name="FrontPictureCapture" time="1780.058" classname="Realme_C11_2021.Test9F_Int"/>
</testsuite>
