<?xml version="1.0" encoding="UTF-8"?>
<!-- Generated by org.testng.reporters.JUnitReportReporter -->
<testsuite hostname="SD-APPS-201" name="Realme_C11_2021.Test10_Int" tests="1" failures="0" timestamp="30 Jan 2023 15:57:21 GMT" time="2439.795" errors="0">
  <testcase name="rearVideoRec" time="2439.795" classname="Realme_C11_2021.Test10_Int"/>
</testsuite>
