<?xml version="1.0" encoding="UTF-8"?>
<!-- Generated by org.testng.reporters.JUnitReportReporter -->
<testsuite hostname="SD-APPS-090" name="Realme_6i_RMX2040.Test8" tests="1" failures="0" timestamp="12 Jan 2023 09:58:58 GMT" time="36.258" errors="0">
  <testcase name="recordAudio" time="36.258" classname="Realme_6i_RMX2040.Test8"/>
</testsuite>
