<?xml version="1.0" encoding="UTF-8"?>
<!-- Generated by org.testng.reporters.JUnitReportReporter -->
<testsuite hostname="SD-APPS-090" name="Realme_6i_RMX2040.Test9" tests="1" failures="0" timestamp="12 Jan 2023 09:58:58 GMT" time="62.396" errors="0">
  <testcase name="RearPictureCapture" time="62.396" classname="Realme_6i_RMX2040.Test9"/>
</testsuite>
