<?xml version="1.0" encoding="UTF-8"?>
<!-- Generated by org.testng.reporters.JUnitReportReporter -->
<testsuite hostname="SD-APPS-090" name="Realme_6i_RMX2040.Test10F" tests="1" failures="0" timestamp="12 Jan 2023 09:58:58 GMT" time="67.753" errors="0">
  <testcase name="frontVideoRec" time="67.753" classname="Realme_6i_RMX2040.Test10F"/>
</testsuite>
