<?xml version="1.0" encoding="UTF-8"?>
<!-- Generated by org.testng.reporters.JUnitReportReporter -->
<testsuite hostname="RPG-USB-APPS-383" name="Xiaomi_Redmi_Note11_Pro5G_2201116SG.Test0" tests="1" failures="0" timestamp="10 Jan 2023 14:39:56 GMT" time="995.391" errors="0">
  <testcase name="start" time="995.391" classname="Xiaomi_Redmi_Note11_Pro5G_2201116SG.Test0"/>
</testsuite>
