<?xml version="1.0" encoding="UTF-8"?>
<!-- Generated by org.testng.reporters.JUnitReportReporter -->
<testsuite hostname="RPG-USB-APPS-383" name="Xiaomi_Redmi_Note11_Pro5G_2201116SG.Test18" tests="1" failures="0" timestamp="10 Jan 2023 14:39:56 GMT" time="1046.836" errors="0">
  <testcase name="CopyPaste" time="1046.836" classname="Xiaomi_Redmi_Note11_Pro5G_2201116SG.Test18"/>
</testsuite>
