<?xml version="1.0" encoding="UTF-8"?>
<!-- Generated by org.testng.reporters.JUnitReportReporter -->
<testsuite hostname="SD-APPS-200" name="Samsung_Galaxy_M13_5G_SM_M136BDS.Test9" tests="1" failures="0" timestamp="10 Jan 2023 08:43:12 GMT" time="2564.538" errors="0">
  <testcase name="RearPictureCapture" time="2564.538" classname="Samsung_Galaxy_M13_5G_SM_M136BDS.Test9"/>
</testsuite>
