<?xml version="1.0" encoding="UTF-8"?>
<!-- Generated by org.testng.reporters.JUnitReportReporter -->
<testsuite hostname="SD-APPS-201" name="BLU_G91S.Test8_Int" tests="1" failures="0" timestamp="8 Mar 2023 17:12:40 GMT" time="573.918" errors="0">
  <testcase name="recordAudio" time="573.918" classname="BLU_G91S.Test8_Int"/>
</testsuite>
