<?xml version="1.0" encoding="UTF-8"?>
<!-- Generated by org.testng.reporters.JUnitReportReporter -->
<testsuite hostname="SD-APPS-201" name="BLU_G91S.Test9F_Int" tests="1" failures="0" timestamp="8 Mar 2023 17:12:40 GMT" time="2652.530" errors="0">
  <testcase name="RearPictureCapture" time="2652.530" classname="BLU_G91S.Test9F_Int"/>
</testsuite>
