<?xml version="1.0" encoding="UTF-8"?>
<!-- Generated by org.testng.reporters.JUnitReportReporter -->
<testsuite hostname="SD-APPS-201" name="BLU_G91S.Test10F_Int" tests="1" failures="0" timestamp="8 Mar 2023 17:12:40 GMT" time="3015.476" errors="0">
  <testcase name="rearVideoRec" time="3015.476" classname="BLU_G91S.Test10F_Int"/>
</testsuite>
