<?xml version="1.0" encoding="UTF-8"?>
<!-- Generated by org.testng.reporters.JUnitReportReporter -->
<testsuite hostname="SD-APPS-200" name="Samsung_Galaxy_M53_5G_SM_M536BDS.Test0" tests="1" failures="0" timestamp="13 Jan 2023 12:18:11 GMT" time="1101.038" errors="0">
  <testcase name="start" time="1101.038" classname="Samsung_Galaxy_M53_5G_SM_M536BDS.Test0"/>
</testsuite>
