<?xml version="1.0" encoding="UTF-8"?>
<!-- Generated by org.testng.reporters.JUnitReportReporter -->
<testsuite hostname="SD-APPS-200" name="Samsung_Galaxy_M53_5G_SM_M536BDS.Test9F" tests="1" failures="0" timestamp="13 Jan 2023 12:18:11 GMT" time="1269.060" errors="0">
  <testcase name="frontPictureCapture" time="1269.060" classname="Samsung_Galaxy_M53_5G_SM_M536BDS.Test9F"/>
</testsuite>
