<?xml version="1.0" encoding="UTF-8"?>
<!-- Generated by org.testng.reporters.JUnitReportReporter -->
<testsuite hostname="RPG-USB-APPS-383" name="Realme_XT_RMX1921.Test0" tests="1" failures="0" timestamp="6 Jan 2023 17:13:42 GMT" time="1144.343" errors="0">
  <testcase name="start" time="1144.343" classname="Realme_XT_RMX1921.Test0"/>
</testsuite>
