<?xml version="1.0" encoding="UTF-8"?>
<!-- Generated by org.testng.reporters.JUnitReportReporter -->
<testsuite hostname="RPG-USB-APPS-383" name="Realme_XT_RMX1921.Test8" tests="1" failures="0" timestamp="6 Jan 2023 17:13:42 GMT" time="196.216" errors="0">
  <testcase name="recordAudio" time="196.216" classname="Realme_XT_RMX1921.Test8"/>
</testsuite>
