<?xml version="1.0" encoding="UTF-8"?>
<!-- Generated by org.testng.reporters.JUnitReportReporter -->
<testsuite hostname="SD-APPS-200" name="Samsung_Galaxy_A71_5G.Test0" tests="1" failures="0" timestamp="16 Jan 2023 12:52:21 GMT" time="1151.376" errors="0">
  <testcase name="start" time="1151.376" classname="Samsung_Galaxy_A71_5G.Test0"/>
</testsuite>
