<?xml version="1.0" encoding="UTF-8"?>
<!-- Generated by org.testng.reporters.JUnitReportReporter -->
<testsuite hostname="SD-APPS-090" name="Realme_Narzo30_5G.Test9" tests="1" failures="0" timestamp="12 Jan 2023 12:02:53 GMT" time="2477.277" errors="0">
  <testcase name="RearPictureCapture" time="2477.277" classname="Realme_Narzo30_5G.Test9"/>
</testsuite>
