<?xml version="1.0" encoding="UTF-8"?>
<!-- Generated by org.testng.reporters.JUnitReportReporter -->
<testsuite hostname="SD-APPS-090" name="Realme_Narzo30_5G.Test0" tests="1" failures="0" timestamp="12 Jan 2023 12:02:53 GMT" time="176.059" errors="0">
  <testcase name="start" time="176.059" classname="Realme_Narzo30_5G.Test0"/>
</testsuite>
