<?xml version="1.0" encoding="UTF-8"?>
<!-- Generated by org.testng.reporters.JUnitReportReporter -->
<testsuite hostname="SD-APPS-090" name="Realme_Narzo50A_RMX3430.Test10F" tests="1" failures="0" timestamp="12 Jan 2023 11:54:06 GMT" time="1616.511" errors="0">
  <testcase name="frontVideoRec" time="1616.511" classname="Realme_Narzo50A_RMX3430.Test10F"/>
</testsuite>
