<?xml version="1.0" encoding="UTF-8"?>
<!-- Generated by org.testng.reporters.JUnitReportReporter -->
<testsuite hostname="SD-APPS-090" name="Realme_Narzo50A_RMX3430.Test8" tests="1" failures="0" timestamp="12 Jan 2023 11:54:06 GMT" time="196.220" errors="0">
  <testcase name="recordAudio" time="196.220" classname="Realme_Narzo50A_RMX3430.Test8"/>
</testsuite>
