<?xml version="1.0" encoding="UTF-8"?>
<!-- Generated by org.testng.reporters.JUnitReportReporter -->
<testsuite hostname="BNPLYY2" name="Samsung_GalaxyA72.Test9F" tests="1" failures="0" timestamp="3 Oct 2022 13:09:23 GMT" time="381.152" errors="0">
  <testcase name="frontPictureCapture" time="381.152" classname="Samsung_GalaxyA72.Test9F"/>
</testsuite>
