<?xml version="1.0" encoding="UTF-8"?>
<!-- Generated by org.testng.reporters.JUnitReportReporter -->
<testsuite hostname="SD-APPS-201" name="Plum_Gator7_Z570.Test0" tests="1" failures="0" timestamp="13 Mar 2023 10:39:13 GMT" time="1075.872" errors="0">
  <testcase name="start" time="1075.872" classname="Plum_Gator7_Z570.Test0"/>
</testsuite>
