<?xml version="1.0" encoding="UTF-8"?>
<!-- Generated by org.testng.reporters.JUnitReportReporter -->
<testsuite hostname="SD-APPS-201" name="Plum_Gator7_Z570.Test3" tests="1" failures="0" timestamp="13 Mar 2023 10:39:13 GMT" time="297.544" errors="0">
  <testcase name="Format" time="297.544" classname="Plum_Gator7_Z570.Test3"/>
</testsuite>
