<?xml version="1.0" encoding="UTF-8"?>
<!-- Generated by org.testng.reporters.JUnitReportReporter -->
<testsuite hostname="SD-APPS-201" name="Plum_Gator7_Z570.Test18" tests="1" failures="0" timestamp="13 Mar 2023 10:39:13 GMT" time="891.536" errors="0">
  <testcase name="CopyPaste" time="891.536" classname="Plum_Gator7_Z570.Test18"/>
</testsuite>
