<?xml version="1.0" encoding="UTF-8"?>
<!-- Generated by org.testng.reporters.JUnitReportReporter -->
<testsuite hostname="SD-APPS-201" name="Realme_C30_RMX3581.Test10F" tests="1" failures="0" timestamp="24 Feb 2023 13:29:29 GMT" time="2341.038" errors="0">
  <testcase name="frontVideoRec" time="2341.038" classname="Realme_C30_RMX3581.Test10F"/>
</testsuite>
