<?xml version="1.0" encoding="UTF-8"?>
<!-- Generated by org.testng.reporters.JUnitReportReporter -->
<testsuite hostname="SD-APPS-201" name="Realme_C30_RMX3581.Test18" tests="1" failures="0" timestamp="24 Feb 2023 13:29:29 GMT" time="430.564" errors="0">
  <testcase name="CopyPaste" time="430.564" classname="Realme_C30_RMX3581.Test18"/>
</testsuite>
