<?xml version="1.0" encoding="UTF-8"?>
<!-- Generated by org.testng.reporters.JUnitReportReporter -->
<testsuite hostname="SD-APPS-090" name="Realme_9_5G_Speed.Test18" tests="1" failures="0" timestamp="13 Jan 2023 11:08:04 GMT" time="1055.777" errors="0">
  <testcase name="CopyPaste" time="1055.777" classname="Realme_9_5G_Speed.Test18"/>
</testsuite>
