<?xml version="1.0" encoding="UTF-8"?>
<!-- Generated by org.testng.reporters.JUnitReportReporter -->
<testsuite hostname="SD-APPS-090" name="Realme_9_5G_Speed.Test8" tests="1" failures="0" timestamp="13 Jan 2023 11:08:04 GMT" time="200.468" errors="0">
  <testcase name="recordAudio" time="200.468" classname="Realme_9_5G_Speed.Test8"/>
</testsuite>
