<?xml version="1.0" encoding="UTF-8"?>
<!-- Generated by org.testng.reporters.JUnitReportReporter -->
<testsuite hostname="SD-APPS-090" name="Realme_9_5G_Speed.Test9" tests="1" failures="0" timestamp="13 Jan 2023 11:08:04 GMT" time="95.433" errors="0">
  <testcase name="RearPictureCapture" time="95.433" classname="Realme_9_5G_Speed.Test9"/>
</testsuite>
