<?xml version="1.0" encoding="UTF-8"?>
<!-- Generated by org.testng.reporters.JUnitReportReporter -->
<testsuite hostname="SD-APPS-201" name="BLU_C5L_Max.Test8_Int" tests="1" failures="0" timestamp="16 Mar 2023 09:09:13 GMT" time="584.594" errors="0">
  <testcase name="recordAudio" time="584.594" classname="BLU_C5L_Max.Test8_Int"/>
</testsuite>
