<?xml version="1.0" encoding="UTF-8"?>
<!-- Generated by org.testng.reporters.JUnitReportReporter -->
<testsuite hostname="SD-APPS-201" name="BLU_C5L_Max.Test0_Int" tests="1" failures="0" timestamp="16 Mar 2023 09:09:13 GMT" time="1445.091" errors="0">
  <testcase name="start" time="1445.091" classname="BLU_C5L_Max.Test0_Int"/>
</testsuite>
