<?xml version="1.0" encoding="UTF-8"?>
<!-- Generated by org.testng.reporters.JUnitReportReporter -->
<testsuite hostname="SD-APPS-201" name="BLU_C5L_Max.Test18_Int" tests="1" failures="0" timestamp="16 Mar 2023 09:09:13 GMT" time="786.202" errors="0">
  <testcase name="CopyPaste" time="786.202" classname="BLU_C5L_Max.Test18_Int"/>
</testsuite>
