<?xml version="1.0" encoding="UTF-8"?>
<!-- Generated by org.testng.reporters.JUnitReportReporter -->
<testsuite hostname="SD-APPS-201" name="BLU_C5L_Max.Test3_Int" tests="1" failures="0" timestamp="16 Mar 2023 09:09:13 GMT" time="474.566" errors="0">
  <testcase name="Format" time="474.566" classname="BLU_C5L_Max.Test3_Int"/>
</testsuite>
