<?xml version="1.0" encoding="UTF-8"?>
<!-- Generated by org.testng.reporters.JUnitReportReporter -->
<testsuite hostname="SD-APPS-201" name="Realme_C35_RMX3511.Test10_Int" tests="1" failures="0" timestamp="16 Feb 2023 15:55:41 GMT" time="2379.677" errors="0">
  <testcase name="rearVideoRec" time="2379.677" classname="Realme_C35_RMX3511.Test10_Int"/>
</testsuite>
