<?xml version="1.0" encoding="UTF-8"?>
<!-- Generated by org.testng.reporters.JUnitReportReporter -->
<testsuite hostname="SD-APPS-201" name="Realme_C35_RMX3511.Test18_Int" tests="1" failures="0" timestamp="16 Feb 2023 15:55:41 GMT" time="809.849" errors="0">
  <testcase name="CopyPaste" time="809.849" classname="Realme_C35_RMX3511.Test18_Int"/>
</testsuite>
