<?xml version="1.0" encoding="UTF-8"?>
<!-- Generated by org.testng.reporters.JUnitReportReporter -->
<testsuite hostname="BNPLYY2" name="OnePlus_Nord_N10_5G.Test9F" tests="1" failures="0" timestamp="31 Oct 2022 12:13:00 GMT" time="810.460" errors="0">
  <testcase name="frontPictureCapture" time="810.460" classname="OnePlus_Nord_N10_5G.Test9F"/>
</testsuite>
