<?xml version="1.0" encoding="UTF-8"?>
<!-- Generated by org.testng.reporters.JUnitReportReporter -->
<testsuite hostname="SD-APPS-200" name="Samsung_Galaxy_A33_5G_SMA336EDS.Test10F" tests="1" failures="0" timestamp="16 Jan 2023 12:22:13 GMT" time="602.763" errors="0">
  <testcase name="rearVideoRec" time="602.763" classname="Samsung_Galaxy_A33_5G_SMA336EDS.Test10F"/>
</testsuite>
