<?xml version="1.0" encoding="UTF-8"?>
<!-- Generated by org.testng.reporters.JUnitReportReporter -->
<testsuite hostname="SD-APPS-200" name="Samsung_Galaxy_A33_5G_SMA336EDS.Test8" tests="1" failures="0" timestamp="16 Jan 2023 12:22:13 GMT" time="619.288" errors="0">
  <testcase name="recordAudio" time="619.288" classname="Samsung_Galaxy_A33_5G_SMA336EDS.Test8"/>
</testsuite>
