<?xml version="1.0" encoding="UTF-8"?>
<!-- Generated by org.testng.reporters.JUnitReportReporter -->
<testsuite hostname="RPG-USB-APPS-383" name="Xiaomi_Redmi_Note11_Pro_Max5G_2201116SI.Test8" tests="1" failures="0" timestamp="11 Jan 2023 16:34:12 GMT" time="689.444" errors="0">
  <testcase name="recordAudio" time="689.444" classname="Xiaomi_Redmi_Note11_Pro_Max5G_2201116SI.Test8"/>
</testsuite>
