<?xml version="1.0" encoding="UTF-8"?>
<!-- Generated by org.testng.reporters.JUnitReportReporter -->
<testsuite hostname="SD-APPS-090" name="Xiaomi_Poco_M3.Test0" tests="1" failures="0" timestamp="18 Oct 2022 08:18:44 GMT" time="954.526" errors="0">
  <testcase name="start" time="954.526" classname="Xiaomi_Poco_M3.Test0"/>
</testsuite>
