<?xml version="1.0" encoding="UTF-8"?>
<!-- Generated by org.testng.reporters.JUnitReportReporter -->
<testsuite hostname="SD-APPS-200" name="SamsungGalaxy_A32.Test10F" tests="1" failures="0" timestamp="10 Jan 2023 16:26:26 GMT" time="1604.948" errors="0">
  <testcase name="rearVideoRec" time="1604.948" classname="SamsungGalaxy_A32.Test10F"/>
</testsuite>
