<?xml version="1.0" encoding="UTF-8"?>
<!-- Generated by org.testng.reporters.JUnitReportReporter -->
<testsuite hostname="SD-APPS-200" name="SamsungGalaxy_A32.Test3" tests="1" failures="0" timestamp="10 Jan 2023 16:26:26 GMT" time="294.177" errors="0">
  <testcase name="Format" time="294.177" classname="SamsungGalaxy_A32.Test3"/>
</testsuite>
