<?xml version="1.0" encoding="UTF-8"?>
<!-- Generated by org.testng.reporters.JUnitReportReporter -->
<testsuite hostname="SD-APPS-090" name="LG_K41S.Test8" tests="1" failures="0" timestamp="13 Jan 2023 12:20:02 GMT" time="601.561" errors="0">
  <testcase name="recordAudio" time="601.561" classname="LG_K41S.Test8"/>
</testsuite>
