<?xml version="1.0" encoding="UTF-8"?>
<!-- Generated by org.testng.reporters.JUnitReportReporter -->
<testsuite hostname="SD-APPS-090" name="LG_K41S.Test18" tests="1" failures="0" timestamp="13 Jan 2023 12:20:02 GMT" time="959.708" errors="0">
  <testcase name="CopyPaste" time="959.708" classname="LG_K41S.Test18"/>
</testsuite>
