<?xml version="1.0" encoding="UTF-8"?>
<!-- Generated by org.testng.reporters.JUnitReportReporter -->
<testsuite hostname="SD-APPS-090" name="LG_K41S.Test9" tests="1" failures="0" timestamp="13 Jan 2023 12:20:02 GMT" time="1564.948" errors="0">
  <testcase name="RearPictureCapture" time="1564.948" classname="LG_K41S.Test9"/>
</testsuite>
