<?xml version="1.0" encoding="UTF-8"?>
<!-- Generated by org.testng.reporters.JUnitReportReporter -->
<testsuite hostname="SD-APPS-090" name="LG_K41S.Test9F" tests="1" failures="0" timestamp="13 Jan 2023 12:20:02 GMT" time="1011.515" errors="0">
  <testcase name="FrontPictureCapture" time="1011.515" classname="LG_K41S.Test9F"/>
</testsuite>
