<?xml version="1.0" encoding="UTF-8"?>
<!-- Generated by org.testng.reporters.JUnitReportReporter -->
<testsuite hostname="SD-APPS-090" name="LG_K41S.Test10F" tests="1" failures="0" timestamp="13 Jan 2023 12:20:02 GMT" time="2284.239" errors="0">
  <testcase name="frontVideoRec" time="2284.239" classname="LG_K41S.Test10F"/>
</testsuite>
