<?xml version="1.0" encoding="UTF-8"?>
<!-- Generated by org.testng.reporters.JUnitReportReporter -->
<testsuite hostname="SD-APPS-201" name="Motorola_Moto_e20_XT21553.Test18_Int" tests="1" failures="0" timestamp="30 Mar 2023 08:34:03 GMT" time="798.394" errors="0">
  <testcase name="CopyPaste" time="798.394" classname="Motorola_Moto_e20_XT21553.Test18_Int"/>
</testsuite>
