<?xml version="1.0" encoding="UTF-8"?>
<!-- Generated by org.testng.reporters.JUnitReportReporter -->
<testsuite hostname="SD-APPS-201" name="Motorola_Moto_e20_XT21553.Test8_Int" tests="1" failures="0" timestamp="30 Mar 2023 08:34:03 GMT" time="538.706" errors="0">
  <testcase name="recordAudio" time="538.706" classname="Motorola_Moto_e20_XT21553.Test8_Int"/>
</testsuite>
