<?xml version="1.0" encoding="UTF-8"?>
<!-- Generated by org.testng.reporters.JUnitReportReporter -->
<testsuite hostname="SD-APPS-201" name="Motorola_Moto_e20_XT21553.Test9F_Int" tests="1" failures="0" timestamp="30 Mar 2023 08:34:03 GMT" time="4009.714" errors="0">
  <testcase name="RearPictureCapture" time="4009.714" classname="Motorola_Moto_e20_XT21553.Test9F_Int"/>
</testsuite>
