<?xml version="1.0" encoding="UTF-8"?>
<!-- Generated by org.testng.reporters.JUnitReportReporter -->
<testsuite hostname="SD-APPS-201" name="Motorola_Moto_e20_XT21553.Test0_Int" tests="1" failures="0" timestamp="30 Mar 2023 08:34:03 GMT" time="249.652" errors="0">
  <testcase name="start" time="249.652" classname="Motorola_Moto_e20_XT21553.Test0_Int"/>
</testsuite>
