<?xml version="1.0" encoding="UTF-8"?>
<!-- Generated by org.testng.reporters.JUnitReportReporter -->
<testsuite hostname="BNPLYY2" name="Nokia_2_2_TA1209.Test10F_Int" tests="1" failures="0" timestamp="11 Nov 2022 05:55:04 GMT" time="772.710" errors="0">
  <testcase name="frontVideoRec" time="772.710" classname="Nokia_2_2_TA1209.Test10F_Int"/>
</testsuite>
