<?xml version="1.0" encoding="UTF-8"?>
<!-- Generated by org.testng.reporters.JUnitReportReporter -->
<testsuite hostname="SD-APPS-200" name="Samsung_Galaxy_A21s.Test8" tests="1" failures="0" timestamp="16 Jan 2023 15:47:44 GMT" time="644.228" errors="0">
  <testcase name="recordAudio" time="644.228" classname="Samsung_Galaxy_A21s.Test8"/>
</testsuite>
