<?xml version="1.0" encoding="UTF-8"?>
<!-- Generated by org.testng.reporters.JUnitReportReporter -->
<testsuite hostname="SD-APPS-200" name="Samsung_Galaxy_A21s.Test0" tests="1" failures="0" timestamp="16 Jan 2023 15:47:44 GMT" time="1066.057" errors="0">
  <testcase name="start" time="1066.057" classname="Samsung_Galaxy_A21s.Test0"/>
</testsuite>
