<?xml version="1.0" encoding="UTF-8"?>
<!-- Generated by org.testng.reporters.JUnitReportReporter -->
<testsuite hostname="SD-APPS-200" name="Samsung_Galaxy_A21s.Test9" tests="1" failures="0" timestamp="16 Jan 2023 15:47:44 GMT" time="893.598" errors="0">
  <testcase name="RearPictureCapture" time="893.598" classname="Samsung_Galaxy_A21s.Test9"/>
</testsuite>
