<?xml version="1.0" encoding="UTF-8"?>
<!-- Generated by org.testng.reporters.JUnitReportReporter -->
<testsuite hostname="SD-APPS-200" name="Samsung_Galaxy_A21s.Test10F" tests="1" failures="0" timestamp="16 Jan 2023 15:47:44 GMT" time="914.514" errors="0">
  <testcase name="rearVideoRec" time="914.514" classname="Samsung_Galaxy_A21s.Test10F"/>
</testsuite>
