<?xml version="1.0" encoding="UTF-8"?>
<!-- Generated by org.testng.reporters.JUnitReportReporter -->
<testsuite hostname="BNPLYY2" name="BlackView_Tab12.Test3_Int" tests="1" failures="0" timestamp="10 Feb 2023 05:05:17 GMT" time="360.476" errors="0">
  <testcase name="Format" time="360.476" classname="BlackView_Tab12.Test3_Int"/>
</testsuite>
