<?xml version="1.0" encoding="UTF-8"?>
<testsuite xmlns:xsi="http://www.w3.org/2001/XMLSchema-instance" xsi:noNamespaceSchemaLocation="https://maven.apache.org/surefire/maven-surefire-plugin/xsd/surefire-test-report-3.0.xsd" version="3.0" name="TestSuite" time="390.697" tests="1" errors="0" skipped="0" failures="0">
  <properties>
    <property name="sun.desktop" value="windows"/>
    <property name="awt.toolkit" value="sun.awt.windows.WToolkit"/>
    <property name="fileName" value="testng9F.xml"/>
    <property name="java.specification.version" value="1.8"/>
    <property name="file.encoding.pkg" value="sun.io"/>
    <property name="sun.cpu.isalist" value="amd64"/>
    <property name="totalPictureCountFront" value="1"/>
    <property name="sun.jnu.encoding" value="Cp1252"/>
    <property name="java.class.path" value="C:\Users\7336135\Android11\eclipse-workspace\Samsung_GalaxyA72\target\test-classes;C:\Users\7336135\Android11\eclipse-workspace\Samsung_GalaxyA72\target\classes;C:\Users\7336135\.m2\repository\org\seleniumhq\selenium\selenium-java\3.141.59\selenium-java-3.141.59.jar;C:\Users\7336135\.m2\repository\org\seleniumhq\selenium\selenium-api\3.141.59\selenium-api-3.141.59.jar;C:\Users\7336135\.m2\repository\org\seleniumhq\selenium\selenium-chrome-driver\3.141.59\selenium-chrome-driver-3.141.59.jar;C:\Users\7336135\.m2\repository\org\seleniumhq\selenium\selenium-edge-driver\3.141.59\selenium-edge-driver-3.141.59.jar;C:\Users\7336135\.m2\repository\org\seleniumhq\selenium\selenium-firefox-driver\3.141.59\selenium-firefox-driver-3.141.59.jar;C:\Users\7336135\.m2\repository\org\seleniumhq\selenium\selenium-ie-driver\3.141.59\selenium-ie-driver-3.141.59.jar;C:\Users\7336135\.m2\repository\org\seleniumhq\selenium\selenium-opera-driver\3.141.59\selenium-opera-driver-3.141.59.jar;C:\Users\7336135\.m2\repository\org\seleniumhq\selenium\selenium-remote-driver\3.141.59\selenium-remote-driver-3.141.59.jar;C:\Users\7336135\.m2\repository\org\seleniumhq\selenium\selenium-safari-driver\3.141.59\selenium-safari-driver-3.141.59.jar;C:\Users\7336135\.m2\repository\org\seleniumhq\selenium\selenium-support\3.141.59\selenium-support-3.141.59.jar;C:\Users\7336135\.m2\repository\net\bytebuddy\byte-buddy\1.8.15\byte-buddy-1.8.15.jar;C:\Users\7336135\.m2\repository\org\apache\commons\commons-exec\1.3\commons-exec-1.3.jar;C:\Users\7336135\.m2\repository\com\google\guava\guava\25.0-jre\guava-25.0-jre.jar;C:\Users\7336135\.m2\repository\com\google\code\findbugs\jsr305\1.3.9\jsr305-1.3.9.jar;C:\Users\7336135\.m2\repository\org\checkerframework\checker-compat-qual\2.0.0\checker-compat-qual-2.0.0.jar;C:\Users\7336135\.m2\repository\com\google\errorprone\error_prone_annotations\2.1.3\error_prone_annotations-2.1.3.jar;C:\Users\7336135\.m2\repository\com\google\j2objc\j2objc-annotations\1.1\j2objc-annotations-1.1.jar;C:\Users\7336135\.m2\repository\org\codehaus\mojo\animal-sniffer-annotations\1.14\animal-sniffer-annotations-1.14.jar;C:\Users\7336135\.m2\repository\com\squareup\okhttp3\okhttp\3.11.0\okhttp-3.11.0.jar;C:\Users\7336135\.m2\repository\com\squareup\okio\okio\1.14.0\okio-1.14.0.jar;C:\Users\7336135\.m2\repository\org\seleniumhq\selenium\selenium-android-driver\2.39.0\selenium-android-driver-2.39.0.jar;C:\Users\7336135\.m2\repository\io\appium\java-client\7.0.0\java-client-7.0.0.jar;C:\Users\7336135\.m2\repository\com\google\code\gson\gson\2.8.5\gson-2.8.5.jar;C:\Users\7336135\.m2\repository\org\apache\httpcomponents\httpclient\4.5.6\httpclient-4.5.6.jar;C:\Users\7336135\.m2\repository\org\apache\httpcomponents\httpcore\4.4.10\httpcore-4.4.10.jar;C:\Users\7336135\.m2\repository\commons-logging\commons-logging\1.2\commons-logging-1.2.jar;C:\Users\7336135\.m2\repository\commons-codec\commons-codec\1.10\commons-codec-1.10.jar;C:\Users\7336135\.m2\repository\cglib\cglib\3.2.8\cglib-3.2.8.jar;C:\Users\7336135\.m2\repository\org\ow2\asm\asm\6.2.1\asm-6.2.1.jar;C:\Users\7336135\.m2\repository\org\apache\ant\ant\1.10.3\ant-1.10.3.jar;C:\Users\7336135\.m2\repository\org\apache\ant\ant-launcher\1.10.3\ant-launcher-1.10.3.jar;C:\Users\7336135\.m2\repository\commons-validator\commons-validator\1.6\commons-validator-1.6.jar;C:\Users\7336135\.m2\repository\commons-beanutils\commons-beanutils\1.9.2\commons-beanutils-1.9.2.jar;C:\Users\7336135\.m2\repository\commons-digester\commons-digester\1.8.1\commons-digester-1.8.1.jar;C:\Users\7336135\.m2\repository\commons-collections\commons-collections\3.2.2\commons-collections-3.2.2.jar;C:\Users\7336135\.m2\repository\org\apache\commons\commons-lang3\3.8\commons-lang3-3.8.jar;C:\Users\7336135\.m2\repository\commons-io\commons-io\2.6\commons-io-2.6.jar;C:\Users\7336135\.m2\repository\org\springframework\spring-context\5.1.0.RELEASE\spring-context-5.1.0.RELEASE.jar;C:\Users\7336135\.m2\repository\org\springframework\spring-aop\5.1.0.RELEASE\spring-aop-5.1.0.RELEASE.jar;C:\Users\7336135\.m2\repository\org\springframework\spring-beans\5.1.0.RELEASE\spring-beans-5.1.0.RELEASE.jar;C:\Users\7336135\.m2\repository\org\springframework\spring-core\5.1.0.RELEASE\spring-core-5.1.0.RELEASE.jar;C:\Users\7336135\.m2\repository\org\springframework\spring-jcl\5.1.0.RELEASE\spring-jcl-5.1.0.RELEASE.jar;C:\Users\7336135\.m2\repository\org\springframework\spring-expression\5.1.0.RELEASE\spring-expression-5.1.0.RELEASE.jar;C:\Users\7336135\.m2\repository\org\aspectj\aspectjweaver\1.9.1\aspectjweaver-1.9.1.jar;C:\Users\7336135\.m2\repository\org\slf4j\slf4j-api\1.7.25\slf4j-api-1.7.25.jar;C:\Users\7336135\.m2\repository\org\testng\testng\6.1.1\testng-6.1.1.jar;C:\Users\7336135\.m2\repository\junit\junit\3.8.1\junit-3.8.1.jar;C:\Users\7336135\.m2\repository\org\beanshell\bsh\2.0b4\bsh-2.0b4.jar;C:\Users\7336135\.m2\repository\com\beust\jcommander\1.12\jcommander-1.12.jar;C:\Users\7336135\.m2\repository\org\yaml\snakeyaml\1.6\snakeyaml-1.6.jar;"/>
    <property name="java.vm.vendor" value="Oracle Corporation"/>
    <property name="sun.arch.data.model" value="64"/>
    <property name="user.variant" value=""/>
    <property name="java.vendor.url" value="http://java.oracle.com/"/>
    <property name="user.timezone" value="Asia/Calcutta"/>
    <property name="java.vm.specification.version" value="1.8"/>
    <property name="os.name" value="Windows 10"/>
    <property name="user.country" value="US"/>
    <property name="sun.java.launcher" value="SUN_STANDARD"/>
    <property name="sun.boot.library.path" value="C:\Program Files\Java\jdk1.8.0_202\jre\bin"/>
    <property name="sun.java.command" value="C:\Users\7336135\AppData\Local\Temp\surefire5233110154430831593\surefirebooter6943659893126248568.jar C:\Users\7336135\AppData\Local\Temp\surefire5233110154430831593 2022-10-03T18-32-50_557-jvmRun1 surefire1996226645816811022tmp surefire_0458469317147105545tmp"/>
    <property name="surefire.test.class.path" value="C:\Users\7336135\Android11\eclipse-workspace\Samsung_GalaxyA72\target\test-classes;C:\Users\7336135\Android11\eclipse-workspace\Samsung_GalaxyA72\target\classes;C:\Users\7336135\.m2\repository\org\seleniumhq\selenium\selenium-java\3.141.59\selenium-java-3.141.59.jar;C:\Users\7336135\.m2\repository\org\seleniumhq\selenium\selenium-api\3.141.59\selenium-api-3.141.59.jar;C:\Users\7336135\.m2\repository\org\seleniumhq\selenium\selenium-chrome-driver\3.141.59\selenium-chrome-driver-3.141.59.jar;C:\Users\7336135\.m2\repository\org\seleniumhq\selenium\selenium-edge-driver\3.141.59\selenium-edge-driver-3.141.59.jar;C:\Users\7336135\.m2\repository\org\seleniumhq\selenium\selenium-firefox-driver\3.141.59\selenium-firefox-driver-3.141.59.jar;C:\Users\7336135\.m2\repository\org\seleniumhq\selenium\selenium-ie-driver\3.141.59\selenium-ie-driver-3.141.59.jar;C:\Users\7336135\.m2\repository\org\seleniumhq\selenium\selenium-opera-driver\3.141.59\selenium-opera-driver-3.141.59.jar;C:\Users\7336135\.m2\repository\org\seleniumhq\selenium\selenium-remote-driver\3.141.59\selenium-remote-driver-3.141.59.jar;C:\Users\7336135\.m2\repository\org\seleniumhq\selenium\selenium-safari-driver\3.141.59\selenium-safari-driver-3.141.59.jar;C:\Users\7336135\.m2\repository\org\seleniumhq\selenium\selenium-support\3.141.59\selenium-support-3.141.59.jar;C:\Users\7336135\.m2\repository\net\bytebuddy\byte-buddy\1.8.15\byte-buddy-1.8.15.jar;C:\Users\7336135\.m2\repository\org\apache\commons\commons-exec\1.3\commons-exec-1.3.jar;C:\Users\7336135\.m2\repository\com\google\guava\guava\25.0-jre\guava-25.0-jre.jar;C:\Users\7336135\.m2\repository\com\google\code\findbugs\jsr305\1.3.9\jsr305-1.3.9.jar;C:\Users\7336135\.m2\repository\org\checkerframework\checker-compat-qual\2.0.0\checker-compat-qual-2.0.0.jar;C:\Users\7336135\.m2\repository\com\google\errorprone\error_prone_annotations\2.1.3\error_prone_annotations-2.1.3.jar;C:\Users\7336135\.m2\repository\com\google\j2objc\j2objc-annotations\1.1\j2objc-annotations-1.1.jar;C:\Users\7336135\.m2\repository\org\codehaus\mojo\animal-sniffer-annotations\1.14\animal-sniffer-annotations-1.14.jar;C:\Users\7336135\.m2\repository\com\squareup\okhttp3\okhttp\3.11.0\okhttp-3.11.0.jar;C:\Users\7336135\.m2\repository\com\squareup\okio\okio\1.14.0\okio-1.14.0.jar;C:\Users\7336135\.m2\repository\org\seleniumhq\selenium\selenium-android-driver\2.39.0\selenium-android-driver-2.39.0.jar;C:\Users\7336135\.m2\repository\io\appium\java-client\7.0.0\java-client-7.0.0.jar;C:\Users\7336135\.m2\repository\com\google\code\gson\gson\2.8.5\gson-2.8.5.jar;C:\Users\7336135\.m2\repository\org\apache\httpcomponents\httpclient\4.5.6\httpclient-4.5.6.jar;C:\Users\7336135\.m2\repository\org\apache\httpcomponents\httpcore\4.4.10\httpcore-4.4.10.jar;C:\Users\7336135\.m2\repository\commons-logging\commons-logging\1.2\commons-logging-1.2.jar;C:\Users\7336135\.m2\repository\commons-codec\commons-codec\1.10\commons-codec-1.10.jar;C:\Users\7336135\.m2\repository\cglib\cglib\3.2.8\cglib-3.2.8.jar;C:\Users\7336135\.m2\repository\org\ow2\asm\asm\6.2.1\asm-6.2.1.jar;C:\Users\7336135\.m2\repository\org\apache\ant\ant\1.10.3\ant-1.10.3.jar;C:\Users\7336135\.m2\repository\org\apache\ant\ant-launcher\1.10.3\ant-launcher-1.10.3.jar;C:\Users\7336135\.m2\repository\commons-validator\commons-validator\1.6\commons-validator-1.6.jar;C:\Users\7336135\.m2\repository\commons-beanutils\commons-beanutils\1.9.2\commons-beanutils-1.9.2.jar;C:\Users\7336135\.m2\repository\commons-digester\commons-digester\1.8.1\commons-digester-1.8.1.jar;C:\Users\7336135\.m2\repository\commons-collections\commons-collections\3.2.2\commons-collections-3.2.2.jar;C:\Users\7336135\.m2\repository\org\apache\commons\commons-lang3\3.8\commons-lang3-3.8.jar;C:\Users\7336135\.m2\repository\commons-io\commons-io\2.6\commons-io-2.6.jar;C:\Users\7336135\.m2\repository\org\springframework\spring-context\5.1.0.RELEASE\spring-context-5.1.0.RELEASE.jar;C:\Users\7336135\.m2\repository\org\springframework\spring-aop\5.1.0.RELEASE\spring-aop-5.1.0.RELEASE.jar;C:\Users\7336135\.m2\repository\org\springframework\spring-beans\5.1.0.RELEASE\spring-beans-5.1.0.RELEASE.jar;C:\Users\7336135\.m2\repository\org\springframework\spring-core\5.1.0.RELEASE\spring-core-5.1.0.RELEASE.jar;C:\Users\7336135\.m2\repository\org\springframework\spring-jcl\5.1.0.RELEASE\spring-jcl-5.1.0.RELEASE.jar;C:\Users\7336135\.m2\repository\org\springframework\spring-expression\5.1.0.RELEASE\spring-expression-5.1.0.RELEASE.jar;C:\Users\7336135\.m2\repository\org\aspectj\aspectjweaver\1.9.1\aspectjweaver-1.9.1.jar;C:\Users\7336135\.m2\repository\org\slf4j\slf4j-api\1.7.25\slf4j-api-1.7.25.jar;C:\Users\7336135\.m2\repository\org\testng\testng\6.1.1\testng-6.1.1.jar;C:\Users\7336135\.m2\repository\junit\junit\3.8.1\junit-3.8.1.jar;C:\Users\7336135\.m2\repository\org\beanshell\bsh\2.0b4\bsh-2.0b4.jar;C:\Users\7336135\.m2\repository\com\beust\jcommander\1.12\jcommander-1.12.jar;C:\Users\7336135\.m2\repository\org\yaml\snakeyaml\1.6\snakeyaml-1.6.jar;"/>
    <property name="sun.cpu.endian" value="little"/>
    <property name="user.home" value="C:\Users\7336135"/>
    <property name="user.language" value="en"/>
    <property name="java.specification.vendor" value="Oracle Corporation"/>
    <property name="java.home" value="C:\Program Files\Java\jdk1.8.0_202\jre"/>
    <property name="basedir" value="C:\Users\7336135\Android11\eclipse-workspace\Samsung_GalaxyA72"/>
    <property name="file.separator" value="\"/>
    <property name="line.separator" value="&#10;"/>
    <property name="java.vm.specification.vendor" value="Oracle Corporation"/>
    <property name="java.specification.name" value="Java Platform API Specification"/>
    <property name="java.awt.graphicsenv" value="sun.awt.Win32GraphicsEnvironment"/>
    <property name="surefire.real.class.path" value="C:\Users\7336135\AppData\Local\Temp\surefire5233110154430831593\surefirebooter6943659893126248568.jar"/>
    <property name="sun.boot.class.path" value="C:\Program Files\Java\jdk1.8.0_202\jre\lib\resources.jar;C:\Program Files\Java\jdk1.8.0_202\jre\lib\rt.jar;C:\Program Files\Java\jdk1.8.0_202\jre\lib\sunrsasign.jar;C:\Program Files\Java\jdk1.8.0_202\jre\lib\jsse.jar;C:\Program Files\Java\jdk1.8.0_202\jre\lib\jce.jar;C:\Program Files\Java\jdk1.8.0_202\jre\lib\charsets.jar;C:\Program Files\Java\jdk1.8.0_202\jre\lib\jfr.jar;C:\Program Files\Java\jdk1.8.0_202\jre\classes"/>
    <property name="user.script" value=""/>
    <property name="sun.management.compiler" value="HotSpot 64-Bit Tiered Compilers"/>
    <property name="java.runtime.version" value="1.8.0_202-b08"/>
    <property name="totalPictureCountFront3" value="3"/>
    <property name="totalPictureCountFront2" value="1"/>
    <property name="user.name" value="7336135"/>
    <property name="totalPictureCountFront1" value="1"/>
    <property name="path.separator" value=";"/>
    <property name="os.version" value="10.0"/>
    <property name="java.endorsed.dirs" value="C:\Program Files\Java\jdk1.8.0_202\jre\lib\endorsed"/>
    <property name="java.runtime.name" value="Java(TM) SE Runtime Environment"/>
    <property name="file.encoding" value="Cp1252"/>
    <property name="java.vm.name" value="Java HotSpot(TM) 64-Bit Server VM"/>
    <property name="localRepository" value="C:\Users\7336135\.m2\repository"/>
    <property name="java.vendor.url.bug" value="http://bugreport.sun.com/bugreport/"/>
    <property name="java.io.tmpdir" value="C:\Users\7336135\AppData\Local\Temp\"/>
    <property name="java.version" value="1.8.0_202"/>
    <property name="user.dir" value="C:\Users\7336135\Android11\eclipse-workspace\Samsung_GalaxyA72"/>
    <property name="os.arch" value="amd64"/>
    <property name="java.vm.specification.name" value="Java Virtual Machine Specification"/>
    <property name="java.util.logging.SimpleFormatter.format" value="%1$tY-%1$tm-%1$td %1$tH:%1$tM:%1$tS %4$-6s %2$s %5$s%6$s%n"/>
    <property name="java.awt.printerjob" value="sun.awt.windows.WPrinterJob"/>
    <property name="Tolerance_Level" value="75"/>
    <property name="sun.os.patch.level" value=""/>
    <property name="java.library.path" value="C:\Program Files\Java\jdk1.8.0_202\jre\bin;C:\WINDOWS\Sun\Java\bin;C:\WINDOWS\system32;C:\WINDOWS;C:\Program Files (x86)\Common Files\Oracle\Java\javapath;C:\WINDOWS\system32;C:\WINDOWS;C:\WINDOWS\System32\Wbem;C:\WINDOWS\System32\WindowsPowerShell\v1.0\;C:\WINDOWS\System32\OpenSSH\;C:\Program Files (x86)\Webex\Plugins;C:\Program Files (x86)\Box\Box Edit\;C:\WINDOWS\system32\config\systemprofile\AppData\Local\Microsoft\WindowsApps;C:\Program Files\Symantec Corporation\Information Centric Tagging CLI;C:\ant\apache-ant-1.9.15\bin;C:\Android\Android-sdk\bin;C:\Program Files\Java\jdk1.8.0_202\bin;C:\Users\7336135\android-sdks\tools\;C:\Users\7336135\android-sdks\platform-tools\;C:\Android\Android-Sdk\tools\;C:\Android\Android-Sdk\platform-tools\;C:\Program Files\Symantec Corporation\Infor;C:\Program Files (x86)\Sennheiser\SenncomSDK\;C:\WINDOWS\system32;C:\WINDOWS;C:\WINDOWS\System32\Wbem;C:\WINDOWS\System32\WindowsPowerShell\v1.0\;C:\WINDOWS\System32\OpenSSH\;C:\Users\7336135\Maven\apache-maven-3.8.4\bin;C:\Program Files\dotnet\;C:\Program Files\Git\cmd;C:\Users\7336135\AppData\Local\Microsoft\WindowsApps;;."/>
    <property name="java.vm.info" value="mixed mode"/>
    <property name="java.vendor" value="Oracle Corporation"/>
    <property name="java.vm.version" value="25.202-b08"/>
    <property name="totalPictureCountFront4" value="4"/>
    <property name="java.ext.dirs" value="C:\Program Files\Java\jdk1.8.0_202\jre\lib\ext;C:\WINDOWS\Sun\Java\lib\ext"/>
    <property name="sun.io.unicode.encoding" value="UnicodeLittle"/>
    <property name="java.class.version" value="52.0"/>
  </properties>
  <testcase name="frontPictureCapture" classname="Samsung_GalaxyA72.Test9F" time="381.209">
    <system-out><![CDATA[Test: Start
===================================================================================================================================================================================================================================================================================================================================================================================================================================================================================================================================================================================================================================================================================================================================
Test9F Scenario is as follows:
1.Launch camera application, set uSD as a Storage option, start Front camera image picture capture for all Host front resolutions
2.Move captured front images from camera folder to Test9F folder
Setting up the appium desired capabilities
===================================================================================================================================================================================================================================================================================================================================================================================================================================================================================================================================================================================================================================================================================================================================
Launch Home screen and Clear recent apps
Launch Camera Application for Front camera picture Capture for all Host resolutions
If change to uSD card pop-up exists select Cancel
change to SD card element not found : org.openqa.selenium.NoSuchElementException: An element could not be located on the page using the given search parameters.
For documentation on this error, please visit: https://www.seleniumhq.org/exceptions/no_such_element.html
Build info: version: '3.141.59', revision: 'e82be7d358', time: '2018-11-14T08:17:03'
System info: host: 'BNPLYY2', ip: '10.113.89.123', os.name: 'Windows 10', os.arch: 'amd64', os.version: '10.0', java.version: '1.8.0_202'
Driver info: io.appium.java_client.android.AndroidDriver
Capabilities {automationName: UiAutomator2, databaseEnabled: false, desired: {automationName: UiAutomator2, deviceName: Galaxy A72, newCommandTimeout: 600, platformName: android, platformVersion: 11, udid: RZ8R32RWLVB}, deviceApiLevel: 30, deviceManufacturer: samsung, deviceModel: SM-A725F, deviceName: RZ8R32RWLVB, deviceScreenDensity: 450, deviceScreenSize: 1080x2400, deviceUDID: RZ8R32RWLVB, javascriptEnabled: true, locationContextEnabled: false, networkConnectionEnabled: true, newCommandTimeout: 600, pixelRatio: 2.8125, platform: LINUX, platformName: Android, platformVersion: 11, statBarHeight: 86, takesScreenshot: true, udid: RZ8R32RWLVB, viewportRect: {height: 2093, left: 0, top: 86, width: 1080}, warnings: {}, webStorageEnabled: false}
Session ID: ec11d344-3d17-4d70-b6eb-07071bd13dd4
*** Element info: {Using=-android uiautomator, value=new UiSelector().text("Cancel")}
If Location access Permission Request Pop Exists Click on Cancel. 
Test9F_Bcam_res: 5 resolutions supported
Switch To front Camera if current Exiting camera is in Back camera mode
Click Settings option
Swipe up and select storage location option
Select SD as storage option
Select Front Image size
totalPictureCountFront = 1
clicking First resolution Image0
Select Front Image size
Select Second resolution 9:16
totalPictureCountFront1 = 1
clicking Second resolution Image0
Front camera second resolution:1 images Captured succesfull
Select Front Image size
Select third Image Resoution: 1:1
totalPictureCountFront2 = 1
clicking Third resolution Image0
Front camera third resolution:1 images Captured succesfull
Select Front Image size
Select fourth resolution
totalPictureCountFront3 = 3
clicking Fourth resolution Image0
clicking Fourth resolution Image1
clicking Fourth resolution Image2
front camera fourth resolution:3 images Captured succesfull
Select Front Image size
Select fourth resolution
totalPictureCountFront4 = 4
clicking Fifthth resolution Image0
clicking Fifthth resolution Image1
clicking Fifthth resolution Image2
clicking Fifthth resolution Image3
Front camera fifth resolution:4 images Captured succesfull
Total Count value:10 images to be Captured 
Launch file manager application and verify captured images present in uSD Card
Swipe up to select uSD card
Select SD card
switch to grid view mode to select DCIM folder
Select DCIM Folder
Select camera folder
switch to list view mode
Click More options
Click select all
Total Image
Test9F_Fcam_image: 10 selected images Captured succesfull
Actual Value:10 selected
Interger value:10
Tolerance_Level = 75

Pass: Test9F pass for rear Image capture
Test9F Fcam_image: 10  images Captured succesfull
Final message: Pass Test9F Pass for Rear camera image capture
===================================================================================================================================================================================================================================================================================================================================================================================================================================================================================================================================================================================================================================================================================================================================
calling DataMoveOperation()
Re-launch file manager application and select external storage for data move operation, select all front camera images files present in camera folder and move to Test9F folder
Select external storage
switch to grid view mode and select DCIM folder
Select DCIM folder
Select camera folder
switch to list view mode
Click More options
Click select all
Click More options
select move to option
select uSD Card
Select ADD NEW Folder option
Name folder as Test9F
Accept create folder
Cut paste  video files operation completed successfully
Test9F: Data move operation completed successfully
Pass: Test9F Pass for data move operation successfully
Final message: Pass Test9F Pass for front Camera image capture
Test: End
===================================================================================================================================================================================================================================================================================================================================================================================================================================================================================================================================================================================================================================================================================================================================
]]></system-out>
    <system-err><![CDATA[2022-10-03 18:33:02 INFO   io.appium.java_client.remote.AppiumCommandExecutor$1 lambda$0 Detected dialect: W3C
2022-10-03 18:33:15 INFO   io.appium.java_client.remote.AppiumCommandExecutor$1 lambda$0 Detected dialect: W3C
org.openqa.selenium.NoSuchElementException: An element could not be located on the page using the given search parameters.
For documentation on this error, please visit: https://www.seleniumhq.org/exceptions/no_such_element.html
Build info: version: '3.141.59', revision: 'e82be7d358', time: '2018-11-14T08:17:03'
System info: host: 'BNPLYY2', ip: '10.113.89.123', os.name: 'Windows 10', os.arch: 'amd64', os.version: '10.0', java.version: '1.8.0_202'
Driver info: io.appium.java_client.android.AndroidDriver
Capabilities {automationName: UiAutomator2, databaseEnabled: false, desired: {automationName: UiAutomator2, deviceName: Galaxy A72, newCommandTimeout: 600, platformName: android, platformVersion: 11, udid: RZ8R32RWLVB}, deviceApiLevel: 30, deviceManufacturer: samsung, deviceModel: SM-A725F, deviceName: RZ8R32RWLVB, deviceScreenDensity: 450, deviceScreenSize: 1080x2400, deviceUDID: RZ8R32RWLVB, javascriptEnabled: true, locationContextEnabled: false, networkConnectionEnabled: true, newCommandTimeout: 600, pixelRatio: 2.8125, platform: LINUX, platformName: Android, platformVersion: 11, statBarHeight: 86, takesScreenshot: true, udid: RZ8R32RWLVB, viewportRect: {height: 2093, left: 0, top: 86, width: 1080}, warnings: {}, webStorageEnabled: false}
Session ID: ec11d344-3d17-4d70-b6eb-07071bd13dd4
*** Element info: {Using=xpath, value=//*[@resource-id='com.google.android.apps.nbu.files:id/agree_button']}
	at sun.reflect.NativeConstructorAccessorImpl.newInstance0(Native Method)
	at sun.reflect.NativeConstructorAccessorImpl.newInstance(NativeConstructorAccessorImpl.java:62)
	at sun.reflect.DelegatingConstructorAccessorImpl.newInstance(DelegatingConstructorAccessorImpl.java:45)
	at java.lang.reflect.Constructor.newInstance(Constructor.java:423)
	at org.openqa.selenium.remote.http.W3CHttpResponseCodec.createException(W3CHttpResponseCodec.java:187)
	at org.openqa.selenium.remote.http.W3CHttpResponseCodec.decode(W3CHttpResponseCodec.java:122)
	at org.openqa.selenium.remote.http.W3CHttpResponseCodec.decode(W3CHttpResponseCodec.java:49)
	at org.openqa.selenium.remote.HttpCommandExecutor.execute(HttpCommandExecutor.java:158)
	at io.appium.java_client.remote.AppiumCommandExecutor.execute(AppiumCommandExecutor.java:239)
	at org.openqa.selenium.remote.RemoteWebDriver.execute(RemoteWebDriver.java:552)
	at io.appium.java_client.DefaultGenericMobileDriver.execute(DefaultGenericMobileDriver.java:42)
	at io.appium.java_client.AppiumDriver.execute(AppiumDriver.java:1)
	at io.appium.java_client.android.AndroidDriver.execute(AndroidDriver.java:1)
	at org.openqa.selenium.remote.RemoteWebDriver.findElement(RemoteWebDriver.java:323)
	at io.appium.java_client.DefaultGenericMobileDriver.findElement(DefaultGenericMobileDriver.java:62)
	at io.appium.java_client.AppiumDriver.findElement(AppiumDriver.java:1)
	at io.appium.java_client.android.AndroidDriver.findElement(AndroidDriver.java:1)
	at org.openqa.selenium.remote.RemoteWebDriver.findElementByXPath(RemoteWebDriver.java:428)
	at io.appium.java_client.DefaultGenericMobileDriver.findElementByXPath(DefaultGenericMobileDriver.java:152)
	at io.appium.java_client.AppiumDriver.findElementByXPath(AppiumDriver.java:1)
	at io.appium.java_client.android.AndroidDriver.findElementByXPath(AndroidDriver.java:1)
	at org.openqa.selenium.By$ByXPath.findElement(By.java:353)
	at org.openqa.selenium.remote.RemoteWebDriver.findElement(RemoteWebDriver.java:315)
	at io.appium.java_client.DefaultGenericMobileDriver.findElement(DefaultGenericMobileDriver.java:58)
	at io.appium.java_client.AppiumDriver.findElement(AppiumDriver.java:1)
	at io.appium.java_client.android.AndroidDriver.findElement(AndroidDriver.java:1)
	at Samsung_GalaxyA72.Test9F.frontPictureCapture(Test9F.java:373)
	at sun.reflect.NativeMethodAccessorImpl.invoke0(Native Method)
	at sun.reflect.NativeMethodAccessorImpl.invoke(NativeMethodAccessorImpl.java:62)
	at sun.reflect.DelegatingMethodAccessorImpl.invoke(DelegatingMethodAccessorImpl.java:43)
	at java.lang.reflect.Method.invoke(Method.java:498)
	at org.testng.internal.MethodInvocationHelper.invokeMethod(MethodInvocationHelper.java:80)
	at org.testng.internal.Invoker.invokeMethod(Invoker.java:673)
	at org.testng.internal.Invoker.invokeTestMethod(Invoker.java:842)
	at org.testng.internal.Invoker.invokeTestMethods(Invoker.java:1166)
	at org.testng.internal.TestMethodWorker.invokeTestMethods(TestMethodWorker.java:125)
	at org.testng.internal.TestMethodWorker.run(TestMethodWorker.java:109)
	at org.testng.TestRunner.runWorkers(TestRunner.java:1178)
	at org.testng.TestRunner.privateRun(TestRunner.java:757)
	at org.testng.TestRunner.run(TestRunner.java:608)
	at org.testng.SuiteRunner.runTest(SuiteRunner.java:334)
	at org.testng.SuiteRunner.runSequentially(SuiteRunner.java:329)
	at org.testng.SuiteRunner.privateRun(SuiteRunner.java:291)
	at org.testng.SuiteRunner.run(SuiteRunner.java:240)
	at org.testng.SuiteRunnerWorker.runSuite(SuiteRunnerWorker.java:52)
	at org.testng.SuiteRunnerWorker.run(SuiteRunnerWorker.java:86)
	at org.testng.TestNG.runSuitesSequentially(TestNG.java:1158)
	at org.testng.TestNG.runSuitesLocally(TestNG.java:1083)
	at org.testng.TestNG.run(TestNG.java:999)
	at org.apache.maven.surefire.testng.TestNGExecutor.run(TestNGExecutor.java:284)
	at org.apache.maven.surefire.testng.TestNGXmlTestSuite.execute(TestNGXmlTestSuite.java:75)
	at org.apache.maven.surefire.testng.TestNGProvider.invoke(TestNGProvider.java:119)
	at org.apache.maven.surefire.booter.ForkedBooter.runSuitesInProcess(ForkedBooter.java:428)
	at org.apache.maven.surefire.booter.ForkedBooter.execute(ForkedBooter.java:162)
	at org.apache.maven.surefire.booter.ForkedBooter.run(ForkedBooter.java:562)
	at org.apache.maven.surefire.booter.ForkedBooter.main(ForkedBooter.java:548)
]]></system-err>
  </testcase>
</testsuite>