<?xml version="1.0" encoding="UTF-8"?>
<testsuite xmlns:xsi="http://www.w3.org/2001/XMLSchema-instance" xsi:noNamespaceSchemaLocation="https://maven.apache.org/surefire/maven-surefire-plugin/xsd/surefire-test-report-3.0.xsd" version="3.0" name="TestSuite" time="7,762.308" tests="7" errors="0" skipped="0" failures="0">
  <properties>
    <property name="sun.desktop" value="windows"/>
    <property name="awt.toolkit" value="sun.awt.windows.WToolkit"/>
    <property name="fileName" value="testngMain.xml"/>
    <property name="file.encoding.pkg" value="sun.io"/>
    <property name="java.specification.version" value="1.8"/>
    <property name="totalPictureCountRear" value="22"/>
    <property name="sun.cpu.isalist" value="amd64"/>
    <property name="totalPictureCountFront" value="22"/>
    <property name="sun.jnu.encoding" value="Cp1252"/>
    <property name="java.class.path" value="C:\Users\sandisk\eclipse-workspace\LG_K51S\target\test-classes;C:\Users\sandisk\eclipse-workspace\LG_K51S\target\classes;C:\Users\sandisk\.m2\repository\org\seleniumhq\selenium\selenium-java\3.141.59\selenium-java-3.141.59.jar;C:\Users\sandisk\.m2\repository\org\seleniumhq\selenium\selenium-api\3.141.59\selenium-api-3.141.59.jar;C:\Users\sandisk\.m2\repository\org\seleniumhq\selenium\selenium-chrome-driver\3.141.59\selenium-chrome-driver-3.141.59.jar;C:\Users\sandisk\.m2\repository\org\seleniumhq\selenium\selenium-edge-driver\3.141.59\selenium-edge-driver-3.141.59.jar;C:\Users\sandisk\.m2\repository\org\seleniumhq\selenium\selenium-firefox-driver\3.141.59\selenium-firefox-driver-3.141.59.jar;C:\Users\sandisk\.m2\repository\org\seleniumhq\selenium\selenium-ie-driver\3.141.59\selenium-ie-driver-3.141.59.jar;C:\Users\sandisk\.m2\repository\org\seleniumhq\selenium\selenium-opera-driver\3.141.59\selenium-opera-driver-3.141.59.jar;C:\Users\sandisk\.m2\repository\org\seleniumhq\selenium\selenium-remote-driver\3.141.59\selenium-remote-driver-3.141.59.jar;C:\Users\sandisk\.m2\repository\org\seleniumhq\selenium\selenium-safari-driver\3.141.59\selenium-safari-driver-3.141.59.jar;C:\Users\sandisk\.m2\repository\org\seleniumhq\selenium\selenium-support\3.141.59\selenium-support-3.141.59.jar;C:\Users\sandisk\.m2\repository\net\bytebuddy\byte-buddy\1.8.15\byte-buddy-1.8.15.jar;C:\Users\sandisk\.m2\repository\org\apache\commons\commons-exec\1.3\commons-exec-1.3.jar;C:\Users\sandisk\.m2\repository\com\google\guava\guava\25.0-jre\guava-25.0-jre.jar;C:\Users\sandisk\.m2\repository\com\google\code\findbugs\jsr305\1.3.9\jsr305-1.3.9.jar;C:\Users\sandisk\.m2\repository\org\checkerframework\checker-compat-qual\2.0.0\checker-compat-qual-2.0.0.jar;C:\Users\sandisk\.m2\repository\com\google\errorprone\error_prone_annotations\2.1.3\error_prone_annotations-2.1.3.jar;C:\Users\sandisk\.m2\repository\com\google\j2objc\j2objc-annotations\1.1\j2objc-annotations-1.1.jar;C:\Users\sandisk\.m2\repository\org\codehaus\mojo\animal-sniffer-annotations\1.14\animal-sniffer-annotations-1.14.jar;C:\Users\sandisk\.m2\repository\com\squareup\okhttp3\okhttp\3.11.0\okhttp-3.11.0.jar;C:\Users\sandisk\.m2\repository\com\squareup\okio\okio\1.14.0\okio-1.14.0.jar;C:\Users\sandisk\.m2\repository\org\seleniumhq\selenium\selenium-android-driver\2.39.0\selenium-android-driver-2.39.0.jar;C:\Users\sandisk\.m2\repository\io\appium\java-client\7.0.0\java-client-7.0.0.jar;C:\Users\sandisk\.m2\repository\com\google\code\gson\gson\2.8.5\gson-2.8.5.jar;C:\Users\sandisk\.m2\repository\org\apache\httpcomponents\httpclient\4.5.6\httpclient-4.5.6.jar;C:\Users\sandisk\.m2\repository\org\apache\httpcomponents\httpcore\4.4.10\httpcore-4.4.10.jar;C:\Users\sandisk\.m2\repository\commons-logging\commons-logging\1.2\commons-logging-1.2.jar;C:\Users\sandisk\.m2\repository\commons-codec\commons-codec\1.10\commons-codec-1.10.jar;C:\Users\sandisk\.m2\repository\cglib\cglib\3.2.8\cglib-3.2.8.jar;C:\Users\sandisk\.m2\repository\org\ow2\asm\asm\6.2.1\asm-6.2.1.jar;C:\Users\sandisk\.m2\repository\org\apache\ant\ant\1.10.3\ant-1.10.3.jar;C:\Users\sandisk\.m2\repository\org\apache\ant\ant-launcher\1.10.3\ant-launcher-1.10.3.jar;C:\Users\sandisk\.m2\repository\commons-validator\commons-validator\1.6\commons-validator-1.6.jar;C:\Users\sandisk\.m2\repository\commons-beanutils\commons-beanutils\1.9.2\commons-beanutils-1.9.2.jar;C:\Users\sandisk\.m2\repository\commons-digester\commons-digester\1.8.1\commons-digester-1.8.1.jar;C:\Users\sandisk\.m2\repository\commons-collections\commons-collections\3.2.2\commons-collections-3.2.2.jar;C:\Users\sandisk\.m2\repository\org\apache\commons\commons-lang3\3.8\commons-lang3-3.8.jar;C:\Users\sandisk\.m2\repository\commons-io\commons-io\2.6\commons-io-2.6.jar;C:\Users\sandisk\.m2\repository\org\springframework\spring-context\5.1.0.RELEASE\spring-context-5.1.0.RELEASE.jar;C:\Users\sandisk\.m2\repository\org\springframework\spring-aop\5.1.0.RELEASE\spring-aop-5.1.0.RELEASE.jar;C:\Users\sandisk\.m2\repository\org\springframework\spring-beans\5.1.0.RELEASE\spring-beans-5.1.0.RELEASE.jar;C:\Users\sandisk\.m2\repository\org\springframework\spring-core\5.1.0.RELEASE\spring-core-5.1.0.RELEASE.jar;C:\Users\sandisk\.m2\repository\org\springframework\spring-jcl\5.1.0.RELEASE\spring-jcl-5.1.0.RELEASE.jar;C:\Users\sandisk\.m2\repository\org\springframework\spring-expression\5.1.0.RELEASE\spring-expression-5.1.0.RELEASE.jar;C:\Users\sandisk\.m2\repository\org\aspectj\aspectjweaver\1.9.1\aspectjweaver-1.9.1.jar;C:\Users\sandisk\.m2\repository\org\slf4j\slf4j-api\1.7.25\slf4j-api-1.7.25.jar;C:\Users\sandisk\.m2\repository\org\testng\testng\6.1.1\testng-6.1.1.jar;C:\Users\sandisk\.m2\repository\junit\junit\3.8.1\junit-3.8.1.jar;C:\Users\sandisk\.m2\repository\org\beanshell\bsh\2.0b4\bsh-2.0b4.jar;C:\Users\sandisk\.m2\repository\com\beust\jcommander\1.12\jcommander-1.12.jar;C:\Users\sandisk\.m2\repository\org\yaml\snakeyaml\1.6\snakeyaml-1.6.jar;"/>
    <property name="java.vm.vendor" value="Oracle Corporation"/>
    <property name="sun.arch.data.model" value="64"/>
    <property name="user.variant" value=""/>
    <property name="java.vendor.url" value="http://java.oracle.com/"/>
    <property name="user.timezone" value="Asia/Calcutta"/>
    <property name="os.name" value="Windows 10"/>
    <property name="java.vm.specification.version" value="1.8"/>
    <property name="sun.java.launcher" value="SUN_STANDARD"/>
    <property name="user.country" value="IN"/>
    <property name="sun.boot.library.path" value="C:\Program Files\Java\jdk1.8.0_202\jre\bin"/>
    <property name="recordingDurationRear1" value="600"/>
    <property name="recordingDurationFront2" value="600"/>
    <property name="recordingDurationRear2" value="600"/>
    <property name="sun.java.command" value="C:\Users\sandisk\AppData\Local\Temp\surefire8772971941923821211\surefirebooter7459027842037349858.jar C:\Users\sandisk\AppData\Local\Temp\surefire8772971941923821211 2023-01-13T15-18-31_604-jvmRun1 surefire1887408443765384212tmp surefire_0403040812984744243tmp"/>
    <property name="recordingDurationFront" value="600"/>
    <property name="recordingDurationFront1" value="600"/>
    <property name="surefire.test.class.path" value="C:\Users\sandisk\eclipse-workspace\LG_K51S\target\test-classes;C:\Users\sandisk\eclipse-workspace\LG_K51S\target\classes;C:\Users\sandisk\.m2\repository\org\seleniumhq\selenium\selenium-java\3.141.59\selenium-java-3.141.59.jar;C:\Users\sandisk\.m2\repository\org\seleniumhq\selenium\selenium-api\3.141.59\selenium-api-3.141.59.jar;C:\Users\sandisk\.m2\repository\org\seleniumhq\selenium\selenium-chrome-driver\3.141.59\selenium-chrome-driver-3.141.59.jar;C:\Users\sandisk\.m2\repository\org\seleniumhq\selenium\selenium-edge-driver\3.141.59\selenium-edge-driver-3.141.59.jar;C:\Users\sandisk\.m2\repository\org\seleniumhq\selenium\selenium-firefox-driver\3.141.59\selenium-firefox-driver-3.141.59.jar;C:\Users\sandisk\.m2\repository\org\seleniumhq\selenium\selenium-ie-driver\3.141.59\selenium-ie-driver-3.141.59.jar;C:\Users\sandisk\.m2\repository\org\seleniumhq\selenium\selenium-opera-driver\3.141.59\selenium-opera-driver-3.141.59.jar;C:\Users\sandisk\.m2\repository\org\seleniumhq\selenium\selenium-remote-driver\3.141.59\selenium-remote-driver-3.141.59.jar;C:\Users\sandisk\.m2\repository\org\seleniumhq\selenium\selenium-safari-driver\3.141.59\selenium-safari-driver-3.141.59.jar;C:\Users\sandisk\.m2\repository\org\seleniumhq\selenium\selenium-support\3.141.59\selenium-support-3.141.59.jar;C:\Users\sandisk\.m2\repository\net\bytebuddy\byte-buddy\1.8.15\byte-buddy-1.8.15.jar;C:\Users\sandisk\.m2\repository\org\apache\commons\commons-exec\1.3\commons-exec-1.3.jar;C:\Users\sandisk\.m2\repository\com\google\guava\guava\25.0-jre\guava-25.0-jre.jar;C:\Users\sandisk\.m2\repository\com\google\code\findbugs\jsr305\1.3.9\jsr305-1.3.9.jar;C:\Users\sandisk\.m2\repository\org\checkerframework\checker-compat-qual\2.0.0\checker-compat-qual-2.0.0.jar;C:\Users\sandisk\.m2\repository\com\google\errorprone\error_prone_annotations\2.1.3\error_prone_annotations-2.1.3.jar;C:\Users\sandisk\.m2\repository\com\google\j2objc\j2objc-annotations\1.1\j2objc-annotations-1.1.jar;C:\Users\sandisk\.m2\repository\org\codehaus\mojo\animal-sniffer-annotations\1.14\animal-sniffer-annotations-1.14.jar;C:\Users\sandisk\.m2\repository\com\squareup\okhttp3\okhttp\3.11.0\okhttp-3.11.0.jar;C:\Users\sandisk\.m2\repository\com\squareup\okio\okio\1.14.0\okio-1.14.0.jar;C:\Users\sandisk\.m2\repository\org\seleniumhq\selenium\selenium-android-driver\2.39.0\selenium-android-driver-2.39.0.jar;C:\Users\sandisk\.m2\repository\io\appium\java-client\7.0.0\java-client-7.0.0.jar;C:\Users\sandisk\.m2\repository\com\google\code\gson\gson\2.8.5\gson-2.8.5.jar;C:\Users\sandisk\.m2\repository\org\apache\httpcomponents\httpclient\4.5.6\httpclient-4.5.6.jar;C:\Users\sandisk\.m2\repository\org\apache\httpcomponents\httpcore\4.4.10\httpcore-4.4.10.jar;C:\Users\sandisk\.m2\repository\commons-logging\commons-logging\1.2\commons-logging-1.2.jar;C:\Users\sandisk\.m2\repository\commons-codec\commons-codec\1.10\commons-codec-1.10.jar;C:\Users\sandisk\.m2\repository\cglib\cglib\3.2.8\cglib-3.2.8.jar;C:\Users\sandisk\.m2\repository\org\ow2\asm\asm\6.2.1\asm-6.2.1.jar;C:\Users\sandisk\.m2\repository\org\apache\ant\ant\1.10.3\ant-1.10.3.jar;C:\Users\sandisk\.m2\repository\org\apache\ant\ant-launcher\1.10.3\ant-launcher-1.10.3.jar;C:\Users\sandisk\.m2\repository\commons-validator\commons-validator\1.6\commons-validator-1.6.jar;C:\Users\sandisk\.m2\repository\commons-beanutils\commons-beanutils\1.9.2\commons-beanutils-1.9.2.jar;C:\Users\sandisk\.m2\repository\commons-digester\commons-digester\1.8.1\commons-digester-1.8.1.jar;C:\Users\sandisk\.m2\repository\commons-collections\commons-collections\3.2.2\commons-collections-3.2.2.jar;C:\Users\sandisk\.m2\repository\org\apache\commons\commons-lang3\3.8\commons-lang3-3.8.jar;C:\Users\sandisk\.m2\repository\commons-io\commons-io\2.6\commons-io-2.6.jar;C:\Users\sandisk\.m2\repository\org\springframework\spring-context\5.1.0.RELEASE\spring-context-5.1.0.RELEASE.jar;C:\Users\sandisk\.m2\repository\org\springframework\spring-aop\5.1.0.RELEASE\spring-aop-5.1.0.RELEASE.jar;C:\Users\sandisk\.m2\repository\org\springframework\spring-beans\5.1.0.RELEASE\spring-beans-5.1.0.RELEASE.jar;C:\Users\sandisk\.m2\repository\org\springframework\spring-core\5.1.0.RELEASE\spring-core-5.1.0.RELEASE.jar;C:\Users\sandisk\.m2\repository\org\springframework\spring-jcl\5.1.0.RELEASE\spring-jcl-5.1.0.RELEASE.jar;C:\Users\sandisk\.m2\repository\org\springframework\spring-expression\5.1.0.RELEASE\spring-expression-5.1.0.RELEASE.jar;C:\Users\sandisk\.m2\repository\org\aspectj\aspectjweaver\1.9.1\aspectjweaver-1.9.1.jar;C:\Users\sandisk\.m2\repository\org\slf4j\slf4j-api\1.7.25\slf4j-api-1.7.25.jar;C:\Users\sandisk\.m2\repository\org\testng\testng\6.1.1\testng-6.1.1.jar;C:\Users\sandisk\.m2\repository\junit\junit\3.8.1\junit-3.8.1.jar;C:\Users\sandisk\.m2\repository\org\beanshell\bsh\2.0b4\bsh-2.0b4.jar;C:\Users\sandisk\.m2\repository\com\beust\jcommander\1.12\jcommander-1.12.jar;C:\Users\sandisk\.m2\repository\org\yaml\snakeyaml\1.6\snakeyaml-1.6.jar;"/>
    <property name="sun.cpu.endian" value="little"/>
    <property name="user.home" value="C:\Users\sandisk"/>
    <property name="user.language" value="en"/>
    <property name="java.specification.vendor" value="Oracle Corporation"/>
    <property name="java.home" value="C:\Program Files\Java\jdk1.8.0_202\jre"/>
    <property name="file.separator" value="\"/>
    <property name="basedir" value="C:\Users\sandisk\eclipse-workspace\LG_K51S"/>
    <property name="line.separator" value="&#10;"/>
    <property name="java.vm.specification.vendor" value="Oracle Corporation"/>
    <property name="java.specification.name" value="Java Platform API Specification"/>
    <property name="java.awt.graphicsenv" value="sun.awt.Win32GraphicsEnvironment"/>
    <property name="surefire.real.class.path" value="C:\Users\sandisk\AppData\Local\Temp\surefire8772971941923821211\surefirebooter7459027842037349858.jar"/>
    <property name="recordingDurationRear" value="600"/>
    <property name="sun.boot.class.path" value="C:\Program Files\Java\jdk1.8.0_202\jre\lib\resources.jar;C:\Program Files\Java\jdk1.8.0_202\jre\lib\rt.jar;C:\Program Files\Java\jdk1.8.0_202\jre\lib\sunrsasign.jar;C:\Program Files\Java\jdk1.8.0_202\jre\lib\jsse.jar;C:\Program Files\Java\jdk1.8.0_202\jre\lib\jce.jar;C:\Program Files\Java\jdk1.8.0_202\jre\lib\charsets.jar;C:\Program Files\Java\jdk1.8.0_202\jre\lib\jfr.jar;C:\Program Files\Java\jdk1.8.0_202\jre\classes"/>
    <property name="user.script" value=""/>
    <property name="sun.management.compiler" value="HotSpot 64-Bit Tiered Compilers"/>
    <property name="java.runtime.version" value="1.8.0_202-b08"/>
    <property name="totalPictureCountFront3" value="22"/>
    <property name="user.name" value="sandisk"/>
    <property name="totalPictureCountFront2" value="22"/>
    <property name="totalPictureCountFront1" value="22"/>
    <property name="totalPictureCountRear5" value="22"/>
    <property name="totalPictureCountRear6" value="22"/>
    <property name="path.separator" value=";"/>
    <property name="totalPictureCountRear3" value="22"/>
    <property name="totalPictureCountRear4" value="22"/>
    <property name="totalPictureCountRear1" value="22"/>
    <property name="os.version" value="10.0"/>
    <property name="totalPictureCountRear2" value="22"/>
    <property name="java.endorsed.dirs" value="C:\Program Files\Java\jdk1.8.0_202\jre\lib\endorsed"/>
    <property name="java.runtime.name" value="Java(TM) SE Runtime Environment"/>
    <property name="file.encoding" value="Cp1252"/>
    <property name="java.vm.name" value="Java HotSpot(TM) 64-Bit Server VM"/>
    <property name="localRepository" value="C:\Users\sandisk\.m2\repository"/>
    <property name="java.vendor.url.bug" value="http://bugreport.sun.com/bugreport/"/>
    <property name="java.io.tmpdir" value="C:\Users\sandisk\AppData\Local\Temp\"/>
    <property name="java.version" value="1.8.0_202"/>
    <property name="user.dir" value="C:\Users\sandisk\eclipse-workspace\LG_K51S"/>
    <property name="os.arch" value="amd64"/>
    <property name="java.vm.specification.name" value="Java Virtual Machine Specification"/>
    <property name="java.util.logging.SimpleFormatter.format" value="%1$tY-%1$tm-%1$td %1$tH:%1$tM:%1$tS %4$-6s %2$s %5$s%6$s%n"/>
    <property name="java.awt.printerjob" value="sun.awt.windows.WPrinterJob"/>
    <property name="Tolerance_Level" value="75"/>
    <property name="sun.os.patch.level" value=""/>
    <property name="java.library.path" value="C:\Program Files\Java\jdk1.8.0_202\jre\bin;C:\Windows\Sun\Java\bin;C:\Windows\system32;C:\Windows;C:\Program Files (x86)\Common Files\Oracle\Java\javapath;C:\Windows\system32;C:\Windows;C:\Windows\System32\Wbem;C:\Windows\System32\WindowsPowerShell\v1.0\;C:\Windows\System32\OpenSSH\;C:\Users\sandisk\Maven\apache-maven-3.8.4\bin;C:\Ant\apache-ant-1.9.15\bin;C:\Program Files\Java\jdk1.8.0_202\bin;C:\Users\sandisk\AppData\Local\Android\Sdk;C:\Users\sandisk\android-sdks\platform-tools;C:\Android\Android-sdk\bin;C:\Android\Android-sdk\tools;C:\Android\Android-sdk\platform-tools;C:\Python37\Scripts\;C:\Python37\;C:\Users\sandisk\AppData\Local\Microsoft\WindowsApps;;."/>
    <property name="java.vendor" value="Oracle Corporation"/>
    <property name="java.vm.info" value="mixed mode"/>
    <property name="totalPictureCountFront6" value="22"/>
    <property name="java.vm.version" value="25.202-b08"/>
    <property name="totalPictureCountFront5" value="22"/>
    <property name="totalPictureCountFront4" value="22"/>
    <property name="sun.io.unicode.encoding" value="UnicodeLittle"/>
    <property name="java.ext.dirs" value="C:\Program Files\Java\jdk1.8.0_202\jre\lib\ext;C:\Windows\Sun\Java\lib\ext"/>
    <property name="java.class.version" value="52.0"/>
  </properties>
  <testcase name="start" classname="LG_K51S.Test0" time="207.861">
    <system-out><![CDATA[Test: Start
===================================================================================================================================================================================================================================================================================================================================================================================================================================================================================================================================================================================================================================================================================================================================
 Test0 Scenario is as follows 
1.Unlock phone, clear recent apps, clear internal memory
Test0 Format Function Not Apllicable ,Host does not support Format Operation with USB Cable
===================================================================================================================================================================================================================================================================================================================================================================================================================================================================================================================================================================================================================================================================================================================================
Setting up the appium desired capabilities
Clearing Recent Apps
click on clear all
Pass: No recent apps found
Launch File Manager Application and clear internal memory
swipe up and search for internal storage
Select  Internal storage
Select More options
click on Select all
Select  Delete permanently
Select More options
Select  Delete permanently
Select  Delete
Pass: Test0 Clearing phone internal memory is successfull
Final Message: Pass Test0 pass for Internal format Operation, Test0 Format Function Not Apllicable with USB cable
===================================================================================================================================================================================================================================================================================================================================================================================================================================================================================================================================================================================================================================================================================================================================
Test: End
===================================================================================================================================================================================================================================================================================================================================================================================================================================================================================================================================================================================================================================================================================================================================
]]></system-out>
    <system-err><![CDATA[2023-01-13 15:18:50 INFO   io.appium.java_client.remote.AppiumCommandExecutor$1 lambda$0 Detected dialect: W3C
2023-01-13 15:19:00 INFO   io.appium.java_client.remote.AppiumCommandExecutor$1 lambda$0 Detected dialect: W3C
org.openqa.selenium.NoSuchElementException: An element could not be located on the page using the given search parameters.
For documentation on this error, please visit: https://www.seleniumhq.org/exceptions/no_such_element.html
Build info: version: '3.141.59', revision: 'e82be7d358', time: '2018-11-14T08:17:03'
System info: host: 'SD-APPS-090', ip: '10.65.148.57', os.name: 'Windows 10', os.arch: 'amd64', os.version: '10.0', java.version: '1.8.0_202'
Driver info: io.appium.java_client.android.AndroidDriver
Capabilities {automationName: UiAutomator2, databaseEnabled: false, desired: {automationName: UiAutomator2, deviceName: K51S, newCommandTimeout: 600, platformName: android, platformVersion: 11, udid: LMK510ZTS4595HM789}, deviceApiLevel: 30, deviceManufacturer: LGE, deviceModel: LM-K510, deviceName: LMK510ZTS4595HM789, deviceScreenDensity: 280, deviceScreenSize: 720x1600, deviceUDID: LMK510ZTS4595HM789, javascriptEnabled: true, locationContextEnabled: false, networkConnectionEnabled: true, newCommandTimeout: 600, pixelRatio: 1.75, platform: LINUX, platformName: Android, platformVersion: 11, statBarHeight: 71, takesScreenshot: true, udid: LMK510ZTS4595HM789, viewportRect: {height: 1374, left: 0, top: 71, width: 720}, warnings: {}, webStorageEnabled: false}
Session ID: 90276ba4-2eb6-4cb8-bf7b-58b4657da18a
*** Element info: {Using=xpath, value=//*[@text='Clear all']}
	at sun.reflect.NativeConstructorAccessorImpl.newInstance0(Native Method)
	at sun.reflect.NativeConstructorAccessorImpl.newInstance(NativeConstructorAccessorImpl.java:62)
	at sun.reflect.DelegatingConstructorAccessorImpl.newInstance(DelegatingConstructorAccessorImpl.java:45)
	at java.lang.reflect.Constructor.newInstance(Constructor.java:423)
	at org.openqa.selenium.remote.http.W3CHttpResponseCodec.createException(W3CHttpResponseCodec.java:187)
	at org.openqa.selenium.remote.http.W3CHttpResponseCodec.decode(W3CHttpResponseCodec.java:122)
	at org.openqa.selenium.remote.http.W3CHttpResponseCodec.decode(W3CHttpResponseCodec.java:49)
	at org.openqa.selenium.remote.HttpCommandExecutor.execute(HttpCommandExecutor.java:158)
	at io.appium.java_client.remote.AppiumCommandExecutor.execute(AppiumCommandExecutor.java:239)
	at org.openqa.selenium.remote.RemoteWebDriver.execute(RemoteWebDriver.java:552)
	at io.appium.java_client.DefaultGenericMobileDriver.execute(DefaultGenericMobileDriver.java:42)
	at io.appium.java_client.AppiumDriver.execute(AppiumDriver.java:1)
	at io.appium.java_client.android.AndroidDriver.execute(AndroidDriver.java:1)
	at org.openqa.selenium.remote.RemoteWebDriver.findElement(RemoteWebDriver.java:323)
	at io.appium.java_client.DefaultGenericMobileDriver.findElement(DefaultGenericMobileDriver.java:62)
	at io.appium.java_client.AppiumDriver.findElement(AppiumDriver.java:1)
	at io.appium.java_client.android.AndroidDriver.findElement(AndroidDriver.java:1)
	at org.openqa.selenium.remote.RemoteWebDriver.findElementByXPath(RemoteWebDriver.java:428)
	at io.appium.java_client.DefaultGenericMobileDriver.findElementByXPath(DefaultGenericMobileDriver.java:152)
	at io.appium.java_client.AppiumDriver.findElementByXPath(AppiumDriver.java:1)
	at io.appium.java_client.android.AndroidDriver.findElementByXPath(AndroidDriver.java:1)
	at org.openqa.selenium.By$ByXPath.findElement(By.java:353)
	at org.openqa.selenium.remote.RemoteWebDriver.findElement(RemoteWebDriver.java:315)
	at io.appium.java_client.DefaultGenericMobileDriver.findElement(DefaultGenericMobileDriver.java:58)
	at io.appium.java_client.AppiumDriver.findElement(AppiumDriver.java:1)
	at io.appium.java_client.android.AndroidDriver.findElement(AndroidDriver.java:1)
	at LG_K51S.Test0.start(Test0.java:114)
	at sun.reflect.NativeMethodAccessorImpl.invoke0(Native Method)
	at sun.reflect.NativeMethodAccessorImpl.invoke(NativeMethodAccessorImpl.java:62)
	at sun.reflect.DelegatingMethodAccessorImpl.invoke(DelegatingMethodAccessorImpl.java:43)
	at java.lang.reflect.Method.invoke(Method.java:498)
	at org.testng.internal.MethodInvocationHelper.invokeMethod(MethodInvocationHelper.java:80)
	at org.testng.internal.Invoker.invokeMethod(Invoker.java:673)
	at org.testng.internal.Invoker.invokeTestMethod(Invoker.java:842)
	at org.testng.internal.Invoker.invokeTestMethods(Invoker.java:1166)
	at org.testng.internal.TestMethodWorker.invokeTestMethods(TestMethodWorker.java:125)
	at org.testng.internal.TestMethodWorker.run(TestMethodWorker.java:109)
	at org.testng.TestRunner.runWorkers(TestRunner.java:1178)
	at org.testng.TestRunner.privateRun(TestRunner.java:757)
	at org.testng.TestRunner.run(TestRunner.java:608)
	at org.testng.SuiteRunner.runTest(SuiteRunner.java:334)
	at org.testng.SuiteRunner.runSequentially(SuiteRunner.java:329)
	at org.testng.SuiteRunner.privateRun(SuiteRunner.java:291)
	at org.testng.SuiteRunner.run(SuiteRunner.java:240)
	at org.testng.SuiteRunnerWorker.runSuite(SuiteRunnerWorker.java:52)
	at org.testng.SuiteRunnerWorker.run(SuiteRunnerWorker.java:86)
	at org.testng.TestNG.runSuitesSequentially(TestNG.java:1158)
	at org.testng.TestNG.runSuitesSequentially(TestNG.java:1154)
	at org.testng.TestNG.runSuitesLocally(TestNG.java:1083)
	at org.testng.TestNG.run(TestNG.java:999)
	at org.apache.maven.surefire.testng.TestNGExecutor.run(TestNGExecutor.java:284)
	at org.apache.maven.surefire.testng.TestNGXmlTestSuite.execute(TestNGXmlTestSuite.java:75)
	at org.apache.maven.surefire.testng.TestNGProvider.invoke(TestNGProvider.java:119)
	at org.apache.maven.surefire.booter.ForkedBooter.runSuitesInProcess(ForkedBooter.java:428)
	at org.apache.maven.surefire.booter.ForkedBooter.execute(ForkedBooter.java:162)
	at org.apache.maven.surefire.booter.ForkedBooter.run(ForkedBooter.java:562)
	at org.apache.maven.surefire.booter.ForkedBooter.main(ForkedBooter.java:548)
]]></system-err>
  </testcase>
  <testcase name="CopyPaste" classname="LG_K51S.Test18" time="961.645">
    <system-out><![CDATA[Test: Start
===================================================================================================================================================================================================================================================================================================================================================================================================================================================================================================================================================================================================================================================================================================================================
===================================================================================================================================================================================================================================================================================================================================================================================================================================================================================================================================================================================================================================================================================================================================
Test18 Scenario is as follows
Pushing 1GB zip File to Host Internal Memory via server folder named as Test1 
Extracting zip file in Host internal memory
Copy Paste 1GB file (Test1) from host internal memory to uSD Card, Create a folder named Test2 in uSD Card, Copy paste 1GB Folder(Test1) From internal to external inside folder Test2 and Vice versa
Create folder name(New_Scenario in External memory, select folder name(Test2) from internal memory and perform cut paste operation from internla to external memory
Setting up the appium desired capabilities
Clearing Recent Apps
click on clear all
Pass: Test0 Pass for clearing Recent apps 
Pushing File from Laptop to Mobile
Launch Home Screen application and clear recent apps
clcik on ok
click on browse option
swipe up and search for sd card
Select Internal storage
Search for Test1 Folder
Select Testfile
Extracting Push zip file as Folder named Test1
1GB File Extration completed
click on done
Launching file manager application
swipe up and search for internal storage
Select Internal storage
Select Test1 folder
Select more options
Select Copy option
Select External Storage
Select Paste option for copy paste Test1 folder from Internal to external storage
swipe up and search for internal storage
Select Internal storage
Long Press and select and Test1 Folder
Select more options
Select Copy option
Select External storage
Select create folder option
Name folder as Test2
Copy paste Test1 folder inside Test2 folder
swipe up and search for sd card
Select External Storage
Long Press and select and Test2 Folder
Select more options
Select Copy option
Select Internal storage
click on copy here
swipe up and search for internal storage
Select Internal storage
Long Press and select and Test2 Folder
Select more options
Select move option
Select External storage
click on create folder and create folder name folder name New_Scenario
Select Move to option
Move to Test1 folder inside New_Scenario folder
Pass: Cut paste Operation Completed Successfully
===================================================================================================================================================================================================================================================================================================================================================================================================================================================================================================================================================================================================================================================================================================================================
Final message: Pass Test18 pass for copy paste & cut paste operation
Test: End
===================================================================================================================================================================================================================================================================================================================================================================================================================================================================================================================================================================================================================================================================================================================================
]]></system-out>
    <system-err><![CDATA[2023-01-13 15:22:27 INFO   io.appium.java_client.remote.AppiumCommandExecutor$1 lambda$0 Detected dialect: W3C
2023-01-13 15:22:41 INFO   io.appium.java_client.remote.AppiumCommandExecutor$1 lambda$0 Detected dialect: W3C
org.openqa.selenium.NoSuchElementException: An element could not be located on the page using the given search parameters.
For documentation on this error, please visit: https://www.seleniumhq.org/exceptions/no_such_element.html
Build info: version: '3.141.59', revision: 'e82be7d358', time: '2018-11-14T08:17:03'
System info: host: 'SD-APPS-090', ip: '10.65.148.57', os.name: 'Windows 10', os.arch: 'amd64', os.version: '10.0', java.version: '1.8.0_202'
Driver info: io.appium.java_client.android.AndroidDriver
Capabilities {automationName: UiAutomator2, databaseEnabled: false, desired: {automationName: UiAutomator2, deviceName: K51S, newCommandTimeout: 600, platformName: android, platformVersion: 11, udid: LMK510ZTS4595HM789}, deviceApiLevel: 30, deviceManufacturer: LGE, deviceModel: LM-K510, deviceName: LMK510ZTS4595HM789, deviceScreenDensity: 280, deviceScreenSize: 720x1600, deviceUDID: LMK510ZTS4595HM789, javascriptEnabled: true, locationContextEnabled: false, networkConnectionEnabled: true, newCommandTimeout: 600, pixelRatio: 1.75, platform: LINUX, platformName: Android, platformVersion: 11, statBarHeight: 71, takesScreenshot: true, udid: LMK510ZTS4595HM789, viewportRect: {height: 1374, left: 0, top: 71, width: 720}, warnings: {}, webStorageEnabled: false}
Session ID: d9d27ad9-cba2-4730-9c4d-4b3071d7f29e
*** Element info: {Using=xpath, value=//*[@resource-id='com.itel.filemanager:id/notice_ok']}
	at sun.reflect.NativeConstructorAccessorImpl.newInstance0(Native Method)
	at sun.reflect.NativeConstructorAccessorImpl.newInstance(NativeConstructorAccessorImpl.java:62)
	at sun.reflect.DelegatingConstructorAccessorImpl.newInstance(DelegatingConstructorAccessorImpl.java:45)
	at java.lang.reflect.Constructor.newInstance(Constructor.java:423)
	at org.openqa.selenium.remote.http.W3CHttpResponseCodec.createException(W3CHttpResponseCodec.java:187)
	at org.openqa.selenium.remote.http.W3CHttpResponseCodec.decode(W3CHttpResponseCodec.java:122)
	at org.openqa.selenium.remote.http.W3CHttpResponseCodec.decode(W3CHttpResponseCodec.java:49)
	at org.openqa.selenium.remote.HttpCommandExecutor.execute(HttpCommandExecutor.java:158)
	at io.appium.java_client.remote.AppiumCommandExecutor.execute(AppiumCommandExecutor.java:239)
	at org.openqa.selenium.remote.RemoteWebDriver.execute(RemoteWebDriver.java:552)
	at io.appium.java_client.DefaultGenericMobileDriver.execute(DefaultGenericMobileDriver.java:42)
	at io.appium.java_client.AppiumDriver.execute(AppiumDriver.java:1)
	at io.appium.java_client.android.AndroidDriver.execute(AndroidDriver.java:1)
	at org.openqa.selenium.remote.RemoteWebDriver.findElement(RemoteWebDriver.java:323)
	at io.appium.java_client.DefaultGenericMobileDriver.findElement(DefaultGenericMobileDriver.java:62)
	at io.appium.java_client.AppiumDriver.findElement(AppiumDriver.java:1)
	at io.appium.java_client.android.AndroidDriver.findElement(AndroidDriver.java:1)
	at org.openqa.selenium.remote.RemoteWebDriver.findElementByXPath(RemoteWebDriver.java:428)
	at io.appium.java_client.DefaultGenericMobileDriver.findElementByXPath(DefaultGenericMobileDriver.java:152)
	at io.appium.java_client.AppiumDriver.findElementByXPath(AppiumDriver.java:1)
	at io.appium.java_client.android.AndroidDriver.findElementByXPath(AndroidDriver.java:1)
	at org.openqa.selenium.By$ByXPath.findElement(By.java:353)
	at org.openqa.selenium.remote.RemoteWebDriver.findElement(RemoteWebDriver.java:315)
	at io.appium.java_client.DefaultGenericMobileDriver.findElement(DefaultGenericMobileDriver.java:58)
	at io.appium.java_client.AppiumDriver.findElement(AppiumDriver.java:1)
	at io.appium.java_client.android.AndroidDriver.findElement(AndroidDriver.java:1)
	at LG_K51S.Test18.CopyPaste(Test18.java:136)
	at sun.reflect.NativeMethodAccessorImpl.invoke0(Native Method)
	at sun.reflect.NativeMethodAccessorImpl.invoke(NativeMethodAccessorImpl.java:62)
	at sun.reflect.DelegatingMethodAccessorImpl.invoke(DelegatingMethodAccessorImpl.java:43)
	at java.lang.reflect.Method.invoke(Method.java:498)
	at org.testng.internal.MethodInvocationHelper.invokeMethod(MethodInvocationHelper.java:80)
	at org.testng.internal.Invoker.invokeMethod(Invoker.java:673)
	at org.testng.internal.Invoker.invokeTestMethod(Invoker.java:842)
	at org.testng.internal.Invoker.invokeTestMethods(Invoker.java:1166)
	at org.testng.internal.TestMethodWorker.invokeTestMethods(TestMethodWorker.java:125)
	at org.testng.internal.TestMethodWorker.run(TestMethodWorker.java:109)
	at org.testng.TestRunner.runWorkers(TestRunner.java:1178)
	at org.testng.TestRunner.privateRun(TestRunner.java:757)
	at org.testng.TestRunner.run(TestRunner.java:608)
	at org.testng.SuiteRunner.runTest(SuiteRunner.java:334)
	at org.testng.SuiteRunner.runSequentially(SuiteRunner.java:329)
	at org.testng.SuiteRunner.privateRun(SuiteRunner.java:291)
	at org.testng.SuiteRunner.run(SuiteRunner.java:240)
	at org.testng.SuiteRunnerWorker.runSuite(SuiteRunnerWorker.java:52)
	at org.testng.SuiteRunnerWorker.run(SuiteRunnerWorker.java:86)
	at org.testng.TestNG.runSuitesSequentially(TestNG.java:1158)
	at org.testng.TestNG.runSuitesSequentially(TestNG.java:1154)
	at org.testng.TestNG.runSuitesLocally(TestNG.java:1083)
	at org.testng.TestNG.run(TestNG.java:999)
	at org.apache.maven.surefire.testng.TestNGExecutor.run(TestNGExecutor.java:284)
	at org.apache.maven.surefire.testng.TestNGXmlTestSuite.execute(TestNGXmlTestSuite.java:75)
	at org.apache.maven.surefire.testng.TestNGProvider.invoke(TestNGProvider.java:119)
	at org.apache.maven.surefire.booter.ForkedBooter.runSuitesInProcess(ForkedBooter.java:428)
	at org.apache.maven.surefire.booter.ForkedBooter.execute(ForkedBooter.java:162)
	at org.apache.maven.surefire.booter.ForkedBooter.run(ForkedBooter.java:562)
	at org.apache.maven.surefire.booter.ForkedBooter.main(ForkedBooter.java:548)
]]></system-err>
  </testcase>
  <testcase name="recordAudio" classname="LG_K51S.Test8" time="539.139">
    <system-out><![CDATA[===================================================================================================================================================================================================================================================================================================================================================================================================================================================================================================================================================================================================================================================================================================================================
Test8 scenario is as follows
1.Launch mobile default voice recording application and set uSD card storage option, record audio file for 2 minutes duration
2.Launch file manager application and playback recorded audio file from external storage, fast forward audio file and pause
3.Launch file manager application and playback copied audio files from external storage the files are placed in the Test1 folder
Setting up the appium desired capabilities
===================================================================================================================================================================================================================================================================================================================================================================================================================================================================================================================================================================================================================================================================================================================================
Clearing Recent Apps
click on clear all
Pass: Test0 Pass for clearing Recent apps 
Clicking on more options
Clicking on Settings Tab
Clicking on save to
Clicking on sd card
Saving recorded files
Recording Completed
Pass: Test8 pass for audio recording in uSD Card
Calling PlayRecordedAudio() to play back recorded file
Clear Recent Apps
Clearing Recent Apps
Pass: Test0 Pass for clearing Recent apps 
Launching file manager application
swipe up and search for sd card
Select External Storage
swipe up and search for Music
clicking AudioRecorder folder
Clicking recordings folder
Started Audio playback
Fast forward audio for 10 seconds
Pause audio playback
Pass: Test8 Pass for playing recorded Audio file
Pass: Test8 Pass for playing, fast forward, and pause recorded audio file scenario
===================================================================================================================================================================================================================================================================================================================================================================================================================================================================================================================================================================================================================================================================================================================================
Calling PlayCopiedAudioFile() for copied audio files from Test1 folder
Clearing Recent Apps
Clearing Recent Apps
Pass: Test0 Pass for clearing Recent apps 
Launching file manager application
swipe up and search for sd card
Select External Storage
swipe and select test1 folder
Select Test1 folder
Select test_file folder
Select OneGB folder
Select MP3 Files
Select Laahe.Mp3.mp3
Started audio playback
Click fast forward button for 10 seconds audio forward
Pause audio playback
Pass: 1st Copied Audio play back and fast forward is successfull
 select 11 Rob Thomas - Lonely No More.mp3
Started audio playback
Click fast forward button for 10 seconds audio forward
Pause audio playback
Pass: 2nd Copied Audio play back and fast forward is successfull
select file_example_MP3_5MG.mp3
Started audio playback
Click fast forward button for 10 seconds audio forward
Pause audio playback
Pass: 3rd Copied Audio play back and fast forward is successfull
Pass: Test8 Pass for Recorded and copied audio play back and fast forward scenario 
===================================================================================================================================================================================================================================================================================================================================================================================================================================================================================================================================================================================================================================================================================================================================
Final Message: Pass Test8 Pass for Recorded and copied audio play back and fast forward scenario
Test: End
===================================================================================================================================================================================================================================================================================================================================================================================================================================================================================================================================================================================================================================================================================================================================
]]></system-out>
    <system-err><![CDATA[2023-01-13 15:38:40 INFO   io.appium.java_client.remote.AppiumCommandExecutor$1 lambda$0 Detected dialect: W3C
2023-01-13 15:38:55 INFO   io.appium.java_client.remote.AppiumCommandExecutor$1 lambda$0 Detected dialect: W3C
Start Recording
]]></system-err>
  </testcase>
  <testcase name="rearVideoRec" classname="LG_K51S.Test10" time="2,352.489">
    <system-out><![CDATA[Test:Start
===================================================================================================================================================================================================================================================================================================================================================================================================================================================================================================================================================================================================================================================================================================================================
Test10 Scenario is as follows
1.Launch Camera application and start back camera video recording for all host applicable resolutions in uSD Card
2.Playback Highest resolution recorded video from USD Card, fast forward playback and pause video scenario 
3.Playback copied videos from Test1 folder, fast forward and pause scenario
Setting up the appium desired capabilities
===================================================================================================================================================================================================================================================================================================================================================================================================================================================================================================================================================================================================================================================================================================================================
Clearing Recent Apps
click on clear all
Pass: Test0 Pass for clearing Recent apps 
Launch Camera Application for rear camera video recording
clcik on next
change to SD card element not found : org.openqa.selenium.NoSuchElementException: An element could not be located on the page using the given search parameters.
For documentation on this error, please visit: https://www.seleniumhq.org/exceptions/no_such_element.html
Build info: version: '3.141.59', revision: 'e82be7d358', time: '2018-11-14T08:17:03'
System info: host: 'SD-APPS-090', ip: '10.65.148.57', os.name: 'Windows 10', os.arch: 'amd64', os.version: '10.0', java.version: '1.8.0_202'
Driver info: io.appium.java_client.android.AndroidDriver
Capabilities {automationName: UiAutomator2, databaseEnabled: false, desired: {automationName: UiAutomator2, deviceName: K51S, newCommandTimeout: 1200, platformName: android, platformVersion: 11, udid: LMK510ZTS4595HM789}, deviceApiLevel: 30, deviceManufacturer: LGE, deviceModel: LM-K510, deviceName: LMK510ZTS4595HM789, deviceScreenDensity: 280, deviceScreenSize: 720x1600, deviceUDID: LMK510ZTS4595HM789, javascriptEnabled: true, locationContextEnabled: false, networkConnectionEnabled: true, newCommandTimeout: 1200, pixelRatio: 1.75, platform: LINUX, platformName: Android, platformVersion: 11, statBarHeight: 71, takesScreenshot: true, udid: LMK510ZTS4595HM789, viewportRect: {height: 1374, left: 0, top: 71, width: 720}, warnings: {}, webStorageEnabled: false}
Session ID: 89b86969-fa68-4856-8778-dafc9be954e4
*** Element info: {Using=xpath, value=//*[@text='Next']}
clcik on later
clcik on later
change to SD card element not found : org.openqa.selenium.NoSuchElementException: An element could not be located on the page using the given search parameters.
For documentation on this error, please visit: https://www.seleniumhq.org/exceptions/no_such_element.html
Build info: version: '3.141.59', revision: 'e82be7d358', time: '2018-11-14T08:17:03'
System info: host: 'SD-APPS-090', ip: '10.65.148.57', os.name: 'Windows 10', os.arch: 'amd64', os.version: '10.0', java.version: '1.8.0_202'
Driver info: io.appium.java_client.android.AndroidDriver
Capabilities {automationName: UiAutomator2, databaseEnabled: false, desired: {automationName: UiAutomator2, deviceName: K51S, newCommandTimeout: 1200, platformName: android, platformVersion: 11, udid: LMK510ZTS4595HM789}, deviceApiLevel: 30, deviceManufacturer: LGE, deviceModel: LM-K510, deviceName: LMK510ZTS4595HM789, deviceScreenDensity: 280, deviceScreenSize: 720x1600, deviceUDID: LMK510ZTS4595HM789, javascriptEnabled: true, locationContextEnabled: false, networkConnectionEnabled: true, newCommandTimeout: 1200, pixelRatio: 1.75, platform: LINUX, platformName: Android, platformVersion: 11, statBarHeight: 71, takesScreenshot: true, udid: LMK510ZTS4595HM789, viewportRect: {height: 1374, left: 0, top: 71, width: 720}, warnings: {}, webStorageEnabled: false}
Session ID: 89b86969-fa68-4856-8778-dafc9be954e4
*** Element info: {Using=xpath, value=//*[@text='Later']}
===================================================================================================================================================================================================================================================================================================================================================================================================================================================================================================================================================================================================================================================================================================================================
Test10_Bcam_res: 3 resolutions supported
Switch to video mode
Click On Settings and set uSD card as storage option
Select storage location option
Select SD as storage option
Click On Settings and set uSD card as storage option
Select Video Resolution
Select First Back video resolution: FHD 16:9 1920x1080
recordingDurationRearExt = 600
Start video recording
Stop video recording
Click On Settings option to select rear video resolution
Select Rear video size
Select second Back video resolution: HD FullVision 1600x720
recordingDurationRear1 = 600
Start video recording
Stop video recording
Click On Settings option to select rear video resolution
Select Rear video size
Select Third Back video resolution: HD 16:9 1280x720
recordingDurationRear2 = 600
Start video recording
Stop video recording
Pass: Rear camera video recording is successfull
Launch File Manager Application to verify captured videos
swipe up and search for sd card
Select  SD Card
swipe up and search for dcim
Select DCIM Folder
Select Camera Folder
Select More Options 
Click On Select All Options
Test10_Bcam_video: 3 Videos captured successfull
===================================================================================================================================================================================================================================================================================================================================================================================================================================================================================================================================================================================================================================================================================================================================
Calling RecordedVideoPlayback() for Playing Highest record video, fast forward video play back scenario
Clearing Recent Apps
click on clear all
Pass: Test0 Pass for clearing Recent apps 
Launch Camera Application for rear camera video recording
swipe up and search for sd card
Select External Storage
swipe up and search for dcim
Select DCIM folder
Select Camera folder
select more options
Select Sort BY
Select Largest first
Click on first file to play highest recorded resolution video file
Started video playback
Tap Somewhere on Screen for contents to visible on Screen
Fast forward video for 10 seconds
Pause video playback
Pass: Recorded Video play back and fast forward successfull 
===================================================================================================================================================================================================================================================================================================================================================================================================================================================================================================================================================================================================================================================================================================================================
Calling DataMovementOperation() to move recorded rear camer videos to Test10 Folder 
Re-launch file manager application and select external storage for data move operation, select all rear camera videos present in camera folder and move to Test10 folder
Select external storage
switch to grid view mode and select DCIM folder
Select DCIM folder
Select camera folder
switch to list view mode
Click More options
Click select all
Click More options
select move to option
select uSD Card
Select ADD NEW Folder option
Name folder as Test10
Accept create folder
Cut paste  video files operation completed successfully
Test10: Data move operation completed successfully
Pass: Test10 Pass for data move operation successfully
===================================================================================================================================================================================================================================================================================================================================================================================================================================================================================================================================================================================================================================================================================================================================
Calling copiedvideosPlayBack() for playing copied video file from Test1 folder
Clearing Recent Apps
click on clear all
Pass: Test0 Pass for clearing Recent apps 
Launch file manager application, select uSD card, select Test1 folder, select Videos folder and Play copied videos and fast forward the same 
swipe up and search for sd card
Select external storage
Select Test1 folder
Select test_file folder
Select OneGB folder
Select video folder
Select LG_4K_DEMO_HDR_2018_(60FPS)_ELBA(480p).mp4 file for video playback
Tap Somewhere on Screen for contents to visible on Screen
Started video playback
Tap Somewhere on Screen for contents to visible on Screen
Click fast forward button for 10 seconds video forward
Pause video playback
Select FHD 5.1 ( 1350 X 2560 ).webm file for video playback
Started video playback
Tap Somewhere on Screen for contents to visible on Screen
Click fast forward button for 10 seconds video forward
Click pause button to stop video
Pass: FHD Video play back and fast forward is successful 
===================================================================================================================================================================================================================================================================================================================================================================================================================================================================================================================================================================================================================================================================================================================================
Final message: Pass Test10 Pass for Playing Copied Video files, recorded video file and fast forward video play back scenario 
Test: End
===================================================================================================================================================================================================================================================================================================================================================================================================================================================================================================================================================================================================================================================================================================================================
]]></system-out>
    <system-err><![CDATA[2023-01-13 15:47:49 INFO   io.appium.java_client.remote.AppiumCommandExecutor$1 lambda$0 Detected dialect: W3C
2023-01-13 15:47:59 INFO   io.appium.java_client.remote.AppiumCommandExecutor$1 lambda$0 Detected dialect: W3C
Pass: 4K Video play back and fast forward is successful 
]]></system-err>
  </testcase>
  <testcase name="frontVideoRec" classname="LG_K51S.Test10F" time="1,452.047">
    <system-out><![CDATA[Test:Start
===================================================================================================================================================================================================================================================================================================================================================================================================================================================================================================================================================================================================================================================================================================================================
Test10F Scenario is as follows
Launch Camera application and start front camera video recording for all host applicable resolutions in uSD Card
Playback front Highest recorded video from uSD card for 30 seconds, pause video playback, lock mobile and wait 30 seconds, unlock mobile and playback video from pause video duration
Setting up the appium desired capabilities
===================================================================================================================================================================================================================================================================================================================================================================================================================================================================================================================================================================================================================================================================================================================================
Clearing Recent Apps
Pass: Test0 Pass for clearing Recent apps 
Launch Camera Application for rear camera video recording
clcik on next
Test10F_Fcam_res: 3 resolutions supported
Switch to video mode
Click On Settings option to select frontvideocamera
Click On Settings and set uSD card as storage option
Select storage location option
Select SD as storage option
Click On Settings option to select frontvideo resolution
Select Video Resolution
Select First front video resolution: FHD 16:9 1920x1080
recordingDurationFront = 600
Start video recording
Stop video recording
Click On Settings option to select frontvideo resolution
Select Video Resolution
Select First front video resolution: HD FullVision 1600x720
recordingDurationFront1 = 600
Start video recording
Stop video recording
Click On Settings option to select frontvideo resolution
Select Video Resolution
Calling Data move operation
Re-launch file manager application and select external storage for data move operation, select all rear camera videos present in camera folder and move to Test10 folder
Select external storage
switch to grid view mode and select DCIM folder
Select DCIM folder
Select camera folder
switch to list view mode
Click More options
Click select all
Click More options
select move to option
select uSD Card
Select ADD NEW Folder option
Name folder as Test10F
Accept create folder
Cut paste  video files operation completed successfully
Test10F: Data move operation completed successfully
Pass: Test10F Pass for data move operation successfully
===================================================================================================================================================================================================================================================================================================================================================================================================================================================================================================================================================================================================================================================================================================================================
===================================================================================================================================================================================================================================================================================================================================================================================================================================================================================================================================================================================================================================================================================================================================
Fail: Test10F for Front camera video recording
Final Message: Fail Test10F Fail for Front camera video recording
===================================================================================================================================================================================================================================================================================================================================================================================================================================================================================================================================================================================================================================================================================================================================
Test:End
===================================================================================================================================================================================================================================================================================================================================================================================================================================================================================================================================================================================================================================================================================================================================
]]></system-out>
    <system-err><![CDATA[2023-01-13 16:27:11 INFO   io.appium.java_client.remote.AppiumCommandExecutor$1 lambda$0 Detected dialect: W3C
2023-01-13 16:27:21 INFO   io.appium.java_client.remote.AppiumCommandExecutor$1 lambda$0 Detected dialect: W3C
change to SD card element not found : org.openqa.selenium.NoSuchElementException: An element could not be located on the page using the given search parameters.
For documentation on this error, please visit: https://www.seleniumhq.org/exceptions/no_such_element.html
Build info: version: '3.141.59', revision: 'e82be7d358', time: '2018-11-14T08:17:03'
System info: host: 'SD-APPS-090', ip: '10.65.148.57', os.name: 'Windows 10', os.arch: 'amd64', os.version: '10.0', java.version: '1.8.0_202'
Driver info: io.appium.java_client.android.AndroidDriver
Capabilities {automationName: UiAutomator2, databaseEnabled: false, desired: {automationName: UiAutomator2, deviceName: K51S, newCommandTimeout: 1200, platformName: android, platformVersion: 11, udid: LMK510ZTS4595HM789}, deviceApiLevel: 30, deviceManufacturer: LGE, deviceModel: LM-K510, deviceName: LMK510ZTS4595HM789, deviceScreenDensity: 280, deviceScreenSize: 720x1600, deviceUDID: LMK510ZTS4595HM789, javascriptEnabled: true, locationContextEnabled: false, networkConnectionEnabled: true, newCommandTimeout: 1200, pixelRatio: 1.75, platform: LINUX, platformName: Android, platformVersion: 11, statBarHeight: 71, takesScreenshot: true, udid: LMK510ZTS4595HM789, viewportRect: {height: 1374, left: 0, top: 71, width: 720}, warnings: {}, webStorageEnabled: false}
Session ID: 14160ff9-4859-4827-96d3-2bfe94616a9d
*** Element info: {Using=xpath, value=//*[@text='Next']}
]]></system-err>
  </testcase>
  <testcase name="RearPictureCapture" classname="LG_K51S.Test9" time="1,057.837">
    <system-out><![CDATA[Test:Start
===================================================================================================================================================================================================================================================================================================================================================================================================================================================================================================================================================================================================================================================================================================================================
Test9 Scenario is follows:
Launch camera application, set USD as a Storage option, start rear camera Image capture for all host resolutions
Setting up the appium desired capabilities
Clearing Recent Apps
Pass: Test9 Pass for clearing Recent apps 
Launch Camera application for rear Picture capture for all host resolution
clcik on next
change to SD card element not found : org.openqa.selenium.NoSuchElementException: An element could not be located on the page using the given search parameters.
For documentation on this error, please visit: https://www.seleniumhq.org/exceptions/no_such_element.html
Build info: version: '3.141.59', revision: 'e82be7d358', time: '2018-11-14T08:17:03'
System info: host: 'SD-APPS-090', ip: '10.65.148.57', os.name: 'Windows 10', os.arch: 'amd64', os.version: '10.0', java.version: '1.8.0_202'
Driver info: io.appium.java_client.android.AndroidDriver
Capabilities {automationName: UiAutomator2, databaseEnabled: false, desired: {automationName: UiAutomator2, deviceName: K51S, newCommandTimeout: 600, platformName: android, platformVersion: 11, udid: LMK510ZTS4595HM789}, deviceApiLevel: 30, deviceManufacturer: LGE, deviceModel: LM-K510, deviceName: LMK510ZTS4595HM789, deviceScreenDensity: 280, deviceScreenSize: 720x1600, deviceUDID: LMK510ZTS4595HM789, javascriptEnabled: true, locationContextEnabled: false, networkConnectionEnabled: true, newCommandTimeout: 600, pixelRatio: 1.75, platform: LINUX, platformName: Android, platformVersion: 11, statBarHeight: 71, takesScreenshot: true, udid: LMK510ZTS4595HM789, viewportRect: {height: 1374, left: 0, top: 71, width: 720}, warnings: {}, webStorageEnabled: false}
Session ID: e442658d-b60e-4729-b0d1-6b1fc6d5edd9
*** Element info: {Using=xpath, value=//*[@text='Next']}
Test9_Bcam_res: 9 resolutions supported
Click On Settings and set uSD card as storage option
Select storage location option
Select SD as storage option
Select Rear Image Size
Select camera Resolution
Select first Image Resoution: 4:3 (32 MP) 6528x4896
totalPictureCountRear = 22
clicking Image of 1st Resolutions 4:3 (32 MP) 6528x4896: 0
clicking Image of 1st Resolutions 4:3 (32 MP) 6528x4896: 1
clicking Image of 1st Resolutions 4:3 (32 MP) 6528x4896: 2
clicking Image of 1st Resolutions 4:3 (32 MP) 6528x4896: 3
clicking Image of 1st Resolutions 4:3 (32 MP) 6528x4896: 4
clicking Image of 1st Resolutions 4:3 (32 MP) 6528x4896: 5
clicking Image of 1st Resolutions 4:3 (32 MP) 6528x4896: 6
clicking Image of 1st Resolutions 4:3 (32 MP) 6528x4896: 7
clicking Image of 1st Resolutions 4:3 (32 MP) 6528x4896: 8
clicking Image of 1st Resolutions 4:3 (32 MP) 6528x4896: 9
clicking Image of 1st Resolutions 4:3 (32 MP) 6528x4896: 10
clicking Image of 1st Resolutions 4:3 (32 MP) 6528x4896: 11
clicking Image of 1st Resolutions 4:3 (32 MP) 6528x4896: 12
clicking Image of 1st Resolutions 4:3 (32 MP) 6528x4896: 13
clicking Image of 1st Resolutions 4:3 (32 MP) 6528x4896: 14
clicking Image of 1st Resolutions 4:3 (32 MP) 6528x4896: 15
clicking Image of 1st Resolutions 4:3 (32 MP) 6528x4896: 16
clicking Image of 1st Resolutions 4:3 (32 MP) 6528x4896: 17
clicking Image of 1st Resolutions 4:3 (32 MP) 6528x4896: 18
clicking Image of 1st Resolutions 4:3 (32 MP) 6528x4896: 19
clicking Image of 1st Resolutions 4:3 (32 MP) 6528x4896: 20
clicking Image of 1st Resolutions 4:3 (32 MP) 6528x4896: 21
Back camera first resolution: 22 images Captured succesfull
Select Rear Image Size
Select camera Resolution
Select 2nd Image Resoution: 4:3 (8Point0 MP) 3264x2448
totalPictureCountRear1 = 22
clicking Image of 2nd Resolutions 4:3 (8Point0 MP) 3264x2448: 0
clicking Image of 2nd Resolutions 4:3 (8Point0 MP) 3264x2448: 1
clicking Image of 2nd Resolutions 4:3 (8Point0 MP) 3264x2448: 2
clicking Image of 2nd Resolutions 4:3 (8Point0 MP) 3264x2448: 3
clicking Image of 2nd Resolutions 4:3 (8Point0 MP) 3264x2448: 4
clicking Image of 2nd Resolutions 4:3 (8Point0 MP) 3264x2448: 5
clicking Image of 2nd Resolutions 4:3 (8Point0 MP) 3264x2448: 6
clicking Image of 2nd Resolutions 4:3 (8Point0 MP) 3264x2448: 7
clicking Image of 2nd Resolutions 4:3 (8Point0 MP) 3264x2448: 8
clicking Image of 2nd Resolutions 4:3 (8Point0 MP) 3264x2448: 9
clicking Image of 2nd Resolutions 4:3 (8Point0 MP) 3264x2448: 10
clicking Image of 2nd Resolutions 4:3 (8Point0 MP) 3264x2448: 11
clicking Image of 2nd Resolutions 4:3 (8Point0 MP) 3264x2448: 12
clicking Image of 2nd Resolutions 4:3 (8Point0 MP) 3264x2448: 13
clicking Image of 2nd Resolutions 4:3 (8Point0 MP) 3264x2448: 14
clicking Image of 2nd Resolutions 4:3 (8Point0 MP) 3264x2448: 15
clicking Image of 2nd Resolutions 4:3 (8Point0 MP) 3264x2448: 16
clicking Image of 2nd Resolutions 4:3 (8Point0 MP) 3264x2448: 17
clicking Image of 2nd Resolutions 4:3 (8Point0 MP) 3264x2448: 18
clicking Image of 2nd Resolutions 4:3 (8Point0 MP) 3264x2448: 19
clicking Image of 2nd Resolutions 4:3 (8Point0 MP) 3264x2448: 20
clicking Image of 2nd Resolutions 4:3 (8Point0 MP) 3264x2448: 21
Back camera second resolution: 22 images Captured succesfull
Select Rear Image Size
Select camera Resolution
Select 3rd Image Resoution: 4:3 (1Point9 MP) 1600x1200
totalPictureCountRear2 = 22
clicking Image of 3rd Resolutions 4:3 (1Point9 MP) 1600x1200: 0
clicking Image of 3rd Resolutions 4:3 (1Point9 MP) 1600x1200: 1
clicking Image of 3rd Resolutions 4:3 (1Point9 MP) 1600x1200: 2
clicking Image of 3rd Resolutions 4:3 (1Point9 MP) 1600x1200: 3
clicking Image of 3rd Resolutions 4:3 (1Point9 MP) 1600x1200: 4
clicking Image of 3rd Resolutions 4:3 (1Point9 MP) 1600x1200: 5
clicking Image of 3rd Resolutions 4:3 (1Point9 MP) 1600x1200: 6
clicking Image of 3rd Resolutions 4:3 (1Point9 MP) 1600x1200: 7
clicking Image of 3rd Resolutions 4:3 (1Point9 MP) 1600x1200: 8
clicking Image of 3rd Resolutions 4:3 (1Point9 MP) 1600x1200: 9
clicking Image of 3rd Resolutions 4:3 (1Point9 MP) 1600x1200: 10
clicking Image of 3rd Resolutions 4:3 (1Point9 MP) 1600x1200: 11
clicking Image of 3rd Resolutions 4:3 (1Point9 MP) 1600x1200: 12
clicking Image of 3rd Resolutions 4:3 (1Point9 MP) 1600x1200: 13
clicking Image of 3rd Resolutions 4:3 (1Point9 MP) 1600x1200: 14
clicking Image of 3rd Resolutions 4:3 (1Point9 MP) 1600x1200: 15
clicking Image of 3rd Resolutions 4:3 (1Point9 MP) 1600x1200: 16
clicking Image of 3rd Resolutions 4:3 (1Point9 MP) 1600x1200: 17
clicking Image of 3rd Resolutions 4:3 (1Point9 MP) 1600x1200: 18
clicking Image of 3rd Resolutions 4:3 (1Point9 MP) 1600x1200: 19
clicking Image of 3rd Resolutions 4:3 (1Point9 MP) 1600x1200: 20
clicking Image of 3rd Resolutions 4:3 (1Point9 MP) 1600x1200: 21
Back camera third resolution: 22 images Captured succesfull
Select Rear Image Size
Select camera Resolution
Select 4th Image Resoution: 16:9 (6Point0 MP) 3264x1836
totalPictureCountRear3 = 22
clicking Image of 4th Resolutions 16:9 (6Point0 MP) 3264x1836: 0
clicking Image of 4th Resolutions 16:9 (6Point0 MP) 3264x1836: 1
clicking Image of 4th Resolutions 16:9 (6Point0 MP) 3264x1836: 2
clicking Image of 4th Resolutions 16:9 (6Point0 MP) 3264x1836: 3
clicking Image of 4th Resolutions 16:9 (6Point0 MP) 3264x1836: 4
clicking Image of 4th Resolutions 16:9 (6Point0 MP) 3264x1836: 5
clicking Image of 4th Resolutions 16:9 (6Point0 MP) 3264x1836: 6
clicking Image of 4th Resolutions 16:9 (6Point0 MP) 3264x1836: 7
clicking Image of 4th Resolutions 16:9 (6Point0 MP) 3264x1836: 8
clicking Image of 4th Resolutions 16:9 (6Point0 MP) 3264x1836: 9
clicking Image of 4th Resolutions 16:9 (6Point0 MP) 3264x1836: 10
clicking Image of 4th Resolutions 16:9 (6Point0 MP) 3264x1836: 11
clicking Image of 4th Resolutions 16:9 (6Point0 MP) 3264x1836: 12
clicking Image of 4th Resolutions 16:9 (6Point0 MP) 3264x1836: 13
clicking Image of 4th Resolutions 16:9 (6Point0 MP) 3264x1836: 14
clicking Image of 4th Resolutions 16:9 (6Point0 MP) 3264x1836: 15
clicking Image of 4th Resolutions 16:9 (6Point0 MP) 3264x1836: 16
clicking Image of 4th Resolutions 16:9 (6Point0 MP) 3264x1836: 17
clicking Image of 4th Resolutions 16:9 (6Point0 MP) 3264x1836: 18
clicking Image of 4th Resolutions 16:9 (6Point0 MP) 3264x1836: 19
clicking Image of 4th Resolutions 16:9 (6Point0 MP) 3264x1836: 20
clicking Image of 4th Resolutions 16:9 (6Point0 MP) 3264x1836: 21
Back camera fourth resolution: 22 images Captured succesfull
Select Rear Image Size
Select camera Resolution
Select 5th Image Resoution: 16:9 (2Point1 MP) 1920x1080
totalPictureCountRear4 = 22
clicking Image of 5th Resolutions 16:9 (2Point1 MP) 1920x1080: 0
clicking Image of 5th Resolutions 16:9 (2Point1 MP) 1920x1080: 1
clicking Image of 5th Resolutions 16:9 (2Point1 MP) 1920x1080: 2
clicking Image of 5th Resolutions 16:9 (2Point1 MP) 1920x1080: 3
clicking Image of 5th Resolutions 16:9 (2Point1 MP) 1920x1080: 4
clicking Image of 5th Resolutions 16:9 (2Point1 MP) 1920x1080: 5
clicking Image of 5th Resolutions 16:9 (2Point1 MP) 1920x1080: 6
clicking Image of 5th Resolutions 16:9 (2Point1 MP) 1920x1080: 7
clicking Image of 5th Resolutions 16:9 (2Point1 MP) 1920x1080: 8
clicking Image of 5th Resolutions 16:9 (2Point1 MP) 1920x1080: 9
clicking Image of 5th Resolutions 16:9 (2Point1 MP) 1920x1080: 10
clicking Image of 5th Resolutions 16:9 (2Point1 MP) 1920x1080: 11
clicking Image of 5th Resolutions 16:9 (2Point1 MP) 1920x1080: 12
clicking Image of 5th Resolutions 16:9 (2Point1 MP) 1920x1080: 13
clicking Image of 5th Resolutions 16:9 (2Point1 MP) 1920x1080: 14
clicking Image of 5th Resolutions 16:9 (2Point1 MP) 1920x1080: 15
clicking Image of 5th Resolutions 16:9 (2Point1 MP) 1920x1080: 16
clicking Image of 5th Resolutions 16:9 (2Point1 MP) 1920x1080: 17
clicking Image of 5th Resolutions 16:9 (2Point1 MP) 1920x1080: 18
clicking Image of 5th Resolutions 16:9 (2Point1 MP) 1920x1080: 19
clicking Image of 5th Resolutions 16:9 (2Point1 MP) 1920x1080: 20
clicking Image of 5th Resolutions 16:9 (2Point1 MP) 1920x1080: 21
Back camera 5th resolution: 22 images Captured succesfull
Select Rear Image Size
Select camera Resolution
Select 6th Image Resoution: FullVision (4Point8 MP) 3264x1468
totalPictureCountRear5 = 22
clicking Image of 6th Resolutions FullVision (4Point8 MP) 3264x1468: 0
clicking Image of 6th Resolutions FullVision (4Point8 MP) 3264x1468: 1
clicking Image of 6th Resolutions FullVision (4Point8 MP) 3264x1468: 2
clicking Image of 6th Resolutions FullVision (4Point8 MP) 3264x1468: 3
clicking Image of 6th Resolutions FullVision (4Point8 MP) 3264x1468: 4
clicking Image of 6th Resolutions FullVision (4Point8 MP) 3264x1468: 5
clicking Image of 6th Resolutions FullVision (4Point8 MP) 3264x1468: 6
clicking Image of 6th Resolutions FullVision (4Point8 MP) 3264x1468: 7
clicking Image of 6th Resolutions FullVision (4Point8 MP) 3264x1468: 8
clicking Image of 6th Resolutions FullVision (4Point8 MP) 3264x1468: 9
clicking Image of 6th Resolutions FullVision (4Point8 MP) 3264x1468: 10
clicking Image of 6th Resolutions FullVision (4Point8 MP) 3264x1468: 11
clicking Image of 6th Resolutions FullVision (4Point8 MP) 3264x1468: 12
clicking Image of 6th Resolutions FullVision (4Point8 MP) 3264x1468: 13
clicking Image of 6th Resolutions FullVision (4Point8 MP) 3264x1468: 14
clicking Image of 6th Resolutions FullVision (4Point8 MP) 3264x1468: 15
clicking Image of 6th Resolutions FullVision (4Point8 MP) 3264x1468: 16
clicking Image of 6th Resolutions FullVision (4Point8 MP) 3264x1468: 17
clicking Image of 6th Resolutions FullVision (4Point8 MP) 3264x1468: 18
clicking Image of 6th Resolutions FullVision (4Point8 MP) 3264x1468: 19
clicking Image of 6th Resolutions FullVision (4Point8 MP) 3264x1468: 20
clicking Image of 6th Resolutions FullVision (4Point8 MP) 3264x1468: 21
Back camera 6th resolution: 22 images Captured succesfull
Select Rear Image Size
Select camera Resolution
Select 7th Image Resoution: FullVision (1Point2 MP) 1600x720
totalPictureCountRear6 = 22
clicking Image of 7th Resolutions FullVision (1Point2 MP) 1600x720: 22
clicking Image of 7th Resolutions FullVision (1Point2 MP) 1600x720: 22
clicking Image of 7th Resolutions FullVision (1Point2 MP) 1600x720: 22
clicking Image of 7th Resolutions FullVision (1Point2 MP) 1600x720: 22
clicking Image of 7th Resolutions FullVision (1Point2 MP) 1600x720: 22
clicking Image of 7th Resolutions FullVision (1Point2 MP) 1600x720: 22
clicking Image of 7th Resolutions FullVision (1Point2 MP) 1600x720: 22
clicking Image of 7th Resolutions FullVision (1Point2 MP) 1600x720: 22
clicking Image of 7th Resolutions FullVision (1Point2 MP) 1600x720: 22
clicking Image of 7th Resolutions FullVision (1Point2 MP) 1600x720: 22
clicking Image of 7th Resolutions FullVision (1Point2 MP) 1600x720: 22
clicking Image of 7th Resolutions FullVision (1Point2 MP) 1600x720: 22
clicking Image of 7th Resolutions FullVision (1Point2 MP) 1600x720: 22
clicking Image of 7th Resolutions FullVision (1Point2 MP) 1600x720: 22
clicking Image of 7th Resolutions FullVision (1Point2 MP) 1600x720: 22
clicking Image of 7th Resolutions FullVision (1Point2 MP) 1600x720: 22
clicking Image of 7th Resolutions FullVision (1Point2 MP) 1600x720: 22
clicking Image of 7th Resolutions FullVision (1Point2 MP) 1600x720: 22
clicking Image of 7th Resolutions FullVision (1Point2 MP) 1600x720: 22
clicking Image of 7th Resolutions FullVision (1Point2 MP) 1600x720: 22
clicking Image of 7th Resolutions FullVision (1Point2 MP) 1600x720: 22
clicking Image of 7th Resolutions FullVision (1Point2 MP) 1600x720: 22
Back camera 7th resolution: 22 images Captured succesfull
Select Rear Image Size
Select camera Resolution
Select 8th Image Resoution: 1:1 (6.0MP) 2448x2448
totalPictureCountRear7 = ${totalPictureCountRear7}

Fail: Test9 fail for Fail Count Issue

Fail: Test9 fail for rear Image capture
===================================================================================================================================================================================================================================================================================================================================================================================================================================================================================================================================================================================================================================================================================================================================
Calling DataMoveOperation
Re-launch file manager application and select external storage for data move operation, select all rear camera images files present in camera folder and move to Test9 folder
Select external storage
switch to grid view mode and select DCIM folder
Select DCIM folder
Select camera folder
switch to list view mode
Click More options
Click select all
Click More options
select move to option
select uSD Card
Select ADD NEW Folder option
Name folder as Test9
Accept create folder
Cut paste  video files operation completed successfully
Test9: Data move operation completed successfully
Pass: Test9 Pass for data move operation successfully
===================================================================================================================================================================================================================================================================================================================================================================================================================================================================================================================================================================================================================================================================================================================================
Final message: Fail Test9 for rear camera image capture
Test: End
===================================================================================================================================================================================================================================================================================================================================================================================================================================================================================================================================================================================================================================================================================================================================
]]></system-out>
    <system-err><![CDATA[2023-01-13 16:51:33 INFO   io.appium.java_client.remote.AppiumCommandExecutor$1 lambda$0 Detected dialect: W3C
2023-01-13 16:51:48 INFO   io.appium.java_client.remote.AppiumCommandExecutor$1 lambda$0 Detected dialect: W3C
]]></system-err>
  </testcase>
  <testcase name="FrontPictureCapture" classname="LG_K51S.Test9F" time="1,115.011">
    <system-out><![CDATA[Test: Start
===================================================================================================================================================================================================================================================================================================================================================================================================================================================================================================================================================================================================================================================================================================================================
Test9F Scenario is as follows:
Launch camera application, set uSD as a Storage option, start Front camera image picture capture for all Host front resolutions
Setting up the appium desired capabilities
===================================================================================================================================================================================================================================================================================================================================================================================================================================================================================================================================================================================================================================================================================================================================
Clearing Recent Apps
Pass: Test9F Pass for clearing Recent apps 
Launch Camera Application for Front camera picture Capture for all Host resolutions
clcik on next
change to SD card element not found : org.openqa.selenium.NoSuchElementException: An element could not be located on the page using the given search parameters.
For documentation on this error, please visit: https://www.seleniumhq.org/exceptions/no_such_element.html
Build info: version: '3.141.59', revision: 'e82be7d358', time: '2018-11-14T08:17:03'
System info: host: 'SD-APPS-090', ip: '10.65.148.57', os.name: 'Windows 10', os.arch: 'amd64', os.version: '10.0', java.version: '1.8.0_202'
Driver info: io.appium.java_client.android.AndroidDriver
Capabilities {automationName: UiAutomator2, databaseEnabled: false, desired: {automationName: UiAutomator2, deviceName: K51S, newCommandTimeout: 600, platformName: android, platformVersion: 11, udid: LMK510ZTS4595HM789}, deviceApiLevel: 30, deviceManufacturer: LGE, deviceModel: LM-K510, deviceName: LMK510ZTS4595HM789, deviceScreenDensity: 280, deviceScreenSize: 720x1600, deviceUDID: LMK510ZTS4595HM789, javascriptEnabled: true, locationContextEnabled: false, networkConnectionEnabled: true, newCommandTimeout: 600, pixelRatio: 1.75, platform: LINUX, platformName: Android, platformVersion: 11, statBarHeight: 71, takesScreenshot: true, udid: LMK510ZTS4595HM789, viewportRect: {height: 1374, left: 0, top: 71, width: 720}, warnings: {}, webStorageEnabled: false}
Session ID: 9ad312fc-6cba-4e62-ba50-37f8d35ef614
*** Element info: {Using=xpath, value=//*[@text='Next']}
Test9F_Fcam_res: 8 resolutions supported
Click On option to select front camera
Click On Settings and set uSD card as storage option
Select storage location option
Select SD as storage option
Select Rear Image Size
Select camera Resolution
Select first Image Resoution: 4:3 (13 MP) 4160x3120
totalPictureCountFront = 22
clicking Image of 1st Resolutions4:3 (13 MP) 4160x3120: 0
clicking Image of 1st Resolutions4:3 (13 MP) 4160x3120: 1
clicking Image of 1st Resolutions4:3 (13 MP) 4160x3120: 2
clicking Image of 1st Resolutions4:3 (13 MP) 4160x3120: 3
clicking Image of 1st Resolutions4:3 (13 MP) 4160x3120: 4
clicking Image of 1st Resolutions4:3 (13 MP) 4160x3120: 5
clicking Image of 1st Resolutions4:3 (13 MP) 4160x3120: 6
clicking Image of 1st Resolutions4:3 (13 MP) 4160x3120: 7
clicking Image of 1st Resolutions4:3 (13 MP) 4160x3120: 8
clicking Image of 1st Resolutions4:3 (13 MP) 4160x3120: 9
clicking Image of 1st Resolutions4:3 (13 MP) 4160x3120: 10
clicking Image of 1st Resolutions4:3 (13 MP) 4160x3120: 11
clicking Image of 1st Resolutions4:3 (13 MP) 4160x3120: 12
clicking Image of 1st Resolutions4:3 (13 MP) 4160x3120: 13
clicking Image of 1st Resolutions4:3 (13 MP) 4160x3120: 14
clicking Image of 1st Resolutions4:3 (13 MP) 4160x3120: 15
clicking Image of 1st Resolutions4:3 (13 MP) 4160x3120: 16
clicking Image of 1st Resolutions4:3 (13 MP) 4160x3120: 17
clicking Image of 1st Resolutions4:3 (13 MP) 4160x3120: 18
clicking Image of 1st Resolutions4:3 (13 MP) 4160x3120: 19
clicking Image of 1st Resolutions4:3 (13 MP) 4160x3120: 20
clicking Image of 1st Resolutions4:3 (13 MP) 4160x3120: 21
front camera first resolution: 22 images Captured succesfull
Select Rear Image Size
Select camera Resolution
Select 2nd Image Resoution: 4:3 (4Point9 MP) 2560x1920
totalPictureCountFront1 = 22
clicking Image of 2nd Resolutions4:3 (4Point9 MP) 2560x1920: 0
clicking Image of 2nd Resolutions4:3 (4Point9 MP) 2560x1920: 1
clicking Image of 2nd Resolutions4:3 (4Point9 MP) 2560x1920: 2
clicking Image of 2nd Resolutions4:3 (4Point9 MP) 2560x1920: 3
clicking Image of 2nd Resolutions4:3 (4Point9 MP) 2560x1920: 4
clicking Image of 2nd Resolutions4:3 (4Point9 MP) 2560x1920: 5
clicking Image of 2nd Resolutions4:3 (4Point9 MP) 2560x1920: 6
clicking Image of 2nd Resolutions4:3 (4Point9 MP) 2560x1920: 7
clicking Image of 2nd Resolutions4:3 (4Point9 MP) 2560x1920: 8
clicking Image of 2nd Resolutions4:3 (4Point9 MP) 2560x1920: 9
clicking Image of 2nd Resolutions4:3 (4Point9 MP) 2560x1920: 10
clicking Image of 2nd Resolutions4:3 (4Point9 MP) 2560x1920: 11
clicking Image of 2nd Resolutions4:3 (4Point9 MP) 2560x1920: 12
clicking Image of 2nd Resolutions4:3 (4Point9 MP) 2560x1920: 13
clicking Image of 2nd Resolutions4:3 (4Point9 MP) 2560x1920: 14
clicking Image of 2nd Resolutions4:3 (4Point9 MP) 2560x1920: 15
clicking Image of 2nd Resolutions4:3 (4Point9 MP) 2560x1920: 16
clicking Image of 2nd Resolutions4:3 (4Point9 MP) 2560x1920: 17
clicking Image of 2nd Resolutions4:3 (4Point9 MP) 2560x1920: 18
clicking Image of 2nd Resolutions4:3 (4Point9 MP) 2560x1920: 19
clicking Image of 2nd Resolutions4:3 (4Point9 MP) 2560x1920: 20
clicking Image of 2nd Resolutions4:3 (4Point9 MP) 2560x1920: 21
front camera second resolution: 22 images Captured succesfull
Select Rear Image Size
Select camera Resolution
Select 3rd Image Resoution: 16:9 (9Point7 MP) 4160x2340
totalPictureCountFront2 = 22
clicking Image of 3rd Resolutions16:9 (9Point7 MP) 4160x2340: 0
clicking Image of 3rd Resolutions16:9 (9Point7 MP) 4160x2340: 1
clicking Image of 3rd Resolutions16:9 (9Point7 MP) 4160x2340: 2
clicking Image of 3rd Resolutions16:9 (9Point7 MP) 4160x2340: 3
clicking Image of 3rd Resolutions16:9 (9Point7 MP) 4160x2340: 4
clicking Image of 3rd Resolutions16:9 (9Point7 MP) 4160x2340: 5
clicking Image of 3rd Resolutions16:9 (9Point7 MP) 4160x2340: 6
clicking Image of 3rd Resolutions16:9 (9Point7 MP) 4160x2340: 7
clicking Image of 3rd Resolutions16:9 (9Point7 MP) 4160x2340: 8
clicking Image of 3rd Resolutions16:9 (9Point7 MP) 4160x2340: 9
clicking Image of 3rd Resolutions16:9 (9Point7 MP) 4160x2340: 10
clicking Image of 3rd Resolutions16:9 (9Point7 MP) 4160x2340: 11
clicking Image of 3rd Resolutions16:9 (9Point7 MP) 4160x2340: 12
clicking Image of 3rd Resolutions16:9 (9Point7 MP) 4160x2340: 13
clicking Image of 3rd Resolutions16:9 (9Point7 MP) 4160x2340: 14
clicking Image of 3rd Resolutions16:9 (9Point7 MP) 4160x2340: 15
clicking Image of 3rd Resolutions16:9 (9Point7 MP) 4160x2340: 16
clicking Image of 3rd Resolutions16:9 (9Point7 MP) 4160x2340: 17
clicking Image of 3rd Resolutions16:9 (9Point7 MP) 4160x2340: 18
clicking Image of 3rd Resolutions16:9 (9Point7 MP) 4160x2340: 19
clicking Image of 3rd Resolutions16:9 (9Point7 MP) 4160x2340: 20
clicking Image of 3rd Resolutions16:9 (9Point7 MP) 4160x2340: 21
front camera 3rd resolution: 22 images Captured succesfull
Select Rear Image Size
Select camera Resolution
Select 4th Image Resoution: 16:9 (3Point7 MP) 2560x1440
totalPictureCountFront3 = 22
clicking Image of 4th Resolutions16:9 (3Point7 MP) 2560x1440: 0
clicking Image of 4th Resolutions16:9 (3Point7 MP) 2560x1440: 1
clicking Image of 4th Resolutions16:9 (3Point7 MP) 2560x1440: 2
clicking Image of 4th Resolutions16:9 (3Point7 MP) 2560x1440: 3
clicking Image of 4th Resolutions16:9 (3Point7 MP) 2560x1440: 4
clicking Image of 4th Resolutions16:9 (3Point7 MP) 2560x1440: 5
clicking Image of 4th Resolutions16:9 (3Point7 MP) 2560x1440: 6
clicking Image of 4th Resolutions16:9 (3Point7 MP) 2560x1440: 7
clicking Image of 4th Resolutions16:9 (3Point7 MP) 2560x1440: 8
clicking Image of 4th Resolutions16:9 (3Point7 MP) 2560x1440: 9
clicking Image of 4th Resolutions16:9 (3Point7 MP) 2560x1440: 10
clicking Image of 4th Resolutions16:9 (3Point7 MP) 2560x1440: 11
clicking Image of 4th Resolutions16:9 (3Point7 MP) 2560x1440: 12
clicking Image of 4th Resolutions16:9 (3Point7 MP) 2560x1440: 13
clicking Image of 4th Resolutions16:9 (3Point7 MP) 2560x1440: 14
clicking Image of 4th Resolutions16:9 (3Point7 MP) 2560x1440: 15
clicking Image of 4th Resolutions16:9 (3Point7 MP) 2560x1440: 16
clicking Image of 4th Resolutions16:9 (3Point7 MP) 2560x1440: 17
clicking Image of 4th Resolutions16:9 (3Point7 MP) 2560x1440: 18
clicking Image of 4th Resolutions16:9 (3Point7 MP) 2560x1440: 19
clicking Image of 4th Resolutions16:9 (3Point7 MP) 2560x1440: 20
clicking Image of 4th Resolutions16:9 (3Point7 MP) 2560x1440: 21
front camera second resolution: 22 images Captured succesfull
Select Rear Image Size
Select camera Resolution
Select 5th Image Resoution: FullVision (7Point8 MP) 4160x1872
totalPictureCountFront4 = 22
clicking Image of 5th ResolutionsFullVision (7Point8 MP) 4160x1872: 0
clicking Image of 5th ResolutionsFullVision (7Point8 MP) 4160x1872: 1
clicking Image of 5th ResolutionsFullVision (7Point8 MP) 4160x1872: 2
clicking Image of 5th ResolutionsFullVision (7Point8 MP) 4160x1872: 3
clicking Image of 5th ResolutionsFullVision (7Point8 MP) 4160x1872: 4
clicking Image of 5th ResolutionsFullVision (7Point8 MP) 4160x1872: 5
clicking Image of 5th ResolutionsFullVision (7Point8 MP) 4160x1872: 6
clicking Image of 5th ResolutionsFullVision (7Point8 MP) 4160x1872: 7
clicking Image of 5th ResolutionsFullVision (7Point8 MP) 4160x1872: 8
clicking Image of 5th ResolutionsFullVision (7Point8 MP) 4160x1872: 9
clicking Image of 5th ResolutionsFullVision (7Point8 MP) 4160x1872: 10
clicking Image of 5th ResolutionsFullVision (7Point8 MP) 4160x1872: 11
clicking Image of 5th ResolutionsFullVision (7Point8 MP) 4160x1872: 12
clicking Image of 5th ResolutionsFullVision (7Point8 MP) 4160x1872: 13
clicking Image of 5th ResolutionsFullVision (7Point8 MP) 4160x1872: 14
clicking Image of 5th ResolutionsFullVision (7Point8 MP) 4160x1872: 15
clicking Image of 5th ResolutionsFullVision (7Point8 MP) 4160x1872: 16
clicking Image of 5th ResolutionsFullVision (7Point8 MP) 4160x1872: 17
clicking Image of 5th ResolutionsFullVision (7Point8 MP) 4160x1872: 18
clicking Image of 5th ResolutionsFullVision (7Point8 MP) 4160x1872: 19
clicking Image of 5th ResolutionsFullVision (7Point8 MP) 4160x1872: 20
clicking Image of 5th ResolutionsFullVision (7Point8 MP) 4160x1872: 21
front camera 5th resolution: 22 images Captured succesfull
Select Rear Image Size
Select camera Resolution
Select 6th Image Resoution: FullVision (1Point2 MP) 1600x720
totalPictureCountFront5 = 22
clicking Image of 6th ResolutionsFullVision (1Point2 MP) 1600x720: 0
clicking Image of 6th ResolutionsFullVision (1Point2 MP) 1600x720: 1
clicking Image of 6th ResolutionsFullVision (1Point2 MP) 1600x720: 2
clicking Image of 6th ResolutionsFullVision (1Point2 MP) 1600x720: 3
clicking Image of 6th ResolutionsFullVision (1Point2 MP) 1600x720: 4
clicking Image of 6th ResolutionsFullVision (1Point2 MP) 1600x720: 5
clicking Image of 6th ResolutionsFullVision (1Point2 MP) 1600x720: 6
clicking Image of 6th ResolutionsFullVision (1Point2 MP) 1600x720: 7
clicking Image of 6th ResolutionsFullVision (1Point2 MP) 1600x720: 8
clicking Image of 6th ResolutionsFullVision (1Point2 MP) 1600x720: 9
clicking Image of 6th ResolutionsFullVision (1Point2 MP) 1600x720: 10
clicking Image of 6th ResolutionsFullVision (1Point2 MP) 1600x720: 11
clicking Image of 6th ResolutionsFullVision (1Point2 MP) 1600x720: 12
clicking Image of 6th ResolutionsFullVision (1Point2 MP) 1600x720: 13
clicking Image of 6th ResolutionsFullVision (1Point2 MP) 1600x720: 14
clicking Image of 6th ResolutionsFullVision (1Point2 MP) 1600x720: 15
clicking Image of 6th ResolutionsFullVision (1Point2 MP) 1600x720: 16
clicking Image of 6th ResolutionsFullVision (1Point2 MP) 1600x720: 17
clicking Image of 6th ResolutionsFullVision (1Point2 MP) 1600x720: 18
clicking Image of 6th ResolutionsFullVision (1Point2 MP) 1600x720: 19
clicking Image of 6th ResolutionsFullVision (1Point2 MP) 1600x720: 20
clicking Image of 6th ResolutionsFullVision (1Point2 MP) 1600x720: 21
front camera second resolution: 22 images Captured succesfull
Select Rear Image Size
Select camera Resolution
Select 7th Image Resoution: 1:1 (9Point7 MP) 3120x3120
totalPictureCountFront6 = 22
clicking Image of 7th Resolutions1:1 (9Point7 MP) 3120x3120: 0
clicking Image of 7th Resolutions1:1 (9Point7 MP) 3120x3120: 1
clicking Image of 7th Resolutions1:1 (9Point7 MP) 3120x3120: 2
clicking Image of 7th Resolutions1:1 (9Point7 MP) 3120x3120: 3
clicking Image of 7th Resolutions1:1 (9Point7 MP) 3120x3120: 4
clicking Image of 7th Resolutions1:1 (9Point7 MP) 3120x3120: 5
clicking Image of 7th Resolutions1:1 (9Point7 MP) 3120x3120: 6
clicking Image of 7th Resolutions1:1 (9Point7 MP) 3120x3120: 7
clicking Image of 7th Resolutions1:1 (9Point7 MP) 3120x3120: 8
clicking Image of 7th Resolutions1:1 (9Point7 MP) 3120x3120: 9
clicking Image of 7th Resolutions1:1 (9Point7 MP) 3120x3120: 10
clicking Image of 7th Resolutions1:1 (9Point7 MP) 3120x3120: 11
clicking Image of 7th Resolutions1:1 (9Point7 MP) 3120x3120: 12
clicking Image of 7th Resolutions1:1 (9Point7 MP) 3120x3120: 13
clicking Image of 7th Resolutions1:1 (9Point7 MP) 3120x3120: 14
clicking Image of 7th Resolutions1:1 (9Point7 MP) 3120x3120: 15
clicking Image of 7th Resolutions1:1 (9Point7 MP) 3120x3120: 16
clicking Image of 7th Resolutions1:1 (9Point7 MP) 3120x3120: 17
clicking Image of 7th Resolutions1:1 (9Point7 MP) 3120x3120: 18
clicking Image of 7th Resolutions1:1 (9Point7 MP) 3120x3120: 19
clicking Image of 7th Resolutions1:1 (9Point7 MP) 3120x3120: 20
clicking Image of 7th Resolutions1:1 (9Point7 MP) 3120x3120: 21
front camera 7th resolution: 22 images Captured succesfull
Select Rear Image Size
Select camera Resolution
Select 8th Image Resoution: 1:1 (3Point4 MP) 1840x1840
totalPictureCountFront7 = ${totalPictureCountFront7}

Fail: Test9F fail for Fail Count Issue
calling DataMoveOperation()
Re-launch file manager application and select external storage for data move operation, select all front camera images files present in camera folder and move to Test9F folder
Select external storage
switch to grid view mode and select DCIM folder
Select DCIM folder
Select camera folder
switch to list view mode
Click More options
Click select all
Click More options
select move to option
select uSD Card
Select ADD NEW Folder option
Name folder as Test9F
Accept create folder
Cut paste  video files operation completed successfully
Test9F: Data move operation completed successfully
Pass: Test9F Pass for data move operation successfully
===================================================================================================================================================================================================================================================================================================================================================================================================================================================================================================================================================================================================================================================================================================================================
===================================================================================================================================================================================================================================================================================================================================================================================================================================================================================================================================================================================================================================================================================================================================
Final message: Fail Test9F for front camera image capture
Test: End
===================================================================================================================================================================================================================================================================================================================================================================================================================================================================================================================================================================================================================================================================================================================================
]]></system-out>
    <system-err><![CDATA[2023-01-13 17:09:21 INFO   io.appium.java_client.remote.AppiumCommandExecutor$1 lambda$0 Detected dialect: W3C
2023-01-13 17:09:36 INFO   io.appium.java_client.remote.AppiumCommandExecutor$1 lambda$0 Detected dialect: W3C
]]></system-err>
  </testcase>
</testsuite>