<?xml version="1.0" encoding="UTF-8"?>
<!-- Generated by org.testng.reporters.JUnitReportReporter -->
<testsuite hostname="RPG-USB-APPS-383" name="Xiaomi_Redmi_11i_210911161.Test10" tests="1" failures="0" timestamp="10 Jan 2023 17:31:34 GMT" time="2713.753" errors="0">
  <testcase name="rearVideoRec" time="2713.753" classname="Xiaomi_Redmi_11i_210911161.Test10"/>
</testsuite>
