<?xml version="1.0" encoding="UTF-8"?>
<!-- Generated by org.testng.reporters.JUnitReportReporter -->
<testsuite hostname="RPG-USB-APPS-383" name="Xiaomi_Redmi_11i_210911161.Test3" tests="1" failures="0" timestamp="10 Jan 2023 17:31:34 GMT" time="153.216" errors="0">
  <testcase name="Format" time="153.216" classname="Xiaomi_Redmi_11i_210911161.Test3"/>
</testsuite>
