<?xml version="1.0" encoding="UTF-8"?>
<!-- Generated by org.testng.reporters.JUnitReportReporter -->
<testsuite hostname="SD-APPS-090" name="Oppo_A96_CPH2333.Test18" tests="1" failures="0" timestamp="13 Jan 2023 11:33:00 GMT" time="181.586" errors="0">
  <testcase name="CopyPaste" time="181.586" classname="Oppo_A96_CPH2333.Test18"/>
</testsuite>
