<?xml version="1.0" encoding="UTF-8"?>
<!-- Generated by org.testng.reporters.JUnitReportReporter -->
<testsuite hostname="SD-APPS-090" name="Oppo_A96_CPH2333.Test10" tests="1" failures="0" timestamp="13 Jan 2023 11:33:01 GMT" time="1703.266" errors="0">
  <testcase name="rearVideoRec" time="1703.266" classname="Oppo_A96_CPH2333.Test10"/>
</testsuite>
