<?xml version="1.0" encoding="UTF-8"?>
<!-- Generated by org.testng.reporters.JUnitReportReporter -->
<testsuite hostname="SD-APPS-090" name="Oppo_A96_CPH2333.Test8" tests="1" failures="0" timestamp="13 Jan 2023 11:33:01 GMT" time="40.662" errors="0">
  <testcase name="recordAudio" time="40.662" classname="Oppo_A96_CPH2333.Test8"/>
</testsuite>
