<?xml version="1.0" encoding="UTF-8"?>
<!-- Generated by org.testng.reporters.JUnitReportReporter -->
<testsuite hostname="SD-APPS-090" name="Oppo_A96_CPH2333.Test3" tests="1" failures="0" timestamp="13 Jan 2023 11:33:01 GMT" time="248.980" errors="0">
  <testcase name="Format" time="248.980" classname="Oppo_A96_CPH2333.Test3"/>
</testsuite>
