<?xml version="1.0" encoding="UTF-8"?>
<!-- Generated by org.testng.reporters.JUnitReportReporter -->
<testsuite hostname="BNPLYY2" name="Samsung_Galaxy_A73_5G_SMA736BDS.Test9" tests="1" failures="0" timestamp="30 Nov 2022 07:09:36 GMT" time="462.368" errors="0">
  <testcase name="RearPictureCapture" time="462.368" classname="Samsung_Galaxy_A73_5G_SMA736BDS.Test9"/>
</testsuite>
