<?xml version="1.0" encoding="UTF-8"?>
<!-- Generated by org.testng.reporters.JUnitReportReporter -->
<testsuite hostname="BNPLYY2" name="Magch_Tablet10_M210.Test10_Int" tests="1" failures="0" timestamp="16 Mar 2023 08:07:21 GMT" time="1186.266" errors="0">
  <testcase name="rearVideoRec" time="1186.266" classname="Magch_Tablet10_M210.Test10_Int"/>
</testsuite>
