<?xml version="1.0" encoding="UTF-8"?>
<!-- Generated by org.testng.reporters.JUnitReportReporter -->
<testsuite hostname="BNPLYY2" name="Realme_Pad_Mini_RMP2106.Test9_Int" tests="1" failures="0" timestamp="23 Mar 2023 08:56:23 GMT" time="747.403" errors="0">
  <testcase name="RearPictureCapture" time="747.403" classname="Realme_Pad_Mini_RMP2106.Test9_Int"/>
</testsuite>
