<?xml version="1.0" encoding="UTF-8"?>
<!-- Generated by org.testng.reporters.JUnitReportReporter -->
<testsuite hostname="SD-APPS-090" name="Xiaomi_Redmi_Note9s.Test8" tests="1" failures="0" timestamp="9 Nov 2022 15:53:27 GMT" time="222.296" errors="0">
  <testcase name="recordAudio" time="222.296" classname="Xiaomi_Redmi_Note9s.Test8"/>
</testsuite>
