<?xml version="1.0" encoding="UTF-8"?>
<!-- Generated by org.testng.reporters.JUnitReportReporter -->
<testsuite hostname="SD-APPS-090" name="Xiaomi_Redmi_Note9s.Test3" tests="1" failures="0" timestamp="9 Nov 2022 15:53:27 GMT" time="391.104" errors="0">
  <testcase name="Format" time="391.104" classname="Xiaomi_Redmi_Note9s.Test3"/>
</testsuite>
