<?xml version="1.0" encoding="UTF-8"?>
<!-- Generated by org.testng.reporters.JUnitReportReporter -->
<testsuite hostname="SD-APPS-090" name="Cubot_Note9.Test10_Int" tests="1" failures="0" timestamp="15 Feb 2023 07:57:04 GMT" time="2388.065" errors="0">
  <testcase name="rearVideoRec" time="2388.065" classname="Cubot_Note9.Test10_Int"/>
</testsuite>
