<?xml version="1.0" encoding="UTF-8"?>
<!-- Generated by org.testng.reporters.JUnitReportReporter -->
<testsuite hostname="SD-APPS-090" name="Cubot_Note9.Test8_Int" tests="1" failures="0" timestamp="15 Feb 2023 07:57:04 GMT" time="554.428" errors="0">
  <testcase name="recordAudio" time="554.428" classname="Cubot_Note9.Test8_Int"/>
</testsuite>
