<?xml version="1.0" encoding="UTF-8"?>
<testsuite xmlns:xsi="http://www.w3.org/2001/XMLSchema-instance" xsi:noNamespaceSchemaLocation="https://maven.apache.org/surefire/maven-surefire-plugin/xsd/surefire-test-report-3.0.xsd" version="3.0" name="TestSuite" time="13,440.725" tests="8" errors="0" skipped="0" failures="0">
  <properties>
    <property name="sun.desktop" value="windows"/>
    <property name="awt.toolkit" value="sun.awt.windows.WToolkit"/>
    <property name="fileName" value="testngMain_Int.xml"/>
    <property name="file.encoding.pkg" value="sun.io"/>
    <property name="java.specification.version" value="1.8"/>
    <property name="totalPictureCountRear" value="75"/>
    <property name="sun.cpu.isalist" value="amd64"/>
    <property name="totalPictureCountFront" value="75"/>
    <property name="sun.jnu.encoding" value="Cp1252"/>
    <property name="java.class.path" value="C:\Users\sandisk\eclipse-workspace\Lava_Z3_LZG403\target\test-classes;C:\Users\sandisk\eclipse-workspace\Lava_Z3_LZG403\target\classes;C:\Users\sandisk\.m2\repository\org\seleniumhq\selenium\selenium-java\3.141.59\selenium-java-3.141.59.jar;C:\Users\sandisk\.m2\repository\org\seleniumhq\selenium\selenium-api\3.141.59\selenium-api-3.141.59.jar;C:\Users\sandisk\.m2\repository\org\seleniumhq\selenium\selenium-chrome-driver\3.141.59\selenium-chrome-driver-3.141.59.jar;C:\Users\sandisk\.m2\repository\org\seleniumhq\selenium\selenium-edge-driver\3.141.59\selenium-edge-driver-3.141.59.jar;C:\Users\sandisk\.m2\repository\org\seleniumhq\selenium\selenium-firefox-driver\3.141.59\selenium-firefox-driver-3.141.59.jar;C:\Users\sandisk\.m2\repository\org\seleniumhq\selenium\selenium-ie-driver\3.141.59\selenium-ie-driver-3.141.59.jar;C:\Users\sandisk\.m2\repository\org\seleniumhq\selenium\selenium-opera-driver\3.141.59\selenium-opera-driver-3.141.59.jar;C:\Users\sandisk\.m2\repository\org\seleniumhq\selenium\selenium-remote-driver\3.141.59\selenium-remote-driver-3.141.59.jar;C:\Users\sandisk\.m2\repository\org\seleniumhq\selenium\selenium-safari-driver\3.141.59\selenium-safari-driver-3.141.59.jar;C:\Users\sandisk\.m2\repository\org\seleniumhq\selenium\selenium-support\3.141.59\selenium-support-3.141.59.jar;C:\Users\sandisk\.m2\repository\net\bytebuddy\byte-buddy\1.8.15\byte-buddy-1.8.15.jar;C:\Users\sandisk\.m2\repository\org\apache\commons\commons-exec\1.3\commons-exec-1.3.jar;C:\Users\sandisk\.m2\repository\com\google\guava\guava\25.0-jre\guava-25.0-jre.jar;C:\Users\sandisk\.m2\repository\com\google\code\findbugs\jsr305\1.3.9\jsr305-1.3.9.jar;C:\Users\sandisk\.m2\repository\org\checkerframework\checker-compat-qual\2.0.0\checker-compat-qual-2.0.0.jar;C:\Users\sandisk\.m2\repository\com\google\errorprone\error_prone_annotations\2.1.3\error_prone_annotations-2.1.3.jar;C:\Users\sandisk\.m2\repository\com\google\j2objc\j2objc-annotations\1.1\j2objc-annotations-1.1.jar;C:\Users\sandisk\.m2\repository\org\codehaus\mojo\animal-sniffer-annotations\1.14\animal-sniffer-annotations-1.14.jar;C:\Users\sandisk\.m2\repository\com\squareup\okhttp3\okhttp\3.11.0\okhttp-3.11.0.jar;C:\Users\sandisk\.m2\repository\com\squareup\okio\okio\1.14.0\okio-1.14.0.jar;C:\Users\sandisk\.m2\repository\org\seleniumhq\selenium\selenium-android-driver\2.39.0\selenium-android-driver-2.39.0.jar;C:\Users\sandisk\.m2\repository\io\appium\java-client\7.0.0\java-client-7.0.0.jar;C:\Users\sandisk\.m2\repository\com\google\code\gson\gson\2.8.5\gson-2.8.5.jar;C:\Users\sandisk\.m2\repository\org\apache\httpcomponents\httpclient\4.5.6\httpclient-4.5.6.jar;C:\Users\sandisk\.m2\repository\org\apache\httpcomponents\httpcore\4.4.10\httpcore-4.4.10.jar;C:\Users\sandisk\.m2\repository\commons-logging\commons-logging\1.2\commons-logging-1.2.jar;C:\Users\sandisk\.m2\repository\commons-codec\commons-codec\1.10\commons-codec-1.10.jar;C:\Users\sandisk\.m2\repository\cglib\cglib\3.2.8\cglib-3.2.8.jar;C:\Users\sandisk\.m2\repository\org\ow2\asm\asm\6.2.1\asm-6.2.1.jar;C:\Users\sandisk\.m2\repository\org\apache\ant\ant\1.10.3\ant-1.10.3.jar;C:\Users\sandisk\.m2\repository\org\apache\ant\ant-launcher\1.10.3\ant-launcher-1.10.3.jar;C:\Users\sandisk\.m2\repository\commons-validator\commons-validator\1.6\commons-validator-1.6.jar;C:\Users\sandisk\.m2\repository\commons-beanutils\commons-beanutils\1.9.2\commons-beanutils-1.9.2.jar;C:\Users\sandisk\.m2\repository\commons-digester\commons-digester\1.8.1\commons-digester-1.8.1.jar;C:\Users\sandisk\.m2\repository\commons-collections\commons-collections\3.2.2\commons-collections-3.2.2.jar;C:\Users\sandisk\.m2\repository\org\apache\commons\commons-lang3\3.8\commons-lang3-3.8.jar;C:\Users\sandisk\.m2\repository\commons-io\commons-io\2.6\commons-io-2.6.jar;C:\Users\sandisk\.m2\repository\org\springframework\spring-context\5.1.0.RELEASE\spring-context-5.1.0.RELEASE.jar;C:\Users\sandisk\.m2\repository\org\springframework\spring-aop\5.1.0.RELEASE\spring-aop-5.1.0.RELEASE.jar;C:\Users\sandisk\.m2\repository\org\springframework\spring-beans\5.1.0.RELEASE\spring-beans-5.1.0.RELEASE.jar;C:\Users\sandisk\.m2\repository\org\springframework\spring-core\5.1.0.RELEASE\spring-core-5.1.0.RELEASE.jar;C:\Users\sandisk\.m2\repository\org\springframework\spring-jcl\5.1.0.RELEASE\spring-jcl-5.1.0.RELEASE.jar;C:\Users\sandisk\.m2\repository\org\springframework\spring-expression\5.1.0.RELEASE\spring-expression-5.1.0.RELEASE.jar;C:\Users\sandisk\.m2\repository\org\aspectj\aspectjweaver\1.9.1\aspectjweaver-1.9.1.jar;C:\Users\sandisk\.m2\repository\org\slf4j\slf4j-api\1.7.25\slf4j-api-1.7.25.jar;C:\Users\sandisk\.m2\repository\org\testng\testng\6.1.1\testng-6.1.1.jar;C:\Users\sandisk\.m2\repository\junit\junit\3.8.1\junit-3.8.1.jar;C:\Users\sandisk\.m2\repository\org\beanshell\bsh\2.0b4\bsh-2.0b4.jar;C:\Users\sandisk\.m2\repository\com\beust\jcommander\1.12\jcommander-1.12.jar;C:\Users\sandisk\.m2\repository\org\yaml\snakeyaml\1.6\snakeyaml-1.6.jar;"/>
    <property name="java.vm.vendor" value="Oracle Corporation"/>
    <property name="sun.arch.data.model" value="64"/>
    <property name="user.variant" value=""/>
    <property name="java.vendor.url" value="http://java.oracle.com/"/>
    <property name="user.timezone" value="Asia/Calcutta"/>
    <property name="os.name" value="Windows 10"/>
    <property name="java.vm.specification.version" value="1.8"/>
    <property name="sun.java.launcher" value="SUN_STANDARD"/>
    <property name="user.country" value="IN"/>
    <property name="sun.boot.library.path" value="C:\Program Files\Java\jdk1.8.0_202\jre\bin"/>
    <property name="recordingDurationRear1" value="580"/>
    <property name="recordingDurationFront2" value="580"/>
    <property name="recordingDurationRear2" value="580"/>
    <property name="sun.java.command" value="C:\Users\sandisk\AppData\Local\Temp\surefire2907613557262107695\surefirebooter4868277344499821166.jar C:\Users\sandisk\AppData\Local\Temp\surefire2907613557262107695 2023-03-16T17-24-17_826-jvmRun1 surefire8474655035961184640tmp surefire_04440824816312124052tmp"/>
    <property name="recordingDurationFront" value="580"/>
    <property name="recordingDurationFront1" value="580"/>
    <property name="surefire.test.class.path" value="C:\Users\sandisk\eclipse-workspace\Lava_Z3_LZG403\target\test-classes;C:\Users\sandisk\eclipse-workspace\Lava_Z3_LZG403\target\classes;C:\Users\sandisk\.m2\repository\org\seleniumhq\selenium\selenium-java\3.141.59\selenium-java-3.141.59.jar;C:\Users\sandisk\.m2\repository\org\seleniumhq\selenium\selenium-api\3.141.59\selenium-api-3.141.59.jar;C:\Users\sandisk\.m2\repository\org\seleniumhq\selenium\selenium-chrome-driver\3.141.59\selenium-chrome-driver-3.141.59.jar;C:\Users\sandisk\.m2\repository\org\seleniumhq\selenium\selenium-edge-driver\3.141.59\selenium-edge-driver-3.141.59.jar;C:\Users\sandisk\.m2\repository\org\seleniumhq\selenium\selenium-firefox-driver\3.141.59\selenium-firefox-driver-3.141.59.jar;C:\Users\sandisk\.m2\repository\org\seleniumhq\selenium\selenium-ie-driver\3.141.59\selenium-ie-driver-3.141.59.jar;C:\Users\sandisk\.m2\repository\org\seleniumhq\selenium\selenium-opera-driver\3.141.59\selenium-opera-driver-3.141.59.jar;C:\Users\sandisk\.m2\repository\org\seleniumhq\selenium\selenium-remote-driver\3.141.59\selenium-remote-driver-3.141.59.jar;C:\Users\sandisk\.m2\repository\org\seleniumhq\selenium\selenium-safari-driver\3.141.59\selenium-safari-driver-3.141.59.jar;C:\Users\sandisk\.m2\repository\org\seleniumhq\selenium\selenium-support\3.141.59\selenium-support-3.141.59.jar;C:\Users\sandisk\.m2\repository\net\bytebuddy\byte-buddy\1.8.15\byte-buddy-1.8.15.jar;C:\Users\sandisk\.m2\repository\org\apache\commons\commons-exec\1.3\commons-exec-1.3.jar;C:\Users\sandisk\.m2\repository\com\google\guava\guava\25.0-jre\guava-25.0-jre.jar;C:\Users\sandisk\.m2\repository\com\google\code\findbugs\jsr305\1.3.9\jsr305-1.3.9.jar;C:\Users\sandisk\.m2\repository\org\checkerframework\checker-compat-qual\2.0.0\checker-compat-qual-2.0.0.jar;C:\Users\sandisk\.m2\repository\com\google\errorprone\error_prone_annotations\2.1.3\error_prone_annotations-2.1.3.jar;C:\Users\sandisk\.m2\repository\com\google\j2objc\j2objc-annotations\1.1\j2objc-annotations-1.1.jar;C:\Users\sandisk\.m2\repository\org\codehaus\mojo\animal-sniffer-annotations\1.14\animal-sniffer-annotations-1.14.jar;C:\Users\sandisk\.m2\repository\com\squareup\okhttp3\okhttp\3.11.0\okhttp-3.11.0.jar;C:\Users\sandisk\.m2\repository\com\squareup\okio\okio\1.14.0\okio-1.14.0.jar;C:\Users\sandisk\.m2\repository\org\seleniumhq\selenium\selenium-android-driver\2.39.0\selenium-android-driver-2.39.0.jar;C:\Users\sandisk\.m2\repository\io\appium\java-client\7.0.0\java-client-7.0.0.jar;C:\Users\sandisk\.m2\repository\com\google\code\gson\gson\2.8.5\gson-2.8.5.jar;C:\Users\sandisk\.m2\repository\org\apache\httpcomponents\httpclient\4.5.6\httpclient-4.5.6.jar;C:\Users\sandisk\.m2\repository\org\apache\httpcomponents\httpcore\4.4.10\httpcore-4.4.10.jar;C:\Users\sandisk\.m2\repository\commons-logging\commons-logging\1.2\commons-logging-1.2.jar;C:\Users\sandisk\.m2\repository\commons-codec\commons-codec\1.10\commons-codec-1.10.jar;C:\Users\sandisk\.m2\repository\cglib\cglib\3.2.8\cglib-3.2.8.jar;C:\Users\sandisk\.m2\repository\org\ow2\asm\asm\6.2.1\asm-6.2.1.jar;C:\Users\sandisk\.m2\repository\org\apache\ant\ant\1.10.3\ant-1.10.3.jar;C:\Users\sandisk\.m2\repository\org\apache\ant\ant-launcher\1.10.3\ant-launcher-1.10.3.jar;C:\Users\sandisk\.m2\repository\commons-validator\commons-validator\1.6\commons-validator-1.6.jar;C:\Users\sandisk\.m2\repository\commons-beanutils\commons-beanutils\1.9.2\commons-beanutils-1.9.2.jar;C:\Users\sandisk\.m2\repository\commons-digester\commons-digester\1.8.1\commons-digester-1.8.1.jar;C:\Users\sandisk\.m2\repository\commons-collections\commons-collections\3.2.2\commons-collections-3.2.2.jar;C:\Users\sandisk\.m2\repository\org\apache\commons\commons-lang3\3.8\commons-lang3-3.8.jar;C:\Users\sandisk\.m2\repository\commons-io\commons-io\2.6\commons-io-2.6.jar;C:\Users\sandisk\.m2\repository\org\springframework\spring-context\5.1.0.RELEASE\spring-context-5.1.0.RELEASE.jar;C:\Users\sandisk\.m2\repository\org\springframework\spring-aop\5.1.0.RELEASE\spring-aop-5.1.0.RELEASE.jar;C:\Users\sandisk\.m2\repository\org\springframework\spring-beans\5.1.0.RELEASE\spring-beans-5.1.0.RELEASE.jar;C:\Users\sandisk\.m2\repository\org\springframework\spring-core\5.1.0.RELEASE\spring-core-5.1.0.RELEASE.jar;C:\Users\sandisk\.m2\repository\org\springframework\spring-jcl\5.1.0.RELEASE\spring-jcl-5.1.0.RELEASE.jar;C:\Users\sandisk\.m2\repository\org\springframework\spring-expression\5.1.0.RELEASE\spring-expression-5.1.0.RELEASE.jar;C:\Users\sandisk\.m2\repository\org\aspectj\aspectjweaver\1.9.1\aspectjweaver-1.9.1.jar;C:\Users\sandisk\.m2\repository\org\slf4j\slf4j-api\1.7.25\slf4j-api-1.7.25.jar;C:\Users\sandisk\.m2\repository\org\testng\testng\6.1.1\testng-6.1.1.jar;C:\Users\sandisk\.m2\repository\junit\junit\3.8.1\junit-3.8.1.jar;C:\Users\sandisk\.m2\repository\org\beanshell\bsh\2.0b4\bsh-2.0b4.jar;C:\Users\sandisk\.m2\repository\com\beust\jcommander\1.12\jcommander-1.12.jar;C:\Users\sandisk\.m2\repository\org\yaml\snakeyaml\1.6\snakeyaml-1.6.jar;"/>
    <property name="sun.cpu.endian" value="little"/>
    <property name="user.home" value="C:\Users\sandisk"/>
    <property name="user.language" value="en"/>
    <property name="java.specification.vendor" value="Oracle Corporation"/>
    <property name="java.home" value="C:\Program Files\Java\jdk1.8.0_202\jre"/>
    <property name="file.separator" value="\"/>
    <property name="basedir" value="C:\Users\sandisk\eclipse-workspace\Lava_Z3_LZG403"/>
    <property name="line.separator" value="&#10;"/>
    <property name="java.vm.specification.vendor" value="Oracle Corporation"/>
    <property name="java.specification.name" value="Java Platform API Specification"/>
    <property name="mountUnmountCycle" value="1"/>
    <property name="java.awt.graphicsenv" value="sun.awt.Win32GraphicsEnvironment"/>
    <property name="surefire.real.class.path" value="C:\Users\sandisk\AppData\Local\Temp\surefire2907613557262107695\surefirebooter4868277344499821166.jar"/>
    <property name="recordingDurationRear" value="580"/>
    <property name="sun.boot.class.path" value="C:\Program Files\Java\jdk1.8.0_202\jre\lib\resources.jar;C:\Program Files\Java\jdk1.8.0_202\jre\lib\rt.jar;C:\Program Files\Java\jdk1.8.0_202\jre\lib\sunrsasign.jar;C:\Program Files\Java\jdk1.8.0_202\jre\lib\jsse.jar;C:\Program Files\Java\jdk1.8.0_202\jre\lib\jce.jar;C:\Program Files\Java\jdk1.8.0_202\jre\lib\charsets.jar;C:\Program Files\Java\jdk1.8.0_202\jre\lib\jfr.jar;C:\Program Files\Java\jdk1.8.0_202\jre\classes"/>
    <property name="user.script" value=""/>
    <property name="sun.management.compiler" value="HotSpot 64-Bit Tiered Compilers"/>
    <property name="java.runtime.version" value="1.8.0_202-b08"/>
    <property name="totalPictureCountFront3" value="75"/>
    <property name="user.name" value="sandisk"/>
    <property name="totalPictureCountFront2" value="75"/>
    <property name="totalPictureCountFront1" value="75"/>
    <property name="path.separator" value=";"/>
    <property name="totalPictureCountRear3" value="75"/>
    <property name="totalPictureCountRear1" value="75"/>
    <property name="os.version" value="10.0"/>
    <property name="totalPictureCountRear2" value="75"/>
    <property name="java.endorsed.dirs" value="C:\Program Files\Java\jdk1.8.0_202\jre\lib\endorsed"/>
    <property name="java.runtime.name" value="Java(TM) SE Runtime Environment"/>
    <property name="file.encoding" value="Cp1252"/>
    <property name="java.vm.name" value="Java HotSpot(TM) 64-Bit Server VM"/>
    <property name="localRepository" value="C:\Users\sandisk\.m2\repository"/>
    <property name="java.vendor.url.bug" value="http://bugreport.sun.com/bugreport/"/>
    <property name="java.io.tmpdir" value="C:\Users\sandisk\AppData\Local\Temp\"/>
    <property name="java.version" value="1.8.0_202"/>
    <property name="user.dir" value="C:\Users\sandisk\eclipse-workspace\Lava_Z3_LZG403"/>
    <property name="os.arch" value="amd64"/>
    <property name="java.vm.specification.name" value="Java Virtual Machine Specification"/>
    <property name="java.util.logging.SimpleFormatter.format" value="%1$tY-%1$tm-%1$td %1$tH:%1$tM:%1$tS %4$-6s %2$s %5$s%6$s%n"/>
    <property name="java.awt.printerjob" value="sun.awt.windows.WPrinterJob"/>
    <property name="Tolerance_Level" value="75"/>
    <property name="sun.os.patch.level" value=""/>
    <property name="java.library.path" value="C:\Program Files\Java\jdk1.8.0_202\jre\bin;C:\Windows\Sun\Java\bin;C:\Windows\system32;C:\Windows;C:\Program Files (x86)\Common Files\Oracle\Java\javapath;C:\Windows\system32;C:\Windows;C:\Windows\System32\Wbem;C:\Windows\System32\WindowsPowerShell\v1.0\;C:\Windows\System32\OpenSSH\;C:\Users\sandisk\Maven\apache-maven-3.8.4\bin;C:\Ant\apache-ant-1.9.15\bin;C:\Program Files\Java\jdk1.8.0_202\bin;C:\Users\sandisk\AppData\Local\Android\Sdk;C:\Users\sandisk\android-sdks\platform-tools;C:\Android\Android-sdk\bin;C:\Android\Android-sdk\tools;C:\Android\Android-sdk\platform-tools;C:\Python37\Scripts\;C:\Python37\;C:\Users\sandisk\AppData\Local\Microsoft\WindowsApps;;."/>
    <property name="java.vendor" value="Oracle Corporation"/>
    <property name="java.vm.info" value="mixed mode"/>
    <property name="java.vm.version" value="25.202-b08"/>
    <property name="sun.io.unicode.encoding" value="UnicodeLittle"/>
    <property name="java.ext.dirs" value="C:\Program Files\Java\jdk1.8.0_202\jre\lib\ext;C:\Windows\Sun\Java\lib\ext"/>
    <property name="java.class.version" value="52.0"/>
  </properties>
  <testcase name="start" classname="Lava_Z3_LZG403.Test0_Int" time="1,465.589">
    <system-out><![CDATA[Test: Start
===================================================================================================================================================================================================================================================================================================================================================================================================================================================================================================================================================================================================================================================================================================================================
 Test0_Int Scenario is as follows 
Unlock phone, clear recent apps, clear internal memory
Call Image() and Capture Rear camera 25 images for default resolution in uSD card and Verify the data capture
Call Video() and record Rear camera video of first 2 resloutions for 2 minutes of duration in uSD Card and verify the same
Call Format() and format uSD card with data and verify the same
Setting up the appium desired capabilities
===================================================================================================================================================================================================================================================================================================================================================================================================================================================================================================================================================================================================================================================================================================================================
Formatting uSD as Internal mount
Launch Settings Application
Scrolling till battery and device care is visible
Clicking on storage
Clicking on SD card
Clicking on more options
Select storage settings
Select format as Internal options
Accept move content  pop-up
Pass: Format as Internal Mount scenario completed Successfull
Launch File Manager Application and clear internal memory
Select  Internal storage
Select More options
click on Select all
Select More options
Select  Delete permanently
Select  Delete
Pass: Test0_Int Clearing phone internal memory is successfull
===================================================================================================================================================================================================================================================================================================================================================================================================================================================================================================================================================================================================================================================================================================================================
Launch Camera Application for Rear camera picture capture
IF Change to uSD card notification pop-up exists select Cancel Option
change to SD card element not found : org.openqa.selenium.NoSuchElementException: An element could not be located on the page using the given search parameters.
For documentation on this error, please visit: https://www.seleniumhq.org/exceptions/no_such_element.html
Build info: version: '3.141.59', revision: 'e82be7d358', time: '2018-11-14T08:17:03'
System info: host: 'SD-APPS-090', ip: '10.65.148.57', os.name: 'Windows 10', os.arch: 'amd64', os.version: '10.0', java.version: '1.8.0_202'
Driver info: io.appium.java_client.android.AndroidDriver
Capabilities {automationName: UiAutomator2, databaseEnabled: false, desired: {automationName: UiAutomator2, deviceName: LAVA LZG403, newCommandTimeout: 1200, platformName: android, platformVersion: 11, udid: Z39G21LB061894}, deviceApiLevel: 30, deviceManufacturer: LAVA, deviceModel: LAVA LZG403, deviceName: Z39G21LB061894, deviceScreenDensity: 320, deviceScreenSize: 720x1600, deviceUDID: Z39G21LB061894, javascriptEnabled: true, locationContextEnabled: false, networkConnectionEnabled: true, newCommandTimeout: 1200, pixelRatio: 2, platform: LINUX, platformName: Android, platformVersion: 11, statBarHeight: 45, takesScreenshot: true, udid: Z39G21LB061894, viewportRect: {height: 1414, left: 0, top: 45, width: 720}, warnings: {}, webStorageEnabled: false}
Session ID: decf4dcf-5e3b-48d8-b1c4-443854e1b1fb
*** Element info: {Using=xpath, value=//*[@bounds='[100,869][140,909]']}
Capture Image of Default Resolution
Captureing default resolition image 0
Captureing default resolition image 1
Captureing default resolition image 2
Captureing default resolition image 3
Captureing default resolition image 4
Captureing default resolition image 5
Captureing default resolition image 6
Captureing default resolition image 7
Captureing default resolition image 8
Captureing default resolition image 9
Captureing default resolition image 10
Captureing default resolition image 11
Captureing default resolition image 12
Captureing default resolition image 13
Captureing default resolition image 14
Captureing default resolition image 15
Captureing default resolition image 16
Captureing default resolition image 17
Captureing default resolition image 18
Captureing default resolition image 19
Captureing default resolition image 20
Captureing default resolition image 21
Captureing default resolition image 22
Captureing default resolition image 23
Captureing default resolition image 24
Pass:Total Number Of Image captured 25 is successfull
===================================================================================================================================================================================================================================================================================================================================================================================================================================================================================================================================================================================================================================================================================================================================
Launch File Manager application to verify  Image capture
swipe and search for Internal storage
Select  Internal storage
Select DCIM Folder
Select Camera Folder
Select more
click on Select 
Pass: Total Number Of Image captured 25 is successfull
Calling video() for rear video recording in USD card and verifying data capture.
===================================================================================================================================================================================================================================================================================================================================================================================================================================================================================================================================================================================================================================================================================================================================
re-launch camera application for rear camera video recording
IF Change to uSD card notification pop-up exists select Cancel Option
change to SD card element not found : org.openqa.selenium.NoSuchElementException: An element could not be located on the page using the given search parameters.
For documentation on this error, please visit: https://www.seleniumhq.org/exceptions/no_such_element.html
Build info: version: '3.141.59', revision: 'e82be7d358', time: '2018-11-14T08:17:03'
System info: host: 'SD-APPS-090', ip: '10.65.148.57', os.name: 'Windows 10', os.arch: 'amd64', os.version: '10.0', java.version: '1.8.0_202'
Driver info: io.appium.java_client.android.AndroidDriver
Capabilities {automationName: UiAutomator2, databaseEnabled: false, desired: {automationName: UiAutomator2, deviceName: LAVA LZG403, newCommandTimeout: 1200, platformName: android, platformVersion: 11, udid: Z39G21LB061894}, deviceApiLevel: 30, deviceManufacturer: LAVA, deviceModel: LAVA LZG403, deviceName: Z39G21LB061894, deviceScreenDensity: 320, deviceScreenSize: 720x1600, deviceUDID: Z39G21LB061894, javascriptEnabled: true, locationContextEnabled: false, networkConnectionEnabled: true, newCommandTimeout: 1200, pixelRatio: 2, platform: LINUX, platformName: Android, platformVersion: 11, statBarHeight: 45, takesScreenshot: true, udid: Z39G21LB061894, viewportRect: {height: 1414, left: 0, top: 45, width: 720}, warnings: {}, webStorageEnabled: false}
Session ID: decf4dcf-5e3b-48d8-b1c4-443854e1b1fb
*** Element info: {Using=xpath, value=//*[@bounds='[100,869][140,909]']}
Switch to video recording mode
Select settings option
Select first highest rear camera video resolution: 1080p
Start video recording
Recording Video for 2Minutes of Duration
Stop video recording
Select settings option
Select second highest rear camera video resolution: 720p
Start video recording
Recording Video for 2Minutes of Duration
Stop video recording
Switch to back to photo mode
Pass: Rear camera video recording is successfull
===================================================================================================================================================================================================================================================================================================================================================================================================================================================================================================================================================================================================================================================================================================================================
Verifying Captured Videos
Launch Home screen and Clear recent Apps
Launch File Manager Application to verify captured videos
swipe and search for internal storage
Click On internal storage
Select DCIM Folder
Select Camera Folder
Select moreoptions
Pass: 2 Videos recorded Successfully
Pass: A total of 27 files present in uSD card before Format
calling FormatAsExternal() for format with data scenario
===================================================================================================================================================================================================================================================================================================================================================================================================================================================================================================================================================================================================================================================================================================================================
Formatting Phone as External MOunt
Launch Settings Application
Scrolling till battery and device care is visible
Clicking on storage
Clicking on SD card
Clicking on more options
Select Format as portable option
Fomratting Phone as External mount
Pass: Fomrat as External Mount is successfull
===================================================================================================================================================================================================================================================================================================================================================================================================================================================================================================================================================================================================================================================================================================================================
calling FormatAsInternal() for format with data scenario
Formatting uSD card as internal mount
Launch Settings Application
Scrolling till battery and device care is visible
Clicking on storage
Clicking on SD card
Clicking on more options
Select storage settings
Fomrat Phone as Internal mount
Accept format SD Card pop-up
click on movecontent
Pass:Format as Internal Mount completed Successfull
===================================================================================================================================================================================================================================================================================================================================================================================================================================================================================================================================================================================================================================================================================================================================
Launch File Manager Application
select browse option
swipe and search for internal storage
Click On internal storage
Click on DCIM Folder
Pass: Images and videos are not present in the DCIM folder, CARD format is successfully completed 
Final Message: Pass Test0_Int Pass for format Operation
Test: End
===================================================================================================================================================================================================================================================================================================================================================================================================================================================================================================================================================================================================================================================================================================================================
]]></system-out>
    <system-err><![CDATA[2023-03-16 17:24:35 INFO   io.appium.java_client.remote.AppiumCommandExecutor$1 lambda$0 Detected dialect: W3C
2023-03-16 17:24:45 INFO   io.appium.java_client.remote.AppiumCommandExecutor$1 lambda$0 Detected dialect: W3C
org.openqa.selenium.NoSuchElementException: An element could not be located on the page using the given search parameters.
For documentation on this error, please visit: https://www.seleniumhq.org/exceptions/no_such_element.html
Build info: version: '3.141.59', revision: 'e82be7d358', time: '2018-11-14T08:17:03'
System info: host: 'SD-APPS-090', ip: '10.65.148.57', os.name: 'Windows 10', os.arch: 'amd64', os.version: '10.0', java.version: '1.8.0_202'
Driver info: io.appium.java_client.android.AndroidDriver
Capabilities {automationName: UiAutomator2, databaseEnabled: false, desired: {automationName: UiAutomator2, deviceName: LAVA LZG403, newCommandTimeout: 1200, platformName: android, platformVersion: 11, udid: Z39G21LB061894}, deviceApiLevel: 30, deviceManufacturer: LAVA, deviceModel: LAVA LZG403, deviceName: Z39G21LB061894, deviceScreenDensity: 320, deviceScreenSize: 720x1600, deviceUDID: Z39G21LB061894, javascriptEnabled: true, locationContextEnabled: false, networkConnectionEnabled: true, newCommandTimeout: 1200, pixelRatio: 2, platform: LINUX, platformName: Android, platformVersion: 11, statBarHeight: 45, takesScreenshot: true, udid: Z39G21LB061894, viewportRect: {height: 1414, left: 0, top: 45, width: 720}, warnings: {}, webStorageEnabled: false}
Session ID: decf4dcf-5e3b-48d8-b1c4-443854e1b1fb
*** Element info: {Using=-android uiautomator, value=new UiSelector().text("DCIM")}
	at sun.reflect.NativeConstructorAccessorImpl.newInstance0(Native Method)
	at sun.reflect.NativeConstructorAccessorImpl.newInstance(NativeConstructorAccessorImpl.java:62)
	at sun.reflect.DelegatingConstructorAccessorImpl.newInstance(DelegatingConstructorAccessorImpl.java:45)
	at java.lang.reflect.Constructor.newInstance(Constructor.java:423)
	at org.openqa.selenium.remote.http.W3CHttpResponseCodec.createException(W3CHttpResponseCodec.java:187)
	at org.openqa.selenium.remote.http.W3CHttpResponseCodec.decode(W3CHttpResponseCodec.java:122)
	at org.openqa.selenium.remote.http.W3CHttpResponseCodec.decode(W3CHttpResponseCodec.java:49)
	at org.openqa.selenium.remote.HttpCommandExecutor.execute(HttpCommandExecutor.java:158)
	at io.appium.java_client.remote.AppiumCommandExecutor.execute(AppiumCommandExecutor.java:239)
	at org.openqa.selenium.remote.RemoteWebDriver.execute(RemoteWebDriver.java:552)
	at io.appium.java_client.DefaultGenericMobileDriver.execute(DefaultGenericMobileDriver.java:42)
	at io.appium.java_client.AppiumDriver.execute(AppiumDriver.java:1)
	at io.appium.java_client.android.AndroidDriver.execute(AndroidDriver.java:1)
	at org.openqa.selenium.remote.RemoteWebDriver.findElement(RemoteWebDriver.java:323)
	at io.appium.java_client.DefaultGenericMobileDriver.findElement(DefaultGenericMobileDriver.java:62)
	at io.appium.java_client.AppiumDriver.findElement(AppiumDriver.java:1)
	at io.appium.java_client.android.AndroidDriver.findElement(AndroidDriver.java:1)
	at io.appium.java_client.FindsByAndroidUIAutomator.findElementByAndroidUIAutomator(FindsByAndroidUIAutomator.java:38)
	at Lava_Z3_LZG403.Test0_Int.FormatASInternal(Test0_Int.java:786)
	at Lava_Z3_LZG403.Test0_Int.Video(Test0_Int.java:663)
	at Lava_Z3_LZG403.Test0_Int.Images(Test0_Int.java:471)
	at Lava_Z3_LZG403.Test0_Int.start(Test0_Int.java:176)
	at sun.reflect.NativeMethodAccessorImpl.invoke0(Native Method)
	at sun.reflect.NativeMethodAccessorImpl.invoke(NativeMethodAccessorImpl.java:62)
	at sun.reflect.DelegatingMethodAccessorImpl.invoke(DelegatingMethodAccessorImpl.java:43)
	at java.lang.reflect.Method.invoke(Method.java:498)
	at org.testng.internal.MethodInvocationHelper.invokeMethod(MethodInvocationHelper.java:80)
	at org.testng.internal.Invoker.invokeMethod(Invoker.java:673)
	at org.testng.internal.Invoker.invokeTestMethod(Invoker.java:842)
	at org.testng.internal.Invoker.invokeTestMethods(Invoker.java:1166)
	at org.testng.internal.TestMethodWorker.invokeTestMethods(TestMethodWorker.java:125)
	at org.testng.internal.TestMethodWorker.run(TestMethodWorker.java:109)
	at org.testng.TestRunner.runWorkers(TestRunner.java:1178)
	at org.testng.TestRunner.privateRun(TestRunner.java:757)
	at org.testng.TestRunner.run(TestRunner.java:608)
	at org.testng.SuiteRunner.runTest(SuiteRunner.java:334)
	at org.testng.SuiteRunner.runSequentially(SuiteRunner.java:329)
	at org.testng.SuiteRunner.privateRun(SuiteRunner.java:291)
	at org.testng.SuiteRunner.run(SuiteRunner.java:240)
	at org.testng.SuiteRunnerWorker.runSuite(SuiteRunnerWorker.java:52)
	at org.testng.SuiteRunnerWorker.run(SuiteRunnerWorker.java:86)
	at org.testng.TestNG.runSuitesSequentially(TestNG.java:1158)
	at org.testng.TestNG.runSuitesSequentially(TestNG.java:1154)
	at org.testng.TestNG.runSuitesLocally(TestNG.java:1083)
	at org.testng.TestNG.run(TestNG.java:999)
	at org.apache.maven.surefire.testng.TestNGExecutor.run(TestNGExecutor.java:284)
	at org.apache.maven.surefire.testng.TestNGXmlTestSuite.execute(TestNGXmlTestSuite.java:75)
	at org.apache.maven.surefire.testng.TestNGProvider.invoke(TestNGProvider.java:119)
	at org.apache.maven.surefire.booter.ForkedBooter.runSuitesInProcess(ForkedBooter.java:428)
	at org.apache.maven.surefire.booter.ForkedBooter.execute(ForkedBooter.java:162)
	at org.apache.maven.surefire.booter.ForkedBooter.run(ForkedBooter.java:562)
	at org.apache.maven.surefire.booter.ForkedBooter.main(ForkedBooter.java:548)
]]></system-err>
  </testcase>
  <testcase name="Format" classname="Lava_Z3_LZG403.Test3_Int" time="454.025">
    <system-out><![CDATA[Test: Start
===================================================================================================================================================================================================================================================================================================================================================================================================================================================================================================================================================================================================================================================================================================================================
Test3_Int Scenario is as follows
1.Mount,Unmount uSD Card and Format uSD card as Internal mount for specified number of times
Setting up the appium desired capabilities
===================================================================================================================================================================================================================================================================================================================================================================================================================================================================================================================================================================================================================================================================================================================================
Launch home screen
Number of Unmount,mount and Format cycles = 1
Swipe Up and Search for Storage
Select uSD card
Clicking on SD card
Click more options
If format as portable option exists? call formatAsExternal()
Phone current status is internal mount, performing external mount
Calling FormatAsExternal() to format as SD as external mount
Launch settings application and perform external storage mount
Select storage option
Select exteranal storage
Clicking on SD card
select more options
Select format as Portable option
select format option
Formatting as external mount
Formatting as external mount is successfull
Calling FormatAsInternal()
Launch settings option and perform Internal storage mount scenario
Select storage option
Select external storage
Clicking on SD card
Select more options
Select storage settings
Fomratting Phone as Internal mount
Pass:Format as Internal Mount completed Successfull
Launch file manager
Click On Internal storage
Click on DCIM Folder
Pass: Test3_Int format as internal mount is Successfull
Final Message: Pass Test3_Int Pass for internal mount is successfull
Test: End
===================================================================================================================================================================================================================================================================================================================================================================================================================================================================================================================================================================================================================================================================================================================================
===================================================================================================================================================================================================================================================================================================================================================================================================================================================================================================================================================================================================================================================================================================================================
]]></system-out>
    <system-err><![CDATA[2023-03-16 17:49:11 INFO   io.appium.java_client.remote.AppiumCommandExecutor$1 lambda$0 Detected dialect: W3C
2023-03-16 17:49:20 INFO   io.appium.java_client.remote.AppiumCommandExecutor$1 lambda$0 Detected dialect: W3C
org.openqa.selenium.NoSuchElementException: An element could not be located on the page using the given search parameters.
For documentation on this error, please visit: https://www.seleniumhq.org/exceptions/no_such_element.html
Build info: version: '3.141.59', revision: 'e82be7d358', time: '2018-11-14T08:17:03'
System info: host: 'SD-APPS-090', ip: '10.65.148.57', os.name: 'Windows 10', os.arch: 'amd64', os.version: '10.0', java.version: '1.8.0_202'
Driver info: io.appium.java_client.android.AndroidDriver
Capabilities {automationName: UiAutomator2, databaseEnabled: false, desired: {automationName: UiAutomator2, deviceName: LAVA LZG403, newCommandTimeout: 1200, platformName: android, platformVersion: 11, udid: Z39G21LB061894}, deviceApiLevel: 30, deviceManufacturer: LAVA, deviceModel: LAVA LZG403, deviceName: Z39G21LB061894, deviceScreenDensity: 320, deviceScreenSize: 720x1600, deviceUDID: Z39G21LB061894, javascriptEnabled: true, locationContextEnabled: false, networkConnectionEnabled: true, newCommandTimeout: 1200, pixelRatio: 2, platform: LINUX, platformName: Android, platformVersion: 11, statBarHeight: 45, takesScreenshot: true, udid: Z39G21LB061894, viewportRect: {height: 1414, left: 0, top: 45, width: 720}, warnings: {}, webStorageEnabled: false}
Session ID: 0f0149da-6a7d-4c17-91dc-71084c4705a4
*** Element info: {Using=-android uiautomator, value=new UiSelector().text("DCIM")}
	at sun.reflect.NativeConstructorAccessorImpl.newInstance0(Native Method)
	at sun.reflect.NativeConstructorAccessorImpl.newInstance(NativeConstructorAccessorImpl.java:62)
	at sun.reflect.DelegatingConstructorAccessorImpl.newInstance(DelegatingConstructorAccessorImpl.java:45)
	at java.lang.reflect.Constructor.newInstance(Constructor.java:423)
	at org.openqa.selenium.remote.http.W3CHttpResponseCodec.createException(W3CHttpResponseCodec.java:187)
	at org.openqa.selenium.remote.http.W3CHttpResponseCodec.decode(W3CHttpResponseCodec.java:122)
	at org.openqa.selenium.remote.http.W3CHttpResponseCodec.decode(W3CHttpResponseCodec.java:49)
	at org.openqa.selenium.remote.HttpCommandExecutor.execute(HttpCommandExecutor.java:158)
	at io.appium.java_client.remote.AppiumCommandExecutor.execute(AppiumCommandExecutor.java:239)
	at org.openqa.selenium.remote.RemoteWebDriver.execute(RemoteWebDriver.java:552)
	at io.appium.java_client.DefaultGenericMobileDriver.execute(DefaultGenericMobileDriver.java:42)
	at io.appium.java_client.AppiumDriver.execute(AppiumDriver.java:1)
	at io.appium.java_client.android.AndroidDriver.execute(AndroidDriver.java:1)
	at org.openqa.selenium.remote.RemoteWebDriver.findElement(RemoteWebDriver.java:323)
	at io.appium.java_client.DefaultGenericMobileDriver.findElement(DefaultGenericMobileDriver.java:62)
	at io.appium.java_client.AppiumDriver.findElement(AppiumDriver.java:1)
	at io.appium.java_client.android.AndroidDriver.findElement(AndroidDriver.java:1)
	at io.appium.java_client.FindsByAndroidUIAutomator.findElementByAndroidUIAutomator(FindsByAndroidUIAutomator.java:38)
	at Lava_Z3_LZG403.Test3_Int.FormatAsInternal(Test3_Int.java:385)
	at Lava_Z3_LZG403.Test3_Int.FormatAsExternal(Test3_Int.java:291)
	at Lava_Z3_LZG403.Test3_Int.Format(Test3_Int.java:165)
	at sun.reflect.NativeMethodAccessorImpl.invoke0(Native Method)
	at sun.reflect.NativeMethodAccessorImpl.invoke(NativeMethodAccessorImpl.java:62)
	at sun.reflect.DelegatingMethodAccessorImpl.invoke(DelegatingMethodAccessorImpl.java:43)
	at java.lang.reflect.Method.invoke(Method.java:498)
	at org.testng.internal.MethodInvocationHelper.invokeMethod(MethodInvocationHelper.java:80)
	at org.testng.internal.Invoker.invokeMethod(Invoker.java:673)
	at org.testng.internal.Invoker.invokeTestMethod(Invoker.java:842)
	at org.testng.internal.Invoker.invokeTestMethods(Invoker.java:1166)
	at org.testng.internal.TestMethodWorker.invokeTestMethods(TestMethodWorker.java:125)
	at org.testng.internal.TestMethodWorker.run(TestMethodWorker.java:109)
	at org.testng.TestRunner.runWorkers(TestRunner.java:1178)
	at org.testng.TestRunner.privateRun(TestRunner.java:757)
	at org.testng.TestRunner.run(TestRunner.java:608)
	at org.testng.SuiteRunner.runTest(SuiteRunner.java:334)
	at org.testng.SuiteRunner.runSequentially(SuiteRunner.java:329)
	at org.testng.SuiteRunner.privateRun(SuiteRunner.java:291)
	at org.testng.SuiteRunner.run(SuiteRunner.java:240)
	at org.testng.SuiteRunnerWorker.runSuite(SuiteRunnerWorker.java:52)
	at org.testng.SuiteRunnerWorker.run(SuiteRunnerWorker.java:86)
	at org.testng.TestNG.runSuitesSequentially(TestNG.java:1158)
	at org.testng.TestNG.runSuitesSequentially(TestNG.java:1154)
	at org.testng.TestNG.runSuitesLocally(TestNG.java:1083)
	at org.testng.TestNG.run(TestNG.java:999)
	at org.apache.maven.surefire.testng.TestNGExecutor.run(TestNGExecutor.java:284)
	at org.apache.maven.surefire.testng.TestNGXmlTestSuite.execute(TestNGXmlTestSuite.java:75)
	at org.apache.maven.surefire.testng.TestNGProvider.invoke(TestNGProvider.java:119)
	at org.apache.maven.surefire.booter.ForkedBooter.runSuitesInProcess(ForkedBooter.java:428)
	at org.apache.maven.surefire.booter.ForkedBooter.execute(ForkedBooter.java:162)
	at org.apache.maven.surefire.booter.ForkedBooter.run(ForkedBooter.java:562)
	at org.apache.maven.surefire.booter.ForkedBooter.main(ForkedBooter.java:548)
]]></system-err>
  </testcase>
  <testcase name="CopyPaste" classname="Lava_Z3_LZG403.Test18_Int" time="781.128">
    <system-out><![CDATA[Test: Start
===================================================================================================================================================================================================================================================================================================================================================================================================================================================================================================================================================================================================================================================================================================================================
1.Pushing 1GB zip File to Host Internal Memory via server folder named as Test1 
2.Extracting zip file in Host internal memory
3.Copy  1GB file (Test1) from host internal memory,Create a folder named Test2 in Internal storage paste Test1 folder in Test2
4.Create folder name(New_Scenario in internal memory, select folder name(Test2) from internal memory and perform cut paste operation
Setting up the appium desired capabilities
===================================================================================================================================================================================================================================================================================================================================================================================================================================================================================================================================================================================================================================================================================================================================
Pushing zip file to host internal memory
Push file is successfull
Launch File Manager Application and clear internal memory
Select  Internal storage
Select Test1 Folder internal storage
Select  zip file
Select Extract option
Extracting Push zip file as Folder named Test1
Extracting Complete
Select More Options
Select create folder option
Name folder as Test2
Click Create option
Test2 folder created successfully in external storage
Select Test1 Folder from external storage
Select More Options
Select Copy to
Select Internal storage
Swipe up and select test2 folder
Select Test2 Folder
Select Copy here
Copy paste Test1 folder data to Test2 folder within external storage is successfull
Select More Options
Select create folder option
Name folder as New_Scenario
Accept create folder
Select Test2 Folder from internal Storage
Select More Options
Select Copy to
Select Internal storage
Select New_scenario folder
Select Move here
Pass: Test18_Int Pass for Cut paste Operation
===================================================================================================================================================================================================================================================================================================================================================================================================================================================================================================================================================================================================================================================================================================================================
Final Message: Pass Test18_Int Pass for copy paste & cut paste operation
Test: End
===================================================================================================================================================================================================================================================================================================================================================================================================================================================================================================================================================================================================================================================================================================================================
]]></system-out>
    <system-err><![CDATA[2023-03-16 17:56:54 INFO   io.appium.java_client.remote.AppiumCommandExecutor$1 lambda$0 Detected dialect: W3C
2023-03-16 17:57:09 INFO   io.appium.java_client.remote.AppiumCommandExecutor$1 lambda$0 Detected dialect: W3C
]]></system-err>
  </testcase>
  <testcase name="recordAudio" classname="Lava_Z3_LZG403.Test8_Int" time="527.006">
    <system-out><![CDATA[Test: Start
===================================================================================================================================================================================================================================================================================================================================================================================================================================================================================================================================================================================================================================================================================================================================
Test8_Int scenario is as follows
1.Launch mobile default voice recording application and set Internal storage storage option, record audio file for 2 minutes duration
2.Launch file manager application and playback recorded audio file from Internal storage, fast forward audio file and pause
3.Launch file manager application and playback copied audio files from Internal storage the files are placed in the Test1 folder
Setting up the appium desired capabilities
===================================================================================================================================================================================================================================================================================================================================================================================================================================================================================================================================================================================================================================================================================================================================
Launch Voice recorder application for Audio recording
If application launch permission pop-up exists accept allow permission to launch application
 No Launch permission Pop-up  found
Clicking on settings
Select location
Select Internal storage
click on Select
click on close
Start Recording
Stop Recording
click on ok
Pass: Test8_Int pass for recording an audio file
===================================================================================================================================================================================================================================================================================================================================================================================================================================================================================================================================================================================================================================================================================================================================
Launch File Manager Application to verify recorded audio
swipe up and search for Internal storage
Select  Internal storage
Select list view
Select Voice recorder
switch to list view mode
Select More Options 
Click On Select All Options
Test8_Int: 1 Audio file recorded  sucessfully
Pass: Test8_Int pass for audio recording in uInternal storage
Calling PlayRecordedAudio() to play back recorded file
===================================================================================================================================================================================================================================================================================================================================================================================================================================================================================================================================================================================================================================================================================================================================
Launch File Manager Application
Select  Internal storage
Select list view
Select Voice recorder
switch to list view mode
Click Audio file for play back and fast forward
Started Audio playback
click on fastforward  10 seconds
click on pause
Pass: Test8_Int Pass for playing recorded Audio file
Pass: Test8_Int Pass for playing, fast forward, and pause recorded audio file scenario
Calling PlayCopiedAudioFile() for copied audio files from Test1 folder
===================================================================================================================================================================================================================================================================================================================================================================================================================================================================================================================================================================================================================================================================================================================================
Launching file manager application
Select  Internal storage
Select test1
Select testfile
Select 1GB
Select MP3Files
Select Laahe.Mp3.mp3
Started video playback
Click fast forward button for 10 seconds audio forward
Pause audio playback
Pass: 1st Copied Audio play back and fast forward is successfull
 select 11 Rob Thomas - Lonely No More.mp3
Started audio playback
Click fast forward button for 10 seconds audio forward
Pause audio playback
Pass: 2nd Copied Audio play back and fast forward is successfull
select file_example_MP3_5MG.mp3
Started audio playback
Click fast forward button for 10 seconds audio forward
Pause audio playback
Pass: 3rd Copied Audio play back and fast forward is successfull
Pass: Test8_Int Pass for Recorded and copied audio play back and fast forward scenario 
===================================================================================================================================================================================================================================================================================================================================================================================================================================================================================================================================================================================================================================================================================================================================
Final Message: Pass Test8_Int Pass for Recorded and copied audio play back and fast forward scenario
Test: End
===================================================================================================================================================================================================================================================================================================================================================================================================================================================================================================================================================================================================================================================================================================================================
]]></system-out>
    <system-err><![CDATA[2023-03-16 18:10:05 INFO   io.appium.java_client.remote.AppiumCommandExecutor$1 lambda$0 Detected dialect: W3C
2023-03-16 18:10:20 INFO   io.appium.java_client.remote.AppiumCommandExecutor$1 lambda$0 Detected dialect: W3C
]]></system-err>
  </testcase>
  <testcase name="rearVideoRec" classname="Lava_Z3_LZG403.Test10_Int" time="2,341.608">
    <system-out><![CDATA[Test: Start
===================================================================================================================================================================================================================================================================================================================================================================================================================================================================================================================================================================================================================================================================================================================================
Test10_Int Scenario is as follows
1.Launch Camera application and start rear camera video recording for all host applicable resolutions in Internal storage
2.Playback Highest resolution recorded video from Internal storage, fast forward playback and pause video scenario 
3.Playback copied videos from Test1 folder, fast forward and pause scenario
Setting up the appium desired capabilities
===================================================================================================================================================================================================================================================================================================================================================================================================================================================================================================================================================================================================================================================================================================================================
Clearing Recent Apps
Pass: No recent apps found
Launch Camera Application for rear camera video recording
IF Change to uInternal storage notification pop-up exists select Cancel Option
change to Internal storage element not found : org.openqa.selenium.NoSuchElementException: An element could not be located on the page using the given search parameters.
For documentation on this error, please visit: https://www.seleniumhq.org/exceptions/no_such_element.html
Build info: version: '3.141.59', revision: 'e82be7d358', time: '2018-11-14T08:17:03'
System info: host: 'SD-APPS-090', ip: '10.65.148.57', os.name: 'Windows 10', os.arch: 'amd64', os.version: '10.0', java.version: '1.8.0_202'
Driver info: io.appium.java_client.android.AndroidDriver
Capabilities {automationName: UiAutomator2, databaseEnabled: false, desired: {automationName: UiAutomator2, deviceName: LAVA LZG403, newCommandTimeout: 1200, platformName: android, platformVersion: 11, udid: Z39G21LB061894}, deviceApiLevel: 30, deviceManufacturer: LAVA, deviceModel: LAVA LZG403, deviceName: Z39G21LB061894, deviceScreenDensity: 320, deviceScreenSize: 720x1600, deviceUDID: Z39G21LB061894, javascriptEnabled: true, locationContextEnabled: false, networkConnectionEnabled: true, newCommandTimeout: 1200, pixelRatio: 2, platform: LINUX, platformName: Android, platformVersion: 11, statBarHeight: 45, takesScreenshot: true, udid: Z39G21LB061894, viewportRect: {height: 1414, left: 0, top: 45, width: 720}, warnings: {}, webStorageEnabled: false}
Session ID: 19c679e7-ed44-466e-8c28-10b101b3168c
*** Element info: {Using=xpath, value=//*[@bounds='[100,869][140,909]']}
===================================================================================================================================================================================================================================================================================================================================================================================================================================================================================================================================================================================================================================================================================================================================
Test10_Int_Bcam_res: 3 resolutions supported
Switch to video recording mode
Select settings option
Select 1st rear Video Resolution: 1080p
recordingDurationRearExt = 580sec
Start video recording
Stop video recording
Select settings option
Select 2nd rear Video Resolution: 720p
recordingDurationRear1 = 580sec
Start video recording
Stop video recording
Select settings option
Select 3rd rear Video Resolution: 420p
recordingDurationRear2 = 580sec
Start video recording
Stop video recording
Switch to defalut Photo mode
Pass: Rear video recording is successfull
Launch File Manager Application to verify captured videos
Select  Internal storage
Select DCIM Folder
Select Camera Folder
Select More Options 
Click On Select All Options
Test10_Int_Bcam_video: 3 Videos captured successfully
Calling RecordedVideoPlayback() for Playing Highest record video, fast forward video play back scenario
===================================================================================================================================================================================================================================================================================================================================================================================================================================================================================================================================================================================================================================================================================================================================
Launch File Manager for playing highest resolution recorded video from Internal, fast forward and pause scenario
Select Internal storage
Select DCIM folder
Select camera folder
Select moreoptions
Select more options and sort by largest file first
Click on first file to play highest recorded resolution video file
Tap Somewhere on Screen for contents to visible on Screen
Fast forward video for 10 seconds
click on pause video 
Pass: Recorded Video play back and fast forward successfull 
Calling DataMovementOperation() to move recorded rear camer videos to Test10_Int Folder 
===================================================================================================================================================================================================================================================================================================================================================================================================================================================================================================================================================================================================================================================================================================================================
launch file manager application select Internal storage-->DCIM folder-->Camera folder-->Select all rear camera videos create Test10_Int folder and cut paste all videos in Test10_Int folder
Swipe up to select Internal storage
Select Internal storage
Select DCIM Folder
Select camera folder
Click More options
Click select all
Click More options
select move to option
select Internal storage
Select ADD NEW Folder option
Name folder as Test10_Int
Accept create folder
Cut paste  video files operation completed successfully
Pass: Test10_Int Pass for data move operation successfully
===================================================================================================================================================================================================================================================================================================================================================================================================================================================================================================================================================================================================================================================================================================================================
Calling copiedvideosPlayBack() for playing copied video file from Test1 folder
Re-launch file manager application and select Internal storage for playing copied video files
Select Internal storage
Select Test1 folder
Select TestFile folder
Select OneGB folder
Select video folder
Select LG_4K_DEMO_HDR_2018_(60FPS)_ELBA(480p).mp4 file for video playback
Started video playback
Tap Somewhere on Screen for contents to visible on Screen
Click fast forward button for 10 seconds video forward
click press back stop video
Pass: 4K Video play back and fast forward is successful 
Select FHD 5.1 ( 1350 X 2560 ).webm file for video playback from uSD card(Test-->Videos)
Started video playback
Tap Somewhere on Screen for contents to visible on Screen
Fail:Test10_Int Fail for FHD video play back Host Doesn't support .webm videos: org.openqa.selenium.NoSuchElementException: An element could not be located on the page using the given search parameters.
For documentation on this error, please visit: https://www.seleniumhq.org/exceptions/no_such_element.html
Build info: version: '3.141.59', revision: 'e82be7d358', time: '2018-11-14T08:17:03'
System info: host: 'SD-APPS-090', ip: '10.65.148.57', os.name: 'Windows 10', os.arch: 'amd64', os.version: '10.0', java.version: '1.8.0_202'
Driver info: io.appium.java_client.android.AndroidDriver
Capabilities {automationName: UiAutomator2, databaseEnabled: false, desired: {automationName: UiAutomator2, deviceName: LAVA LZG403, newCommandTimeout: 1200, platformName: android, platformVersion: 11, udid: Z39G21LB061894}, deviceApiLevel: 30, deviceManufacturer: LAVA, deviceModel: LAVA LZG403, deviceName: Z39G21LB061894, deviceScreenDensity: 320, deviceScreenSize: 720x1600, deviceUDID: Z39G21LB061894, javascriptEnabled: true, locationContextEnabled: false, networkConnectionEnabled: true, newCommandTimeout: 1200, pixelRatio: 2, platform: LINUX, platformName: Android, platformVersion: 11, statBarHeight: 45, takesScreenshot: true, udid: Z39G21LB061894, viewportRect: {height: 1414, left: 0, top: 45, width: 720}, warnings: {}, webStorageEnabled: false}
Session ID: 19c679e7-ed44-466e-8c28-10b101b3168c
*** Element info: {Using=xpath, value=//*[@resource-id='com.google.android.apps.nbu.files:id/video_player']}
===================================================================================================================================================================================================================================================================================================================================================================================================================================================================================================================================================================================================================================================================================================================================
Final Message: Pass Test10_Int Pass for rear camera  video recording, playback and fast forward highest resolution recorded video and playback and fast forward copied video files from Test1 folder and data move operation scenario
Test:End
===================================================================================================================================================================================================================================================================================================================================================================================================================================================================================================================================================================================================================================================================================================================================
]]></system-out>
    <system-err><![CDATA[2023-03-16 18:19:02 INFO   io.appium.java_client.remote.AppiumCommandExecutor$1 lambda$0 Detected dialect: W3C
2023-03-16 18:19:12 INFO   io.appium.java_client.remote.AppiumCommandExecutor$1 lambda$0 Detected dialect: W3C
org.openqa.selenium.InvalidSelectorException: Could not parse selector expression `new UiSelector().content-desc("Clear all")`: UiSelector has no `content-desc` method
For documentation on this error, please visit: https://www.seleniumhq.org/exceptions/invalid_selector_exception.html
Build info: version: '3.141.59', revision: 'e82be7d358', time: '2018-11-14T08:17:03'
System info: host: 'SD-APPS-090', ip: '10.65.148.57', os.name: 'Windows 10', os.arch: 'amd64', os.version: '10.0', java.version: '1.8.0_202'
Driver info: io.appium.java_client.android.AndroidDriver
Capabilities {automationName: UiAutomator2, databaseEnabled: false, desired: {automationName: UiAutomator2, deviceName: LAVA LZG403, newCommandTimeout: 1200, platformName: android, platformVersion: 11, udid: Z39G21LB061894}, deviceApiLevel: 30, deviceManufacturer: LAVA, deviceModel: LAVA LZG403, deviceName: Z39G21LB061894, deviceScreenDensity: 320, deviceScreenSize: 720x1600, deviceUDID: Z39G21LB061894, javascriptEnabled: true, locationContextEnabled: false, networkConnectionEnabled: true, newCommandTimeout: 1200, pixelRatio: 2, platform: LINUX, platformName: Android, platformVersion: 11, statBarHeight: 45, takesScreenshot: true, udid: Z39G21LB061894, viewportRect: {height: 1414, left: 0, top: 45, width: 720}, warnings: {}, webStorageEnabled: false}
Session ID: 19c679e7-ed44-466e-8c28-10b101b3168c
*** Element info: {Using=-android uiautomator, value=new UiSelector().content-desc("Clear all")}
	at sun.reflect.NativeConstructorAccessorImpl.newInstance0(Native Method)
	at sun.reflect.NativeConstructorAccessorImpl.newInstance(NativeConstructorAccessorImpl.java:62)
	at sun.reflect.DelegatingConstructorAccessorImpl.newInstance(DelegatingConstructorAccessorImpl.java:45)
	at java.lang.reflect.Constructor.newInstance(Constructor.java:423)
	at org.openqa.selenium.remote.http.W3CHttpResponseCodec.createException(W3CHttpResponseCodec.java:187)
	at org.openqa.selenium.remote.http.W3CHttpResponseCodec.decode(W3CHttpResponseCodec.java:122)
	at org.openqa.selenium.remote.http.W3CHttpResponseCodec.decode(W3CHttpResponseCodec.java:49)
	at org.openqa.selenium.remote.HttpCommandExecutor.execute(HttpCommandExecutor.java:158)
	at io.appium.java_client.remote.AppiumCommandExecutor.execute(AppiumCommandExecutor.java:239)
	at org.openqa.selenium.remote.RemoteWebDriver.execute(RemoteWebDriver.java:552)
	at io.appium.java_client.DefaultGenericMobileDriver.execute(DefaultGenericMobileDriver.java:42)
	at io.appium.java_client.AppiumDriver.execute(AppiumDriver.java:1)
	at io.appium.java_client.android.AndroidDriver.execute(AndroidDriver.java:1)
	at org.openqa.selenium.remote.RemoteWebDriver.findElement(RemoteWebDriver.java:323)
	at io.appium.java_client.DefaultGenericMobileDriver.findElement(DefaultGenericMobileDriver.java:62)
	at io.appium.java_client.AppiumDriver.findElement(AppiumDriver.java:1)
	at io.appium.java_client.android.AndroidDriver.findElement(AndroidDriver.java:1)
	at io.appium.java_client.FindsByAndroidUIAutomator.findElementByAndroidUIAutomator(FindsByAndroidUIAutomator.java:38)
	at Lava_Z3_LZG403.Test10_Int.rearVideoRec(Test10_Int.java:98)
	at sun.reflect.NativeMethodAccessorImpl.invoke0(Native Method)
	at sun.reflect.NativeMethodAccessorImpl.invoke(NativeMethodAccessorImpl.java:62)
	at sun.reflect.DelegatingMethodAccessorImpl.invoke(DelegatingMethodAccessorImpl.java:43)
	at java.lang.reflect.Method.invoke(Method.java:498)
	at org.testng.internal.MethodInvocationHelper.invokeMethod(MethodInvocationHelper.java:80)
	at org.testng.internal.Invoker.invokeMethod(Invoker.java:673)
	at org.testng.internal.Invoker.invokeTestMethod(Invoker.java:842)
	at org.testng.internal.Invoker.invokeTestMethods(Invoker.java:1166)
	at org.testng.internal.TestMethodWorker.invokeTestMethods(TestMethodWorker.java:125)
	at org.testng.internal.TestMethodWorker.run(TestMethodWorker.java:109)
	at org.testng.TestRunner.runWorkers(TestRunner.java:1178)
	at org.testng.TestRunner.privateRun(TestRunner.java:757)
	at org.testng.TestRunner.run(TestRunner.java:608)
	at org.testng.SuiteRunner.runTest(SuiteRunner.java:334)
	at org.testng.SuiteRunner.runSequentially(SuiteRunner.java:329)
	at org.testng.SuiteRunner.privateRun(SuiteRunner.java:291)
	at org.testng.SuiteRunner.run(SuiteRunner.java:240)
	at org.testng.SuiteRunnerWorker.runSuite(SuiteRunnerWorker.java:52)
	at org.testng.SuiteRunnerWorker.run(SuiteRunnerWorker.java:86)
	at org.testng.TestNG.runSuitesSequentially(TestNG.java:1158)
	at org.testng.TestNG.runSuitesSequentially(TestNG.java:1154)
	at org.testng.TestNG.runSuitesLocally(TestNG.java:1083)
	at org.testng.TestNG.run(TestNG.java:999)
	at org.apache.maven.surefire.testng.TestNGExecutor.run(TestNGExecutor.java:284)
	at org.apache.maven.surefire.testng.TestNGXmlTestSuite.execute(TestNGXmlTestSuite.java:75)
	at org.apache.maven.surefire.testng.TestNGProvider.invoke(TestNGProvider.java:119)
	at org.apache.maven.surefire.booter.ForkedBooter.runSuitesInProcess(ForkedBooter.java:428)
	at org.apache.maven.surefire.booter.ForkedBooter.execute(ForkedBooter.java:162)
	at org.apache.maven.surefire.booter.ForkedBooter.run(ForkedBooter.java:562)
	at org.apache.maven.surefire.booter.ForkedBooter.main(ForkedBooter.java:548)
org.openqa.selenium.NoSuchElementException: An element could not be located on the page using the given search parameters.
For documentation on this error, please visit: https://www.seleniumhq.org/exceptions/no_such_element.html
Build info: version: '3.141.59', revision: 'e82be7d358', time: '2018-11-14T08:17:03'
System info: host: 'SD-APPS-090', ip: '10.65.148.57', os.name: 'Windows 10', os.arch: 'amd64', os.version: '10.0', java.version: '1.8.0_202'
Driver info: io.appium.java_client.android.AndroidDriver
Capabilities {automationName: UiAutomator2, databaseEnabled: false, desired: {automationName: UiAutomator2, deviceName: LAVA LZG403, newCommandTimeout: 1200, platformName: android, platformVersion: 11, udid: Z39G21LB061894}, deviceApiLevel: 30, deviceManufacturer: LAVA, deviceModel: LAVA LZG403, deviceName: Z39G21LB061894, deviceScreenDensity: 320, deviceScreenSize: 720x1600, deviceUDID: Z39G21LB061894, javascriptEnabled: true, locationContextEnabled: false, networkConnectionEnabled: true, newCommandTimeout: 1200, pixelRatio: 2, platform: LINUX, platformName: Android, platformVersion: 11, statBarHeight: 45, takesScreenshot: true, udid: Z39G21LB061894, viewportRect: {height: 1414, left: 0, top: 45, width: 720}, warnings: {}, webStorageEnabled: false}
Session ID: 19c679e7-ed44-466e-8c28-10b101b3168c
*** Element info: {Using=xpath, value=//*[@resource-id='com.google.android.apps.nbu.files:id/agree_button']}
	at sun.reflect.NativeConstructorAccessorImpl.newInstance0(Native Method)
	at sun.reflect.NativeConstructorAccessorImpl.newInstance(NativeConstructorAccessorImpl.java:62)
	at sun.reflect.DelegatingConstructorAccessorImpl.newInstance(DelegatingConstructorAccessorImpl.java:45)
	at java.lang.reflect.Constructor.newInstance(Constructor.java:423)
	at org.openqa.selenium.remote.http.W3CHttpResponseCodec.createException(W3CHttpResponseCodec.java:187)
	at org.openqa.selenium.remote.http.W3CHttpResponseCodec.decode(W3CHttpResponseCodec.java:122)
	at org.openqa.selenium.remote.http.W3CHttpResponseCodec.decode(W3CHttpResponseCodec.java:49)
	at org.openqa.selenium.remote.HttpCommandExecutor.execute(HttpCommandExecutor.java:158)
	at io.appium.java_client.remote.AppiumCommandExecutor.execute(AppiumCommandExecutor.java:239)
	at org.openqa.selenium.remote.RemoteWebDriver.execute(RemoteWebDriver.java:552)
	at io.appium.java_client.DefaultGenericMobileDriver.execute(DefaultGenericMobileDriver.java:42)
	at io.appium.java_client.AppiumDriver.execute(AppiumDriver.java:1)
	at io.appium.java_client.android.AndroidDriver.execute(AndroidDriver.java:1)
	at org.openqa.selenium.remote.RemoteWebDriver.findElement(RemoteWebDriver.java:323)
	at io.appium.java_client.DefaultGenericMobileDriver.findElement(DefaultGenericMobileDriver.java:62)
	at io.appium.java_client.AppiumDriver.findElement(AppiumDriver.java:1)
	at io.appium.java_client.android.AndroidDriver.findElement(AndroidDriver.java:1)
	at org.openqa.selenium.remote.RemoteWebDriver.findElementByXPath(RemoteWebDriver.java:428)
	at io.appium.java_client.DefaultGenericMobileDriver.findElementByXPath(DefaultGenericMobileDriver.java:152)
	at io.appium.java_client.AppiumDriver.findElementByXPath(AppiumDriver.java:1)
	at io.appium.java_client.android.AndroidDriver.findElementByXPath(AndroidDriver.java:1)
	at org.openqa.selenium.By$ByXPath.findElement(By.java:353)
	at org.openqa.selenium.remote.RemoteWebDriver.findElement(RemoteWebDriver.java:315)
	at io.appium.java_client.DefaultGenericMobileDriver.findElement(DefaultGenericMobileDriver.java:58)
	at io.appium.java_client.AppiumDriver.findElement(AppiumDriver.java:1)
	at io.appium.java_client.android.AndroidDriver.findElement(AndroidDriver.java:1)
	at Lava_Z3_LZG403.Test10_Int.DataMoveOperation(Test10_Int.java:603)
	at Lava_Z3_LZG403.Test10_Int.RecordedVideoPlayback(Test10_Int.java:410)
	at Lava_Z3_LZG403.Test10_Int.rearVideoRec(Test10_Int.java:295)
	at sun.reflect.NativeMethodAccessorImpl.invoke0(Native Method)
	at sun.reflect.NativeMethodAccessorImpl.invoke(NativeMethodAccessorImpl.java:62)
	at sun.reflect.DelegatingMethodAccessorImpl.invoke(DelegatingMethodAccessorImpl.java:43)
	at java.lang.reflect.Method.invoke(Method.java:498)
	at org.testng.internal.MethodInvocationHelper.invokeMethod(MethodInvocationHelper.java:80)
	at org.testng.internal.Invoker.invokeMethod(Invoker.java:673)
	at org.testng.internal.Invoker.invokeTestMethod(Invoker.java:842)
	at org.testng.internal.Invoker.invokeTestMethods(Invoker.java:1166)
	at org.testng.internal.TestMethodWorker.invokeTestMethods(TestMethodWorker.java:125)
	at org.testng.internal.TestMethodWorker.run(TestMethodWorker.java:109)
	at org.testng.TestRunner.runWorkers(TestRunner.java:1178)
	at org.testng.TestRunner.privateRun(TestRunner.java:757)
	at org.testng.TestRunner.run(TestRunner.java:608)
	at org.testng.SuiteRunner.runTest(SuiteRunner.java:334)
	at org.testng.SuiteRunner.runSequentially(SuiteRunner.java:329)
	at org.testng.SuiteRunner.privateRun(SuiteRunner.java:291)
	at org.testng.SuiteRunner.run(SuiteRunner.java:240)
	at org.testng.SuiteRunnerWorker.runSuite(SuiteRunnerWorker.java:52)
	at org.testng.SuiteRunnerWorker.run(SuiteRunnerWorker.java:86)
	at org.testng.TestNG.runSuitesSequentially(TestNG.java:1158)
	at org.testng.TestNG.runSuitesSequentially(TestNG.java:1154)
	at org.testng.TestNG.runSuitesLocally(TestNG.java:1083)
	at org.testng.TestNG.run(TestNG.java:999)
	at org.apache.maven.surefire.testng.TestNGExecutor.run(TestNGExecutor.java:284)
	at org.apache.maven.surefire.testng.TestNGXmlTestSuite.execute(TestNGXmlTestSuite.java:75)
	at org.apache.maven.surefire.testng.TestNGProvider.invoke(TestNGProvider.java:119)
	at org.apache.maven.surefire.booter.ForkedBooter.runSuitesInProcess(ForkedBooter.java:428)
	at org.apache.maven.surefire.booter.ForkedBooter.execute(ForkedBooter.java:162)
	at org.apache.maven.surefire.booter.ForkedBooter.run(ForkedBooter.java:562)
	at org.apache.maven.surefire.booter.ForkedBooter.main(ForkedBooter.java:548)
]]></system-err>
  </testcase>
  <testcase name="frontVideoRec" classname="Lava_Z3_LZG403.Test10F_Int" time="2,314.756">
    <system-out><![CDATA[Test:Start
===================================================================================================================================================================================================================================================================================================================================================================================================================================================================================================================================================================================================================================================================================================================================
Test10F_Int Scenario is as follows
Launch Camera application and start front camera video recording for all host applicable resolutions in Internal storage
Playback front Highest recorded video from Internal storage for 30 seconds, pause video playback, lock mobile and wait 30 seconds, unlock mobile and playback video from pause video duration
Setting up the appium desired capabilities
===================================================================================================================================================================================================================================================================================================================================================================================================================================================================================================================================================================================================================================================================================================================================
Clearing Recent Apps
Pass: No recent apps found
Launch Camera Application for front camera video recording
IF Change to uInternal storage notification pop-up exists select Cancel Option
change to Internal storage element not found : org.openqa.selenium.NoSuchElementException: An element could not be located on the page using the given search parameters.
For documentation on this error, please visit: https://www.seleniumhq.org/exceptions/no_such_element.html
Build info: version: '3.141.59', revision: 'e82be7d358', time: '2018-11-14T08:17:03'
System info: host: 'SD-APPS-090', ip: '10.65.148.57', os.name: 'Windows 10', os.arch: 'amd64', os.version: '10.0', java.version: '1.8.0_202'
Driver info: io.appium.java_client.android.AndroidDriver
Capabilities {automationName: UiAutomator2, databaseEnabled: false, desired: {automationName: UiAutomator2, deviceName: LAVA LZG403, newCommandTimeout: 1200, platformName: android, platformVersion: 11, udid: Z39G21LB061894}, deviceApiLevel: 30, deviceManufacturer: LAVA, deviceModel: LAVA LZG403, deviceName: Z39G21LB061894, deviceScreenDensity: 320, deviceScreenSize: 720x1600, deviceUDID: Z39G21LB061894, javascriptEnabled: true, locationContextEnabled: false, networkConnectionEnabled: true, newCommandTimeout: 1200, pixelRatio: 2, platform: LINUX, platformName: Android, platformVersion: 11, statBarHeight: 45, takesScreenshot: true, udid: Z39G21LB061894, viewportRect: {height: 1414, left: 0, top: 45, width: 720}, warnings: {}, webStorageEnabled: false}
Session ID: 5e406082-c170-4125-a908-8800b523ca2f
*** Element info: {Using=xpath, value=//*[@bounds='[100,869][140,909]']}
===================================================================================================================================================================================================================================================================================================================================================================================================================================================================================================================================================================================================================================================================================================================================
Test10F_Int_Fcam_res: 3 resolutions supported
Clicking Video Tab
click on front camera
Select settings option
Select First front video resolution: 1080p
recordingDurationFront = 580sec
Start video recording
Stop video recording
Select settings option
Select second front video resolution: 720p
recordingDurationFront1 = 580sec
Start video recording
Stop video recording
Select settings option
Select third front video resolution: 420p
recordingDurationFront2 = 580sec
Start video recording
Stop video recording
Click On back camera mode
Switch to defalut Photo mode
Pass: Test10F_Int pass for front camera video recording
Launch file manager application and verify recorded video capture Internal storage
Swipe up to select Internal storage
Select Internal storage
Select DCIM Folder
Select camera folder
Click More options
Click select all
Test10F_Int_Fcam_video: 3 videos captured successfully
===================================================================================================================================================================================================================================================================================================================================================================================================================================================================================================================================================================================================================================================================================================================================
Calling VideoPlayBackForSleepWake()
Launch File Manager application and playback front recorded video from Internal for 30 seconds, pause video playback, locking phone and unlock after 30 seconds delay and playback video from pause duration.
Select Internal Storage
Select DCIM Folder
Select Camera folder
Select MoreOptions1
Select Sort by
Select Sort by Newest date first
Click on first file to play highest recorded resolution video file
Tap Somewhere on Screen for contents to visible on Screen
Click pause video button
Lock Mobile with 30 seconds delay
Unlock Mobile
Playback video from pause video duration
Tap Somewhere on Screen for contents to visible on Screen
Click pause video button
Pass: Test10F_Int Pass for Front video play back, Pause,Lock and Unlock Phone Play back from Pause duration Scenario
===================================================================================================================================================================================================================================================================================================================================================================================================================================================================================================================================================================================================================================================================================================================================
calling DatamoveOperation() to move front camera recorded videos files to Test10F_Int folder
launch file manager application select Internal storage-->DCIM folder-->Camera folder-->Select all front camera images create Test10F_Int folder and cut paste all videos in Test10F_Int folder
Swipe up to select Internal storage
Select Internal storage
Select DCIM Folder
Select camera folder
Click More options
Click select all
Click More options
select move to option
select Internal storage
Select ADD NEW Folder option
Name folder as Test10F_Int
Accept create folder
Cut paste  video files operation completed successfully
Pass: Test10F_Int Pass for data move operation successfully
===================================================================================================================================================================================================================================================================================================================================================================================================================================================================================================================================================================================================================================================================================================================================
Final Message: Pass Test10F_Int Pass for front camera  video recording, Pause Video Playback scenario and data move operation scenario
Test: End
===================================================================================================================================================================================================================================================================================================================================================================================================================================================================================================================================================================================================================================================================================================================================
]]></system-out>
    <system-err><![CDATA[2023-03-16 18:58:14 INFO   io.appium.java_client.remote.AppiumCommandExecutor$1 lambda$0 Detected dialect: W3C
2023-03-16 18:58:23 INFO   io.appium.java_client.remote.AppiumCommandExecutor$1 lambda$0 Detected dialect: W3C
org.openqa.selenium.InvalidSelectorException: Could not parse selector expression `new UiSelector().content-desc("Clear all")`: UiSelector has no `content-desc` method
For documentation on this error, please visit: https://www.seleniumhq.org/exceptions/invalid_selector_exception.html
Build info: version: '3.141.59', revision: 'e82be7d358', time: '2018-11-14T08:17:03'
System info: host: 'SD-APPS-090', ip: '10.65.148.57', os.name: 'Windows 10', os.arch: 'amd64', os.version: '10.0', java.version: '1.8.0_202'
Driver info: io.appium.java_client.android.AndroidDriver
Capabilities {automationName: UiAutomator2, databaseEnabled: false, desired: {automationName: UiAutomator2, deviceName: LAVA LZG403, newCommandTimeout: 1200, platformName: android, platformVersion: 11, udid: Z39G21LB061894}, deviceApiLevel: 30, deviceManufacturer: LAVA, deviceModel: LAVA LZG403, deviceName: Z39G21LB061894, deviceScreenDensity: 320, deviceScreenSize: 720x1600, deviceUDID: Z39G21LB061894, javascriptEnabled: true, locationContextEnabled: false, networkConnectionEnabled: true, newCommandTimeout: 1200, pixelRatio: 2, platform: LINUX, platformName: Android, platformVersion: 11, statBarHeight: 45, takesScreenshot: true, udid: Z39G21LB061894, viewportRect: {height: 1414, left: 0, top: 45, width: 720}, warnings: {}, webStorageEnabled: false}
Session ID: 5e406082-c170-4125-a908-8800b523ca2f
*** Element info: {Using=-android uiautomator, value=new UiSelector().content-desc("Clear all")}
	at sun.reflect.NativeConstructorAccessorImpl.newInstance0(Native Method)
	at sun.reflect.NativeConstructorAccessorImpl.newInstance(NativeConstructorAccessorImpl.java:62)
	at sun.reflect.DelegatingConstructorAccessorImpl.newInstance(DelegatingConstructorAccessorImpl.java:45)
	at java.lang.reflect.Constructor.newInstance(Constructor.java:423)
	at org.openqa.selenium.remote.http.W3CHttpResponseCodec.createException(W3CHttpResponseCodec.java:187)
	at org.openqa.selenium.remote.http.W3CHttpResponseCodec.decode(W3CHttpResponseCodec.java:122)
	at org.openqa.selenium.remote.http.W3CHttpResponseCodec.decode(W3CHttpResponseCodec.java:49)
	at org.openqa.selenium.remote.HttpCommandExecutor.execute(HttpCommandExecutor.java:158)
	at io.appium.java_client.remote.AppiumCommandExecutor.execute(AppiumCommandExecutor.java:239)
	at org.openqa.selenium.remote.RemoteWebDriver.execute(RemoteWebDriver.java:552)
	at io.appium.java_client.DefaultGenericMobileDriver.execute(DefaultGenericMobileDriver.java:42)
	at io.appium.java_client.AppiumDriver.execute(AppiumDriver.java:1)
	at io.appium.java_client.android.AndroidDriver.execute(AndroidDriver.java:1)
	at org.openqa.selenium.remote.RemoteWebDriver.findElement(RemoteWebDriver.java:323)
	at io.appium.java_client.DefaultGenericMobileDriver.findElement(DefaultGenericMobileDriver.java:62)
	at io.appium.java_client.AppiumDriver.findElement(AppiumDriver.java:1)
	at io.appium.java_client.android.AndroidDriver.findElement(AndroidDriver.java:1)
	at io.appium.java_client.FindsByAndroidUIAutomator.findElementByAndroidUIAutomator(FindsByAndroidUIAutomator.java:38)
	at Lava_Z3_LZG403.Test10F_Int.frontVideoRec(Test10F_Int.java:98)
	at sun.reflect.NativeMethodAccessorImpl.invoke0(Native Method)
	at sun.reflect.NativeMethodAccessorImpl.invoke(NativeMethodAccessorImpl.java:62)
	at sun.reflect.DelegatingMethodAccessorImpl.invoke(DelegatingMethodAccessorImpl.java:43)
	at java.lang.reflect.Method.invoke(Method.java:498)
	at org.testng.internal.MethodInvocationHelper.invokeMethod(MethodInvocationHelper.java:80)
	at org.testng.internal.Invoker.invokeMethod(Invoker.java:673)
	at org.testng.internal.Invoker.invokeTestMethod(Invoker.java:842)
	at org.testng.internal.Invoker.invokeTestMethods(Invoker.java:1166)
	at org.testng.internal.TestMethodWorker.invokeTestMethods(TestMethodWorker.java:125)
	at org.testng.internal.TestMethodWorker.run(TestMethodWorker.java:109)
	at org.testng.TestRunner.runWorkers(TestRunner.java:1178)
	at org.testng.TestRunner.privateRun(TestRunner.java:757)
	at org.testng.TestRunner.run(TestRunner.java:608)
	at org.testng.SuiteRunner.runTest(SuiteRunner.java:334)
	at org.testng.SuiteRunner.runSequentially(SuiteRunner.java:329)
	at org.testng.SuiteRunner.privateRun(SuiteRunner.java:291)
	at org.testng.SuiteRunner.run(SuiteRunner.java:240)
	at org.testng.SuiteRunnerWorker.runSuite(SuiteRunnerWorker.java:52)
	at org.testng.SuiteRunnerWorker.run(SuiteRunnerWorker.java:86)
	at org.testng.TestNG.runSuitesSequentially(TestNG.java:1158)
	at org.testng.TestNG.runSuitesSequentially(TestNG.java:1154)
	at org.testng.TestNG.runSuitesLocally(TestNG.java:1083)
	at org.testng.TestNG.run(TestNG.java:999)
	at org.apache.maven.surefire.testng.TestNGExecutor.run(TestNGExecutor.java:284)
	at org.apache.maven.surefire.testng.TestNGXmlTestSuite.execute(TestNGXmlTestSuite.java:75)
	at org.apache.maven.surefire.testng.TestNGProvider.invoke(TestNGProvider.java:119)
	at org.apache.maven.surefire.booter.ForkedBooter.runSuitesInProcess(ForkedBooter.java:428)
	at org.apache.maven.surefire.booter.ForkedBooter.execute(ForkedBooter.java:162)
	at org.apache.maven.surefire.booter.ForkedBooter.run(ForkedBooter.java:562)
	at org.apache.maven.surefire.booter.ForkedBooter.main(ForkedBooter.java:548)
org.openqa.selenium.NoSuchElementException: An element could not be located on the page using the given search parameters.
For documentation on this error, please visit: https://www.seleniumhq.org/exceptions/no_such_element.html
Build info: version: '3.141.59', revision: 'e82be7d358', time: '2018-11-14T08:17:03'
System info: host: 'SD-APPS-090', ip: '10.65.148.57', os.name: 'Windows 10', os.arch: 'amd64', os.version: '10.0', java.version: '1.8.0_202'
Driver info: io.appium.java_client.android.AndroidDriver
Capabilities {automationName: UiAutomator2, databaseEnabled: false, desired: {automationName: UiAutomator2, deviceName: LAVA LZG403, newCommandTimeout: 1200, platformName: android, platformVersion: 11, udid: Z39G21LB061894}, deviceApiLevel: 30, deviceManufacturer: LAVA, deviceModel: LAVA LZG403, deviceName: Z39G21LB061894, deviceScreenDensity: 320, deviceScreenSize: 720x1600, deviceUDID: Z39G21LB061894, javascriptEnabled: true, locationContextEnabled: false, networkConnectionEnabled: true, newCommandTimeout: 1200, pixelRatio: 2, platform: LINUX, platformName: Android, platformVersion: 11, statBarHeight: 45, takesScreenshot: true, udid: Z39G21LB061894, viewportRect: {height: 1414, left: 0, top: 45, width: 720}, warnings: {}, webStorageEnabled: false}
Session ID: 5e406082-c170-4125-a908-8800b523ca2f
*** Element info: {Using=xpath, value=//*[@resource-id='com.google.android.apps.nbu.files:id/agree_button']}
	at sun.reflect.NativeConstructorAccessorImpl.newInstance0(Native Method)
	at sun.reflect.NativeConstructorAccessorImpl.newInstance(NativeConstructorAccessorImpl.java:62)
	at sun.reflect.DelegatingConstructorAccessorImpl.newInstance(DelegatingConstructorAccessorImpl.java:45)
	at java.lang.reflect.Constructor.newInstance(Constructor.java:423)
	at org.openqa.selenium.remote.http.W3CHttpResponseCodec.createException(W3CHttpResponseCodec.java:187)
	at org.openqa.selenium.remote.http.W3CHttpResponseCodec.decode(W3CHttpResponseCodec.java:122)
	at org.openqa.selenium.remote.http.W3CHttpResponseCodec.decode(W3CHttpResponseCodec.java:49)
	at org.openqa.selenium.remote.HttpCommandExecutor.execute(HttpCommandExecutor.java:158)
	at io.appium.java_client.remote.AppiumCommandExecutor.execute(AppiumCommandExecutor.java:239)
	at org.openqa.selenium.remote.RemoteWebDriver.execute(RemoteWebDriver.java:552)
	at io.appium.java_client.DefaultGenericMobileDriver.execute(DefaultGenericMobileDriver.java:42)
	at io.appium.java_client.AppiumDriver.execute(AppiumDriver.java:1)
	at io.appium.java_client.android.AndroidDriver.execute(AndroidDriver.java:1)
	at org.openqa.selenium.remote.RemoteWebDriver.findElement(RemoteWebDriver.java:323)
	at io.appium.java_client.DefaultGenericMobileDriver.findElement(DefaultGenericMobileDriver.java:62)
	at io.appium.java_client.AppiumDriver.findElement(AppiumDriver.java:1)
	at io.appium.java_client.android.AndroidDriver.findElement(AndroidDriver.java:1)
	at org.openqa.selenium.remote.RemoteWebDriver.findElementByXPath(RemoteWebDriver.java:428)
	at io.appium.java_client.DefaultGenericMobileDriver.findElementByXPath(DefaultGenericMobileDriver.java:152)
	at io.appium.java_client.AppiumDriver.findElementByXPath(AppiumDriver.java:1)
	at io.appium.java_client.android.AndroidDriver.findElementByXPath(AndroidDriver.java:1)
	at org.openqa.selenium.By$ByXPath.findElement(By.java:353)
	at org.openqa.selenium.remote.RemoteWebDriver.findElement(RemoteWebDriver.java:315)
	at io.appium.java_client.DefaultGenericMobileDriver.findElement(DefaultGenericMobileDriver.java:58)
	at io.appium.java_client.AppiumDriver.findElement(AppiumDriver.java:1)
	at io.appium.java_client.android.AndroidDriver.findElement(AndroidDriver.java:1)
	at Lava_Z3_LZG403.Test10F_Int.frontVideoRec(Test10F_Int.java:258)
	at sun.reflect.NativeMethodAccessorImpl.invoke0(Native Method)
	at sun.reflect.NativeMethodAccessorImpl.invoke(NativeMethodAccessorImpl.java:62)
	at sun.reflect.DelegatingMethodAccessorImpl.invoke(DelegatingMethodAccessorImpl.java:43)
	at java.lang.reflect.Method.invoke(Method.java:498)
	at org.testng.internal.MethodInvocationHelper.invokeMethod(MethodInvocationHelper.java:80)
	at org.testng.internal.Invoker.invokeMethod(Invoker.java:673)
	at org.testng.internal.Invoker.invokeTestMethod(Invoker.java:842)
	at org.testng.internal.Invoker.invokeTestMethods(Invoker.java:1166)
	at org.testng.internal.TestMethodWorker.invokeTestMethods(TestMethodWorker.java:125)
	at org.testng.internal.TestMethodWorker.run(TestMethodWorker.java:109)
	at org.testng.TestRunner.runWorkers(TestRunner.java:1178)
	at org.testng.TestRunner.privateRun(TestRunner.java:757)
	at org.testng.TestRunner.run(TestRunner.java:608)
	at org.testng.SuiteRunner.runTest(SuiteRunner.java:334)
	at org.testng.SuiteRunner.runSequentially(SuiteRunner.java:329)
	at org.testng.SuiteRunner.privateRun(SuiteRunner.java:291)
	at org.testng.SuiteRunner.run(SuiteRunner.java:240)
	at org.testng.SuiteRunnerWorker.runSuite(SuiteRunnerWorker.java:52)
	at org.testng.SuiteRunnerWorker.run(SuiteRunnerWorker.java:86)
	at org.testng.TestNG.runSuitesSequentially(TestNG.java:1158)
	at org.testng.TestNG.runSuitesSequentially(TestNG.java:1154)
	at org.testng.TestNG.runSuitesLocally(TestNG.java:1083)
	at org.testng.TestNG.run(TestNG.java:999)
	at org.apache.maven.surefire.testng.TestNGExecutor.run(TestNGExecutor.java:284)
	at org.apache.maven.surefire.testng.TestNGXmlTestSuite.execute(TestNGXmlTestSuite.java:75)
	at org.apache.maven.surefire.testng.TestNGProvider.invoke(TestNGProvider.java:119)
	at org.apache.maven.surefire.booter.ForkedBooter.runSuitesInProcess(ForkedBooter.java:428)
	at org.apache.maven.surefire.booter.ForkedBooter.execute(ForkedBooter.java:162)
	at org.apache.maven.surefire.booter.ForkedBooter.run(ForkedBooter.java:562)
	at org.apache.maven.surefire.booter.ForkedBooter.main(ForkedBooter.java:548)
org.openqa.selenium.NoSuchElementException: An element could not be located on the page using the given search parameters.
For documentation on this error, please visit: https://www.seleniumhq.org/exceptions/no_such_element.html
Build info: version: '3.141.59', revision: 'e82be7d358', time: '2018-11-14T08:17:03'
System info: host: 'SD-APPS-090', ip: '10.65.148.57', os.name: 'Windows 10', os.arch: 'amd64', os.version: '10.0', java.version: '1.8.0_202'
Driver info: io.appium.java_client.android.AndroidDriver
Capabilities {automationName: UiAutomator2, databaseEnabled: false, desired: {automationName: UiAutomator2, deviceName: LAVA LZG403, newCommandTimeout: 1200, platformName: android, platformVersion: 11, udid: Z39G21LB061894}, deviceApiLevel: 30, deviceManufacturer: LAVA, deviceModel: LAVA LZG403, deviceName: Z39G21LB061894, deviceScreenDensity: 320, deviceScreenSize: 720x1600, deviceUDID: Z39G21LB061894, javascriptEnabled: true, locationContextEnabled: false, networkConnectionEnabled: true, newCommandTimeout: 1200, pixelRatio: 2, platform: LINUX, platformName: Android, platformVersion: 11, statBarHeight: 45, takesScreenshot: true, udid: Z39G21LB061894, viewportRect: {height: 1414, left: 0, top: 45, width: 720}, warnings: {}, webStorageEnabled: false}
Session ID: 5e406082-c170-4125-a908-8800b523ca2f
*** Element info: {Using=xpath, value=//*[@resource-id='com.google.android.apps.nbu.files:id/agree_button']}
	at sun.reflect.NativeConstructorAccessorImpl.newInstance0(Native Method)
	at sun.reflect.NativeConstructorAccessorImpl.newInstance(NativeConstructorAccessorImpl.java:62)
	at sun.reflect.DelegatingConstructorAccessorImpl.newInstance(DelegatingConstructorAccessorImpl.java:45)
	at java.lang.reflect.Constructor.newInstance(Constructor.java:423)
	at org.openqa.selenium.remote.http.W3CHttpResponseCodec.createException(W3CHttpResponseCodec.java:187)
	at org.openqa.selenium.remote.http.W3CHttpResponseCodec.decode(W3CHttpResponseCodec.java:122)
	at org.openqa.selenium.remote.http.W3CHttpResponseCodec.decode(W3CHttpResponseCodec.java:49)
	at org.openqa.selenium.remote.HttpCommandExecutor.execute(HttpCommandExecutor.java:158)
	at io.appium.java_client.remote.AppiumCommandExecutor.execute(AppiumCommandExecutor.java:239)
	at org.openqa.selenium.remote.RemoteWebDriver.execute(RemoteWebDriver.java:552)
	at io.appium.java_client.DefaultGenericMobileDriver.execute(DefaultGenericMobileDriver.java:42)
	at io.appium.java_client.AppiumDriver.execute(AppiumDriver.java:1)
	at io.appium.java_client.android.AndroidDriver.execute(AndroidDriver.java:1)
	at org.openqa.selenium.remote.RemoteWebDriver.findElement(RemoteWebDriver.java:323)
	at io.appium.java_client.DefaultGenericMobileDriver.findElement(DefaultGenericMobileDriver.java:62)
	at io.appium.java_client.AppiumDriver.findElement(AppiumDriver.java:1)
	at io.appium.java_client.android.AndroidDriver.findElement(AndroidDriver.java:1)
	at org.openqa.selenium.remote.RemoteWebDriver.findElementByXPath(RemoteWebDriver.java:428)
	at io.appium.java_client.DefaultGenericMobileDriver.findElementByXPath(DefaultGenericMobileDriver.java:152)
	at io.appium.java_client.AppiumDriver.findElementByXPath(AppiumDriver.java:1)
	at io.appium.java_client.android.AndroidDriver.findElementByXPath(AndroidDriver.java:1)
	at org.openqa.selenium.By$ByXPath.findElement(By.java:353)
	at org.openqa.selenium.remote.RemoteWebDriver.findElement(RemoteWebDriver.java:315)
	at io.appium.java_client.DefaultGenericMobileDriver.findElement(DefaultGenericMobileDriver.java:58)
	at io.appium.java_client.AppiumDriver.findElement(AppiumDriver.java:1)
	at io.appium.java_client.android.AndroidDriver.findElement(AndroidDriver.java:1)
	at Lava_Z3_LZG403.Test10F_Int.DataMoveOperation(Test10F_Int.java:511)
	at Lava_Z3_LZG403.Test10F_Int.VideoPlayBackForSleepWake(Test10F_Int.java:471)
	at Lava_Z3_LZG403.Test10F_Int.frontVideoRec(Test10F_Int.java:325)
	at sun.reflect.NativeMethodAccessorImpl.invoke0(Native Method)
	at sun.reflect.NativeMethodAccessorImpl.invoke(NativeMethodAccessorImpl.java:62)
	at sun.reflect.DelegatingMethodAccessorImpl.invoke(DelegatingMethodAccessorImpl.java:43)
	at java.lang.reflect.Method.invoke(Method.java:498)
	at org.testng.internal.MethodInvocationHelper.invokeMethod(MethodInvocationHelper.java:80)
	at org.testng.internal.Invoker.invokeMethod(Invoker.java:673)
	at org.testng.internal.Invoker.invokeTestMethod(Invoker.java:842)
	at org.testng.internal.Invoker.invokeTestMethods(Invoker.java:1166)
	at org.testng.internal.TestMethodWorker.invokeTestMethods(TestMethodWorker.java:125)
	at org.testng.internal.TestMethodWorker.run(TestMethodWorker.java:109)
	at org.testng.TestRunner.runWorkers(TestRunner.java:1178)
	at org.testng.TestRunner.privateRun(TestRunner.java:757)
	at org.testng.TestRunner.run(TestRunner.java:608)
	at org.testng.SuiteRunner.runTest(SuiteRunner.java:334)
	at org.testng.SuiteRunner.runSequentially(SuiteRunner.java:329)
	at org.testng.SuiteRunner.privateRun(SuiteRunner.java:291)
	at org.testng.SuiteRunner.run(SuiteRunner.java:240)
	at org.testng.SuiteRunnerWorker.runSuite(SuiteRunnerWorker.java:52)
	at org.testng.SuiteRunnerWorker.run(SuiteRunnerWorker.java:86)
	at org.testng.TestNG.runSuitesSequentially(TestNG.java:1158)
	at org.testng.TestNG.runSuitesSequentially(TestNG.java:1154)
	at org.testng.TestNG.runSuitesLocally(TestNG.java:1083)
	at org.testng.TestNG.run(TestNG.java:999)
	at org.apache.maven.surefire.testng.TestNGExecutor.run(TestNGExecutor.java:284)
	at org.apache.maven.surefire.testng.TestNGXmlTestSuite.execute(TestNGXmlTestSuite.java:75)
	at org.apache.maven.surefire.testng.TestNGProvider.invoke(TestNGProvider.java:119)
	at org.apache.maven.surefire.booter.ForkedBooter.runSuitesInProcess(ForkedBooter.java:428)
	at org.apache.maven.surefire.booter.ForkedBooter.execute(ForkedBooter.java:162)
	at org.apache.maven.surefire.booter.ForkedBooter.run(ForkedBooter.java:562)
	at org.apache.maven.surefire.booter.ForkedBooter.main(ForkedBooter.java:548)
]]></system-err>
  </testcase>
  <testcase name="RearPictureCapture" classname="Lava_Z3_LZG403.Test9_Int" time="2,608.745">
    <system-out><![CDATA[Test: Start
===================================================================================================================================================================================================================================================================================================================================================================================================================================================================================================================================================================================================================================================================================================================================
Test9_Int Scenario is follows:
Launch camera application, set Internal as a Storage option, start rear camera Image capture for all host resolutions
Setting up the appium desired capabilities
===================================================================================================================================================================================================================================================================================================================================================================================================================================================================================================================================================================================================================================================================================================================================
Launch Camera application for rear Picture capture for all host resolution
IF Change to uInternal storage notification pop-up exists select Cancel Option
change to Internal storage element not found : org.openqa.selenium.NoSuchElementException: An element could not be located on the page using the given search parameters.
For documentation on this error, please visit: https://www.seleniumhq.org/exceptions/no_such_element.html
Build info: version: '3.141.59', revision: 'e82be7d358', time: '2018-11-14T08:17:03'
System info: host: 'SD-APPS-090', ip: '10.65.148.57', os.name: 'Windows 10', os.arch: 'amd64', os.version: '10.0', java.version: '1.8.0_202'
Driver info: io.appium.java_client.android.AndroidDriver
Capabilities {automationName: UiAutomator2, databaseEnabled: false, desired: {automationName: UiAutomator2, deviceName: LAVA LZG403, newCommandTimeout: 1200, platformName: android, platformVersion: 11, udid: Z39G21LB061894}, deviceApiLevel: 30, deviceManufacturer: LAVA, deviceModel: LAVA LZG403, deviceName: Z39G21LB061894, deviceScreenDensity: 320, deviceScreenSize: 720x1600, deviceUDID: Z39G21LB061894, javascriptEnabled: true, locationContextEnabled: false, networkConnectionEnabled: true, newCommandTimeout: 1200, pixelRatio: 2, platform: LINUX, platformName: Android, platformVersion: 11, statBarHeight: 45, takesScreenshot: true, udid: Z39G21LB061894, viewportRect: {height: 1414, left: 0, top: 45, width: 720}, warnings: {}, webStorageEnabled: false}
Session ID: 1e400ca6-db6e-4b0b-8298-00a975969036
*** Element info: {Using=xpath, value=//*[@bounds='[100,869][140,909]']}
Test9_Int_Bcam_res: 4 resolutions supported
Select settings
Select Picture size option
Select 1st Image Resoution:8MP(4:3) 
totalPictureCountRear = 75
clicking Image of 1st Resolutions : 0
clicking Image of 1st Resolutions : 1
clicking Image of 1st Resolutions : 2
clicking Image of 1st Resolutions : 3
clicking Image of 1st Resolutions : 4
clicking Image of 1st Resolutions : 5
clicking Image of 1st Resolutions : 6
clicking Image of 1st Resolutions : 7
clicking Image of 1st Resolutions : 8
clicking Image of 1st Resolutions : 9
clicking Image of 1st Resolutions : 10
clicking Image of 1st Resolutions : 11
clicking Image of 1st Resolutions : 12
clicking Image of 1st Resolutions : 13
clicking Image of 1st Resolutions : 14
clicking Image of 1st Resolutions : 15
clicking Image of 1st Resolutions : 16
clicking Image of 1st Resolutions : 17
clicking Image of 1st Resolutions : 18
clicking Image of 1st Resolutions : 19
clicking Image of 1st Resolutions : 20
clicking Image of 1st Resolutions : 21
clicking Image of 1st Resolutions : 22
clicking Image of 1st Resolutions : 23
clicking Image of 1st Resolutions : 24
clicking Image of 1st Resolutions : 25
clicking Image of 1st Resolutions : 26
clicking Image of 1st Resolutions : 27
clicking Image of 1st Resolutions : 28
clicking Image of 1st Resolutions : 29
clicking Image of 1st Resolutions : 30
clicking Image of 1st Resolutions : 31
clicking Image of 1st Resolutions : 32
clicking Image of 1st Resolutions : 33
clicking Image of 1st Resolutions : 34
clicking Image of 1st Resolutions : 35
clicking Image of 1st Resolutions : 36
clicking Image of 1st Resolutions : 37
clicking Image of 1st Resolutions : 38
clicking Image of 1st Resolutions : 39
clicking Image of 1st Resolutions : 40
clicking Image of 1st Resolutions : 41
clicking Image of 1st Resolutions : 42
clicking Image of 1st Resolutions : 43
clicking Image of 1st Resolutions : 44
clicking Image of 1st Resolutions : 45
clicking Image of 1st Resolutions : 46
clicking Image of 1st Resolutions : 47
clicking Image of 1st Resolutions : 48
clicking Image of 1st Resolutions : 49
clicking Image of 1st Resolutions : 50
clicking Image of 1st Resolutions : 51
clicking Image of 1st Resolutions : 52
clicking Image of 1st Resolutions : 53
clicking Image of 1st Resolutions : 54
clicking Image of 1st Resolutions : 55
clicking Image of 1st Resolutions : 56
clicking Image of 1st Resolutions : 57
clicking Image of 1st Resolutions : 58
clicking Image of 1st Resolutions : 59
clicking Image of 1st Resolutions : 60
clicking Image of 1st Resolutions : 61
clicking Image of 1st Resolutions : 62
clicking Image of 1st Resolutions : 63
clicking Image of 1st Resolutions : 64
clicking Image of 1st Resolutions : 65
clicking Image of 1st Resolutions : 66
clicking Image of 1st Resolutions : 67
clicking Image of 1st Resolutions : 68
clicking Image of 1st Resolutions : 69
clicking Image of 1st Resolutions : 70
clicking Image of 1st Resolutions : 71
clicking Image of 1st Resolutions : 72
clicking Image of 1st Resolutions : 73
clicking Image of 1st Resolutions : 74
Rear camera first resolution:75 images Captured succesfull
Select settings
Select Picture size option
Select 2nd Image Resoution:2.1MP(16:9) 
totalPictureCountRear1 = 75
clicking Image of 2nd Resolutions : 0
clicking Image of 2nd Resolutions : 1
clicking Image of 2nd Resolutions : 2
clicking Image of 2nd Resolutions : 3
clicking Image of 2nd Resolutions : 4
clicking Image of 2nd Resolutions : 5
clicking Image of 2nd Resolutions : 6
clicking Image of 2nd Resolutions : 7
clicking Image of 2nd Resolutions : 8
clicking Image of 2nd Resolutions : 9
clicking Image of 2nd Resolutions : 10
clicking Image of 2nd Resolutions : 11
clicking Image of 2nd Resolutions : 12
clicking Image of 2nd Resolutions : 13
clicking Image of 2nd Resolutions : 14
clicking Image of 2nd Resolutions : 15
clicking Image of 2nd Resolutions : 16
clicking Image of 2nd Resolutions : 17
clicking Image of 2nd Resolutions : 18
clicking Image of 2nd Resolutions : 19
clicking Image of 2nd Resolutions : 20
clicking Image of 2nd Resolutions : 21
clicking Image of 2nd Resolutions : 22
clicking Image of 2nd Resolutions : 23
clicking Image of 2nd Resolutions : 24
clicking Image of 2nd Resolutions : 25
clicking Image of 2nd Resolutions : 26
clicking Image of 2nd Resolutions : 27
clicking Image of 2nd Resolutions : 28
clicking Image of 2nd Resolutions : 29
clicking Image of 2nd Resolutions : 30
clicking Image of 2nd Resolutions : 31
clicking Image of 2nd Resolutions : 32
clicking Image of 2nd Resolutions : 33
clicking Image of 2nd Resolutions : 34
clicking Image of 2nd Resolutions : 35
clicking Image of 2nd Resolutions : 36
clicking Image of 2nd Resolutions : 37
clicking Image of 2nd Resolutions : 38
clicking Image of 2nd Resolutions : 39
clicking Image of 2nd Resolutions : 40
clicking Image of 2nd Resolutions : 41
clicking Image of 2nd Resolutions : 42
clicking Image of 2nd Resolutions : 43
clicking Image of 2nd Resolutions : 44
clicking Image of 2nd Resolutions : 45
clicking Image of 2nd Resolutions : 46
clicking Image of 2nd Resolutions : 47
clicking Image of 2nd Resolutions : 48
clicking Image of 2nd Resolutions : 49
clicking Image of 2nd Resolutions : 50
clicking Image of 2nd Resolutions : 51
clicking Image of 2nd Resolutions : 52
clicking Image of 2nd Resolutions : 53
clicking Image of 2nd Resolutions : 54
clicking Image of 2nd Resolutions : 55
clicking Image of 2nd Resolutions : 56
clicking Image of 2nd Resolutions : 57
clicking Image of 2nd Resolutions : 58
clicking Image of 2nd Resolutions : 59
clicking Image of 2nd Resolutions : 60
clicking Image of 2nd Resolutions : 61
clicking Image of 2nd Resolutions : 62
clicking Image of 2nd Resolutions : 63
clicking Image of 2nd Resolutions : 64
clicking Image of 2nd Resolutions : 65
clicking Image of 2nd Resolutions : 66
clicking Image of 2nd Resolutions : 67
clicking Image of 2nd Resolutions : 68
clicking Image of 2nd Resolutions : 69
clicking Image of 2nd Resolutions : 70
clicking Image of 2nd Resolutions : 71
clicking Image of 2nd Resolutions : 72
clicking Image of 2nd Resolutions : 73
clicking Image of 2nd Resolutions : 74
Rear camera second resolution:75 images Captured succesfull
Select settings
Select Picture size option
Select 3rd Image Resoution:1MP(18:9) 
totalPictureCountRear2 = 75
clicking Image of 3rd Resolutions : 0
clicking Image of 3rd Resolutions : 1
clicking Image of 3rd Resolutions : 2
clicking Image of 3rd Resolutions : 3
clicking Image of 3rd Resolutions : 4
clicking Image of 3rd Resolutions : 5
clicking Image of 3rd Resolutions : 6
clicking Image of 3rd Resolutions : 7
clicking Image of 3rd Resolutions : 8
clicking Image of 3rd Resolutions : 9
clicking Image of 3rd Resolutions : 10
clicking Image of 3rd Resolutions : 11
clicking Image of 3rd Resolutions : 12
clicking Image of 3rd Resolutions : 13
clicking Image of 3rd Resolutions : 14
clicking Image of 3rd Resolutions : 15
clicking Image of 3rd Resolutions : 16
clicking Image of 3rd Resolutions : 17
clicking Image of 3rd Resolutions : 18
clicking Image of 3rd Resolutions : 19
clicking Image of 3rd Resolutions : 20
clicking Image of 3rd Resolutions : 21
clicking Image of 3rd Resolutions : 22
clicking Image of 3rd Resolutions : 23
clicking Image of 3rd Resolutions : 24
clicking Image of 3rd Resolutions : 25
clicking Image of 3rd Resolutions : 26
clicking Image of 3rd Resolutions : 27
clicking Image of 3rd Resolutions : 28
clicking Image of 3rd Resolutions : 29
clicking Image of 3rd Resolutions : 30
clicking Image of 3rd Resolutions : 31
clicking Image of 3rd Resolutions : 32
clicking Image of 3rd Resolutions : 33
clicking Image of 3rd Resolutions : 34
clicking Image of 3rd Resolutions : 35
clicking Image of 3rd Resolutions : 36
clicking Image of 3rd Resolutions : 37
clicking Image of 3rd Resolutions : 38
clicking Image of 3rd Resolutions : 39
clicking Image of 3rd Resolutions : 40
clicking Image of 3rd Resolutions : 41
clicking Image of 3rd Resolutions : 42
clicking Image of 3rd Resolutions : 43
clicking Image of 3rd Resolutions : 44
clicking Image of 3rd Resolutions : 45
clicking Image of 3rd Resolutions : 46
clicking Image of 3rd Resolutions : 47
clicking Image of 3rd Resolutions : 48
clicking Image of 3rd Resolutions : 49
clicking Image of 3rd Resolutions : 50
clicking Image of 3rd Resolutions : 51
clicking Image of 3rd Resolutions : 52
clicking Image of 3rd Resolutions : 53
clicking Image of 3rd Resolutions : 54
clicking Image of 3rd Resolutions : 55
clicking Image of 3rd Resolutions : 56
clicking Image of 3rd Resolutions : 57
clicking Image of 3rd Resolutions : 58
clicking Image of 3rd Resolutions : 59
clicking Image of 3rd Resolutions : 60
clicking Image of 3rd Resolutions : 61
clicking Image of 3rd Resolutions : 62
clicking Image of 3rd Resolutions : 63
clicking Image of 3rd Resolutions : 64
clicking Image of 3rd Resolutions : 65
clicking Image of 3rd Resolutions : 66
clicking Image of 3rd Resolutions : 67
clicking Image of 3rd Resolutions : 68
clicking Image of 3rd Resolutions : 69
clicking Image of 3rd Resolutions : 70
clicking Image of 3rd Resolutions : 71
clicking Image of 3rd Resolutions : 72
clicking Image of 3rd Resolutions : 73
clicking Image of 3rd Resolutions : 74
Rear camera third resolution:75 images Captured succesfull
Select settings
Select Picture size option
Select 4th Image Resoution:6MP(1:1) 
totalPictureCountRear3 = 75
clicking Image of 3rd Resolutions : 0
clicking Image of 3rd Resolutions : 1
clicking Image of 3rd Resolutions : 2
clicking Image of 3rd Resolutions : 3
clicking Image of 3rd Resolutions : 4
clicking Image of 3rd Resolutions : 5
clicking Image of 3rd Resolutions : 6
clicking Image of 3rd Resolutions : 7
clicking Image of 3rd Resolutions : 8
clicking Image of 3rd Resolutions : 9
clicking Image of 3rd Resolutions : 10
clicking Image of 3rd Resolutions : 11
clicking Image of 3rd Resolutions : 12
clicking Image of 3rd Resolutions : 13
clicking Image of 3rd Resolutions : 14
clicking Image of 3rd Resolutions : 15
clicking Image of 3rd Resolutions : 16
clicking Image of 3rd Resolutions : 17
clicking Image of 3rd Resolutions : 18
clicking Image of 3rd Resolutions : 19
clicking Image of 3rd Resolutions : 20
clicking Image of 3rd Resolutions : 21
clicking Image of 3rd Resolutions : 22
clicking Image of 3rd Resolutions : 23
clicking Image of 3rd Resolutions : 24
clicking Image of 3rd Resolutions : 25
clicking Image of 3rd Resolutions : 26
clicking Image of 3rd Resolutions : 27
clicking Image of 3rd Resolutions : 28
clicking Image of 3rd Resolutions : 29
clicking Image of 3rd Resolutions : 30
clicking Image of 3rd Resolutions : 31
clicking Image of 3rd Resolutions : 32
clicking Image of 3rd Resolutions : 33
clicking Image of 3rd Resolutions : 34
clicking Image of 3rd Resolutions : 35
clicking Image of 3rd Resolutions : 36
clicking Image of 3rd Resolutions : 37
clicking Image of 3rd Resolutions : 38
clicking Image of 3rd Resolutions : 39
clicking Image of 3rd Resolutions : 40
clicking Image of 3rd Resolutions : 41
clicking Image of 3rd Resolutions : 42
clicking Image of 3rd Resolutions : 43
clicking Image of 3rd Resolutions : 44
clicking Image of 3rd Resolutions : 45
clicking Image of 3rd Resolutions : 46
clicking Image of 3rd Resolutions : 47
clicking Image of 3rd Resolutions : 48
clicking Image of 3rd Resolutions : 49
clicking Image of 3rd Resolutions : 50
clicking Image of 3rd Resolutions : 51
clicking Image of 3rd Resolutions : 52
clicking Image of 3rd Resolutions : 53
clicking Image of 3rd Resolutions : 54
clicking Image of 3rd Resolutions : 55
clicking Image of 3rd Resolutions : 56
clicking Image of 3rd Resolutions : 57
clicking Image of 3rd Resolutions : 58
clicking Image of 3rd Resolutions : 59
clicking Image of 3rd Resolutions : 60
clicking Image of 3rd Resolutions : 61
clicking Image of 3rd Resolutions : 62
clicking Image of 3rd Resolutions : 63
clicking Image of 3rd Resolutions : 64
clicking Image of 3rd Resolutions : 65
clicking Image of 3rd Resolutions : 66
clicking Image of 3rd Resolutions : 67
clicking Image of 3rd Resolutions : 68
clicking Image of 3rd Resolutions : 69
clicking Image of 3rd Resolutions : 70
clicking Image of 3rd Resolutions : 71
clicking Image of 3rd Resolutions : 72
clicking Image of 3rd Resolutions : 73
clicking Image of 3rd Resolutions : 74
Rear camera 4th resolution:75 images Captured succesfull
Total Count value: 300 images to be Captured 
Launch file manager application and verify recorded video present in Internal storage
Swipe up to select Internal storage
Select Internal storage
switch to grid view mode to select DCIM folder
Select DCIM Folder
Select camera folder
switch to list view mode
Click More options
Click select all
Total Image
Test9_Int_Bcam_image: 300 selected images Captured succesfull
Actual Value:300 selected
Interger value:300
Tolerance_Level = 75

Pass: Test9_Int pass for rear Image capture
Test9_Int Bcam_image: 300  images Captured succesfull
===================================================================================================================================================================================================================================================================================================================================================================================================================================================================================================================================================================================================================================================================================================================================
calling DataMoveOperation()
Re-launch file manager application and select Internal storage for data move operation, select all rear camera images files present in camera folder and move to Test9_Int folder
Select Internal storage
switch to grid view mode and select DCIM folder
Select DCIM folder
Select camera folder
switch to list view mode
Click More options
Click select all
Click More options
select move to option
select Internal storage
Select ADD NEW Folder option
Name folder as Test9_Int
Accept create folder
Cut paste  operation completed successfully
Test9_Int: Data move operation completed successfully
Pass: Test9_Int Pass for data move operation successfully
===================================================================================================================================================================================================================================================================================================================================================================================================================================================================================================================================================================================================================================================================================================================================
Final Message: Pass Test9_Int Pass for Rear camera image capture  successfully
Test: End
===================================================================================================================================================================================================================================================================================================================================================================================================================================================================================================================================================================================================================================================================================================================================
]]></system-out>
    <system-err><![CDATA[2023-03-16 19:36:58 INFO   io.appium.java_client.remote.AppiumCommandExecutor$1 lambda$0 Detected dialect: W3C
2023-03-16 19:37:13 INFO   io.appium.java_client.remote.AppiumCommandExecutor$1 lambda$0 Detected dialect: W3C
org.openqa.selenium.NoSuchElementException: An element could not be located on the page using the given search parameters.
For documentation on this error, please visit: https://www.seleniumhq.org/exceptions/no_such_element.html
Build info: version: '3.141.59', revision: 'e82be7d358', time: '2018-11-14T08:17:03'
System info: host: 'SD-APPS-090', ip: '10.65.148.57', os.name: 'Windows 10', os.arch: 'amd64', os.version: '10.0', java.version: '1.8.0_202'
Driver info: io.appium.java_client.android.AndroidDriver
Capabilities {automationName: UiAutomator2, databaseEnabled: false, desired: {automationName: UiAutomator2, deviceName: LAVA LZG403, newCommandTimeout: 1200, platformName: android, platformVersion: 11, udid: Z39G21LB061894}, deviceApiLevel: 30, deviceManufacturer: LAVA, deviceModel: LAVA LZG403, deviceName: Z39G21LB061894, deviceScreenDensity: 320, deviceScreenSize: 720x1600, deviceUDID: Z39G21LB061894, javascriptEnabled: true, locationContextEnabled: false, networkConnectionEnabled: true, newCommandTimeout: 1200, pixelRatio: 2, platform: LINUX, platformName: Android, platformVersion: 11, statBarHeight: 45, takesScreenshot: true, udid: Z39G21LB061894, viewportRect: {height: 1414, left: 0, top: 45, width: 720}, warnings: {}, webStorageEnabled: false}
Session ID: 1e400ca6-db6e-4b0b-8298-00a975969036
*** Element info: {Using=xpath, value=//*[@resource-id='com.google.android.apps.nbu.files:id/agree_button']}
	at sun.reflect.NativeConstructorAccessorImpl.newInstance0(Native Method)
	at sun.reflect.NativeConstructorAccessorImpl.newInstance(NativeConstructorAccessorImpl.java:62)
	at sun.reflect.DelegatingConstructorAccessorImpl.newInstance(DelegatingConstructorAccessorImpl.java:45)
	at java.lang.reflect.Constructor.newInstance(Constructor.java:423)
	at org.openqa.selenium.remote.http.W3CHttpResponseCodec.createException(W3CHttpResponseCodec.java:187)
	at org.openqa.selenium.remote.http.W3CHttpResponseCodec.decode(W3CHttpResponseCodec.java:122)
	at org.openqa.selenium.remote.http.W3CHttpResponseCodec.decode(W3CHttpResponseCodec.java:49)
	at org.openqa.selenium.remote.HttpCommandExecutor.execute(HttpCommandExecutor.java:158)
	at io.appium.java_client.remote.AppiumCommandExecutor.execute(AppiumCommandExecutor.java:239)
	at org.openqa.selenium.remote.RemoteWebDriver.execute(RemoteWebDriver.java:552)
	at io.appium.java_client.DefaultGenericMobileDriver.execute(DefaultGenericMobileDriver.java:42)
	at io.appium.java_client.AppiumDriver.execute(AppiumDriver.java:1)
	at io.appium.java_client.android.AndroidDriver.execute(AndroidDriver.java:1)
	at org.openqa.selenium.remote.RemoteWebDriver.findElement(RemoteWebDriver.java:323)
	at io.appium.java_client.DefaultGenericMobileDriver.findElement(DefaultGenericMobileDriver.java:62)
	at io.appium.java_client.AppiumDriver.findElement(AppiumDriver.java:1)
	at io.appium.java_client.android.AndroidDriver.findElement(AndroidDriver.java:1)
	at org.openqa.selenium.remote.RemoteWebDriver.findElementByXPath(RemoteWebDriver.java:428)
	at io.appium.java_client.DefaultGenericMobileDriver.findElementByXPath(DefaultGenericMobileDriver.java:152)
	at io.appium.java_client.AppiumDriver.findElementByXPath(AppiumDriver.java:1)
	at io.appium.java_client.android.AndroidDriver.findElementByXPath(AndroidDriver.java:1)
	at org.openqa.selenium.By$ByXPath.findElement(By.java:353)
	at org.openqa.selenium.remote.RemoteWebDriver.findElement(RemoteWebDriver.java:315)
	at io.appium.java_client.DefaultGenericMobileDriver.findElement(DefaultGenericMobileDriver.java:58)
	at io.appium.java_client.AppiumDriver.findElement(AppiumDriver.java:1)
	at io.appium.java_client.android.AndroidDriver.findElement(AndroidDriver.java:1)
	at Lava_Z3_LZG403.Test9_Int.RearPictureCapture(Test9_Int.java:286)
	at sun.reflect.NativeMethodAccessorImpl.invoke0(Native Method)
	at sun.reflect.NativeMethodAccessorImpl.invoke(NativeMethodAccessorImpl.java:62)
	at sun.reflect.DelegatingMethodAccessorImpl.invoke(DelegatingMethodAccessorImpl.java:43)
	at java.lang.reflect.Method.invoke(Method.java:498)
	at org.testng.internal.MethodInvocationHelper.invokeMethod(MethodInvocationHelper.java:80)
	at org.testng.internal.Invoker.invokeMethod(Invoker.java:673)
	at org.testng.internal.Invoker.invokeTestMethod(Invoker.java:842)
	at org.testng.internal.Invoker.invokeTestMethods(Invoker.java:1166)
	at org.testng.internal.TestMethodWorker.invokeTestMethods(TestMethodWorker.java:125)
	at org.testng.internal.TestMethodWorker.run(TestMethodWorker.java:109)
	at org.testng.TestRunner.runWorkers(TestRunner.java:1178)
	at org.testng.TestRunner.privateRun(TestRunner.java:757)
	at org.testng.TestRunner.run(TestRunner.java:608)
	at org.testng.SuiteRunner.runTest(SuiteRunner.java:334)
	at org.testng.SuiteRunner.runSequentially(SuiteRunner.java:329)
	at org.testng.SuiteRunner.privateRun(SuiteRunner.java:291)
	at org.testng.SuiteRunner.run(SuiteRunner.java:240)
	at org.testng.SuiteRunnerWorker.runSuite(SuiteRunnerWorker.java:52)
	at org.testng.SuiteRunnerWorker.run(SuiteRunnerWorker.java:86)
	at org.testng.TestNG.runSuitesSequentially(TestNG.java:1158)
	at org.testng.TestNG.runSuitesSequentially(TestNG.java:1154)
	at org.testng.TestNG.runSuitesLocally(TestNG.java:1083)
	at org.testng.TestNG.run(TestNG.java:999)
	at org.apache.maven.surefire.testng.TestNGExecutor.run(TestNGExecutor.java:284)
	at org.apache.maven.surefire.testng.TestNGXmlTestSuite.execute(TestNGXmlTestSuite.java:75)
	at org.apache.maven.surefire.testng.TestNGProvider.invoke(TestNGProvider.java:119)
	at org.apache.maven.surefire.booter.ForkedBooter.runSuitesInProcess(ForkedBooter.java:428)
	at org.apache.maven.surefire.booter.ForkedBooter.execute(ForkedBooter.java:162)
	at org.apache.maven.surefire.booter.ForkedBooter.run(ForkedBooter.java:562)
	at org.apache.maven.surefire.booter.ForkedBooter.main(ForkedBooter.java:548)
]]></system-err>
  </testcase>
  <testcase name="FrontPictureCapture" classname="Lava_Z3_LZG403.Test9F_Int" time="2,861.329">
    <system-out><![CDATA[Test: Start
===================================================================================================================================================================================================================================================================================================================================================================================================================================================================================================================================================================================================================================================================================================================================
Test9F_Int Scenario is as follows:
Launch camera application, set Internal as a Storage option, start Front camera image picture capture for all Host front resolutions
Setting up the appium desired capabilities
===================================================================================================================================================================================================================================================================================================================================================================================================================================================================================================================================================================================================================================================================================================================================
Launch Camera Application for Front camera picture Capture for all Host resolutions
IF Change to uInternal storage notification pop-up exists select Cancel Option
change to Internal storage element not found : org.openqa.selenium.NoSuchElementException: An element could not be located on the page using the given search parameters.
For documentation on this error, please visit: https://www.seleniumhq.org/exceptions/no_such_element.html
Build info: version: '3.141.59', revision: 'e82be7d358', time: '2018-11-14T08:17:03'
System info: host: 'SD-APPS-090', ip: '10.65.148.57', os.name: 'Windows 10', os.arch: 'amd64', os.version: '10.0', java.version: '1.8.0_202'
Driver info: io.appium.java_client.android.AndroidDriver
Capabilities {automationName: UiAutomator2, databaseEnabled: false, desired: {automationName: UiAutomator2, deviceName: LAVA LZG403, newCommandTimeout: 1200, platformName: android, platformVersion: 11, udid: Z39G21LB061894}, deviceApiLevel: 30, deviceManufacturer: LAVA, deviceModel: LAVA LZG403, deviceName: Z39G21LB061894, deviceScreenDensity: 320, deviceScreenSize: 720x1600, deviceUDID: Z39G21LB061894, javascriptEnabled: true, locationContextEnabled: false, networkConnectionEnabled: true, newCommandTimeout: 1200, pixelRatio: 2, platform: LINUX, platformName: Android, platformVersion: 11, statBarHeight: 45, takesScreenshot: true, udid: Z39G21LB061894, viewportRect: {height: 1414, left: 0, top: 45, width: 720}, warnings: {}, webStorageEnabled: false}
Session ID: 6fa4a3ff-73c7-48e1-8709-b3d391e2be1b
*** Element info: {Using=xpath, value=//*[@bounds='[100,869][140,909]']}
Test9F_Int_Fcam_res: 4 resolutions supported
click on front camera
Select settings
Select Picture size option
Select first Image Resoution:5MP(4:3) 
totalPictureCountFront= 75
clicking Image of 1st Resolutions  : 0
clicking Image of 1st Resolutions  : 1
clicking Image of 1st Resolutions  : 2
clicking Image of 1st Resolutions  : 3
clicking Image of 1st Resolutions  : 4
clicking Image of 1st Resolutions  : 5
clicking Image of 1st Resolutions  : 6
clicking Image of 1st Resolutions  : 7
clicking Image of 1st Resolutions  : 8
clicking Image of 1st Resolutions  : 9
clicking Image of 1st Resolutions  : 10
clicking Image of 1st Resolutions  : 11
clicking Image of 1st Resolutions  : 12
clicking Image of 1st Resolutions  : 13
clicking Image of 1st Resolutions  : 14
clicking Image of 1st Resolutions  : 15
clicking Image of 1st Resolutions  : 16
clicking Image of 1st Resolutions  : 17
clicking Image of 1st Resolutions  : 18
clicking Image of 1st Resolutions  : 19
clicking Image of 1st Resolutions  : 20
clicking Image of 1st Resolutions  : 21
clicking Image of 1st Resolutions  : 22
clicking Image of 1st Resolutions  : 23
clicking Image of 1st Resolutions  : 24
clicking Image of 1st Resolutions  : 25
clicking Image of 1st Resolutions  : 26
clicking Image of 1st Resolutions  : 27
clicking Image of 1st Resolutions  : 28
clicking Image of 1st Resolutions  : 29
clicking Image of 1st Resolutions  : 30
clicking Image of 1st Resolutions  : 31
clicking Image of 1st Resolutions  : 32
clicking Image of 1st Resolutions  : 33
clicking Image of 1st Resolutions  : 34
clicking Image of 1st Resolutions  : 35
clicking Image of 1st Resolutions  : 36
clicking Image of 1st Resolutions  : 37
clicking Image of 1st Resolutions  : 38
clicking Image of 1st Resolutions  : 39
clicking Image of 1st Resolutions  : 40
clicking Image of 1st Resolutions  : 41
clicking Image of 1st Resolutions  : 42
clicking Image of 1st Resolutions  : 43
clicking Image of 1st Resolutions  : 44
clicking Image of 1st Resolutions  : 45
clicking Image of 1st Resolutions  : 46
clicking Image of 1st Resolutions  : 47
clicking Image of 1st Resolutions  : 48
clicking Image of 1st Resolutions  : 49
clicking Image of 1st Resolutions  : 50
clicking Image of 1st Resolutions  : 51
clicking Image of 1st Resolutions  : 52
clicking Image of 1st Resolutions  : 53
clicking Image of 1st Resolutions  : 54
clicking Image of 1st Resolutions  : 55
clicking Image of 1st Resolutions  : 56
clicking Image of 1st Resolutions  : 57
clicking Image of 1st Resolutions  : 58
clicking Image of 1st Resolutions  : 59
clicking Image of 1st Resolutions  : 60
clicking Image of 1st Resolutions  : 61
clicking Image of 1st Resolutions  : 62
clicking Image of 1st Resolutions  : 63
clicking Image of 1st Resolutions  : 64
clicking Image of 1st Resolutions  : 65
clicking Image of 1st Resolutions  : 66
clicking Image of 1st Resolutions  : 67
clicking Image of 1st Resolutions  : 68
clicking Image of 1st Resolutions  : 69
clicking Image of 1st Resolutions  : 70
clicking Image of 1st Resolutions  : 71
clicking Image of 1st Resolutions  : 72
clicking Image of 1st Resolutions  : 73
clicking Image of 1st Resolutions  : 74
front camera first resolution:75 images Captured succesfull
Select settings
Select Picture size option
Select second Image Resoution: 2.1MP(16:9)
totalPictureCountFront1= 75
clicking Image of 2nd Resolutions  : 0
clicking Image of 2nd Resolutions  : 1
clicking Image of 2nd Resolutions  : 2
clicking Image of 2nd Resolutions  : 3
clicking Image of 2nd Resolutions  : 4
clicking Image of 2nd Resolutions  : 5
clicking Image of 2nd Resolutions  : 6
clicking Image of 2nd Resolutions  : 7
clicking Image of 2nd Resolutions  : 8
clicking Image of 2nd Resolutions  : 9
clicking Image of 2nd Resolutions  : 10
clicking Image of 2nd Resolutions  : 11
clicking Image of 2nd Resolutions  : 12
clicking Image of 2nd Resolutions  : 13
clicking Image of 2nd Resolutions  : 14
clicking Image of 2nd Resolutions  : 15
clicking Image of 2nd Resolutions  : 16
clicking Image of 2nd Resolutions  : 17
clicking Image of 2nd Resolutions  : 18
clicking Image of 2nd Resolutions  : 19
clicking Image of 2nd Resolutions  : 20
clicking Image of 2nd Resolutions  : 21
clicking Image of 2nd Resolutions  : 22
clicking Image of 2nd Resolutions  : 23
clicking Image of 2nd Resolutions  : 24
clicking Image of 2nd Resolutions  : 25
clicking Image of 2nd Resolutions  : 26
clicking Image of 2nd Resolutions  : 27
clicking Image of 2nd Resolutions  : 28
clicking Image of 2nd Resolutions  : 29
clicking Image of 2nd Resolutions  : 30
clicking Image of 2nd Resolutions  : 31
clicking Image of 2nd Resolutions  : 32
clicking Image of 2nd Resolutions  : 33
clicking Image of 2nd Resolutions  : 34
clicking Image of 2nd Resolutions  : 35
clicking Image of 2nd Resolutions  : 36
clicking Image of 2nd Resolutions  : 37
clicking Image of 2nd Resolutions  : 38
clicking Image of 2nd Resolutions  : 39
clicking Image of 2nd Resolutions  : 40
clicking Image of 2nd Resolutions  : 41
clicking Image of 2nd Resolutions  : 42
clicking Image of 2nd Resolutions  : 43
clicking Image of 2nd Resolutions  : 44
clicking Image of 2nd Resolutions  : 45
clicking Image of 2nd Resolutions  : 46
clicking Image of 2nd Resolutions  : 47
clicking Image of 2nd Resolutions  : 48
clicking Image of 2nd Resolutions  : 49
clicking Image of 2nd Resolutions  : 50
clicking Image of 2nd Resolutions  : 51
clicking Image of 2nd Resolutions  : 52
clicking Image of 2nd Resolutions  : 53
clicking Image of 2nd Resolutions  : 54
clicking Image of 2nd Resolutions  : 55
clicking Image of 2nd Resolutions  : 56
clicking Image of 2nd Resolutions  : 57
clicking Image of 2nd Resolutions  : 58
clicking Image of 2nd Resolutions  : 59
clicking Image of 2nd Resolutions  : 60
clicking Image of 2nd Resolutions  : 61
clicking Image of 2nd Resolutions  : 62
clicking Image of 2nd Resolutions  : 63
clicking Image of 2nd Resolutions  : 64
clicking Image of 2nd Resolutions  : 65
clicking Image of 2nd Resolutions  : 66
clicking Image of 2nd Resolutions  : 67
clicking Image of 2nd Resolutions  : 68
clicking Image of 2nd Resolutions  : 69
clicking Image of 2nd Resolutions  : 70
clicking Image of 2nd Resolutions  : 71
clicking Image of 2nd Resolutions  : 72
clicking Image of 2nd Resolutions  : 73
clicking Image of 2nd Resolutions  : 74
front camera second resolution:75 images Captured succesfull
Select settings
Select Picture size option
Select third Image Resoution: 1MP(18:9)
totalPictureCountFront2= 75
clicking Image of 3rd Resolutions : 0
clicking Image of 3rd Resolutions : 1
clicking Image of 3rd Resolutions : 2
clicking Image of 3rd Resolutions : 3
clicking Image of 3rd Resolutions : 4
clicking Image of 3rd Resolutions : 5
clicking Image of 3rd Resolutions : 6
clicking Image of 3rd Resolutions : 7
clicking Image of 3rd Resolutions : 8
clicking Image of 3rd Resolutions : 9
clicking Image of 3rd Resolutions : 10
clicking Image of 3rd Resolutions : 11
clicking Image of 3rd Resolutions : 12
clicking Image of 3rd Resolutions : 13
clicking Image of 3rd Resolutions : 14
clicking Image of 3rd Resolutions : 15
clicking Image of 3rd Resolutions : 16
clicking Image of 3rd Resolutions : 17
clicking Image of 3rd Resolutions : 18
clicking Image of 3rd Resolutions : 19
clicking Image of 3rd Resolutions : 20
clicking Image of 3rd Resolutions : 21
clicking Image of 3rd Resolutions : 22
clicking Image of 3rd Resolutions : 23
clicking Image of 3rd Resolutions : 24
clicking Image of 3rd Resolutions : 25
clicking Image of 3rd Resolutions : 26
clicking Image of 3rd Resolutions : 27
clicking Image of 3rd Resolutions : 28
clicking Image of 3rd Resolutions : 29
clicking Image of 3rd Resolutions : 30
clicking Image of 3rd Resolutions : 31
clicking Image of 3rd Resolutions : 32
clicking Image of 3rd Resolutions : 33
clicking Image of 3rd Resolutions : 34
clicking Image of 3rd Resolutions : 35
clicking Image of 3rd Resolutions : 36
clicking Image of 3rd Resolutions : 37
clicking Image of 3rd Resolutions : 38
clicking Image of 3rd Resolutions : 39
clicking Image of 3rd Resolutions : 40
clicking Image of 3rd Resolutions : 41
clicking Image of 3rd Resolutions : 42
clicking Image of 3rd Resolutions : 43
clicking Image of 3rd Resolutions : 44
clicking Image of 3rd Resolutions : 45
clicking Image of 3rd Resolutions : 46
clicking Image of 3rd Resolutions : 47
clicking Image of 3rd Resolutions : 48
clicking Image of 3rd Resolutions : 49
clicking Image of 3rd Resolutions : 50
clicking Image of 3rd Resolutions : 51
clicking Image of 3rd Resolutions : 52
clicking Image of 3rd Resolutions : 53
clicking Image of 3rd Resolutions : 54
clicking Image of 3rd Resolutions : 55
clicking Image of 3rd Resolutions : 56
clicking Image of 3rd Resolutions : 57
clicking Image of 3rd Resolutions : 58
clicking Image of 3rd Resolutions : 59
clicking Image of 3rd Resolutions : 60
clicking Image of 3rd Resolutions : 61
clicking Image of 3rd Resolutions : 62
clicking Image of 3rd Resolutions : 63
clicking Image of 3rd Resolutions : 64
clicking Image of 3rd Resolutions : 65
clicking Image of 3rd Resolutions : 66
clicking Image of 3rd Resolutions : 67
clicking Image of 3rd Resolutions : 68
clicking Image of 3rd Resolutions : 69
clicking Image of 3rd Resolutions : 70
clicking Image of 3rd Resolutions : 71
clicking Image of 3rd Resolutions : 72
clicking Image of 3rd Resolutions : 73
clicking Image of 3rd Resolutions : 74
front camera third resolution:75 images Captured succesfull
Select settings
Select Picture size option
Select fourth Image Resoution: 3.7MP(1:1)
totalPictureCountFront3= 75
clicking Image of 4th Resolutions : 0
clicking Image of 4th Resolutions : 1
clicking Image of 4th Resolutions : 2
clicking Image of 4th Resolutions : 3
clicking Image of 4th Resolutions : 4
clicking Image of 4th Resolutions : 5
clicking Image of 4th Resolutions : 6
clicking Image of 4th Resolutions : 7
clicking Image of 4th Resolutions : 8
clicking Image of 4th Resolutions : 9
clicking Image of 4th Resolutions : 10
clicking Image of 4th Resolutions : 11
clicking Image of 4th Resolutions : 12
clicking Image of 4th Resolutions : 13
clicking Image of 4th Resolutions : 14
clicking Image of 4th Resolutions : 15
clicking Image of 4th Resolutions : 16
clicking Image of 4th Resolutions : 17
clicking Image of 4th Resolutions : 18
clicking Image of 4th Resolutions : 19
clicking Image of 4th Resolutions : 20
clicking Image of 4th Resolutions : 21
clicking Image of 4th Resolutions : 22
clicking Image of 4th Resolutions : 23
clicking Image of 4th Resolutions : 24
clicking Image of 4th Resolutions : 25
clicking Image of 4th Resolutions : 26
clicking Image of 4th Resolutions : 27
clicking Image of 4th Resolutions : 28
clicking Image of 4th Resolutions : 29
clicking Image of 4th Resolutions : 30
clicking Image of 4th Resolutions : 31
clicking Image of 4th Resolutions : 32
clicking Image of 4th Resolutions : 33
clicking Image of 4th Resolutions : 34
clicking Image of 4th Resolutions : 35
clicking Image of 4th Resolutions : 36
clicking Image of 4th Resolutions : 37
clicking Image of 4th Resolutions : 38
clicking Image of 4th Resolutions : 39
clicking Image of 4th Resolutions : 40
clicking Image of 4th Resolutions : 41
clicking Image of 4th Resolutions : 42
clicking Image of 4th Resolutions : 43
clicking Image of 4th Resolutions : 44
clicking Image of 4th Resolutions : 45
clicking Image of 4th Resolutions : 46
clicking Image of 4th Resolutions : 47
clicking Image of 4th Resolutions : 48
clicking Image of 4th Resolutions : 49
clicking Image of 4th Resolutions : 50
clicking Image of 4th Resolutions : 51
clicking Image of 4th Resolutions : 52
clicking Image of 4th Resolutions : 53
clicking Image of 4th Resolutions : 54
clicking Image of 4th Resolutions : 55
clicking Image of 4th Resolutions : 56
clicking Image of 4th Resolutions : 57
clicking Image of 4th Resolutions : 58
clicking Image of 4th Resolutions : 59
clicking Image of 4th Resolutions : 60
clicking Image of 4th Resolutions : 61
clicking Image of 4th Resolutions : 62
clicking Image of 4th Resolutions : 63
clicking Image of 4th Resolutions : 64
clicking Image of 4th Resolutions : 65
clicking Image of 4th Resolutions : 66
clicking Image of 4th Resolutions : 67
clicking Image of 4th Resolutions : 68
clicking Image of 4th Resolutions : 69
clicking Image of 4th Resolutions : 70
clicking Image of 4th Resolutions : 71
clicking Image of 4th Resolutions : 72
clicking Image of 4th Resolutions : 73
clicking Image of 4th Resolutions : 74
front camera 4th resolution:75 images Captured succesfull
click on back camera
Total Count value:300 images to be Captured 
Launch file manager application and verify captured images present in Internal storage
Swipe up to select Internal storage
Select Internal storage
switch to grid view mode to select DCIM folder
Select DCIM Folder
Select camera folder
Click More options
Click select all
Test9F_Int_Fcam_image: 300 selected images Captured succesfull
Tolerance_Level = 75

Pass: Test9F_Int pass for front Image capture
Test9F_Int Fcam_image: 300  images Captured succesfull
===================================================================================================================================================================================================================================================================================================================================================================================================================================================================================================================================================================================================================================================================================================================================
calling DataMoveOperation()
launch file manager application select Internal storage-->DCIM folder-->Camera folder-->Select all front camera images Test9F_Int and cut paste all images in Test9F_Int folder
Swipe up to select Internal storage
Select Internal storage
Select DCIM Folder
Select camera folder
Click More options
Click select all
Click More options
select move to option
select Internal storage
Select ADD NEW Folder option
Name folder as Test9F_Int
Accept create folder
Cut paste  video files operation completed successfully
Pass: Test9F_Int Pass for data move operation successfully
===================================================================================================================================================================================================================================================================================================================================================================================================================================================================================================================================================================================================================================================================================================================================
Final Message: Pass Test9F_Int Pass for Front camera image capture  successfully
Test: End
===================================================================================================================================================================================================================================================================================================================================================================================================================================================================================================================================================================================================================================================================================================================================
]]></system-out>
    <system-err><![CDATA[2023-03-16 20:20:38 INFO   io.appium.java_client.remote.AppiumCommandExecutor$1 lambda$0 Detected dialect: W3C
2023-03-16 20:20:52 INFO   io.appium.java_client.remote.AppiumCommandExecutor$1 lambda$0 Detected dialect: W3C
org.openqa.selenium.NoSuchElementException: An element could not be located on the page using the given search parameters.
For documentation on this error, please visit: https://www.seleniumhq.org/exceptions/no_such_element.html
Build info: version: '3.141.59', revision: 'e82be7d358', time: '2018-11-14T08:17:03'
System info: host: 'SD-APPS-090', ip: '10.65.148.57', os.name: 'Windows 10', os.arch: 'amd64', os.version: '10.0', java.version: '1.8.0_202'
Driver info: io.appium.java_client.android.AndroidDriver
Capabilities {automationName: UiAutomator2, databaseEnabled: false, desired: {automationName: UiAutomator2, deviceName: LAVA LZG403, newCommandTimeout: 1200, platformName: android, platformVersion: 11, udid: Z39G21LB061894}, deviceApiLevel: 30, deviceManufacturer: LAVA, deviceModel: LAVA LZG403, deviceName: Z39G21LB061894, deviceScreenDensity: 320, deviceScreenSize: 720x1600, deviceUDID: Z39G21LB061894, javascriptEnabled: true, locationContextEnabled: false, networkConnectionEnabled: true, newCommandTimeout: 1200, pixelRatio: 2, platform: LINUX, platformName: Android, platformVersion: 11, statBarHeight: 45, takesScreenshot: true, udid: Z39G21LB061894, viewportRect: {height: 1414, left: 0, top: 45, width: 720}, warnings: {}, webStorageEnabled: false}
Session ID: 6fa4a3ff-73c7-48e1-8709-b3d391e2be1b
*** Element info: {Using=xpath, value=//*[@resource-id='com.google.android.apps.nbu.files:id/agree_button']}
	at sun.reflect.NativeConstructorAccessorImpl.newInstance0(Native Method)
	at sun.reflect.NativeConstructorAccessorImpl.newInstance(NativeConstructorAccessorImpl.java:62)
	at sun.reflect.DelegatingConstructorAccessorImpl.newInstance(DelegatingConstructorAccessorImpl.java:45)
	at java.lang.reflect.Constructor.newInstance(Constructor.java:423)
	at org.openqa.selenium.remote.http.W3CHttpResponseCodec.createException(W3CHttpResponseCodec.java:187)
	at org.openqa.selenium.remote.http.W3CHttpResponseCodec.decode(W3CHttpResponseCodec.java:122)
	at org.openqa.selenium.remote.http.W3CHttpResponseCodec.decode(W3CHttpResponseCodec.java:49)
	at org.openqa.selenium.remote.HttpCommandExecutor.execute(HttpCommandExecutor.java:158)
	at io.appium.java_client.remote.AppiumCommandExecutor.execute(AppiumCommandExecutor.java:239)
	at org.openqa.selenium.remote.RemoteWebDriver.execute(RemoteWebDriver.java:552)
	at io.appium.java_client.DefaultGenericMobileDriver.execute(DefaultGenericMobileDriver.java:42)
	at io.appium.java_client.AppiumDriver.execute(AppiumDriver.java:1)
	at io.appium.java_client.android.AndroidDriver.execute(AndroidDriver.java:1)
	at org.openqa.selenium.remote.RemoteWebDriver.findElement(RemoteWebDriver.java:323)
	at io.appium.java_client.DefaultGenericMobileDriver.findElement(DefaultGenericMobileDriver.java:62)
	at io.appium.java_client.AppiumDriver.findElement(AppiumDriver.java:1)
	at io.appium.java_client.android.AndroidDriver.findElement(AndroidDriver.java:1)
	at org.openqa.selenium.remote.RemoteWebDriver.findElementByXPath(RemoteWebDriver.java:428)
	at io.appium.java_client.DefaultGenericMobileDriver.findElementByXPath(DefaultGenericMobileDriver.java:152)
	at io.appium.java_client.AppiumDriver.findElementByXPath(AppiumDriver.java:1)
	at io.appium.java_client.android.AndroidDriver.findElementByXPath(AndroidDriver.java:1)
	at org.openqa.selenium.By$ByXPath.findElement(By.java:353)
	at org.openqa.selenium.remote.RemoteWebDriver.findElement(RemoteWebDriver.java:315)
	at io.appium.java_client.DefaultGenericMobileDriver.findElement(DefaultGenericMobileDriver.java:58)
	at io.appium.java_client.AppiumDriver.findElement(AppiumDriver.java:1)
	at io.appium.java_client.android.AndroidDriver.findElement(AndroidDriver.java:1)
	at Lava_Z3_LZG403.Test9F_Int.FrontPictureCapture(Test9F_Int.java:295)
	at sun.reflect.NativeMethodAccessorImpl.invoke0(Native Method)
	at sun.reflect.NativeMethodAccessorImpl.invoke(NativeMethodAccessorImpl.java:62)
	at sun.reflect.DelegatingMethodAccessorImpl.invoke(DelegatingMethodAccessorImpl.java:43)
	at java.lang.reflect.Method.invoke(Method.java:498)
	at org.testng.internal.MethodInvocationHelper.invokeMethod(MethodInvocationHelper.java:80)
	at org.testng.internal.Invoker.invokeMethod(Invoker.java:673)
	at org.testng.internal.Invoker.invokeTestMethod(Invoker.java:842)
	at org.testng.internal.Invoker.invokeTestMethods(Invoker.java:1166)
	at org.testng.internal.TestMethodWorker.invokeTestMethods(TestMethodWorker.java:125)
	at org.testng.internal.TestMethodWorker.run(TestMethodWorker.java:109)
	at org.testng.TestRunner.runWorkers(TestRunner.java:1178)
	at org.testng.TestRunner.privateRun(TestRunner.java:757)
	at org.testng.TestRunner.run(TestRunner.java:608)
	at org.testng.SuiteRunner.runTest(SuiteRunner.java:334)
	at org.testng.SuiteRunner.runSequentially(SuiteRunner.java:329)
	at org.testng.SuiteRunner.privateRun(SuiteRunner.java:291)
	at org.testng.SuiteRunner.run(SuiteRunner.java:240)
	at org.testng.SuiteRunnerWorker.runSuite(SuiteRunnerWorker.java:52)
	at org.testng.SuiteRunnerWorker.run(SuiteRunnerWorker.java:86)
	at org.testng.TestNG.runSuitesSequentially(TestNG.java:1158)
	at org.testng.TestNG.runSuitesSequentially(TestNG.java:1154)
	at org.testng.TestNG.runSuitesLocally(TestNG.java:1083)
	at org.testng.TestNG.run(TestNG.java:999)
	at org.apache.maven.surefire.testng.TestNGExecutor.run(TestNGExecutor.java:284)
	at org.apache.maven.surefire.testng.TestNGXmlTestSuite.execute(TestNGXmlTestSuite.java:75)
	at org.apache.maven.surefire.testng.TestNGProvider.invoke(TestNGProvider.java:119)
	at org.apache.maven.surefire.booter.ForkedBooter.runSuitesInProcess(ForkedBooter.java:428)
	at org.apache.maven.surefire.booter.ForkedBooter.execute(ForkedBooter.java:162)
	at org.apache.maven.surefire.booter.ForkedBooter.run(ForkedBooter.java:562)
	at org.apache.maven.surefire.booter.ForkedBooter.main(ForkedBooter.java:548)
org.openqa.selenium.NoSuchElementException: An element could not be located on the page using the given search parameters.
For documentation on this error, please visit: https://www.seleniumhq.org/exceptions/no_such_element.html
Build info: version: '3.141.59', revision: 'e82be7d358', time: '2018-11-14T08:17:03'
System info: host: 'SD-APPS-090', ip: '10.65.148.57', os.name: 'Windows 10', os.arch: 'amd64', os.version: '10.0', java.version: '1.8.0_202'
Driver info: io.appium.java_client.android.AndroidDriver
Capabilities {automationName: UiAutomator2, databaseEnabled: false, desired: {automationName: UiAutomator2, deviceName: LAVA LZG403, newCommandTimeout: 1200, platformName: android, platformVersion: 11, udid: Z39G21LB061894}, deviceApiLevel: 30, deviceManufacturer: LAVA, deviceModel: LAVA LZG403, deviceName: Z39G21LB061894, deviceScreenDensity: 320, deviceScreenSize: 720x1600, deviceUDID: Z39G21LB061894, javascriptEnabled: true, locationContextEnabled: false, networkConnectionEnabled: true, newCommandTimeout: 1200, pixelRatio: 2, platform: LINUX, platformName: Android, platformVersion: 11, statBarHeight: 45, takesScreenshot: true, udid: Z39G21LB061894, viewportRect: {height: 1414, left: 0, top: 45, width: 720}, warnings: {}, webStorageEnabled: false}
Session ID: 6fa4a3ff-73c7-48e1-8709-b3d391e2be1b
*** Element info: {Using=xpath, value=//*[@text='Raw']}
	at sun.reflect.GeneratedConstructorAccessor20.newInstance(Unknown Source)
	at sun.reflect.DelegatingConstructorAccessorImpl.newInstance(DelegatingConstructorAccessorImpl.java:45)
	at java.lang.reflect.Constructor.newInstance(Constructor.java:423)
	at org.openqa.selenium.remote.http.W3CHttpResponseCodec.createException(W3CHttpResponseCodec.java:187)
	at org.openqa.selenium.remote.http.W3CHttpResponseCodec.decode(W3CHttpResponseCodec.java:122)
	at org.openqa.selenium.remote.http.W3CHttpResponseCodec.decode(W3CHttpResponseCodec.java:49)
	at org.openqa.selenium.remote.HttpCommandExecutor.execute(HttpCommandExecutor.java:158)
	at io.appium.java_client.remote.AppiumCommandExecutor.execute(AppiumCommandExecutor.java:239)
	at org.openqa.selenium.remote.RemoteWebDriver.execute(RemoteWebDriver.java:552)
	at io.appium.java_client.DefaultGenericMobileDriver.execute(DefaultGenericMobileDriver.java:42)
	at io.appium.java_client.AppiumDriver.execute(AppiumDriver.java:1)
	at io.appium.java_client.android.AndroidDriver.execute(AndroidDriver.java:1)
	at org.openqa.selenium.remote.RemoteWebDriver.findElement(RemoteWebDriver.java:323)
	at io.appium.java_client.DefaultGenericMobileDriver.findElement(DefaultGenericMobileDriver.java:62)
	at io.appium.java_client.AppiumDriver.findElement(AppiumDriver.java:1)
	at io.appium.java_client.android.AndroidDriver.findElement(AndroidDriver.java:1)
	at org.openqa.selenium.remote.RemoteWebDriver.findElementByXPath(RemoteWebDriver.java:428)
	at io.appium.java_client.DefaultGenericMobileDriver.findElementByXPath(DefaultGenericMobileDriver.java:152)
	at io.appium.java_client.AppiumDriver.findElementByXPath(AppiumDriver.java:1)
	at io.appium.java_client.android.AndroidDriver.findElementByXPath(AndroidDriver.java:1)
	at org.openqa.selenium.By$ByXPath.findElement(By.java:353)
	at org.openqa.selenium.remote.RemoteWebDriver.findElement(RemoteWebDriver.java:315)
	at io.appium.java_client.DefaultGenericMobileDriver.findElement(DefaultGenericMobileDriver.java:58)
	at io.appium.java_client.AppiumDriver.findElement(AppiumDriver.java:1)
	at io.appium.java_client.android.AndroidDriver.findElement(AndroidDriver.java:1)
	at Lava_Z3_LZG403.Test9F_Int.FrontPictureCapture(Test9F_Int.java:337)
	at sun.reflect.NativeMethodAccessorImpl.invoke0(Native Method)
	at sun.reflect.NativeMethodAccessorImpl.invoke(NativeMethodAccessorImpl.java:62)
	at sun.reflect.DelegatingMethodAccessorImpl.invoke(DelegatingMethodAccessorImpl.java:43)
	at java.lang.reflect.Method.invoke(Method.java:498)
	at org.testng.internal.MethodInvocationHelper.invokeMethod(MethodInvocationHelper.java:80)
	at org.testng.internal.Invoker.invokeMethod(Invoker.java:673)
	at org.testng.internal.Invoker.invokeTestMethod(Invoker.java:842)
	at org.testng.internal.Invoker.invokeTestMethods(Invoker.java:1166)
	at org.testng.internal.TestMethodWorker.invokeTestMethods(TestMethodWorker.java:125)
	at org.testng.internal.TestMethodWorker.run(TestMethodWorker.java:109)
	at org.testng.TestRunner.runWorkers(TestRunner.java:1178)
	at org.testng.TestRunner.privateRun(TestRunner.java:757)
	at org.testng.TestRunner.run(TestRunner.java:608)
	at org.testng.SuiteRunner.runTest(SuiteRunner.java:334)
	at org.testng.SuiteRunner.runSequentially(SuiteRunner.java:329)
	at org.testng.SuiteRunner.privateRun(SuiteRunner.java:291)
	at org.testng.SuiteRunner.run(SuiteRunner.java:240)
	at org.testng.SuiteRunnerWorker.runSuite(SuiteRunnerWorker.java:52)
	at org.testng.SuiteRunnerWorker.run(SuiteRunnerWorker.java:86)
	at org.testng.TestNG.runSuitesSequentially(TestNG.java:1158)
	at org.testng.TestNG.runSuitesSequentially(TestNG.java:1154)
	at org.testng.TestNG.runSuitesLocally(TestNG.java:1083)
	at org.testng.TestNG.run(TestNG.java:999)
	at org.apache.maven.surefire.testng.TestNGExecutor.run(TestNGExecutor.java:284)
	at org.apache.maven.surefire.testng.TestNGXmlTestSuite.execute(TestNGXmlTestSuite.java:75)
	at org.apache.maven.surefire.testng.TestNGProvider.invoke(TestNGProvider.java:119)
	at org.apache.maven.surefire.booter.ForkedBooter.runSuitesInProcess(ForkedBooter.java:428)
	at org.apache.maven.surefire.booter.ForkedBooter.execute(ForkedBooter.java:162)
	at org.apache.maven.surefire.booter.ForkedBooter.run(ForkedBooter.java:562)
	at org.apache.maven.surefire.booter.ForkedBooter.main(ForkedBooter.java:548)
org.openqa.selenium.NoSuchElementException: An element could not be located on the page using the given search parameters.
For documentation on this error, please visit: https://www.seleniumhq.org/exceptions/no_such_element.html
Build info: version: '3.141.59', revision: 'e82be7d358', time: '2018-11-14T08:17:03'
System info: host: 'SD-APPS-090', ip: '10.65.148.57', os.name: 'Windows 10', os.arch: 'amd64', os.version: '10.0', java.version: '1.8.0_202'
Driver info: io.appium.java_client.android.AndroidDriver
Capabilities {automationName: UiAutomator2, databaseEnabled: false, desired: {automationName: UiAutomator2, deviceName: LAVA LZG403, newCommandTimeout: 1200, platformName: android, platformVersion: 11, udid: Z39G21LB061894}, deviceApiLevel: 30, deviceManufacturer: LAVA, deviceModel: LAVA LZG403, deviceName: Z39G21LB061894, deviceScreenDensity: 320, deviceScreenSize: 720x1600, deviceUDID: Z39G21LB061894, javascriptEnabled: true, locationContextEnabled: false, networkConnectionEnabled: true, newCommandTimeout: 1200, pixelRatio: 2, platform: LINUX, platformName: Android, platformVersion: 11, statBarHeight: 45, takesScreenshot: true, udid: Z39G21LB061894, viewportRect: {height: 1414, left: 0, top: 45, width: 720}, warnings: {}, webStorageEnabled: false}
Session ID: 6fa4a3ff-73c7-48e1-8709-b3d391e2be1b
*** Element info: {Using=xpath, value=//*[@resource-id='com.google.android.apps.nbu.files:id/agree_button']}
	at sun.reflect.GeneratedConstructorAccessor20.newInstance(Unknown Source)
	at sun.reflect.DelegatingConstructorAccessorImpl.newInstance(DelegatingConstructorAccessorImpl.java:45)
	at java.lang.reflect.Constructor.newInstance(Constructor.java:423)
	at org.openqa.selenium.remote.http.W3CHttpResponseCodec.createException(W3CHttpResponseCodec.java:187)
	at org.openqa.selenium.remote.http.W3CHttpResponseCodec.decode(W3CHttpResponseCodec.java:122)
	at org.openqa.selenium.remote.http.W3CHttpResponseCodec.decode(W3CHttpResponseCodec.java:49)
	at org.openqa.selenium.remote.HttpCommandExecutor.execute(HttpCommandExecutor.java:158)
	at io.appium.java_client.remote.AppiumCommandExecutor.execute(AppiumCommandExecutor.java:239)
	at org.openqa.selenium.remote.RemoteWebDriver.execute(RemoteWebDriver.java:552)
	at io.appium.java_client.DefaultGenericMobileDriver.execute(DefaultGenericMobileDriver.java:42)
	at io.appium.java_client.AppiumDriver.execute(AppiumDriver.java:1)
	at io.appium.java_client.android.AndroidDriver.execute(AndroidDriver.java:1)
	at org.openqa.selenium.remote.RemoteWebDriver.findElement(RemoteWebDriver.java:323)
	at io.appium.java_client.DefaultGenericMobileDriver.findElement(DefaultGenericMobileDriver.java:62)
	at io.appium.java_client.AppiumDriver.findElement(AppiumDriver.java:1)
	at io.appium.java_client.android.AndroidDriver.findElement(AndroidDriver.java:1)
	at org.openqa.selenium.remote.RemoteWebDriver.findElementByXPath(RemoteWebDriver.java:428)
	at io.appium.java_client.DefaultGenericMobileDriver.findElementByXPath(DefaultGenericMobileDriver.java:152)
	at io.appium.java_client.AppiumDriver.findElementByXPath(AppiumDriver.java:1)
	at io.appium.java_client.android.AndroidDriver.findElementByXPath(AndroidDriver.java:1)
	at org.openqa.selenium.By$ByXPath.findElement(By.java:353)
	at org.openqa.selenium.remote.RemoteWebDriver.findElement(RemoteWebDriver.java:315)
	at io.appium.java_client.DefaultGenericMobileDriver.findElement(DefaultGenericMobileDriver.java:58)
	at io.appium.java_client.AppiumDriver.findElement(AppiumDriver.java:1)
	at io.appium.java_client.android.AndroidDriver.findElement(AndroidDriver.java:1)
	at Lava_Z3_LZG403.Test9F_Int.DataMoveOperation(Test9F_Int.java:474)
	at Lava_Z3_LZG403.Test9F_Int.FrontPictureCapture(Test9F_Int.java:417)
	at sun.reflect.NativeMethodAccessorImpl.invoke0(Native Method)
	at sun.reflect.NativeMethodAccessorImpl.invoke(NativeMethodAccessorImpl.java:62)
	at sun.reflect.DelegatingMethodAccessorImpl.invoke(DelegatingMethodAccessorImpl.java:43)
	at java.lang.reflect.Method.invoke(Method.java:498)
	at org.testng.internal.MethodInvocationHelper.invokeMethod(MethodInvocationHelper.java:80)
	at org.testng.internal.Invoker.invokeMethod(Invoker.java:673)
	at org.testng.internal.Invoker.invokeTestMethod(Invoker.java:842)
	at org.testng.internal.Invoker.invokeTestMethods(Invoker.java:1166)
	at org.testng.internal.TestMethodWorker.invokeTestMethods(TestMethodWorker.java:125)
	at org.testng.internal.TestMethodWorker.run(TestMethodWorker.java:109)
	at org.testng.TestRunner.runWorkers(TestRunner.java:1178)
	at org.testng.TestRunner.privateRun(TestRunner.java:757)
	at org.testng.TestRunner.run(TestRunner.java:608)
	at org.testng.SuiteRunner.runTest(SuiteRunner.java:334)
	at org.testng.SuiteRunner.runSequentially(SuiteRunner.java:329)
	at org.testng.SuiteRunner.privateRun(SuiteRunner.java:291)
	at org.testng.SuiteRunner.run(SuiteRunner.java:240)
	at org.testng.SuiteRunnerWorker.runSuite(SuiteRunnerWorker.java:52)
	at org.testng.SuiteRunnerWorker.run(SuiteRunnerWorker.java:86)
	at org.testng.TestNG.runSuitesSequentially(TestNG.java:1158)
	at org.testng.TestNG.runSuitesSequentially(TestNG.java:1154)
	at org.testng.TestNG.runSuitesLocally(TestNG.java:1083)
	at org.testng.TestNG.run(TestNG.java:999)
	at org.apache.maven.surefire.testng.TestNGExecutor.run(TestNGExecutor.java:284)
	at org.apache.maven.surefire.testng.TestNGXmlTestSuite.execute(TestNGXmlTestSuite.java:75)
	at org.apache.maven.surefire.testng.TestNGProvider.invoke(TestNGProvider.java:119)
	at org.apache.maven.surefire.booter.ForkedBooter.runSuitesInProcess(ForkedBooter.java:428)
	at org.apache.maven.surefire.booter.ForkedBooter.execute(ForkedBooter.java:162)
	at org.apache.maven.surefire.booter.ForkedBooter.run(ForkedBooter.java:562)
	at org.apache.maven.surefire.booter.ForkedBooter.main(ForkedBooter.java:548)
]]></system-err>
  </testcase>
</testsuite>