<?xml version="1.0" encoding="UTF-8"?>
<!-- Generated by org.testng.reporters.JUnitReportReporter -->
<testsuite hostname="SD-APPS-200" name="Samsung_Galaxy_A51_SM515F.Test10" tests="1" failures="0" timestamp="16 Jan 2023 12:40:37 GMT" time="1162.367" errors="0">
  <testcase name="rearVideoRec" time="1162.367" classname="Samsung_Galaxy_A51_SM515F.Test10"/>
</testsuite>
