<?xml version="1.0" encoding="UTF-8"?>
<!-- Generated by org.testng.reporters.JUnitReportReporter -->
<testsuite hostname="SD-APPS-200" name="Samsung_Galaxy_A51_SM515F.Test0" tests="1" failures="0" timestamp="16 Jan 2023 12:40:37 GMT" time="1032.364" errors="0">
  <testcase name="start" time="1032.364" classname="Samsung_Galaxy_A51_SM515F.Test0"/>
</testsuite>
