<?xml version="1.0" encoding="UTF-8"?>
<!-- Generated by org.testng.reporters.JUnitReportReporter -->
<testsuite hostname="SD-APPS-201" name="Motorola_Moto_E30_XT21596.Test0_Int" tests="1" failures="0" timestamp="30 Mar 2023 09:09:22 GMT" time="626.036" errors="0">
  <testcase name="start" time="626.036" classname="Motorola_Moto_E30_XT21596.Test0_Int"/>
</testsuite>
