<?xml version="1.0" encoding="UTF-8"?>
<!-- Generated by org.testng.reporters.JUnitReportReporter -->
<testsuite hostname="SD-APPS-201" name="Motorola_Moto_E30_XT21596.Test3_Int" tests="1" failures="0" timestamp="30 Mar 2023 09:09:22 GMT" time="411.372" errors="0">
  <testcase name="Format" time="411.372" classname="Motorola_Moto_E30_XT21596.Test3_Int"/>
</testsuite>
