<?xml version="1.0" encoding="UTF-8"?>
<!-- Generated by org.testng.reporters.JUnitReportReporter -->
<testsuite hostname="SD-APPS-201" name="Motorola_Moto_E30_XT21596.Test9_Int" tests="1" failures="0" timestamp="30 Mar 2023 09:09:22 GMT" time="4139.675" errors="0">
  <testcase name="RearPictureCapture" time="4139.675" classname="Motorola_Moto_E30_XT21596.Test9_Int"/>
</testsuite>
