<?xml version="1.0" encoding="UTF-8"?>
<!-- Generated by org.testng.reporters.JUnitReportReporter -->
<testsuite hostname="BNPLYY2" name="Realme_Pad_RMP2102.Test9F" tests="1" failures="0" timestamp="27 Mar 2023 15:20:57 GMT" time="710.009" errors="0">
  <testcase name="RearPictureCapture" time="710.009" classname="Realme_Pad_RMP2102.Test9F"/>
</testsuite>
