<?xml version="1.0" encoding="UTF-8"?>
<testsuite xmlns:xsi="http://www.w3.org/2001/XMLSchema-instance" xsi:noNamespaceSchemaLocation="https://maven.apache.org/surefire/maven-surefire-plugin/xsd/surefire-test-report-3.0.xsd" version="3.0" name="TestSuite" time="13,036.919" tests="8" errors="0" skipped="0" failures="0">
  <properties>
    <property name="sun.desktop" value="windows"/>
    <property name="awt.toolkit" value="sun.awt.windows.WToolkit"/>
    <property name="fileName" value="testngMain_Int.xml"/>
    <property name="recordingDurationFront_Int" value="580"/>
    <property name="java.specification.version" value="1.8"/>
    <property name="file.encoding.pkg" value="sun.io"/>
    <property name="sun.cpu.isalist" value="amd64"/>
    <property name="sun.jnu.encoding" value="Cp1252"/>
    <property name="java.class.path" value="C:\Users\sandisk\Android11\BLU_J9L\target\test-classes;C:\Users\sandisk\Android11\BLU_J9L\target\classes;C:\Users\sandisk\.m2\repository\org\seleniumhq\selenium\selenium-java\3.141.59\selenium-java-3.141.59.jar;C:\Users\sandisk\.m2\repository\org\seleniumhq\selenium\selenium-api\3.141.59\selenium-api-3.141.59.jar;C:\Users\sandisk\.m2\repository\org\seleniumhq\selenium\selenium-chrome-driver\3.141.59\selenium-chrome-driver-3.141.59.jar;C:\Users\sandisk\.m2\repository\org\seleniumhq\selenium\selenium-edge-driver\3.141.59\selenium-edge-driver-3.141.59.jar;C:\Users\sandisk\.m2\repository\org\seleniumhq\selenium\selenium-firefox-driver\3.141.59\selenium-firefox-driver-3.141.59.jar;C:\Users\sandisk\.m2\repository\org\seleniumhq\selenium\selenium-ie-driver\3.141.59\selenium-ie-driver-3.141.59.jar;C:\Users\sandisk\.m2\repository\org\seleniumhq\selenium\selenium-opera-driver\3.141.59\selenium-opera-driver-3.141.59.jar;C:\Users\sandisk\.m2\repository\org\seleniumhq\selenium\selenium-remote-driver\3.141.59\selenium-remote-driver-3.141.59.jar;C:\Users\sandisk\.m2\repository\org\seleniumhq\selenium\selenium-safari-driver\3.141.59\selenium-safari-driver-3.141.59.jar;C:\Users\sandisk\.m2\repository\org\seleniumhq\selenium\selenium-support\3.141.59\selenium-support-3.141.59.jar;C:\Users\sandisk\.m2\repository\net\bytebuddy\byte-buddy\1.8.15\byte-buddy-1.8.15.jar;C:\Users\sandisk\.m2\repository\org\apache\commons\commons-exec\1.3\commons-exec-1.3.jar;C:\Users\sandisk\.m2\repository\com\google\guava\guava\25.0-jre\guava-25.0-jre.jar;C:\Users\sandisk\.m2\repository\com\google\code\findbugs\jsr305\1.3.9\jsr305-1.3.9.jar;C:\Users\sandisk\.m2\repository\org\checkerframework\checker-compat-qual\2.0.0\checker-compat-qual-2.0.0.jar;C:\Users\sandisk\.m2\repository\com\google\errorprone\error_prone_annotations\2.1.3\error_prone_annotations-2.1.3.jar;C:\Users\sandisk\.m2\repository\com\google\j2objc\j2objc-annotations\1.1\j2objc-annotations-1.1.jar;C:\Users\sandisk\.m2\repository\org\codehaus\mojo\animal-sniffer-annotations\1.14\animal-sniffer-annotations-1.14.jar;C:\Users\sandisk\.m2\repository\com\squareup\okhttp3\okhttp\3.11.0\okhttp-3.11.0.jar;C:\Users\sandisk\.m2\repository\com\squareup\okio\okio\1.14.0\okio-1.14.0.jar;C:\Users\sandisk\.m2\repository\org\seleniumhq\selenium\selenium-android-driver\2.39.0\selenium-android-driver-2.39.0.jar;C:\Users\sandisk\.m2\repository\io\appium\java-client\7.0.0\java-client-7.0.0.jar;C:\Users\sandisk\.m2\repository\com\google\code\gson\gson\2.8.5\gson-2.8.5.jar;C:\Users\sandisk\.m2\repository\org\apache\httpcomponents\httpclient\4.5.6\httpclient-4.5.6.jar;C:\Users\sandisk\.m2\repository\org\apache\httpcomponents\httpcore\4.4.10\httpcore-4.4.10.jar;C:\Users\sandisk\.m2\repository\commons-logging\commons-logging\1.2\commons-logging-1.2.jar;C:\Users\sandisk\.m2\repository\commons-codec\commons-codec\1.10\commons-codec-1.10.jar;C:\Users\sandisk\.m2\repository\cglib\cglib\3.2.8\cglib-3.2.8.jar;C:\Users\sandisk\.m2\repository\org\ow2\asm\asm\6.2.1\asm-6.2.1.jar;C:\Users\sandisk\.m2\repository\org\apache\ant\ant\1.10.3\ant-1.10.3.jar;C:\Users\sandisk\.m2\repository\org\apache\ant\ant-launcher\1.10.3\ant-launcher-1.10.3.jar;C:\Users\sandisk\.m2\repository\commons-validator\commons-validator\1.6\commons-validator-1.6.jar;C:\Users\sandisk\.m2\repository\commons-beanutils\commons-beanutils\1.9.2\commons-beanutils-1.9.2.jar;C:\Users\sandisk\.m2\repository\commons-digester\commons-digester\1.8.1\commons-digester-1.8.1.jar;C:\Users\sandisk\.m2\repository\commons-collections\commons-collections\3.2.2\commons-collections-3.2.2.jar;C:\Users\sandisk\.m2\repository\org\apache\commons\commons-lang3\3.8\commons-lang3-3.8.jar;C:\Users\sandisk\.m2\repository\commons-io\commons-io\2.6\commons-io-2.6.jar;C:\Users\sandisk\.m2\repository\org\springframework\spring-context\5.1.0.RELEASE\spring-context-5.1.0.RELEASE.jar;C:\Users\sandisk\.m2\repository\org\springframework\spring-aop\5.1.0.RELEASE\spring-aop-5.1.0.RELEASE.jar;C:\Users\sandisk\.m2\repository\org\springframework\spring-beans\5.1.0.RELEASE\spring-beans-5.1.0.RELEASE.jar;C:\Users\sandisk\.m2\repository\org\springframework\spring-core\5.1.0.RELEASE\spring-core-5.1.0.RELEASE.jar;C:\Users\sandisk\.m2\repository\org\springframework\spring-jcl\5.1.0.RELEASE\spring-jcl-5.1.0.RELEASE.jar;C:\Users\sandisk\.m2\repository\org\springframework\spring-expression\5.1.0.RELEASE\spring-expression-5.1.0.RELEASE.jar;C:\Users\sandisk\.m2\repository\org\aspectj\aspectjweaver\1.9.1\aspectjweaver-1.9.1.jar;C:\Users\sandisk\.m2\repository\org\slf4j\slf4j-api\1.7.25\slf4j-api-1.7.25.jar;C:\Users\sandisk\.m2\repository\org\testng\testng\6.1.1\testng-6.1.1.jar;C:\Users\sandisk\.m2\repository\junit\junit\3.8.1\junit-3.8.1.jar;C:\Users\sandisk\.m2\repository\org\beanshell\bsh\2.0b4\bsh-2.0b4.jar;C:\Users\sandisk\.m2\repository\com\beust\jcommander\1.12\jcommander-1.12.jar;C:\Users\sandisk\.m2\repository\org\yaml\snakeyaml\1.6\snakeyaml-1.6.jar;"/>
    <property name="recordingDurationRear_Int" value="580"/>
    <property name="java.vm.vendor" value="Oracle Corporation"/>
    <property name="sun.arch.data.model" value="64"/>
    <property name="user.variant" value=""/>
    <property name="java.vendor.url" value="http://java.oracle.com/"/>
    <property name="user.timezone" value="Asia/Calcutta"/>
    <property name="os.name" value="Windows 10"/>
    <property name="java.vm.specification.version" value="1.8"/>
    <property name="sun.java.launcher" value="SUN_STANDARD"/>
    <property name="user.country" value="IN"/>
    <property name="sun.boot.library.path" value="C:\Program Files\Java\jdk1.8.0_202\jre\bin"/>
    <property name="sun.java.command" value="C:\Users\sandisk\AppData\Local\Temp\surefire7346639338888468858\surefirebooter8413038942597111274.jar C:\Users\sandisk\AppData\Local\Temp\surefire7346639338888468858 2023-02-15T10-38-19_751-jvmRun1 surefire7504375606094759593tmp surefire_04000577077671613665tmp"/>
    <property name="totalPictureCountRear_Int" value="50"/>
    <property name="surefire.test.class.path" value="C:\Users\sandisk\Android11\BLU_J9L\target\test-classes;C:\Users\sandisk\Android11\BLU_J9L\target\classes;C:\Users\sandisk\.m2\repository\org\seleniumhq\selenium\selenium-java\3.141.59\selenium-java-3.141.59.jar;C:\Users\sandisk\.m2\repository\org\seleniumhq\selenium\selenium-api\3.141.59\selenium-api-3.141.59.jar;C:\Users\sandisk\.m2\repository\org\seleniumhq\selenium\selenium-chrome-driver\3.141.59\selenium-chrome-driver-3.141.59.jar;C:\Users\sandisk\.m2\repository\org\seleniumhq\selenium\selenium-edge-driver\3.141.59\selenium-edge-driver-3.141.59.jar;C:\Users\sandisk\.m2\repository\org\seleniumhq\selenium\selenium-firefox-driver\3.141.59\selenium-firefox-driver-3.141.59.jar;C:\Users\sandisk\.m2\repository\org\seleniumhq\selenium\selenium-ie-driver\3.141.59\selenium-ie-driver-3.141.59.jar;C:\Users\sandisk\.m2\repository\org\seleniumhq\selenium\selenium-opera-driver\3.141.59\selenium-opera-driver-3.141.59.jar;C:\Users\sandisk\.m2\repository\org\seleniumhq\selenium\selenium-remote-driver\3.141.59\selenium-remote-driver-3.141.59.jar;C:\Users\sandisk\.m2\repository\org\seleniumhq\selenium\selenium-safari-driver\3.141.59\selenium-safari-driver-3.141.59.jar;C:\Users\sandisk\.m2\repository\org\seleniumhq\selenium\selenium-support\3.141.59\selenium-support-3.141.59.jar;C:\Users\sandisk\.m2\repository\net\bytebuddy\byte-buddy\1.8.15\byte-buddy-1.8.15.jar;C:\Users\sandisk\.m2\repository\org\apache\commons\commons-exec\1.3\commons-exec-1.3.jar;C:\Users\sandisk\.m2\repository\com\google\guava\guava\25.0-jre\guava-25.0-jre.jar;C:\Users\sandisk\.m2\repository\com\google\code\findbugs\jsr305\1.3.9\jsr305-1.3.9.jar;C:\Users\sandisk\.m2\repository\org\checkerframework\checker-compat-qual\2.0.0\checker-compat-qual-2.0.0.jar;C:\Users\sandisk\.m2\repository\com\google\errorprone\error_prone_annotations\2.1.3\error_prone_annotations-2.1.3.jar;C:\Users\sandisk\.m2\repository\com\google\j2objc\j2objc-annotations\1.1\j2objc-annotations-1.1.jar;C:\Users\sandisk\.m2\repository\org\codehaus\mojo\animal-sniffer-annotations\1.14\animal-sniffer-annotations-1.14.jar;C:\Users\sandisk\.m2\repository\com\squareup\okhttp3\okhttp\3.11.0\okhttp-3.11.0.jar;C:\Users\sandisk\.m2\repository\com\squareup\okio\okio\1.14.0\okio-1.14.0.jar;C:\Users\sandisk\.m2\repository\org\seleniumhq\selenium\selenium-android-driver\2.39.0\selenium-android-driver-2.39.0.jar;C:\Users\sandisk\.m2\repository\io\appium\java-client\7.0.0\java-client-7.0.0.jar;C:\Users\sandisk\.m2\repository\com\google\code\gson\gson\2.8.5\gson-2.8.5.jar;C:\Users\sandisk\.m2\repository\org\apache\httpcomponents\httpclient\4.5.6\httpclient-4.5.6.jar;C:\Users\sandisk\.m2\repository\org\apache\httpcomponents\httpcore\4.4.10\httpcore-4.4.10.jar;C:\Users\sandisk\.m2\repository\commons-logging\commons-logging\1.2\commons-logging-1.2.jar;C:\Users\sandisk\.m2\repository\commons-codec\commons-codec\1.10\commons-codec-1.10.jar;C:\Users\sandisk\.m2\repository\cglib\cglib\3.2.8\cglib-3.2.8.jar;C:\Users\sandisk\.m2\repository\org\ow2\asm\asm\6.2.1\asm-6.2.1.jar;C:\Users\sandisk\.m2\repository\org\apache\ant\ant\1.10.3\ant-1.10.3.jar;C:\Users\sandisk\.m2\repository\org\apache\ant\ant-launcher\1.10.3\ant-launcher-1.10.3.jar;C:\Users\sandisk\.m2\repository\commons-validator\commons-validator\1.6\commons-validator-1.6.jar;C:\Users\sandisk\.m2\repository\commons-beanutils\commons-beanutils\1.9.2\commons-beanutils-1.9.2.jar;C:\Users\sandisk\.m2\repository\commons-digester\commons-digester\1.8.1\commons-digester-1.8.1.jar;C:\Users\sandisk\.m2\repository\commons-collections\commons-collections\3.2.2\commons-collections-3.2.2.jar;C:\Users\sandisk\.m2\repository\org\apache\commons\commons-lang3\3.8\commons-lang3-3.8.jar;C:\Users\sandisk\.m2\repository\commons-io\commons-io\2.6\commons-io-2.6.jar;C:\Users\sandisk\.m2\repository\org\springframework\spring-context\5.1.0.RELEASE\spring-context-5.1.0.RELEASE.jar;C:\Users\sandisk\.m2\repository\org\springframework\spring-aop\5.1.0.RELEASE\spring-aop-5.1.0.RELEASE.jar;C:\Users\sandisk\.m2\repository\org\springframework\spring-beans\5.1.0.RELEASE\spring-beans-5.1.0.RELEASE.jar;C:\Users\sandisk\.m2\repository\org\springframework\spring-core\5.1.0.RELEASE\spring-core-5.1.0.RELEASE.jar;C:\Users\sandisk\.m2\repository\org\springframework\spring-jcl\5.1.0.RELEASE\spring-jcl-5.1.0.RELEASE.jar;C:\Users\sandisk\.m2\repository\org\springframework\spring-expression\5.1.0.RELEASE\spring-expression-5.1.0.RELEASE.jar;C:\Users\sandisk\.m2\repository\org\aspectj\aspectjweaver\1.9.1\aspectjweaver-1.9.1.jar;C:\Users\sandisk\.m2\repository\org\slf4j\slf4j-api\1.7.25\slf4j-api-1.7.25.jar;C:\Users\sandisk\.m2\repository\org\testng\testng\6.1.1\testng-6.1.1.jar;C:\Users\sandisk\.m2\repository\junit\junit\3.8.1\junit-3.8.1.jar;C:\Users\sandisk\.m2\repository\org\beanshell\bsh\2.0b4\bsh-2.0b4.jar;C:\Users\sandisk\.m2\repository\com\beust\jcommander\1.12\jcommander-1.12.jar;C:\Users\sandisk\.m2\repository\org\yaml\snakeyaml\1.6\snakeyaml-1.6.jar;"/>
    <property name="sun.cpu.endian" value="little"/>
    <property name="user.home" value="C:\Users\sandisk"/>
    <property name="user.language" value="en"/>
    <property name="java.specification.vendor" value="Oracle Corporation"/>
    <property name="java.home" value="C:\Program Files\Java\jdk1.8.0_202\jre"/>
    <property name="file.separator" value="\"/>
    <property name="basedir" value="C:\Users\sandisk\Android11\BLU_J9L"/>
    <property name="line.separator" value="&#10;"/>
    <property name="java.vm.specification.vendor" value="Oracle Corporation"/>
    <property name="java.specification.name" value="Java Platform API Specification"/>
    <property name="mountUnmountCycle" value="1"/>
    <property name="java.awt.graphicsenv" value="sun.awt.Win32GraphicsEnvironment"/>
    <property name="surefire.real.class.path" value="C:\Users\sandisk\AppData\Local\Temp\surefire7346639338888468858\surefirebooter8413038942597111274.jar"/>
    <property name="recordingDurationRear_Int2" value="580"/>
    <property name="recordingDurationRear_Int1" value="580"/>
    <property name="sun.boot.class.path" value="C:\Program Files\Java\jdk1.8.0_202\jre\lib\resources.jar;C:\Program Files\Java\jdk1.8.0_202\jre\lib\rt.jar;C:\Program Files\Java\jdk1.8.0_202\jre\lib\sunrsasign.jar;C:\Program Files\Java\jdk1.8.0_202\jre\lib\jsse.jar;C:\Program Files\Java\jdk1.8.0_202\jre\lib\jce.jar;C:\Program Files\Java\jdk1.8.0_202\jre\lib\charsets.jar;C:\Program Files\Java\jdk1.8.0_202\jre\lib\jfr.jar;C:\Program Files\Java\jdk1.8.0_202\jre\classes"/>
    <property name="user.script" value=""/>
    <property name="sun.management.compiler" value="HotSpot 64-Bit Tiered Compilers"/>
    <property name="java.runtime.version" value="1.8.0_202-b08"/>
    <property name="user.name" value="sandisk"/>
    <property name="totalPictureCountRear_Int5" value="50"/>
    <property name="totalPictureCountRear_Int3" value="50"/>
    <property name="path.separator" value=";"/>
    <property name="totalPictureCountRear_Int4" value="50"/>
    <property name="totalPictureCountRear_Int1" value="50"/>
    <property name="totalPictureCountRear_Int2" value="50"/>
    <property name="os.version" value="10.0"/>
    <property name="java.endorsed.dirs" value="C:\Program Files\Java\jdk1.8.0_202\jre\lib\endorsed"/>
    <property name="java.runtime.name" value="Java(TM) SE Runtime Environment"/>
    <property name="recordingDurationFront_Int2" value="580"/>
    <property name="file.encoding" value="Cp1252"/>
    <property name="recordingDurationFront_Int1" value="580"/>
    <property name="java.vm.name" value="Java HotSpot(TM) 64-Bit Server VM"/>
    <property name="localRepository" value="C:\Users\sandisk\.m2\repository"/>
    <property name="java.vendor.url.bug" value="http://bugreport.sun.com/bugreport/"/>
    <property name="java.io.tmpdir" value="C:\Users\sandisk\AppData\Local\Temp\"/>
    <property name="totalPictureCountFront_Int1" value="50"/>
    <property name="java.version" value="1.8.0_202"/>
    <property name="totalPictureCountFront_Int3" value="50"/>
    <property name="user.dir" value="C:\Users\sandisk\Android11\BLU_J9L"/>
    <property name="os.arch" value="amd64"/>
    <property name="totalPictureCountFront_Int2" value="50"/>
    <property name="java.vm.specification.name" value="Java Virtual Machine Specification"/>
    <property name="java.util.logging.SimpleFormatter.format" value="%1$tY-%1$tm-%1$td %1$tH:%1$tM:%1$tS %4$-6s %2$s %5$s%6$s%n"/>
    <property name="java.awt.printerjob" value="sun.awt.windows.WPrinterJob"/>
    <property name="Tolerance_Level" value="75"/>
    <property name="sun.os.patch.level" value=""/>
    <property name="totalPictureCountFront_Int" value="50"/>
    <property name="java.library.path" value="C:\Program Files\Java\jdk1.8.0_202\jre\bin;C:\Windows\Sun\Java\bin;C:\Windows\system32;C:\Windows;C:\Program Files (x86)\Common Files\Oracle\Java\javapath;C:\Windows\system32;C:\Windows;C:\Windows\System32\Wbem;C:\Windows\System32\WindowsPowerShell\v1.0\;C:\Windows\System32\OpenSSH\;C:\Android\Android-sdk\platform-tools;C:\Android\Android-sdk\tools;C:\ant\apache-ant-1.9.15\bin;C:\Users\sandisk\Maven\apache-maven-3.8.4\bin;C:\Android\Android-sdk\bin;C:\Program Files\Java\jdk1.8.0_202\bin;C:\Java\bin;C:\Users\sandisk\AppData\Local\Microsoft\WindowsApps;;."/>
    <property name="java.vendor" value="Oracle Corporation"/>
    <property name="java.vm.info" value="mixed mode"/>
    <property name="java.vm.version" value="25.202-b08"/>
    <property name="totalPictureCountFront_Int5" value="50"/>
    <property name="sun.io.unicode.encoding" value="UnicodeLittle"/>
    <property name="totalPictureCountFront_Int4" value="50"/>
    <property name="java.ext.dirs" value="C:\Program Files\Java\jdk1.8.0_202\jre\lib\ext;C:\Windows\Sun\Java\lib\ext"/>
    <property name="java.class.version" value="52.0"/>
  </properties>
  <testcase name="start" classname="BLU_J9L.Test0_Int" time="1,373.182">
    <system-out><![CDATA[Test: Start
===================================================================================================================================================================================================================================================================================================================================================================================================================================================================================================================================================================================================================================================================================================================================
Test0_Int Scenario is as follows 
1.Unlock phone, clear recent apps,Format uSD as Internal mount and Clear internal mount memory
2.Call Image() and Capture Rear camera 25 images with default resolution in internal mount uSD card and Verify the data capture
3.Call Video() and record Rear camera video of first 2 resloutions for 2 minutes of duration in internal mount uSD Card and verify the same
4.Call Format() Format uSD as External mount,Format back to internal mount, Verify with data format status.
Setting up the appium desired capabilities
===================================================================================================================================================================================================================================================================================================================================================================================================================================================================================================================================================================================================================================================================================================================================
Clearing Recent Apps
Pass: No recent apps found
Calling FormatAsInternal() to format uSD card as internal mount
Formatting uSD as Internal mount
Launch settings application
Swipe up and select storage option
Select Storage option
Clicking on SD card
Clicking on SD card
Click more options
select storage settings
Select format as Internal options
Accept Format SD card pop-up
Accept move content  pop-up
Pass: Format as Internal Mount scenario completed Successfull
Launch File Manager Application and clear internal memory
Select  Internal storage
Select More options
click on Select all
Select  Delete permanently
Select  Delete
Pass: Clearing phone internal memory is successfull
Calling Image() to capture rear camera image in Internal storage and verifying the same.
===================================================================================================================================================================================================================================================================================================================================================================================================================================================================================================================================================================================================================================================================================================================================
Clearing Recent Apps
Pass: No recent apps found
Launch Camera Application for Rear picture capture
While camera permissions
While using the app
START CAPTURE
Capture Image of Default Resolution
clicking Image of Default Resolutions0
clicking Image of Default Resolutions1
clicking Image of Default Resolutions2
clicking Image of Default Resolutions3
clicking Image of Default Resolutions4
clicking Image of Default Resolutions5
clicking Image of Default Resolutions6
clicking Image of Default Resolutions7
clicking Image of Default Resolutions8
clicking Image of Default Resolutions9
clicking Image of Default Resolutions10
clicking Image of Default Resolutions11
clicking Image of Default Resolutions12
clicking Image of Default Resolutions13
clicking Image of Default Resolutions14
clicking Image of Default Resolutions15
clicking Image of Default Resolutions16
clicking Image of Default Resolutions17
clicking Image of Default Resolutions18
clicking Image of Default Resolutions19
clicking Image of Default Resolutions20
clicking Image of Default Resolutions21
clicking Image of Default Resolutions22
clicking Image of Default Resolutions23
clicking Image of Default Resolutions24
Pass:Total Number Of Image captured 25 is successfull
===================================================================================================================================================================================================================================================================================================================================================================================================================================================================================================================================================================================================================================================================================================================================
Launch File Manager application to verify  Image capture
Select browse option
swipe up and search for Internal storage option
Select  Internal storage
switch to grid view mode to select DCIM folder
Select DCIM Folder
Select camera folder
switch to list view mode
Select moreoptions
Select select all option
Check 25 images present or not
Pass:Total Number Of Image captured 25 is successfull
Calling video() for rear video recording in USD card and verifying data capture.
===================================================================================================================================================================================================================================================================================================================================================================================================================================================================================================================================================================================================================================================================================================================================
Clearing Recent Apps
Pass: No recent apps found
Launch Camera Application
While camera permissions
While using the app
START CAPTURE
Select video tab
Select settings option
Select Video size(Back camera)
Select 1st Back Video Resolution:  1080p
Start video recording
Recording Video for 2Minutes of Duration
Stop video recording
Select settings option
Select Video size(Back camera)
Select 2nd Back Video Resolution:   720p
Start video recording
Recording Video for 2Minutes of Duration
Stop video recording
Select photo mode
Pass: Rear camera video recording is successfull
===================================================================================================================================================================================================================================================================================================================================================================================================================================================================================================================================================================================================================================================================================================================================
Launch File Manager application to verify  Image capture
Select Internal storage
Select DCIM Folder
Select Camera Folder
Select More Options 
Click On Select All Options
Pass: 2 Videos recorded Successfully
Pass: A total of 27 files present in Internal storage before Format
calling FormatAsInternal() for format with data scenario
===================================================================================================================================================================================================================================================================================================================================================================================================================================================================================================================================================================================================================================================================================================================================
Formatting uSD as External format
Launch Settings Application
Swipe Up and Search for Storage
Select storage option
Clicking on SD card
Click more options
Select Storage settings option
Select Format as portable option
Accept format pop-up
Pass: Fomrat as External Mount is successfull
Formatting uSD card as internal mount
Launch settings application
Swipe up and select storage option
Clicking on SD card
Clicking on SD card
Click more options
Select storage settings option
Select Format as Internal option
Accept format SD Card pop-up
Accept move content pop-up
Pass:Format as Internal Mount completed Successfull
Launch file manager
Select  Internal storage
Click on DCIM
Fail:Images and videos are present in the DCIM folder
Final Message: Test0_Int fail for format operation
Test: End
===================================================================================================================================================================================================================================================================================================================================================================================================================================================================================================================================================================================================================================================================================================================================
]]></system-out>
    <system-err><![CDATA[2023-02-15 10:38:34 INFO   io.appium.java_client.remote.AppiumCommandExecutor$1 lambda$0 Detected dialect: W3C
2023-02-15 10:38:43 INFO   io.appium.java_client.remote.AppiumCommandExecutor$1 lambda$0 Detected dialect: W3C
org.openqa.selenium.InvalidSelectorException: Could not parse selector expression `new UiSelector().content-desc("CLEAR ALL")`: UiSelector has no `content-desc` method
For documentation on this error, please visit: https://www.seleniumhq.org/exceptions/invalid_selector_exception.html
Build info: version: '3.141.59', revision: 'e82be7d358', time: '2018-11-14T08:17:03'
System info: host: 'SD-APPS-201', ip: '10.65.147.20', os.name: 'Windows 10', os.arch: 'amd64', os.version: '10.0', java.version: '1.8.0_202'
Driver info: io.appium.java_client.android.AndroidDriver
Capabilities {automationName: UiAutomator2, databaseEnabled: false, desired: {automationName: UiAutomator2, deviceName: J9L, newCommandTimeout: 1200, platformName: android, platformVersion: 11, udid: 2040306021133362}, deviceApiLevel: 30, deviceManufacturer: BLU, deviceModel: J9L, deviceName: 2040306021133362, deviceScreenDensity: 240, deviceScreenSize: 480x960, deviceUDID: 2040306021133362, javascriptEnabled: true, locationContextEnabled: false, networkConnectionEnabled: true, newCommandTimeout: 1200, pixelRatio: 1.5, platform: LINUX, platformName: Android, platformVersion: 11, statBarHeight: 36, takesScreenshot: true, udid: 2040306021133362, viewportRect: {height: 852, left: 0, top: 36, width: 480}, warnings: {}, webStorageEnabled: false}
Session ID: 333e837b-9530-4edb-b20c-a64e8c274193
*** Element info: {Using=-android uiautomator, value=new UiSelector().content-desc("CLEAR ALL")}
	at sun.reflect.NativeConstructorAccessorImpl.newInstance0(Native Method)
	at sun.reflect.NativeConstructorAccessorImpl.newInstance(NativeConstructorAccessorImpl.java:62)
	at sun.reflect.DelegatingConstructorAccessorImpl.newInstance(DelegatingConstructorAccessorImpl.java:45)
	at java.lang.reflect.Constructor.newInstance(Constructor.java:423)
	at org.openqa.selenium.remote.http.W3CHttpResponseCodec.createException(W3CHttpResponseCodec.java:187)
	at org.openqa.selenium.remote.http.W3CHttpResponseCodec.decode(W3CHttpResponseCodec.java:122)
	at org.openqa.selenium.remote.http.W3CHttpResponseCodec.decode(W3CHttpResponseCodec.java:49)
	at org.openqa.selenium.remote.HttpCommandExecutor.execute(HttpCommandExecutor.java:158)
	at io.appium.java_client.remote.AppiumCommandExecutor.execute(AppiumCommandExecutor.java:239)
	at org.openqa.selenium.remote.RemoteWebDriver.execute(RemoteWebDriver.java:552)
	at io.appium.java_client.DefaultGenericMobileDriver.execute(DefaultGenericMobileDriver.java:42)
	at io.appium.java_client.AppiumDriver.execute(AppiumDriver.java:1)
	at io.appium.java_client.android.AndroidDriver.execute(AndroidDriver.java:1)
	at org.openqa.selenium.remote.RemoteWebDriver.findElement(RemoteWebDriver.java:323)
	at io.appium.java_client.DefaultGenericMobileDriver.findElement(DefaultGenericMobileDriver.java:62)
	at io.appium.java_client.AppiumDriver.findElement(AppiumDriver.java:1)
	at io.appium.java_client.android.AndroidDriver.findElement(AndroidDriver.java:1)
	at io.appium.java_client.FindsByAndroidUIAutomator.findElementByAndroidUIAutomator(FindsByAndroidUIAutomator.java:38)
	at BLU_J9L.Test0_Int.start(Test0_Int.java:119)
	at sun.reflect.NativeMethodAccessorImpl.invoke0(Native Method)
	at sun.reflect.NativeMethodAccessorImpl.invoke(NativeMethodAccessorImpl.java:62)
	at sun.reflect.DelegatingMethodAccessorImpl.invoke(DelegatingMethodAccessorImpl.java:43)
	at java.lang.reflect.Method.invoke(Method.java:498)
	at org.testng.internal.MethodInvocationHelper.invokeMethod(MethodInvocationHelper.java:80)
	at org.testng.internal.Invoker.invokeMethod(Invoker.java:673)
	at org.testng.internal.Invoker.invokeTestMethod(Invoker.java:842)
	at org.testng.internal.Invoker.invokeTestMethods(Invoker.java:1166)
	at org.testng.internal.TestMethodWorker.invokeTestMethods(TestMethodWorker.java:125)
	at org.testng.internal.TestMethodWorker.run(TestMethodWorker.java:109)
	at org.testng.TestRunner.runWorkers(TestRunner.java:1178)
	at org.testng.TestRunner.privateRun(TestRunner.java:757)
	at org.testng.TestRunner.run(TestRunner.java:608)
	at org.testng.SuiteRunner.runTest(SuiteRunner.java:334)
	at org.testng.SuiteRunner.runSequentially(SuiteRunner.java:329)
	at org.testng.SuiteRunner.privateRun(SuiteRunner.java:291)
	at org.testng.SuiteRunner.run(SuiteRunner.java:240)
	at org.testng.SuiteRunnerWorker.runSuite(SuiteRunnerWorker.java:52)
	at org.testng.SuiteRunnerWorker.run(SuiteRunnerWorker.java:86)
	at org.testng.TestNG.runSuitesSequentially(TestNG.java:1158)
	at org.testng.TestNG.runSuitesSequentially(TestNG.java:1154)
	at org.testng.TestNG.runSuitesLocally(TestNG.java:1083)
	at org.testng.TestNG.run(TestNG.java:999)
	at org.apache.maven.surefire.testng.TestNGExecutor.run(TestNGExecutor.java:284)
	at org.apache.maven.surefire.testng.TestNGXmlTestSuite.execute(TestNGXmlTestSuite.java:75)
	at org.apache.maven.surefire.testng.TestNGProvider.invoke(TestNGProvider.java:119)
	at org.apache.maven.surefire.booter.ForkedBooter.runSuitesInProcess(ForkedBooter.java:428)
	at org.apache.maven.surefire.booter.ForkedBooter.execute(ForkedBooter.java:162)
	at org.apache.maven.surefire.booter.ForkedBooter.run(ForkedBooter.java:562)
	at org.apache.maven.surefire.booter.ForkedBooter.main(ForkedBooter.java:548)
org.openqa.selenium.InvalidSelectorException: Could not parse selector expression `new UiSelector().content-desc("CLEAR ALL")`: UiSelector has no `content-desc` method
For documentation on this error, please visit: https://www.seleniumhq.org/exceptions/invalid_selector_exception.html
Build info: version: '3.141.59', revision: 'e82be7d358', time: '2018-11-14T08:17:03'
System info: host: 'SD-APPS-201', ip: '10.65.147.20', os.name: 'Windows 10', os.arch: 'amd64', os.version: '10.0', java.version: '1.8.0_202'
Driver info: io.appium.java_client.android.AndroidDriver
Capabilities {automationName: UiAutomator2, databaseEnabled: false, desired: {automationName: UiAutomator2, deviceName: J9L, newCommandTimeout: 1200, platformName: android, platformVersion: 11, udid: 2040306021133362}, deviceApiLevel: 30, deviceManufacturer: BLU, deviceModel: J9L, deviceName: 2040306021133362, deviceScreenDensity: 240, deviceScreenSize: 480x960, deviceUDID: 2040306021133362, javascriptEnabled: true, locationContextEnabled: false, networkConnectionEnabled: true, newCommandTimeout: 1200, pixelRatio: 1.5, platform: LINUX, platformName: Android, platformVersion: 11, statBarHeight: 36, takesScreenshot: true, udid: 2040306021133362, viewportRect: {height: 852, left: 0, top: 36, width: 480}, warnings: {}, webStorageEnabled: false}
Session ID: 333e837b-9530-4edb-b20c-a64e8c274193
*** Element info: {Using=-android uiautomator, value=new UiSelector().content-desc("CLEAR ALL")}
	at sun.reflect.NativeConstructorAccessorImpl.newInstance0(Native Method)
	at sun.reflect.NativeConstructorAccessorImpl.newInstance(NativeConstructorAccessorImpl.java:62)
	at sun.reflect.DelegatingConstructorAccessorImpl.newInstance(DelegatingConstructorAccessorImpl.java:45)
	at java.lang.reflect.Constructor.newInstance(Constructor.java:423)
	at org.openqa.selenium.remote.http.W3CHttpResponseCodec.createException(W3CHttpResponseCodec.java:187)
	at org.openqa.selenium.remote.http.W3CHttpResponseCodec.decode(W3CHttpResponseCodec.java:122)
	at org.openqa.selenium.remote.http.W3CHttpResponseCodec.decode(W3CHttpResponseCodec.java:49)
	at org.openqa.selenium.remote.HttpCommandExecutor.execute(HttpCommandExecutor.java:158)
	at io.appium.java_client.remote.AppiumCommandExecutor.execute(AppiumCommandExecutor.java:239)
	at org.openqa.selenium.remote.RemoteWebDriver.execute(RemoteWebDriver.java:552)
	at io.appium.java_client.DefaultGenericMobileDriver.execute(DefaultGenericMobileDriver.java:42)
	at io.appium.java_client.AppiumDriver.execute(AppiumDriver.java:1)
	at io.appium.java_client.android.AndroidDriver.execute(AndroidDriver.java:1)
	at org.openqa.selenium.remote.RemoteWebDriver.findElement(RemoteWebDriver.java:323)
	at io.appium.java_client.DefaultGenericMobileDriver.findElement(DefaultGenericMobileDriver.java:62)
	at io.appium.java_client.AppiumDriver.findElement(AppiumDriver.java:1)
	at io.appium.java_client.android.AndroidDriver.findElement(AndroidDriver.java:1)
	at io.appium.java_client.FindsByAndroidUIAutomator.findElementByAndroidUIAutomator(FindsByAndroidUIAutomator.java:38)
	at BLU_J9L.Test0_Int.Images(Test0_Int.java:408)
	at BLU_J9L.Test0_Int.start(Test0_Int.java:211)
	at sun.reflect.NativeMethodAccessorImpl.invoke0(Native Method)
	at sun.reflect.NativeMethodAccessorImpl.invoke(NativeMethodAccessorImpl.java:62)
	at sun.reflect.DelegatingMethodAccessorImpl.invoke(DelegatingMethodAccessorImpl.java:43)
	at java.lang.reflect.Method.invoke(Method.java:498)
	at org.testng.internal.MethodInvocationHelper.invokeMethod(MethodInvocationHelper.java:80)
	at org.testng.internal.Invoker.invokeMethod(Invoker.java:673)
	at org.testng.internal.Invoker.invokeTestMethod(Invoker.java:842)
	at org.testng.internal.Invoker.invokeTestMethods(Invoker.java:1166)
	at org.testng.internal.TestMethodWorker.invokeTestMethods(TestMethodWorker.java:125)
	at org.testng.internal.TestMethodWorker.run(TestMethodWorker.java:109)
	at org.testng.TestRunner.runWorkers(TestRunner.java:1178)
	at org.testng.TestRunner.privateRun(TestRunner.java:757)
	at org.testng.TestRunner.run(TestRunner.java:608)
	at org.testng.SuiteRunner.runTest(SuiteRunner.java:334)
	at org.testng.SuiteRunner.runSequentially(SuiteRunner.java:329)
	at org.testng.SuiteRunner.privateRun(SuiteRunner.java:291)
	at org.testng.SuiteRunner.run(SuiteRunner.java:240)
	at org.testng.SuiteRunnerWorker.runSuite(SuiteRunnerWorker.java:52)
	at org.testng.SuiteRunnerWorker.run(SuiteRunnerWorker.java:86)
	at org.testng.TestNG.runSuitesSequentially(TestNG.java:1158)
	at org.testng.TestNG.runSuitesSequentially(TestNG.java:1154)
	at org.testng.TestNG.runSuitesLocally(TestNG.java:1083)
	at org.testng.TestNG.run(TestNG.java:999)
	at org.apache.maven.surefire.testng.TestNGExecutor.run(TestNGExecutor.java:284)
	at org.apache.maven.surefire.testng.TestNGXmlTestSuite.execute(TestNGXmlTestSuite.java:75)
	at org.apache.maven.surefire.testng.TestNGProvider.invoke(TestNGProvider.java:119)
	at org.apache.maven.surefire.booter.ForkedBooter.runSuitesInProcess(ForkedBooter.java:428)
	at org.apache.maven.surefire.booter.ForkedBooter.execute(ForkedBooter.java:162)
	at org.apache.maven.surefire.booter.ForkedBooter.run(ForkedBooter.java:562)
	at org.apache.maven.surefire.booter.ForkedBooter.main(ForkedBooter.java:548)
org.openqa.selenium.NoSuchElementException: An element could not be located on the page using the given search parameters.
For documentation on this error, please visit: https://www.seleniumhq.org/exceptions/no_such_element.html
Build info: version: '3.141.59', revision: 'e82be7d358', time: '2018-11-14T08:17:03'
System info: host: 'SD-APPS-201', ip: '10.65.147.20', os.name: 'Windows 10', os.arch: 'amd64', os.version: '10.0', java.version: '1.8.0_202'
Driver info: io.appium.java_client.android.AndroidDriver
Capabilities {automationName: UiAutomator2, databaseEnabled: false, desired: {automationName: UiAutomator2, deviceName: J9L, newCommandTimeout: 1200, platformName: android, platformVersion: 11, udid: 2040306021133362}, deviceApiLevel: 30, deviceManufacturer: BLU, deviceModel: J9L, deviceName: 2040306021133362, deviceScreenDensity: 240, deviceScreenSize: 480x960, deviceUDID: 2040306021133362, javascriptEnabled: true, locationContextEnabled: false, networkConnectionEnabled: true, newCommandTimeout: 1200, pixelRatio: 1.5, platform: LINUX, platformName: Android, platformVersion: 11, statBarHeight: 36, takesScreenshot: true, udid: 2040306021133362, viewportRect: {height: 852, left: 0, top: 36, width: 480}, warnings: {}, webStorageEnabled: false}
Session ID: 333e837b-9530-4edb-b20c-a64e8c274193
*** Element info: {Using=xpath, value=//*[@text='WHILE USING THE APP']}
	at sun.reflect.NativeConstructorAccessorImpl.newInstance0(Native Method)
	at sun.reflect.NativeConstructorAccessorImpl.newInstance(NativeConstructorAccessorImpl.java:62)
	at sun.reflect.DelegatingConstructorAccessorImpl.newInstance(DelegatingConstructorAccessorImpl.java:45)
	at java.lang.reflect.Constructor.newInstance(Constructor.java:423)
	at org.openqa.selenium.remote.http.W3CHttpResponseCodec.createException(W3CHttpResponseCodec.java:187)
	at org.openqa.selenium.remote.http.W3CHttpResponseCodec.decode(W3CHttpResponseCodec.java:122)
	at org.openqa.selenium.remote.http.W3CHttpResponseCodec.decode(W3CHttpResponseCodec.java:49)
	at org.openqa.selenium.remote.HttpCommandExecutor.execute(HttpCommandExecutor.java:158)
	at io.appium.java_client.remote.AppiumCommandExecutor.execute(AppiumCommandExecutor.java:239)
	at org.openqa.selenium.remote.RemoteWebDriver.execute(RemoteWebDriver.java:552)
	at io.appium.java_client.DefaultGenericMobileDriver.execute(DefaultGenericMobileDriver.java:42)
	at io.appium.java_client.AppiumDriver.execute(AppiumDriver.java:1)
	at io.appium.java_client.android.AndroidDriver.execute(AndroidDriver.java:1)
	at org.openqa.selenium.remote.RemoteWebDriver.findElement(RemoteWebDriver.java:323)
	at io.appium.java_client.DefaultGenericMobileDriver.findElement(DefaultGenericMobileDriver.java:62)
	at io.appium.java_client.AppiumDriver.findElement(AppiumDriver.java:1)
	at io.appium.java_client.android.AndroidDriver.findElement(AndroidDriver.java:1)
	at org.openqa.selenium.remote.RemoteWebDriver.findElementByXPath(RemoteWebDriver.java:428)
	at io.appium.java_client.DefaultGenericMobileDriver.findElementByXPath(DefaultGenericMobileDriver.java:152)
	at io.appium.java_client.AppiumDriver.findElementByXPath(AppiumDriver.java:1)
	at io.appium.java_client.android.AndroidDriver.findElementByXPath(AndroidDriver.java:1)
	at org.openqa.selenium.By$ByXPath.findElement(By.java:353)
	at org.openqa.selenium.remote.RemoteWebDriver.findElement(RemoteWebDriver.java:315)
	at io.appium.java_client.DefaultGenericMobileDriver.findElement(DefaultGenericMobileDriver.java:58)
	at io.appium.java_client.AppiumDriver.findElement(AppiumDriver.java:1)
	at io.appium.java_client.android.AndroidDriver.findElement(AndroidDriver.java:1)
	at BLU_J9L.Test0_Int.Images(Test0_Int.java:431)
	at BLU_J9L.Test0_Int.start(Test0_Int.java:211)
	at sun.reflect.NativeMethodAccessorImpl.invoke0(Native Method)
	at sun.reflect.NativeMethodAccessorImpl.invoke(NativeMethodAccessorImpl.java:62)
	at sun.reflect.DelegatingMethodAccessorImpl.invoke(DelegatingMethodAccessorImpl.java:43)
	at java.lang.reflect.Method.invoke(Method.java:498)
	at org.testng.internal.MethodInvocationHelper.invokeMethod(MethodInvocationHelper.java:80)
	at org.testng.internal.Invoker.invokeMethod(Invoker.java:673)
	at org.testng.internal.Invoker.invokeTestMethod(Invoker.java:842)
	at org.testng.internal.Invoker.invokeTestMethods(Invoker.java:1166)
	at org.testng.internal.TestMethodWorker.invokeTestMethods(TestMethodWorker.java:125)
	at org.testng.internal.TestMethodWorker.run(TestMethodWorker.java:109)
	at org.testng.TestRunner.runWorkers(TestRunner.java:1178)
	at org.testng.TestRunner.privateRun(TestRunner.java:757)
	at org.testng.TestRunner.run(TestRunner.java:608)
	at org.testng.SuiteRunner.runTest(SuiteRunner.java:334)
	at org.testng.SuiteRunner.runSequentially(SuiteRunner.java:329)
	at org.testng.SuiteRunner.privateRun(SuiteRunner.java:291)
	at org.testng.SuiteRunner.run(SuiteRunner.java:240)
	at org.testng.SuiteRunnerWorker.runSuite(SuiteRunnerWorker.java:52)
	at org.testng.SuiteRunnerWorker.run(SuiteRunnerWorker.java:86)
	at org.testng.TestNG.runSuitesSequentially(TestNG.java:1158)
	at org.testng.TestNG.runSuitesSequentially(TestNG.java:1154)
	at org.testng.TestNG.runSuitesLocally(TestNG.java:1083)
	at org.testng.TestNG.run(TestNG.java:999)
	at org.apache.maven.surefire.testng.TestNGExecutor.run(TestNGExecutor.java:284)
	at org.apache.maven.surefire.testng.TestNGXmlTestSuite.execute(TestNGXmlTestSuite.java:75)
	at org.apache.maven.surefire.testng.TestNGProvider.invoke(TestNGProvider.java:119)
	at org.apache.maven.surefire.booter.ForkedBooter.runSuitesInProcess(ForkedBooter.java:428)
	at org.apache.maven.surefire.booter.ForkedBooter.execute(ForkedBooter.java:162)
	at org.apache.maven.surefire.booter.ForkedBooter.run(ForkedBooter.java:562)
	at org.apache.maven.surefire.booter.ForkedBooter.main(ForkedBooter.java:548)
org.openqa.selenium.NoSuchElementException: An element could not be located on the page using the given search parameters.
For documentation on this error, please visit: https://www.seleniumhq.org/exceptions/no_such_element.html
Build info: version: '3.141.59', revision: 'e82be7d358', time: '2018-11-14T08:17:03'
System info: host: 'SD-APPS-201', ip: '10.65.147.20', os.name: 'Windows 10', os.arch: 'amd64', os.version: '10.0', java.version: '1.8.0_202'
Driver info: io.appium.java_client.android.AndroidDriver
Capabilities {automationName: UiAutomator2, databaseEnabled: false, desired: {automationName: UiAutomator2, deviceName: J9L, newCommandTimeout: 1200, platformName: android, platformVersion: 11, udid: 2040306021133362}, deviceApiLevel: 30, deviceManufacturer: BLU, deviceModel: J9L, deviceName: 2040306021133362, deviceScreenDensity: 240, deviceScreenSize: 480x960, deviceUDID: 2040306021133362, javascriptEnabled: true, locationContextEnabled: false, networkConnectionEnabled: true, newCommandTimeout: 1200, pixelRatio: 1.5, platform: LINUX, platformName: Android, platformVersion: 11, statBarHeight: 36, takesScreenshot: true, udid: 2040306021133362, viewportRect: {height: 852, left: 0, top: 36, width: 480}, warnings: {}, webStorageEnabled: false}
Session ID: 333e837b-9530-4edb-b20c-a64e8c274193
*** Element info: {Using=xpath, value=//*[@text='START CAPTURE']}
	at sun.reflect.NativeConstructorAccessorImpl.newInstance0(Native Method)
	at sun.reflect.NativeConstructorAccessorImpl.newInstance(NativeConstructorAccessorImpl.java:62)
	at sun.reflect.DelegatingConstructorAccessorImpl.newInstance(DelegatingConstructorAccessorImpl.java:45)
	at java.lang.reflect.Constructor.newInstance(Constructor.java:423)
	at org.openqa.selenium.remote.http.W3CHttpResponseCodec.createException(W3CHttpResponseCodec.java:187)
	at org.openqa.selenium.remote.http.W3CHttpResponseCodec.decode(W3CHttpResponseCodec.java:122)
	at org.openqa.selenium.remote.http.W3CHttpResponseCodec.decode(W3CHttpResponseCodec.java:49)
	at org.openqa.selenium.remote.HttpCommandExecutor.execute(HttpCommandExecutor.java:158)
	at io.appium.java_client.remote.AppiumCommandExecutor.execute(AppiumCommandExecutor.java:239)
	at org.openqa.selenium.remote.RemoteWebDriver.execute(RemoteWebDriver.java:552)
	at io.appium.java_client.DefaultGenericMobileDriver.execute(DefaultGenericMobileDriver.java:42)
	at io.appium.java_client.AppiumDriver.execute(AppiumDriver.java:1)
	at io.appium.java_client.android.AndroidDriver.execute(AndroidDriver.java:1)
	at org.openqa.selenium.remote.RemoteWebDriver.findElement(RemoteWebDriver.java:323)
	at io.appium.java_client.DefaultGenericMobileDriver.findElement(DefaultGenericMobileDriver.java:62)
	at io.appium.java_client.AppiumDriver.findElement(AppiumDriver.java:1)
	at io.appium.java_client.android.AndroidDriver.findElement(AndroidDriver.java:1)
	at org.openqa.selenium.remote.RemoteWebDriver.findElementByXPath(RemoteWebDriver.java:428)
	at io.appium.java_client.DefaultGenericMobileDriver.findElementByXPath(DefaultGenericMobileDriver.java:152)
	at io.appium.java_client.AppiumDriver.findElementByXPath(AppiumDriver.java:1)
	at io.appium.java_client.android.AndroidDriver.findElementByXPath(AndroidDriver.java:1)
	at org.openqa.selenium.By$ByXPath.findElement(By.java:353)
	at org.openqa.selenium.remote.RemoteWebDriver.findElement(RemoteWebDriver.java:315)
	at io.appium.java_client.DefaultGenericMobileDriver.findElement(DefaultGenericMobileDriver.java:58)
	at io.appium.java_client.AppiumDriver.findElement(AppiumDriver.java:1)
	at io.appium.java_client.android.AndroidDriver.findElement(AndroidDriver.java:1)
	at BLU_J9L.Test0_Int.Images(Test0_Int.java:442)
	at BLU_J9L.Test0_Int.start(Test0_Int.java:211)
	at sun.reflect.NativeMethodAccessorImpl.invoke0(Native Method)
	at sun.reflect.NativeMethodAccessorImpl.invoke(NativeMethodAccessorImpl.java:62)
	at sun.reflect.DelegatingMethodAccessorImpl.invoke(DelegatingMethodAccessorImpl.java:43)
	at java.lang.reflect.Method.invoke(Method.java:498)
	at org.testng.internal.MethodInvocationHelper.invokeMethod(MethodInvocationHelper.java:80)
	at org.testng.internal.Invoker.invokeMethod(Invoker.java:673)
	at org.testng.internal.Invoker.invokeTestMethod(Invoker.java:842)
	at org.testng.internal.Invoker.invokeTestMethods(Invoker.java:1166)
	at org.testng.internal.TestMethodWorker.invokeTestMethods(TestMethodWorker.java:125)
	at org.testng.internal.TestMethodWorker.run(TestMethodWorker.java:109)
	at org.testng.TestRunner.runWorkers(TestRunner.java:1178)
	at org.testng.TestRunner.privateRun(TestRunner.java:757)
	at org.testng.TestRunner.run(TestRunner.java:608)
	at org.testng.SuiteRunner.runTest(SuiteRunner.java:334)
	at org.testng.SuiteRunner.runSequentially(SuiteRunner.java:329)
	at org.testng.SuiteRunner.privateRun(SuiteRunner.java:291)
	at org.testng.SuiteRunner.run(SuiteRunner.java:240)
	at org.testng.SuiteRunnerWorker.runSuite(SuiteRunnerWorker.java:52)
	at org.testng.SuiteRunnerWorker.run(SuiteRunnerWorker.java:86)
	at org.testng.TestNG.runSuitesSequentially(TestNG.java:1158)
	at org.testng.TestNG.runSuitesSequentially(TestNG.java:1154)
	at org.testng.TestNG.runSuitesLocally(TestNG.java:1083)
	at org.testng.TestNG.run(TestNG.java:999)
	at org.apache.maven.surefire.testng.TestNGExecutor.run(TestNGExecutor.java:284)
	at org.apache.maven.surefire.testng.TestNGXmlTestSuite.execute(TestNGXmlTestSuite.java:75)
	at org.apache.maven.surefire.testng.TestNGProvider.invoke(TestNGProvider.java:119)
	at org.apache.maven.surefire.booter.ForkedBooter.runSuitesInProcess(ForkedBooter.java:428)
	at org.apache.maven.surefire.booter.ForkedBooter.execute(ForkedBooter.java:162)
	at org.apache.maven.surefire.booter.ForkedBooter.run(ForkedBooter.java:562)
	at org.apache.maven.surefire.booter.ForkedBooter.main(ForkedBooter.java:548)
org.openqa.selenium.InvalidSelectorException: Could not parse selector expression `new UiSelector().content-desc("CLEAR ALL")`: UiSelector has no `content-desc` method
For documentation on this error, please visit: https://www.seleniumhq.org/exceptions/invalid_selector_exception.html
Build info: version: '3.141.59', revision: 'e82be7d358', time: '2018-11-14T08:17:03'
System info: host: 'SD-APPS-201', ip: '10.65.147.20', os.name: 'Windows 10', os.arch: 'amd64', os.version: '10.0', java.version: '1.8.0_202'
Driver info: io.appium.java_client.android.AndroidDriver
Capabilities {automationName: UiAutomator2, databaseEnabled: false, desired: {automationName: UiAutomator2, deviceName: J9L, newCommandTimeout: 1200, platformName: android, platformVersion: 11, udid: 2040306021133362}, deviceApiLevel: 30, deviceManufacturer: BLU, deviceModel: J9L, deviceName: 2040306021133362, deviceScreenDensity: 240, deviceScreenSize: 480x960, deviceUDID: 2040306021133362, javascriptEnabled: true, locationContextEnabled: false, networkConnectionEnabled: true, newCommandTimeout: 1200, pixelRatio: 1.5, platform: LINUX, platformName: Android, platformVersion: 11, statBarHeight: 36, takesScreenshot: true, udid: 2040306021133362, viewportRect: {height: 852, left: 0, top: 36, width: 480}, warnings: {}, webStorageEnabled: false}
Session ID: 333e837b-9530-4edb-b20c-a64e8c274193
*** Element info: {Using=-android uiautomator, value=new UiSelector().content-desc("CLEAR ALL")}
	at sun.reflect.NativeConstructorAccessorImpl.newInstance0(Native Method)
	at sun.reflect.NativeConstructorAccessorImpl.newInstance(NativeConstructorAccessorImpl.java:62)
	at sun.reflect.DelegatingConstructorAccessorImpl.newInstance(DelegatingConstructorAccessorImpl.java:45)
	at java.lang.reflect.Constructor.newInstance(Constructor.java:423)
	at org.openqa.selenium.remote.http.W3CHttpResponseCodec.createException(W3CHttpResponseCodec.java:187)
	at org.openqa.selenium.remote.http.W3CHttpResponseCodec.decode(W3CHttpResponseCodec.java:122)
	at org.openqa.selenium.remote.http.W3CHttpResponseCodec.decode(W3CHttpResponseCodec.java:49)
	at org.openqa.selenium.remote.HttpCommandExecutor.execute(HttpCommandExecutor.java:158)
	at io.appium.java_client.remote.AppiumCommandExecutor.execute(AppiumCommandExecutor.java:239)
	at org.openqa.selenium.remote.RemoteWebDriver.execute(RemoteWebDriver.java:552)
	at io.appium.java_client.DefaultGenericMobileDriver.execute(DefaultGenericMobileDriver.java:42)
	at io.appium.java_client.AppiumDriver.execute(AppiumDriver.java:1)
	at io.appium.java_client.android.AndroidDriver.execute(AndroidDriver.java:1)
	at org.openqa.selenium.remote.RemoteWebDriver.findElement(RemoteWebDriver.java:323)
	at io.appium.java_client.DefaultGenericMobileDriver.findElement(DefaultGenericMobileDriver.java:62)
	at io.appium.java_client.AppiumDriver.findElement(AppiumDriver.java:1)
	at io.appium.java_client.android.AndroidDriver.findElement(AndroidDriver.java:1)
	at io.appium.java_client.FindsByAndroidUIAutomator.findElementByAndroidUIAutomator(FindsByAndroidUIAutomator.java:38)
	at BLU_J9L.Test0_Int.Video(Test0_Int.java:586)
	at BLU_J9L.Test0_Int.Images(Test0_Int.java:549)
	at BLU_J9L.Test0_Int.start(Test0_Int.java:211)
	at sun.reflect.NativeMethodAccessorImpl.invoke0(Native Method)
	at sun.reflect.NativeMethodAccessorImpl.invoke(NativeMethodAccessorImpl.java:62)
	at sun.reflect.DelegatingMethodAccessorImpl.invoke(DelegatingMethodAccessorImpl.java:43)
	at java.lang.reflect.Method.invoke(Method.java:498)
	at org.testng.internal.MethodInvocationHelper.invokeMethod(MethodInvocationHelper.java:80)
	at org.testng.internal.Invoker.invokeMethod(Invoker.java:673)
	at org.testng.internal.Invoker.invokeTestMethod(Invoker.java:842)
	at org.testng.internal.Invoker.invokeTestMethods(Invoker.java:1166)
	at org.testng.internal.TestMethodWorker.invokeTestMethods(TestMethodWorker.java:125)
	at org.testng.internal.TestMethodWorker.run(TestMethodWorker.java:109)
	at org.testng.TestRunner.runWorkers(TestRunner.java:1178)
	at org.testng.TestRunner.privateRun(TestRunner.java:757)
	at org.testng.TestRunner.run(TestRunner.java:608)
	at org.testng.SuiteRunner.runTest(SuiteRunner.java:334)
	at org.testng.SuiteRunner.runSequentially(SuiteRunner.java:329)
	at org.testng.SuiteRunner.privateRun(SuiteRunner.java:291)
	at org.testng.SuiteRunner.run(SuiteRunner.java:240)
	at org.testng.SuiteRunnerWorker.runSuite(SuiteRunnerWorker.java:52)
	at org.testng.SuiteRunnerWorker.run(SuiteRunnerWorker.java:86)
	at org.testng.TestNG.runSuitesSequentially(TestNG.java:1158)
	at org.testng.TestNG.runSuitesSequentially(TestNG.java:1154)
	at org.testng.TestNG.runSuitesLocally(TestNG.java:1083)
	at org.testng.TestNG.run(TestNG.java:999)
	at org.apache.maven.surefire.testng.TestNGExecutor.run(TestNGExecutor.java:284)
	at org.apache.maven.surefire.testng.TestNGXmlTestSuite.execute(TestNGXmlTestSuite.java:75)
	at org.apache.maven.surefire.testng.TestNGProvider.invoke(TestNGProvider.java:119)
	at org.apache.maven.surefire.booter.ForkedBooter.runSuitesInProcess(ForkedBooter.java:428)
	at org.apache.maven.surefire.booter.ForkedBooter.execute(ForkedBooter.java:162)
	at org.apache.maven.surefire.booter.ForkedBooter.run(ForkedBooter.java:562)
	at org.apache.maven.surefire.booter.ForkedBooter.main(ForkedBooter.java:548)
org.openqa.selenium.NoSuchElementException: An element could not be located on the page using the given search parameters.
For documentation on this error, please visit: https://www.seleniumhq.org/exceptions/no_such_element.html
Build info: version: '3.141.59', revision: 'e82be7d358', time: '2018-11-14T08:17:03'
System info: host: 'SD-APPS-201', ip: '10.65.147.20', os.name: 'Windows 10', os.arch: 'amd64', os.version: '10.0', java.version: '1.8.0_202'
Driver info: io.appium.java_client.android.AndroidDriver
Capabilities {automationName: UiAutomator2, databaseEnabled: false, desired: {automationName: UiAutomator2, deviceName: J9L, newCommandTimeout: 1200, platformName: android, platformVersion: 11, udid: 2040306021133362}, deviceApiLevel: 30, deviceManufacturer: BLU, deviceModel: J9L, deviceName: 2040306021133362, deviceScreenDensity: 240, deviceScreenSize: 480x960, deviceUDID: 2040306021133362, javascriptEnabled: true, locationContextEnabled: false, networkConnectionEnabled: true, newCommandTimeout: 1200, pixelRatio: 1.5, platform: LINUX, platformName: Android, platformVersion: 11, statBarHeight: 36, takesScreenshot: true, udid: 2040306021133362, viewportRect: {height: 852, left: 0, top: 36, width: 480}, warnings: {}, webStorageEnabled: false}
Session ID: 333e837b-9530-4edb-b20c-a64e8c274193
*** Element info: {Using=xpath, value=//*[@text='WHILE USING THE APP']}
	at sun.reflect.NativeConstructorAccessorImpl.newInstance0(Native Method)
	at sun.reflect.NativeConstructorAccessorImpl.newInstance(NativeConstructorAccessorImpl.java:62)
	at sun.reflect.DelegatingConstructorAccessorImpl.newInstance(DelegatingConstructorAccessorImpl.java:45)
	at java.lang.reflect.Constructor.newInstance(Constructor.java:423)
	at org.openqa.selenium.remote.http.W3CHttpResponseCodec.createException(W3CHttpResponseCodec.java:187)
	at org.openqa.selenium.remote.http.W3CHttpResponseCodec.decode(W3CHttpResponseCodec.java:122)
	at org.openqa.selenium.remote.http.W3CHttpResponseCodec.decode(W3CHttpResponseCodec.java:49)
	at org.openqa.selenium.remote.HttpCommandExecutor.execute(HttpCommandExecutor.java:158)
	at io.appium.java_client.remote.AppiumCommandExecutor.execute(AppiumCommandExecutor.java:239)
	at org.openqa.selenium.remote.RemoteWebDriver.execute(RemoteWebDriver.java:552)
	at io.appium.java_client.DefaultGenericMobileDriver.execute(DefaultGenericMobileDriver.java:42)
	at io.appium.java_client.AppiumDriver.execute(AppiumDriver.java:1)
	at io.appium.java_client.android.AndroidDriver.execute(AndroidDriver.java:1)
	at org.openqa.selenium.remote.RemoteWebDriver.findElement(RemoteWebDriver.java:323)
	at io.appium.java_client.DefaultGenericMobileDriver.findElement(DefaultGenericMobileDriver.java:62)
	at io.appium.java_client.AppiumDriver.findElement(AppiumDriver.java:1)
	at io.appium.java_client.android.AndroidDriver.findElement(AndroidDriver.java:1)
	at org.openqa.selenium.remote.RemoteWebDriver.findElementByXPath(RemoteWebDriver.java:428)
	at io.appium.java_client.DefaultGenericMobileDriver.findElementByXPath(DefaultGenericMobileDriver.java:152)
	at io.appium.java_client.AppiumDriver.findElementByXPath(AppiumDriver.java:1)
	at io.appium.java_client.android.AndroidDriver.findElementByXPath(AndroidDriver.java:1)
	at org.openqa.selenium.By$ByXPath.findElement(By.java:353)
	at org.openqa.selenium.remote.RemoteWebDriver.findElement(RemoteWebDriver.java:315)
	at io.appium.java_client.DefaultGenericMobileDriver.findElement(DefaultGenericMobileDriver.java:58)
	at io.appium.java_client.AppiumDriver.findElement(AppiumDriver.java:1)
	at io.appium.java_client.android.AndroidDriver.findElement(AndroidDriver.java:1)
	at BLU_J9L.Test0_Int.Video(Test0_Int.java:609)
	at BLU_J9L.Test0_Int.Images(Test0_Int.java:549)
	at BLU_J9L.Test0_Int.start(Test0_Int.java:211)
	at sun.reflect.NativeMethodAccessorImpl.invoke0(Native Method)
	at sun.reflect.NativeMethodAccessorImpl.invoke(NativeMethodAccessorImpl.java:62)
	at sun.reflect.DelegatingMethodAccessorImpl.invoke(DelegatingMethodAccessorImpl.java:43)
	at java.lang.reflect.Method.invoke(Method.java:498)
	at org.testng.internal.MethodInvocationHelper.invokeMethod(MethodInvocationHelper.java:80)
	at org.testng.internal.Invoker.invokeMethod(Invoker.java:673)
	at org.testng.internal.Invoker.invokeTestMethod(Invoker.java:842)
	at org.testng.internal.Invoker.invokeTestMethods(Invoker.java:1166)
	at org.testng.internal.TestMethodWorker.invokeTestMethods(TestMethodWorker.java:125)
	at org.testng.internal.TestMethodWorker.run(TestMethodWorker.java:109)
	at org.testng.TestRunner.runWorkers(TestRunner.java:1178)
	at org.testng.TestRunner.privateRun(TestRunner.java:757)
	at org.testng.TestRunner.run(TestRunner.java:608)
	at org.testng.SuiteRunner.runTest(SuiteRunner.java:334)
	at org.testng.SuiteRunner.runSequentially(SuiteRunner.java:329)
	at org.testng.SuiteRunner.privateRun(SuiteRunner.java:291)
	at org.testng.SuiteRunner.run(SuiteRunner.java:240)
	at org.testng.SuiteRunnerWorker.runSuite(SuiteRunnerWorker.java:52)
	at org.testng.SuiteRunnerWorker.run(SuiteRunnerWorker.java:86)
	at org.testng.TestNG.runSuitesSequentially(TestNG.java:1158)
	at org.testng.TestNG.runSuitesSequentially(TestNG.java:1154)
	at org.testng.TestNG.runSuitesLocally(TestNG.java:1083)
	at org.testng.TestNG.run(TestNG.java:999)
	at org.apache.maven.surefire.testng.TestNGExecutor.run(TestNGExecutor.java:284)
	at org.apache.maven.surefire.testng.TestNGXmlTestSuite.execute(TestNGXmlTestSuite.java:75)
	at org.apache.maven.surefire.testng.TestNGProvider.invoke(TestNGProvider.java:119)
	at org.apache.maven.surefire.booter.ForkedBooter.runSuitesInProcess(ForkedBooter.java:428)
	at org.apache.maven.surefire.booter.ForkedBooter.execute(ForkedBooter.java:162)
	at org.apache.maven.surefire.booter.ForkedBooter.run(ForkedBooter.java:562)
	at org.apache.maven.surefire.booter.ForkedBooter.main(ForkedBooter.java:548)
org.openqa.selenium.NoSuchElementException: An element could not be located on the page using the given search parameters.
For documentation on this error, please visit: https://www.seleniumhq.org/exceptions/no_such_element.html
Build info: version: '3.141.59', revision: 'e82be7d358', time: '2018-11-14T08:17:03'
System info: host: 'SD-APPS-201', ip: '10.65.147.20', os.name: 'Windows 10', os.arch: 'amd64', os.version: '10.0', java.version: '1.8.0_202'
Driver info: io.appium.java_client.android.AndroidDriver
Capabilities {automationName: UiAutomator2, databaseEnabled: false, desired: {automationName: UiAutomator2, deviceName: J9L, newCommandTimeout: 1200, platformName: android, platformVersion: 11, udid: 2040306021133362}, deviceApiLevel: 30, deviceManufacturer: BLU, deviceModel: J9L, deviceName: 2040306021133362, deviceScreenDensity: 240, deviceScreenSize: 480x960, deviceUDID: 2040306021133362, javascriptEnabled: true, locationContextEnabled: false, networkConnectionEnabled: true, newCommandTimeout: 1200, pixelRatio: 1.5, platform: LINUX, platformName: Android, platformVersion: 11, statBarHeight: 36, takesScreenshot: true, udid: 2040306021133362, viewportRect: {height: 852, left: 0, top: 36, width: 480}, warnings: {}, webStorageEnabled: false}
Session ID: 333e837b-9530-4edb-b20c-a64e8c274193
*** Element info: {Using=xpath, value=//*[@text='START CAPTURE']}
	at sun.reflect.NativeConstructorAccessorImpl.newInstance0(Native Method)
	at sun.reflect.NativeConstructorAccessorImpl.newInstance(NativeConstructorAccessorImpl.java:62)
	at sun.reflect.DelegatingConstructorAccessorImpl.newInstance(DelegatingConstructorAccessorImpl.java:45)
	at java.lang.reflect.Constructor.newInstance(Constructor.java:423)
	at org.openqa.selenium.remote.http.W3CHttpResponseCodec.createException(W3CHttpResponseCodec.java:187)
	at org.openqa.selenium.remote.http.W3CHttpResponseCodec.decode(W3CHttpResponseCodec.java:122)
	at org.openqa.selenium.remote.http.W3CHttpResponseCodec.decode(W3CHttpResponseCodec.java:49)
	at org.openqa.selenium.remote.HttpCommandExecutor.execute(HttpCommandExecutor.java:158)
	at io.appium.java_client.remote.AppiumCommandExecutor.execute(AppiumCommandExecutor.java:239)
	at org.openqa.selenium.remote.RemoteWebDriver.execute(RemoteWebDriver.java:552)
	at io.appium.java_client.DefaultGenericMobileDriver.execute(DefaultGenericMobileDriver.java:42)
	at io.appium.java_client.AppiumDriver.execute(AppiumDriver.java:1)
	at io.appium.java_client.android.AndroidDriver.execute(AndroidDriver.java:1)
	at org.openqa.selenium.remote.RemoteWebDriver.findElement(RemoteWebDriver.java:323)
	at io.appium.java_client.DefaultGenericMobileDriver.findElement(DefaultGenericMobileDriver.java:62)
	at io.appium.java_client.AppiumDriver.findElement(AppiumDriver.java:1)
	at io.appium.java_client.android.AndroidDriver.findElement(AndroidDriver.java:1)
	at org.openqa.selenium.remote.RemoteWebDriver.findElementByXPath(RemoteWebDriver.java:428)
	at io.appium.java_client.DefaultGenericMobileDriver.findElementByXPath(DefaultGenericMobileDriver.java:152)
	at io.appium.java_client.AppiumDriver.findElementByXPath(AppiumDriver.java:1)
	at io.appium.java_client.android.AndroidDriver.findElementByXPath(AndroidDriver.java:1)
	at org.openqa.selenium.By$ByXPath.findElement(By.java:353)
	at org.openqa.selenium.remote.RemoteWebDriver.findElement(RemoteWebDriver.java:315)
	at io.appium.java_client.DefaultGenericMobileDriver.findElement(DefaultGenericMobileDriver.java:58)
	at io.appium.java_client.AppiumDriver.findElement(AppiumDriver.java:1)
	at io.appium.java_client.android.AndroidDriver.findElement(AndroidDriver.java:1)
	at BLU_J9L.Test0_Int.Video(Test0_Int.java:619)
	at BLU_J9L.Test0_Int.Images(Test0_Int.java:549)
	at BLU_J9L.Test0_Int.start(Test0_Int.java:211)
	at sun.reflect.NativeMethodAccessorImpl.invoke0(Native Method)
	at sun.reflect.NativeMethodAccessorImpl.invoke(NativeMethodAccessorImpl.java:62)
	at sun.reflect.DelegatingMethodAccessorImpl.invoke(DelegatingMethodAccessorImpl.java:43)
	at java.lang.reflect.Method.invoke(Method.java:498)
	at org.testng.internal.MethodInvocationHelper.invokeMethod(MethodInvocationHelper.java:80)
	at org.testng.internal.Invoker.invokeMethod(Invoker.java:673)
	at org.testng.internal.Invoker.invokeTestMethod(Invoker.java:842)
	at org.testng.internal.Invoker.invokeTestMethods(Invoker.java:1166)
	at org.testng.internal.TestMethodWorker.invokeTestMethods(TestMethodWorker.java:125)
	at org.testng.internal.TestMethodWorker.run(TestMethodWorker.java:109)
	at org.testng.TestRunner.runWorkers(TestRunner.java:1178)
	at org.testng.TestRunner.privateRun(TestRunner.java:757)
	at org.testng.TestRunner.run(TestRunner.java:608)
	at org.testng.SuiteRunner.runTest(SuiteRunner.java:334)
	at org.testng.SuiteRunner.runSequentially(SuiteRunner.java:329)
	at org.testng.SuiteRunner.privateRun(SuiteRunner.java:291)
	at org.testng.SuiteRunner.run(SuiteRunner.java:240)
	at org.testng.SuiteRunnerWorker.runSuite(SuiteRunnerWorker.java:52)
	at org.testng.SuiteRunnerWorker.run(SuiteRunnerWorker.java:86)
	at org.testng.TestNG.runSuitesSequentially(TestNG.java:1158)
	at org.testng.TestNG.runSuitesSequentially(TestNG.java:1154)
	at org.testng.TestNG.runSuitesLocally(TestNG.java:1083)
	at org.testng.TestNG.run(TestNG.java:999)
	at org.apache.maven.surefire.testng.TestNGExecutor.run(TestNGExecutor.java:284)
	at org.apache.maven.surefire.testng.TestNGXmlTestSuite.execute(TestNGXmlTestSuite.java:75)
	at org.apache.maven.surefire.testng.TestNGProvider.invoke(TestNGProvider.java:119)
	at org.apache.maven.surefire.booter.ForkedBooter.runSuitesInProcess(ForkedBooter.java:428)
	at org.apache.maven.surefire.booter.ForkedBooter.execute(ForkedBooter.java:162)
	at org.apache.maven.surefire.booter.ForkedBooter.run(ForkedBooter.java:562)
	at org.apache.maven.surefire.booter.ForkedBooter.main(ForkedBooter.java:548)
org.openqa.selenium.NoSuchElementException: An element could not be located on the page using the given search parameters.
For documentation on this error, please visit: https://www.seleniumhq.org/exceptions/no_such_element.html
Build info: version: '3.141.59', revision: 'e82be7d358', time: '2018-11-14T08:17:03'
System info: host: 'SD-APPS-201', ip: '10.65.147.20', os.name: 'Windows 10', os.arch: 'amd64', os.version: '10.0', java.version: '1.8.0_202'
Driver info: io.appium.java_client.android.AndroidDriver
Capabilities {automationName: UiAutomator2, databaseEnabled: false, desired: {automationName: UiAutomator2, deviceName: J9L, newCommandTimeout: 1200, platformName: android, platformVersion: 11, udid: 2040306021133362}, deviceApiLevel: 30, deviceManufacturer: BLU, deviceModel: J9L, deviceName: 2040306021133362, deviceScreenDensity: 240, deviceScreenSize: 480x960, deviceUDID: 2040306021133362, javascriptEnabled: true, locationContextEnabled: false, networkConnectionEnabled: true, newCommandTimeout: 1200, pixelRatio: 1.5, platform: LINUX, platformName: Android, platformVersion: 11, statBarHeight: 36, takesScreenshot: true, udid: 2040306021133362, viewportRect: {height: 852, left: 0, top: 36, width: 480}, warnings: {}, webStorageEnabled: false}
Session ID: 333e837b-9530-4edb-b20c-a64e8c274193
*** Element info: {Using=xpath, value=//android.widget.ImageView[@content-desc="More options , New content available"]}
	at sun.reflect.NativeConstructorAccessorImpl.newInstance0(Native Method)
	at sun.reflect.NativeConstructorAccessorImpl.newInstance(NativeConstructorAccessorImpl.java:62)
	at sun.reflect.DelegatingConstructorAccessorImpl.newInstance(DelegatingConstructorAccessorImpl.java:45)
	at java.lang.reflect.Constructor.newInstance(Constructor.java:423)
	at org.openqa.selenium.remote.http.W3CHttpResponseCodec.createException(W3CHttpResponseCodec.java:187)
	at org.openqa.selenium.remote.http.W3CHttpResponseCodec.decode(W3CHttpResponseCodec.java:122)
	at org.openqa.selenium.remote.http.W3CHttpResponseCodec.decode(W3CHttpResponseCodec.java:49)
	at org.openqa.selenium.remote.HttpCommandExecutor.execute(HttpCommandExecutor.java:158)
	at io.appium.java_client.remote.AppiumCommandExecutor.execute(AppiumCommandExecutor.java:239)
	at org.openqa.selenium.remote.RemoteWebDriver.execute(RemoteWebDriver.java:552)
	at io.appium.java_client.DefaultGenericMobileDriver.execute(DefaultGenericMobileDriver.java:42)
	at io.appium.java_client.AppiumDriver.execute(AppiumDriver.java:1)
	at io.appium.java_client.android.AndroidDriver.execute(AndroidDriver.java:1)
	at org.openqa.selenium.remote.RemoteWebDriver.findElement(RemoteWebDriver.java:323)
	at io.appium.java_client.DefaultGenericMobileDriver.findElement(DefaultGenericMobileDriver.java:62)
	at io.appium.java_client.AppiumDriver.findElement(AppiumDriver.java:1)
	at io.appium.java_client.android.AndroidDriver.findElement(AndroidDriver.java:1)
	at org.openqa.selenium.remote.RemoteWebDriver.findElementByXPath(RemoteWebDriver.java:428)
	at io.appium.java_client.DefaultGenericMobileDriver.findElementByXPath(DefaultGenericMobileDriver.java:152)
	at io.appium.java_client.AppiumDriver.findElementByXPath(AppiumDriver.java:1)
	at io.appium.java_client.android.AndroidDriver.findElementByXPath(AndroidDriver.java:1)
	at org.openqa.selenium.By$ByXPath.findElement(By.java:353)
	at org.openqa.selenium.remote.RemoteWebDriver.findElement(RemoteWebDriver.java:315)
	at io.appium.java_client.DefaultGenericMobileDriver.findElement(DefaultGenericMobileDriver.java:58)
	at io.appium.java_client.AppiumDriver.findElement(AppiumDriver.java:1)
	at io.appium.java_client.android.AndroidDriver.findElement(AndroidDriver.java:1)
	at BLU_J9L.Test0_Int.Video(Test0_Int.java:738)
	at BLU_J9L.Test0_Int.Images(Test0_Int.java:549)
	at BLU_J9L.Test0_Int.start(Test0_Int.java:211)
	at sun.reflect.NativeMethodAccessorImpl.invoke0(Native Method)
	at sun.reflect.NativeMethodAccessorImpl.invoke(NativeMethodAccessorImpl.java:62)
	at sun.reflect.DelegatingMethodAccessorImpl.invoke(DelegatingMethodAccessorImpl.java:43)
	at java.lang.reflect.Method.invoke(Method.java:498)
	at org.testng.internal.MethodInvocationHelper.invokeMethod(MethodInvocationHelper.java:80)
	at org.testng.internal.Invoker.invokeMethod(Invoker.java:673)
	at org.testng.internal.Invoker.invokeTestMethod(Invoker.java:842)
	at org.testng.internal.Invoker.invokeTestMethods(Invoker.java:1166)
	at org.testng.internal.TestMethodWorker.invokeTestMethods(TestMethodWorker.java:125)
	at org.testng.internal.TestMethodWorker.run(TestMethodWorker.java:109)
	at org.testng.TestRunner.runWorkers(TestRunner.java:1178)
	at org.testng.TestRunner.privateRun(TestRunner.java:757)
	at org.testng.TestRunner.run(TestRunner.java:608)
	at org.testng.SuiteRunner.runTest(SuiteRunner.java:334)
	at org.testng.SuiteRunner.runSequentially(SuiteRunner.java:329)
	at org.testng.SuiteRunner.privateRun(SuiteRunner.java:291)
	at org.testng.SuiteRunner.run(SuiteRunner.java:240)
	at org.testng.SuiteRunnerWorker.runSuite(SuiteRunnerWorker.java:52)
	at org.testng.SuiteRunnerWorker.run(SuiteRunnerWorker.java:86)
	at org.testng.TestNG.runSuitesSequentially(TestNG.java:1158)
	at org.testng.TestNG.runSuitesSequentially(TestNG.java:1154)
	at org.testng.TestNG.runSuitesLocally(TestNG.java:1083)
	at org.testng.TestNG.run(TestNG.java:999)
	at org.apache.maven.surefire.testng.TestNGExecutor.run(TestNGExecutor.java:284)
	at org.apache.maven.surefire.testng.TestNGXmlTestSuite.execute(TestNGXmlTestSuite.java:75)
	at org.apache.maven.surefire.testng.TestNGProvider.invoke(TestNGProvider.java:119)
	at org.apache.maven.surefire.booter.ForkedBooter.runSuitesInProcess(ForkedBooter.java:428)
	at org.apache.maven.surefire.booter.ForkedBooter.execute(ForkedBooter.java:162)
	at org.apache.maven.surefire.booter.ForkedBooter.run(ForkedBooter.java:562)
	at org.apache.maven.surefire.booter.ForkedBooter.main(ForkedBooter.java:548)
]]></system-err>
  </testcase>
  <testcase name="Format" classname="BLU_J9L.Test3_Int" time="466.369">
    <system-out><![CDATA[Test: Start
===================================================================================================================================================================================================================================================================================================================================================================================================================================================================================================================================================================================================================================================================================================================================
Test3_Int Scenario is as follows
1.Mount,Unmount uSD Card and Format uSD card as Internal mount for specified number of times
Setting up the appium desired capabilities
===================================================================================================================================================================================================================================================================================================================================================================================================================================================================================================================================================================================================================================================================================================================================
Launch home screen
Clearing Recent Apps
Pass: No recent apps found
Number of Unmount,mount and Format cycles = 1
Swipe Up and Search for Storage
Select uSD card
Clicking on SD card
Click more options
If format as portable option exists? call formatAsExternal()
Phone current status is internal mount, performing external mount
Calling FormatAsExternal() to format as SD as external mount
Launch settings application and perform external storage mount
Select storage option
Select exteranal storage
Clicking on SD card
select more options
Select format as Portable option
select format option
Formatting as external mount
Formatting as external mount is successfull
Calling FormatAsInternal()
Launch settings option and perform Internal storage mount scenario
Select storage option
Select external storage
Clicking on SD card
Clicking on SD card
Select more options
Select storage settings
Fomratting Phone as Internal mount
Pass:Format as Internal Mount completed Successfull
Launch file manager
Click On Internal storage
Select DCIM folder
Pass: Test3_Int format as internal mount is Successfull
Final Message: Pass Test3_Int Pass for internal mount is successfull
Test: End
===================================================================================================================================================================================================================================================================================================================================================================================================================================================================================================================================================================================================================================================================================================================================
===================================================================================================================================================================================================================================================================================================================================================================================================================================================================================================================================================================================================================================================================================================================================
]]></system-out>
    <system-err><![CDATA[2023-02-15 11:01:36 INFO   io.appium.java_client.remote.AppiumCommandExecutor$1 lambda$0 Detected dialect: W3C
2023-02-15 11:01:45 INFO   io.appium.java_client.remote.AppiumCommandExecutor$1 lambda$0 Detected dialect: W3C
org.openqa.selenium.InvalidSelectorException: Could not parse selector expression `new UiSelector().content-desc("CLEAR ALL")`: UiSelector has no `content-desc` method
For documentation on this error, please visit: https://www.seleniumhq.org/exceptions/invalid_selector_exception.html
Build info: version: '3.141.59', revision: 'e82be7d358', time: '2018-11-14T08:17:03'
System info: host: 'SD-APPS-201', ip: '10.65.147.20', os.name: 'Windows 10', os.arch: 'amd64', os.version: '10.0', java.version: '1.8.0_202'
Driver info: io.appium.java_client.android.AndroidDriver
Capabilities {automationName: UiAutomator2, databaseEnabled: false, desired: {automationName: UiAutomator2, deviceName: J9L, newCommandTimeout: 1200, platformName: android, platformVersion: 11, udid: 2040306021133362}, deviceApiLevel: 30, deviceManufacturer: BLU, deviceModel: J9L, deviceName: 2040306021133362, deviceScreenDensity: 240, deviceScreenSize: 480x960, deviceUDID: 2040306021133362, javascriptEnabled: true, locationContextEnabled: false, networkConnectionEnabled: true, newCommandTimeout: 1200, pixelRatio: 1.5, platform: LINUX, platformName: Android, platformVersion: 11, statBarHeight: 36, takesScreenshot: true, udid: 2040306021133362, viewportRect: {height: 852, left: 0, top: 36, width: 480}, warnings: {}, webStorageEnabled: false}
Session ID: 9c323481-d37a-4428-83e7-d0c67dae782c
*** Element info: {Using=-android uiautomator, value=new UiSelector().content-desc("CLEAR ALL")}
	at sun.reflect.NativeConstructorAccessorImpl.newInstance0(Native Method)
	at sun.reflect.NativeConstructorAccessorImpl.newInstance(NativeConstructorAccessorImpl.java:62)
	at sun.reflect.DelegatingConstructorAccessorImpl.newInstance(DelegatingConstructorAccessorImpl.java:45)
	at java.lang.reflect.Constructor.newInstance(Constructor.java:423)
	at org.openqa.selenium.remote.http.W3CHttpResponseCodec.createException(W3CHttpResponseCodec.java:187)
	at org.openqa.selenium.remote.http.W3CHttpResponseCodec.decode(W3CHttpResponseCodec.java:122)
	at org.openqa.selenium.remote.http.W3CHttpResponseCodec.decode(W3CHttpResponseCodec.java:49)
	at org.openqa.selenium.remote.HttpCommandExecutor.execute(HttpCommandExecutor.java:158)
	at io.appium.java_client.remote.AppiumCommandExecutor.execute(AppiumCommandExecutor.java:239)
	at org.openqa.selenium.remote.RemoteWebDriver.execute(RemoteWebDriver.java:552)
	at io.appium.java_client.DefaultGenericMobileDriver.execute(DefaultGenericMobileDriver.java:42)
	at io.appium.java_client.AppiumDriver.execute(AppiumDriver.java:1)
	at io.appium.java_client.android.AndroidDriver.execute(AndroidDriver.java:1)
	at org.openqa.selenium.remote.RemoteWebDriver.findElement(RemoteWebDriver.java:323)
	at io.appium.java_client.DefaultGenericMobileDriver.findElement(DefaultGenericMobileDriver.java:62)
	at io.appium.java_client.AppiumDriver.findElement(AppiumDriver.java:1)
	at io.appium.java_client.android.AndroidDriver.findElement(AndroidDriver.java:1)
	at io.appium.java_client.FindsByAndroidUIAutomator.findElementByAndroidUIAutomator(FindsByAndroidUIAutomator.java:38)
	at BLU_J9L.Test3_Int.Format(Test3_Int.java:111)
	at sun.reflect.NativeMethodAccessorImpl.invoke0(Native Method)
	at sun.reflect.NativeMethodAccessorImpl.invoke(NativeMethodAccessorImpl.java:62)
	at sun.reflect.DelegatingMethodAccessorImpl.invoke(DelegatingMethodAccessorImpl.java:43)
	at java.lang.reflect.Method.invoke(Method.java:498)
	at org.testng.internal.MethodInvocationHelper.invokeMethod(MethodInvocationHelper.java:80)
	at org.testng.internal.Invoker.invokeMethod(Invoker.java:673)
	at org.testng.internal.Invoker.invokeTestMethod(Invoker.java:842)
	at org.testng.internal.Invoker.invokeTestMethods(Invoker.java:1166)
	at org.testng.internal.TestMethodWorker.invokeTestMethods(TestMethodWorker.java:125)
	at org.testng.internal.TestMethodWorker.run(TestMethodWorker.java:109)
	at org.testng.TestRunner.runWorkers(TestRunner.java:1178)
	at org.testng.TestRunner.privateRun(TestRunner.java:757)
	at org.testng.TestRunner.run(TestRunner.java:608)
	at org.testng.SuiteRunner.runTest(SuiteRunner.java:334)
	at org.testng.SuiteRunner.runSequentially(SuiteRunner.java:329)
	at org.testng.SuiteRunner.privateRun(SuiteRunner.java:291)
	at org.testng.SuiteRunner.run(SuiteRunner.java:240)
	at org.testng.SuiteRunnerWorker.runSuite(SuiteRunnerWorker.java:52)
	at org.testng.SuiteRunnerWorker.run(SuiteRunnerWorker.java:86)
	at org.testng.TestNG.runSuitesSequentially(TestNG.java:1158)
	at org.testng.TestNG.runSuitesSequentially(TestNG.java:1154)
	at org.testng.TestNG.runSuitesLocally(TestNG.java:1083)
	at org.testng.TestNG.run(TestNG.java:999)
	at org.apache.maven.surefire.testng.TestNGExecutor.run(TestNGExecutor.java:284)
	at org.apache.maven.surefire.testng.TestNGXmlTestSuite.execute(TestNGXmlTestSuite.java:75)
	at org.apache.maven.surefire.testng.TestNGProvider.invoke(TestNGProvider.java:119)
	at org.apache.maven.surefire.booter.ForkedBooter.runSuitesInProcess(ForkedBooter.java:428)
	at org.apache.maven.surefire.booter.ForkedBooter.execute(ForkedBooter.java:162)
	at org.apache.maven.surefire.booter.ForkedBooter.run(ForkedBooter.java:562)
	at org.apache.maven.surefire.booter.ForkedBooter.main(ForkedBooter.java:548)
org.openqa.selenium.NoSuchElementException: An element could not be located on the page using the given search parameters.
For documentation on this error, please visit: https://www.seleniumhq.org/exceptions/no_such_element.html
Build info: version: '3.141.59', revision: 'e82be7d358', time: '2018-11-14T08:17:03'
System info: host: 'SD-APPS-201', ip: '10.65.147.20', os.name: 'Windows 10', os.arch: 'amd64', os.version: '10.0', java.version: '1.8.0_202'
Driver info: io.appium.java_client.android.AndroidDriver
Capabilities {automationName: UiAutomator2, databaseEnabled: false, desired: {automationName: UiAutomator2, deviceName: J9L, newCommandTimeout: 1200, platformName: android, platformVersion: 11, udid: 2040306021133362}, deviceApiLevel: 30, deviceManufacturer: BLU, deviceModel: J9L, deviceName: 2040306021133362, deviceScreenDensity: 240, deviceScreenSize: 480x960, deviceUDID: 2040306021133362, javascriptEnabled: true, locationContextEnabled: false, networkConnectionEnabled: true, newCommandTimeout: 1200, pixelRatio: 1.5, platform: LINUX, platformName: Android, platformVersion: 11, statBarHeight: 36, takesScreenshot: true, udid: 2040306021133362, viewportRect: {height: 852, left: 0, top: 36, width: 480}, warnings: {}, webStorageEnabled: false}
Session ID: 9c323481-d37a-4428-83e7-d0c67dae782c
*** Element info: {Using=-android uiautomator, value=new UiSelector().text("DCIM")}
	at sun.reflect.NativeConstructorAccessorImpl.newInstance0(Native Method)
	at sun.reflect.NativeConstructorAccessorImpl.newInstance(NativeConstructorAccessorImpl.java:62)
	at sun.reflect.DelegatingConstructorAccessorImpl.newInstance(DelegatingConstructorAccessorImpl.java:45)
	at java.lang.reflect.Constructor.newInstance(Constructor.java:423)
	at org.openqa.selenium.remote.http.W3CHttpResponseCodec.createException(W3CHttpResponseCodec.java:187)
	at org.openqa.selenium.remote.http.W3CHttpResponseCodec.decode(W3CHttpResponseCodec.java:122)
	at org.openqa.selenium.remote.http.W3CHttpResponseCodec.decode(W3CHttpResponseCodec.java:49)
	at org.openqa.selenium.remote.HttpCommandExecutor.execute(HttpCommandExecutor.java:158)
	at io.appium.java_client.remote.AppiumCommandExecutor.execute(AppiumCommandExecutor.java:239)
	at org.openqa.selenium.remote.RemoteWebDriver.execute(RemoteWebDriver.java:552)
	at io.appium.java_client.DefaultGenericMobileDriver.execute(DefaultGenericMobileDriver.java:42)
	at io.appium.java_client.AppiumDriver.execute(AppiumDriver.java:1)
	at io.appium.java_client.android.AndroidDriver.execute(AndroidDriver.java:1)
	at org.openqa.selenium.remote.RemoteWebDriver.findElement(RemoteWebDriver.java:323)
	at io.appium.java_client.DefaultGenericMobileDriver.findElement(DefaultGenericMobileDriver.java:62)
	at io.appium.java_client.AppiumDriver.findElement(AppiumDriver.java:1)
	at io.appium.java_client.android.AndroidDriver.findElement(AndroidDriver.java:1)
	at io.appium.java_client.FindsByAndroidUIAutomator.findElementByAndroidUIAutomator(FindsByAndroidUIAutomator.java:38)
	at BLU_J9L.Test3_Int.FormatAsInternal(Test3_Int.java:406)
	at BLU_J9L.Test3_Int.FormatAsExternal(Test3_Int.java:311)
	at BLU_J9L.Test3_Int.Format(Test3_Int.java:185)
	at sun.reflect.NativeMethodAccessorImpl.invoke0(Native Method)
	at sun.reflect.NativeMethodAccessorImpl.invoke(NativeMethodAccessorImpl.java:62)
	at sun.reflect.DelegatingMethodAccessorImpl.invoke(DelegatingMethodAccessorImpl.java:43)
	at java.lang.reflect.Method.invoke(Method.java:498)
	at org.testng.internal.MethodInvocationHelper.invokeMethod(MethodInvocationHelper.java:80)
	at org.testng.internal.Invoker.invokeMethod(Invoker.java:673)
	at org.testng.internal.Invoker.invokeTestMethod(Invoker.java:842)
	at org.testng.internal.Invoker.invokeTestMethods(Invoker.java:1166)
	at org.testng.internal.TestMethodWorker.invokeTestMethods(TestMethodWorker.java:125)
	at org.testng.internal.TestMethodWorker.run(TestMethodWorker.java:109)
	at org.testng.TestRunner.runWorkers(TestRunner.java:1178)
	at org.testng.TestRunner.privateRun(TestRunner.java:757)
	at org.testng.TestRunner.run(TestRunner.java:608)
	at org.testng.SuiteRunner.runTest(SuiteRunner.java:334)
	at org.testng.SuiteRunner.runSequentially(SuiteRunner.java:329)
	at org.testng.SuiteRunner.privateRun(SuiteRunner.java:291)
	at org.testng.SuiteRunner.run(SuiteRunner.java:240)
	at org.testng.SuiteRunnerWorker.runSuite(SuiteRunnerWorker.java:52)
	at org.testng.SuiteRunnerWorker.run(SuiteRunnerWorker.java:86)
	at org.testng.TestNG.runSuitesSequentially(TestNG.java:1158)
	at org.testng.TestNG.runSuitesSequentially(TestNG.java:1154)
	at org.testng.TestNG.runSuitesLocally(TestNG.java:1083)
	at org.testng.TestNG.run(TestNG.java:999)
	at org.apache.maven.surefire.testng.TestNGExecutor.run(TestNGExecutor.java:284)
	at org.apache.maven.surefire.testng.TestNGXmlTestSuite.execute(TestNGXmlTestSuite.java:75)
	at org.apache.maven.surefire.testng.TestNGProvider.invoke(TestNGProvider.java:119)
	at org.apache.maven.surefire.booter.ForkedBooter.runSuitesInProcess(ForkedBooter.java:428)
	at org.apache.maven.surefire.booter.ForkedBooter.execute(ForkedBooter.java:162)
	at org.apache.maven.surefire.booter.ForkedBooter.run(ForkedBooter.java:562)
	at org.apache.maven.surefire.booter.ForkedBooter.main(ForkedBooter.java:548)
]]></system-err>
  </testcase>
  <testcase name="CopyPaste" classname="BLU_J9L.Test18_Int" time="781.669">
    <system-out><![CDATA[Test: Start
===================================================================================================================================================================================================================================================================================================================================================================================================================================================================================================================================================================================================================================================================================================================================
1.Pushing 1GB zip File to Host Internal Memory via server folder named as Test1 
2.Extracting zip file in Host internal memory
3.Copy  1GB file (Test1) from host internal memory,Create a folder named Test2 in Internal storage paste Test1 folder in Test2
4.Create folder name(New_Scenario in internal memory, select folder name(Test2) from internal memory and perform cut paste operation
Setting up the appium desired capabilities
===================================================================================================================================================================================================================================================================================================================================================================================================================================================================================================================================================================================================================================================================================================================================
Clearing Recent Apps
Pass: No recent apps found
Pushing zip file to host internal memory
Push file is successfull
Launch File Manager Application and clear internal memory
Select  Internal storage
Select Test1 Folder internal storage
Select  zip file
Select Extract option
Extracting Push zip file as Folder named Test1
Extracting Complete
Select More Options
Select create folder option
Name folder as Test2
Click Create option
Test2 folder created successfully in external storage
Select Test1 Folder from external storage
Select More Options
Select Copy to
Select Internal storage
Swipe up and select test2 folder
Select Test2 Folder
Select Copy here
Copy paste Test1 folder data to Test2 folder within external storage is successfull
Select More Options
Select create folder option
Name folder as New_Scenario
Accept create folder
Select Test2 Folder from internal Storage
Select More Options
Select Copy to
Select Internal storage
Select New_scenario folder
Select copy here
Pass: Test18_Int Pass for Cut paste Operation
===================================================================================================================================================================================================================================================================================================================================================================================================================================================================================================================================================================================================================================================================================================================================
Final Message: Pass Test18_Int Pass for copy paste & cut paste operation
Test: End
===================================================================================================================================================================================================================================================================================================================================================================================================================================================================================================================================================================================================================================================================================================================================
]]></system-out>
    <system-err><![CDATA[2023-02-15 11:09:32 INFO   io.appium.java_client.remote.AppiumCommandExecutor$1 lambda$0 Detected dialect: W3C
2023-02-15 11:09:46 INFO   io.appium.java_client.remote.AppiumCommandExecutor$1 lambda$0 Detected dialect: W3C
org.openqa.selenium.InvalidSelectorException: Could not parse selector expression `new UiSelector().content-desc("CLEAR ALL")`: UiSelector has no `content-desc` method
For documentation on this error, please visit: https://www.seleniumhq.org/exceptions/invalid_selector_exception.html
Build info: version: '3.141.59', revision: 'e82be7d358', time: '2018-11-14T08:17:03'
System info: host: 'SD-APPS-201', ip: '10.65.147.20', os.name: 'Windows 10', os.arch: 'amd64', os.version: '10.0', java.version: '1.8.0_202'
Driver info: io.appium.java_client.android.AndroidDriver
Capabilities {automationName: UiAutomator2, databaseEnabled: false, desired: {automationName: UiAutomator2, deviceName: J9L, newCommandTimeout: 1200, platformName: android, platformVersion: 11, udid: 2040306021133362}, deviceApiLevel: 30, deviceManufacturer: BLU, deviceModel: J9L, deviceName: 2040306021133362, deviceScreenDensity: 240, deviceScreenSize: 480x960, deviceUDID: 2040306021133362, javascriptEnabled: true, locationContextEnabled: false, networkConnectionEnabled: true, newCommandTimeout: 1200, pixelRatio: 1.5, platform: LINUX, platformName: Android, platformVersion: 11, statBarHeight: 36, takesScreenshot: true, udid: 2040306021133362, viewportRect: {height: 852, left: 0, top: 36, width: 480}, warnings: {}, webStorageEnabled: false}
Session ID: f2fd156e-2a0a-414a-aabc-6badc96e8e8c
*** Element info: {Using=-android uiautomator, value=new UiSelector().content-desc("CLEAR ALL")}
	at sun.reflect.NativeConstructorAccessorImpl.newInstance0(Native Method)
	at sun.reflect.NativeConstructorAccessorImpl.newInstance(NativeConstructorAccessorImpl.java:62)
	at sun.reflect.DelegatingConstructorAccessorImpl.newInstance(DelegatingConstructorAccessorImpl.java:45)
	at java.lang.reflect.Constructor.newInstance(Constructor.java:423)
	at org.openqa.selenium.remote.http.W3CHttpResponseCodec.createException(W3CHttpResponseCodec.java:187)
	at org.openqa.selenium.remote.http.W3CHttpResponseCodec.decode(W3CHttpResponseCodec.java:122)
	at org.openqa.selenium.remote.http.W3CHttpResponseCodec.decode(W3CHttpResponseCodec.java:49)
	at org.openqa.selenium.remote.HttpCommandExecutor.execute(HttpCommandExecutor.java:158)
	at io.appium.java_client.remote.AppiumCommandExecutor.execute(AppiumCommandExecutor.java:239)
	at org.openqa.selenium.remote.RemoteWebDriver.execute(RemoteWebDriver.java:552)
	at io.appium.java_client.DefaultGenericMobileDriver.execute(DefaultGenericMobileDriver.java:42)
	at io.appium.java_client.AppiumDriver.execute(AppiumDriver.java:1)
	at io.appium.java_client.android.AndroidDriver.execute(AndroidDriver.java:1)
	at org.openqa.selenium.remote.RemoteWebDriver.findElement(RemoteWebDriver.java:323)
	at io.appium.java_client.DefaultGenericMobileDriver.findElement(DefaultGenericMobileDriver.java:62)
	at io.appium.java_client.AppiumDriver.findElement(AppiumDriver.java:1)
	at io.appium.java_client.android.AndroidDriver.findElement(AndroidDriver.java:1)
	at io.appium.java_client.FindsByAndroidUIAutomator.findElementByAndroidUIAutomator(FindsByAndroidUIAutomator.java:38)
	at BLU_J9L.Test18_Int.CopyPaste(Test18_Int.java:99)
	at sun.reflect.NativeMethodAccessorImpl.invoke0(Native Method)
	at sun.reflect.NativeMethodAccessorImpl.invoke(NativeMethodAccessorImpl.java:62)
	at sun.reflect.DelegatingMethodAccessorImpl.invoke(DelegatingMethodAccessorImpl.java:43)
	at java.lang.reflect.Method.invoke(Method.java:498)
	at org.testng.internal.MethodInvocationHelper.invokeMethod(MethodInvocationHelper.java:80)
	at org.testng.internal.Invoker.invokeMethod(Invoker.java:673)
	at org.testng.internal.Invoker.invokeTestMethod(Invoker.java:842)
	at org.testng.internal.Invoker.invokeTestMethods(Invoker.java:1166)
	at org.testng.internal.TestMethodWorker.invokeTestMethods(TestMethodWorker.java:125)
	at org.testng.internal.TestMethodWorker.run(TestMethodWorker.java:109)
	at org.testng.TestRunner.runWorkers(TestRunner.java:1178)
	at org.testng.TestRunner.privateRun(TestRunner.java:757)
	at org.testng.TestRunner.run(TestRunner.java:608)
	at org.testng.SuiteRunner.runTest(SuiteRunner.java:334)
	at org.testng.SuiteRunner.runSequentially(SuiteRunner.java:329)
	at org.testng.SuiteRunner.privateRun(SuiteRunner.java:291)
	at org.testng.SuiteRunner.run(SuiteRunner.java:240)
	at org.testng.SuiteRunnerWorker.runSuite(SuiteRunnerWorker.java:52)
	at org.testng.SuiteRunnerWorker.run(SuiteRunnerWorker.java:86)
	at org.testng.TestNG.runSuitesSequentially(TestNG.java:1158)
	at org.testng.TestNG.runSuitesSequentially(TestNG.java:1154)
	at org.testng.TestNG.runSuitesLocally(TestNG.java:1083)
	at org.testng.TestNG.run(TestNG.java:999)
	at org.apache.maven.surefire.testng.TestNGExecutor.run(TestNGExecutor.java:284)
	at org.apache.maven.surefire.testng.TestNGXmlTestSuite.execute(TestNGXmlTestSuite.java:75)
	at org.apache.maven.surefire.testng.TestNGProvider.invoke(TestNGProvider.java:119)
	at org.apache.maven.surefire.booter.ForkedBooter.runSuitesInProcess(ForkedBooter.java:428)
	at org.apache.maven.surefire.booter.ForkedBooter.execute(ForkedBooter.java:162)
	at org.apache.maven.surefire.booter.ForkedBooter.run(ForkedBooter.java:562)
	at org.apache.maven.surefire.booter.ForkedBooter.main(ForkedBooter.java:548)
]]></system-err>
  </testcase>
  <testcase name="recordAudio" classname="BLU_J9L.Test8_Int" time="554.505">
    <system-out><![CDATA[Test: Start
===================================================================================================================================================================================================================================================================================================================================================================================================================================================================================================================================================================================================================================================================================================================================
Test8_Int scenario is as follows
1.Launch mobile default voice recording application and set Internal storage option, record audio file for 2 minutes duration
2.Launch file manager application and playback recorded audio file from Internal storage, fast forward audio file and pause
3.Launch file manager application and playback copied audio files from Internal storage the files are placed in the Test1 folder
Setting up the appium desired capabilities
===================================================================================================================================================================================================================================================================================================================================================================================================================================================================================================================================================================================================================================================================================================================================
Clearing Recent Apps
Pass: No recent apps found
Launch Voice recorder application for Audio recording
If application launch permission pop-up exists accept allow permission to launch application
 No Launch permission Pop-up  found
Start Recording
Stop Recording
Pass: Test8_Int pass for recording an audio file
===================================================================================================================================================================================================================================================================================================================================================================================================================================================================================================================================================================================================================================================================================================================================
Launch File Manager Application to verify recorded audio
swipe up and search for Internal storage
Select  Internal storage
Select list view
Select Music Folder
Select Voice recorder
switch to list view mode
Select More Options 
Click On Select All Options
Test8_Int: 1 Audio file recorded  sucessfully
Pass: Test8_Int pass for audio recording in uSD Card
Calling PlayRecordedAudio() to play back recorded file
===================================================================================================================================================================================================================================================================================================================================================================================================================================================================================================================================================================================================================================================================================================================================
Launch File Manager Application
Select  Internal storage
Select list view
Select Music Folder
Select Voice recorder
switch to list view mode
Click Audio file for play back and fast forward
Started Audio playback
click on fastforward  10 seconds
click on pause
Pass: Test8_Int Pass for playing recorded Audio file
Pass: Test8_Int Pass for playing, fast forward, and pause recorded audio file scenario
Calling PlayCopiedAudioFile() for copied audio files from Test1 folder
===================================================================================================================================================================================================================================================================================================================================================================================================================================================================================================================================================================================================================================================================================================================================
Launching file manager application
Select  Internal storage
Select test1
Select testfile
Select 1GB
Select MP3Files
Select Laahe.Mp3.mp3
Started video playback
Click fast forward button for 10 seconds audio forward
Pause audio playback
Pass: 1st Copied Audio play back and fast forward is successfull
 select 11 Rob Thomas - Lonely No More.mp3
Started audio playback
Click fast forward button for 10 seconds audio forward
Pause audio playback
Pass: 2nd Copied Audio play back and fast forward is successfull
select file_example_MP3_5MG.mp3
Started audio playback
Click fast forward button for 10 seconds audio forward
Pause audio playback
Pass: 3rd Copied Audio play back and fast forward is successfull
Pass: Test8_Int Pass for Recorded and copied audio play back and fast forward scenario 
===================================================================================================================================================================================================================================================================================================================================================================================================================================================================================================================================================================================================================================================================================================================================
Final Message: Pass Test8_Int Pass for Recorded and copied audio play back and fast forward scenario
Test: End
===================================================================================================================================================================================================================================================================================================================================================================================================================================================================================================================================================================================================================================================================================================================================
]]></system-out>
    <system-err><![CDATA[2023-02-15 11:22:42 INFO   io.appium.java_client.remote.AppiumCommandExecutor$1 lambda$0 Detected dialect: W3C
2023-02-15 11:22:56 INFO   io.appium.java_client.remote.AppiumCommandExecutor$1 lambda$0 Detected dialect: W3C
org.openqa.selenium.InvalidSelectorException: Could not parse selector expression `new UiSelector().content-desc("CLEAR ALL")`: UiSelector has no `content-desc` method
For documentation on this error, please visit: https://www.seleniumhq.org/exceptions/invalid_selector_exception.html
Build info: version: '3.141.59', revision: 'e82be7d358', time: '2018-11-14T08:17:03'
System info: host: 'SD-APPS-201', ip: '10.65.147.20', os.name: 'Windows 10', os.arch: 'amd64', os.version: '10.0', java.version: '1.8.0_202'
Driver info: io.appium.java_client.android.AndroidDriver
Capabilities {automationName: UiAutomator2, databaseEnabled: false, desired: {automationName: UiAutomator2, deviceName: J9L, newCommandTimeout: 1200, platformName: android, platformVersion: 11, udid: 2040306021133362}, deviceApiLevel: 30, deviceManufacturer: BLU, deviceModel: J9L, deviceName: 2040306021133362, deviceScreenDensity: 240, deviceScreenSize: 480x960, deviceUDID: 2040306021133362, javascriptEnabled: true, locationContextEnabled: false, networkConnectionEnabled: true, newCommandTimeout: 1200, pixelRatio: 1.5, platform: LINUX, platformName: Android, platformVersion: 11, statBarHeight: 36, takesScreenshot: true, udid: 2040306021133362, viewportRect: {height: 852, left: 0, top: 36, width: 480}, warnings: {}, webStorageEnabled: false}
Session ID: 1e32b295-c4fe-4412-90f5-261766c24be8
*** Element info: {Using=-android uiautomator, value=new UiSelector().content-desc("CLEAR ALL")}
	at sun.reflect.NativeConstructorAccessorImpl.newInstance0(Native Method)
	at sun.reflect.NativeConstructorAccessorImpl.newInstance(NativeConstructorAccessorImpl.java:62)
	at sun.reflect.DelegatingConstructorAccessorImpl.newInstance(DelegatingConstructorAccessorImpl.java:45)
	at java.lang.reflect.Constructor.newInstance(Constructor.java:423)
	at org.openqa.selenium.remote.http.W3CHttpResponseCodec.createException(W3CHttpResponseCodec.java:187)
	at org.openqa.selenium.remote.http.W3CHttpResponseCodec.decode(W3CHttpResponseCodec.java:122)
	at org.openqa.selenium.remote.http.W3CHttpResponseCodec.decode(W3CHttpResponseCodec.java:49)
	at org.openqa.selenium.remote.HttpCommandExecutor.execute(HttpCommandExecutor.java:158)
	at io.appium.java_client.remote.AppiumCommandExecutor.execute(AppiumCommandExecutor.java:239)
	at org.openqa.selenium.remote.RemoteWebDriver.execute(RemoteWebDriver.java:552)
	at io.appium.java_client.DefaultGenericMobileDriver.execute(DefaultGenericMobileDriver.java:42)
	at io.appium.java_client.AppiumDriver.execute(AppiumDriver.java:1)
	at io.appium.java_client.android.AndroidDriver.execute(AndroidDriver.java:1)
	at org.openqa.selenium.remote.RemoteWebDriver.findElement(RemoteWebDriver.java:323)
	at io.appium.java_client.DefaultGenericMobileDriver.findElement(DefaultGenericMobileDriver.java:62)
	at io.appium.java_client.AppiumDriver.findElement(AppiumDriver.java:1)
	at io.appium.java_client.android.AndroidDriver.findElement(AndroidDriver.java:1)
	at io.appium.java_client.FindsByAndroidUIAutomator.findElementByAndroidUIAutomator(FindsByAndroidUIAutomator.java:38)
	at BLU_J9L.Test8_Int.recordAudio(Test8_Int.java:104)
	at sun.reflect.NativeMethodAccessorImpl.invoke0(Native Method)
	at sun.reflect.NativeMethodAccessorImpl.invoke(NativeMethodAccessorImpl.java:62)
	at sun.reflect.DelegatingMethodAccessorImpl.invoke(DelegatingMethodAccessorImpl.java:43)
	at java.lang.reflect.Method.invoke(Method.java:498)
	at org.testng.internal.MethodInvocationHelper.invokeMethod(MethodInvocationHelper.java:80)
	at org.testng.internal.Invoker.invokeMethod(Invoker.java:673)
	at org.testng.internal.Invoker.invokeTestMethod(Invoker.java:842)
	at org.testng.internal.Invoker.invokeTestMethods(Invoker.java:1166)
	at org.testng.internal.TestMethodWorker.invokeTestMethods(TestMethodWorker.java:125)
	at org.testng.internal.TestMethodWorker.run(TestMethodWorker.java:109)
	at org.testng.TestRunner.runWorkers(TestRunner.java:1178)
	at org.testng.TestRunner.privateRun(TestRunner.java:757)
	at org.testng.TestRunner.run(TestRunner.java:608)
	at org.testng.SuiteRunner.runTest(SuiteRunner.java:334)
	at org.testng.SuiteRunner.runSequentially(SuiteRunner.java:329)
	at org.testng.SuiteRunner.privateRun(SuiteRunner.java:291)
	at org.testng.SuiteRunner.run(SuiteRunner.java:240)
	at org.testng.SuiteRunnerWorker.runSuite(SuiteRunnerWorker.java:52)
	at org.testng.SuiteRunnerWorker.run(SuiteRunnerWorker.java:86)
	at org.testng.TestNG.runSuitesSequentially(TestNG.java:1158)
	at org.testng.TestNG.runSuitesSequentially(TestNG.java:1154)
	at org.testng.TestNG.runSuitesLocally(TestNG.java:1083)
	at org.testng.TestNG.run(TestNG.java:999)
	at org.apache.maven.surefire.testng.TestNGExecutor.run(TestNGExecutor.java:284)
	at org.apache.maven.surefire.testng.TestNGXmlTestSuite.execute(TestNGXmlTestSuite.java:75)
	at org.apache.maven.surefire.testng.TestNGProvider.invoke(TestNGProvider.java:119)
	at org.apache.maven.surefire.booter.ForkedBooter.runSuitesInProcess(ForkedBooter.java:428)
	at org.apache.maven.surefire.booter.ForkedBooter.execute(ForkedBooter.java:162)
	at org.apache.maven.surefire.booter.ForkedBooter.run(ForkedBooter.java:562)
	at org.apache.maven.surefire.booter.ForkedBooter.main(ForkedBooter.java:548)
]]></system-err>
  </testcase>
  <testcase name="rearVideoRec" classname="BLU_J9L.Test10_Int" time="2,350.325">
    <system-out><![CDATA[Test: Start
===================================================================================================================================================================================================================================================================================================================================================================================================================================================================================================================================================================================================================================================================================================================================
Test10_Int Scenario is as follows
1.Launch Camera application and start rear camera video recording for all host applicable resolutions in Internal storage
2.Playback Highest resolution recorded video from Internal storage, fast forward playback and pause video scenario 
3.Playback copied videos from Test1 folder, fast forward and pause scenario
Setting up the appium desired capabilities
===================================================================================================================================================================================================================================================================================================================================================================================================================================================================================================================================================================================================================================================================================================================================
Clearing Recent Apps
Pass: No recent apps found
Launch Camera Application for rear camera video recording
Select camera permissions
While using the app
START CAPTURE
===================================================================================================================================================================================================================================================================================================================================================================================================================================================================================================================================================================================================================================================================================================================================
Test10_Int_Bcam_res: 3 resolutions supported
Select video tab
Select settings option
Select Video quality
Select 1st Back Video Resolution:  1080p
recordingDurationRear_Int = 580sec
Start video recording
Stop video recording
Select settings option
Select Video quality
Select 2nd Back Video Resolution:   720p
recordingDurationRear_Int1 = 580sec
Start video recording
Stop video recording
Select settings option
Select Video quality
Select 3rd Rear Video Resolution:  SD 480p
recordingDurationRear_Int2 = 580sec
Start video recording
Stop video recording
Select photo mode
Pass: Rear video recording is successfull
Launch File Manager Application to verify captured videos
Select Internal storage
switch to grid view mode to select DCIM folder
Select DCIM Folder
Select camera folder
switch to list view mode
Select More Options 
Click On Select All Options
Test10_Int_Bcam_video: 3 Videos captured successfully
===================================================================================================================================================================================================================================================================================================================================================================================================================================================================================================================================================================================================================================================================================================================================
Calling RecordedVideoPlayback() for Playing Highest record video, fast forward video play back scenario
Launch File Manager for playing highest resolution recorded video from Internal storage, fast forward and pause scenario
Select Internal storage
switch to grid view mode to select DCIM folder
Select DCIM Folder
Select camera folder
switch to list view mode
Select more options and sort by largest file first
Click on first file to play highest recorded resolution video file
Tap Somewhere on Screen for contents to visible on Screen
Fast forward video for 10 seconds
Pass: Recorded Video play back and fast forward successfull 
===================================================================================================================================================================================================================================================================================================================================================================================================================================================================================================================================================================================================================================================================================================================================
Calling DataMovementOperation() to move recorded rear camer videos to Test10_Int Folder 
launch file manager application select Internal storage-->DCIM folder-->Camera folder-->Select all rear camera videos create Test10_Int and cut paste all videos in Test10_Int folder
click on browse option
Swipe up to select Internal storage
Select Internal storage
switch to grid view mode to select DCIM folder
Select DCIM Folder
Select camera folder
switch to list view mode
Click More options
Click select all
Click More options
select move to option
select Internal storage
Select ADD NEW Folder option
Name folder as Test10_Int
Accept create folder
Cut paste  video files operation completed successfully
Pass: Test10_Int Pass for data move operation successfully
===================================================================================================================================================================================================================================================================================================================================================================================================================================================================================================================================================================================================================================================================================================================================
Calling copiedvideosPlayBack() for playing copied video file from Test1 folder
Re-launch file manager application and select Internal storage for playing copied video files
Select Internal storage
Select Test1 folder
Select TestFile folder
Select OneGB folder
Select video folder
Select LG_4K_DEMO_HDR_2018_(60FPS)_ELBA(480p).mp4 file for video playback
Started video playback
Tap Somewhere on Screen for contents to visible on Screen
Click fast forward button for 10 seconds video forward
click press back stop video
Pass: 4K Video play back and fast forward is successful 
Select FHD 5.1 ( 1350 X 2560 ).webm file for video playback from uSD card(Test-->Videos)
Started video playback
Tap Somewhere on Screen for contents to visible on Screen
Click fast forward button for 10 seconds video forward
Fail:Test10_Int Fail for FHD video play back Host Doesn't support .webm videos: org.openqa.selenium.NoSuchElementException: An element could not be located on the page using the given search parameters.
For documentation on this error, please visit: https://www.seleniumhq.org/exceptions/no_such_element.html
Build info: version: '3.141.59', revision: 'e82be7d358', time: '2018-11-14T08:17:03'
System info: host: 'SD-APPS-201', ip: '10.65.147.20', os.name: 'Windows 10', os.arch: 'amd64', os.version: '10.0', java.version: '1.8.0_202'
Driver info: io.appium.java_client.android.AndroidDriver
Capabilities {automationName: UiAutomator2, databaseEnabled: false, desired: {automationName: UiAutomator2, deviceName: J9L, newCommandTimeout: 1200, platformName: android, platformVersion: 11, udid: 2040306021133362}, deviceApiLevel: 30, deviceManufacturer: BLU, deviceModel: J9L, deviceName: 2040306021133362, deviceScreenDensity: 240, deviceScreenSize: 480x960, deviceUDID: 2040306021133362, javascriptEnabled: true, locationContextEnabled: false, networkConnectionEnabled: true, newCommandTimeout: 1200, pixelRatio: 1.5, platform: LINUX, platformName: Android, platformVersion: 11, statBarHeight: 36, takesScreenshot: true, udid: 2040306021133362, viewportRect: {height: 852, left: 0, top: 36, width: 480}, warnings: {}, webStorageEnabled: false}
Session ID: 526b11bf-f302-41e0-9e7f-5991ba6ba799
*** Element info: {Using=xpath, value=//*[@resource-id='com.google.android.apps.nbu.files:id/fast_forward']}
===================================================================================================================================================================================================================================================================================================================================================================================================================================================================================================================================================================================================================================================================================================================================
Final Message: Pass Test10_Int Pass for rear camera  video recording, playback and fast forward highest resolution recorded video and playback and fast forward copied video files from Test1 folder and data move operation scenario
Test:End
===================================================================================================================================================================================================================================================================================================================================================================================================================================================================================================================================================================================================================================================================================================================================
]]></system-out>
    <system-err><![CDATA[2023-02-15 11:32:06 INFO   io.appium.java_client.remote.AppiumCommandExecutor$1 lambda$0 Detected dialect: W3C
2023-02-15 11:32:15 INFO   io.appium.java_client.remote.AppiumCommandExecutor$1 lambda$0 Detected dialect: W3C
org.openqa.selenium.InvalidSelectorException: Could not parse selector expression `new UiSelector().content-desc("CLEAR ALL")`: UiSelector has no `content-desc` method
For documentation on this error, please visit: https://www.seleniumhq.org/exceptions/invalid_selector_exception.html
Build info: version: '3.141.59', revision: 'e82be7d358', time: '2018-11-14T08:17:03'
System info: host: 'SD-APPS-201', ip: '10.65.147.20', os.name: 'Windows 10', os.arch: 'amd64', os.version: '10.0', java.version: '1.8.0_202'
Driver info: io.appium.java_client.android.AndroidDriver
Capabilities {automationName: UiAutomator2, databaseEnabled: false, desired: {automationName: UiAutomator2, deviceName: J9L, newCommandTimeout: 1200, platformName: android, platformVersion: 11, udid: 2040306021133362}, deviceApiLevel: 30, deviceManufacturer: BLU, deviceModel: J9L, deviceName: 2040306021133362, deviceScreenDensity: 240, deviceScreenSize: 480x960, deviceUDID: 2040306021133362, javascriptEnabled: true, locationContextEnabled: false, networkConnectionEnabled: true, newCommandTimeout: 1200, pixelRatio: 1.5, platform: LINUX, platformName: Android, platformVersion: 11, statBarHeight: 36, takesScreenshot: true, udid: 2040306021133362, viewportRect: {height: 852, left: 0, top: 36, width: 480}, warnings: {}, webStorageEnabled: false}
Session ID: 526b11bf-f302-41e0-9e7f-5991ba6ba799
*** Element info: {Using=-android uiautomator, value=new UiSelector().content-desc("CLEAR ALL")}
	at sun.reflect.NativeConstructorAccessorImpl.newInstance0(Native Method)
	at sun.reflect.NativeConstructorAccessorImpl.newInstance(NativeConstructorAccessorImpl.java:62)
	at sun.reflect.DelegatingConstructorAccessorImpl.newInstance(DelegatingConstructorAccessorImpl.java:45)
	at java.lang.reflect.Constructor.newInstance(Constructor.java:423)
	at org.openqa.selenium.remote.http.W3CHttpResponseCodec.createException(W3CHttpResponseCodec.java:187)
	at org.openqa.selenium.remote.http.W3CHttpResponseCodec.decode(W3CHttpResponseCodec.java:122)
	at org.openqa.selenium.remote.http.W3CHttpResponseCodec.decode(W3CHttpResponseCodec.java:49)
	at org.openqa.selenium.remote.HttpCommandExecutor.execute(HttpCommandExecutor.java:158)
	at io.appium.java_client.remote.AppiumCommandExecutor.execute(AppiumCommandExecutor.java:239)
	at org.openqa.selenium.remote.RemoteWebDriver.execute(RemoteWebDriver.java:552)
	at io.appium.java_client.DefaultGenericMobileDriver.execute(DefaultGenericMobileDriver.java:42)
	at io.appium.java_client.AppiumDriver.execute(AppiumDriver.java:1)
	at io.appium.java_client.android.AndroidDriver.execute(AndroidDriver.java:1)
	at org.openqa.selenium.remote.RemoteWebDriver.findElement(RemoteWebDriver.java:323)
	at io.appium.java_client.DefaultGenericMobileDriver.findElement(DefaultGenericMobileDriver.java:62)
	at io.appium.java_client.AppiumDriver.findElement(AppiumDriver.java:1)
	at io.appium.java_client.android.AndroidDriver.findElement(AndroidDriver.java:1)
	at io.appium.java_client.FindsByAndroidUIAutomator.findElementByAndroidUIAutomator(FindsByAndroidUIAutomator.java:38)
	at BLU_J9L.Test10_Int.rearVideoRec(Test10_Int.java:99)
	at sun.reflect.NativeMethodAccessorImpl.invoke0(Native Method)
	at sun.reflect.NativeMethodAccessorImpl.invoke(NativeMethodAccessorImpl.java:62)
	at sun.reflect.DelegatingMethodAccessorImpl.invoke(DelegatingMethodAccessorImpl.java:43)
	at java.lang.reflect.Method.invoke(Method.java:498)
	at org.testng.internal.MethodInvocationHelper.invokeMethod(MethodInvocationHelper.java:80)
	at org.testng.internal.Invoker.invokeMethod(Invoker.java:673)
	at org.testng.internal.Invoker.invokeTestMethod(Invoker.java:842)
	at org.testng.internal.Invoker.invokeTestMethods(Invoker.java:1166)
	at org.testng.internal.TestMethodWorker.invokeTestMethods(TestMethodWorker.java:125)
	at org.testng.internal.TestMethodWorker.run(TestMethodWorker.java:109)
	at org.testng.TestRunner.runWorkers(TestRunner.java:1178)
	at org.testng.TestRunner.privateRun(TestRunner.java:757)
	at org.testng.TestRunner.run(TestRunner.java:608)
	at org.testng.SuiteRunner.runTest(SuiteRunner.java:334)
	at org.testng.SuiteRunner.runSequentially(SuiteRunner.java:329)
	at org.testng.SuiteRunner.privateRun(SuiteRunner.java:291)
	at org.testng.SuiteRunner.run(SuiteRunner.java:240)
	at org.testng.SuiteRunnerWorker.runSuite(SuiteRunnerWorker.java:52)
	at org.testng.SuiteRunnerWorker.run(SuiteRunnerWorker.java:86)
	at org.testng.TestNG.runSuitesSequentially(TestNG.java:1158)
	at org.testng.TestNG.runSuitesSequentially(TestNG.java:1154)
	at org.testng.TestNG.runSuitesLocally(TestNG.java:1083)
	at org.testng.TestNG.run(TestNG.java:999)
	at org.apache.maven.surefire.testng.TestNGExecutor.run(TestNGExecutor.java:284)
	at org.apache.maven.surefire.testng.TestNGXmlTestSuite.execute(TestNGXmlTestSuite.java:75)
	at org.apache.maven.surefire.testng.TestNGProvider.invoke(TestNGProvider.java:119)
	at org.apache.maven.surefire.booter.ForkedBooter.runSuitesInProcess(ForkedBooter.java:428)
	at org.apache.maven.surefire.booter.ForkedBooter.execute(ForkedBooter.java:162)
	at org.apache.maven.surefire.booter.ForkedBooter.run(ForkedBooter.java:562)
	at org.apache.maven.surefire.booter.ForkedBooter.main(ForkedBooter.java:548)
org.openqa.selenium.NoSuchElementException: An element could not be located on the page using the given search parameters.
For documentation on this error, please visit: https://www.seleniumhq.org/exceptions/no_such_element.html
Build info: version: '3.141.59', revision: 'e82be7d358', time: '2018-11-14T08:17:03'
System info: host: 'SD-APPS-201', ip: '10.65.147.20', os.name: 'Windows 10', os.arch: 'amd64', os.version: '10.0', java.version: '1.8.0_202'
Driver info: io.appium.java_client.android.AndroidDriver
Capabilities {automationName: UiAutomator2, databaseEnabled: false, desired: {automationName: UiAutomator2, deviceName: J9L, newCommandTimeout: 1200, platformName: android, platformVersion: 11, udid: 2040306021133362}, deviceApiLevel: 30, deviceManufacturer: BLU, deviceModel: J9L, deviceName: 2040306021133362, deviceScreenDensity: 240, deviceScreenSize: 480x960, deviceUDID: 2040306021133362, javascriptEnabled: true, locationContextEnabled: false, networkConnectionEnabled: true, newCommandTimeout: 1200, pixelRatio: 1.5, platform: LINUX, platformName: Android, platformVersion: 11, statBarHeight: 36, takesScreenshot: true, udid: 2040306021133362, viewportRect: {height: 852, left: 0, top: 36, width: 480}, warnings: {}, webStorageEnabled: false}
Session ID: 526b11bf-f302-41e0-9e7f-5991ba6ba799
*** Element info: {Using=xpath, value=//*[@text='WHILE USING THE APP']}
	at sun.reflect.NativeConstructorAccessorImpl.newInstance0(Native Method)
	at sun.reflect.NativeConstructorAccessorImpl.newInstance(NativeConstructorAccessorImpl.java:62)
	at sun.reflect.DelegatingConstructorAccessorImpl.newInstance(DelegatingConstructorAccessorImpl.java:45)
	at java.lang.reflect.Constructor.newInstance(Constructor.java:423)
	at org.openqa.selenium.remote.http.W3CHttpResponseCodec.createException(W3CHttpResponseCodec.java:187)
	at org.openqa.selenium.remote.http.W3CHttpResponseCodec.decode(W3CHttpResponseCodec.java:122)
	at org.openqa.selenium.remote.http.W3CHttpResponseCodec.decode(W3CHttpResponseCodec.java:49)
	at org.openqa.selenium.remote.HttpCommandExecutor.execute(HttpCommandExecutor.java:158)
	at io.appium.java_client.remote.AppiumCommandExecutor.execute(AppiumCommandExecutor.java:239)
	at org.openqa.selenium.remote.RemoteWebDriver.execute(RemoteWebDriver.java:552)
	at io.appium.java_client.DefaultGenericMobileDriver.execute(DefaultGenericMobileDriver.java:42)
	at io.appium.java_client.AppiumDriver.execute(AppiumDriver.java:1)
	at io.appium.java_client.android.AndroidDriver.execute(AndroidDriver.java:1)
	at org.openqa.selenium.remote.RemoteWebDriver.findElement(RemoteWebDriver.java:323)
	at io.appium.java_client.DefaultGenericMobileDriver.findElement(DefaultGenericMobileDriver.java:62)
	at io.appium.java_client.AppiumDriver.findElement(AppiumDriver.java:1)
	at io.appium.java_client.android.AndroidDriver.findElement(AndroidDriver.java:1)
	at org.openqa.selenium.remote.RemoteWebDriver.findElementByXPath(RemoteWebDriver.java:428)
	at io.appium.java_client.DefaultGenericMobileDriver.findElementByXPath(DefaultGenericMobileDriver.java:152)
	at io.appium.java_client.AppiumDriver.findElementByXPath(AppiumDriver.java:1)
	at io.appium.java_client.android.AndroidDriver.findElementByXPath(AndroidDriver.java:1)
	at org.openqa.selenium.By$ByXPath.findElement(By.java:353)
	at org.openqa.selenium.remote.RemoteWebDriver.findElement(RemoteWebDriver.java:315)
	at io.appium.java_client.DefaultGenericMobileDriver.findElement(DefaultGenericMobileDriver.java:58)
	at io.appium.java_client.AppiumDriver.findElement(AppiumDriver.java:1)
	at io.appium.java_client.android.AndroidDriver.findElement(AndroidDriver.java:1)
	at BLU_J9L.Test10_Int.rearVideoRec(Test10_Int.java:123)
	at sun.reflect.NativeMethodAccessorImpl.invoke0(Native Method)
	at sun.reflect.NativeMethodAccessorImpl.invoke(NativeMethodAccessorImpl.java:62)
	at sun.reflect.DelegatingMethodAccessorImpl.invoke(DelegatingMethodAccessorImpl.java:43)
	at java.lang.reflect.Method.invoke(Method.java:498)
	at org.testng.internal.MethodInvocationHelper.invokeMethod(MethodInvocationHelper.java:80)
	at org.testng.internal.Invoker.invokeMethod(Invoker.java:673)
	at org.testng.internal.Invoker.invokeTestMethod(Invoker.java:842)
	at org.testng.internal.Invoker.invokeTestMethods(Invoker.java:1166)
	at org.testng.internal.TestMethodWorker.invokeTestMethods(TestMethodWorker.java:125)
	at org.testng.internal.TestMethodWorker.run(TestMethodWorker.java:109)
	at org.testng.TestRunner.runWorkers(TestRunner.java:1178)
	at org.testng.TestRunner.privateRun(TestRunner.java:757)
	at org.testng.TestRunner.run(TestRunner.java:608)
	at org.testng.SuiteRunner.runTest(SuiteRunner.java:334)
	at org.testng.SuiteRunner.runSequentially(SuiteRunner.java:329)
	at org.testng.SuiteRunner.privateRun(SuiteRunner.java:291)
	at org.testng.SuiteRunner.run(SuiteRunner.java:240)
	at org.testng.SuiteRunnerWorker.runSuite(SuiteRunnerWorker.java:52)
	at org.testng.SuiteRunnerWorker.run(SuiteRunnerWorker.java:86)
	at org.testng.TestNG.runSuitesSequentially(TestNG.java:1158)
	at org.testng.TestNG.runSuitesSequentially(TestNG.java:1154)
	at org.testng.TestNG.runSuitesLocally(TestNG.java:1083)
	at org.testng.TestNG.run(TestNG.java:999)
	at org.apache.maven.surefire.testng.TestNGExecutor.run(TestNGExecutor.java:284)
	at org.apache.maven.surefire.testng.TestNGXmlTestSuite.execute(TestNGXmlTestSuite.java:75)
	at org.apache.maven.surefire.testng.TestNGProvider.invoke(TestNGProvider.java:119)
	at org.apache.maven.surefire.booter.ForkedBooter.runSuitesInProcess(ForkedBooter.java:428)
	at org.apache.maven.surefire.booter.ForkedBooter.execute(ForkedBooter.java:162)
	at org.apache.maven.surefire.booter.ForkedBooter.run(ForkedBooter.java:562)
	at org.apache.maven.surefire.booter.ForkedBooter.main(ForkedBooter.java:548)
org.openqa.selenium.NoSuchElementException: An element could not be located on the page using the given search parameters.
For documentation on this error, please visit: https://www.seleniumhq.org/exceptions/no_such_element.html
Build info: version: '3.141.59', revision: 'e82be7d358', time: '2018-11-14T08:17:03'
System info: host: 'SD-APPS-201', ip: '10.65.147.20', os.name: 'Windows 10', os.arch: 'amd64', os.version: '10.0', java.version: '1.8.0_202'
Driver info: io.appium.java_client.android.AndroidDriver
Capabilities {automationName: UiAutomator2, databaseEnabled: false, desired: {automationName: UiAutomator2, deviceName: J9L, newCommandTimeout: 1200, platformName: android, platformVersion: 11, udid: 2040306021133362}, deviceApiLevel: 30, deviceManufacturer: BLU, deviceModel: J9L, deviceName: 2040306021133362, deviceScreenDensity: 240, deviceScreenSize: 480x960, deviceUDID: 2040306021133362, javascriptEnabled: true, locationContextEnabled: false, networkConnectionEnabled: true, newCommandTimeout: 1200, pixelRatio: 1.5, platform: LINUX, platformName: Android, platformVersion: 11, statBarHeight: 36, takesScreenshot: true, udid: 2040306021133362, viewportRect: {height: 852, left: 0, top: 36, width: 480}, warnings: {}, webStorageEnabled: false}
Session ID: 526b11bf-f302-41e0-9e7f-5991ba6ba799
*** Element info: {Using=xpath, value=//*[@text='START CAPTURE']}
	at sun.reflect.NativeConstructorAccessorImpl.newInstance0(Native Method)
	at sun.reflect.NativeConstructorAccessorImpl.newInstance(NativeConstructorAccessorImpl.java:62)
	at sun.reflect.DelegatingConstructorAccessorImpl.newInstance(DelegatingConstructorAccessorImpl.java:45)
	at java.lang.reflect.Constructor.newInstance(Constructor.java:423)
	at org.openqa.selenium.remote.http.W3CHttpResponseCodec.createException(W3CHttpResponseCodec.java:187)
	at org.openqa.selenium.remote.http.W3CHttpResponseCodec.decode(W3CHttpResponseCodec.java:122)
	at org.openqa.selenium.remote.http.W3CHttpResponseCodec.decode(W3CHttpResponseCodec.java:49)
	at org.openqa.selenium.remote.HttpCommandExecutor.execute(HttpCommandExecutor.java:158)
	at io.appium.java_client.remote.AppiumCommandExecutor.execute(AppiumCommandExecutor.java:239)
	at org.openqa.selenium.remote.RemoteWebDriver.execute(RemoteWebDriver.java:552)
	at io.appium.java_client.DefaultGenericMobileDriver.execute(DefaultGenericMobileDriver.java:42)
	at io.appium.java_client.AppiumDriver.execute(AppiumDriver.java:1)
	at io.appium.java_client.android.AndroidDriver.execute(AndroidDriver.java:1)
	at org.openqa.selenium.remote.RemoteWebDriver.findElement(RemoteWebDriver.java:323)
	at io.appium.java_client.DefaultGenericMobileDriver.findElement(DefaultGenericMobileDriver.java:62)
	at io.appium.java_client.AppiumDriver.findElement(AppiumDriver.java:1)
	at io.appium.java_client.android.AndroidDriver.findElement(AndroidDriver.java:1)
	at org.openqa.selenium.remote.RemoteWebDriver.findElementByXPath(RemoteWebDriver.java:428)
	at io.appium.java_client.DefaultGenericMobileDriver.findElementByXPath(DefaultGenericMobileDriver.java:152)
	at io.appium.java_client.AppiumDriver.findElementByXPath(AppiumDriver.java:1)
	at io.appium.java_client.android.AndroidDriver.findElementByXPath(AndroidDriver.java:1)
	at org.openqa.selenium.By$ByXPath.findElement(By.java:353)
	at org.openqa.selenium.remote.RemoteWebDriver.findElement(RemoteWebDriver.java:315)
	at io.appium.java_client.DefaultGenericMobileDriver.findElement(DefaultGenericMobileDriver.java:58)
	at io.appium.java_client.AppiumDriver.findElement(AppiumDriver.java:1)
	at io.appium.java_client.android.AndroidDriver.findElement(AndroidDriver.java:1)
	at BLU_J9L.Test10_Int.rearVideoRec(Test10_Int.java:133)
	at sun.reflect.NativeMethodAccessorImpl.invoke0(Native Method)
	at sun.reflect.NativeMethodAccessorImpl.invoke(NativeMethodAccessorImpl.java:62)
	at sun.reflect.DelegatingMethodAccessorImpl.invoke(DelegatingMethodAccessorImpl.java:43)
	at java.lang.reflect.Method.invoke(Method.java:498)
	at org.testng.internal.MethodInvocationHelper.invokeMethod(MethodInvocationHelper.java:80)
	at org.testng.internal.Invoker.invokeMethod(Invoker.java:673)
	at org.testng.internal.Invoker.invokeTestMethod(Invoker.java:842)
	at org.testng.internal.Invoker.invokeTestMethods(Invoker.java:1166)
	at org.testng.internal.TestMethodWorker.invokeTestMethods(TestMethodWorker.java:125)
	at org.testng.internal.TestMethodWorker.run(TestMethodWorker.java:109)
	at org.testng.TestRunner.runWorkers(TestRunner.java:1178)
	at org.testng.TestRunner.privateRun(TestRunner.java:757)
	at org.testng.TestRunner.run(TestRunner.java:608)
	at org.testng.SuiteRunner.runTest(SuiteRunner.java:334)
	at org.testng.SuiteRunner.runSequentially(SuiteRunner.java:329)
	at org.testng.SuiteRunner.privateRun(SuiteRunner.java:291)
	at org.testng.SuiteRunner.run(SuiteRunner.java:240)
	at org.testng.SuiteRunnerWorker.runSuite(SuiteRunnerWorker.java:52)
	at org.testng.SuiteRunnerWorker.run(SuiteRunnerWorker.java:86)
	at org.testng.TestNG.runSuitesSequentially(TestNG.java:1158)
	at org.testng.TestNG.runSuitesSequentially(TestNG.java:1154)
	at org.testng.TestNG.runSuitesLocally(TestNG.java:1083)
	at org.testng.TestNG.run(TestNG.java:999)
	at org.apache.maven.surefire.testng.TestNGExecutor.run(TestNGExecutor.java:284)
	at org.apache.maven.surefire.testng.TestNGXmlTestSuite.execute(TestNGXmlTestSuite.java:75)
	at org.apache.maven.surefire.testng.TestNGProvider.invoke(TestNGProvider.java:119)
	at org.apache.maven.surefire.booter.ForkedBooter.runSuitesInProcess(ForkedBooter.java:428)
	at org.apache.maven.surefire.booter.ForkedBooter.execute(ForkedBooter.java:162)
	at org.apache.maven.surefire.booter.ForkedBooter.run(ForkedBooter.java:562)
	at org.apache.maven.surefire.booter.ForkedBooter.main(ForkedBooter.java:548)
org.openqa.selenium.NoSuchElementException: An element could not be located on the page using the given search parameters.
For documentation on this error, please visit: https://www.seleniumhq.org/exceptions/no_such_element.html
Build info: version: '3.141.59', revision: 'e82be7d358', time: '2018-11-14T08:17:03'
System info: host: 'SD-APPS-201', ip: '10.65.147.20', os.name: 'Windows 10', os.arch: 'amd64', os.version: '10.0', java.version: '1.8.0_202'
Driver info: io.appium.java_client.android.AndroidDriver
Capabilities {automationName: UiAutomator2, databaseEnabled: false, desired: {automationName: UiAutomator2, deviceName: J9L, newCommandTimeout: 1200, platformName: android, platformVersion: 11, udid: 2040306021133362}, deviceApiLevel: 30, deviceManufacturer: BLU, deviceModel: J9L, deviceName: 2040306021133362, deviceScreenDensity: 240, deviceScreenSize: 480x960, deviceUDID: 2040306021133362, javascriptEnabled: true, locationContextEnabled: false, networkConnectionEnabled: true, newCommandTimeout: 1200, pixelRatio: 1.5, platform: LINUX, platformName: Android, platformVersion: 11, statBarHeight: 36, takesScreenshot: true, udid: 2040306021133362, viewportRect: {height: 852, left: 0, top: 36, width: 480}, warnings: {}, webStorageEnabled: false}
Session ID: 526b11bf-f302-41e0-9e7f-5991ba6ba799
*** Element info: {Using=xpath, value=//*[@resource-id='com.google.android.apps.nbu.files:id/agree_button']}
	at sun.reflect.NativeConstructorAccessorImpl.newInstance0(Native Method)
	at sun.reflect.NativeConstructorAccessorImpl.newInstance(NativeConstructorAccessorImpl.java:62)
	at sun.reflect.DelegatingConstructorAccessorImpl.newInstance(DelegatingConstructorAccessorImpl.java:45)
	at java.lang.reflect.Constructor.newInstance(Constructor.java:423)
	at org.openqa.selenium.remote.http.W3CHttpResponseCodec.createException(W3CHttpResponseCodec.java:187)
	at org.openqa.selenium.remote.http.W3CHttpResponseCodec.decode(W3CHttpResponseCodec.java:122)
	at org.openqa.selenium.remote.http.W3CHttpResponseCodec.decode(W3CHttpResponseCodec.java:49)
	at org.openqa.selenium.remote.HttpCommandExecutor.execute(HttpCommandExecutor.java:158)
	at io.appium.java_client.remote.AppiumCommandExecutor.execute(AppiumCommandExecutor.java:239)
	at org.openqa.selenium.remote.RemoteWebDriver.execute(RemoteWebDriver.java:552)
	at io.appium.java_client.DefaultGenericMobileDriver.execute(DefaultGenericMobileDriver.java:42)
	at io.appium.java_client.AppiumDriver.execute(AppiumDriver.java:1)
	at io.appium.java_client.android.AndroidDriver.execute(AndroidDriver.java:1)
	at org.openqa.selenium.remote.RemoteWebDriver.findElement(RemoteWebDriver.java:323)
	at io.appium.java_client.DefaultGenericMobileDriver.findElement(DefaultGenericMobileDriver.java:62)
	at io.appium.java_client.AppiumDriver.findElement(AppiumDriver.java:1)
	at io.appium.java_client.android.AndroidDriver.findElement(AndroidDriver.java:1)
	at org.openqa.selenium.remote.RemoteWebDriver.findElementByXPath(RemoteWebDriver.java:428)
	at io.appium.java_client.DefaultGenericMobileDriver.findElementByXPath(DefaultGenericMobileDriver.java:152)
	at io.appium.java_client.AppiumDriver.findElementByXPath(AppiumDriver.java:1)
	at io.appium.java_client.android.AndroidDriver.findElementByXPath(AndroidDriver.java:1)
	at org.openqa.selenium.By$ByXPath.findElement(By.java:353)
	at org.openqa.selenium.remote.RemoteWebDriver.findElement(RemoteWebDriver.java:315)
	at io.appium.java_client.DefaultGenericMobileDriver.findElement(DefaultGenericMobileDriver.java:58)
	at io.appium.java_client.AppiumDriver.findElement(AppiumDriver.java:1)
	at io.appium.java_client.android.AndroidDriver.findElement(AndroidDriver.java:1)
	at BLU_J9L.Test10_Int.DataMoveOperation(Test10_Int.java:652)
	at BLU_J9L.Test10_Int.RecordedVideoPlayback(Test10_Int.java:457)
	at BLU_J9L.Test10_Int.rearVideoRec(Test10_Int.java:340)
	at sun.reflect.NativeMethodAccessorImpl.invoke0(Native Method)
	at sun.reflect.NativeMethodAccessorImpl.invoke(NativeMethodAccessorImpl.java:62)
	at sun.reflect.DelegatingMethodAccessorImpl.invoke(DelegatingMethodAccessorImpl.java:43)
	at java.lang.reflect.Method.invoke(Method.java:498)
	at org.testng.internal.MethodInvocationHelper.invokeMethod(MethodInvocationHelper.java:80)
	at org.testng.internal.Invoker.invokeMethod(Invoker.java:673)
	at org.testng.internal.Invoker.invokeTestMethod(Invoker.java:842)
	at org.testng.internal.Invoker.invokeTestMethods(Invoker.java:1166)
	at org.testng.internal.TestMethodWorker.invokeTestMethods(TestMethodWorker.java:125)
	at org.testng.internal.TestMethodWorker.run(TestMethodWorker.java:109)
	at org.testng.TestRunner.runWorkers(TestRunner.java:1178)
	at org.testng.TestRunner.privateRun(TestRunner.java:757)
	at org.testng.TestRunner.run(TestRunner.java:608)
	at org.testng.SuiteRunner.runTest(SuiteRunner.java:334)
	at org.testng.SuiteRunner.runSequentially(SuiteRunner.java:329)
	at org.testng.SuiteRunner.privateRun(SuiteRunner.java:291)
	at org.testng.SuiteRunner.run(SuiteRunner.java:240)
	at org.testng.SuiteRunnerWorker.runSuite(SuiteRunnerWorker.java:52)
	at org.testng.SuiteRunnerWorker.run(SuiteRunnerWorker.java:86)
	at org.testng.TestNG.runSuitesSequentially(TestNG.java:1158)
	at org.testng.TestNG.runSuitesSequentially(TestNG.java:1154)
	at org.testng.TestNG.runSuitesLocally(TestNG.java:1083)
	at org.testng.TestNG.run(TestNG.java:999)
	at org.apache.maven.surefire.testng.TestNGExecutor.run(TestNGExecutor.java:284)
	at org.apache.maven.surefire.testng.TestNGXmlTestSuite.execute(TestNGXmlTestSuite.java:75)
	at org.apache.maven.surefire.testng.TestNGProvider.invoke(TestNGProvider.java:119)
	at org.apache.maven.surefire.booter.ForkedBooter.runSuitesInProcess(ForkedBooter.java:428)
	at org.apache.maven.surefire.booter.ForkedBooter.execute(ForkedBooter.java:162)
	at org.apache.maven.surefire.booter.ForkedBooter.run(ForkedBooter.java:562)
	at org.apache.maven.surefire.booter.ForkedBooter.main(ForkedBooter.java:548)
]]></system-err>
  </testcase>
  <testcase name="frontVideoRec" classname="BLU_J9L.Test10F_Int" time="2,251.059">
    <system-out><![CDATA[Test:Start
===================================================================================================================================================================================================================================================================================================================================================================================================================================================================================================================================================================================================================================================================================================================================
Test10F_Int Scenario is as follows
Launch Camera application and start front camera video recording for all host applicable resolutions in Internal storage
Playback front Highest recorded video from Internal storage for 30 seconds, pause video playback, lock mobile and wait 30 seconds, unlock mobile and playback video from pause video duration
Setting up the appium desired capabilities
===================================================================================================================================================================================================================================================================================================================================================================================================================================================================================================================================================================================================================================================================================================================================
Clearing Recent Apps
Pass: No recent apps found
Launch Camera Application for rear camera video recording
Select camera permissions
While using the app
START CAPTURE
Test10F_Int_Fcam_res: 3 resolutions supported
Select video tab
Click On front camera mode
Select settings option
Select Video quality
Select First front video resolution:  720p
recordingDurationFront_Int = 580sec
Start video recording
Stop video recording
Select settings option
Select Video quality
Select First front video resolution:  480p
recordingDurationFront_Int1 = 580sec
Start video recording
Stop video recording
Select settings option
Select Video quality
Select third front video resolution: CIF
recordingDurationFront_Int2 = 580sec
Start video recording
Stop video recording
Click On back camera mode
Select photo mode
Pass: Test10F_Int pass for front camera video recording
Launch file manager application and verify recorded video capture Internal storage
Swipe up to select Internal storage
Select Internal storage
switch to grid view mode to select DCIM folder
Select DCIM Folder
Select camera folder
switch to list view mode
Click More options
Click select all
Test10F_Int_Fcam_video: 3 videos captured successfully
===================================================================================================================================================================================================================================================================================================================================================================================================================================================================================================================================================================================================================================================================================================================================
Calling VideoPlayBackForSleepWake()
Launch File Manager application and playback front recorded video from Internal storage for 30 seconds, pause video playback, locking phone and unlock after 30 seconds delay and playback video from pause duration.
Select Internal storage
switch to grid view mode to select DCIM folder
Select DCIM Folder
Select camera folder
switch to list view mode
Select MoreOptions1
Select Sort by
Select Sort by Newest date first
Click on first file to play highest recorded resolution video file
Tap Somewhere on Screen for contents to visible on Screen
Click pause video button
Lock Mobile with 30 seconds delay
Unlock Mobile
Playback video from pause video duration
Tap Somewhere on Screen for contents to visible on Screen
Click pause video button
Pass: Test10F_Int Pass for Front video play back, Pause,Lock and Unlock Phone Play back from Pause duration Scenario
===================================================================================================================================================================================================================================================================================================================================================================================================================================================================================================================================================================================================================================================================================================================================
calling DatamoveOperation() to move front camera recorded videos files to Test10F_Int folder
launch file manager application select Internal storage-->DCIM folder-->Camera folder-->Select all Front camera Videos create Test10F_Int folder and cut paste all videos in Test10F_Int folder
click on browse option
Swipe up to select Internal storage
Select Internal storage
switch to grid view mode to select DCIM folder
Select DCIM Folder
Select camera folder
switch to list view mode
Click More options
Click select all
Click More options
select move to option
select Internal storage
Select ADD NEW Folder option
Name folder as Test10F_Int
Accept create folder
Cut paste  video files operation completed successfully
Pass: Test10F_Int Pass for data move operation successfully
===================================================================================================================================================================================================================================================================================================================================================================================================================================================================================================================================================================================================================================================================================================================================
Final Message: Pass Test10F_Int Pass for front camera  video recording, Pause Video Playback scenario and data move operation scenario
Test: End
===================================================================================================================================================================================================================================================================================================================================================================================================================================================================================================================================================================================================================================================================================================================================
]]></system-out>
    <system-err><![CDATA[2023-02-15 12:11:25 INFO   io.appium.java_client.remote.AppiumCommandExecutor$1 lambda$0 Detected dialect: W3C
2023-02-15 12:11:34 INFO   io.appium.java_client.remote.AppiumCommandExecutor$1 lambda$0 Detected dialect: W3C
org.openqa.selenium.InvalidSelectorException: Could not parse selector expression `new UiSelector().content-desc("CLEAR ALL")`: UiSelector has no `content-desc` method
For documentation on this error, please visit: https://www.seleniumhq.org/exceptions/invalid_selector_exception.html
Build info: version: '3.141.59', revision: 'e82be7d358', time: '2018-11-14T08:17:03'
System info: host: 'SD-APPS-201', ip: '10.65.147.20', os.name: 'Windows 10', os.arch: 'amd64', os.version: '10.0', java.version: '1.8.0_202'
Driver info: io.appium.java_client.android.AndroidDriver
Capabilities {automationName: UiAutomator2, databaseEnabled: false, desired: {automationName: UiAutomator2, deviceName: J9L, newCommandTimeout: 1200, platformName: android, platformVersion: 11, udid: 2040306021133362}, deviceApiLevel: 30, deviceManufacturer: BLU, deviceModel: J9L, deviceName: 2040306021133362, deviceScreenDensity: 240, deviceScreenSize: 480x960, deviceUDID: 2040306021133362, javascriptEnabled: true, locationContextEnabled: false, networkConnectionEnabled: true, newCommandTimeout: 1200, pixelRatio: 1.5, platform: LINUX, platformName: Android, platformVersion: 11, statBarHeight: 36, takesScreenshot: true, udid: 2040306021133362, viewportRect: {height: 852, left: 0, top: 36, width: 480}, warnings: {}, webStorageEnabled: false}
Session ID: 2af39de6-b0c5-4040-8574-44031583b6aa
*** Element info: {Using=-android uiautomator, value=new UiSelector().content-desc("CLEAR ALL")}
	at sun.reflect.NativeConstructorAccessorImpl.newInstance0(Native Method)
	at sun.reflect.NativeConstructorAccessorImpl.newInstance(NativeConstructorAccessorImpl.java:62)
	at sun.reflect.DelegatingConstructorAccessorImpl.newInstance(DelegatingConstructorAccessorImpl.java:45)
	at java.lang.reflect.Constructor.newInstance(Constructor.java:423)
	at org.openqa.selenium.remote.http.W3CHttpResponseCodec.createException(W3CHttpResponseCodec.java:187)
	at org.openqa.selenium.remote.http.W3CHttpResponseCodec.decode(W3CHttpResponseCodec.java:122)
	at org.openqa.selenium.remote.http.W3CHttpResponseCodec.decode(W3CHttpResponseCodec.java:49)
	at org.openqa.selenium.remote.HttpCommandExecutor.execute(HttpCommandExecutor.java:158)
	at io.appium.java_client.remote.AppiumCommandExecutor.execute(AppiumCommandExecutor.java:239)
	at org.openqa.selenium.remote.RemoteWebDriver.execute(RemoteWebDriver.java:552)
	at io.appium.java_client.DefaultGenericMobileDriver.execute(DefaultGenericMobileDriver.java:42)
	at io.appium.java_client.AppiumDriver.execute(AppiumDriver.java:1)
	at io.appium.java_client.android.AndroidDriver.execute(AndroidDriver.java:1)
	at org.openqa.selenium.remote.RemoteWebDriver.findElement(RemoteWebDriver.java:323)
	at io.appium.java_client.DefaultGenericMobileDriver.findElement(DefaultGenericMobileDriver.java:62)
	at io.appium.java_client.AppiumDriver.findElement(AppiumDriver.java:1)
	at io.appium.java_client.android.AndroidDriver.findElement(AndroidDriver.java:1)
	at io.appium.java_client.FindsByAndroidUIAutomator.findElementByAndroidUIAutomator(FindsByAndroidUIAutomator.java:38)
	at BLU_J9L.Test10F_Int.frontVideoRec(Test10F_Int.java:96)
	at sun.reflect.NativeMethodAccessorImpl.invoke0(Native Method)
	at sun.reflect.NativeMethodAccessorImpl.invoke(NativeMethodAccessorImpl.java:62)
	at sun.reflect.DelegatingMethodAccessorImpl.invoke(DelegatingMethodAccessorImpl.java:43)
	at java.lang.reflect.Method.invoke(Method.java:498)
	at org.testng.internal.MethodInvocationHelper.invokeMethod(MethodInvocationHelper.java:80)
	at org.testng.internal.Invoker.invokeMethod(Invoker.java:673)
	at org.testng.internal.Invoker.invokeTestMethod(Invoker.java:842)
	at org.testng.internal.Invoker.invokeTestMethods(Invoker.java:1166)
	at org.testng.internal.TestMethodWorker.invokeTestMethods(TestMethodWorker.java:125)
	at org.testng.internal.TestMethodWorker.run(TestMethodWorker.java:109)
	at org.testng.TestRunner.runWorkers(TestRunner.java:1178)
	at org.testng.TestRunner.privateRun(TestRunner.java:757)
	at org.testng.TestRunner.run(TestRunner.java:608)
	at org.testng.SuiteRunner.runTest(SuiteRunner.java:334)
	at org.testng.SuiteRunner.runSequentially(SuiteRunner.java:329)
	at org.testng.SuiteRunner.privateRun(SuiteRunner.java:291)
	at org.testng.SuiteRunner.run(SuiteRunner.java:240)
	at org.testng.SuiteRunnerWorker.runSuite(SuiteRunnerWorker.java:52)
	at org.testng.SuiteRunnerWorker.run(SuiteRunnerWorker.java:86)
	at org.testng.TestNG.runSuitesSequentially(TestNG.java:1158)
	at org.testng.TestNG.runSuitesSequentially(TestNG.java:1154)
	at org.testng.TestNG.runSuitesLocally(TestNG.java:1083)
	at org.testng.TestNG.run(TestNG.java:999)
	at org.apache.maven.surefire.testng.TestNGExecutor.run(TestNGExecutor.java:284)
	at org.apache.maven.surefire.testng.TestNGXmlTestSuite.execute(TestNGXmlTestSuite.java:75)
	at org.apache.maven.surefire.testng.TestNGProvider.invoke(TestNGProvider.java:119)
	at org.apache.maven.surefire.booter.ForkedBooter.runSuitesInProcess(ForkedBooter.java:428)
	at org.apache.maven.surefire.booter.ForkedBooter.execute(ForkedBooter.java:162)
	at org.apache.maven.surefire.booter.ForkedBooter.run(ForkedBooter.java:562)
	at org.apache.maven.surefire.booter.ForkedBooter.main(ForkedBooter.java:548)
org.openqa.selenium.NoSuchElementException: An element could not be located on the page using the given search parameters.
For documentation on this error, please visit: https://www.seleniumhq.org/exceptions/no_such_element.html
Build info: version: '3.141.59', revision: 'e82be7d358', time: '2018-11-14T08:17:03'
System info: host: 'SD-APPS-201', ip: '10.65.147.20', os.name: 'Windows 10', os.arch: 'amd64', os.version: '10.0', java.version: '1.8.0_202'
Driver info: io.appium.java_client.android.AndroidDriver
Capabilities {automationName: UiAutomator2, databaseEnabled: false, desired: {automationName: UiAutomator2, deviceName: J9L, newCommandTimeout: 1200, platformName: android, platformVersion: 11, udid: 2040306021133362}, deviceApiLevel: 30, deviceManufacturer: BLU, deviceModel: J9L, deviceName: 2040306021133362, deviceScreenDensity: 240, deviceScreenSize: 480x960, deviceUDID: 2040306021133362, javascriptEnabled: true, locationContextEnabled: false, networkConnectionEnabled: true, newCommandTimeout: 1200, pixelRatio: 1.5, platform: LINUX, platformName: Android, platformVersion: 11, statBarHeight: 36, takesScreenshot: true, udid: 2040306021133362, viewportRect: {height: 852, left: 0, top: 36, width: 480}, warnings: {}, webStorageEnabled: false}
Session ID: 2af39de6-b0c5-4040-8574-44031583b6aa
*** Element info: {Using=xpath, value=//*[@text='WHILE USING THE APP']}
	at sun.reflect.NativeConstructorAccessorImpl.newInstance0(Native Method)
	at sun.reflect.NativeConstructorAccessorImpl.newInstance(NativeConstructorAccessorImpl.java:62)
	at sun.reflect.DelegatingConstructorAccessorImpl.newInstance(DelegatingConstructorAccessorImpl.java:45)
	at java.lang.reflect.Constructor.newInstance(Constructor.java:423)
	at org.openqa.selenium.remote.http.W3CHttpResponseCodec.createException(W3CHttpResponseCodec.java:187)
	at org.openqa.selenium.remote.http.W3CHttpResponseCodec.decode(W3CHttpResponseCodec.java:122)
	at org.openqa.selenium.remote.http.W3CHttpResponseCodec.decode(W3CHttpResponseCodec.java:49)
	at org.openqa.selenium.remote.HttpCommandExecutor.execute(HttpCommandExecutor.java:158)
	at io.appium.java_client.remote.AppiumCommandExecutor.execute(AppiumCommandExecutor.java:239)
	at org.openqa.selenium.remote.RemoteWebDriver.execute(RemoteWebDriver.java:552)
	at io.appium.java_client.DefaultGenericMobileDriver.execute(DefaultGenericMobileDriver.java:42)
	at io.appium.java_client.AppiumDriver.execute(AppiumDriver.java:1)
	at io.appium.java_client.android.AndroidDriver.execute(AndroidDriver.java:1)
	at org.openqa.selenium.remote.RemoteWebDriver.findElement(RemoteWebDriver.java:323)
	at io.appium.java_client.DefaultGenericMobileDriver.findElement(DefaultGenericMobileDriver.java:62)
	at io.appium.java_client.AppiumDriver.findElement(AppiumDriver.java:1)
	at io.appium.java_client.android.AndroidDriver.findElement(AndroidDriver.java:1)
	at org.openqa.selenium.remote.RemoteWebDriver.findElementByXPath(RemoteWebDriver.java:428)
	at io.appium.java_client.DefaultGenericMobileDriver.findElementByXPath(DefaultGenericMobileDriver.java:152)
	at io.appium.java_client.AppiumDriver.findElementByXPath(AppiumDriver.java:1)
	at io.appium.java_client.android.AndroidDriver.findElementByXPath(AndroidDriver.java:1)
	at org.openqa.selenium.By$ByXPath.findElement(By.java:353)
	at org.openqa.selenium.remote.RemoteWebDriver.findElement(RemoteWebDriver.java:315)
	at io.appium.java_client.DefaultGenericMobileDriver.findElement(DefaultGenericMobileDriver.java:58)
	at io.appium.java_client.AppiumDriver.findElement(AppiumDriver.java:1)
	at io.appium.java_client.android.AndroidDriver.findElement(AndroidDriver.java:1)
	at BLU_J9L.Test10F_Int.frontVideoRec(Test10F_Int.java:119)
	at sun.reflect.NativeMethodAccessorImpl.invoke0(Native Method)
	at sun.reflect.NativeMethodAccessorImpl.invoke(NativeMethodAccessorImpl.java:62)
	at sun.reflect.DelegatingMethodAccessorImpl.invoke(DelegatingMethodAccessorImpl.java:43)
	at java.lang.reflect.Method.invoke(Method.java:498)
	at org.testng.internal.MethodInvocationHelper.invokeMethod(MethodInvocationHelper.java:80)
	at org.testng.internal.Invoker.invokeMethod(Invoker.java:673)
	at org.testng.internal.Invoker.invokeTestMethod(Invoker.java:842)
	at org.testng.internal.Invoker.invokeTestMethods(Invoker.java:1166)
	at org.testng.internal.TestMethodWorker.invokeTestMethods(TestMethodWorker.java:125)
	at org.testng.internal.TestMethodWorker.run(TestMethodWorker.java:109)
	at org.testng.TestRunner.runWorkers(TestRunner.java:1178)
	at org.testng.TestRunner.privateRun(TestRunner.java:757)
	at org.testng.TestRunner.run(TestRunner.java:608)
	at org.testng.SuiteRunner.runTest(SuiteRunner.java:334)
	at org.testng.SuiteRunner.runSequentially(SuiteRunner.java:329)
	at org.testng.SuiteRunner.privateRun(SuiteRunner.java:291)
	at org.testng.SuiteRunner.run(SuiteRunner.java:240)
	at org.testng.SuiteRunnerWorker.runSuite(SuiteRunnerWorker.java:52)
	at org.testng.SuiteRunnerWorker.run(SuiteRunnerWorker.java:86)
	at org.testng.TestNG.runSuitesSequentially(TestNG.java:1158)
	at org.testng.TestNG.runSuitesSequentially(TestNG.java:1154)
	at org.testng.TestNG.runSuitesLocally(TestNG.java:1083)
	at org.testng.TestNG.run(TestNG.java:999)
	at org.apache.maven.surefire.testng.TestNGExecutor.run(TestNGExecutor.java:284)
	at org.apache.maven.surefire.testng.TestNGXmlTestSuite.execute(TestNGXmlTestSuite.java:75)
	at org.apache.maven.surefire.testng.TestNGProvider.invoke(TestNGProvider.java:119)
	at org.apache.maven.surefire.booter.ForkedBooter.runSuitesInProcess(ForkedBooter.java:428)
	at org.apache.maven.surefire.booter.ForkedBooter.execute(ForkedBooter.java:162)
	at org.apache.maven.surefire.booter.ForkedBooter.run(ForkedBooter.java:562)
	at org.apache.maven.surefire.booter.ForkedBooter.main(ForkedBooter.java:548)
org.openqa.selenium.NoSuchElementException: An element could not be located on the page using the given search parameters.
For documentation on this error, please visit: https://www.seleniumhq.org/exceptions/no_such_element.html
Build info: version: '3.141.59', revision: 'e82be7d358', time: '2018-11-14T08:17:03'
System info: host: 'SD-APPS-201', ip: '10.65.147.20', os.name: 'Windows 10', os.arch: 'amd64', os.version: '10.0', java.version: '1.8.0_202'
Driver info: io.appium.java_client.android.AndroidDriver
Capabilities {automationName: UiAutomator2, databaseEnabled: false, desired: {automationName: UiAutomator2, deviceName: J9L, newCommandTimeout: 1200, platformName: android, platformVersion: 11, udid: 2040306021133362}, deviceApiLevel: 30, deviceManufacturer: BLU, deviceModel: J9L, deviceName: 2040306021133362, deviceScreenDensity: 240, deviceScreenSize: 480x960, deviceUDID: 2040306021133362, javascriptEnabled: true, locationContextEnabled: false, networkConnectionEnabled: true, newCommandTimeout: 1200, pixelRatio: 1.5, platform: LINUX, platformName: Android, platformVersion: 11, statBarHeight: 36, takesScreenshot: true, udid: 2040306021133362, viewportRect: {height: 852, left: 0, top: 36, width: 480}, warnings: {}, webStorageEnabled: false}
Session ID: 2af39de6-b0c5-4040-8574-44031583b6aa
*** Element info: {Using=xpath, value=//*[@text='START CAPTURE']}
	at sun.reflect.NativeConstructorAccessorImpl.newInstance0(Native Method)
	at sun.reflect.NativeConstructorAccessorImpl.newInstance(NativeConstructorAccessorImpl.java:62)
	at sun.reflect.DelegatingConstructorAccessorImpl.newInstance(DelegatingConstructorAccessorImpl.java:45)
	at java.lang.reflect.Constructor.newInstance(Constructor.java:423)
	at org.openqa.selenium.remote.http.W3CHttpResponseCodec.createException(W3CHttpResponseCodec.java:187)
	at org.openqa.selenium.remote.http.W3CHttpResponseCodec.decode(W3CHttpResponseCodec.java:122)
	at org.openqa.selenium.remote.http.W3CHttpResponseCodec.decode(W3CHttpResponseCodec.java:49)
	at org.openqa.selenium.remote.HttpCommandExecutor.execute(HttpCommandExecutor.java:158)
	at io.appium.java_client.remote.AppiumCommandExecutor.execute(AppiumCommandExecutor.java:239)
	at org.openqa.selenium.remote.RemoteWebDriver.execute(RemoteWebDriver.java:552)
	at io.appium.java_client.DefaultGenericMobileDriver.execute(DefaultGenericMobileDriver.java:42)
	at io.appium.java_client.AppiumDriver.execute(AppiumDriver.java:1)
	at io.appium.java_client.android.AndroidDriver.execute(AndroidDriver.java:1)
	at org.openqa.selenium.remote.RemoteWebDriver.findElement(RemoteWebDriver.java:323)
	at io.appium.java_client.DefaultGenericMobileDriver.findElement(DefaultGenericMobileDriver.java:62)
	at io.appium.java_client.AppiumDriver.findElement(AppiumDriver.java:1)
	at io.appium.java_client.android.AndroidDriver.findElement(AndroidDriver.java:1)
	at org.openqa.selenium.remote.RemoteWebDriver.findElementByXPath(RemoteWebDriver.java:428)
	at io.appium.java_client.DefaultGenericMobileDriver.findElementByXPath(DefaultGenericMobileDriver.java:152)
	at io.appium.java_client.AppiumDriver.findElementByXPath(AppiumDriver.java:1)
	at io.appium.java_client.android.AndroidDriver.findElementByXPath(AndroidDriver.java:1)
	at org.openqa.selenium.By$ByXPath.findElement(By.java:353)
	at org.openqa.selenium.remote.RemoteWebDriver.findElement(RemoteWebDriver.java:315)
	at io.appium.java_client.DefaultGenericMobileDriver.findElement(DefaultGenericMobileDriver.java:58)
	at io.appium.java_client.AppiumDriver.findElement(AppiumDriver.java:1)
	at io.appium.java_client.android.AndroidDriver.findElement(AndroidDriver.java:1)
	at BLU_J9L.Test10F_Int.frontVideoRec(Test10F_Int.java:129)
	at sun.reflect.NativeMethodAccessorImpl.invoke0(Native Method)
	at sun.reflect.NativeMethodAccessorImpl.invoke(NativeMethodAccessorImpl.java:62)
	at sun.reflect.DelegatingMethodAccessorImpl.invoke(DelegatingMethodAccessorImpl.java:43)
	at java.lang.reflect.Method.invoke(Method.java:498)
	at org.testng.internal.MethodInvocationHelper.invokeMethod(MethodInvocationHelper.java:80)
	at org.testng.internal.Invoker.invokeMethod(Invoker.java:673)
	at org.testng.internal.Invoker.invokeTestMethod(Invoker.java:842)
	at org.testng.internal.Invoker.invokeTestMethods(Invoker.java:1166)
	at org.testng.internal.TestMethodWorker.invokeTestMethods(TestMethodWorker.java:125)
	at org.testng.internal.TestMethodWorker.run(TestMethodWorker.java:109)
	at org.testng.TestRunner.runWorkers(TestRunner.java:1178)
	at org.testng.TestRunner.privateRun(TestRunner.java:757)
	at org.testng.TestRunner.run(TestRunner.java:608)
	at org.testng.SuiteRunner.runTest(SuiteRunner.java:334)
	at org.testng.SuiteRunner.runSequentially(SuiteRunner.java:329)
	at org.testng.SuiteRunner.privateRun(SuiteRunner.java:291)
	at org.testng.SuiteRunner.run(SuiteRunner.java:240)
	at org.testng.SuiteRunnerWorker.runSuite(SuiteRunnerWorker.java:52)
	at org.testng.SuiteRunnerWorker.run(SuiteRunnerWorker.java:86)
	at org.testng.TestNG.runSuitesSequentially(TestNG.java:1158)
	at org.testng.TestNG.runSuitesSequentially(TestNG.java:1154)
	at org.testng.TestNG.runSuitesLocally(TestNG.java:1083)
	at org.testng.TestNG.run(TestNG.java:999)
	at org.apache.maven.surefire.testng.TestNGExecutor.run(TestNGExecutor.java:284)
	at org.apache.maven.surefire.testng.TestNGXmlTestSuite.execute(TestNGXmlTestSuite.java:75)
	at org.apache.maven.surefire.testng.TestNGProvider.invoke(TestNGProvider.java:119)
	at org.apache.maven.surefire.booter.ForkedBooter.runSuitesInProcess(ForkedBooter.java:428)
	at org.apache.maven.surefire.booter.ForkedBooter.execute(ForkedBooter.java:162)
	at org.apache.maven.surefire.booter.ForkedBooter.run(ForkedBooter.java:562)
	at org.apache.maven.surefire.booter.ForkedBooter.main(ForkedBooter.java:548)
org.openqa.selenium.NoSuchElementException: An element could not be located on the page using the given search parameters.
For documentation on this error, please visit: https://www.seleniumhq.org/exceptions/no_such_element.html
Build info: version: '3.141.59', revision: 'e82be7d358', time: '2018-11-14T08:17:03'
System info: host: 'SD-APPS-201', ip: '10.65.147.20', os.name: 'Windows 10', os.arch: 'amd64', os.version: '10.0', java.version: '1.8.0_202'
Driver info: io.appium.java_client.android.AndroidDriver
Capabilities {automationName: UiAutomator2, databaseEnabled: false, desired: {automationName: UiAutomator2, deviceName: J9L, newCommandTimeout: 1200, platformName: android, platformVersion: 11, udid: 2040306021133362}, deviceApiLevel: 30, deviceManufacturer: BLU, deviceModel: J9L, deviceName: 2040306021133362, deviceScreenDensity: 240, deviceScreenSize: 480x960, deviceUDID: 2040306021133362, javascriptEnabled: true, locationContextEnabled: false, networkConnectionEnabled: true, newCommandTimeout: 1200, pixelRatio: 1.5, platform: LINUX, platformName: Android, platformVersion: 11, statBarHeight: 36, takesScreenshot: true, udid: 2040306021133362, viewportRect: {height: 852, left: 0, top: 36, width: 480}, warnings: {}, webStorageEnabled: false}
Session ID: 2af39de6-b0c5-4040-8574-44031583b6aa
*** Element info: {Using=xpath, value=//*[@resource-id='com.google.android.apps.nbu.files:id/agree_button']}
	at sun.reflect.GeneratedConstructorAccessor15.newInstance(Unknown Source)
	at sun.reflect.DelegatingConstructorAccessorImpl.newInstance(DelegatingConstructorAccessorImpl.java:45)
	at java.lang.reflect.Constructor.newInstance(Constructor.java:423)
	at org.openqa.selenium.remote.http.W3CHttpResponseCodec.createException(W3CHttpResponseCodec.java:187)
	at org.openqa.selenium.remote.http.W3CHttpResponseCodec.decode(W3CHttpResponseCodec.java:122)
	at org.openqa.selenium.remote.http.W3CHttpResponseCodec.decode(W3CHttpResponseCodec.java:49)
	at org.openqa.selenium.remote.HttpCommandExecutor.execute(HttpCommandExecutor.java:158)
	at io.appium.java_client.remote.AppiumCommandExecutor.execute(AppiumCommandExecutor.java:239)
	at org.openqa.selenium.remote.RemoteWebDriver.execute(RemoteWebDriver.java:552)
	at io.appium.java_client.DefaultGenericMobileDriver.execute(DefaultGenericMobileDriver.java:42)
	at io.appium.java_client.AppiumDriver.execute(AppiumDriver.java:1)
	at io.appium.java_client.android.AndroidDriver.execute(AndroidDriver.java:1)
	at org.openqa.selenium.remote.RemoteWebDriver.findElement(RemoteWebDriver.java:323)
	at io.appium.java_client.DefaultGenericMobileDriver.findElement(DefaultGenericMobileDriver.java:62)
	at io.appium.java_client.AppiumDriver.findElement(AppiumDriver.java:1)
	at io.appium.java_client.android.AndroidDriver.findElement(AndroidDriver.java:1)
	at org.openqa.selenium.remote.RemoteWebDriver.findElementByXPath(RemoteWebDriver.java:428)
	at io.appium.java_client.DefaultGenericMobileDriver.findElementByXPath(DefaultGenericMobileDriver.java:152)
	at io.appium.java_client.AppiumDriver.findElementByXPath(AppiumDriver.java:1)
	at io.appium.java_client.android.AndroidDriver.findElementByXPath(AndroidDriver.java:1)
	at org.openqa.selenium.By$ByXPath.findElement(By.java:353)
	at org.openqa.selenium.remote.RemoteWebDriver.findElement(RemoteWebDriver.java:315)
	at io.appium.java_client.DefaultGenericMobileDriver.findElement(DefaultGenericMobileDriver.java:58)
	at io.appium.java_client.AppiumDriver.findElement(AppiumDriver.java:1)
	at io.appium.java_client.android.AndroidDriver.findElement(AndroidDriver.java:1)
	at BLU_J9L.Test10F_Int.frontVideoRec(Test10F_Int.java:288)
	at sun.reflect.NativeMethodAccessorImpl.invoke0(Native Method)
	at sun.reflect.NativeMethodAccessorImpl.invoke(NativeMethodAccessorImpl.java:62)
	at sun.reflect.DelegatingMethodAccessorImpl.invoke(DelegatingMethodAccessorImpl.java:43)
	at java.lang.reflect.Method.invoke(Method.java:498)
	at org.testng.internal.MethodInvocationHelper.invokeMethod(MethodInvocationHelper.java:80)
	at org.testng.internal.Invoker.invokeMethod(Invoker.java:673)
	at org.testng.internal.Invoker.invokeTestMethod(Invoker.java:842)
	at org.testng.internal.Invoker.invokeTestMethods(Invoker.java:1166)
	at org.testng.internal.TestMethodWorker.invokeTestMethods(TestMethodWorker.java:125)
	at org.testng.internal.TestMethodWorker.run(TestMethodWorker.java:109)
	at org.testng.TestRunner.runWorkers(TestRunner.java:1178)
	at org.testng.TestRunner.privateRun(TestRunner.java:757)
	at org.testng.TestRunner.run(TestRunner.java:608)
	at org.testng.SuiteRunner.runTest(SuiteRunner.java:334)
	at org.testng.SuiteRunner.runSequentially(SuiteRunner.java:329)
	at org.testng.SuiteRunner.privateRun(SuiteRunner.java:291)
	at org.testng.SuiteRunner.run(SuiteRunner.java:240)
	at org.testng.SuiteRunnerWorker.runSuite(SuiteRunnerWorker.java:52)
	at org.testng.SuiteRunnerWorker.run(SuiteRunnerWorker.java:86)
	at org.testng.TestNG.runSuitesSequentially(TestNG.java:1158)
	at org.testng.TestNG.runSuitesSequentially(TestNG.java:1154)
	at org.testng.TestNG.runSuitesLocally(TestNG.java:1083)
	at org.testng.TestNG.run(TestNG.java:999)
	at org.apache.maven.surefire.testng.TestNGExecutor.run(TestNGExecutor.java:284)
	at org.apache.maven.surefire.testng.TestNGXmlTestSuite.execute(TestNGXmlTestSuite.java:75)
	at org.apache.maven.surefire.testng.TestNGProvider.invoke(TestNGProvider.java:119)
	at org.apache.maven.surefire.booter.ForkedBooter.runSuitesInProcess(ForkedBooter.java:428)
	at org.apache.maven.surefire.booter.ForkedBooter.execute(ForkedBooter.java:162)
	at org.apache.maven.surefire.booter.ForkedBooter.run(ForkedBooter.java:562)
	at org.apache.maven.surefire.booter.ForkedBooter.main(ForkedBooter.java:548)
org.openqa.selenium.NoSuchElementException: An element could not be located on the page using the given search parameters.
For documentation on this error, please visit: https://www.seleniumhq.org/exceptions/no_such_element.html
Build info: version: '3.141.59', revision: 'e82be7d358', time: '2018-11-14T08:17:03'
System info: host: 'SD-APPS-201', ip: '10.65.147.20', os.name: 'Windows 10', os.arch: 'amd64', os.version: '10.0', java.version: '1.8.0_202'
Driver info: io.appium.java_client.android.AndroidDriver
Capabilities {automationName: UiAutomator2, databaseEnabled: false, desired: {automationName: UiAutomator2, deviceName: J9L, newCommandTimeout: 1200, platformName: android, platformVersion: 11, udid: 2040306021133362}, deviceApiLevel: 30, deviceManufacturer: BLU, deviceModel: J9L, deviceName: 2040306021133362, deviceScreenDensity: 240, deviceScreenSize: 480x960, deviceUDID: 2040306021133362, javascriptEnabled: true, locationContextEnabled: false, networkConnectionEnabled: true, newCommandTimeout: 1200, pixelRatio: 1.5, platform: LINUX, platformName: Android, platformVersion: 11, statBarHeight: 36, takesScreenshot: true, udid: 2040306021133362, viewportRect: {height: 852, left: 0, top: 36, width: 480}, warnings: {}, webStorageEnabled: false}
Session ID: 2af39de6-b0c5-4040-8574-44031583b6aa
*** Element info: {Using=xpath, value=//*[@resource-id='com.google.android.apps.nbu.files:id/agree_button']}
	at sun.reflect.GeneratedConstructorAccessor15.newInstance(Unknown Source)
	at sun.reflect.DelegatingConstructorAccessorImpl.newInstance(DelegatingConstructorAccessorImpl.java:45)
	at java.lang.reflect.Constructor.newInstance(Constructor.java:423)
	at org.openqa.selenium.remote.http.W3CHttpResponseCodec.createException(W3CHttpResponseCodec.java:187)
	at org.openqa.selenium.remote.http.W3CHttpResponseCodec.decode(W3CHttpResponseCodec.java:122)
	at org.openqa.selenium.remote.http.W3CHttpResponseCodec.decode(W3CHttpResponseCodec.java:49)
	at org.openqa.selenium.remote.HttpCommandExecutor.execute(HttpCommandExecutor.java:158)
	at io.appium.java_client.remote.AppiumCommandExecutor.execute(AppiumCommandExecutor.java:239)
	at org.openqa.selenium.remote.RemoteWebDriver.execute(RemoteWebDriver.java:552)
	at io.appium.java_client.DefaultGenericMobileDriver.execute(DefaultGenericMobileDriver.java:42)
	at io.appium.java_client.AppiumDriver.execute(AppiumDriver.java:1)
	at io.appium.java_client.android.AndroidDriver.execute(AndroidDriver.java:1)
	at org.openqa.selenium.remote.RemoteWebDriver.findElement(RemoteWebDriver.java:323)
	at io.appium.java_client.DefaultGenericMobileDriver.findElement(DefaultGenericMobileDriver.java:62)
	at io.appium.java_client.AppiumDriver.findElement(AppiumDriver.java:1)
	at io.appium.java_client.android.AndroidDriver.findElement(AndroidDriver.java:1)
	at org.openqa.selenium.remote.RemoteWebDriver.findElementByXPath(RemoteWebDriver.java:428)
	at io.appium.java_client.DefaultGenericMobileDriver.findElementByXPath(DefaultGenericMobileDriver.java:152)
	at io.appium.java_client.AppiumDriver.findElementByXPath(AppiumDriver.java:1)
	at io.appium.java_client.android.AndroidDriver.findElementByXPath(AndroidDriver.java:1)
	at org.openqa.selenium.By$ByXPath.findElement(By.java:353)
	at org.openqa.selenium.remote.RemoteWebDriver.findElement(RemoteWebDriver.java:315)
	at io.appium.java_client.DefaultGenericMobileDriver.findElement(DefaultGenericMobileDriver.java:58)
	at io.appium.java_client.AppiumDriver.findElement(AppiumDriver.java:1)
	at io.appium.java_client.android.AndroidDriver.findElement(AndroidDriver.java:1)
	at BLU_J9L.Test10F_Int.DataMoveOperation(Test10F_Int.java:553)
	at BLU_J9L.Test10F_Int.VideoPlayBackForSleepWake(Test10F_Int.java:513)
	at BLU_J9L.Test10F_Int.frontVideoRec(Test10F_Int.java:365)
	at sun.reflect.NativeMethodAccessorImpl.invoke0(Native Method)
	at sun.reflect.NativeMethodAccessorImpl.invoke(NativeMethodAccessorImpl.java:62)
	at sun.reflect.DelegatingMethodAccessorImpl.invoke(DelegatingMethodAccessorImpl.java:43)
	at java.lang.reflect.Method.invoke(Method.java:498)
	at org.testng.internal.MethodInvocationHelper.invokeMethod(MethodInvocationHelper.java:80)
	at org.testng.internal.Invoker.invokeMethod(Invoker.java:673)
	at org.testng.internal.Invoker.invokeTestMethod(Invoker.java:842)
	at org.testng.internal.Invoker.invokeTestMethods(Invoker.java:1166)
	at org.testng.internal.TestMethodWorker.invokeTestMethods(TestMethodWorker.java:125)
	at org.testng.internal.TestMethodWorker.run(TestMethodWorker.java:109)
	at org.testng.TestRunner.runWorkers(TestRunner.java:1178)
	at org.testng.TestRunner.privateRun(TestRunner.java:757)
	at org.testng.TestRunner.run(TestRunner.java:608)
	at org.testng.SuiteRunner.runTest(SuiteRunner.java:334)
	at org.testng.SuiteRunner.runSequentially(SuiteRunner.java:329)
	at org.testng.SuiteRunner.privateRun(SuiteRunner.java:291)
	at org.testng.SuiteRunner.run(SuiteRunner.java:240)
	at org.testng.SuiteRunnerWorker.runSuite(SuiteRunnerWorker.java:52)
	at org.testng.SuiteRunnerWorker.run(SuiteRunnerWorker.java:86)
	at org.testng.TestNG.runSuitesSequentially(TestNG.java:1158)
	at org.testng.TestNG.runSuitesSequentially(TestNG.java:1154)
	at org.testng.TestNG.runSuitesLocally(TestNG.java:1083)
	at org.testng.TestNG.run(TestNG.java:999)
	at org.apache.maven.surefire.testng.TestNGExecutor.run(TestNGExecutor.java:284)
	at org.apache.maven.surefire.testng.TestNGXmlTestSuite.execute(TestNGXmlTestSuite.java:75)
	at org.apache.maven.surefire.testng.TestNGProvider.invoke(TestNGProvider.java:119)
	at org.apache.maven.surefire.booter.ForkedBooter.runSuitesInProcess(ForkedBooter.java:428)
	at org.apache.maven.surefire.booter.ForkedBooter.execute(ForkedBooter.java:162)
	at org.apache.maven.surefire.booter.ForkedBooter.run(ForkedBooter.java:562)
	at org.apache.maven.surefire.booter.ForkedBooter.main(ForkedBooter.java:548)
]]></system-err>
  </testcase>
  <testcase name="RearPictureCapture" classname="BLU_J9L.Test9_Int" time="2,591.344">
    <system-out><![CDATA[Test: Start
===================================================================================================================================================================================================================================================================================================================================================================================================================================================================================================================================================================================================================================================================================================================================
Test9_Int Scenario is follows:
Launch camera application, set Internal as a Storage option, start rear camera Image capture for all host resolutions
Setting up the appium desired capabilities
===================================================================================================================================================================================================================================================================================================================================================================================================================================================================================================================================================================================================================================================================================================================================
Clearing Recent Apps
Pass: No recent apps found
Launch Camera application for rear Picture capture for all host resolution
Permission request
change to SD card element not found : org.openqa.selenium.NoSuchElementException: An element could not be located on the page using the given search parameters.
For documentation on this error, please visit: https://www.seleniumhq.org/exceptions/no_such_element.html
Build info: version: '3.141.59', revision: 'e82be7d358', time: '2018-11-14T08:17:03'
System info: host: 'SD-APPS-201', ip: '10.65.147.20', os.name: 'Windows 10', os.arch: 'amd64', os.version: '10.0', java.version: '1.8.0_202'
Driver info: io.appium.java_client.android.AndroidDriver
Capabilities {automationName: UiAutomator2, databaseEnabled: false, desired: {automationName: UiAutomator2, deviceName: J9L, newCommandTimeout: 1200, platformName: android, platformVersion: 11, udid: 2040306021133362}, deviceApiLevel: 30, deviceManufacturer: BLU, deviceModel: J9L, deviceName: 2040306021133362, deviceScreenDensity: 240, deviceScreenSize: 480x960, deviceUDID: 2040306021133362, javascriptEnabled: true, locationContextEnabled: false, networkConnectionEnabled: true, newCommandTimeout: 1200, pixelRatio: 1.5, platform: LINUX, platformName: Android, platformVersion: 11, statBarHeight: 36, takesScreenshot: true, udid: 2040306021133362, viewportRect: {height: 852, left: 0, top: 36, width: 480}, warnings: {}, webStorageEnabled: false}
Session ID: 2e642ee0-4183-48e9-9d86-352c848ade4c
*** Element info: {Using=-android uiautomator, value=new UiSelector().text("Agree")}
Allow Camera to access this deviceâ€™s location?
Test9_Int_Bcam_res: 6 resolutions supported
Select settings
Select Picture size option
Select 1st Image Resoution:(4:3) 8.0 megapixels 
totalPictureCountRear_Int = 50
clicking Image of 1st Resolutions (4:3) 8.0 megapixels: 0
clicking Image of 1st Resolutions (4:3) 8.0 megapixels: 1
clicking Image of 1st Resolutions (4:3) 8.0 megapixels: 2
clicking Image of 1st Resolutions (4:3) 8.0 megapixels: 3
clicking Image of 1st Resolutions (4:3) 8.0 megapixels: 4
clicking Image of 1st Resolutions (4:3) 8.0 megapixels: 5
clicking Image of 1st Resolutions (4:3) 8.0 megapixels: 6
clicking Image of 1st Resolutions (4:3) 8.0 megapixels: 7
clicking Image of 1st Resolutions (4:3) 8.0 megapixels: 8
clicking Image of 1st Resolutions (4:3) 8.0 megapixels: 9
clicking Image of 1st Resolutions (4:3) 8.0 megapixels: 10
clicking Image of 1st Resolutions (4:3) 8.0 megapixels: 11
clicking Image of 1st Resolutions (4:3) 8.0 megapixels: 12
clicking Image of 1st Resolutions (4:3) 8.0 megapixels: 13
clicking Image of 1st Resolutions (4:3) 8.0 megapixels: 14
clicking Image of 1st Resolutions (4:3) 8.0 megapixels: 15
clicking Image of 1st Resolutions (4:3) 8.0 megapixels: 16
clicking Image of 1st Resolutions (4:3) 8.0 megapixels: 17
clicking Image of 1st Resolutions (4:3) 8.0 megapixels: 18
clicking Image of 1st Resolutions (4:3) 8.0 megapixels: 19
clicking Image of 1st Resolutions (4:3) 8.0 megapixels: 20
clicking Image of 1st Resolutions (4:3) 8.0 megapixels: 21
clicking Image of 1st Resolutions (4:3) 8.0 megapixels: 22
clicking Image of 1st Resolutions (4:3) 8.0 megapixels: 23
clicking Image of 1st Resolutions (4:3) 8.0 megapixels: 24
clicking Image of 1st Resolutions (4:3) 8.0 megapixels: 25
clicking Image of 1st Resolutions (4:3) 8.0 megapixels: 26
clicking Image of 1st Resolutions (4:3) 8.0 megapixels: 27
clicking Image of 1st Resolutions (4:3) 8.0 megapixels: 28
clicking Image of 1st Resolutions (4:3) 8.0 megapixels: 29
clicking Image of 1st Resolutions (4:3) 8.0 megapixels: 30
clicking Image of 1st Resolutions (4:3) 8.0 megapixels: 31
clicking Image of 1st Resolutions (4:3) 8.0 megapixels: 32
clicking Image of 1st Resolutions (4:3) 8.0 megapixels: 33
clicking Image of 1st Resolutions (4:3) 8.0 megapixels: 34
clicking Image of 1st Resolutions (4:3) 8.0 megapixels: 35
clicking Image of 1st Resolutions (4:3) 8.0 megapixels: 36
clicking Image of 1st Resolutions (4:3) 8.0 megapixels: 37
clicking Image of 1st Resolutions (4:3) 8.0 megapixels: 38
clicking Image of 1st Resolutions (4:3) 8.0 megapixels: 39
clicking Image of 1st Resolutions (4:3) 8.0 megapixels: 40
clicking Image of 1st Resolutions (4:3) 8.0 megapixels: 41
clicking Image of 1st Resolutions (4:3) 8.0 megapixels: 42
clicking Image of 1st Resolutions (4:3) 8.0 megapixels: 43
clicking Image of 1st Resolutions (4:3) 8.0 megapixels: 44
clicking Image of 1st Resolutions (4:3) 8.0 megapixels: 45
clicking Image of 1st Resolutions (4:3) 8.0 megapixels: 46
clicking Image of 1st Resolutions (4:3) 8.0 megapixels: 47
clicking Image of 1st Resolutions (4:3) 8.0 megapixels: 48
clicking Image of 1st Resolutions (4:3) 8.0 megapixels: 49
Rear camera first resolution:50 images Captured succesfull
Select settings
Select Picture size option
Select 2nd Image Resoution:(4:3) 4.0 megapixels 
totalPictureCountRear_Int1 = 50
clicking Image of 2nd Resolutions (4:3) 4.0 megapixels: 0
clicking Image of 2nd Resolutions (4:3) 4.0 megapixels: 1
clicking Image of 2nd Resolutions (4:3) 4.0 megapixels: 2
clicking Image of 2nd Resolutions (4:3) 4.0 megapixels: 3
clicking Image of 2nd Resolutions (4:3) 4.0 megapixels: 4
clicking Image of 2nd Resolutions (4:3) 4.0 megapixels: 5
clicking Image of 2nd Resolutions (4:3) 4.0 megapixels: 6
clicking Image of 2nd Resolutions (4:3) 4.0 megapixels: 7
clicking Image of 2nd Resolutions (4:3) 4.0 megapixels: 8
clicking Image of 2nd Resolutions (4:3) 4.0 megapixels: 9
clicking Image of 2nd Resolutions (4:3) 4.0 megapixels: 10
clicking Image of 2nd Resolutions (4:3) 4.0 megapixels: 11
clicking Image of 2nd Resolutions (4:3) 4.0 megapixels: 12
clicking Image of 2nd Resolutions (4:3) 4.0 megapixels: 13
clicking Image of 2nd Resolutions (4:3) 4.0 megapixels: 14
clicking Image of 2nd Resolutions (4:3) 4.0 megapixels: 15
clicking Image of 2nd Resolutions (4:3) 4.0 megapixels: 16
clicking Image of 2nd Resolutions (4:3) 4.0 megapixels: 17
clicking Image of 2nd Resolutions (4:3) 4.0 megapixels: 18
clicking Image of 2nd Resolutions (4:3) 4.0 megapixels: 19
clicking Image of 2nd Resolutions (4:3) 4.0 megapixels: 20
clicking Image of 2nd Resolutions (4:3) 4.0 megapixels: 21
clicking Image of 2nd Resolutions (4:3) 4.0 megapixels: 22
clicking Image of 2nd Resolutions (4:3) 4.0 megapixels: 23
clicking Image of 2nd Resolutions (4:3) 4.0 megapixels: 24
clicking Image of 2nd Resolutions (4:3) 4.0 megapixels: 25
clicking Image of 2nd Resolutions (4:3) 4.0 megapixels: 26
clicking Image of 2nd Resolutions (4:3) 4.0 megapixels: 27
clicking Image of 2nd Resolutions (4:3) 4.0 megapixels: 28
clicking Image of 2nd Resolutions (4:3) 4.0 megapixels: 29
clicking Image of 2nd Resolutions (4:3) 4.0 megapixels: 30
clicking Image of 2nd Resolutions (4:3) 4.0 megapixels: 31
clicking Image of 2nd Resolutions (4:3) 4.0 megapixels: 32
clicking Image of 2nd Resolutions (4:3) 4.0 megapixels: 33
clicking Image of 2nd Resolutions (4:3) 4.0 megapixels: 34
clicking Image of 2nd Resolutions (4:3) 4.0 megapixels: 35
clicking Image of 2nd Resolutions (4:3) 4.0 megapixels: 36
clicking Image of 2nd Resolutions (4:3) 4.0 megapixels: 37
clicking Image of 2nd Resolutions (4:3) 4.0 megapixels: 38
clicking Image of 2nd Resolutions (4:3) 4.0 megapixels: 39
clicking Image of 2nd Resolutions (4:3) 4.0 megapixels: 40
clicking Image of 2nd Resolutions (4:3) 4.0 megapixels: 41
clicking Image of 2nd Resolutions (4:3) 4.0 megapixels: 42
clicking Image of 2nd Resolutions (4:3) 4.0 megapixels: 43
clicking Image of 2nd Resolutions (4:3) 4.0 megapixels: 44
clicking Image of 2nd Resolutions (4:3) 4.0 megapixels: 45
clicking Image of 2nd Resolutions (4:3) 4.0 megapixels: 46
clicking Image of 2nd Resolutions (4:3) 4.0 megapixels: 47
clicking Image of 2nd Resolutions (4:3) 4.0 megapixels: 48
clicking Image of 2nd Resolutions (4:3) 4.0 megapixels: 49
Rear camera second resolution:50 images Captured succesfull
Select settings
Select Picture size option
Select 3rd Image Resoution:(4:3) 1.9 megapixels 
totalPictureCountRear_Int2 = 50
clicking Image of 3rd Resolutions ultra (4:3) 1.9 megapixels: 0
clicking Image of 3rd Resolutions ultra (4:3) 1.9 megapixels: 1
clicking Image of 3rd Resolutions ultra (4:3) 1.9 megapixels: 2
clicking Image of 3rd Resolutions ultra (4:3) 1.9 megapixels: 3
clicking Image of 3rd Resolutions ultra (4:3) 1.9 megapixels: 4
clicking Image of 3rd Resolutions ultra (4:3) 1.9 megapixels: 5
clicking Image of 3rd Resolutions ultra (4:3) 1.9 megapixels: 6
clicking Image of 3rd Resolutions ultra (4:3) 1.9 megapixels: 7
clicking Image of 3rd Resolutions ultra (4:3) 1.9 megapixels: 8
clicking Image of 3rd Resolutions ultra (4:3) 1.9 megapixels: 9
clicking Image of 3rd Resolutions ultra (4:3) 1.9 megapixels: 10
clicking Image of 3rd Resolutions ultra (4:3) 1.9 megapixels: 11
clicking Image of 3rd Resolutions ultra (4:3) 1.9 megapixels: 12
clicking Image of 3rd Resolutions ultra (4:3) 1.9 megapixels: 13
clicking Image of 3rd Resolutions ultra (4:3) 1.9 megapixels: 14
clicking Image of 3rd Resolutions ultra (4:3) 1.9 megapixels: 15
clicking Image of 3rd Resolutions ultra (4:3) 1.9 megapixels: 16
clicking Image of 3rd Resolutions ultra (4:3) 1.9 megapixels: 17
clicking Image of 3rd Resolutions ultra (4:3) 1.9 megapixels: 18
clicking Image of 3rd Resolutions ultra (4:3) 1.9 megapixels: 19
clicking Image of 3rd Resolutions ultra (4:3) 1.9 megapixels: 20
clicking Image of 3rd Resolutions ultra (4:3) 1.9 megapixels: 21
clicking Image of 3rd Resolutions ultra (4:3) 1.9 megapixels: 22
clicking Image of 3rd Resolutions ultra (4:3) 1.9 megapixels: 23
clicking Image of 3rd Resolutions ultra (4:3) 1.9 megapixels: 24
clicking Image of 3rd Resolutions ultra (4:3) 1.9 megapixels: 25
clicking Image of 3rd Resolutions ultra (4:3) 1.9 megapixels: 26
clicking Image of 3rd Resolutions ultra (4:3) 1.9 megapixels: 27
clicking Image of 3rd Resolutions ultra (4:3) 1.9 megapixels: 28
clicking Image of 3rd Resolutions ultra (4:3) 1.9 megapixels: 29
clicking Image of 3rd Resolutions ultra (4:3) 1.9 megapixels: 30
clicking Image of 3rd Resolutions ultra (4:3) 1.9 megapixels: 31
clicking Image of 3rd Resolutions ultra (4:3) 1.9 megapixels: 32
clicking Image of 3rd Resolutions ultra (4:3) 1.9 megapixels: 33
clicking Image of 3rd Resolutions ultra (4:3) 1.9 megapixels: 34
clicking Image of 3rd Resolutions ultra (4:3) 1.9 megapixels: 35
clicking Image of 3rd Resolutions ultra (4:3) 1.9 megapixels: 36
clicking Image of 3rd Resolutions ultra (4:3) 1.9 megapixels: 37
clicking Image of 3rd Resolutions ultra (4:3) 1.9 megapixels: 38
clicking Image of 3rd Resolutions ultra (4:3) 1.9 megapixels: 39
clicking Image of 3rd Resolutions ultra (4:3) 1.9 megapixels: 40
clicking Image of 3rd Resolutions ultra (4:3) 1.9 megapixels: 41
clicking Image of 3rd Resolutions ultra (4:3) 1.9 megapixels: 42
clicking Image of 3rd Resolutions ultra (4:3) 1.9 megapixels: 43
clicking Image of 3rd Resolutions ultra (4:3) 1.9 megapixels: 44
clicking Image of 3rd Resolutions ultra (4:3) 1.9 megapixels: 45
clicking Image of 3rd Resolutions ultra (4:3) 1.9 megapixels: 46
clicking Image of 3rd Resolutions ultra (4:3) 1.9 megapixels: 47
clicking Image of 3rd Resolutions ultra (4:3) 1.9 megapixels: 48
clicking Image of 3rd Resolutions ultra (4:3) 1.9 megapixels: 49
Rear camera third resolution:50 images Captured succesfull
Select settings
Select Picture size option
Select 4th Image Resoution:(16:9) 6.0 megapixels 
totalPictureCountRear_Int3 = 50
clicking Image of 3rd Resolutions ultra (16:9) 6.0 megapixels: 0
clicking Image of 3rd Resolutions ultra (16:9) 6.0 megapixels: 1
clicking Image of 3rd Resolutions ultra (16:9) 6.0 megapixels: 2
clicking Image of 3rd Resolutions ultra (16:9) 6.0 megapixels: 3
clicking Image of 3rd Resolutions ultra (16:9) 6.0 megapixels: 4
clicking Image of 3rd Resolutions ultra (16:9) 6.0 megapixels: 5
clicking Image of 3rd Resolutions ultra (16:9) 6.0 megapixels: 6
clicking Image of 3rd Resolutions ultra (16:9) 6.0 megapixels: 7
clicking Image of 3rd Resolutions ultra (16:9) 6.0 megapixels: 8
clicking Image of 3rd Resolutions ultra (16:9) 6.0 megapixels: 9
clicking Image of 3rd Resolutions ultra (16:9) 6.0 megapixels: 10
clicking Image of 3rd Resolutions ultra (16:9) 6.0 megapixels: 11
clicking Image of 3rd Resolutions ultra (16:9) 6.0 megapixels: 12
clicking Image of 3rd Resolutions ultra (16:9) 6.0 megapixels: 13
clicking Image of 3rd Resolutions ultra (16:9) 6.0 megapixels: 14
clicking Image of 3rd Resolutions ultra (16:9) 6.0 megapixels: 15
clicking Image of 3rd Resolutions ultra (16:9) 6.0 megapixels: 16
clicking Image of 3rd Resolutions ultra (16:9) 6.0 megapixels: 17
clicking Image of 3rd Resolutions ultra (16:9) 6.0 megapixels: 18
clicking Image of 3rd Resolutions ultra (16:9) 6.0 megapixels: 19
clicking Image of 3rd Resolutions ultra (16:9) 6.0 megapixels: 20
clicking Image of 3rd Resolutions ultra (16:9) 6.0 megapixels: 21
clicking Image of 3rd Resolutions ultra (16:9) 6.0 megapixels: 22
clicking Image of 3rd Resolutions ultra (16:9) 6.0 megapixels: 23
clicking Image of 3rd Resolutions ultra (16:9) 6.0 megapixels: 24
clicking Image of 3rd Resolutions ultra (16:9) 6.0 megapixels: 25
clicking Image of 3rd Resolutions ultra (16:9) 6.0 megapixels: 26
clicking Image of 3rd Resolutions ultra (16:9) 6.0 megapixels: 27
clicking Image of 3rd Resolutions ultra (16:9) 6.0 megapixels: 28
clicking Image of 3rd Resolutions ultra (16:9) 6.0 megapixels: 29
clicking Image of 3rd Resolutions ultra (16:9) 6.0 megapixels: 30
clicking Image of 3rd Resolutions ultra (16:9) 6.0 megapixels: 31
clicking Image of 3rd Resolutions ultra (16:9) 6.0 megapixels: 32
clicking Image of 3rd Resolutions ultra (16:9) 6.0 megapixels: 33
clicking Image of 3rd Resolutions ultra (16:9) 6.0 megapixels: 34
clicking Image of 3rd Resolutions ultra (16:9) 6.0 megapixels: 35
clicking Image of 3rd Resolutions ultra (16:9) 6.0 megapixels: 36
clicking Image of 3rd Resolutions ultra (16:9) 6.0 megapixels: 37
clicking Image of 3rd Resolutions ultra (16:9) 6.0 megapixels: 38
clicking Image of 3rd Resolutions ultra (16:9) 6.0 megapixels: 39
clicking Image of 3rd Resolutions ultra (16:9) 6.0 megapixels: 40
clicking Image of 3rd Resolutions ultra (16:9) 6.0 megapixels: 41
clicking Image of 3rd Resolutions ultra (16:9) 6.0 megapixels: 42
clicking Image of 3rd Resolutions ultra (16:9) 6.0 megapixels: 43
clicking Image of 3rd Resolutions ultra (16:9) 6.0 megapixels: 44
clicking Image of 3rd Resolutions ultra (16:9) 6.0 megapixels: 45
clicking Image of 3rd Resolutions ultra (16:9) 6.0 megapixels: 46
clicking Image of 3rd Resolutions ultra (16:9) 6.0 megapixels: 47
clicking Image of 3rd Resolutions ultra (16:9) 6.0 megapixels: 48
clicking Image of 3rd Resolutions ultra (16:9) 6.0 megapixels: 49
Rear camera 4th resolution:50 images Captured succesfull
Select settings
Select Picture size option
Select fourth Image Resoution:16:9) 2.4 megapixels 
totalPictureCountRear_Int4 = 50
clicking Image of 4th Resolutions ultra 16:9) 2.4 megapixels: 0
clicking Image of 4th Resolutions ultra 16:9) 2.4 megapixels: 1
clicking Image of 4th Resolutions ultra 16:9) 2.4 megapixels: 2
clicking Image of 4th Resolutions ultra 16:9) 2.4 megapixels: 3
clicking Image of 4th Resolutions ultra 16:9) 2.4 megapixels: 4
clicking Image of 4th Resolutions ultra 16:9) 2.4 megapixels: 5
clicking Image of 4th Resolutions ultra 16:9) 2.4 megapixels: 6
clicking Image of 4th Resolutions ultra 16:9) 2.4 megapixels: 7
clicking Image of 4th Resolutions ultra 16:9) 2.4 megapixels: 8
clicking Image of 4th Resolutions ultra 16:9) 2.4 megapixels: 9
clicking Image of 4th Resolutions ultra 16:9) 2.4 megapixels: 10
clicking Image of 4th Resolutions ultra 16:9) 2.4 megapixels: 11
clicking Image of 4th Resolutions ultra 16:9) 2.4 megapixels: 12
clicking Image of 4th Resolutions ultra 16:9) 2.4 megapixels: 13
clicking Image of 4th Resolutions ultra 16:9) 2.4 megapixels: 14
clicking Image of 4th Resolutions ultra 16:9) 2.4 megapixels: 15
clicking Image of 4th Resolutions ultra 16:9) 2.4 megapixels: 16
clicking Image of 4th Resolutions ultra 16:9) 2.4 megapixels: 17
clicking Image of 4th Resolutions ultra 16:9) 2.4 megapixels: 18
clicking Image of 4th Resolutions ultra 16:9) 2.4 megapixels: 19
clicking Image of 4th Resolutions ultra 16:9) 2.4 megapixels: 20
clicking Image of 4th Resolutions ultra 16:9) 2.4 megapixels: 21
clicking Image of 4th Resolutions ultra 16:9) 2.4 megapixels: 22
clicking Image of 4th Resolutions ultra 16:9) 2.4 megapixels: 23
clicking Image of 4th Resolutions ultra 16:9) 2.4 megapixels: 24
clicking Image of 4th Resolutions ultra 16:9) 2.4 megapixels: 25
clicking Image of 4th Resolutions ultra 16:9) 2.4 megapixels: 26
clicking Image of 4th Resolutions ultra 16:9) 2.4 megapixels: 27
clicking Image of 4th Resolutions ultra 16:9) 2.4 megapixels: 28
clicking Image of 4th Resolutions ultra 16:9) 2.4 megapixels: 29
clicking Image of 4th Resolutions ultra 16:9) 2.4 megapixels: 30
clicking Image of 4th Resolutions ultra 16:9) 2.4 megapixels: 31
clicking Image of 4th Resolutions ultra 16:9) 2.4 megapixels: 32
clicking Image of 4th Resolutions ultra 16:9) 2.4 megapixels: 33
clicking Image of 4th Resolutions ultra 16:9) 2.4 megapixels: 34
clicking Image of 4th Resolutions ultra 16:9) 2.4 megapixels: 35
clicking Image of 4th Resolutions ultra 16:9) 2.4 megapixels: 36
clicking Image of 4th Resolutions ultra 16:9) 2.4 megapixels: 37
clicking Image of 4th Resolutions ultra 16:9) 2.4 megapixels: 38
clicking Image of 4th Resolutions ultra 16:9) 2.4 megapixels: 39
clicking Image of 4th Resolutions ultra 16:9) 2.4 megapixels: 40
clicking Image of 4th Resolutions ultra 16:9) 2.4 megapixels: 41
clicking Image of 4th Resolutions ultra 16:9) 2.4 megapixels: 42
clicking Image of 4th Resolutions ultra 16:9) 2.4 megapixels: 43
clicking Image of 4th Resolutions ultra 16:9) 2.4 megapixels: 44
clicking Image of 4th Resolutions ultra 16:9) 2.4 megapixels: 45
clicking Image of 4th Resolutions ultra 16:9) 2.4 megapixels: 46
clicking Image of 4th Resolutions ultra 16:9) 2.4 megapixels: 47
clicking Image of 4th Resolutions ultra 16:9) 2.4 megapixels: 48
clicking Image of 4th Resolutions ultra 16:9) 2.4 megapixels: 49
Rear camera 5th resolution:50 images Captured succesfull
Select settings
Select Picture size option
Select fifth Image Resoution:(16:9) 2.1 megapixels 
totalPictureCountRear_Int5 = 50
clicking Image of 5th Resolutions ultra (16:9) 2.1 megapixels: 0
clicking Image of 5th Resolutions ultra (16:9) 2.1 megapixels: 1
clicking Image of 5th Resolutions ultra (16:9) 2.1 megapixels: 2
clicking Image of 5th Resolutions ultra (16:9) 2.1 megapixels: 3
clicking Image of 5th Resolutions ultra (16:9) 2.1 megapixels: 4
clicking Image of 5th Resolutions ultra (16:9) 2.1 megapixels: 5
clicking Image of 5th Resolutions ultra (16:9) 2.1 megapixels: 6
clicking Image of 5th Resolutions ultra (16:9) 2.1 megapixels: 7
clicking Image of 5th Resolutions ultra (16:9) 2.1 megapixels: 8
clicking Image of 5th Resolutions ultra (16:9) 2.1 megapixels: 9
clicking Image of 5th Resolutions ultra (16:9) 2.1 megapixels: 10
clicking Image of 5th Resolutions ultra (16:9) 2.1 megapixels: 11
clicking Image of 5th Resolutions ultra (16:9) 2.1 megapixels: 12
clicking Image of 5th Resolutions ultra (16:9) 2.1 megapixels: 13
clicking Image of 5th Resolutions ultra (16:9) 2.1 megapixels: 14
clicking Image of 5th Resolutions ultra (16:9) 2.1 megapixels: 15
clicking Image of 5th Resolutions ultra (16:9) 2.1 megapixels: 16
clicking Image of 5th Resolutions ultra (16:9) 2.1 megapixels: 17
clicking Image of 5th Resolutions ultra (16:9) 2.1 megapixels: 18
clicking Image of 5th Resolutions ultra (16:9) 2.1 megapixels: 19
clicking Image of 5th Resolutions ultra (16:9) 2.1 megapixels: 20
clicking Image of 5th Resolutions ultra (16:9) 2.1 megapixels: 21
clicking Image of 5th Resolutions ultra (16:9) 2.1 megapixels: 22
clicking Image of 5th Resolutions ultra (16:9) 2.1 megapixels: 23
clicking Image of 5th Resolutions ultra (16:9) 2.1 megapixels: 24
clicking Image of 5th Resolutions ultra (16:9) 2.1 megapixels: 25
clicking Image of 5th Resolutions ultra (16:9) 2.1 megapixels: 26
clicking Image of 5th Resolutions ultra (16:9) 2.1 megapixels: 27
clicking Image of 5th Resolutions ultra (16:9) 2.1 megapixels: 28
clicking Image of 5th Resolutions ultra (16:9) 2.1 megapixels: 29
clicking Image of 5th Resolutions ultra (16:9) 2.1 megapixels: 30
clicking Image of 5th Resolutions ultra (16:9) 2.1 megapixels: 31
clicking Image of 5th Resolutions ultra (16:9) 2.1 megapixels: 32
clicking Image of 5th Resolutions ultra (16:9) 2.1 megapixels: 33
clicking Image of 5th Resolutions ultra (16:9) 2.1 megapixels: 34
clicking Image of 5th Resolutions ultra (16:9) 2.1 megapixels: 35
clicking Image of 5th Resolutions ultra (16:9) 2.1 megapixels: 36
clicking Image of 5th Resolutions ultra (16:9) 2.1 megapixels: 37
clicking Image of 5th Resolutions ultra (16:9) 2.1 megapixels: 38
clicking Image of 5th Resolutions ultra (16:9) 2.1 megapixels: 39
clicking Image of 5th Resolutions ultra (16:9) 2.1 megapixels: 40
clicking Image of 5th Resolutions ultra (16:9) 2.1 megapixels: 41
clicking Image of 5th Resolutions ultra (16:9) 2.1 megapixels: 42
clicking Image of 5th Resolutions ultra (16:9) 2.1 megapixels: 43
clicking Image of 5th Resolutions ultra (16:9) 2.1 megapixels: 44
clicking Image of 5th Resolutions ultra (16:9) 2.1 megapixels: 45
clicking Image of 5th Resolutions ultra (16:9) 2.1 megapixels: 46
clicking Image of 5th Resolutions ultra (16:9) 2.1 megapixels: 47
clicking Image of 5th Resolutions ultra (16:9) 2.1 megapixels: 48
clicking Image of 5th Resolutions ultra (16:9) 2.1 megapixels: 49
Rear camera 6th resolution:50 images Captured succesfull
Total Count value: 300 images to be Captured 
Launch file manager application and verify recorded video present in Internal storage
Swipe up to select Internal storage
Select Internal storage
switch to grid view mode to select DCIM folder
Select DCIM Folder
Select camera folder
switch to list view mode
Click More options
Click select all
Total Image
Test9_Int_Bcam_image: 300 selected images Captured succesfull
Actual Value:300 selected
Interger value:300
Tolerance_Level = 75

Pass: Test9_Int pass for rear Image capture
Test9_Int Bcam_image: 300  images Captured succesfull
===================================================================================================================================================================================================================================================================================================================================================================================================================================================================================================================================================================================================================================================================================================================================
calling DataMoveOperation()
Re-launch file manager application and select Internal storage for data move operation, select all rear camera images files present in camera folder and move to Test9_Int folder
Select Internal storage
Click More options
Select ADD NEW Folder option
Name folder as Test9_Int
Select ADD NEW Folder option
switch to grid view mode and select DCIM folder
Select DCIM folder
Select camera folder
switch to list view mode
Click More options
Click select all
Click More options
select move to option
select Internal storage
select Test9_Int
Accept Move here
Cut paste  operation completed successfully
Test9_Int: Data move operation completed successfully
Pass: Test9_Int Pass for data move operation successfully
===================================================================================================================================================================================================================================================================================================================================================================================================================================================================================================================================================================================================================================================================================================================================
Final Message: Pass Test9_Int Pass for Rear camera image capture  successfully
Test: End
===================================================================================================================================================================================================================================================================================================================================================================================================================================================================================================================================================================================================================================================================================================================================
]]></system-out>
    <system-err><![CDATA[2023-02-15 12:49:05 INFO   io.appium.java_client.remote.AppiumCommandExecutor$1 lambda$0 Detected dialect: W3C
2023-02-15 12:49:19 INFO   io.appium.java_client.remote.AppiumCommandExecutor$1 lambda$0 Detected dialect: W3C
org.openqa.selenium.InvalidSelectorException: Could not parse selector expression `new UiSelector().content-desc("CLEAR ALL")`: UiSelector has no `content-desc` method
For documentation on this error, please visit: https://www.seleniumhq.org/exceptions/invalid_selector_exception.html
Build info: version: '3.141.59', revision: 'e82be7d358', time: '2018-11-14T08:17:03'
System info: host: 'SD-APPS-201', ip: '10.65.147.20', os.name: 'Windows 10', os.arch: 'amd64', os.version: '10.0', java.version: '1.8.0_202'
Driver info: io.appium.java_client.android.AndroidDriver
Capabilities {automationName: UiAutomator2, databaseEnabled: false, desired: {automationName: UiAutomator2, deviceName: J9L, newCommandTimeout: 1200, platformName: android, platformVersion: 11, udid: 2040306021133362}, deviceApiLevel: 30, deviceManufacturer: BLU, deviceModel: J9L, deviceName: 2040306021133362, deviceScreenDensity: 240, deviceScreenSize: 480x960, deviceUDID: 2040306021133362, javascriptEnabled: true, locationContextEnabled: false, networkConnectionEnabled: true, newCommandTimeout: 1200, pixelRatio: 1.5, platform: LINUX, platformName: Android, platformVersion: 11, statBarHeight: 36, takesScreenshot: true, udid: 2040306021133362, viewportRect: {height: 852, left: 0, top: 36, width: 480}, warnings: {}, webStorageEnabled: false}
Session ID: 2e642ee0-4183-48e9-9d86-352c848ade4c
*** Element info: {Using=-android uiautomator, value=new UiSelector().content-desc("CLEAR ALL")}
	at sun.reflect.NativeConstructorAccessorImpl.newInstance0(Native Method)
	at sun.reflect.NativeConstructorAccessorImpl.newInstance(NativeConstructorAccessorImpl.java:62)
	at sun.reflect.DelegatingConstructorAccessorImpl.newInstance(DelegatingConstructorAccessorImpl.java:45)
	at java.lang.reflect.Constructor.newInstance(Constructor.java:423)
	at org.openqa.selenium.remote.http.W3CHttpResponseCodec.createException(W3CHttpResponseCodec.java:187)
	at org.openqa.selenium.remote.http.W3CHttpResponseCodec.decode(W3CHttpResponseCodec.java:122)
	at org.openqa.selenium.remote.http.W3CHttpResponseCodec.decode(W3CHttpResponseCodec.java:49)
	at org.openqa.selenium.remote.HttpCommandExecutor.execute(HttpCommandExecutor.java:158)
	at io.appium.java_client.remote.AppiumCommandExecutor.execute(AppiumCommandExecutor.java:239)
	at org.openqa.selenium.remote.RemoteWebDriver.execute(RemoteWebDriver.java:552)
	at io.appium.java_client.DefaultGenericMobileDriver.execute(DefaultGenericMobileDriver.java:42)
	at io.appium.java_client.AppiumDriver.execute(AppiumDriver.java:1)
	at io.appium.java_client.android.AndroidDriver.execute(AndroidDriver.java:1)
	at org.openqa.selenium.remote.RemoteWebDriver.findElement(RemoteWebDriver.java:323)
	at io.appium.java_client.DefaultGenericMobileDriver.findElement(DefaultGenericMobileDriver.java:62)
	at io.appium.java_client.AppiumDriver.findElement(AppiumDriver.java:1)
	at io.appium.java_client.android.AndroidDriver.findElement(AndroidDriver.java:1)
	at io.appium.java_client.FindsByAndroidUIAutomator.findElementByAndroidUIAutomator(FindsByAndroidUIAutomator.java:38)
	at BLU_J9L.Test9_Int.RearPictureCapture(Test9_Int.java:91)
	at sun.reflect.NativeMethodAccessorImpl.invoke0(Native Method)
	at sun.reflect.NativeMethodAccessorImpl.invoke(NativeMethodAccessorImpl.java:62)
	at sun.reflect.DelegatingMethodAccessorImpl.invoke(DelegatingMethodAccessorImpl.java:43)
	at java.lang.reflect.Method.invoke(Method.java:498)
	at org.testng.internal.MethodInvocationHelper.invokeMethod(MethodInvocationHelper.java:80)
	at org.testng.internal.Invoker.invokeMethod(Invoker.java:673)
	at org.testng.internal.Invoker.invokeTestMethod(Invoker.java:842)
	at org.testng.internal.Invoker.invokeTestMethods(Invoker.java:1166)
	at org.testng.internal.TestMethodWorker.invokeTestMethods(TestMethodWorker.java:125)
	at org.testng.internal.TestMethodWorker.run(TestMethodWorker.java:109)
	at org.testng.TestRunner.runWorkers(TestRunner.java:1178)
	at org.testng.TestRunner.privateRun(TestRunner.java:757)
	at org.testng.TestRunner.run(TestRunner.java:608)
	at org.testng.SuiteRunner.runTest(SuiteRunner.java:334)
	at org.testng.SuiteRunner.runSequentially(SuiteRunner.java:329)
	at org.testng.SuiteRunner.privateRun(SuiteRunner.java:291)
	at org.testng.SuiteRunner.run(SuiteRunner.java:240)
	at org.testng.SuiteRunnerWorker.runSuite(SuiteRunnerWorker.java:52)
	at org.testng.SuiteRunnerWorker.run(SuiteRunnerWorker.java:86)
	at org.testng.TestNG.runSuitesSequentially(TestNG.java:1158)
	at org.testng.TestNG.runSuitesSequentially(TestNG.java:1154)
	at org.testng.TestNG.runSuitesLocally(TestNG.java:1083)
	at org.testng.TestNG.run(TestNG.java:999)
	at org.apache.maven.surefire.testng.TestNGExecutor.run(TestNGExecutor.java:284)
	at org.apache.maven.surefire.testng.TestNGXmlTestSuite.execute(TestNGXmlTestSuite.java:75)
	at org.apache.maven.surefire.testng.TestNGProvider.invoke(TestNGProvider.java:119)
	at org.apache.maven.surefire.booter.ForkedBooter.runSuitesInProcess(ForkedBooter.java:428)
	at org.apache.maven.surefire.booter.ForkedBooter.execute(ForkedBooter.java:162)
	at org.apache.maven.surefire.booter.ForkedBooter.run(ForkedBooter.java:562)
	at org.apache.maven.surefire.booter.ForkedBooter.main(ForkedBooter.java:548)
org.openqa.selenium.NoSuchElementException: An element could not be located on the page using the given search parameters.
For documentation on this error, please visit: https://www.seleniumhq.org/exceptions/no_such_element.html
Build info: version: '3.141.59', revision: 'e82be7d358', time: '2018-11-14T08:17:03'
System info: host: 'SD-APPS-201', ip: '10.65.147.20', os.name: 'Windows 10', os.arch: 'amd64', os.version: '10.0', java.version: '1.8.0_202'
Driver info: io.appium.java_client.android.AndroidDriver
Capabilities {automationName: UiAutomator2, databaseEnabled: false, desired: {automationName: UiAutomator2, deviceName: J9L, newCommandTimeout: 1200, platformName: android, platformVersion: 11, udid: 2040306021133362}, deviceApiLevel: 30, deviceManufacturer: BLU, deviceModel: J9L, deviceName: 2040306021133362, deviceScreenDensity: 240, deviceScreenSize: 480x960, deviceUDID: 2040306021133362, javascriptEnabled: true, locationContextEnabled: false, networkConnectionEnabled: true, newCommandTimeout: 1200, pixelRatio: 1.5, platform: LINUX, platformName: Android, platformVersion: 11, statBarHeight: 36, takesScreenshot: true, udid: 2040306021133362, viewportRect: {height: 852, left: 0, top: 36, width: 480}, warnings: {}, webStorageEnabled: false}
Session ID: 2e642ee0-4183-48e9-9d86-352c848ade4c
*** Element info: {Using=-android uiautomator, value=new UiSelector().text("WHILE USING THE APP")}
	at sun.reflect.GeneratedConstructorAccessor15.newInstance(Unknown Source)
	at sun.reflect.DelegatingConstructorAccessorImpl.newInstance(DelegatingConstructorAccessorImpl.java:45)
	at java.lang.reflect.Constructor.newInstance(Constructor.java:423)
	at org.openqa.selenium.remote.http.W3CHttpResponseCodec.createException(W3CHttpResponseCodec.java:187)
	at org.openqa.selenium.remote.http.W3CHttpResponseCodec.decode(W3CHttpResponseCodec.java:122)
	at org.openqa.selenium.remote.http.W3CHttpResponseCodec.decode(W3CHttpResponseCodec.java:49)
	at org.openqa.selenium.remote.HttpCommandExecutor.execute(HttpCommandExecutor.java:158)
	at io.appium.java_client.remote.AppiumCommandExecutor.execute(AppiumCommandExecutor.java:239)
	at org.openqa.selenium.remote.RemoteWebDriver.execute(RemoteWebDriver.java:552)
	at io.appium.java_client.DefaultGenericMobileDriver.execute(DefaultGenericMobileDriver.java:42)
	at io.appium.java_client.AppiumDriver.execute(AppiumDriver.java:1)
	at io.appium.java_client.android.AndroidDriver.execute(AndroidDriver.java:1)
	at org.openqa.selenium.remote.RemoteWebDriver.findElement(RemoteWebDriver.java:323)
	at io.appium.java_client.DefaultGenericMobileDriver.findElement(DefaultGenericMobileDriver.java:62)
	at io.appium.java_client.AppiumDriver.findElement(AppiumDriver.java:1)
	at io.appium.java_client.android.AndroidDriver.findElement(AndroidDriver.java:1)
	at io.appium.java_client.FindsByAndroidUIAutomator.findElementByAndroidUIAutomator(FindsByAndroidUIAutomator.java:38)
	at BLU_J9L.Test9_Int.RearPictureCapture(Test9_Int.java:125)
	at sun.reflect.NativeMethodAccessorImpl.invoke0(Native Method)
	at sun.reflect.NativeMethodAccessorImpl.invoke(NativeMethodAccessorImpl.java:62)
	at sun.reflect.DelegatingMethodAccessorImpl.invoke(DelegatingMethodAccessorImpl.java:43)
	at java.lang.reflect.Method.invoke(Method.java:498)
	at org.testng.internal.MethodInvocationHelper.invokeMethod(MethodInvocationHelper.java:80)
	at org.testng.internal.Invoker.invokeMethod(Invoker.java:673)
	at org.testng.internal.Invoker.invokeTestMethod(Invoker.java:842)
	at org.testng.internal.Invoker.invokeTestMethods(Invoker.java:1166)
	at org.testng.internal.TestMethodWorker.invokeTestMethods(TestMethodWorker.java:125)
	at org.testng.internal.TestMethodWorker.run(TestMethodWorker.java:109)
	at org.testng.TestRunner.runWorkers(TestRunner.java:1178)
	at org.testng.TestRunner.privateRun(TestRunner.java:757)
	at org.testng.TestRunner.run(TestRunner.java:608)
	at org.testng.SuiteRunner.runTest(SuiteRunner.java:334)
	at org.testng.SuiteRunner.runSequentially(SuiteRunner.java:329)
	at org.testng.SuiteRunner.privateRun(SuiteRunner.java:291)
	at org.testng.SuiteRunner.run(SuiteRunner.java:240)
	at org.testng.SuiteRunnerWorker.runSuite(SuiteRunnerWorker.java:52)
	at org.testng.SuiteRunnerWorker.run(SuiteRunnerWorker.java:86)
	at org.testng.TestNG.runSuitesSequentially(TestNG.java:1158)
	at org.testng.TestNG.runSuitesSequentially(TestNG.java:1154)
	at org.testng.TestNG.runSuitesLocally(TestNG.java:1083)
	at org.testng.TestNG.run(TestNG.java:999)
	at org.apache.maven.surefire.testng.TestNGExecutor.run(TestNGExecutor.java:284)
	at org.apache.maven.surefire.testng.TestNGXmlTestSuite.execute(TestNGXmlTestSuite.java:75)
	at org.apache.maven.surefire.testng.TestNGProvider.invoke(TestNGProvider.java:119)
	at org.apache.maven.surefire.booter.ForkedBooter.runSuitesInProcess(ForkedBooter.java:428)
	at org.apache.maven.surefire.booter.ForkedBooter.execute(ForkedBooter.java:162)
	at org.apache.maven.surefire.booter.ForkedBooter.run(ForkedBooter.java:562)
	at org.apache.maven.surefire.booter.ForkedBooter.main(ForkedBooter.java:548)
org.openqa.selenium.NoSuchElementException: An element could not be located on the page using the given search parameters.
For documentation on this error, please visit: https://www.seleniumhq.org/exceptions/no_such_element.html
Build info: version: '3.141.59', revision: 'e82be7d358', time: '2018-11-14T08:17:03'
System info: host: 'SD-APPS-201', ip: '10.65.147.20', os.name: 'Windows 10', os.arch: 'amd64', os.version: '10.0', java.version: '1.8.0_202'
Driver info: io.appium.java_client.android.AndroidDriver
Capabilities {automationName: UiAutomator2, databaseEnabled: false, desired: {automationName: UiAutomator2, deviceName: J9L, newCommandTimeout: 1200, platformName: android, platformVersion: 11, udid: 2040306021133362}, deviceApiLevel: 30, deviceManufacturer: BLU, deviceModel: J9L, deviceName: 2040306021133362, deviceScreenDensity: 240, deviceScreenSize: 480x960, deviceUDID: 2040306021133362, javascriptEnabled: true, locationContextEnabled: false, networkConnectionEnabled: true, newCommandTimeout: 1200, pixelRatio: 1.5, platform: LINUX, platformName: Android, platformVersion: 11, statBarHeight: 36, takesScreenshot: true, udid: 2040306021133362, viewportRect: {height: 852, left: 0, top: 36, width: 480}, warnings: {}, webStorageEnabled: false}
Session ID: 2e642ee0-4183-48e9-9d86-352c848ade4c
*** Element info: {Using=xpath, value=//*[@resource-id='com.google.android.apps.nbu.files:id/agree_button']}
	at sun.reflect.GeneratedConstructorAccessor15.newInstance(Unknown Source)
	at sun.reflect.DelegatingConstructorAccessorImpl.newInstance(DelegatingConstructorAccessorImpl.java:45)
	at java.lang.reflect.Constructor.newInstance(Constructor.java:423)
	at org.openqa.selenium.remote.http.W3CHttpResponseCodec.createException(W3CHttpResponseCodec.java:187)
	at org.openqa.selenium.remote.http.W3CHttpResponseCodec.decode(W3CHttpResponseCodec.java:122)
	at org.openqa.selenium.remote.http.W3CHttpResponseCodec.decode(W3CHttpResponseCodec.java:49)
	at org.openqa.selenium.remote.HttpCommandExecutor.execute(HttpCommandExecutor.java:158)
	at io.appium.java_client.remote.AppiumCommandExecutor.execute(AppiumCommandExecutor.java:239)
	at org.openqa.selenium.remote.RemoteWebDriver.execute(RemoteWebDriver.java:552)
	at io.appium.java_client.DefaultGenericMobileDriver.execute(DefaultGenericMobileDriver.java:42)
	at io.appium.java_client.AppiumDriver.execute(AppiumDriver.java:1)
	at io.appium.java_client.android.AndroidDriver.execute(AndroidDriver.java:1)
	at org.openqa.selenium.remote.RemoteWebDriver.findElement(RemoteWebDriver.java:323)
	at io.appium.java_client.DefaultGenericMobileDriver.findElement(DefaultGenericMobileDriver.java:62)
	at io.appium.java_client.AppiumDriver.findElement(AppiumDriver.java:1)
	at io.appium.java_client.android.AndroidDriver.findElement(AndroidDriver.java:1)
	at org.openqa.selenium.remote.RemoteWebDriver.findElementByXPath(RemoteWebDriver.java:428)
	at io.appium.java_client.DefaultGenericMobileDriver.findElementByXPath(DefaultGenericMobileDriver.java:152)
	at io.appium.java_client.AppiumDriver.findElementByXPath(AppiumDriver.java:1)
	at io.appium.java_client.android.AndroidDriver.findElementByXPath(AndroidDriver.java:1)
	at org.openqa.selenium.By$ByXPath.findElement(By.java:353)
	at org.openqa.selenium.remote.RemoteWebDriver.findElement(RemoteWebDriver.java:315)
	at io.appium.java_client.DefaultGenericMobileDriver.findElement(DefaultGenericMobileDriver.java:58)
	at io.appium.java_client.AppiumDriver.findElement(AppiumDriver.java:1)
	at io.appium.java_client.android.AndroidDriver.findElement(AndroidDriver.java:1)
	at BLU_J9L.Test9_Int.RearPictureCapture(Test9_Int.java:379)
	at sun.reflect.NativeMethodAccessorImpl.invoke0(Native Method)
	at sun.reflect.NativeMethodAccessorImpl.invoke(NativeMethodAccessorImpl.java:62)
	at sun.reflect.DelegatingMethodAccessorImpl.invoke(DelegatingMethodAccessorImpl.java:43)
	at java.lang.reflect.Method.invoke(Method.java:498)
	at org.testng.internal.MethodInvocationHelper.invokeMethod(MethodInvocationHelper.java:80)
	at org.testng.internal.Invoker.invokeMethod(Invoker.java:673)
	at org.testng.internal.Invoker.invokeTestMethod(Invoker.java:842)
	at org.testng.internal.Invoker.invokeTestMethods(Invoker.java:1166)
	at org.testng.internal.TestMethodWorker.invokeTestMethods(TestMethodWorker.java:125)
	at org.testng.internal.TestMethodWorker.run(TestMethodWorker.java:109)
	at org.testng.TestRunner.runWorkers(TestRunner.java:1178)
	at org.testng.TestRunner.privateRun(TestRunner.java:757)
	at org.testng.TestRunner.run(TestRunner.java:608)
	at org.testng.SuiteRunner.runTest(SuiteRunner.java:334)
	at org.testng.SuiteRunner.runSequentially(SuiteRunner.java:329)
	at org.testng.SuiteRunner.privateRun(SuiteRunner.java:291)
	at org.testng.SuiteRunner.run(SuiteRunner.java:240)
	at org.testng.SuiteRunnerWorker.runSuite(SuiteRunnerWorker.java:52)
	at org.testng.SuiteRunnerWorker.run(SuiteRunnerWorker.java:86)
	at org.testng.TestNG.runSuitesSequentially(TestNG.java:1158)
	at org.testng.TestNG.runSuitesSequentially(TestNG.java:1154)
	at org.testng.TestNG.runSuitesLocally(TestNG.java:1083)
	at org.testng.TestNG.run(TestNG.java:999)
	at org.apache.maven.surefire.testng.TestNGExecutor.run(TestNGExecutor.java:284)
	at org.apache.maven.surefire.testng.TestNGXmlTestSuite.execute(TestNGXmlTestSuite.java:75)
	at org.apache.maven.surefire.testng.TestNGProvider.invoke(TestNGProvider.java:119)
	at org.apache.maven.surefire.booter.ForkedBooter.runSuitesInProcess(ForkedBooter.java:428)
	at org.apache.maven.surefire.booter.ForkedBooter.execute(ForkedBooter.java:162)
	at org.apache.maven.surefire.booter.ForkedBooter.run(ForkedBooter.java:562)
	at org.apache.maven.surefire.booter.ForkedBooter.main(ForkedBooter.java:548)
]]></system-err>
  </testcase>
  <testcase name="FrontPictureCapture" classname="BLU_J9L.Test9F_Int" time="2,591.261">
    <system-out><![CDATA[Test: Start
===================================================================================================================================================================================================================================================================================================================================================================================================================================================================================================================================================================================================================================================================================================================================
Test9F_Int Scenario is as follows:
Launch camera application, set Internal as a Storage option, start Front camera image picture capture for all Host front resolutions
Setting up the appium desired capabilities
===================================================================================================================================================================================================================================================================================================================================================================================================================================================================================================================================================================================================================================================================================================================================
Clearing Recent Apps
Pass: No recent apps found
Launch Camera Application for Front camera picture Capture for all Host resolutions
Permission request
Allow Camera to access this deviceâ€™s location?
Test9F_Int_Fcam_res: 6 resolutions supported
Click on front camera
Select settings
Select camera resolution
Select first Image Resoution:(4:3) 8.0 megapixels 
totalPictureCountFront_Int= 50
clicking Image of 1st Resolutions (4:3) 8.0 megapixels : 0
clicking Image of 1st Resolutions (4:3) 8.0 megapixels : 1
clicking Image of 1st Resolutions (4:3) 8.0 megapixels : 2
clicking Image of 1st Resolutions (4:3) 8.0 megapixels : 3
clicking Image of 1st Resolutions (4:3) 8.0 megapixels : 4
clicking Image of 1st Resolutions (4:3) 8.0 megapixels : 5
clicking Image of 1st Resolutions (4:3) 8.0 megapixels : 6
clicking Image of 1st Resolutions (4:3) 8.0 megapixels : 7
clicking Image of 1st Resolutions (4:3) 8.0 megapixels : 8
clicking Image of 1st Resolutions (4:3) 8.0 megapixels : 9
clicking Image of 1st Resolutions (4:3) 8.0 megapixels : 10
clicking Image of 1st Resolutions (4:3) 8.0 megapixels : 11
clicking Image of 1st Resolutions (4:3) 8.0 megapixels : 12
clicking Image of 1st Resolutions (4:3) 8.0 megapixels : 13
clicking Image of 1st Resolutions (4:3) 8.0 megapixels : 14
clicking Image of 1st Resolutions (4:3) 8.0 megapixels : 15
clicking Image of 1st Resolutions (4:3) 8.0 megapixels : 16
clicking Image of 1st Resolutions (4:3) 8.0 megapixels : 17
clicking Image of 1st Resolutions (4:3) 8.0 megapixels : 18
clicking Image of 1st Resolutions (4:3) 8.0 megapixels : 19
clicking Image of 1st Resolutions (4:3) 8.0 megapixels : 20
clicking Image of 1st Resolutions (4:3) 8.0 megapixels : 21
clicking Image of 1st Resolutions (4:3) 8.0 megapixels : 22
clicking Image of 1st Resolutions (4:3) 8.0 megapixels : 23
clicking Image of 1st Resolutions (4:3) 8.0 megapixels : 24
clicking Image of 1st Resolutions (4:3) 8.0 megapixels : 25
clicking Image of 1st Resolutions (4:3) 8.0 megapixels : 26
clicking Image of 1st Resolutions (4:3) 8.0 megapixels : 27
clicking Image of 1st Resolutions (4:3) 8.0 megapixels : 28
clicking Image of 1st Resolutions (4:3) 8.0 megapixels : 29
clicking Image of 1st Resolutions (4:3) 8.0 megapixels : 30
clicking Image of 1st Resolutions (4:3) 8.0 megapixels : 31
clicking Image of 1st Resolutions (4:3) 8.0 megapixels : 32
clicking Image of 1st Resolutions (4:3) 8.0 megapixels : 33
clicking Image of 1st Resolutions (4:3) 8.0 megapixels : 34
clicking Image of 1st Resolutions (4:3) 8.0 megapixels : 35
clicking Image of 1st Resolutions (4:3) 8.0 megapixels : 36
clicking Image of 1st Resolutions (4:3) 8.0 megapixels : 37
clicking Image of 1st Resolutions (4:3) 8.0 megapixels : 38
clicking Image of 1st Resolutions (4:3) 8.0 megapixels : 39
clicking Image of 1st Resolutions (4:3) 8.0 megapixels : 40
clicking Image of 1st Resolutions (4:3) 8.0 megapixels : 41
clicking Image of 1st Resolutions (4:3) 8.0 megapixels : 42
clicking Image of 1st Resolutions (4:3) 8.0 megapixels : 43
clicking Image of 1st Resolutions (4:3) 8.0 megapixels : 44
clicking Image of 1st Resolutions (4:3) 8.0 megapixels : 45
clicking Image of 1st Resolutions (4:3) 8.0 megapixels : 46
clicking Image of 1st Resolutions (4:3) 8.0 megapixels : 47
clicking Image of 1st Resolutions (4:3) 8.0 megapixels : 48
clicking Image of 1st Resolutions (4:3) 8.0 megapixels : 49
front camera first resolution:50 images Captured succesfull
Select settings
Select camera resolution
Select second Image Resoution: (4:3) 1.9 megapixels
totalPictureCountFront_Int1= 50
clicking Image of 2nd Resolutions (4:3) 1.9 megapixels : 0
clicking Image of 2nd Resolutions (4:3) 1.9 megapixels : 1
clicking Image of 2nd Resolutions (4:3) 1.9 megapixels : 2
clicking Image of 2nd Resolutions (4:3) 1.9 megapixels : 3
clicking Image of 2nd Resolutions (4:3) 1.9 megapixels : 4
clicking Image of 2nd Resolutions (4:3) 1.9 megapixels : 5
clicking Image of 2nd Resolutions (4:3) 1.9 megapixels : 6
clicking Image of 2nd Resolutions (4:3) 1.9 megapixels : 7
clicking Image of 2nd Resolutions (4:3) 1.9 megapixels : 8
clicking Image of 2nd Resolutions (4:3) 1.9 megapixels : 9
clicking Image of 2nd Resolutions (4:3) 1.9 megapixels : 10
clicking Image of 2nd Resolutions (4:3) 1.9 megapixels : 11
clicking Image of 2nd Resolutions (4:3) 1.9 megapixels : 12
clicking Image of 2nd Resolutions (4:3) 1.9 megapixels : 13
clicking Image of 2nd Resolutions (4:3) 1.9 megapixels : 14
clicking Image of 2nd Resolutions (4:3) 1.9 megapixels : 15
clicking Image of 2nd Resolutions (4:3) 1.9 megapixels : 16
clicking Image of 2nd Resolutions (4:3) 1.9 megapixels : 17
clicking Image of 2nd Resolutions (4:3) 1.9 megapixels : 18
clicking Image of 2nd Resolutions (4:3) 1.9 megapixels : 19
clicking Image of 2nd Resolutions (4:3) 1.9 megapixels : 20
clicking Image of 2nd Resolutions (4:3) 1.9 megapixels : 21
clicking Image of 2nd Resolutions (4:3) 1.9 megapixels : 22
clicking Image of 2nd Resolutions (4:3) 1.9 megapixels : 23
clicking Image of 2nd Resolutions (4:3) 1.9 megapixels : 24
clicking Image of 2nd Resolutions (4:3) 1.9 megapixels : 25
clicking Image of 2nd Resolutions (4:3) 1.9 megapixels : 26
clicking Image of 2nd Resolutions (4:3) 1.9 megapixels : 27
clicking Image of 2nd Resolutions (4:3) 1.9 megapixels : 28
clicking Image of 2nd Resolutions (4:3) 1.9 megapixels : 29
clicking Image of 2nd Resolutions (4:3) 1.9 megapixels : 30
clicking Image of 2nd Resolutions (4:3) 1.9 megapixels : 31
clicking Image of 2nd Resolutions (4:3) 1.9 megapixels : 32
clicking Image of 2nd Resolutions (4:3) 1.9 megapixels : 33
clicking Image of 2nd Resolutions (4:3) 1.9 megapixels : 34
clicking Image of 2nd Resolutions (4:3) 1.9 megapixels : 35
clicking Image of 2nd Resolutions (4:3) 1.9 megapixels : 36
clicking Image of 2nd Resolutions (4:3) 1.9 megapixels : 37
clicking Image of 2nd Resolutions (4:3) 1.9 megapixels : 38
clicking Image of 2nd Resolutions (4:3) 1.9 megapixels : 39
clicking Image of 2nd Resolutions (4:3) 1.9 megapixels : 40
clicking Image of 2nd Resolutions (4:3) 1.9 megapixels : 41
clicking Image of 2nd Resolutions (4:3) 1.9 megapixels : 42
clicking Image of 2nd Resolutions (4:3) 1.9 megapixels : 43
clicking Image of 2nd Resolutions (4:3) 1.9 megapixels : 44
clicking Image of 2nd Resolutions (4:3) 1.9 megapixels : 45
clicking Image of 2nd Resolutions (4:3) 1.9 megapixels : 46
clicking Image of 2nd Resolutions (4:3) 1.9 megapixels : 47
clicking Image of 2nd Resolutions (4:3) 1.9 megapixels : 48
clicking Image of 2nd Resolutions (4:3) 1.9 megapixels : 49
front camera second resolution:50 images Captured succesfull
Select settings
Select camera resolution
Select third Image Resoution: (4:3) 4.0 megapixels
totalPictureCountFront_Int2= 50
clicking Image of 3rd Resolutions (4:3) 4.0 megapixels: 0
clicking Image of 3rd Resolutions (4:3) 4.0 megapixels: 1
clicking Image of 3rd Resolutions (4:3) 4.0 megapixels: 2
clicking Image of 3rd Resolutions (4:3) 4.0 megapixels: 3
clicking Image of 3rd Resolutions (4:3) 4.0 megapixels: 4
clicking Image of 3rd Resolutions (4:3) 4.0 megapixels: 5
clicking Image of 3rd Resolutions (4:3) 4.0 megapixels: 6
clicking Image of 3rd Resolutions (4:3) 4.0 megapixels: 7
clicking Image of 3rd Resolutions (4:3) 4.0 megapixels: 8
clicking Image of 3rd Resolutions (4:3) 4.0 megapixels: 9
clicking Image of 3rd Resolutions (4:3) 4.0 megapixels: 10
clicking Image of 3rd Resolutions (4:3) 4.0 megapixels: 11
clicking Image of 3rd Resolutions (4:3) 4.0 megapixels: 12
clicking Image of 3rd Resolutions (4:3) 4.0 megapixels: 13
clicking Image of 3rd Resolutions (4:3) 4.0 megapixels: 14
clicking Image of 3rd Resolutions (4:3) 4.0 megapixels: 15
clicking Image of 3rd Resolutions (4:3) 4.0 megapixels: 16
clicking Image of 3rd Resolutions (4:3) 4.0 megapixels: 17
clicking Image of 3rd Resolutions (4:3) 4.0 megapixels: 18
clicking Image of 3rd Resolutions (4:3) 4.0 megapixels: 19
clicking Image of 3rd Resolutions (4:3) 4.0 megapixels: 20
clicking Image of 3rd Resolutions (4:3) 4.0 megapixels: 21
clicking Image of 3rd Resolutions (4:3) 4.0 megapixels: 22
clicking Image of 3rd Resolutions (4:3) 4.0 megapixels: 23
clicking Image of 3rd Resolutions (4:3) 4.0 megapixels: 24
clicking Image of 3rd Resolutions (4:3) 4.0 megapixels: 25
clicking Image of 3rd Resolutions (4:3) 4.0 megapixels: 26
clicking Image of 3rd Resolutions (4:3) 4.0 megapixels: 27
clicking Image of 3rd Resolutions (4:3) 4.0 megapixels: 28
clicking Image of 3rd Resolutions (4:3) 4.0 megapixels: 29
clicking Image of 3rd Resolutions (4:3) 4.0 megapixels: 30
clicking Image of 3rd Resolutions (4:3) 4.0 megapixels: 31
clicking Image of 3rd Resolutions (4:3) 4.0 megapixels: 32
clicking Image of 3rd Resolutions (4:3) 4.0 megapixels: 33
clicking Image of 3rd Resolutions (4:3) 4.0 megapixels: 34
clicking Image of 3rd Resolutions (4:3) 4.0 megapixels: 35
clicking Image of 3rd Resolutions (4:3) 4.0 megapixels: 36
clicking Image of 3rd Resolutions (4:3) 4.0 megapixels: 37
clicking Image of 3rd Resolutions (4:3) 4.0 megapixels: 38
clicking Image of 3rd Resolutions (4:3) 4.0 megapixels: 39
clicking Image of 3rd Resolutions (4:3) 4.0 megapixels: 40
clicking Image of 3rd Resolutions (4:3) 4.0 megapixels: 41
clicking Image of 3rd Resolutions (4:3) 4.0 megapixels: 42
clicking Image of 3rd Resolutions (4:3) 4.0 megapixels: 43
clicking Image of 3rd Resolutions (4:3) 4.0 megapixels: 44
clicking Image of 3rd Resolutions (4:3) 4.0 megapixels: 45
clicking Image of 3rd Resolutions (4:3) 4.0 megapixels: 46
clicking Image of 3rd Resolutions (4:3) 4.0 megapixels: 47
clicking Image of 3rd Resolutions (4:3) 4.0 megapixels: 48
clicking Image of 3rd Resolutions (4:3) 4.0 megapixels: 49
front camera third resolution:50 images Captured succesfull
Select settings
Select camera resolution
Select fourth Image Resoution: (16:9) 6.0 megapixels
totalPictureCountFront_Int3= 50
clicking Image of 4th Resolutions (16:9) 6.0 megapixels: 0
clicking Image of 4th Resolutions (16:9) 6.0 megapixels: 1
clicking Image of 4th Resolutions (16:9) 6.0 megapixels: 2
clicking Image of 4th Resolutions (16:9) 6.0 megapixels: 3
clicking Image of 4th Resolutions (16:9) 6.0 megapixels: 4
clicking Image of 4th Resolutions (16:9) 6.0 megapixels: 5
clicking Image of 4th Resolutions (16:9) 6.0 megapixels: 6
clicking Image of 4th Resolutions (16:9) 6.0 megapixels: 7
clicking Image of 4th Resolutions (16:9) 6.0 megapixels: 8
clicking Image of 4th Resolutions (16:9) 6.0 megapixels: 9
clicking Image of 4th Resolutions (16:9) 6.0 megapixels: 10
clicking Image of 4th Resolutions (16:9) 6.0 megapixels: 11
clicking Image of 4th Resolutions (16:9) 6.0 megapixels: 12
clicking Image of 4th Resolutions (16:9) 6.0 megapixels: 13
clicking Image of 4th Resolutions (16:9) 6.0 megapixels: 14
clicking Image of 4th Resolutions (16:9) 6.0 megapixels: 15
clicking Image of 4th Resolutions (16:9) 6.0 megapixels: 16
clicking Image of 4th Resolutions (16:9) 6.0 megapixels: 17
clicking Image of 4th Resolutions (16:9) 6.0 megapixels: 18
clicking Image of 4th Resolutions (16:9) 6.0 megapixels: 19
clicking Image of 4th Resolutions (16:9) 6.0 megapixels: 20
clicking Image of 4th Resolutions (16:9) 6.0 megapixels: 21
clicking Image of 4th Resolutions (16:9) 6.0 megapixels: 22
clicking Image of 4th Resolutions (16:9) 6.0 megapixels: 23
clicking Image of 4th Resolutions (16:9) 6.0 megapixels: 24
clicking Image of 4th Resolutions (16:9) 6.0 megapixels: 25
clicking Image of 4th Resolutions (16:9) 6.0 megapixels: 26
clicking Image of 4th Resolutions (16:9) 6.0 megapixels: 27
clicking Image of 4th Resolutions (16:9) 6.0 megapixels: 28
clicking Image of 4th Resolutions (16:9) 6.0 megapixels: 29
clicking Image of 4th Resolutions (16:9) 6.0 megapixels: 30
clicking Image of 4th Resolutions (16:9) 6.0 megapixels: 31
clicking Image of 4th Resolutions (16:9) 6.0 megapixels: 32
clicking Image of 4th Resolutions (16:9) 6.0 megapixels: 33
clicking Image of 4th Resolutions (16:9) 6.0 megapixels: 34
clicking Image of 4th Resolutions (16:9) 6.0 megapixels: 35
clicking Image of 4th Resolutions (16:9) 6.0 megapixels: 36
clicking Image of 4th Resolutions (16:9) 6.0 megapixels: 37
clicking Image of 4th Resolutions (16:9) 6.0 megapixels: 38
clicking Image of 4th Resolutions (16:9) 6.0 megapixels: 39
clicking Image of 4th Resolutions (16:9) 6.0 megapixels: 40
clicking Image of 4th Resolutions (16:9) 6.0 megapixels: 41
clicking Image of 4th Resolutions (16:9) 6.0 megapixels: 42
clicking Image of 4th Resolutions (16:9) 6.0 megapixels: 43
clicking Image of 4th Resolutions (16:9) 6.0 megapixels: 44
clicking Image of 4th Resolutions (16:9) 6.0 megapixels: 45
clicking Image of 4th Resolutions (16:9) 6.0 megapixels: 46
clicking Image of 4th Resolutions (16:9) 6.0 megapixels: 47
clicking Image of 4th Resolutions (16:9) 6.0 megapixels: 48
clicking Image of 4th Resolutions (16:9) 6.0 megapixels: 49
front camera 4th resolution:50 images Captured succesfull
Select settings
Select camera resolution
Select fifth Image Resoution: (16:9) 2.1 megapixels
totalPictureCountFront_Int4= 50
clicking Image of 5th Resolutions (16:9) 2.1 megapixels: 0
clicking Image of 5th Resolutions (16:9) 2.1 megapixels: 1
clicking Image of 5th Resolutions (16:9) 2.1 megapixels: 2
clicking Image of 5th Resolutions (16:9) 2.1 megapixels: 3
clicking Image of 5th Resolutions (16:9) 2.1 megapixels: 4
clicking Image of 5th Resolutions (16:9) 2.1 megapixels: 5
clicking Image of 5th Resolutions (16:9) 2.1 megapixels: 6
clicking Image of 5th Resolutions (16:9) 2.1 megapixels: 7
clicking Image of 5th Resolutions (16:9) 2.1 megapixels: 8
clicking Image of 5th Resolutions (16:9) 2.1 megapixels: 9
clicking Image of 5th Resolutions (16:9) 2.1 megapixels: 10
clicking Image of 5th Resolutions (16:9) 2.1 megapixels: 11
clicking Image of 5th Resolutions (16:9) 2.1 megapixels: 12
clicking Image of 5th Resolutions (16:9) 2.1 megapixels: 13
clicking Image of 5th Resolutions (16:9) 2.1 megapixels: 14
clicking Image of 5th Resolutions (16:9) 2.1 megapixels: 15
clicking Image of 5th Resolutions (16:9) 2.1 megapixels: 16
clicking Image of 5th Resolutions (16:9) 2.1 megapixels: 17
clicking Image of 5th Resolutions (16:9) 2.1 megapixels: 18
clicking Image of 5th Resolutions (16:9) 2.1 megapixels: 19
clicking Image of 5th Resolutions (16:9) 2.1 megapixels: 20
clicking Image of 5th Resolutions (16:9) 2.1 megapixels: 21
clicking Image of 5th Resolutions (16:9) 2.1 megapixels: 22
clicking Image of 5th Resolutions (16:9) 2.1 megapixels: 23
clicking Image of 5th Resolutions (16:9) 2.1 megapixels: 24
clicking Image of 5th Resolutions (16:9) 2.1 megapixels: 25
clicking Image of 5th Resolutions (16:9) 2.1 megapixels: 26
clicking Image of 5th Resolutions (16:9) 2.1 megapixels: 27
clicking Image of 5th Resolutions (16:9) 2.1 megapixels: 28
clicking Image of 5th Resolutions (16:9) 2.1 megapixels: 29
clicking Image of 5th Resolutions (16:9) 2.1 megapixels: 30
clicking Image of 5th Resolutions (16:9) 2.1 megapixels: 31
clicking Image of 5th Resolutions (16:9) 2.1 megapixels: 32
clicking Image of 5th Resolutions (16:9) 2.1 megapixels: 33
clicking Image of 5th Resolutions (16:9) 2.1 megapixels: 34
clicking Image of 5th Resolutions (16:9) 2.1 megapixels: 35
clicking Image of 5th Resolutions (16:9) 2.1 megapixels: 36
clicking Image of 5th Resolutions (16:9) 2.1 megapixels: 37
clicking Image of 5th Resolutions (16:9) 2.1 megapixels: 38
clicking Image of 5th Resolutions (16:9) 2.1 megapixels: 39
clicking Image of 5th Resolutions (16:9) 2.1 megapixels: 40
clicking Image of 5th Resolutions (16:9) 2.1 megapixels: 41
clicking Image of 5th Resolutions (16:9) 2.1 megapixels: 42
clicking Image of 5th Resolutions (16:9) 2.1 megapixels: 43
clicking Image of 5th Resolutions (16:9) 2.1 megapixels: 44
clicking Image of 5th Resolutions (16:9) 2.1 megapixels: 45
clicking Image of 5th Resolutions (16:9) 2.1 megapixels: 46
clicking Image of 5th Resolutions (16:9) 2.1 megapixels: 47
clicking Image of 5th Resolutions (16:9) 2.1 megapixels: 48
clicking Image of 5th Resolutions (16:9) 2.1 megapixels: 49
front camera 5th resolution:50 images Captured succesfull
Select settings
Select camera resolution
Select sixth Image Resoution: (16:9) 2.4 megapixels
totalPictureCountFront_Int5= 50
clicking Image of 4th Resolutions (16:9) 2.4 megapixels: 0
clicking Image of 4th Resolutions (16:9) 2.4 megapixels: 1
clicking Image of 4th Resolutions (16:9) 2.4 megapixels: 2
clicking Image of 4th Resolutions (16:9) 2.4 megapixels: 3
clicking Image of 4th Resolutions (16:9) 2.4 megapixels: 4
clicking Image of 4th Resolutions (16:9) 2.4 megapixels: 5
clicking Image of 4th Resolutions (16:9) 2.4 megapixels: 6
clicking Image of 4th Resolutions (16:9) 2.4 megapixels: 7
clicking Image of 4th Resolutions (16:9) 2.4 megapixels: 8
clicking Image of 4th Resolutions (16:9) 2.4 megapixels: 9
clicking Image of 4th Resolutions (16:9) 2.4 megapixels: 10
clicking Image of 4th Resolutions (16:9) 2.4 megapixels: 11
clicking Image of 4th Resolutions (16:9) 2.4 megapixels: 12
clicking Image of 4th Resolutions (16:9) 2.4 megapixels: 13
clicking Image of 4th Resolutions (16:9) 2.4 megapixels: 14
clicking Image of 4th Resolutions (16:9) 2.4 megapixels: 15
clicking Image of 4th Resolutions (16:9) 2.4 megapixels: 16
clicking Image of 4th Resolutions (16:9) 2.4 megapixels: 17
clicking Image of 4th Resolutions (16:9) 2.4 megapixels: 18
clicking Image of 4th Resolutions (16:9) 2.4 megapixels: 19
clicking Image of 4th Resolutions (16:9) 2.4 megapixels: 20
clicking Image of 4th Resolutions (16:9) 2.4 megapixels: 21
clicking Image of 4th Resolutions (16:9) 2.4 megapixels: 22
clicking Image of 4th Resolutions (16:9) 2.4 megapixels: 23
clicking Image of 4th Resolutions (16:9) 2.4 megapixels: 24
clicking Image of 4th Resolutions (16:9) 2.4 megapixels: 25
clicking Image of 4th Resolutions (16:9) 2.4 megapixels: 26
clicking Image of 4th Resolutions (16:9) 2.4 megapixels: 27
clicking Image of 4th Resolutions (16:9) 2.4 megapixels: 28
clicking Image of 4th Resolutions (16:9) 2.4 megapixels: 29
clicking Image of 4th Resolutions (16:9) 2.4 megapixels: 30
clicking Image of 4th Resolutions (16:9) 2.4 megapixels: 31
clicking Image of 4th Resolutions (16:9) 2.4 megapixels: 32
clicking Image of 4th Resolutions (16:9) 2.4 megapixels: 33
clicking Image of 4th Resolutions (16:9) 2.4 megapixels: 34
clicking Image of 4th Resolutions (16:9) 2.4 megapixels: 35
clicking Image of 4th Resolutions (16:9) 2.4 megapixels: 36
clicking Image of 4th Resolutions (16:9) 2.4 megapixels: 37
clicking Image of 4th Resolutions (16:9) 2.4 megapixels: 38
clicking Image of 4th Resolutions (16:9) 2.4 megapixels: 39
clicking Image of 4th Resolutions (16:9) 2.4 megapixels: 40
clicking Image of 4th Resolutions (16:9) 2.4 megapixels: 41
clicking Image of 4th Resolutions (16:9) 2.4 megapixels: 42
clicking Image of 4th Resolutions (16:9) 2.4 megapixels: 43
clicking Image of 4th Resolutions (16:9) 2.4 megapixels: 44
clicking Image of 4th Resolutions (16:9) 2.4 megapixels: 45
clicking Image of 4th Resolutions (16:9) 2.4 megapixels: 46
clicking Image of 4th Resolutions (16:9) 2.4 megapixels: 47
clicking Image of 4th Resolutions (16:9) 2.4 megapixels: 48
clicking Image of 4th Resolutions (16:9) 2.4 megapixels: 49
front camera 6th resolution:50 images Captured succesfull
click on back camera
Total Count value:300 images to be Captured 
Launch file manager application and verify captured images present in Internal storage
Swipe up to select Internal storage
Select Internal storage
switch to grid view mode to select DCIM folder
Select DCIM Folder
Select camera folder
switch to list view mode 
Click More options
Click select all
Test9F_Int_Fcam_image: 300 selected images Captured succesfull
Tolerance_Level = 75

Pass: Test9F_Int pass for front Image capture
Test9F_Int Fcam_image: 300  images Captured succesfull
===================================================================================================================================================================================================================================================================================================================================================================================================================================================================================================================================================================================================================================================================================================================================
calling DataMoveOperation()
launch file manager application select Internal storage-->DCIM folder-->Camera folder-->Select all front camera images create Test9F_Int folder and cut paste all images in test9F_Int folder
click on browse option
Swipe up to select internal storage
Select internal storage
Click More options
Select ADD NEW Folder option
Name folder as Test9F_Int
Select ADD NEW Folder option
switch to grid view mode and select DCIM folder
Select DCIM folder
Select camera folder
switch to list view mode
Click More options
Click select all
Click More options
select move to option
select Internal storage
select Test9F_Int
Accept Move here
Cut paste  video files operation completed successfully
Pass: Test9F_Int Pass for data move operation successfully
===================================================================================================================================================================================================================================================================================================================================================================================================================================================================================================================================================================================================================================================================================================================================
Final Message: Pass Test9F_Int Pass for Front camera image capture  successfully
Test: End
===================================================================================================================================================================================================================================================================================================================================================================================================================================================================================================================================================================================================================================================================================================================================
]]></system-out>
    <system-err><![CDATA[2023-02-15 13:32:26 INFO   io.appium.java_client.remote.AppiumCommandExecutor$1 lambda$0 Detected dialect: W3C
2023-02-15 13:32:39 INFO   io.appium.java_client.remote.AppiumCommandExecutor$1 lambda$0 Detected dialect: W3C
org.openqa.selenium.InvalidSelectorException: Could not parse selector expression `new UiSelector().content-desc("CLEAR ALL")`: UiSelector has no `content-desc` method
For documentation on this error, please visit: https://www.seleniumhq.org/exceptions/invalid_selector_exception.html
Build info: version: '3.141.59', revision: 'e82be7d358', time: '2018-11-14T08:17:03'
System info: host: 'SD-APPS-201', ip: '10.65.147.20', os.name: 'Windows 10', os.arch: 'amd64', os.version: '10.0', java.version: '1.8.0_202'
Driver info: io.appium.java_client.android.AndroidDriver
Capabilities {automationName: UiAutomator2, databaseEnabled: false, desired: {automationName: UiAutomator2, deviceName: J9L, newCommandTimeout: 1200, platformName: android, platformVersion: 11, udid: 2040306021133362}, deviceApiLevel: 30, deviceManufacturer: BLU, deviceModel: J9L, deviceName: 2040306021133362, deviceScreenDensity: 240, deviceScreenSize: 480x960, deviceUDID: 2040306021133362, javascriptEnabled: true, locationContextEnabled: false, networkConnectionEnabled: true, newCommandTimeout: 1200, pixelRatio: 1.5, platform: LINUX, platformName: Android, platformVersion: 11, statBarHeight: 36, takesScreenshot: true, udid: 2040306021133362, viewportRect: {height: 852, left: 0, top: 36, width: 480}, warnings: {}, webStorageEnabled: false}
Session ID: 3bc8fe39-c290-493e-a564-f42d6bf8f449
*** Element info: {Using=-android uiautomator, value=new UiSelector().content-desc("CLEAR ALL")}
	at sun.reflect.NativeConstructorAccessorImpl.newInstance0(Native Method)
	at sun.reflect.NativeConstructorAccessorImpl.newInstance(NativeConstructorAccessorImpl.java:62)
	at sun.reflect.DelegatingConstructorAccessorImpl.newInstance(DelegatingConstructorAccessorImpl.java:45)
	at java.lang.reflect.Constructor.newInstance(Constructor.java:423)
	at org.openqa.selenium.remote.http.W3CHttpResponseCodec.createException(W3CHttpResponseCodec.java:187)
	at org.openqa.selenium.remote.http.W3CHttpResponseCodec.decode(W3CHttpResponseCodec.java:122)
	at org.openqa.selenium.remote.http.W3CHttpResponseCodec.decode(W3CHttpResponseCodec.java:49)
	at org.openqa.selenium.remote.HttpCommandExecutor.execute(HttpCommandExecutor.java:158)
	at io.appium.java_client.remote.AppiumCommandExecutor.execute(AppiumCommandExecutor.java:239)
	at org.openqa.selenium.remote.RemoteWebDriver.execute(RemoteWebDriver.java:552)
	at io.appium.java_client.DefaultGenericMobileDriver.execute(DefaultGenericMobileDriver.java:42)
	at io.appium.java_client.AppiumDriver.execute(AppiumDriver.java:1)
	at io.appium.java_client.android.AndroidDriver.execute(AndroidDriver.java:1)
	at org.openqa.selenium.remote.RemoteWebDriver.findElement(RemoteWebDriver.java:323)
	at io.appium.java_client.DefaultGenericMobileDriver.findElement(DefaultGenericMobileDriver.java:62)
	at io.appium.java_client.AppiumDriver.findElement(AppiumDriver.java:1)
	at io.appium.java_client.android.AndroidDriver.findElement(AndroidDriver.java:1)
	at io.appium.java_client.FindsByAndroidUIAutomator.findElementByAndroidUIAutomator(FindsByAndroidUIAutomator.java:38)
	at BLU_J9L.Test9F_Int.FrontPictureCapture(Test9F_Int.java:92)
	at sun.reflect.NativeMethodAccessorImpl.invoke0(Native Method)
	at sun.reflect.NativeMethodAccessorImpl.invoke(NativeMethodAccessorImpl.java:62)
	at sun.reflect.DelegatingMethodAccessorImpl.invoke(DelegatingMethodAccessorImpl.java:43)
	at java.lang.reflect.Method.invoke(Method.java:498)
	at org.testng.internal.MethodInvocationHelper.invokeMethod(MethodInvocationHelper.java:80)
	at org.testng.internal.Invoker.invokeMethod(Invoker.java:673)
	at org.testng.internal.Invoker.invokeTestMethod(Invoker.java:842)
	at org.testng.internal.Invoker.invokeTestMethods(Invoker.java:1166)
	at org.testng.internal.TestMethodWorker.invokeTestMethods(TestMethodWorker.java:125)
	at org.testng.internal.TestMethodWorker.run(TestMethodWorker.java:109)
	at org.testng.TestRunner.runWorkers(TestRunner.java:1178)
	at org.testng.TestRunner.privateRun(TestRunner.java:757)
	at org.testng.TestRunner.run(TestRunner.java:608)
	at org.testng.SuiteRunner.runTest(SuiteRunner.java:334)
	at org.testng.SuiteRunner.runSequentially(SuiteRunner.java:329)
	at org.testng.SuiteRunner.privateRun(SuiteRunner.java:291)
	at org.testng.SuiteRunner.run(SuiteRunner.java:240)
	at org.testng.SuiteRunnerWorker.runSuite(SuiteRunnerWorker.java:52)
	at org.testng.SuiteRunnerWorker.run(SuiteRunnerWorker.java:86)
	at org.testng.TestNG.runSuitesSequentially(TestNG.java:1158)
	at org.testng.TestNG.runSuitesSequentially(TestNG.java:1154)
	at org.testng.TestNG.runSuitesLocally(TestNG.java:1083)
	at org.testng.TestNG.run(TestNG.java:999)
	at org.apache.maven.surefire.testng.TestNGExecutor.run(TestNGExecutor.java:284)
	at org.apache.maven.surefire.testng.TestNGXmlTestSuite.execute(TestNGXmlTestSuite.java:75)
	at org.apache.maven.surefire.testng.TestNGProvider.invoke(TestNGProvider.java:119)
	at org.apache.maven.surefire.booter.ForkedBooter.runSuitesInProcess(ForkedBooter.java:428)
	at org.apache.maven.surefire.booter.ForkedBooter.execute(ForkedBooter.java:162)
	at org.apache.maven.surefire.booter.ForkedBooter.run(ForkedBooter.java:562)
	at org.apache.maven.surefire.booter.ForkedBooter.main(ForkedBooter.java:548)
org.openqa.selenium.NoSuchElementException: An element could not be located on the page using the given search parameters.
For documentation on this error, please visit: https://www.seleniumhq.org/exceptions/no_such_element.html
Build info: version: '3.141.59', revision: 'e82be7d358', time: '2018-11-14T08:17:03'
System info: host: 'SD-APPS-201', ip: '10.65.147.20', os.name: 'Windows 10', os.arch: 'amd64', os.version: '10.0', java.version: '1.8.0_202'
Driver info: io.appium.java_client.android.AndroidDriver
Capabilities {automationName: UiAutomator2, databaseEnabled: false, desired: {automationName: UiAutomator2, deviceName: J9L, newCommandTimeout: 1200, platformName: android, platformVersion: 11, udid: 2040306021133362}, deviceApiLevel: 30, deviceManufacturer: BLU, deviceModel: J9L, deviceName: 2040306021133362, deviceScreenDensity: 240, deviceScreenSize: 480x960, deviceUDID: 2040306021133362, javascriptEnabled: true, locationContextEnabled: false, networkConnectionEnabled: true, newCommandTimeout: 1200, pixelRatio: 1.5, platform: LINUX, platformName: Android, platformVersion: 11, statBarHeight: 36, takesScreenshot: true, udid: 2040306021133362, viewportRect: {height: 852, left: 0, top: 36, width: 480}, warnings: {}, webStorageEnabled: false}
Session ID: 3bc8fe39-c290-493e-a564-f42d6bf8f449
*** Element info: {Using=-android uiautomator, value=new UiSelector().text("WHILE USING THE APP")}
	at sun.reflect.GeneratedConstructorAccessor15.newInstance(Unknown Source)
	at sun.reflect.DelegatingConstructorAccessorImpl.newInstance(DelegatingConstructorAccessorImpl.java:45)
	at java.lang.reflect.Constructor.newInstance(Constructor.java:423)
	at org.openqa.selenium.remote.http.W3CHttpResponseCodec.createException(W3CHttpResponseCodec.java:187)
	at org.openqa.selenium.remote.http.W3CHttpResponseCodec.decode(W3CHttpResponseCodec.java:122)
	at org.openqa.selenium.remote.http.W3CHttpResponseCodec.decode(W3CHttpResponseCodec.java:49)
	at org.openqa.selenium.remote.HttpCommandExecutor.execute(HttpCommandExecutor.java:158)
	at io.appium.java_client.remote.AppiumCommandExecutor.execute(AppiumCommandExecutor.java:239)
	at org.openqa.selenium.remote.RemoteWebDriver.execute(RemoteWebDriver.java:552)
	at io.appium.java_client.DefaultGenericMobileDriver.execute(DefaultGenericMobileDriver.java:42)
	at io.appium.java_client.AppiumDriver.execute(AppiumDriver.java:1)
	at io.appium.java_client.android.AndroidDriver.execute(AndroidDriver.java:1)
	at org.openqa.selenium.remote.RemoteWebDriver.findElement(RemoteWebDriver.java:323)
	at io.appium.java_client.DefaultGenericMobileDriver.findElement(DefaultGenericMobileDriver.java:62)
	at io.appium.java_client.AppiumDriver.findElement(AppiumDriver.java:1)
	at io.appium.java_client.android.AndroidDriver.findElement(AndroidDriver.java:1)
	at io.appium.java_client.FindsByAndroidUIAutomator.findElementByAndroidUIAutomator(FindsByAndroidUIAutomator.java:38)
	at BLU_J9L.Test9F_Int.FrontPictureCapture(Test9F_Int.java:126)
	at sun.reflect.NativeMethodAccessorImpl.invoke0(Native Method)
	at sun.reflect.NativeMethodAccessorImpl.invoke(NativeMethodAccessorImpl.java:62)
	at sun.reflect.DelegatingMethodAccessorImpl.invoke(DelegatingMethodAccessorImpl.java:43)
	at java.lang.reflect.Method.invoke(Method.java:498)
	at org.testng.internal.MethodInvocationHelper.invokeMethod(MethodInvocationHelper.java:80)
	at org.testng.internal.Invoker.invokeMethod(Invoker.java:673)
	at org.testng.internal.Invoker.invokeTestMethod(Invoker.java:842)
	at org.testng.internal.Invoker.invokeTestMethods(Invoker.java:1166)
	at org.testng.internal.TestMethodWorker.invokeTestMethods(TestMethodWorker.java:125)
	at org.testng.internal.TestMethodWorker.run(TestMethodWorker.java:109)
	at org.testng.TestRunner.runWorkers(TestRunner.java:1178)
	at org.testng.TestRunner.privateRun(TestRunner.java:757)
	at org.testng.TestRunner.run(TestRunner.java:608)
	at org.testng.SuiteRunner.runTest(SuiteRunner.java:334)
	at org.testng.SuiteRunner.runSequentially(SuiteRunner.java:329)
	at org.testng.SuiteRunner.privateRun(SuiteRunner.java:291)
	at org.testng.SuiteRunner.run(SuiteRunner.java:240)
	at org.testng.SuiteRunnerWorker.runSuite(SuiteRunnerWorker.java:52)
	at org.testng.SuiteRunnerWorker.run(SuiteRunnerWorker.java:86)
	at org.testng.TestNG.runSuitesSequentially(TestNG.java:1158)
	at org.testng.TestNG.runSuitesSequentially(TestNG.java:1154)
	at org.testng.TestNG.runSuitesLocally(TestNG.java:1083)
	at org.testng.TestNG.run(TestNG.java:999)
	at org.apache.maven.surefire.testng.TestNGExecutor.run(TestNGExecutor.java:284)
	at org.apache.maven.surefire.testng.TestNGXmlTestSuite.execute(TestNGXmlTestSuite.java:75)
	at org.apache.maven.surefire.testng.TestNGProvider.invoke(TestNGProvider.java:119)
	at org.apache.maven.surefire.booter.ForkedBooter.runSuitesInProcess(ForkedBooter.java:428)
	at org.apache.maven.surefire.booter.ForkedBooter.execute(ForkedBooter.java:162)
	at org.apache.maven.surefire.booter.ForkedBooter.run(ForkedBooter.java:562)
	at org.apache.maven.surefire.booter.ForkedBooter.main(ForkedBooter.java:548)
org.openqa.selenium.NoSuchElementException: An element could not be located on the page using the given search parameters.
For documentation on this error, please visit: https://www.seleniumhq.org/exceptions/no_such_element.html
Build info: version: '3.141.59', revision: 'e82be7d358', time: '2018-11-14T08:17:03'
System info: host: 'SD-APPS-201', ip: '10.65.147.20', os.name: 'Windows 10', os.arch: 'amd64', os.version: '10.0', java.version: '1.8.0_202'
Driver info: io.appium.java_client.android.AndroidDriver
Capabilities {automationName: UiAutomator2, databaseEnabled: false, desired: {automationName: UiAutomator2, deviceName: J9L, newCommandTimeout: 1200, platformName: android, platformVersion: 11, udid: 2040306021133362}, deviceApiLevel: 30, deviceManufacturer: BLU, deviceModel: J9L, deviceName: 2040306021133362, deviceScreenDensity: 240, deviceScreenSize: 480x960, deviceUDID: 2040306021133362, javascriptEnabled: true, locationContextEnabled: false, networkConnectionEnabled: true, newCommandTimeout: 1200, pixelRatio: 1.5, platform: LINUX, platformName: Android, platformVersion: 11, statBarHeight: 36, takesScreenshot: true, udid: 2040306021133362, viewportRect: {height: 852, left: 0, top: 36, width: 480}, warnings: {}, webStorageEnabled: false}
Session ID: 3bc8fe39-c290-493e-a564-f42d6bf8f449
*** Element info: {Using=xpath, value=//*[@resource-id='com.google.android.apps.nbu.files:id/agree_button']}
	at sun.reflect.GeneratedConstructorAccessor15.newInstance(Unknown Source)
	at sun.reflect.DelegatingConstructorAccessorImpl.newInstance(DelegatingConstructorAccessorImpl.java:45)
	at java.lang.reflect.Constructor.newInstance(Constructor.java:423)
	at org.openqa.selenium.remote.http.W3CHttpResponseCodec.createException(W3CHttpResponseCodec.java:187)
	at org.openqa.selenium.remote.http.W3CHttpResponseCodec.decode(W3CHttpResponseCodec.java:122)
	at org.openqa.selenium.remote.http.W3CHttpResponseCodec.decode(W3CHttpResponseCodec.java:49)
	at org.openqa.selenium.remote.HttpCommandExecutor.execute(HttpCommandExecutor.java:158)
	at io.appium.java_client.remote.AppiumCommandExecutor.execute(AppiumCommandExecutor.java:239)
	at org.openqa.selenium.remote.RemoteWebDriver.execute(RemoteWebDriver.java:552)
	at io.appium.java_client.DefaultGenericMobileDriver.execute(DefaultGenericMobileDriver.java:42)
	at io.appium.java_client.AppiumDriver.execute(AppiumDriver.java:1)
	at io.appium.java_client.android.AndroidDriver.execute(AndroidDriver.java:1)
	at org.openqa.selenium.remote.RemoteWebDriver.findElement(RemoteWebDriver.java:323)
	at io.appium.java_client.DefaultGenericMobileDriver.findElement(DefaultGenericMobileDriver.java:62)
	at io.appium.java_client.AppiumDriver.findElement(AppiumDriver.java:1)
	at io.appium.java_client.android.AndroidDriver.findElement(AndroidDriver.java:1)
	at org.openqa.selenium.remote.RemoteWebDriver.findElementByXPath(RemoteWebDriver.java:428)
	at io.appium.java_client.DefaultGenericMobileDriver.findElementByXPath(DefaultGenericMobileDriver.java:152)
	at io.appium.java_client.AppiumDriver.findElementByXPath(AppiumDriver.java:1)
	at io.appium.java_client.android.AndroidDriver.findElementByXPath(AndroidDriver.java:1)
	at org.openqa.selenium.By$ByXPath.findElement(By.java:353)
	at org.openqa.selenium.remote.RemoteWebDriver.findElement(RemoteWebDriver.java:315)
	at io.appium.java_client.DefaultGenericMobileDriver.findElement(DefaultGenericMobileDriver.java:58)
	at io.appium.java_client.AppiumDriver.findElement(AppiumDriver.java:1)
	at io.appium.java_client.android.AndroidDriver.findElement(AndroidDriver.java:1)
	at BLU_J9L.Test9F_Int.FrontPictureCapture(Test9F_Int.java:388)
	at sun.reflect.NativeMethodAccessorImpl.invoke0(Native Method)
	at sun.reflect.NativeMethodAccessorImpl.invoke(NativeMethodAccessorImpl.java:62)
	at sun.reflect.DelegatingMethodAccessorImpl.invoke(DelegatingMethodAccessorImpl.java:43)
	at java.lang.reflect.Method.invoke(Method.java:498)
	at org.testng.internal.MethodInvocationHelper.invokeMethod(MethodInvocationHelper.java:80)
	at org.testng.internal.Invoker.invokeMethod(Invoker.java:673)
	at org.testng.internal.Invoker.invokeTestMethod(Invoker.java:842)
	at org.testng.internal.Invoker.invokeTestMethods(Invoker.java:1166)
	at org.testng.internal.TestMethodWorker.invokeTestMethods(TestMethodWorker.java:125)
	at org.testng.internal.TestMethodWorker.run(TestMethodWorker.java:109)
	at org.testng.TestRunner.runWorkers(TestRunner.java:1178)
	at org.testng.TestRunner.privateRun(TestRunner.java:757)
	at org.testng.TestRunner.run(TestRunner.java:608)
	at org.testng.SuiteRunner.runTest(SuiteRunner.java:334)
	at org.testng.SuiteRunner.runSequentially(SuiteRunner.java:329)
	at org.testng.SuiteRunner.privateRun(SuiteRunner.java:291)
	at org.testng.SuiteRunner.run(SuiteRunner.java:240)
	at org.testng.SuiteRunnerWorker.runSuite(SuiteRunnerWorker.java:52)
	at org.testng.SuiteRunnerWorker.run(SuiteRunnerWorker.java:86)
	at org.testng.TestNG.runSuitesSequentially(TestNG.java:1158)
	at org.testng.TestNG.runSuitesSequentially(TestNG.java:1154)
	at org.testng.TestNG.runSuitesLocally(TestNG.java:1083)
	at org.testng.TestNG.run(TestNG.java:999)
	at org.apache.maven.surefire.testng.TestNGExecutor.run(TestNGExecutor.java:284)
	at org.apache.maven.surefire.testng.TestNGXmlTestSuite.execute(TestNGXmlTestSuite.java:75)
	at org.apache.maven.surefire.testng.TestNGProvider.invoke(TestNGProvider.java:119)
	at org.apache.maven.surefire.booter.ForkedBooter.runSuitesInProcess(ForkedBooter.java:428)
	at org.apache.maven.surefire.booter.ForkedBooter.execute(ForkedBooter.java:162)
	at org.apache.maven.surefire.booter.ForkedBooter.run(ForkedBooter.java:562)
	at org.apache.maven.surefire.booter.ForkedBooter.main(ForkedBooter.java:548)
org.openqa.selenium.NoSuchElementException: An element could not be located on the page using the given search parameters.
For documentation on this error, please visit: https://www.seleniumhq.org/exceptions/no_such_element.html
Build info: version: '3.141.59', revision: 'e82be7d358', time: '2018-11-14T08:17:03'
System info: host: 'SD-APPS-201', ip: '10.65.147.20', os.name: 'Windows 10', os.arch: 'amd64', os.version: '10.0', java.version: '1.8.0_202'
Driver info: io.appium.java_client.android.AndroidDriver
Capabilities {automationName: UiAutomator2, databaseEnabled: false, desired: {automationName: UiAutomator2, deviceName: J9L, newCommandTimeout: 1200, platformName: android, platformVersion: 11, udid: 2040306021133362}, deviceApiLevel: 30, deviceManufacturer: BLU, deviceModel: J9L, deviceName: 2040306021133362, deviceScreenDensity: 240, deviceScreenSize: 480x960, deviceUDID: 2040306021133362, javascriptEnabled: true, locationContextEnabled: false, networkConnectionEnabled: true, newCommandTimeout: 1200, pixelRatio: 1.5, platform: LINUX, platformName: Android, platformVersion: 11, statBarHeight: 36, takesScreenshot: true, udid: 2040306021133362, viewportRect: {height: 852, left: 0, top: 36, width: 480}, warnings: {}, webStorageEnabled: false}
Session ID: 3bc8fe39-c290-493e-a564-f42d6bf8f449
*** Element info: {Using=xpath, value=//*[@text='Raw']}
	at sun.reflect.GeneratedConstructorAccessor15.newInstance(Unknown Source)
	at sun.reflect.DelegatingConstructorAccessorImpl.newInstance(DelegatingConstructorAccessorImpl.java:45)
	at java.lang.reflect.Constructor.newInstance(Constructor.java:423)
	at org.openqa.selenium.remote.http.W3CHttpResponseCodec.createException(W3CHttpResponseCodec.java:187)
	at org.openqa.selenium.remote.http.W3CHttpResponseCodec.decode(W3CHttpResponseCodec.java:122)
	at org.openqa.selenium.remote.http.W3CHttpResponseCodec.decode(W3CHttpResponseCodec.java:49)
	at org.openqa.selenium.remote.HttpCommandExecutor.execute(HttpCommandExecutor.java:158)
	at io.appium.java_client.remote.AppiumCommandExecutor.execute(AppiumCommandExecutor.java:239)
	at org.openqa.selenium.remote.RemoteWebDriver.execute(RemoteWebDriver.java:552)
	at io.appium.java_client.DefaultGenericMobileDriver.execute(DefaultGenericMobileDriver.java:42)
	at io.appium.java_client.AppiumDriver.execute(AppiumDriver.java:1)
	at io.appium.java_client.android.AndroidDriver.execute(AndroidDriver.java:1)
	at org.openqa.selenium.remote.RemoteWebDriver.findElement(RemoteWebDriver.java:323)
	at io.appium.java_client.DefaultGenericMobileDriver.findElement(DefaultGenericMobileDriver.java:62)
	at io.appium.java_client.AppiumDriver.findElement(AppiumDriver.java:1)
	at io.appium.java_client.android.AndroidDriver.findElement(AndroidDriver.java:1)
	at org.openqa.selenium.remote.RemoteWebDriver.findElementByXPath(RemoteWebDriver.java:428)
	at io.appium.java_client.DefaultGenericMobileDriver.findElementByXPath(DefaultGenericMobileDriver.java:152)
	at io.appium.java_client.AppiumDriver.findElementByXPath(AppiumDriver.java:1)
	at io.appium.java_client.android.AndroidDriver.findElementByXPath(AndroidDriver.java:1)
	at org.openqa.selenium.By$ByXPath.findElement(By.java:353)
	at org.openqa.selenium.remote.RemoteWebDriver.findElement(RemoteWebDriver.java:315)
	at io.appium.java_client.DefaultGenericMobileDriver.findElement(DefaultGenericMobileDriver.java:58)
	at io.appium.java_client.AppiumDriver.findElement(AppiumDriver.java:1)
	at io.appium.java_client.android.AndroidDriver.findElement(AndroidDriver.java:1)
	at BLU_J9L.Test9F_Int.FrontPictureCapture(Test9F_Int.java:438)
	at sun.reflect.NativeMethodAccessorImpl.invoke0(Native Method)
	at sun.reflect.NativeMethodAccessorImpl.invoke(NativeMethodAccessorImpl.java:62)
	at sun.reflect.DelegatingMethodAccessorImpl.invoke(DelegatingMethodAccessorImpl.java:43)
	at java.lang.reflect.Method.invoke(Method.java:498)
	at org.testng.internal.MethodInvocationHelper.invokeMethod(MethodInvocationHelper.java:80)
	at org.testng.internal.Invoker.invokeMethod(Invoker.java:673)
	at org.testng.internal.Invoker.invokeTestMethod(Invoker.java:842)
	at org.testng.internal.Invoker.invokeTestMethods(Invoker.java:1166)
	at org.testng.internal.TestMethodWorker.invokeTestMethods(TestMethodWorker.java:125)
	at org.testng.internal.TestMethodWorker.run(TestMethodWorker.java:109)
	at org.testng.TestRunner.runWorkers(TestRunner.java:1178)
	at org.testng.TestRunner.privateRun(TestRunner.java:757)
	at org.testng.TestRunner.run(TestRunner.java:608)
	at org.testng.SuiteRunner.runTest(SuiteRunner.java:334)
	at org.testng.SuiteRunner.runSequentially(SuiteRunner.java:329)
	at org.testng.SuiteRunner.privateRun(SuiteRunner.java:291)
	at org.testng.SuiteRunner.run(SuiteRunner.java:240)
	at org.testng.SuiteRunnerWorker.runSuite(SuiteRunnerWorker.java:52)
	at org.testng.SuiteRunnerWorker.run(SuiteRunnerWorker.java:86)
	at org.testng.TestNG.runSuitesSequentially(TestNG.java:1158)
	at org.testng.TestNG.runSuitesSequentially(TestNG.java:1154)
	at org.testng.TestNG.runSuitesLocally(TestNG.java:1083)
	at org.testng.TestNG.run(TestNG.java:999)
	at org.apache.maven.surefire.testng.TestNGExecutor.run(TestNGExecutor.java:284)
	at org.apache.maven.surefire.testng.TestNGXmlTestSuite.execute(TestNGXmlTestSuite.java:75)
	at org.apache.maven.surefire.testng.TestNGProvider.invoke(TestNGProvider.java:119)
	at org.apache.maven.surefire.booter.ForkedBooter.runSuitesInProcess(ForkedBooter.java:428)
	at org.apache.maven.surefire.booter.ForkedBooter.execute(ForkedBooter.java:162)
	at org.apache.maven.surefire.booter.ForkedBooter.run(ForkedBooter.java:562)
	at org.apache.maven.surefire.booter.ForkedBooter.main(ForkedBooter.java:548)
org.openqa.selenium.NoSuchElementException: An element could not be located on the page using the given search parameters.
For documentation on this error, please visit: https://www.seleniumhq.org/exceptions/no_such_element.html
Build info: version: '3.141.59', revision: 'e82be7d358', time: '2018-11-14T08:17:03'
System info: host: 'SD-APPS-201', ip: '10.65.147.20', os.name: 'Windows 10', os.arch: 'amd64', os.version: '10.0', java.version: '1.8.0_202'
Driver info: io.appium.java_client.android.AndroidDriver
Capabilities {automationName: UiAutomator2, databaseEnabled: false, desired: {automationName: UiAutomator2, deviceName: J9L, newCommandTimeout: 1200, platformName: android, platformVersion: 11, udid: 2040306021133362}, deviceApiLevel: 30, deviceManufacturer: BLU, deviceModel: J9L, deviceName: 2040306021133362, deviceScreenDensity: 240, deviceScreenSize: 480x960, deviceUDID: 2040306021133362, javascriptEnabled: true, locationContextEnabled: false, networkConnectionEnabled: true, newCommandTimeout: 1200, pixelRatio: 1.5, platform: LINUX, platformName: Android, platformVersion: 11, statBarHeight: 36, takesScreenshot: true, udid: 2040306021133362, viewportRect: {height: 852, left: 0, top: 36, width: 480}, warnings: {}, webStorageEnabled: false}
Session ID: 3bc8fe39-c290-493e-a564-f42d6bf8f449
*** Element info: {Using=xpath, value=//*[@resource-id='com.google.android.apps.nbu.files:id/agree_button']}
	at sun.reflect.GeneratedConstructorAccessor15.newInstance(Unknown Source)
	at sun.reflect.DelegatingConstructorAccessorImpl.newInstance(DelegatingConstructorAccessorImpl.java:45)
	at java.lang.reflect.Constructor.newInstance(Constructor.java:423)
	at org.openqa.selenium.remote.http.W3CHttpResponseCodec.createException(W3CHttpResponseCodec.java:187)
	at org.openqa.selenium.remote.http.W3CHttpResponseCodec.decode(W3CHttpResponseCodec.java:122)
	at org.openqa.selenium.remote.http.W3CHttpResponseCodec.decode(W3CHttpResponseCodec.java:49)
	at org.openqa.selenium.remote.HttpCommandExecutor.execute(HttpCommandExecutor.java:158)
	at io.appium.java_client.remote.AppiumCommandExecutor.execute(AppiumCommandExecutor.java:239)
	at org.openqa.selenium.remote.RemoteWebDriver.execute(RemoteWebDriver.java:552)
	at io.appium.java_client.DefaultGenericMobileDriver.execute(DefaultGenericMobileDriver.java:42)
	at io.appium.java_client.AppiumDriver.execute(AppiumDriver.java:1)
	at io.appium.java_client.android.AndroidDriver.execute(AndroidDriver.java:1)
	at org.openqa.selenium.remote.RemoteWebDriver.findElement(RemoteWebDriver.java:323)
	at io.appium.java_client.DefaultGenericMobileDriver.findElement(DefaultGenericMobileDriver.java:62)
	at io.appium.java_client.AppiumDriver.findElement(AppiumDriver.java:1)
	at io.appium.java_client.android.AndroidDriver.findElement(AndroidDriver.java:1)
	at org.openqa.selenium.remote.RemoteWebDriver.findElementByXPath(RemoteWebDriver.java:428)
	at io.appium.java_client.DefaultGenericMobileDriver.findElementByXPath(DefaultGenericMobileDriver.java:152)
	at io.appium.java_client.AppiumDriver.findElementByXPath(AppiumDriver.java:1)
	at io.appium.java_client.android.AndroidDriver.findElementByXPath(AndroidDriver.java:1)
	at org.openqa.selenium.By$ByXPath.findElement(By.java:353)
	at org.openqa.selenium.remote.RemoteWebDriver.findElement(RemoteWebDriver.java:315)
	at io.appium.java_client.DefaultGenericMobileDriver.findElement(DefaultGenericMobileDriver.java:58)
	at io.appium.java_client.AppiumDriver.findElement(AppiumDriver.java:1)
	at io.appium.java_client.android.AndroidDriver.findElement(AndroidDriver.java:1)
	at BLU_J9L.Test9F_Int.DataMoveOperation(Test9F_Int.java:575)
	at BLU_J9L.Test9F_Int.FrontPictureCapture(Test9F_Int.java:518)
	at sun.reflect.NativeMethodAccessorImpl.invoke0(Native Method)
	at sun.reflect.NativeMethodAccessorImpl.invoke(NativeMethodAccessorImpl.java:62)
	at sun.reflect.DelegatingMethodAccessorImpl.invoke(DelegatingMethodAccessorImpl.java:43)
	at java.lang.reflect.Method.invoke(Method.java:498)
	at org.testng.internal.MethodInvocationHelper.invokeMethod(MethodInvocationHelper.java:80)
	at org.testng.internal.Invoker.invokeMethod(Invoker.java:673)
	at org.testng.internal.Invoker.invokeTestMethod(Invoker.java:842)
	at org.testng.internal.Invoker.invokeTestMethods(Invoker.java:1166)
	at org.testng.internal.TestMethodWorker.invokeTestMethods(TestMethodWorker.java:125)
	at org.testng.internal.TestMethodWorker.run(TestMethodWorker.java:109)
	at org.testng.TestRunner.runWorkers(TestRunner.java:1178)
	at org.testng.TestRunner.privateRun(TestRunner.java:757)
	at org.testng.TestRunner.run(TestRunner.java:608)
	at org.testng.SuiteRunner.runTest(SuiteRunner.java:334)
	at org.testng.SuiteRunner.runSequentially(SuiteRunner.java:329)
	at org.testng.SuiteRunner.privateRun(SuiteRunner.java:291)
	at org.testng.SuiteRunner.run(SuiteRunner.java:240)
	at org.testng.SuiteRunnerWorker.runSuite(SuiteRunnerWorker.java:52)
	at org.testng.SuiteRunnerWorker.run(SuiteRunnerWorker.java:86)
	at org.testng.TestNG.runSuitesSequentially(TestNG.java:1158)
	at org.testng.TestNG.runSuitesSequentially(TestNG.java:1154)
	at org.testng.TestNG.runSuitesLocally(TestNG.java:1083)
	at org.testng.TestNG.run(TestNG.java:999)
	at org.apache.maven.surefire.testng.TestNGExecutor.run(TestNGExecutor.java:284)
	at org.apache.maven.surefire.testng.TestNGXmlTestSuite.execute(TestNGXmlTestSuite.java:75)
	at org.apache.maven.surefire.testng.TestNGProvider.invoke(TestNGProvider.java:119)
	at org.apache.maven.surefire.booter.ForkedBooter.runSuitesInProcess(ForkedBooter.java:428)
	at org.apache.maven.surefire.booter.ForkedBooter.execute(ForkedBooter.java:162)
	at org.apache.maven.surefire.booter.ForkedBooter.run(ForkedBooter.java:562)
	at org.apache.maven.surefire.booter.ForkedBooter.main(ForkedBooter.java:548)
]]></system-err>
  </testcase>
</testsuite>