<?xml version="1.0" encoding="UTF-8"?>
<!-- Generated by org.testng.reporters.JUnitReportReporter -->
<testsuite hostname="BNPLYY2" name="Sony_Xperia_10II_XQ_AU52.Test10" tests="1" failures="0" timestamp="18 Oct 2022 11:17:52 GMT" time="1801.290" errors="0">
  <testcase name="rearVideoRec" time="1801.290" classname="Sony_Xperia_10II_XQ_AU52.Test10"/>
</testsuite>
