<?xml version="1.0" encoding="UTF-8"?>
<!-- Generated by org.testng.reporters.JUnitReportReporter -->
<testsuite hostname="RPG-USB-APPS-383" name="Vivo_iQoo_Z6_12127.Test18" tests="1" failures="0" timestamp="5 Jan 2023 08:57:34 GMT" time="279.893" errors="0">
  <testcase name="CopyPaste" time="279.893" classname="Vivo_iQoo_Z6_12127.Test18"/>
</testsuite>
