<?xml version="1.0" encoding="UTF-8"?>
<!-- Generated by org.testng.reporters.JUnitReportReporter -->
<testsuite hostname="BNPLYY2" name="Alldocube_K_Pad.Test3_Int" tests="1" failures="0" timestamp="23 Mar 2023 12:56:29 GMT" time="294.878" errors="0">
  <testcase name="Format" time="294.878" classname="Alldocube_K_Pad.Test3_Int"/>
</testsuite>
