<?xml version="1.0" encoding="UTF-8"?>
<!-- Generated by org.testng.reporters.JUnitReportReporter -->
<testsuite hostname="SD-APPS-090" name="Nokia_G21_TA1418.Test10F" tests="1" failures="0" timestamp="11 Jan 2023 08:08:29 GMT" time="1602.233" errors="0">
  <testcase name="frontVideoRec" time="1602.233" classname="Nokia_G21_TA1418.Test10F"/>
</testsuite>
