<?xml version="1.0" encoding="UTF-8"?>
<!-- Generated by org.testng.reporters.JUnitReportReporter -->
<testsuite hostname="SD-APPS-090" name="Nokia_G21_TA1418.Test9" tests="1" failures="0" timestamp="11 Jan 2023 08:08:29 GMT" time="1820.616" errors="0">
  <testcase name="RearPictureCapture" time="1820.616" classname="Nokia_G21_TA1418.Test9"/>
</testsuite>
