<?xml version="1.0" encoding="UTF-8"?>
<!-- Generated by org.testng.reporters.JUnitReportReporter -->
<testsuite hostname="SD-APPS-090" name="Motorola_Moto_G82_5G_XT22251.Test10" tests="1" failures="0" timestamp="2 Jan 2023 13:23:57 GMT" time="1630.530" errors="0">
  <testcase name="rearVideoRec" time="1630.530" classname="Motorola_Moto_G82_5G_XT22251.Test10"/>
</testsuite>
