<?xml version="1.0" encoding="UTF-8"?>
<!-- Generated by org.testng.reporters.JUnitReportReporter -->
<testsuite hostname="SD-APPS-090" name="Motorola_Moto_G82_5G_XT22251.Test9F" tests="1" failures="0" timestamp="2 Jan 2023 13:23:57 GMT" time="14796.067" errors="0">
  <testcase name="frontPictureCapture" time="14796.067" classname="Motorola_Moto_G82_5G_XT22251.Test9F"/>
</testsuite>
