<?xml version="1.0" encoding="UTF-8"?>
<!-- Generated by org.testng.reporters.JUnitReportReporter -->
<testsuite hostname="BNPLYY2" name="Xiaomi_RedmiNote10T_5G_M2103K191.Test9" tests="1" failures="0" timestamp="27 Oct 2022 12:40:51 GMT" time="676.152" errors="0">
  <testcase name="RearPictureCapture" time="676.152" classname="Xiaomi_RedmiNote10T_5G_M2103K191.Test9"/>
</testsuite>
