<?xml version="1.0" encoding="UTF-8"?>
<!-- Generated by org.testng.reporters.JUnitReportReporter -->
<testsuite hostname="SD-APPS-090" name="Motorola_Moto_G_Stylus_2022.Test8" tests="1" failures="0" timestamp="9 Jan 2023 12:38:38 GMT" time="213.127" errors="0">
  <testcase name="recordAudio" time="213.127" classname="Motorola_Moto_G_Stylus_2022.Test8"/>
</testsuite>
