<?xml version="1.0" encoding="UTF-8"?>
<!-- Generated by org.testng.reporters.JUnitReportReporter -->
<testsuite hostname="SD-APPS-090" name="Motorola_Moto_G_Stylus_2022.Test10F" tests="1" failures="0" timestamp="9 Jan 2023 12:38:38 GMT" time="2071.773" errors="0">
  <testcase name="frontVideoRec" time="2071.773" classname="Motorola_Moto_G_Stylus_2022.Test10F"/>
</testsuite>
