<?xml version="1.0" encoding="UTF-8"?>
<!-- Generated by org.testng.reporters.JUnitReportReporter -->
<testsuite hostname="BNPLYY2" name="BlackView_A50.Test10F_Int" tests="1" failures="0" timestamp="27 Jan 2023 13:13:27 GMT" time="984.766" errors="0">
  <testcase name="rearVideoRec" time="984.766" classname="BlackView_A50.Test10F_Int"/>
</testsuite>
