<?xml version="1.0" encoding="UTF-8"?>
<!-- Generated by org.testng.reporters.JUnitReportReporter -->
<testsuite hostname="SD-APPS-200" name="Infinix_Hot_12Pro_X668.Test9" tests="1" failures="0" timestamp="9 Jan 2023 15:43:16 GMT" time="1940.035" errors="0">
  <testcase name="RearPictureCapture" time="1940.035" classname="Infinix_Hot_12Pro_X668.Test9"/>
</testsuite>
