<?xml version="1.0" encoding="UTF-8"?>
<!-- Generated by org.testng.reporters.JUnitReportReporter -->
<testsuite hostname="SD-APPS-200" name="Infinix_Hot_12Pro_X668.Test8" tests="1" failures="0" timestamp="9 Jan 2023 15:43:16 GMT" time="202.611" errors="0">
  <testcase name="recordAudio" time="202.611" classname="Infinix_Hot_12Pro_X668.Test8"/>
</testsuite>
