<?xml version="1.0" encoding="UTF-8"?>
<!-- Generated by org.testng.reporters.JUnitReportReporter -->
<testsuite hostname="SD-APPS-090" name="Oppo_A92.Test0" tests="1" failures="0" timestamp="10 Jan 2023 09:31:21 GMT" time="1209.978" errors="0">
  <testcase name="start" time="1209.978" classname="Oppo_A92.Test0"/>
</testsuite>
