<?xml version="1.0" encoding="UTF-8"?>
<!-- Generated by org.testng.reporters.JUnitReportReporter -->
<testsuite hostname="SD-APPS-090" name="Oppo_A92.Test8" tests="1" failures="0" timestamp="10 Jan 2023 09:31:21 GMT" time="39.261" errors="0">
  <testcase name="recordAudio" time="39.261" classname="Oppo_A92.Test8"/>
</testsuite>
