<?xml version="1.0" encoding="UTF-8"?>
<!-- Generated by org.testng.reporters.JUnitReportReporter -->
<testsuite hostname="SD-APPS-090" name="Oppo_A92.Test10F" tests="1" failures="0" timestamp="10 Jan 2023 09:31:21 GMT" time="95.267" errors="0">
  <testcase name="frontVideoRec" time="95.267" classname="Oppo_A92.Test10F"/>
</testsuite>
