<?xml version="1.0" encoding="UTF-8"?>
<!-- Generated by org.testng.reporters.JUnitReportReporter -->
<testsuite hostname="FJVQ4M2" name="Xiaomi_Redmi_Note11.Test10F" tests="1" failures="0" timestamp="13 Oct 2022 11:25:04 GMT" time="740.155" errors="0">
  <testcase name="frontVideoRec" time="740.155" classname="Xiaomi_Redmi_Note11.Test10F"/>
</testsuite>
