<?xml version="1.0" encoding="UTF-8"?>
<!-- Generated by org.testng.reporters.JUnitReportReporter -->
<testsuite hostname="SD-APPS-090" name="Motorola_Moto_e32s_XT22292.Test10" tests="1" failures="0" timestamp="20 Dec 2022 16:52:50 GMT" time="2413.166" errors="0">
  <testcase name="rearVideoRec" time="2413.166" classname="Motorola_Moto_e32s_XT22292.Test10"/>
</testsuite>
