<?xml version="1.0" encoding="UTF-8"?>
<!-- Generated by org.testng.reporters.JUnitReportReporter -->
<testsuite hostname="SD-APPS-090" name="Lava_Agni_5G_LXX501.Test0_Int" tests="1" failures="0" timestamp="21 Mar 2023 16:51:28 GMT" time="1183.691" errors="0">
  <testcase name="start" time="1183.691" classname="Lava_Agni_5G_LXX501.Test0_Int"/>
</testsuite>
