<?xml version="1.0" encoding="UTF-8"?>
<!-- Generated by org.testng.reporters.JUnitReportReporter -->
<testsuite hostname="SD-APPS-090" name="Lava_Agni_5G_LXX501.Test18_Int" tests="1" failures="0" timestamp="21 Mar 2023 16:51:28 GMT" time="791.466" errors="0">
  <testcase name="CopyPaste" time="791.466" classname="Lava_Agni_5G_LXX501.Test18_Int"/>
</testsuite>
