<?xml version="1.0" encoding="UTF-8"?>
<!-- Generated by org.testng.reporters.JUnitReportReporter -->
<testsuite hostname="SD-APPS-200" name="Samsung_Galaxy_M33_5G_SMM336BUDS.Test10F" tests="1" failures="0" timestamp="13 Jan 2023 11:49:56 GMT" time="1634.740" errors="0">
  <testcase name="rearVideoRec" time="1634.740" classname="Samsung_Galaxy_M33_5G_SMM336BUDS.Test10F"/>
</testsuite>
