<?xml version="1.0" encoding="UTF-8"?>
<!-- Generated by org.testng.reporters.JUnitReportReporter -->
<testsuite hostname="SD-APPS-090" name="LG_G8s_ThinQ.Test8" tests="1" failures="0" timestamp="5 Jan 2023 17:30:28 GMT" time="553.890" errors="0">
  <testcase name="recordAudio" time="553.890" classname="LG_G8s_ThinQ.Test8"/>
</testsuite>
