<?xml version="1.0" encoding="UTF-8"?>
<!-- Generated by org.testng.reporters.JUnitReportReporter -->
<testsuite hostname="SD-APPS-090" name="LG_G8s_ThinQ.Test10F" tests="1" failures="0" timestamp="5 Jan 2023 17:30:28 GMT" time="2015.636" errors="0">
  <testcase name="frontVideoRec" time="2015.636" classname="LG_G8s_ThinQ.Test10F"/>
</testsuite>
