<?xml version="1.0" encoding="UTF-8"?>
<!-- Generated by org.testng.reporters.JUnitReportReporter -->
<testsuite hostname="SD-APPS-090" name="LG_G8s_ThinQ.Test18" tests="1" failures="0" timestamp="5 Jan 2023 17:30:28 GMT" time="950.143" errors="0">
  <testcase name="CopyPaste" time="950.143" classname="LG_G8s_ThinQ.Test18"/>
</testsuite>
