<?xml version="1.0" encoding="UTF-8"?>
<!-- Generated by org.testng.reporters.JUnitReportReporter -->
<testsuite hostname="SD-APPS-200" name="SamsungGalaxy_M02s.Test18" tests="1" failures="0" timestamp="11 Jan 2023 08:38:57 GMT" time="995.853" errors="0">
  <testcase name="CopyPaste" time="995.853" classname="SamsungGalaxy_M02s.Test18"/>
</testsuite>
