<?xml version="1.0" encoding="UTF-8"?>
<!-- Generated by org.testng.reporters.JUnitReportReporter -->
<testsuite hostname="BNPLYY2" name="Motorola_Moto_G22_XT22312.Test3" tests="1" failures="0" timestamp="21 Dec 2022 05:29:03 GMT" time="228.643" errors="0">
  <testcase name="Format" time="228.643" classname="Motorola_Moto_G22_XT22312.Test3"/>
</testsuite>
