<?xml version="1.0" encoding="UTF-8"?>
<!-- Generated by org.testng.reporters.JUnitReportReporter -->
<testsuite hostname="SD-APPS-090" name="Oppo_K9s_5G_Perm10.Test9" tests="1" failures="0" timestamp="10 Jan 2023 14:31:35 GMT" time="60.109" errors="0">
  <testcase name="RearPictureCapture" time="60.109" classname="Oppo_K9s_5G_Perm10.Test9"/>
</testsuite>
