<?xml version="1.0" encoding="UTF-8"?>
<!-- Generated by org.testng.reporters.JUnitReportReporter -->
<testsuite hostname="SD-APPS-090" name="Oppo_K9s_5G_Perm10.Test0" tests="1" failures="0" timestamp="10 Jan 2023 14:31:35 GMT" time="1167.912" errors="0">
  <testcase name="start" time="1167.912" classname="Oppo_K9s_5G_Perm10.Test0"/>
</testsuite>
