<?xml version="1.0" encoding="UTF-8"?>
<!-- Generated by org.testng.reporters.JUnitReportReporter -->
<testsuite hostname="SD-APPS-090" name="Blackview_A95.Test18_Int" tests="1" failures="0" timestamp="15 Feb 2023 08:23:17 GMT" time="779.032" errors="0">
  <testcase name="CopyPaste" time="779.032" classname="Blackview_A95.Test18_Int"/>
</testsuite>
