<?xml version="1.0" encoding="UTF-8"?>
<!-- Generated by org.testng.reporters.JUnitReportReporter -->
<testsuite hostname="SD-APPS-200" name="Samsung_Galaxy_M33_SMM336BVDS.Test10" tests="1" failures="0" timestamp="13 Jan 2023 11:16:10 GMT" time="2409.245" errors="0">
  <testcase name="rearVideoRec" time="2409.245" classname="Samsung_Galaxy_M33_SMM336BVDS.Test10"/>
</testsuite>
