<?xml version="1.0" encoding="UTF-8"?>
<!-- Generated by org.testng.reporters.JUnitReportReporter -->
<testsuite hostname="BNPLYY2" name="Blackview_Oscal_C20.Test3_Int" tests="1" failures="0" timestamp="22 Jan 2023 17:04:35 GMT" time="466.548" errors="0">
  <testcase name="Format" time="466.548" classname="Blackview_Oscal_C20.Test3_Int"/>
</testsuite>
