<?xml version="1.0" encoding="UTF-8"?>
<!-- Generated by org.testng.reporters.JUnitReportReporter -->
<testsuite hostname="SD-APPS-090" name="Samsung_Galaxy_S20_Ultra.Test9" tests="1" failures="0" timestamp="9 Nov 2022 11:17:20 GMT" time="998.065" errors="0">
  <testcase name="RearPictureCapture" time="998.065" classname="Samsung_Galaxy_S20_Ultra.Test9"/>
</testsuite>
