<?xml version="1.0" encoding="UTF-8"?>
<!-- Generated by org.testng.reporters.JUnitReportReporter -->
<testsuite hostname="SD-APPS-090" name="Samsung_Galaxy_S20_Ultra.Test3" tests="1" failures="0" timestamp="9 Nov 2022 11:17:20 GMT" time="246.888" errors="0">
  <testcase name="Format" time="246.888" classname="Samsung_Galaxy_S20_Ultra.Test3"/>
</testsuite>
