<?xml version="1.0" encoding="UTF-8"?>
<!-- Generated by org.testng.reporters.JUnitReportReporter -->
<testsuite hostname="SD-APPS-201" name="Realme_C25Y_RMX3265.Test9F" tests="1" failures="0" timestamp="30 Jan 2023 12:32:38 GMT" time="12084.269" errors="0">
  <testcase name="FrontPictureCapture" time="12084.269" classname="Realme_C25Y_RMX3265.Test9F"/>
</testsuite>
