<?xml version="1.0" encoding="UTF-8"?>
<!-- Generated by org.testng.reporters.JUnitReportReporter -->
<testsuite hostname="BNPLYY2" name="Xiaomi_Redmi10_Prime_2106111981.Test10" tests="1" failures="0" timestamp="11 Jan 2023 11:00:17 GMT" time="171.520" errors="0">
  <testcase name="rearVideoRec" time="171.520" classname="Xiaomi_Redmi10_Prime_2106111981.Test10"/>
</testsuite>
