<?xml version="1.0" encoding="UTF-8"?>
<!-- Generated by org.testng.reporters.JUnitReportReporter -->
<testsuite hostname="SD-APPS-090" name="Lava_Z3_LZG403.Test8_Int" tests="1" failures="0" timestamp="16 Mar 2023 15:38:20 GMT" time="526.990" errors="0">
  <testcase name="recordAudio" time="526.990" classname="Lava_Z3_LZG403.Test8_Int"/>
</testsuite>
