<?xml version="1.0" encoding="UTF-8"?>
<!-- Generated by org.testng.reporters.JUnitReportReporter -->
<testsuite hostname="SD-APPS-090" name="Lava_Z3_LZG403.Test3_Int" tests="1" failures="0" timestamp="16 Mar 2023 15:38:20 GMT" time="453.962" errors="0">
  <testcase name="Format" time="453.962" classname="Lava_Z3_LZG403.Test3_Int"/>
</testsuite>
