<?xml version="1.0" encoding="UTF-8"?>
<!-- Generated by org.testng.reporters.JUnitReportReporter -->
<testsuite hostname="BNPLYY2" name="Samsung_Galaxy_M51.Test9F" tests="1" failures="0" timestamp="16 Oct 2022 17:02:34 GMT" time="331.363" errors="0">
  <testcase name="frontPictureCapture" time="331.363" classname="Samsung_Galaxy_M51.Test9F"/>
</testsuite>
