<?xml version="1.0" encoding="UTF-8"?>
<!-- Generated by org.testng.reporters.JUnitReportReporter -->
<testsuite hostname="SD-APPS-090" name="Realme_8i_RMX3151.Test18" tests="1" failures="0" timestamp="12 Jan 2023 07:30:05 GMT" time="41.444" errors="0">
  <testcase name="CopyPaste" time="41.444" classname="Realme_8i_RMX3151.Test18"/>
</testsuite>
