<?xml version="1.0" encoding="UTF-8"?>
<!-- Generated by org.testng.reporters.JUnitReportReporter -->
<testsuite hostname="SD-APPS-090" name="Realme_8i_RMX3151.Test10F" tests="1" failures="0" timestamp="12 Jan 2023 07:30:05 GMT" time="1646.883" errors="0">
  <testcase name="frontVideoRec" time="1646.883" classname="Realme_8i_RMX3151.Test10F"/>
</testsuite>
